<?xml version="1.0" encoding="UTF-8"?>
<testsuite name="com.study.PostServiceTest" tests="1" skipped="0" failures="0" errors="0" timestamp="2023-04-12T03:42:06" hostname="DESKTOP-7SA440R" time="6.114">
  <properties/>
  <testcase name="saveByForeach()" classname="com.study.PostServiceTest" time="6.114"/>
  <system-out><![CDATA[12:41:59.566 [Test worker] DEBUG org.springframework.test.context.BootstrapUtils - Instantiating CacheAwareContextLoaderDelegate from class [org.springframework.test.context.cache.DefaultCacheAwareContextLoaderDelegate]
12:41:59.581 [Test worker] DEBUG org.springframework.test.context.BootstrapUtils - Instantiating BootstrapContext using constructor [public org.springframework.test.context.support.DefaultBootstrapContext(java.lang.Class,org.springframework.test.context.CacheAwareContextLoaderDelegate)]
12:41:59.627 [Test worker] DEBUG org.springframework.test.context.BootstrapUtils - Instantiating TestContextBootstrapper for test class [com.study.PostServiceTest] from class [org.springframework.boot.test.context.SpringBootTestContextBootstrapper]
12:41:59.640 [Test worker] INFO org.springframework.boot.test.context.SpringBootTestContextBootstrapper - Neither @ContextConfiguration nor @ContextHierarchy found for test class [com.study.PostServiceTest], using SpringBootContextLoader
12:41:59.645 [Test worker] DEBUG org.springframework.test.context.support.AbstractContextLoader - Did not detect default resource location for test class [com.study.PostServiceTest]: class path resource [com/study/PostServiceTest-context.xml] does not exist
12:41:59.647 [Test worker] DEBUG org.springframework.test.context.support.AbstractContextLoader - Did not detect default resource location for test class [com.study.PostServiceTest]: class path resource [com/study/PostServiceTestContext.groovy] does not exist
12:41:59.647 [Test worker] INFO org.springframework.test.context.support.AbstractContextLoader - Could not detect default resource locations for test class [com.study.PostServiceTest]: no resource found for suffixes {-context.xml, Context.groovy}.
12:41:59.648 [Test worker] INFO org.springframework.test.context.support.AnnotationConfigContextLoaderUtils - Could not detect default configuration classes for test class [com.study.PostServiceTest]: PostServiceTest does not declare any static, non-private, non-final, nested classes annotated with @Configuration.
12:41:59.708 [Test worker] DEBUG org.springframework.test.context.support.ActiveProfilesUtils - Could not find an 'annotation declaring class' for annotation type [org.springframework.test.context.ActiveProfiles] and class [com.study.PostServiceTest]
12:41:59.787 [Test worker] DEBUG org.springframework.context.annotation.ClassPathScanningCandidateComponentProvider - Identified candidate component class: file [C:\develop\workspace\Board\build\classes\java\main\com\study\BoardApplication.class]
12:41:59.789 [Test worker] INFO org.springframework.boot.test.context.SpringBootTestContextBootstrapper - Found @SpringBootConfiguration com.study.BoardApplication for test class com.study.PostServiceTest
12:41:59.986 [Test worker] DEBUG org.springframework.boot.test.context.SpringBootTestContextBootstrapper - @TestExecutionListeners is not present for class [com.study.PostServiceTest]: using defaults.
12:41:59.986 [Test worker] INFO org.springframework.boot.test.context.SpringBootTestContextBootstrapper - Loaded default TestExecutionListener class names from location [META-INF/spring.factories]: [org.springframework.boot.test.autoconfigure.restdocs.RestDocsTestExecutionListener, org.springframework.boot.test.autoconfigure.web.client.MockRestServiceServerResetTestExecutionListener, org.springframework.boot.test.autoconfigure.web.servlet.MockMvcPrintOnlyOnFailureTestExecutionListener, org.springframework.boot.test.autoconfigure.web.servlet.WebDriverTestExecutionListener, org.springframework.boot.test.autoconfigure.webservices.client.MockWebServiceServerTestExecutionListener, org.springframework.boot.test.mock.mockito.MockitoTestExecutionListener, org.springframework.boot.test.mock.mockito.ResetMocksTestExecutionListener, org.springframework.test.context.web.ServletTestExecutionListener, org.springframework.test.context.support.DirtiesContextBeforeModesTestExecutionListener, org.springframework.test.context.event.ApplicationEventsTestExecutionListener, org.springframework.test.context.support.DependencyInjectionTestExecutionListener, org.springframework.test.context.support.DirtiesContextTestExecutionListener, org.springframework.test.context.transaction.TransactionalTestExecutionListener, org.springframework.test.context.jdbc.SqlScriptsTestExecutionListener, org.springframework.test.context.event.EventPublishingTestExecutionListener]
12:42:00.007 [Test worker] INFO org.springframework.boot.test.context.SpringBootTestContextBootstrapper - Using TestExecutionListeners: [org.springframework.test.context.web.ServletTestExecutionListener@6b85300e, org.springframework.test.context.support.DirtiesContextBeforeModesTestExecutionListener@3aaf4f07, org.springframework.test.context.event.ApplicationEventsTestExecutionListener@5cbf9e9f, org.springframework.boot.test.mock.mockito.MockitoTestExecutionListener@18e8473e, org.springframework.boot.test.autoconfigure.SpringBootDependencyInjectionTestExecutionListener@5a2f016d, org.springframework.test.context.support.DirtiesContextTestExecutionListener@1a38ba58, org.springframework.test.context.transaction.TransactionalTestExecutionListener@3ad394e6, org.springframework.test.context.jdbc.SqlScriptsTestExecutionListener@6058e535, org.springframework.test.context.event.EventPublishingTestExecutionListener@42deb43a, org.springframework.boot.test.autoconfigure.restdocs.RestDocsTestExecutionListener@1deb2c43, org.springframework.boot.test.autoconfigure.web.client.MockRestServiceServerResetTestExecutionListener@3bb9efbc, org.springframework.boot.test.autoconfigure.web.servlet.MockMvcPrintOnlyOnFailureTestExecutionListener@1cefc4b3, org.springframework.boot.test.autoconfigure.web.servlet.WebDriverTestExecutionListener@2b27cc70, org.springframework.boot.test.autoconfigure.webservices.client.MockWebServiceServerTestExecutionListener@6f6a7463, org.springframework.boot.test.mock.mockito.ResetMocksTestExecutionListener@1bdaa23d]
12:42:00.011 [Test worker] DEBUG org.springframework.test.context.support.AbstractDirtiesContextTestExecutionListener - Before test class: context [DefaultTestContext@32c0915e testClass = PostServiceTest, testInstance = [null], testMethod = [null], testException = [null], mergedContextConfiguration = [WebMergedContextConfiguration@106faf11 testClass = PostServiceTest, locations = '{}', classes = '{class com.study.BoardApplication}', contextInitializerClasses = '[]', activeProfiles = '{}', propertySourceLocations = '{}', propertySourceProperties = '{org.springframework.boot.test.context.SpringBootTestContextBootstrapper=true}', contextCustomizers = set[org.springframework.boot.test.autoconfigure.actuate.metrics.MetricsExportContextCustomizerFactory$DisableMetricExportContextCustomizer@18230356, org.springframework.boot.test.autoconfigure.properties.PropertyMappingContextCustomizer@0, org.springframework.boot.test.autoconfigure.web.servlet.WebDriverContextCustomizerFactory$Customizer@12bcd0c0, org.springframework.boot.test.context.filter.ExcludeFilterContextCustomizer@4678a2eb, org.springframework.boot.test.json.DuplicateJsonObjectContextCustomizerFactory$DuplicateJsonObjectContextCustomizer@1fdfafd2, org.springframework.boot.test.mock.mockito.MockitoContextCustomizer@0, org.springframework.boot.test.web.client.TestRestTemplateContextCustomizer@66ce957f, org.springframework.boot.test.context.SpringBootTestArgs@1, org.springframework.boot.test.context.SpringBootTestWebEnvironment@48b67364], resourceBasePath = 'src/main/webapp', contextLoader = 'org.springframework.boot.test.context.SpringBootContextLoader', parent = [null]], attributes = map['org.springframework.test.context.web.ServletTestExecutionListener.activateListener' -> true]], class annotated with @DirtiesContext [false] with mode [null].
12:42:00,492 |-INFO in ch.qos.logback.core.joran.action.AppenderAction - About to instantiate appender of type [ch.qos.logback.core.ConsoleAppender]
12:42:00,493 |-INFO in ch.qos.logback.core.joran.action.AppenderAction - Naming appender as [console]
12:42:00,499 |-INFO in ch.qos.logback.core.joran.action.NestedComplexPropertyIA - Assuming default type [ch.qos.logback.classic.encoder.PatternLayoutEncoder] for [encoder] property
12:42:00,523 |-INFO in ch.qos.logback.core.joran.action.AppenderAction - About to instantiate appender of type [ch.qos.logback.core.ConsoleAppender]
12:42:00,524 |-INFO in ch.qos.logback.core.joran.action.AppenderAction - Naming appender as [console-infolog]
12:42:00,524 |-INFO in ch.qos.logback.core.joran.action.NestedComplexPropertyIA - Assuming default type [ch.qos.logback.classic.encoder.PatternLayoutEncoder] for [encoder] property
12:42:00,525 |-INFO in ch.qos.logback.classic.joran.action.LoggerAction - Setting level of logger [com.study] to DEBUG
12:42:00,525 |-INFO in ch.qos.logback.classic.jul.LevelChangePropagator@59532566 - Propagating DEBUG level on Logger[com.study] onto the JUL framework
12:42:00,526 |-INFO in ch.qos.logback.classic.joran.action.LoggerAction - Setting level of logger [jdbc.sqlonly] to INFO
12:42:00,527 |-INFO in ch.qos.logback.classic.jul.LevelChangePropagator@59532566 - Propagating INFO level on Logger[jdbc.sqlonly] onto the JUL framework
12:42:00,527 |-INFO in ch.qos.logback.classic.joran.action.LoggerAction - Setting level of logger [jdbc.resultsettable] to INFO
12:42:00,527 |-INFO in ch.qos.logback.classic.jul.LevelChangePropagator@59532566 - Propagating INFO level on Logger[jdbc.resultsettable] onto the JUL framework
12:42:00,528 |-INFO in ch.qos.logback.classic.joran.action.RootLoggerAction - Setting level of ROOT logger to OFF
12:42:00,528 |-INFO in ch.qos.logback.classic.jul.LevelChangePropagator@59532566 - Propagating OFF level on Logger[ROOT] onto the JUL framework
12:42:00,529 |-INFO in ch.qos.logback.core.joran.action.AppenderRefAction - Attaching appender named [console] to Logger[ROOT]
12:42:00,529 |-INFO in ch.qos.logback.classic.joran.action.ConfigurationAction - End of configuration.
12:42:00,529 |-INFO in org.springframework.boot.logging.logback.SpringBootJoranConfigurator@1d96d872 - Registering current configuration as safe fallback point

  .   ____          _            __ _ _
 /\\ / ___'_ __ _ _(_)_ __  __ _ \ \ \ \
( ( )\___ | '_ | '_| | '_ \/ _` | \ \ \ \
 \\/  ___)| |_)| | | | | || (_| |  ) ) ) )
  '  |____| .__|_| |_|_| |_\__, | / / / /
 =========|_|==============|___/=/_/_/_/
 :: Spring Boot ::                (v2.7.8)

2023-04-12 12:42:00,627  INFO [com.study.PostServiceTest] Starting PostServiceTest using Java 11.0.15 on DESKTOP-7SA440R with PID 8456 (started by congs in C:\develop\workspace\Board)
2023-04-12 12:42:00,628 DEBUG [com.study.PostServiceTest] Running with Spring Boot v2.7.8, Spring v5.3.25
2023-04-12 12:42:00,629  INFO [com.study.PostServiceTest] No active profile set, falling back to 1 default profile: "default"
2023-04-12 12:42:03,075  INFO [jdbc.sqlonly] SELECT NOW() FROM dual

2023-04-12 12:42:04,001  INFO [jdbc.sqlonly] SELECT NOW() FROM dual

2023-04-12 12:42:06,587  INFO [com.study.PostServiceTest] Started PostServiceTest in 6.529 seconds (JVM running for 8.514)
2023-04-12 12:42:07,016  INFO [jdbc.sqlonly] SELECT NOW() FROM dual

2023-04-12 12:42:07,027 DEBUG [com.study.aop.LoggerAspect] Service ===> com.study.domain.post.PostService.savePost()
2023-04-12 12:42:07,038 DEBUG [com.study.aop.LoggerAspect] Mapper ===> com.study.domain.post.PostMapper.save()
2023-04-12 12:42:07,063 DEBUG [com.study.domain.post.PostMapper.save] ==>  Preparing: INSERT INTO tb_post ( id , title , content , writer , view_cnt , notice_yn , delete_yn , created_date , modified_date ) VALUES ( ? , ? , ? , ? , 0 , ? , 0 , NOW() , NULL )
2023-04-12 12:42:07,095 DEBUG [com.study.domain.post.PostMapper.save] ==> Parameters: null, 1번 게시글 제목(String), 1번 게시글 내용(String), 테스터1(String), false(Boolean)
2023-04-12 12:42:07,095  INFO [jdbc.sqlonly] INSERT INTO tb_post (

          id
        , title
        , content
        , writer
        , view_cnt
        , notice_yn
        , delete_yn
        , created_date
        , modified_date

        ) VALUES (
              NULL
            , '1번 게시글 제목'
            , '1번 게시글 내용'
            , '테스터1'
            , 0
            , 0
            , 0
            , NOW()
            , NULL
        )

2023-04-12 12:42:07,127 DEBUG [com.study.domain.post.PostMapper.save] <==    Updates: 1
2023-04-12 12:42:07,142  INFO [jdbc.resultsettable] 
|----------|
|insert_id |
|----------|
|1         |
|----------|

2023-04-12 12:42:07,152 DEBUG [com.study.aop.LoggerAspect] Service ===> com.study.domain.post.PostService.savePost()
2023-04-12 12:42:07,152 DEBUG [com.study.aop.LoggerAspect] Mapper ===> com.study.domain.post.PostMapper.save()
2023-04-12 12:42:07,152 DEBUG [com.study.domain.post.PostMapper.save] ==>  Preparing: INSERT INTO tb_post ( id , title , content , writer , view_cnt , notice_yn , delete_yn , created_date , modified_date ) VALUES ( ? , ? , ? , ? , 0 , ? , 0 , NOW() , NULL )
2023-04-12 12:42:07,152 DEBUG [com.study.domain.post.PostMapper.save] ==> Parameters: null, 2번 게시글 제목(String), 2번 게시글 내용(String), 테스터2(String), false(Boolean)
2023-04-12 12:42:07,152  INFO [jdbc.sqlonly] INSERT INTO tb_post (

          id
        , title
        , content
        , writer
        , view_cnt
        , notice_yn
        , delete_yn
        , created_date
        , modified_date

        ) VALUES (
              NULL
            , '2번 게시글 제목'
            , '2번 게시글 내용'
            , '테스터2'
            , 0
            , 0
            , 0
            , NOW()
            , NULL
        )

2023-04-12 12:42:07,154 DEBUG [com.study.domain.post.PostMapper.save] <==    Updates: 1
2023-04-12 12:42:07,156  INFO [jdbc.resultsettable] 
|----------|
|insert_id |
|----------|
|2         |
|----------|

2023-04-12 12:42:07,173 DEBUG [com.study.aop.LoggerAspect] Service ===> com.study.domain.post.PostService.savePost()
2023-04-12 12:42:07,173 DEBUG [com.study.aop.LoggerAspect] Mapper ===> com.study.domain.post.PostMapper.save()
2023-04-12 12:42:07,173 DEBUG [com.study.domain.post.PostMapper.save] ==>  Preparing: INSERT INTO tb_post ( id , title , content , writer , view_cnt , notice_yn , delete_yn , created_date , modified_date ) VALUES ( ? , ? , ? , ? , 0 , ? , 0 , NOW() , NULL )
2023-04-12 12:42:07,173 DEBUG [com.study.domain.post.PostMapper.save] ==> Parameters: null, 3번 게시글 제목(String), 3번 게시글 내용(String), 테스터3(String), false(Boolean)
2023-04-12 12:42:07,174  INFO [jdbc.sqlonly] INSERT INTO tb_post (

          id
        , title
        , content
        , writer
        , view_cnt
        , notice_yn
        , delete_yn
        , created_date
        , modified_date

        ) VALUES (
              NULL
            , '3번 게시글 제목'
            , '3번 게시글 내용'
            , '테스터3'
            , 0
            , 0
            , 0
            , NOW()
            , NULL
        )

2023-04-12 12:42:07,176 DEBUG [com.study.domain.post.PostMapper.save] <==    Updates: 1
2023-04-12 12:42:07,177  INFO [jdbc.resultsettable] 
|----------|
|insert_id |
|----------|
|3         |
|----------|

2023-04-12 12:42:07,187 DEBUG [com.study.aop.LoggerAspect] Service ===> com.study.domain.post.PostService.savePost()
2023-04-12 12:42:07,187 DEBUG [com.study.aop.LoggerAspect] Mapper ===> com.study.domain.post.PostMapper.save()
2023-04-12 12:42:07,187 DEBUG [com.study.domain.post.PostMapper.save] ==>  Preparing: INSERT INTO tb_post ( id , title , content , writer , view_cnt , notice_yn , delete_yn , created_date , modified_date ) VALUES ( ? , ? , ? , ? , 0 , ? , 0 , NOW() , NULL )
2023-04-12 12:42:07,187 DEBUG [com.study.domain.post.PostMapper.save] ==> Parameters: null, 4번 게시글 제목(String), 4번 게시글 내용(String), 테스터4(String), false(Boolean)
2023-04-12 12:42:07,188  INFO [jdbc.sqlonly] INSERT INTO tb_post (

          id
        , title
        , content
        , writer
        , view_cnt
        , notice_yn
        , delete_yn
        , created_date
        , modified_date

        ) VALUES (
              NULL
            , '4번 게시글 제목'
            , '4번 게시글 내용'
            , '테스터4'
            , 0
            , 0
            , 0
            , NOW()
            , NULL
        )

2023-04-12 12:42:07,190 DEBUG [com.study.domain.post.PostMapper.save] <==    Updates: 1
2023-04-12 12:42:07,191  INFO [jdbc.resultsettable] 
|----------|
|insert_id |
|----------|
|4         |
|----------|

2023-04-12 12:42:07,197 DEBUG [com.study.aop.LoggerAspect] Service ===> com.study.domain.post.PostService.savePost()
2023-04-12 12:42:07,197 DEBUG [com.study.aop.LoggerAspect] Mapper ===> com.study.domain.post.PostMapper.save()
2023-04-12 12:42:07,198 DEBUG [com.study.domain.post.PostMapper.save] ==>  Preparing: INSERT INTO tb_post ( id , title , content , writer , view_cnt , notice_yn , delete_yn , created_date , modified_date ) VALUES ( ? , ? , ? , ? , 0 , ? , 0 , NOW() , NULL )
2023-04-12 12:42:07,198 DEBUG [com.study.domain.post.PostMapper.save] ==> Parameters: null, 5번 게시글 제목(String), 5번 게시글 내용(String), 테스터5(String), false(Boolean)
2023-04-12 12:42:07,199  INFO [jdbc.sqlonly] INSERT INTO tb_post (

          id
        , title
        , content
        , writer
        , view_cnt
        , notice_yn
        , delete_yn
        , created_date
        , modified_date

        ) VALUES (
              NULL
            , '5번 게시글 제목'
            , '5번 게시글 내용'
            , '테스터5'
            , 0
            , 0
            , 0
            , NOW()
            , NULL
        )

2023-04-12 12:42:07,202 DEBUG [com.study.domain.post.PostMapper.save] <==    Updates: 1
2023-04-12 12:42:07,204  INFO [jdbc.resultsettable] 
|----------|
|insert_id |
|----------|
|5         |
|----------|

2023-04-12 12:42:07,335 DEBUG [com.study.aop.LoggerAspect] Service ===> com.study.domain.post.PostService.savePost()
2023-04-12 12:42:07,337 DEBUG [com.study.aop.LoggerAspect] Mapper ===> com.study.domain.post.PostMapper.save()
2023-04-12 12:42:07,338 DEBUG [com.study.domain.post.PostMapper.save] ==>  Preparing: INSERT INTO tb_post ( id , title , content , writer , view_cnt , notice_yn , delete_yn , created_date , modified_date ) VALUES ( ? , ? , ? , ? , 0 , ? , 0 , NOW() , NULL )
2023-04-12 12:42:07,339 DEBUG [com.study.domain.post.PostMapper.save] ==> Parameters: null, 6번 게시글 제목(String), 6번 게시글 내용(String), 테스터6(String), false(Boolean)
2023-04-12 12:42:07,339  INFO [jdbc.sqlonly] INSERT INTO tb_post (

          id
        , title
        , content
        , writer
        , view_cnt
        , notice_yn
        , delete_yn
        , created_date
        , modified_date

        ) VALUES (
              NULL
            , '6번 게시글 제목'
            , '6번 게시글 내용'
            , '테스터6'
            , 0
            , 0
            , 0
            , NOW()
            , NULL
        )

2023-04-12 12:42:07,404 DEBUG [com.study.domain.post.PostMapper.save] <==    Updates: 1
2023-04-12 12:42:07,408  INFO [jdbc.resultsettable] 
|----------|
|insert_id |
|----------|
|6         |
|----------|

2023-04-12 12:42:07,451 DEBUG [com.study.aop.LoggerAspect] Service ===> com.study.domain.post.PostService.savePost()
2023-04-12 12:42:07,451 DEBUG [com.study.aop.LoggerAspect] Mapper ===> com.study.domain.post.PostMapper.save()
2023-04-12 12:42:07,451 DEBUG [com.study.domain.post.PostMapper.save] ==>  Preparing: INSERT INTO tb_post ( id , title , content , writer , view_cnt , notice_yn , delete_yn , created_date , modified_date ) VALUES ( ? , ? , ? , ? , 0 , ? , 0 , NOW() , NULL )
2023-04-12 12:42:07,452 DEBUG [com.study.domain.post.PostMapper.save] ==> Parameters: null, 7번 게시글 제목(String), 7번 게시글 내용(String), 테스터7(String), false(Boolean)
2023-04-12 12:42:07,452  INFO [jdbc.sqlonly] INSERT INTO tb_post (

          id
        , title
        , content
        , writer
        , view_cnt
        , notice_yn
        , delete_yn
        , created_date
        , modified_date

        ) VALUES (
              NULL
            , '7번 게시글 제목'
            , '7번 게시글 내용'
            , '테스터7'
            , 0
            , 0
            , 0
            , NOW()
            , NULL
        )

2023-04-12 12:42:07,458 DEBUG [com.study.domain.post.PostMapper.save] <==    Updates: 1
2023-04-12 12:42:07,459  INFO [jdbc.resultsettable] 
|----------|
|insert_id |
|----------|
|7         |
|----------|

2023-04-12 12:42:07,468 DEBUG [com.study.aop.LoggerAspect] Service ===> com.study.domain.post.PostService.savePost()
2023-04-12 12:42:07,469 DEBUG [com.study.aop.LoggerAspect] Mapper ===> com.study.domain.post.PostMapper.save()
2023-04-12 12:42:07,469 DEBUG [com.study.domain.post.PostMapper.save] ==>  Preparing: INSERT INTO tb_post ( id , title , content , writer , view_cnt , notice_yn , delete_yn , created_date , modified_date ) VALUES ( ? , ? , ? , ? , 0 , ? , 0 , NOW() , NULL )
2023-04-12 12:42:07,470 DEBUG [com.study.domain.post.PostMapper.save] ==> Parameters: null, 8번 게시글 제목(String), 8번 게시글 내용(String), 테스터8(String), false(Boolean)
2023-04-12 12:42:07,470  INFO [jdbc.sqlonly] INSERT INTO tb_post (

          id
        , title
        , content
        , writer
        , view_cnt
        , notice_yn
        , delete_yn
        , created_date
        , modified_date

        ) VALUES (
              NULL
            , '8번 게시글 제목'
            , '8번 게시글 내용'
            , '테스터8'
            , 0
            , 0
            , 0
            , NOW()
            , NULL
        )

2023-04-12 12:42:07,471 DEBUG [com.study.domain.post.PostMapper.save] <==    Updates: 1
2023-04-12 12:42:07,472  INFO [jdbc.resultsettable] 
|----------|
|insert_id |
|----------|
|8         |
|----------|

2023-04-12 12:42:07,477 DEBUG [com.study.aop.LoggerAspect] Service ===> com.study.domain.post.PostService.savePost()
2023-04-12 12:42:07,477 DEBUG [com.study.aop.LoggerAspect] Mapper ===> com.study.domain.post.PostMapper.save()
2023-04-12 12:42:07,477 DEBUG [com.study.domain.post.PostMapper.save] ==>  Preparing: INSERT INTO tb_post ( id , title , content , writer , view_cnt , notice_yn , delete_yn , created_date , modified_date ) VALUES ( ? , ? , ? , ? , 0 , ? , 0 , NOW() , NULL )
2023-04-12 12:42:07,478 DEBUG [com.study.domain.post.PostMapper.save] ==> Parameters: null, 9번 게시글 제목(String), 9번 게시글 내용(String), 테스터9(String), false(Boolean)
2023-04-12 12:42:07,478  INFO [jdbc.sqlonly] INSERT INTO tb_post (

          id
        , title
        , content
        , writer
        , view_cnt
        , notice_yn
        , delete_yn
        , created_date
        , modified_date

        ) VALUES (
              NULL
            , '9번 게시글 제목'
            , '9번 게시글 내용'
            , '테스터9'
            , 0
            , 0
            , 0
            , NOW()
            , NULL
        )

2023-04-12 12:42:07,483 DEBUG [com.study.domain.post.PostMapper.save] <==    Updates: 1
2023-04-12 12:42:07,484  INFO [jdbc.resultsettable] 
|----------|
|insert_id |
|----------|
|9         |
|----------|

2023-04-12 12:42:07,495 DEBUG [com.study.aop.LoggerAspect] Service ===> com.study.domain.post.PostService.savePost()
2023-04-12 12:42:07,495 DEBUG [com.study.aop.LoggerAspect] Mapper ===> com.study.domain.post.PostMapper.save()
2023-04-12 12:42:07,495 DEBUG [com.study.domain.post.PostMapper.save] ==>  Preparing: INSERT INTO tb_post ( id , title , content , writer , view_cnt , notice_yn , delete_yn , created_date , modified_date ) VALUES ( ? , ? , ? , ? , 0 , ? , 0 , NOW() , NULL )
2023-04-12 12:42:07,496 DEBUG [com.study.domain.post.PostMapper.save] ==> Parameters: null, 10번 게시글 제목(String), 10번 게시글 내용(String), 테스터10(String), false(Boolean)
2023-04-12 12:42:07,496  INFO [jdbc.sqlonly] INSERT INTO tb_post (

          id
        , title
        , content
        , writer
        , view_cnt
        , notice_yn
        , delete_yn
        , created_date
        , modified_date

        ) VALUES (
              NULL
            , '10번 게시글 제목'
            , '10번 게시글 내용'
            , '테스터10'
            , 0
            , 0
            , 0
            , NOW()
            , NULL
        )

2023-04-12 12:42:07,507 DEBUG [com.study.domain.post.PostMapper.save] <==    Updates: 1
2023-04-12 12:42:07,507  INFO [jdbc.resultsettable] 
|----------|
|insert_id |
|----------|
|10        |
|----------|

2023-04-12 12:42:07,512 DEBUG [com.study.aop.LoggerAspect] Service ===> com.study.domain.post.PostService.savePost()
2023-04-12 12:42:07,512 DEBUG [com.study.aop.LoggerAspect] Mapper ===> com.study.domain.post.PostMapper.save()
2023-04-12 12:42:07,512 DEBUG [com.study.domain.post.PostMapper.save] ==>  Preparing: INSERT INTO tb_post ( id , title , content , writer , view_cnt , notice_yn , delete_yn , created_date , modified_date ) VALUES ( ? , ? , ? , ? , 0 , ? , 0 , NOW() , NULL )
2023-04-12 12:42:07,512 DEBUG [com.study.domain.post.PostMapper.save] ==> Parameters: null, 11번 게시글 제목(String), 11번 게시글 내용(String), 테스터11(String), false(Boolean)
2023-04-12 12:42:07,512  INFO [jdbc.sqlonly] INSERT INTO tb_post (

          id
        , title
        , content
        , writer
        , view_cnt
        , notice_yn
        , delete_yn
        , created_date
        , modified_date

        ) VALUES (
              NULL
            , '11번 게시글 제목'
            , '11번 게시글 내용'
            , '테스터11'
            , 0
            , 0
            , 0
            , NOW()
            , NULL
        )

2023-04-12 12:42:07,513 DEBUG [com.study.domain.post.PostMapper.save] <==    Updates: 1
2023-04-12 12:42:07,514  INFO [jdbc.resultsettable] 
|----------|
|insert_id |
|----------|
|11        |
|----------|

2023-04-12 12:42:07,516 DEBUG [com.study.aop.LoggerAspect] Service ===> com.study.domain.post.PostService.savePost()
2023-04-12 12:42:07,516 DEBUG [com.study.aop.LoggerAspect] Mapper ===> com.study.domain.post.PostMapper.save()
2023-04-12 12:42:07,517 DEBUG [com.study.domain.post.PostMapper.save] ==>  Preparing: INSERT INTO tb_post ( id , title , content , writer , view_cnt , notice_yn , delete_yn , created_date , modified_date ) VALUES ( ? , ? , ? , ? , 0 , ? , 0 , NOW() , NULL )
2023-04-12 12:42:07,517 DEBUG [com.study.domain.post.PostMapper.save] ==> Parameters: null, 12번 게시글 제목(String), 12번 게시글 내용(String), 테스터12(String), false(Boolean)
2023-04-12 12:42:07,517  INFO [jdbc.sqlonly] INSERT INTO tb_post (

          id
        , title
        , content
        , writer
        , view_cnt
        , notice_yn
        , delete_yn
        , created_date
        , modified_date

        ) VALUES (
              NULL
            , '12번 게시글 제목'
            , '12번 게시글 내용'
            , '테스터12'
            , 0
            , 0
            , 0
            , NOW()
            , NULL
        )

2023-04-12 12:42:07,518 DEBUG [com.study.domain.post.PostMapper.save] <==    Updates: 1
2023-04-12 12:42:07,519  INFO [jdbc.resultsettable] 
|----------|
|insert_id |
|----------|
|12        |
|----------|

2023-04-12 12:42:07,525 DEBUG [com.study.aop.LoggerAspect] Service ===> com.study.domain.post.PostService.savePost()
2023-04-12 12:42:07,525 DEBUG [com.study.aop.LoggerAspect] Mapper ===> com.study.domain.post.PostMapper.save()
2023-04-12 12:42:07,525 DEBUG [com.study.domain.post.PostMapper.save] ==>  Preparing: INSERT INTO tb_post ( id , title , content , writer , view_cnt , notice_yn , delete_yn , created_date , modified_date ) VALUES ( ? , ? , ? , ? , 0 , ? , 0 , NOW() , NULL )
2023-04-12 12:42:07,525 DEBUG [com.study.domain.post.PostMapper.save] ==> Parameters: null, 13번 게시글 제목(String), 13번 게시글 내용(String), 테스터13(String), false(Boolean)
2023-04-12 12:42:07,525  INFO [jdbc.sqlonly] INSERT INTO tb_post (

          id
        , title
        , content
        , writer
        , view_cnt
        , notice_yn
        , delete_yn
        , created_date
        , modified_date

        ) VALUES (
              NULL
            , '13번 게시글 제목'
            , '13번 게시글 내용'
            , '테스터13'
            , 0
            , 0
            , 0
            , NOW()
            , NULL
        )

2023-04-12 12:42:07,528 DEBUG [com.study.domain.post.PostMapper.save] <==    Updates: 1
2023-04-12 12:42:07,529  INFO [jdbc.resultsettable] 
|----------|
|insert_id |
|----------|
|13        |
|----------|

2023-04-12 12:42:07,531 DEBUG [com.study.aop.LoggerAspect] Service ===> com.study.domain.post.PostService.savePost()
2023-04-12 12:42:07,531 DEBUG [com.study.aop.LoggerAspect] Mapper ===> com.study.domain.post.PostMapper.save()
2023-04-12 12:42:07,532 DEBUG [com.study.domain.post.PostMapper.save] ==>  Preparing: INSERT INTO tb_post ( id , title , content , writer , view_cnt , notice_yn , delete_yn , created_date , modified_date ) VALUES ( ? , ? , ? , ? , 0 , ? , 0 , NOW() , NULL )
2023-04-12 12:42:07,532 DEBUG [com.study.domain.post.PostMapper.save] ==> Parameters: null, 14번 게시글 제목(String), 14번 게시글 내용(String), 테스터14(String), false(Boolean)
2023-04-12 12:42:07,533  INFO [jdbc.sqlonly] INSERT INTO tb_post (

          id
        , title
        , content
        , writer
        , view_cnt
        , notice_yn
        , delete_yn
        , created_date
        , modified_date

        ) VALUES (
              NULL
            , '14번 게시글 제목'
            , '14번 게시글 내용'
            , '테스터14'
            , 0
            , 0
            , 0
            , NOW()
            , NULL
        )

2023-04-12 12:42:07,542 DEBUG [com.study.domain.post.PostMapper.save] <==    Updates: 1
2023-04-12 12:42:07,543  INFO [jdbc.resultsettable] 
|----------|
|insert_id |
|----------|
|14        |
|----------|

2023-04-12 12:42:07,551 DEBUG [com.study.aop.LoggerAspect] Service ===> com.study.domain.post.PostService.savePost()
2023-04-12 12:42:07,552 DEBUG [com.study.aop.LoggerAspect] Mapper ===> com.study.domain.post.PostMapper.save()
2023-04-12 12:42:07,552 DEBUG [com.study.domain.post.PostMapper.save] ==>  Preparing: INSERT INTO tb_post ( id , title , content , writer , view_cnt , notice_yn , delete_yn , created_date , modified_date ) VALUES ( ? , ? , ? , ? , 0 , ? , 0 , NOW() , NULL )
2023-04-12 12:42:07,553 DEBUG [com.study.domain.post.PostMapper.save] ==> Parameters: null, 15번 게시글 제목(String), 15번 게시글 내용(String), 테스터15(String), false(Boolean)
2023-04-12 12:42:07,553  INFO [jdbc.sqlonly] INSERT INTO tb_post (

          id
        , title
        , content
        , writer
        , view_cnt
        , notice_yn
        , delete_yn
        , created_date
        , modified_date

        ) VALUES (
              NULL
            , '15번 게시글 제목'
            , '15번 게시글 내용'
            , '테스터15'
            , 0
            , 0
            , 0
            , NOW()
            , NULL
        )

2023-04-12 12:42:07,563 DEBUG [com.study.domain.post.PostMapper.save] <==    Updates: 1
2023-04-12 12:42:07,564  INFO [jdbc.resultsettable] 
|----------|
|insert_id |
|----------|
|15        |
|----------|

2023-04-12 12:42:07,575 DEBUG [com.study.aop.LoggerAspect] Service ===> com.study.domain.post.PostService.savePost()
2023-04-12 12:42:07,575 DEBUG [com.study.aop.LoggerAspect] Mapper ===> com.study.domain.post.PostMapper.save()
2023-04-12 12:42:07,576 DEBUG [com.study.domain.post.PostMapper.save] ==>  Preparing: INSERT INTO tb_post ( id , title , content , writer , view_cnt , notice_yn , delete_yn , created_date , modified_date ) VALUES ( ? , ? , ? , ? , 0 , ? , 0 , NOW() , NULL )
2023-04-12 12:42:07,578 DEBUG [com.study.domain.post.PostMapper.save] ==> Parameters: null, 16번 게시글 제목(String), 16번 게시글 내용(String), 테스터16(String), false(Boolean)
2023-04-12 12:42:07,578  INFO [jdbc.sqlonly] INSERT INTO tb_post (

          id
        , title
        , content
        , writer
        , view_cnt
        , notice_yn
        , delete_yn
        , created_date
        , modified_date

        ) VALUES (
              NULL
            , '16번 게시글 제목'
            , '16번 게시글 내용'
            , '테스터16'
            , 0
            , 0
            , 0
            , NOW()
            , NULL
        )

2023-04-12 12:42:07,581 DEBUG [com.study.domain.post.PostMapper.save] <==    Updates: 1
2023-04-12 12:42:07,583  INFO [jdbc.resultsettable] 
|----------|
|insert_id |
|----------|
|16        |
|----------|

2023-04-12 12:42:07,666 DEBUG [com.study.aop.LoggerAspect] Service ===> com.study.domain.post.PostService.savePost()
2023-04-12 12:42:07,666 DEBUG [com.study.aop.LoggerAspect] Mapper ===> com.study.domain.post.PostMapper.save()
2023-04-12 12:42:07,666 DEBUG [com.study.domain.post.PostMapper.save] ==>  Preparing: INSERT INTO tb_post ( id , title , content , writer , view_cnt , notice_yn , delete_yn , created_date , modified_date ) VALUES ( ? , ? , ? , ? , 0 , ? , 0 , NOW() , NULL )
2023-04-12 12:42:07,667 DEBUG [com.study.domain.post.PostMapper.save] ==> Parameters: null, 17번 게시글 제목(String), 17번 게시글 내용(String), 테스터17(String), false(Boolean)
2023-04-12 12:42:07,667  INFO [jdbc.sqlonly] INSERT INTO tb_post (

          id
        , title
        , content
        , writer
        , view_cnt
        , notice_yn
        , delete_yn
        , created_date
        , modified_date

        ) VALUES (
              NULL
            , '17번 게시글 제목'
            , '17번 게시글 내용'
            , '테스터17'
            , 0
            , 0
            , 0
            , NOW()
            , NULL
        )

2023-04-12 12:42:07,668 DEBUG [com.study.domain.post.PostMapper.save] <==    Updates: 1
2023-04-12 12:42:07,669  INFO [jdbc.resultsettable] 
|----------|
|insert_id |
|----------|
|17        |
|----------|

2023-04-12 12:42:07,678 DEBUG [com.study.aop.LoggerAspect] Service ===> com.study.domain.post.PostService.savePost()
2023-04-12 12:42:07,678 DEBUG [com.study.aop.LoggerAspect] Mapper ===> com.study.domain.post.PostMapper.save()
2023-04-12 12:42:07,679 DEBUG [com.study.domain.post.PostMapper.save] ==>  Preparing: INSERT INTO tb_post ( id , title , content , writer , view_cnt , notice_yn , delete_yn , created_date , modified_date ) VALUES ( ? , ? , ? , ? , 0 , ? , 0 , NOW() , NULL )
2023-04-12 12:42:07,679 DEBUG [com.study.domain.post.PostMapper.save] ==> Parameters: null, 18번 게시글 제목(String), 18번 게시글 내용(String), 테스터18(String), false(Boolean)
2023-04-12 12:42:07,679  INFO [jdbc.sqlonly] INSERT INTO tb_post (

          id
        , title
        , content
        , writer
        , view_cnt
        , notice_yn
        , delete_yn
        , created_date
        , modified_date

        ) VALUES (
              NULL
            , '18번 게시글 제목'
            , '18번 게시글 내용'
            , '테스터18'
            , 0
            , 0
            , 0
            , NOW()
            , NULL
        )

2023-04-12 12:42:07,680 DEBUG [com.study.domain.post.PostMapper.save] <==    Updates: 1
2023-04-12 12:42:07,681  INFO [jdbc.resultsettable] 
|----------|
|insert_id |
|----------|
|18        |
|----------|

2023-04-12 12:42:07,797 DEBUG [com.study.aop.LoggerAspect] Service ===> com.study.domain.post.PostService.savePost()
2023-04-12 12:42:07,797 DEBUG [com.study.aop.LoggerAspect] Mapper ===> com.study.domain.post.PostMapper.save()
2023-04-12 12:42:07,797 DEBUG [com.study.domain.post.PostMapper.save] ==>  Preparing: INSERT INTO tb_post ( id , title , content , writer , view_cnt , notice_yn , delete_yn , created_date , modified_date ) VALUES ( ? , ? , ? , ? , 0 , ? , 0 , NOW() , NULL )
2023-04-12 12:42:07,797 DEBUG [com.study.domain.post.PostMapper.save] ==> Parameters: null, 19번 게시글 제목(String), 19번 게시글 내용(String), 테스터19(String), false(Boolean)
2023-04-12 12:42:07,797  INFO [jdbc.sqlonly] INSERT INTO tb_post (

          id
        , title
        , content
        , writer
        , view_cnt
        , notice_yn
        , delete_yn
        , created_date
        , modified_date

        ) VALUES (
              NULL
            , '19번 게시글 제목'
            , '19번 게시글 내용'
            , '테스터19'
            , 0
            , 0
            , 0
            , NOW()
            , NULL
        )

2023-04-12 12:42:07,847 DEBUG [com.study.domain.post.PostMapper.save] <==    Updates: 1
2023-04-12 12:42:07,848  INFO [jdbc.resultsettable] 
|----------|
|insert_id |
|----------|
|19        |
|----------|

2023-04-12 12:42:07,860 DEBUG [com.study.aop.LoggerAspect] Service ===> com.study.domain.post.PostService.savePost()
2023-04-12 12:42:07,860 DEBUG [com.study.aop.LoggerAspect] Mapper ===> com.study.domain.post.PostMapper.save()
2023-04-12 12:42:07,860 DEBUG [com.study.domain.post.PostMapper.save] ==>  Preparing: INSERT INTO tb_post ( id , title , content , writer , view_cnt , notice_yn , delete_yn , created_date , modified_date ) VALUES ( ? , ? , ? , ? , 0 , ? , 0 , NOW() , NULL )
2023-04-12 12:42:07,861 DEBUG [com.study.domain.post.PostMapper.save] ==> Parameters: null, 20번 게시글 제목(String), 20번 게시글 내용(String), 테스터20(String), false(Boolean)
2023-04-12 12:42:07,861  INFO [jdbc.sqlonly] INSERT INTO tb_post (

          id
        , title
        , content
        , writer
        , view_cnt
        , notice_yn
        , delete_yn
        , created_date
        , modified_date

        ) VALUES (
              NULL
            , '20번 게시글 제목'
            , '20번 게시글 내용'
            , '테스터20'
            , 0
            , 0
            , 0
            , NOW()
            , NULL
        )

2023-04-12 12:42:07,862 DEBUG [com.study.domain.post.PostMapper.save] <==    Updates: 1
2023-04-12 12:42:07,862  INFO [jdbc.resultsettable] 
|----------|
|insert_id |
|----------|
|20        |
|----------|

2023-04-12 12:42:07,873 DEBUG [com.study.aop.LoggerAspect] Service ===> com.study.domain.post.PostService.savePost()
2023-04-12 12:42:07,873 DEBUG [com.study.aop.LoggerAspect] Mapper ===> com.study.domain.post.PostMapper.save()
2023-04-12 12:42:07,874 DEBUG [com.study.domain.post.PostMapper.save] ==>  Preparing: INSERT INTO tb_post ( id , title , content , writer , view_cnt , notice_yn , delete_yn , created_date , modified_date ) VALUES ( ? , ? , ? , ? , 0 , ? , 0 , NOW() , NULL )
2023-04-12 12:42:07,874 DEBUG [com.study.domain.post.PostMapper.save] ==> Parameters: null, 21번 게시글 제목(String), 21번 게시글 내용(String), 테스터21(String), false(Boolean)
2023-04-12 12:42:07,874  INFO [jdbc.sqlonly] INSERT INTO tb_post (

          id
        , title
        , content
        , writer
        , view_cnt
        , notice_yn
        , delete_yn
        , created_date
        , modified_date

        ) VALUES (
              NULL
            , '21번 게시글 제목'
            , '21번 게시글 내용'
            , '테스터21'
            , 0
            , 0
            , 0
            , NOW()
            , NULL
        )

2023-04-12 12:42:07,875 DEBUG [com.study.domain.post.PostMapper.save] <==    Updates: 1
2023-04-12 12:42:07,876  INFO [jdbc.resultsettable] 
|----------|
|insert_id |
|----------|
|21        |
|----------|

2023-04-12 12:42:07,880 DEBUG [com.study.aop.LoggerAspect] Service ===> com.study.domain.post.PostService.savePost()
2023-04-12 12:42:07,880 DEBUG [com.study.aop.LoggerAspect] Mapper ===> com.study.domain.post.PostMapper.save()
2023-04-12 12:42:07,880 DEBUG [com.study.domain.post.PostMapper.save] ==>  Preparing: INSERT INTO tb_post ( id , title , content , writer , view_cnt , notice_yn , delete_yn , created_date , modified_date ) VALUES ( ? , ? , ? , ? , 0 , ? , 0 , NOW() , NULL )
2023-04-12 12:42:07,880 DEBUG [com.study.domain.post.PostMapper.save] ==> Parameters: null, 22번 게시글 제목(String), 22번 게시글 내용(String), 테스터22(String), false(Boolean)
2023-04-12 12:42:07,880  INFO [jdbc.sqlonly] INSERT INTO tb_post (

          id
        , title
        , content
        , writer
        , view_cnt
        , notice_yn
        , delete_yn
        , created_date
        , modified_date

        ) VALUES (
              NULL
            , '22번 게시글 제목'
            , '22번 게시글 내용'
            , '테스터22'
            , 0
            , 0
            , 0
            , NOW()
            , NULL
        )

2023-04-12 12:42:07,885 DEBUG [com.study.domain.post.PostMapper.save] <==    Updates: 1
2023-04-12 12:42:07,886  INFO [jdbc.resultsettable] 
|----------|
|insert_id |
|----------|
|22        |
|----------|

2023-04-12 12:42:07,896 DEBUG [com.study.aop.LoggerAspect] Service ===> com.study.domain.post.PostService.savePost()
2023-04-12 12:42:07,897 DEBUG [com.study.aop.LoggerAspect] Mapper ===> com.study.domain.post.PostMapper.save()
2023-04-12 12:42:07,897 DEBUG [com.study.domain.post.PostMapper.save] ==>  Preparing: INSERT INTO tb_post ( id , title , content , writer , view_cnt , notice_yn , delete_yn , created_date , modified_date ) VALUES ( ? , ? , ? , ? , 0 , ? , 0 , NOW() , NULL )
2023-04-12 12:42:07,898 DEBUG [com.study.domain.post.PostMapper.save] ==> Parameters: null, 23번 게시글 제목(String), 23번 게시글 내용(String), 테스터23(String), false(Boolean)
2023-04-12 12:42:07,898  INFO [jdbc.sqlonly] INSERT INTO tb_post (

          id
        , title
        , content
        , writer
        , view_cnt
        , notice_yn
        , delete_yn
        , created_date
        , modified_date

        ) VALUES (
              NULL
            , '23번 게시글 제목'
            , '23번 게시글 내용'
            , '테스터23'
            , 0
            , 0
            , 0
            , NOW()
            , NULL
        )

2023-04-12 12:42:07,900 DEBUG [com.study.domain.post.PostMapper.save] <==    Updates: 1
2023-04-12 12:42:07,901  INFO [jdbc.resultsettable] 
|----------|
|insert_id |
|----------|
|23        |
|----------|

2023-04-12 12:42:07,908 DEBUG [com.study.aop.LoggerAspect] Service ===> com.study.domain.post.PostService.savePost()
2023-04-12 12:42:07,909 DEBUG [com.study.aop.LoggerAspect] Mapper ===> com.study.domain.post.PostMapper.save()
2023-04-12 12:42:07,909 DEBUG [com.study.domain.post.PostMapper.save] ==>  Preparing: INSERT INTO tb_post ( id , title , content , writer , view_cnt , notice_yn , delete_yn , created_date , modified_date ) VALUES ( ? , ? , ? , ? , 0 , ? , 0 , NOW() , NULL )
2023-04-12 12:42:07,909 DEBUG [com.study.domain.post.PostMapper.save] ==> Parameters: null, 24번 게시글 제목(String), 24번 게시글 내용(String), 테스터24(String), false(Boolean)
2023-04-12 12:42:07,909  INFO [jdbc.sqlonly] INSERT INTO tb_post (

          id
        , title
        , content
        , writer
        , view_cnt
        , notice_yn
        , delete_yn
        , created_date
        , modified_date

        ) VALUES (
              NULL
            , '24번 게시글 제목'
            , '24번 게시글 내용'
            , '테스터24'
            , 0
            , 0
            , 0
            , NOW()
            , NULL
        )

2023-04-12 12:42:07,910 DEBUG [com.study.domain.post.PostMapper.save] <==    Updates: 1
2023-04-12 12:42:07,911  INFO [jdbc.resultsettable] 
|----------|
|insert_id |
|----------|
|24        |
|----------|

2023-04-12 12:42:07,914 DEBUG [com.study.aop.LoggerAspect] Service ===> com.study.domain.post.PostService.savePost()
2023-04-12 12:42:07,915 DEBUG [com.study.aop.LoggerAspect] Mapper ===> com.study.domain.post.PostMapper.save()
2023-04-12 12:42:07,915 DEBUG [com.study.domain.post.PostMapper.save] ==>  Preparing: INSERT INTO tb_post ( id , title , content , writer , view_cnt , notice_yn , delete_yn , created_date , modified_date ) VALUES ( ? , ? , ? , ? , 0 , ? , 0 , NOW() , NULL )
2023-04-12 12:42:07,915 DEBUG [com.study.domain.post.PostMapper.save] ==> Parameters: null, 25번 게시글 제목(String), 25번 게시글 내용(String), 테스터25(String), false(Boolean)
2023-04-12 12:42:07,915  INFO [jdbc.sqlonly] INSERT INTO tb_post (

          id
        , title
        , content
        , writer
        , view_cnt
        , notice_yn
        , delete_yn
        , created_date
        , modified_date

        ) VALUES (
              NULL
            , '25번 게시글 제목'
            , '25번 게시글 내용'
            , '테스터25'
            , 0
            , 0
            , 0
            , NOW()
            , NULL
        )

2023-04-12 12:42:07,916 DEBUG [com.study.domain.post.PostMapper.save] <==    Updates: 1
2023-04-12 12:42:07,917  INFO [jdbc.resultsettable] 
|----------|
|insert_id |
|----------|
|25        |
|----------|

2023-04-12 12:42:07,921 DEBUG [com.study.aop.LoggerAspect] Service ===> com.study.domain.post.PostService.savePost()
2023-04-12 12:42:07,921 DEBUG [com.study.aop.LoggerAspect] Mapper ===> com.study.domain.post.PostMapper.save()
2023-04-12 12:42:07,921 DEBUG [com.study.domain.post.PostMapper.save] ==>  Preparing: INSERT INTO tb_post ( id , title , content , writer , view_cnt , notice_yn , delete_yn , created_date , modified_date ) VALUES ( ? , ? , ? , ? , 0 , ? , 0 , NOW() , NULL )
2023-04-12 12:42:07,921 DEBUG [com.study.domain.post.PostMapper.save] ==> Parameters: null, 26번 게시글 제목(String), 26번 게시글 내용(String), 테스터26(String), false(Boolean)
2023-04-12 12:42:07,921  INFO [jdbc.sqlonly] INSERT INTO tb_post (

          id
        , title
        , content
        , writer
        , view_cnt
        , notice_yn
        , delete_yn
        , created_date
        , modified_date

        ) VALUES (
              NULL
            , '26번 게시글 제목'
            , '26번 게시글 내용'
            , '테스터26'
            , 0
            , 0
            , 0
            , NOW()
            , NULL
        )

2023-04-12 12:42:07,923 DEBUG [com.study.domain.post.PostMapper.save] <==    Updates: 1
2023-04-12 12:42:07,924  INFO [jdbc.resultsettable] 
|----------|
|insert_id |
|----------|
|26        |
|----------|

2023-04-12 12:42:07,926 DEBUG [com.study.aop.LoggerAspect] Service ===> com.study.domain.post.PostService.savePost()
2023-04-12 12:42:07,926 DEBUG [com.study.aop.LoggerAspect] Mapper ===> com.study.domain.post.PostMapper.save()
2023-04-12 12:42:07,926 DEBUG [com.study.domain.post.PostMapper.save] ==>  Preparing: INSERT INTO tb_post ( id , title , content , writer , view_cnt , notice_yn , delete_yn , created_date , modified_date ) VALUES ( ? , ? , ? , ? , 0 , ? , 0 , NOW() , NULL )
2023-04-12 12:42:07,927 DEBUG [com.study.domain.post.PostMapper.save] ==> Parameters: null, 27번 게시글 제목(String), 27번 게시글 내용(String), 테스터27(String), false(Boolean)
2023-04-12 12:42:07,927  INFO [jdbc.sqlonly] INSERT INTO tb_post (

          id
        , title
        , content
        , writer
        , view_cnt
        , notice_yn
        , delete_yn
        , created_date
        , modified_date

        ) VALUES (
              NULL
            , '27번 게시글 제목'
            , '27번 게시글 내용'
            , '테스터27'
            , 0
            , 0
            , 0
            , NOW()
            , NULL
        )

2023-04-12 12:42:07,928 DEBUG [com.study.domain.post.PostMapper.save] <==    Updates: 1
2023-04-12 12:42:07,928  INFO [jdbc.resultsettable] 
|----------|
|insert_id |
|----------|
|27        |
|----------|

2023-04-12 12:42:07,930 DEBUG [com.study.aop.LoggerAspect] Service ===> com.study.domain.post.PostService.savePost()
2023-04-12 12:42:07,930 DEBUG [com.study.aop.LoggerAspect] Mapper ===> com.study.domain.post.PostMapper.save()
2023-04-12 12:42:07,930 DEBUG [com.study.domain.post.PostMapper.save] ==>  Preparing: INSERT INTO tb_post ( id , title , content , writer , view_cnt , notice_yn , delete_yn , created_date , modified_date ) VALUES ( ? , ? , ? , ? , 0 , ? , 0 , NOW() , NULL )
2023-04-12 12:42:07,931 DEBUG [com.study.domain.post.PostMapper.save] ==> Parameters: null, 28번 게시글 제목(String), 28번 게시글 내용(String), 테스터28(String), false(Boolean)
2023-04-12 12:42:07,931  INFO [jdbc.sqlonly] INSERT INTO tb_post (

          id
        , title
        , content
        , writer
        , view_cnt
        , notice_yn
        , delete_yn
        , created_date
        , modified_date

        ) VALUES (
              NULL
            , '28번 게시글 제목'
            , '28번 게시글 내용'
            , '테스터28'
            , 0
            , 0
            , 0
            , NOW()
            , NULL
        )

2023-04-12 12:42:07,931 DEBUG [com.study.domain.post.PostMapper.save] <==    Updates: 1
2023-04-12 12:42:07,932  INFO [jdbc.resultsettable] 
|----------|
|insert_id |
|----------|
|28        |
|----------|

2023-04-12 12:42:07,934 DEBUG [com.study.aop.LoggerAspect] Service ===> com.study.domain.post.PostService.savePost()
2023-04-12 12:42:07,934 DEBUG [com.study.aop.LoggerAspect] Mapper ===> com.study.domain.post.PostMapper.save()
2023-04-12 12:42:07,934 DEBUG [com.study.domain.post.PostMapper.save] ==>  Preparing: INSERT INTO tb_post ( id , title , content , writer , view_cnt , notice_yn , delete_yn , created_date , modified_date ) VALUES ( ? , ? , ? , ? , 0 , ? , 0 , NOW() , NULL )
2023-04-12 12:42:07,934 DEBUG [com.study.domain.post.PostMapper.save] ==> Parameters: null, 29번 게시글 제목(String), 29번 게시글 내용(String), 테스터29(String), false(Boolean)
2023-04-12 12:42:07,935  INFO [jdbc.sqlonly] INSERT INTO tb_post (

          id
        , title
        , content
        , writer
        , view_cnt
        , notice_yn
        , delete_yn
        , created_date
        , modified_date

        ) VALUES (
              NULL
            , '29번 게시글 제목'
            , '29번 게시글 내용'
            , '테스터29'
            , 0
            , 0
            , 0
            , NOW()
            , NULL
        )

2023-04-12 12:42:07,937 DEBUG [com.study.domain.post.PostMapper.save] <==    Updates: 1
2023-04-12 12:42:07,937  INFO [jdbc.resultsettable] 
|----------|
|insert_id |
|----------|
|29        |
|----------|

2023-04-12 12:42:07,939 DEBUG [com.study.aop.LoggerAspect] Service ===> com.study.domain.post.PostService.savePost()
2023-04-12 12:42:07,939 DEBUG [com.study.aop.LoggerAspect] Mapper ===> com.study.domain.post.PostMapper.save()
2023-04-12 12:42:07,940 DEBUG [com.study.domain.post.PostMapper.save] ==>  Preparing: INSERT INTO tb_post ( id , title , content , writer , view_cnt , notice_yn , delete_yn , created_date , modified_date ) VALUES ( ? , ? , ? , ? , 0 , ? , 0 , NOW() , NULL )
2023-04-12 12:42:07,940 DEBUG [com.study.domain.post.PostMapper.save] ==> Parameters: null, 30번 게시글 제목(String), 30번 게시글 내용(String), 테스터30(String), false(Boolean)
2023-04-12 12:42:07,940  INFO [jdbc.sqlonly] INSERT INTO tb_post (

          id
        , title
        , content
        , writer
        , view_cnt
        , notice_yn
        , delete_yn
        , created_date
        , modified_date

        ) VALUES (
              NULL
            , '30번 게시글 제목'
            , '30번 게시글 내용'
            , '테스터30'
            , 0
            , 0
            , 0
            , NOW()
            , NULL
        )

2023-04-12 12:42:07,941 DEBUG [com.study.domain.post.PostMapper.save] <==    Updates: 1
2023-04-12 12:42:07,942  INFO [jdbc.resultsettable] 
|----------|
|insert_id |
|----------|
|30        |
|----------|

2023-04-12 12:42:07,944 DEBUG [com.study.aop.LoggerAspect] Service ===> com.study.domain.post.PostService.savePost()
2023-04-12 12:42:07,944 DEBUG [com.study.aop.LoggerAspect] Mapper ===> com.study.domain.post.PostMapper.save()
2023-04-12 12:42:07,944 DEBUG [com.study.domain.post.PostMapper.save] ==>  Preparing: INSERT INTO tb_post ( id , title , content , writer , view_cnt , notice_yn , delete_yn , created_date , modified_date ) VALUES ( ? , ? , ? , ? , 0 , ? , 0 , NOW() , NULL )
2023-04-12 12:42:07,944 DEBUG [com.study.domain.post.PostMapper.save] ==> Parameters: null, 31번 게시글 제목(String), 31번 게시글 내용(String), 테스터31(String), false(Boolean)
2023-04-12 12:42:07,945  INFO [jdbc.sqlonly] INSERT INTO tb_post (

          id
        , title
        , content
        , writer
        , view_cnt
        , notice_yn
        , delete_yn
        , created_date
        , modified_date

        ) VALUES (
              NULL
            , '31번 게시글 제목'
            , '31번 게시글 내용'
            , '테스터31'
            , 0
            , 0
            , 0
            , NOW()
            , NULL
        )

2023-04-12 12:42:07,945 DEBUG [com.study.domain.post.PostMapper.save] <==    Updates: 1
2023-04-12 12:42:07,946  INFO [jdbc.resultsettable] 
|----------|
|insert_id |
|----------|
|31        |
|----------|

2023-04-12 12:42:07,948 DEBUG [com.study.aop.LoggerAspect] Service ===> com.study.domain.post.PostService.savePost()
2023-04-12 12:42:07,948 DEBUG [com.study.aop.LoggerAspect] Mapper ===> com.study.domain.post.PostMapper.save()
2023-04-12 12:42:07,948 DEBUG [com.study.domain.post.PostMapper.save] ==>  Preparing: INSERT INTO tb_post ( id , title , content , writer , view_cnt , notice_yn , delete_yn , created_date , modified_date ) VALUES ( ? , ? , ? , ? , 0 , ? , 0 , NOW() , NULL )
2023-04-12 12:42:07,949 DEBUG [com.study.domain.post.PostMapper.save] ==> Parameters: null, 32번 게시글 제목(String), 32번 게시글 내용(String), 테스터32(String), false(Boolean)
2023-04-12 12:42:07,949  INFO [jdbc.sqlonly] INSERT INTO tb_post (

          id
        , title
        , content
        , writer
        , view_cnt
        , notice_yn
        , delete_yn
        , created_date
        , modified_date

        ) VALUES (
              NULL
            , '32번 게시글 제목'
            , '32번 게시글 내용'
            , '테스터32'
            , 0
            , 0
            , 0
            , NOW()
            , NULL
        )

2023-04-12 12:42:07,951 DEBUG [com.study.domain.post.PostMapper.save] <==    Updates: 1
2023-04-12 12:42:07,951  INFO [jdbc.resultsettable] 
|----------|
|insert_id |
|----------|
|32        |
|----------|

2023-04-12 12:42:07,953 DEBUG [com.study.aop.LoggerAspect] Service ===> com.study.domain.post.PostService.savePost()
2023-04-12 12:42:07,953 DEBUG [com.study.aop.LoggerAspect] Mapper ===> com.study.domain.post.PostMapper.save()
2023-04-12 12:42:07,954 DEBUG [com.study.domain.post.PostMapper.save] ==>  Preparing: INSERT INTO tb_post ( id , title , content , writer , view_cnt , notice_yn , delete_yn , created_date , modified_date ) VALUES ( ? , ? , ? , ? , 0 , ? , 0 , NOW() , NULL )
2023-04-12 12:42:07,954 DEBUG [com.study.domain.post.PostMapper.save] ==> Parameters: null, 33번 게시글 제목(String), 33번 게시글 내용(String), 테스터33(String), false(Boolean)
2023-04-12 12:42:07,954  INFO [jdbc.sqlonly] INSERT INTO tb_post (

          id
        , title
        , content
        , writer
        , view_cnt
        , notice_yn
        , delete_yn
        , created_date
        , modified_date

        ) VALUES (
              NULL
            , '33번 게시글 제목'
            , '33번 게시글 내용'
            , '테스터33'
            , 0
            , 0
            , 0
            , NOW()
            , NULL
        )

2023-04-12 12:42:07,955 DEBUG [com.study.domain.post.PostMapper.save] <==    Updates: 1
2023-04-12 12:42:07,955  INFO [jdbc.resultsettable] 
|----------|
|insert_id |
|----------|
|33        |
|----------|

2023-04-12 12:42:07,957 DEBUG [com.study.aop.LoggerAspect] Service ===> com.study.domain.post.PostService.savePost()
2023-04-12 12:42:07,957 DEBUG [com.study.aop.LoggerAspect] Mapper ===> com.study.domain.post.PostMapper.save()
2023-04-12 12:42:07,958 DEBUG [com.study.domain.post.PostMapper.save] ==>  Preparing: INSERT INTO tb_post ( id , title , content , writer , view_cnt , notice_yn , delete_yn , created_date , modified_date ) VALUES ( ? , ? , ? , ? , 0 , ? , 0 , NOW() , NULL )
2023-04-12 12:42:07,958 DEBUG [com.study.domain.post.PostMapper.save] ==> Parameters: null, 34번 게시글 제목(String), 34번 게시글 내용(String), 테스터34(String), false(Boolean)
2023-04-12 12:42:07,958  INFO [jdbc.sqlonly] INSERT INTO tb_post (

          id
        , title
        , content
        , writer
        , view_cnt
        , notice_yn
        , delete_yn
        , created_date
        , modified_date

        ) VALUES (
              NULL
            , '34번 게시글 제목'
            , '34번 게시글 내용'
            , '테스터34'
            , 0
            , 0
            , 0
            , NOW()
            , NULL
        )

2023-04-12 12:42:07,960 DEBUG [com.study.domain.post.PostMapper.save] <==    Updates: 1
2023-04-12 12:42:07,961  INFO [jdbc.resultsettable] 
|----------|
|insert_id |
|----------|
|34        |
|----------|

2023-04-12 12:42:07,964 DEBUG [com.study.aop.LoggerAspect] Service ===> com.study.domain.post.PostService.savePost()
2023-04-12 12:42:07,964 DEBUG [com.study.aop.LoggerAspect] Mapper ===> com.study.domain.post.PostMapper.save()
2023-04-12 12:42:07,964 DEBUG [com.study.domain.post.PostMapper.save] ==>  Preparing: INSERT INTO tb_post ( id , title , content , writer , view_cnt , notice_yn , delete_yn , created_date , modified_date ) VALUES ( ? , ? , ? , ? , 0 , ? , 0 , NOW() , NULL )
2023-04-12 12:42:07,964 DEBUG [com.study.domain.post.PostMapper.save] ==> Parameters: null, 35번 게시글 제목(String), 35번 게시글 내용(String), 테스터35(String), false(Boolean)
2023-04-12 12:42:07,964  INFO [jdbc.sqlonly] INSERT INTO tb_post (

          id
        , title
        , content
        , writer
        , view_cnt
        , notice_yn
        , delete_yn
        , created_date
        , modified_date

        ) VALUES (
              NULL
            , '35번 게시글 제목'
            , '35번 게시글 내용'
            , '테스터35'
            , 0
            , 0
            , 0
            , NOW()
            , NULL
        )

2023-04-12 12:42:07,966 DEBUG [com.study.domain.post.PostMapper.save] <==    Updates: 1
2023-04-12 12:42:07,966  INFO [jdbc.resultsettable] 
|----------|
|insert_id |
|----------|
|35        |
|----------|

2023-04-12 12:42:07,983 DEBUG [com.study.aop.LoggerAspect] Service ===> com.study.domain.post.PostService.savePost()
2023-04-12 12:42:07,983 DEBUG [com.study.aop.LoggerAspect] Mapper ===> com.study.domain.post.PostMapper.save()
2023-04-12 12:42:07,983 DEBUG [com.study.domain.post.PostMapper.save] ==>  Preparing: INSERT INTO tb_post ( id , title , content , writer , view_cnt , notice_yn , delete_yn , created_date , modified_date ) VALUES ( ? , ? , ? , ? , 0 , ? , 0 , NOW() , NULL )
2023-04-12 12:42:07,984 DEBUG [com.study.domain.post.PostMapper.save] ==> Parameters: null, 36번 게시글 제목(String), 36번 게시글 내용(String), 테스터36(String), false(Boolean)
2023-04-12 12:42:07,984  INFO [jdbc.sqlonly] INSERT INTO tb_post (

          id
        , title
        , content
        , writer
        , view_cnt
        , notice_yn
        , delete_yn
        , created_date
        , modified_date

        ) VALUES (
              NULL
            , '36번 게시글 제목'
            , '36번 게시글 내용'
            , '테스터36'
            , 0
            , 0
            , 0
            , NOW()
            , NULL
        )

2023-04-12 12:42:07,984 DEBUG [com.study.domain.post.PostMapper.save] <==    Updates: 1
2023-04-12 12:42:07,985  INFO [jdbc.resultsettable] 
|----------|
|insert_id |
|----------|
|36        |
|----------|

2023-04-12 12:42:07,987 DEBUG [com.study.aop.LoggerAspect] Service ===> com.study.domain.post.PostService.savePost()
2023-04-12 12:42:07,987 DEBUG [com.study.aop.LoggerAspect] Mapper ===> com.study.domain.post.PostMapper.save()
2023-04-12 12:42:07,987 DEBUG [com.study.domain.post.PostMapper.save] ==>  Preparing: INSERT INTO tb_post ( id , title , content , writer , view_cnt , notice_yn , delete_yn , created_date , modified_date ) VALUES ( ? , ? , ? , ? , 0 , ? , 0 , NOW() , NULL )
2023-04-12 12:42:07,988 DEBUG [com.study.domain.post.PostMapper.save] ==> Parameters: null, 37번 게시글 제목(String), 37번 게시글 내용(String), 테스터37(String), false(Boolean)
2023-04-12 12:42:07,988  INFO [jdbc.sqlonly] INSERT INTO tb_post (

          id
        , title
        , content
        , writer
        , view_cnt
        , notice_yn
        , delete_yn
        , created_date
        , modified_date

        ) VALUES (
              NULL
            , '37번 게시글 제목'
            , '37번 게시글 내용'
            , '테스터37'
            , 0
            , 0
            , 0
            , NOW()
            , NULL
        )

2023-04-12 12:42:08,005 DEBUG [com.study.domain.post.PostMapper.save] <==    Updates: 1
2023-04-12 12:42:08,006  INFO [jdbc.resultsettable] 
|----------|
|insert_id |
|----------|
|37        |
|----------|

2023-04-12 12:42:08,036 DEBUG [com.study.aop.LoggerAspect] Service ===> com.study.domain.post.PostService.savePost()
2023-04-12 12:42:08,036 DEBUG [com.study.aop.LoggerAspect] Mapper ===> com.study.domain.post.PostMapper.save()
2023-04-12 12:42:08,036 DEBUG [com.study.domain.post.PostMapper.save] ==>  Preparing: INSERT INTO tb_post ( id , title , content , writer , view_cnt , notice_yn , delete_yn , created_date , modified_date ) VALUES ( ? , ? , ? , ? , 0 , ? , 0 , NOW() , NULL )
2023-04-12 12:42:08,037 DEBUG [com.study.domain.post.PostMapper.save] ==> Parameters: null, 38번 게시글 제목(String), 38번 게시글 내용(String), 테스터38(String), false(Boolean)
2023-04-12 12:42:08,037  INFO [jdbc.sqlonly] INSERT INTO tb_post (

          id
        , title
        , content
        , writer
        , view_cnt
        , notice_yn
        , delete_yn
        , created_date
        , modified_date

        ) VALUES (
              NULL
            , '38번 게시글 제목'
            , '38번 게시글 내용'
            , '테스터38'
            , 0
            , 0
            , 0
            , NOW()
            , NULL
        )

2023-04-12 12:42:08,038 DEBUG [com.study.domain.post.PostMapper.save] <==    Updates: 1
2023-04-12 12:42:08,039  INFO [jdbc.resultsettable] 
|----------|
|insert_id |
|----------|
|38        |
|----------|

2023-04-12 12:42:08,042 DEBUG [com.study.aop.LoggerAspect] Service ===> com.study.domain.post.PostService.savePost()
2023-04-12 12:42:08,042 DEBUG [com.study.aop.LoggerAspect] Mapper ===> com.study.domain.post.PostMapper.save()
2023-04-12 12:42:08,042 DEBUG [com.study.domain.post.PostMapper.save] ==>  Preparing: INSERT INTO tb_post ( id , title , content , writer , view_cnt , notice_yn , delete_yn , created_date , modified_date ) VALUES ( ? , ? , ? , ? , 0 , ? , 0 , NOW() , NULL )
2023-04-12 12:42:08,043 DEBUG [com.study.domain.post.PostMapper.save] ==> Parameters: null, 39번 게시글 제목(String), 39번 게시글 내용(String), 테스터39(String), false(Boolean)
2023-04-12 12:42:08,043  INFO [jdbc.sqlonly] INSERT INTO tb_post (

          id
        , title
        , content
        , writer
        , view_cnt
        , notice_yn
        , delete_yn
        , created_date
        , modified_date

        ) VALUES (
              NULL
            , '39번 게시글 제목'
            , '39번 게시글 내용'
            , '테스터39'
            , 0
            , 0
            , 0
            , NOW()
            , NULL
        )

2023-04-12 12:42:08,043 DEBUG [com.study.domain.post.PostMapper.save] <==    Updates: 1
2023-04-12 12:42:08,044  INFO [jdbc.resultsettable] 
|----------|
|insert_id |
|----------|
|39        |
|----------|

2023-04-12 12:42:08,047 DEBUG [com.study.aop.LoggerAspect] Service ===> com.study.domain.post.PostService.savePost()
2023-04-12 12:42:08,048 DEBUG [com.study.aop.LoggerAspect] Mapper ===> com.study.domain.post.PostMapper.save()
2023-04-12 12:42:08,048 DEBUG [com.study.domain.post.PostMapper.save] ==>  Preparing: INSERT INTO tb_post ( id , title , content , writer , view_cnt , notice_yn , delete_yn , created_date , modified_date ) VALUES ( ? , ? , ? , ? , 0 , ? , 0 , NOW() , NULL )
2023-04-12 12:42:08,048 DEBUG [com.study.domain.post.PostMapper.save] ==> Parameters: null, 40번 게시글 제목(String), 40번 게시글 내용(String), 테스터40(String), false(Boolean)
2023-04-12 12:42:08,048  INFO [jdbc.sqlonly] INSERT INTO tb_post (

          id
        , title
        , content
        , writer
        , view_cnt
        , notice_yn
        , delete_yn
        , created_date
        , modified_date

        ) VALUES (
              NULL
            , '40번 게시글 제목'
            , '40번 게시글 내용'
            , '테스터40'
            , 0
            , 0
            , 0
            , NOW()
            , NULL
        )

2023-04-12 12:42:08,049 DEBUG [com.study.domain.post.PostMapper.save] <==    Updates: 1
2023-04-12 12:42:08,049  INFO [jdbc.resultsettable] 
|----------|
|insert_id |
|----------|
|40        |
|----------|

2023-04-12 12:42:08,052 DEBUG [com.study.aop.LoggerAspect] Service ===> com.study.domain.post.PostService.savePost()
2023-04-12 12:42:08,052 DEBUG [com.study.aop.LoggerAspect] Mapper ===> com.study.domain.post.PostMapper.save()
2023-04-12 12:42:08,052 DEBUG [com.study.domain.post.PostMapper.save] ==>  Preparing: INSERT INTO tb_post ( id , title , content , writer , view_cnt , notice_yn , delete_yn , created_date , modified_date ) VALUES ( ? , ? , ? , ? , 0 , ? , 0 , NOW() , NULL )
2023-04-12 12:42:08,053 DEBUG [com.study.domain.post.PostMapper.save] ==> Parameters: null, 41번 게시글 제목(String), 41번 게시글 내용(String), 테스터41(String), false(Boolean)
2023-04-12 12:42:08,053  INFO [jdbc.sqlonly] INSERT INTO tb_post (

          id
        , title
        , content
        , writer
        , view_cnt
        , notice_yn
        , delete_yn
        , created_date
        , modified_date

        ) VALUES (
              NULL
            , '41번 게시글 제목'
            , '41번 게시글 내용'
            , '테스터41'
            , 0
            , 0
            , 0
            , NOW()
            , NULL
        )

2023-04-12 12:42:08,056 DEBUG [com.study.domain.post.PostMapper.save] <==    Updates: 1
2023-04-12 12:42:08,056  INFO [jdbc.resultsettable] 
|----------|
|insert_id |
|----------|
|41        |
|----------|

2023-04-12 12:42:08,059 DEBUG [com.study.aop.LoggerAspect] Service ===> com.study.domain.post.PostService.savePost()
2023-04-12 12:42:08,060 DEBUG [com.study.aop.LoggerAspect] Mapper ===> com.study.domain.post.PostMapper.save()
2023-04-12 12:42:08,060 DEBUG [com.study.domain.post.PostMapper.save] ==>  Preparing: INSERT INTO tb_post ( id , title , content , writer , view_cnt , notice_yn , delete_yn , created_date , modified_date ) VALUES ( ? , ? , ? , ? , 0 , ? , 0 , NOW() , NULL )
2023-04-12 12:42:08,060 DEBUG [com.study.domain.post.PostMapper.save] ==> Parameters: null, 42번 게시글 제목(String), 42번 게시글 내용(String), 테스터42(String), false(Boolean)
2023-04-12 12:42:08,060  INFO [jdbc.sqlonly] INSERT INTO tb_post (

          id
        , title
        , content
        , writer
        , view_cnt
        , notice_yn
        , delete_yn
        , created_date
        , modified_date

        ) VALUES (
              NULL
            , '42번 게시글 제목'
            , '42번 게시글 내용'
            , '테스터42'
            , 0
            , 0
            , 0
            , NOW()
            , NULL
        )

2023-04-12 12:42:08,062 DEBUG [com.study.domain.post.PostMapper.save] <==    Updates: 1
2023-04-12 12:42:08,062  INFO [jdbc.resultsettable] 
|----------|
|insert_id |
|----------|
|42        |
|----------|

2023-04-12 12:42:08,065 DEBUG [com.study.aop.LoggerAspect] Service ===> com.study.domain.post.PostService.savePost()
2023-04-12 12:42:08,066 DEBUG [com.study.aop.LoggerAspect] Mapper ===> com.study.domain.post.PostMapper.save()
2023-04-12 12:42:08,066 DEBUG [com.study.domain.post.PostMapper.save] ==>  Preparing: INSERT INTO tb_post ( id , title , content , writer , view_cnt , notice_yn , delete_yn , created_date , modified_date ) VALUES ( ? , ? , ? , ? , 0 , ? , 0 , NOW() , NULL )
2023-04-12 12:42:08,066 DEBUG [com.study.domain.post.PostMapper.save] ==> Parameters: null, 43번 게시글 제목(String), 43번 게시글 내용(String), 테스터43(String), false(Boolean)
2023-04-12 12:42:08,066  INFO [jdbc.sqlonly] INSERT INTO tb_post (

          id
        , title
        , content
        , writer
        , view_cnt
        , notice_yn
        , delete_yn
        , created_date
        , modified_date

        ) VALUES (
              NULL
            , '43번 게시글 제목'
            , '43번 게시글 내용'
            , '테스터43'
            , 0
            , 0
            , 0
            , NOW()
            , NULL
        )

2023-04-12 12:42:08,067 DEBUG [com.study.domain.post.PostMapper.save] <==    Updates: 1
2023-04-12 12:42:08,068  INFO [jdbc.resultsettable] 
|----------|
|insert_id |
|----------|
|43        |
|----------|

2023-04-12 12:42:08,071 DEBUG [com.study.aop.LoggerAspect] Service ===> com.study.domain.post.PostService.savePost()
2023-04-12 12:42:08,072 DEBUG [com.study.aop.LoggerAspect] Mapper ===> com.study.domain.post.PostMapper.save()
2023-04-12 12:42:08,073 DEBUG [com.study.domain.post.PostMapper.save] ==>  Preparing: INSERT INTO tb_post ( id , title , content , writer , view_cnt , notice_yn , delete_yn , created_date , modified_date ) VALUES ( ? , ? , ? , ? , 0 , ? , 0 , NOW() , NULL )
2023-04-12 12:42:08,073 DEBUG [com.study.domain.post.PostMapper.save] ==> Parameters: null, 44번 게시글 제목(String), 44번 게시글 내용(String), 테스터44(String), false(Boolean)
2023-04-12 12:42:08,073  INFO [jdbc.sqlonly] INSERT INTO tb_post (

          id
        , title
        , content
        , writer
        , view_cnt
        , notice_yn
        , delete_yn
        , created_date
        , modified_date

        ) VALUES (
              NULL
            , '44번 게시글 제목'
            , '44번 게시글 내용'
            , '테스터44'
            , 0
            , 0
            , 0
            , NOW()
            , NULL
        )

2023-04-12 12:42:08,075 DEBUG [com.study.domain.post.PostMapper.save] <==    Updates: 1
2023-04-12 12:42:08,076  INFO [jdbc.resultsettable] 
|----------|
|insert_id |
|----------|
|44        |
|----------|

2023-04-12 12:42:08,079 DEBUG [com.study.aop.LoggerAspect] Service ===> com.study.domain.post.PostService.savePost()
2023-04-12 12:42:08,079 DEBUG [com.study.aop.LoggerAspect] Mapper ===> com.study.domain.post.PostMapper.save()
2023-04-12 12:42:08,080 DEBUG [com.study.domain.post.PostMapper.save] ==>  Preparing: INSERT INTO tb_post ( id , title , content , writer , view_cnt , notice_yn , delete_yn , created_date , modified_date ) VALUES ( ? , ? , ? , ? , 0 , ? , 0 , NOW() , NULL )
2023-04-12 12:42:08,080 DEBUG [com.study.domain.post.PostMapper.save] ==> Parameters: null, 45번 게시글 제목(String), 45번 게시글 내용(String), 테스터45(String), false(Boolean)
2023-04-12 12:42:08,080  INFO [jdbc.sqlonly] INSERT INTO tb_post (

          id
        , title
        , content
        , writer
        , view_cnt
        , notice_yn
        , delete_yn
        , created_date
        , modified_date

        ) VALUES (
              NULL
            , '45번 게시글 제목'
            , '45번 게시글 내용'
            , '테스터45'
            , 0
            , 0
            , 0
            , NOW()
            , NULL
        )

2023-04-12 12:42:08,081 DEBUG [com.study.domain.post.PostMapper.save] <==    Updates: 1
2023-04-12 12:42:08,081  INFO [jdbc.resultsettable] 
|----------|
|insert_id |
|----------|
|45        |
|----------|

2023-04-12 12:42:08,084 DEBUG [com.study.aop.LoggerAspect] Service ===> com.study.domain.post.PostService.savePost()
2023-04-12 12:42:08,084 DEBUG [com.study.aop.LoggerAspect] Mapper ===> com.study.domain.post.PostMapper.save()
2023-04-12 12:42:08,084 DEBUG [com.study.domain.post.PostMapper.save] ==>  Preparing: INSERT INTO tb_post ( id , title , content , writer , view_cnt , notice_yn , delete_yn , created_date , modified_date ) VALUES ( ? , ? , ? , ? , 0 , ? , 0 , NOW() , NULL )
2023-04-12 12:42:08,084 DEBUG [com.study.domain.post.PostMapper.save] ==> Parameters: null, 46번 게시글 제목(String), 46번 게시글 내용(String), 테스터46(String), false(Boolean)
2023-04-12 12:42:08,084  INFO [jdbc.sqlonly] INSERT INTO tb_post (

          id
        , title
        , content
        , writer
        , view_cnt
        , notice_yn
        , delete_yn
        , created_date
        , modified_date

        ) VALUES (
              NULL
            , '46번 게시글 제목'
            , '46번 게시글 내용'
            , '테스터46'
            , 0
            , 0
            , 0
            , NOW()
            , NULL
        )

2023-04-12 12:42:08,085 DEBUG [com.study.domain.post.PostMapper.save] <==    Updates: 1
2023-04-12 12:42:08,086  INFO [jdbc.resultsettable] 
|----------|
|insert_id |
|----------|
|46        |
|----------|

2023-04-12 12:42:08,089 DEBUG [com.study.aop.LoggerAspect] Service ===> com.study.domain.post.PostService.savePost()
2023-04-12 12:42:08,090 DEBUG [com.study.aop.LoggerAspect] Mapper ===> com.study.domain.post.PostMapper.save()
2023-04-12 12:42:08,090 DEBUG [com.study.domain.post.PostMapper.save] ==>  Preparing: INSERT INTO tb_post ( id , title , content , writer , view_cnt , notice_yn , delete_yn , created_date , modified_date ) VALUES ( ? , ? , ? , ? , 0 , ? , 0 , NOW() , NULL )
2023-04-12 12:42:08,090 DEBUG [com.study.domain.post.PostMapper.save] ==> Parameters: null, 47번 게시글 제목(String), 47번 게시글 내용(String), 테스터47(String), false(Boolean)
2023-04-12 12:42:08,090  INFO [jdbc.sqlonly] INSERT INTO tb_post (

          id
        , title
        , content
        , writer
        , view_cnt
        , notice_yn
        , delete_yn
        , created_date
        , modified_date

        ) VALUES (
              NULL
            , '47번 게시글 제목'
            , '47번 게시글 내용'
            , '테스터47'
            , 0
            , 0
            , 0
            , NOW()
            , NULL
        )

2023-04-12 12:42:08,091 DEBUG [com.study.domain.post.PostMapper.save] <==    Updates: 1
2023-04-12 12:42:08,092  INFO [jdbc.resultsettable] 
|----------|
|insert_id |
|----------|
|47        |
|----------|

2023-04-12 12:42:08,095 DEBUG [com.study.aop.LoggerAspect] Service ===> com.study.domain.post.PostService.savePost()
2023-04-12 12:42:08,095 DEBUG [com.study.aop.LoggerAspect] Mapper ===> com.study.domain.post.PostMapper.save()
2023-04-12 12:42:08,096 DEBUG [com.study.domain.post.PostMapper.save] ==>  Preparing: INSERT INTO tb_post ( id , title , content , writer , view_cnt , notice_yn , delete_yn , created_date , modified_date ) VALUES ( ? , ? , ? , ? , 0 , ? , 0 , NOW() , NULL )
2023-04-12 12:42:08,096 DEBUG [com.study.domain.post.PostMapper.save] ==> Parameters: null, 48번 게시글 제목(String), 48번 게시글 내용(String), 테스터48(String), false(Boolean)
2023-04-12 12:42:08,096  INFO [jdbc.sqlonly] INSERT INTO tb_post (

          id
        , title
        , content
        , writer
        , view_cnt
        , notice_yn
        , delete_yn
        , created_date
        , modified_date

        ) VALUES (
              NULL
            , '48번 게시글 제목'
            , '48번 게시글 내용'
            , '테스터48'
            , 0
            , 0
            , 0
            , NOW()
            , NULL
        )

2023-04-12 12:42:08,097 DEBUG [com.study.domain.post.PostMapper.save] <==    Updates: 1
2023-04-12 12:42:08,097  INFO [jdbc.resultsettable] 
|----------|
|insert_id |
|----------|
|48        |
|----------|

2023-04-12 12:42:08,102 DEBUG [com.study.aop.LoggerAspect] Service ===> com.study.domain.post.PostService.savePost()
2023-04-12 12:42:08,103 DEBUG [com.study.aop.LoggerAspect] Mapper ===> com.study.domain.post.PostMapper.save()
2023-04-12 12:42:08,103 DEBUG [com.study.domain.post.PostMapper.save] ==>  Preparing: INSERT INTO tb_post ( id , title , content , writer , view_cnt , notice_yn , delete_yn , created_date , modified_date ) VALUES ( ? , ? , ? , ? , 0 , ? , 0 , NOW() , NULL )
2023-04-12 12:42:08,104 DEBUG [com.study.domain.post.PostMapper.save] ==> Parameters: null, 49번 게시글 제목(String), 49번 게시글 내용(String), 테스터49(String), false(Boolean)
2023-04-12 12:42:08,104  INFO [jdbc.sqlonly] INSERT INTO tb_post (

          id
        , title
        , content
        , writer
        , view_cnt
        , notice_yn
        , delete_yn
        , created_date
        , modified_date

        ) VALUES (
              NULL
            , '49번 게시글 제목'
            , '49번 게시글 내용'
            , '테스터49'
            , 0
            , 0
            , 0
            , NOW()
            , NULL
        )

2023-04-12 12:42:08,107 DEBUG [com.study.domain.post.PostMapper.save] <==    Updates: 1
2023-04-12 12:42:08,108  INFO [jdbc.resultsettable] 
|----------|
|insert_id |
|----------|
|49        |
|----------|

2023-04-12 12:42:08,111 DEBUG [com.study.aop.LoggerAspect] Service ===> com.study.domain.post.PostService.savePost()
2023-04-12 12:42:08,111 DEBUG [com.study.aop.LoggerAspect] Mapper ===> com.study.domain.post.PostMapper.save()
2023-04-12 12:42:08,111 DEBUG [com.study.domain.post.PostMapper.save] ==>  Preparing: INSERT INTO tb_post ( id , title , content , writer , view_cnt , notice_yn , delete_yn , created_date , modified_date ) VALUES ( ? , ? , ? , ? , 0 , ? , 0 , NOW() , NULL )
2023-04-12 12:42:08,111 DEBUG [com.study.domain.post.PostMapper.save] ==> Parameters: null, 50번 게시글 제목(String), 50번 게시글 내용(String), 테스터50(String), false(Boolean)
2023-04-12 12:42:08,112  INFO [jdbc.sqlonly] INSERT INTO tb_post (

          id
        , title
        , content
        , writer
        , view_cnt
        , notice_yn
        , delete_yn
        , created_date
        , modified_date

        ) VALUES (
              NULL
            , '50번 게시글 제목'
            , '50번 게시글 내용'
            , '테스터50'
            , 0
            , 0
            , 0
            , NOW()
            , NULL
        )

2023-04-12 12:42:08,113 DEBUG [com.study.domain.post.PostMapper.save] <==    Updates: 1
2023-04-12 12:42:08,114  INFO [jdbc.resultsettable] 
|----------|
|insert_id |
|----------|
|50        |
|----------|

2023-04-12 12:42:08,116 DEBUG [com.study.aop.LoggerAspect] Service ===> com.study.domain.post.PostService.savePost()
2023-04-12 12:42:08,116 DEBUG [com.study.aop.LoggerAspect] Mapper ===> com.study.domain.post.PostMapper.save()
2023-04-12 12:42:08,116 DEBUG [com.study.domain.post.PostMapper.save] ==>  Preparing: INSERT INTO tb_post ( id , title , content , writer , view_cnt , notice_yn , delete_yn , created_date , modified_date ) VALUES ( ? , ? , ? , ? , 0 , ? , 0 , NOW() , NULL )
2023-04-12 12:42:08,117 DEBUG [com.study.domain.post.PostMapper.save] ==> Parameters: null, 51번 게시글 제목(String), 51번 게시글 내용(String), 테스터51(String), false(Boolean)
2023-04-12 12:42:08,117  INFO [jdbc.sqlonly] INSERT INTO tb_post (

          id
        , title
        , content
        , writer
        , view_cnt
        , notice_yn
        , delete_yn
        , created_date
        , modified_date

        ) VALUES (
              NULL
            , '51번 게시글 제목'
            , '51번 게시글 내용'
            , '테스터51'
            , 0
            , 0
            , 0
            , NOW()
            , NULL
        )

2023-04-12 12:42:08,118 DEBUG [com.study.domain.post.PostMapper.save] <==    Updates: 1
2023-04-12 12:42:08,119  INFO [jdbc.resultsettable] 
|----------|
|insert_id |
|----------|
|51        |
|----------|

2023-04-12 12:42:08,125 DEBUG [com.study.aop.LoggerAspect] Service ===> com.study.domain.post.PostService.savePost()
2023-04-12 12:42:08,125 DEBUG [com.study.aop.LoggerAspect] Mapper ===> com.study.domain.post.PostMapper.save()
2023-04-12 12:42:08,126 DEBUG [com.study.domain.post.PostMapper.save] ==>  Preparing: INSERT INTO tb_post ( id , title , content , writer , view_cnt , notice_yn , delete_yn , created_date , modified_date ) VALUES ( ? , ? , ? , ? , 0 , ? , 0 , NOW() , NULL )
2023-04-12 12:42:08,127 DEBUG [com.study.domain.post.PostMapper.save] ==> Parameters: null, 52번 게시글 제목(String), 52번 게시글 내용(String), 테스터52(String), false(Boolean)
2023-04-12 12:42:08,127  INFO [jdbc.sqlonly] INSERT INTO tb_post (

          id
        , title
        , content
        , writer
        , view_cnt
        , notice_yn
        , delete_yn
        , created_date
        , modified_date

        ) VALUES (
              NULL
            , '52번 게시글 제목'
            , '52번 게시글 내용'
            , '테스터52'
            , 0
            , 0
            , 0
            , NOW()
            , NULL
        )

2023-04-12 12:42:08,128 DEBUG [com.study.domain.post.PostMapper.save] <==    Updates: 1
2023-04-12 12:42:08,128  INFO [jdbc.resultsettable] 
|----------|
|insert_id |
|----------|
|52        |
|----------|

2023-04-12 12:42:08,134 DEBUG [com.study.aop.LoggerAspect] Service ===> com.study.domain.post.PostService.savePost()
2023-04-12 12:42:08,134 DEBUG [com.study.aop.LoggerAspect] Mapper ===> com.study.domain.post.PostMapper.save()
2023-04-12 12:42:08,135 DEBUG [com.study.domain.post.PostMapper.save] ==>  Preparing: INSERT INTO tb_post ( id , title , content , writer , view_cnt , notice_yn , delete_yn , created_date , modified_date ) VALUES ( ? , ? , ? , ? , 0 , ? , 0 , NOW() , NULL )
2023-04-12 12:42:08,135 DEBUG [com.study.domain.post.PostMapper.save] ==> Parameters: null, 53번 게시글 제목(String), 53번 게시글 내용(String), 테스터53(String), false(Boolean)
2023-04-12 12:42:08,135  INFO [jdbc.sqlonly] INSERT INTO tb_post (

          id
        , title
        , content
        , writer
        , view_cnt
        , notice_yn
        , delete_yn
        , created_date
        , modified_date

        ) VALUES (
              NULL
            , '53번 게시글 제목'
            , '53번 게시글 내용'
            , '테스터53'
            , 0
            , 0
            , 0
            , NOW()
            , NULL
        )

2023-04-12 12:42:08,137 DEBUG [com.study.domain.post.PostMapper.save] <==    Updates: 1
2023-04-12 12:42:08,137  INFO [jdbc.resultsettable] 
|----------|
|insert_id |
|----------|
|53        |
|----------|

2023-04-12 12:42:08,144 DEBUG [com.study.aop.LoggerAspect] Service ===> com.study.domain.post.PostService.savePost()
2023-04-12 12:42:08,144 DEBUG [com.study.aop.LoggerAspect] Mapper ===> com.study.domain.post.PostMapper.save()
2023-04-12 12:42:08,144 DEBUG [com.study.domain.post.PostMapper.save] ==>  Preparing: INSERT INTO tb_post ( id , title , content , writer , view_cnt , notice_yn , delete_yn , created_date , modified_date ) VALUES ( ? , ? , ? , ? , 0 , ? , 0 , NOW() , NULL )
2023-04-12 12:42:08,144 DEBUG [com.study.domain.post.PostMapper.save] ==> Parameters: null, 54번 게시글 제목(String), 54번 게시글 내용(String), 테스터54(String), false(Boolean)
2023-04-12 12:42:08,144  INFO [jdbc.sqlonly] INSERT INTO tb_post (

          id
        , title
        , content
        , writer
        , view_cnt
        , notice_yn
        , delete_yn
        , created_date
        , modified_date

        ) VALUES (
              NULL
            , '54번 게시글 제목'
            , '54번 게시글 내용'
            , '테스터54'
            , 0
            , 0
            , 0
            , NOW()
            , NULL
        )

2023-04-12 12:42:08,147 DEBUG [com.study.domain.post.PostMapper.save] <==    Updates: 1
2023-04-12 12:42:08,148  INFO [jdbc.resultsettable] 
|----------|
|insert_id |
|----------|
|54        |
|----------|

2023-04-12 12:42:08,156 DEBUG [com.study.aop.LoggerAspect] Service ===> com.study.domain.post.PostService.savePost()
2023-04-12 12:42:08,156 DEBUG [com.study.aop.LoggerAspect] Mapper ===> com.study.domain.post.PostMapper.save()
2023-04-12 12:42:08,157 DEBUG [com.study.domain.post.PostMapper.save] ==>  Preparing: INSERT INTO tb_post ( id , title , content , writer , view_cnt , notice_yn , delete_yn , created_date , modified_date ) VALUES ( ? , ? , ? , ? , 0 , ? , 0 , NOW() , NULL )
2023-04-12 12:42:08,157 DEBUG [com.study.domain.post.PostMapper.save] ==> Parameters: null, 55번 게시글 제목(String), 55번 게시글 내용(String), 테스터55(String), false(Boolean)
2023-04-12 12:42:08,157  INFO [jdbc.sqlonly] INSERT INTO tb_post (

          id
        , title
        , content
        , writer
        , view_cnt
        , notice_yn
        , delete_yn
        , created_date
        , modified_date

        ) VALUES (
              NULL
            , '55번 게시글 제목'
            , '55번 게시글 내용'
            , '테스터55'
            , 0
            , 0
            , 0
            , NOW()
            , NULL
        )

2023-04-12 12:42:08,158 DEBUG [com.study.domain.post.PostMapper.save] <==    Updates: 1
2023-04-12 12:42:08,158  INFO [jdbc.resultsettable] 
|----------|
|insert_id |
|----------|
|55        |
|----------|

2023-04-12 12:42:08,163 DEBUG [com.study.aop.LoggerAspect] Service ===> com.study.domain.post.PostService.savePost()
2023-04-12 12:42:08,163 DEBUG [com.study.aop.LoggerAspect] Mapper ===> com.study.domain.post.PostMapper.save()
2023-04-12 12:42:08,163 DEBUG [com.study.domain.post.PostMapper.save] ==>  Preparing: INSERT INTO tb_post ( id , title , content , writer , view_cnt , notice_yn , delete_yn , created_date , modified_date ) VALUES ( ? , ? , ? , ? , 0 , ? , 0 , NOW() , NULL )
2023-04-12 12:42:08,163 DEBUG [com.study.domain.post.PostMapper.save] ==> Parameters: null, 56번 게시글 제목(String), 56번 게시글 내용(String), 테스터56(String), false(Boolean)
2023-04-12 12:42:08,164  INFO [jdbc.sqlonly] INSERT INTO tb_post (

          id
        , title
        , content
        , writer
        , view_cnt
        , notice_yn
        , delete_yn
        , created_date
        , modified_date

        ) VALUES (
              NULL
            , '56번 게시글 제목'
            , '56번 게시글 내용'
            , '테스터56'
            , 0
            , 0
            , 0
            , NOW()
            , NULL
        )

2023-04-12 12:42:08,164 DEBUG [com.study.domain.post.PostMapper.save] <==    Updates: 1
2023-04-12 12:42:08,165  INFO [jdbc.resultsettable] 
|----------|
|insert_id |
|----------|
|56        |
|----------|

2023-04-12 12:42:08,166 DEBUG [com.study.aop.LoggerAspect] Service ===> com.study.domain.post.PostService.savePost()
2023-04-12 12:42:08,167 DEBUG [com.study.aop.LoggerAspect] Mapper ===> com.study.domain.post.PostMapper.save()
2023-04-12 12:42:08,167 DEBUG [com.study.domain.post.PostMapper.save] ==>  Preparing: INSERT INTO tb_post ( id , title , content , writer , view_cnt , notice_yn , delete_yn , created_date , modified_date ) VALUES ( ? , ? , ? , ? , 0 , ? , 0 , NOW() , NULL )
2023-04-12 12:42:08,167 DEBUG [com.study.domain.post.PostMapper.save] ==> Parameters: null, 57번 게시글 제목(String), 57번 게시글 내용(String), 테스터57(String), false(Boolean)
2023-04-12 12:42:08,167  INFO [jdbc.sqlonly] INSERT INTO tb_post (

          id
        , title
        , content
        , writer
        , view_cnt
        , notice_yn
        , delete_yn
        , created_date
        , modified_date

        ) VALUES (
              NULL
            , '57번 게시글 제목'
            , '57번 게시글 내용'
            , '테스터57'
            , 0
            , 0
            , 0
            , NOW()
            , NULL
        )

2023-04-12 12:42:08,167 DEBUG [com.study.domain.post.PostMapper.save] <==    Updates: 1
2023-04-12 12:42:08,168  INFO [jdbc.resultsettable] 
|----------|
|insert_id |
|----------|
|57        |
|----------|

2023-04-12 12:42:08,170 DEBUG [com.study.aop.LoggerAspect] Service ===> com.study.domain.post.PostService.savePost()
2023-04-12 12:42:08,170 DEBUG [com.study.aop.LoggerAspect] Mapper ===> com.study.domain.post.PostMapper.save()
2023-04-12 12:42:08,170 DEBUG [com.study.domain.post.PostMapper.save] ==>  Preparing: INSERT INTO tb_post ( id , title , content , writer , view_cnt , notice_yn , delete_yn , created_date , modified_date ) VALUES ( ? , ? , ? , ? , 0 , ? , 0 , NOW() , NULL )
2023-04-12 12:42:08,170 DEBUG [com.study.domain.post.PostMapper.save] ==> Parameters: null, 58번 게시글 제목(String), 58번 게시글 내용(String), 테스터58(String), false(Boolean)
2023-04-12 12:42:08,170  INFO [jdbc.sqlonly] INSERT INTO tb_post (

          id
        , title
        , content
        , writer
        , view_cnt
        , notice_yn
        , delete_yn
        , created_date
        , modified_date

        ) VALUES (
              NULL
            , '58번 게시글 제목'
            , '58번 게시글 내용'
            , '테스터58'
            , 0
            , 0
            , 0
            , NOW()
            , NULL
        )

2023-04-12 12:42:08,171 DEBUG [com.study.domain.post.PostMapper.save] <==    Updates: 1
2023-04-12 12:42:08,171  INFO [jdbc.resultsettable] 
|----------|
|insert_id |
|----------|
|58        |
|----------|

2023-04-12 12:42:08,174 DEBUG [com.study.aop.LoggerAspect] Service ===> com.study.domain.post.PostService.savePost()
2023-04-12 12:42:08,174 DEBUG [com.study.aop.LoggerAspect] Mapper ===> com.study.domain.post.PostMapper.save()
2023-04-12 12:42:08,175 DEBUG [com.study.domain.post.PostMapper.save] ==>  Preparing: INSERT INTO tb_post ( id , title , content , writer , view_cnt , notice_yn , delete_yn , created_date , modified_date ) VALUES ( ? , ? , ? , ? , 0 , ? , 0 , NOW() , NULL )
2023-04-12 12:42:08,175 DEBUG [com.study.domain.post.PostMapper.save] ==> Parameters: null, 59번 게시글 제목(String), 59번 게시글 내용(String), 테스터59(String), false(Boolean)
2023-04-12 12:42:08,175  INFO [jdbc.sqlonly] INSERT INTO tb_post (

          id
        , title
        , content
        , writer
        , view_cnt
        , notice_yn
        , delete_yn
        , created_date
        , modified_date

        ) VALUES (
              NULL
            , '59번 게시글 제목'
            , '59번 게시글 내용'
            , '테스터59'
            , 0
            , 0
            , 0
            , NOW()
            , NULL
        )

2023-04-12 12:42:08,176 DEBUG [com.study.domain.post.PostMapper.save] <==    Updates: 1
2023-04-12 12:42:08,176  INFO [jdbc.resultsettable] 
|----------|
|insert_id |
|----------|
|59        |
|----------|

2023-04-12 12:42:08,178 DEBUG [com.study.aop.LoggerAspect] Service ===> com.study.domain.post.PostService.savePost()
2023-04-12 12:42:08,178 DEBUG [com.study.aop.LoggerAspect] Mapper ===> com.study.domain.post.PostMapper.save()
2023-04-12 12:42:08,178 DEBUG [com.study.domain.post.PostMapper.save] ==>  Preparing: INSERT INTO tb_post ( id , title , content , writer , view_cnt , notice_yn , delete_yn , created_date , modified_date ) VALUES ( ? , ? , ? , ? , 0 , ? , 0 , NOW() , NULL )
2023-04-12 12:42:08,178 DEBUG [com.study.domain.post.PostMapper.save] ==> Parameters: null, 60번 게시글 제목(String), 60번 게시글 내용(String), 테스터60(String), false(Boolean)
2023-04-12 12:42:08,178  INFO [jdbc.sqlonly] INSERT INTO tb_post (

          id
        , title
        , content
        , writer
        , view_cnt
        , notice_yn
        , delete_yn
        , created_date
        , modified_date

        ) VALUES (
              NULL
            , '60번 게시글 제목'
            , '60번 게시글 내용'
            , '테스터60'
            , 0
            , 0
            , 0
            , NOW()
            , NULL
        )

2023-04-12 12:42:08,179 DEBUG [com.study.domain.post.PostMapper.save] <==    Updates: 1
2023-04-12 12:42:08,180  INFO [jdbc.resultsettable] 
|----------|
|insert_id |
|----------|
|60        |
|----------|

2023-04-12 12:42:08,204 DEBUG [com.study.aop.LoggerAspect] Service ===> com.study.domain.post.PostService.savePost()
2023-04-12 12:42:08,204 DEBUG [com.study.aop.LoggerAspect] Mapper ===> com.study.domain.post.PostMapper.save()
2023-04-12 12:42:08,205 DEBUG [com.study.domain.post.PostMapper.save] ==>  Preparing: INSERT INTO tb_post ( id , title , content , writer , view_cnt , notice_yn , delete_yn , created_date , modified_date ) VALUES ( ? , ? , ? , ? , 0 , ? , 0 , NOW() , NULL )
2023-04-12 12:42:08,205 DEBUG [com.study.domain.post.PostMapper.save] ==> Parameters: null, 61번 게시글 제목(String), 61번 게시글 내용(String), 테스터61(String), false(Boolean)
2023-04-12 12:42:08,205  INFO [jdbc.sqlonly] INSERT INTO tb_post (

          id
        , title
        , content
        , writer
        , view_cnt
        , notice_yn
        , delete_yn
        , created_date
        , modified_date

        ) VALUES (
              NULL
            , '61번 게시글 제목'
            , '61번 게시글 내용'
            , '테스터61'
            , 0
            , 0
            , 0
            , NOW()
            , NULL
        )

2023-04-12 12:42:08,206 DEBUG [com.study.domain.post.PostMapper.save] <==    Updates: 1
2023-04-12 12:42:08,206  INFO [jdbc.resultsettable] 
|----------|
|insert_id |
|----------|
|61        |
|----------|

2023-04-12 12:42:08,208 DEBUG [com.study.aop.LoggerAspect] Service ===> com.study.domain.post.PostService.savePost()
2023-04-12 12:42:08,208 DEBUG [com.study.aop.LoggerAspect] Mapper ===> com.study.domain.post.PostMapper.save()
2023-04-12 12:42:08,209 DEBUG [com.study.domain.post.PostMapper.save] ==>  Preparing: INSERT INTO tb_post ( id , title , content , writer , view_cnt , notice_yn , delete_yn , created_date , modified_date ) VALUES ( ? , ? , ? , ? , 0 , ? , 0 , NOW() , NULL )
2023-04-12 12:42:08,209 DEBUG [com.study.domain.post.PostMapper.save] ==> Parameters: null, 62번 게시글 제목(String), 62번 게시글 내용(String), 테스터62(String), false(Boolean)
2023-04-12 12:42:08,209  INFO [jdbc.sqlonly] INSERT INTO tb_post (

          id
        , title
        , content
        , writer
        , view_cnt
        , notice_yn
        , delete_yn
        , created_date
        , modified_date

        ) VALUES (
              NULL
            , '62번 게시글 제목'
            , '62번 게시글 내용'
            , '테스터62'
            , 0
            , 0
            , 0
            , NOW()
            , NULL
        )

2023-04-12 12:42:08,209 DEBUG [com.study.domain.post.PostMapper.save] <==    Updates: 1
2023-04-12 12:42:08,210  INFO [jdbc.resultsettable] 
|----------|
|insert_id |
|----------|
|62        |
|----------|

2023-04-12 12:42:08,226 DEBUG [com.study.aop.LoggerAspect] Service ===> com.study.domain.post.PostService.savePost()
2023-04-12 12:42:08,226 DEBUG [com.study.aop.LoggerAspect] Mapper ===> com.study.domain.post.PostMapper.save()
2023-04-12 12:42:08,226 DEBUG [com.study.domain.post.PostMapper.save] ==>  Preparing: INSERT INTO tb_post ( id , title , content , writer , view_cnt , notice_yn , delete_yn , created_date , modified_date ) VALUES ( ? , ? , ? , ? , 0 , ? , 0 , NOW() , NULL )
2023-04-12 12:42:08,226 DEBUG [com.study.domain.post.PostMapper.save] ==> Parameters: null, 63번 게시글 제목(String), 63번 게시글 내용(String), 테스터63(String), false(Boolean)
2023-04-12 12:42:08,226  INFO [jdbc.sqlonly] INSERT INTO tb_post (

          id
        , title
        , content
        , writer
        , view_cnt
        , notice_yn
        , delete_yn
        , created_date
        , modified_date

        ) VALUES (
              NULL
            , '63번 게시글 제목'
            , '63번 게시글 내용'
            , '테스터63'
            , 0
            , 0
            , 0
            , NOW()
            , NULL
        )

2023-04-12 12:42:08,227 DEBUG [com.study.domain.post.PostMapper.save] <==    Updates: 1
2023-04-12 12:42:08,227  INFO [jdbc.resultsettable] 
|----------|
|insert_id |
|----------|
|63        |
|----------|

2023-04-12 12:42:08,231 DEBUG [com.study.aop.LoggerAspect] Service ===> com.study.domain.post.PostService.savePost()
2023-04-12 12:42:08,231 DEBUG [com.study.aop.LoggerAspect] Mapper ===> com.study.domain.post.PostMapper.save()
2023-04-12 12:42:08,231 DEBUG [com.study.domain.post.PostMapper.save] ==>  Preparing: INSERT INTO tb_post ( id , title , content , writer , view_cnt , notice_yn , delete_yn , created_date , modified_date ) VALUES ( ? , ? , ? , ? , 0 , ? , 0 , NOW() , NULL )
2023-04-12 12:42:08,231 DEBUG [com.study.domain.post.PostMapper.save] ==> Parameters: null, 64번 게시글 제목(String), 64번 게시글 내용(String), 테스터64(String), false(Boolean)
2023-04-12 12:42:08,231  INFO [jdbc.sqlonly] INSERT INTO tb_post (

          id
        , title
        , content
        , writer
        , view_cnt
        , notice_yn
        , delete_yn
        , created_date
        , modified_date

        ) VALUES (
              NULL
            , '64번 게시글 제목'
            , '64번 게시글 내용'
            , '테스터64'
            , 0
            , 0
            , 0
            , NOW()
            , NULL
        )

2023-04-12 12:42:08,232 DEBUG [com.study.domain.post.PostMapper.save] <==    Updates: 1
2023-04-12 12:42:08,232  INFO [jdbc.resultsettable] 
|----------|
|insert_id |
|----------|
|64        |
|----------|

2023-04-12 12:42:08,244 DEBUG [com.study.aop.LoggerAspect] Service ===> com.study.domain.post.PostService.savePost()
2023-04-12 12:42:08,245 DEBUG [com.study.aop.LoggerAspect] Mapper ===> com.study.domain.post.PostMapper.save()
2023-04-12 12:42:08,245 DEBUG [com.study.domain.post.PostMapper.save] ==>  Preparing: INSERT INTO tb_post ( id , title , content , writer , view_cnt , notice_yn , delete_yn , created_date , modified_date ) VALUES ( ? , ? , ? , ? , 0 , ? , 0 , NOW() , NULL )
2023-04-12 12:42:08,245 DEBUG [com.study.domain.post.PostMapper.save] ==> Parameters: null, 65번 게시글 제목(String), 65번 게시글 내용(String), 테스터65(String), false(Boolean)
2023-04-12 12:42:08,245  INFO [jdbc.sqlonly] INSERT INTO tb_post (

          id
        , title
        , content
        , writer
        , view_cnt
        , notice_yn
        , delete_yn
        , created_date
        , modified_date

        ) VALUES (
              NULL
            , '65번 게시글 제목'
            , '65번 게시글 내용'
            , '테스터65'
            , 0
            , 0
            , 0
            , NOW()
            , NULL
        )

2023-04-12 12:42:08,246 DEBUG [com.study.domain.post.PostMapper.save] <==    Updates: 1
2023-04-12 12:42:08,247  INFO [jdbc.resultsettable] 
|----------|
|insert_id |
|----------|
|65        |
|----------|

2023-04-12 12:42:08,265 DEBUG [com.study.aop.LoggerAspect] Service ===> com.study.domain.post.PostService.savePost()
2023-04-12 12:42:08,266 DEBUG [com.study.aop.LoggerAspect] Mapper ===> com.study.domain.post.PostMapper.save()
2023-04-12 12:42:08,266 DEBUG [com.study.domain.post.PostMapper.save] ==>  Preparing: INSERT INTO tb_post ( id , title , content , writer , view_cnt , notice_yn , delete_yn , created_date , modified_date ) VALUES ( ? , ? , ? , ? , 0 , ? , 0 , NOW() , NULL )
2023-04-12 12:42:08,266 DEBUG [com.study.domain.post.PostMapper.save] ==> Parameters: null, 66번 게시글 제목(String), 66번 게시글 내용(String), 테스터66(String), false(Boolean)
2023-04-12 12:42:08,266  INFO [jdbc.sqlonly] INSERT INTO tb_post (

          id
        , title
        , content
        , writer
        , view_cnt
        , notice_yn
        , delete_yn
        , created_date
        , modified_date

        ) VALUES (
              NULL
            , '66번 게시글 제목'
            , '66번 게시글 내용'
            , '테스터66'
            , 0
            , 0
            , 0
            , NOW()
            , NULL
        )

2023-04-12 12:42:08,267 DEBUG [com.study.domain.post.PostMapper.save] <==    Updates: 1
2023-04-12 12:42:08,267  INFO [jdbc.resultsettable] 
|----------|
|insert_id |
|----------|
|66        |
|----------|

2023-04-12 12:42:08,270 DEBUG [com.study.aop.LoggerAspect] Service ===> com.study.domain.post.PostService.savePost()
2023-04-12 12:42:08,270 DEBUG [com.study.aop.LoggerAspect] Mapper ===> com.study.domain.post.PostMapper.save()
2023-04-12 12:42:08,270 DEBUG [com.study.domain.post.PostMapper.save] ==>  Preparing: INSERT INTO tb_post ( id , title , content , writer , view_cnt , notice_yn , delete_yn , created_date , modified_date ) VALUES ( ? , ? , ? , ? , 0 , ? , 0 , NOW() , NULL )
2023-04-12 12:42:08,270 DEBUG [com.study.domain.post.PostMapper.save] ==> Parameters: null, 67번 게시글 제목(String), 67번 게시글 내용(String), 테스터67(String), false(Boolean)
2023-04-12 12:42:08,271  INFO [jdbc.sqlonly] INSERT INTO tb_post (

          id
        , title
        , content
        , writer
        , view_cnt
        , notice_yn
        , delete_yn
        , created_date
        , modified_date

        ) VALUES (
              NULL
            , '67번 게시글 제목'
            , '67번 게시글 내용'
            , '테스터67'
            , 0
            , 0
            , 0
            , NOW()
            , NULL
        )

2023-04-12 12:42:08,271 DEBUG [com.study.domain.post.PostMapper.save] <==    Updates: 1
2023-04-12 12:42:08,272  INFO [jdbc.resultsettable] 
|----------|
|insert_id |
|----------|
|67        |
|----------|

2023-04-12 12:42:08,275 DEBUG [com.study.aop.LoggerAspect] Service ===> com.study.domain.post.PostService.savePost()
2023-04-12 12:42:08,275 DEBUG [com.study.aop.LoggerAspect] Mapper ===> com.study.domain.post.PostMapper.save()
2023-04-12 12:42:08,276 DEBUG [com.study.domain.post.PostMapper.save] ==>  Preparing: INSERT INTO tb_post ( id , title , content , writer , view_cnt , notice_yn , delete_yn , created_date , modified_date ) VALUES ( ? , ? , ? , ? , 0 , ? , 0 , NOW() , NULL )
2023-04-12 12:42:08,276 DEBUG [com.study.domain.post.PostMapper.save] ==> Parameters: null, 68번 게시글 제목(String), 68번 게시글 내용(String), 테스터68(String), false(Boolean)
2023-04-12 12:42:08,277  INFO [jdbc.sqlonly] INSERT INTO tb_post (

          id
        , title
        , content
        , writer
        , view_cnt
        , notice_yn
        , delete_yn
        , created_date
        , modified_date

        ) VALUES (
              NULL
            , '68번 게시글 제목'
            , '68번 게시글 내용'
            , '테스터68'
            , 0
            , 0
            , 0
            , NOW()
            , NULL
        )

2023-04-12 12:42:08,280 DEBUG [com.study.domain.post.PostMapper.save] <==    Updates: 1
2023-04-12 12:42:08,281  INFO [jdbc.resultsettable] 
|----------|
|insert_id |
|----------|
|68        |
|----------|

2023-04-12 12:42:08,285 DEBUG [com.study.aop.LoggerAspect] Service ===> com.study.domain.post.PostService.savePost()
2023-04-12 12:42:08,285 DEBUG [com.study.aop.LoggerAspect] Mapper ===> com.study.domain.post.PostMapper.save()
2023-04-12 12:42:08,285 DEBUG [com.study.domain.post.PostMapper.save] ==>  Preparing: INSERT INTO tb_post ( id , title , content , writer , view_cnt , notice_yn , delete_yn , created_date , modified_date ) VALUES ( ? , ? , ? , ? , 0 , ? , 0 , NOW() , NULL )
2023-04-12 12:42:08,286 DEBUG [com.study.domain.post.PostMapper.save] ==> Parameters: null, 69번 게시글 제목(String), 69번 게시글 내용(String), 테스터69(String), false(Boolean)
2023-04-12 12:42:08,286  INFO [jdbc.sqlonly] INSERT INTO tb_post (

          id
        , title
        , content
        , writer
        , view_cnt
        , notice_yn
        , delete_yn
        , created_date
        , modified_date

        ) VALUES (
              NULL
            , '69번 게시글 제목'
            , '69번 게시글 내용'
            , '테스터69'
            , 0
            , 0
            , 0
            , NOW()
            , NULL
        )

2023-04-12 12:42:08,286 DEBUG [com.study.domain.post.PostMapper.save] <==    Updates: 1
2023-04-12 12:42:08,287  INFO [jdbc.resultsettable] 
|----------|
|insert_id |
|----------|
|69        |
|----------|

2023-04-12 12:42:08,291 DEBUG [com.study.aop.LoggerAspect] Service ===> com.study.domain.post.PostService.savePost()
2023-04-12 12:42:08,291 DEBUG [com.study.aop.LoggerAspect] Mapper ===> com.study.domain.post.PostMapper.save()
2023-04-12 12:42:08,291 DEBUG [com.study.domain.post.PostMapper.save] ==>  Preparing: INSERT INTO tb_post ( id , title , content , writer , view_cnt , notice_yn , delete_yn , created_date , modified_date ) VALUES ( ? , ? , ? , ? , 0 , ? , 0 , NOW() , NULL )
2023-04-12 12:42:08,292 DEBUG [com.study.domain.post.PostMapper.save] ==> Parameters: null, 70번 게시글 제목(String), 70번 게시글 내용(String), 테스터70(String), false(Boolean)
2023-04-12 12:42:08,292  INFO [jdbc.sqlonly] INSERT INTO tb_post (

          id
        , title
        , content
        , writer
        , view_cnt
        , notice_yn
        , delete_yn
        , created_date
        , modified_date

        ) VALUES (
              NULL
            , '70번 게시글 제목'
            , '70번 게시글 내용'
            , '테스터70'
            , 0
            , 0
            , 0
            , NOW()
            , NULL
        )

2023-04-12 12:42:08,292 DEBUG [com.study.domain.post.PostMapper.save] <==    Updates: 1
2023-04-12 12:42:08,293  INFO [jdbc.resultsettable] 
|----------|
|insert_id |
|----------|
|70        |
|----------|

2023-04-12 12:42:08,301 DEBUG [com.study.aop.LoggerAspect] Service ===> com.study.domain.post.PostService.savePost()
2023-04-12 12:42:08,302 DEBUG [com.study.aop.LoggerAspect] Mapper ===> com.study.domain.post.PostMapper.save()
2023-04-12 12:42:08,302 DEBUG [com.study.domain.post.PostMapper.save] ==>  Preparing: INSERT INTO tb_post ( id , title , content , writer , view_cnt , notice_yn , delete_yn , created_date , modified_date ) VALUES ( ? , ? , ? , ? , 0 , ? , 0 , NOW() , NULL )
2023-04-12 12:42:08,302 DEBUG [com.study.domain.post.PostMapper.save] ==> Parameters: null, 71번 게시글 제목(String), 71번 게시글 내용(String), 테스터71(String), false(Boolean)
2023-04-12 12:42:08,302  INFO [jdbc.sqlonly] INSERT INTO tb_post (

          id
        , title
        , content
        , writer
        , view_cnt
        , notice_yn
        , delete_yn
        , created_date
        , modified_date

        ) VALUES (
              NULL
            , '71번 게시글 제목'
            , '71번 게시글 내용'
            , '테스터71'
            , 0
            , 0
            , 0
            , NOW()
            , NULL
        )

2023-04-12 12:42:08,303 DEBUG [com.study.domain.post.PostMapper.save] <==    Updates: 1
2023-04-12 12:42:08,303  INFO [jdbc.resultsettable] 
|----------|
|insert_id |
|----------|
|71        |
|----------|

2023-04-12 12:42:08,307 DEBUG [com.study.aop.LoggerAspect] Service ===> com.study.domain.post.PostService.savePost()
2023-04-12 12:42:08,307 DEBUG [com.study.aop.LoggerAspect] Mapper ===> com.study.domain.post.PostMapper.save()
2023-04-12 12:42:08,307 DEBUG [com.study.domain.post.PostMapper.save] ==>  Preparing: INSERT INTO tb_post ( id , title , content , writer , view_cnt , notice_yn , delete_yn , created_date , modified_date ) VALUES ( ? , ? , ? , ? , 0 , ? , 0 , NOW() , NULL )
2023-04-12 12:42:08,307 DEBUG [com.study.domain.post.PostMapper.save] ==> Parameters: null, 72번 게시글 제목(String), 72번 게시글 내용(String), 테스터72(String), false(Boolean)
2023-04-12 12:42:08,307  INFO [jdbc.sqlonly] INSERT INTO tb_post (

          id
        , title
        , content
        , writer
        , view_cnt
        , notice_yn
        , delete_yn
        , created_date
        , modified_date

        ) VALUES (
              NULL
            , '72번 게시글 제목'
            , '72번 게시글 내용'
            , '테스터72'
            , 0
            , 0
            , 0
            , NOW()
            , NULL
        )

2023-04-12 12:42:08,308 DEBUG [com.study.domain.post.PostMapper.save] <==    Updates: 1
2023-04-12 12:42:08,309  INFO [jdbc.resultsettable] 
|----------|
|insert_id |
|----------|
|72        |
|----------|

2023-04-12 12:42:08,312 DEBUG [com.study.aop.LoggerAspect] Service ===> com.study.domain.post.PostService.savePost()
2023-04-12 12:42:08,312 DEBUG [com.study.aop.LoggerAspect] Mapper ===> com.study.domain.post.PostMapper.save()
2023-04-12 12:42:08,312 DEBUG [com.study.domain.post.PostMapper.save] ==>  Preparing: INSERT INTO tb_post ( id , title , content , writer , view_cnt , notice_yn , delete_yn , created_date , modified_date ) VALUES ( ? , ? , ? , ? , 0 , ? , 0 , NOW() , NULL )
2023-04-12 12:42:08,312 DEBUG [com.study.domain.post.PostMapper.save] ==> Parameters: null, 73번 게시글 제목(String), 73번 게시글 내용(String), 테스터73(String), false(Boolean)
2023-04-12 12:42:08,312  INFO [jdbc.sqlonly] INSERT INTO tb_post (

          id
        , title
        , content
        , writer
        , view_cnt
        , notice_yn
        , delete_yn
        , created_date
        , modified_date

        ) VALUES (
              NULL
            , '73번 게시글 제목'
            , '73번 게시글 내용'
            , '테스터73'
            , 0
            , 0
            , 0
            , NOW()
            , NULL
        )

2023-04-12 12:42:08,313 DEBUG [com.study.domain.post.PostMapper.save] <==    Updates: 1
2023-04-12 12:42:08,314  INFO [jdbc.resultsettable] 
|----------|
|insert_id |
|----------|
|73        |
|----------|

2023-04-12 12:42:08,319 DEBUG [com.study.aop.LoggerAspect] Service ===> com.study.domain.post.PostService.savePost()
2023-04-12 12:42:08,319 DEBUG [com.study.aop.LoggerAspect] Mapper ===> com.study.domain.post.PostMapper.save()
2023-04-12 12:42:08,319 DEBUG [com.study.domain.post.PostMapper.save] ==>  Preparing: INSERT INTO tb_post ( id , title , content , writer , view_cnt , notice_yn , delete_yn , created_date , modified_date ) VALUES ( ? , ? , ? , ? , 0 , ? , 0 , NOW() , NULL )
2023-04-12 12:42:08,319 DEBUG [com.study.domain.post.PostMapper.save] ==> Parameters: null, 74번 게시글 제목(String), 74번 게시글 내용(String), 테스터74(String), false(Boolean)
2023-04-12 12:42:08,320  INFO [jdbc.sqlonly] INSERT INTO tb_post (

          id
        , title
        , content
        , writer
        , view_cnt
        , notice_yn
        , delete_yn
        , created_date
        , modified_date

        ) VALUES (
              NULL
            , '74번 게시글 제목'
            , '74번 게시글 내용'
            , '테스터74'
            , 0
            , 0
            , 0
            , NOW()
            , NULL
        )

2023-04-12 12:42:08,323 DEBUG [com.study.domain.post.PostMapper.save] <==    Updates: 1
2023-04-12 12:42:08,323  INFO [jdbc.resultsettable] 
|----------|
|insert_id |
|----------|
|74        |
|----------|

2023-04-12 12:42:08,327 DEBUG [com.study.aop.LoggerAspect] Service ===> com.study.domain.post.PostService.savePost()
2023-04-12 12:42:08,327 DEBUG [com.study.aop.LoggerAspect] Mapper ===> com.study.domain.post.PostMapper.save()
2023-04-12 12:42:08,327 DEBUG [com.study.domain.post.PostMapper.save] ==>  Preparing: INSERT INTO tb_post ( id , title , content , writer , view_cnt , notice_yn , delete_yn , created_date , modified_date ) VALUES ( ? , ? , ? , ? , 0 , ? , 0 , NOW() , NULL )
2023-04-12 12:42:08,327 DEBUG [com.study.domain.post.PostMapper.save] ==> Parameters: null, 75번 게시글 제목(String), 75번 게시글 내용(String), 테스터75(String), false(Boolean)
2023-04-12 12:42:08,327  INFO [jdbc.sqlonly] INSERT INTO tb_post (

          id
        , title
        , content
        , writer
        , view_cnt
        , notice_yn
        , delete_yn
        , created_date
        , modified_date

        ) VALUES (
              NULL
            , '75번 게시글 제목'
            , '75번 게시글 내용'
            , '테스터75'
            , 0
            , 0
            , 0
            , NOW()
            , NULL
        )

2023-04-12 12:42:08,329 DEBUG [com.study.domain.post.PostMapper.save] <==    Updates: 1
2023-04-12 12:42:08,330  INFO [jdbc.resultsettable] 
|----------|
|insert_id |
|----------|
|75        |
|----------|

2023-04-12 12:42:08,334 DEBUG [com.study.aop.LoggerAspect] Service ===> com.study.domain.post.PostService.savePost()
2023-04-12 12:42:08,334 DEBUG [com.study.aop.LoggerAspect] Mapper ===> com.study.domain.post.PostMapper.save()
2023-04-12 12:42:08,335 DEBUG [com.study.domain.post.PostMapper.save] ==>  Preparing: INSERT INTO tb_post ( id , title , content , writer , view_cnt , notice_yn , delete_yn , created_date , modified_date ) VALUES ( ? , ? , ? , ? , 0 , ? , 0 , NOW() , NULL )
2023-04-12 12:42:08,335 DEBUG [com.study.domain.post.PostMapper.save] ==> Parameters: null, 76번 게시글 제목(String), 76번 게시글 내용(String), 테스터76(String), false(Boolean)
2023-04-12 12:42:08,335  INFO [jdbc.sqlonly] INSERT INTO tb_post (

          id
        , title
        , content
        , writer
        , view_cnt
        , notice_yn
        , delete_yn
        , created_date
        , modified_date

        ) VALUES (
              NULL
            , '76번 게시글 제목'
            , '76번 게시글 내용'
            , '테스터76'
            , 0
            , 0
            , 0
            , NOW()
            , NULL
        )

2023-04-12 12:42:08,335 DEBUG [com.study.domain.post.PostMapper.save] <==    Updates: 1
2023-04-12 12:42:08,336  INFO [jdbc.resultsettable] 
|----------|
|insert_id |
|----------|
|76        |
|----------|

2023-04-12 12:42:08,339 DEBUG [com.study.aop.LoggerAspect] Service ===> com.study.domain.post.PostService.savePost()
2023-04-12 12:42:08,339 DEBUG [com.study.aop.LoggerAspect] Mapper ===> com.study.domain.post.PostMapper.save()
2023-04-12 12:42:08,340 DEBUG [com.study.domain.post.PostMapper.save] ==>  Preparing: INSERT INTO tb_post ( id , title , content , writer , view_cnt , notice_yn , delete_yn , created_date , modified_date ) VALUES ( ? , ? , ? , ? , 0 , ? , 0 , NOW() , NULL )
2023-04-12 12:42:08,340 DEBUG [com.study.domain.post.PostMapper.save] ==> Parameters: null, 77번 게시글 제목(String), 77번 게시글 내용(String), 테스터77(String), false(Boolean)
2023-04-12 12:42:08,340  INFO [jdbc.sqlonly] INSERT INTO tb_post (

          id
        , title
        , content
        , writer
        , view_cnt
        , notice_yn
        , delete_yn
        , created_date
        , modified_date

        ) VALUES (
              NULL
            , '77번 게시글 제목'
            , '77번 게시글 내용'
            , '테스터77'
            , 0
            , 0
            , 0
            , NOW()
            , NULL
        )

2023-04-12 12:42:08,341 DEBUG [com.study.domain.post.PostMapper.save] <==    Updates: 1
2023-04-12 12:42:08,341  INFO [jdbc.resultsettable] 
|----------|
|insert_id |
|----------|
|77        |
|----------|

2023-04-12 12:42:08,344 DEBUG [com.study.aop.LoggerAspect] Service ===> com.study.domain.post.PostService.savePost()
2023-04-12 12:42:08,344 DEBUG [com.study.aop.LoggerAspect] Mapper ===> com.study.domain.post.PostMapper.save()
2023-04-12 12:42:08,344 DEBUG [com.study.domain.post.PostMapper.save] ==>  Preparing: INSERT INTO tb_post ( id , title , content , writer , view_cnt , notice_yn , delete_yn , created_date , modified_date ) VALUES ( ? , ? , ? , ? , 0 , ? , 0 , NOW() , NULL )
2023-04-12 12:42:08,345 DEBUG [com.study.domain.post.PostMapper.save] ==> Parameters: null, 78번 게시글 제목(String), 78번 게시글 내용(String), 테스터78(String), false(Boolean)
2023-04-12 12:42:08,346  INFO [jdbc.sqlonly] INSERT INTO tb_post (

          id
        , title
        , content
        , writer
        , view_cnt
        , notice_yn
        , delete_yn
        , created_date
        , modified_date

        ) VALUES (
              NULL
            , '78번 게시글 제목'
            , '78번 게시글 내용'
            , '테스터78'
            , 0
            , 0
            , 0
            , NOW()
            , NULL
        )

2023-04-12 12:42:08,348 DEBUG [com.study.domain.post.PostMapper.save] <==    Updates: 1
2023-04-12 12:42:08,348  INFO [jdbc.resultsettable] 
|----------|
|insert_id |
|----------|
|78        |
|----------|

2023-04-12 12:42:08,351 DEBUG [com.study.aop.LoggerAspect] Service ===> com.study.domain.post.PostService.savePost()
2023-04-12 12:42:08,351 DEBUG [com.study.aop.LoggerAspect] Mapper ===> com.study.domain.post.PostMapper.save()
2023-04-12 12:42:08,352 DEBUG [com.study.domain.post.PostMapper.save] ==>  Preparing: INSERT INTO tb_post ( id , title , content , writer , view_cnt , notice_yn , delete_yn , created_date , modified_date ) VALUES ( ? , ? , ? , ? , 0 , ? , 0 , NOW() , NULL )
2023-04-12 12:42:08,352 DEBUG [com.study.domain.post.PostMapper.save] ==> Parameters: null, 79번 게시글 제목(String), 79번 게시글 내용(String), 테스터79(String), false(Boolean)
2023-04-12 12:42:08,352  INFO [jdbc.sqlonly] INSERT INTO tb_post (

          id
        , title
        , content
        , writer
        , view_cnt
        , notice_yn
        , delete_yn
        , created_date
        , modified_date

        ) VALUES (
              NULL
            , '79번 게시글 제목'
            , '79번 게시글 내용'
            , '테스터79'
            , 0
            , 0
            , 0
            , NOW()
            , NULL
        )

2023-04-12 12:42:08,353 DEBUG [com.study.domain.post.PostMapper.save] <==    Updates: 1
2023-04-12 12:42:08,353  INFO [jdbc.resultsettable] 
|----------|
|insert_id |
|----------|
|79        |
|----------|

2023-04-12 12:42:08,356 DEBUG [com.study.aop.LoggerAspect] Service ===> com.study.domain.post.PostService.savePost()
2023-04-12 12:42:08,356 DEBUG [com.study.aop.LoggerAspect] Mapper ===> com.study.domain.post.PostMapper.save()
2023-04-12 12:42:08,356 DEBUG [com.study.domain.post.PostMapper.save] ==>  Preparing: INSERT INTO tb_post ( id , title , content , writer , view_cnt , notice_yn , delete_yn , created_date , modified_date ) VALUES ( ? , ? , ? , ? , 0 , ? , 0 , NOW() , NULL )
2023-04-12 12:42:08,356 DEBUG [com.study.domain.post.PostMapper.save] ==> Parameters: null, 80번 게시글 제목(String), 80번 게시글 내용(String), 테스터80(String), false(Boolean)
2023-04-12 12:42:08,356  INFO [jdbc.sqlonly] INSERT INTO tb_post (

          id
        , title
        , content
        , writer
        , view_cnt
        , notice_yn
        , delete_yn
        , created_date
        , modified_date

        ) VALUES (
              NULL
            , '80번 게시글 제목'
            , '80번 게시글 내용'
            , '테스터80'
            , 0
            , 0
            , 0
            , NOW()
            , NULL
        )

2023-04-12 12:42:08,357 DEBUG [com.study.domain.post.PostMapper.save] <==    Updates: 1
2023-04-12 12:42:08,357  INFO [jdbc.resultsettable] 
|----------|
|insert_id |
|----------|
|80        |
|----------|

2023-04-12 12:42:08,359 DEBUG [com.study.aop.LoggerAspect] Service ===> com.study.domain.post.PostService.savePost()
2023-04-12 12:42:08,359 DEBUG [com.study.aop.LoggerAspect] Mapper ===> com.study.domain.post.PostMapper.save()
2023-04-12 12:42:08,360 DEBUG [com.study.domain.post.PostMapper.save] ==>  Preparing: INSERT INTO tb_post ( id , title , content , writer , view_cnt , notice_yn , delete_yn , created_date , modified_date ) VALUES ( ? , ? , ? , ? , 0 , ? , 0 , NOW() , NULL )
2023-04-12 12:42:08,360 DEBUG [com.study.domain.post.PostMapper.save] ==> Parameters: null, 81번 게시글 제목(String), 81번 게시글 내용(String), 테스터81(String), false(Boolean)
2023-04-12 12:42:08,360  INFO [jdbc.sqlonly] INSERT INTO tb_post (

          id
        , title
        , content
        , writer
        , view_cnt
        , notice_yn
        , delete_yn
        , created_date
        , modified_date

        ) VALUES (
              NULL
            , '81번 게시글 제목'
            , '81번 게시글 내용'
            , '테스터81'
            , 0
            , 0
            , 0
            , NOW()
            , NULL
        )

2023-04-12 12:42:08,360 DEBUG [com.study.domain.post.PostMapper.save] <==    Updates: 1
2023-04-12 12:42:08,361  INFO [jdbc.resultsettable] 
|----------|
|insert_id |
|----------|
|81        |
|----------|

2023-04-12 12:42:08,362 DEBUG [com.study.aop.LoggerAspect] Service ===> com.study.domain.post.PostService.savePost()
2023-04-12 12:42:08,363 DEBUG [com.study.aop.LoggerAspect] Mapper ===> com.study.domain.post.PostMapper.save()
2023-04-12 12:42:08,363 DEBUG [com.study.domain.post.PostMapper.save] ==>  Preparing: INSERT INTO tb_post ( id , title , content , writer , view_cnt , notice_yn , delete_yn , created_date , modified_date ) VALUES ( ? , ? , ? , ? , 0 , ? , 0 , NOW() , NULL )
2023-04-12 12:42:08,363 DEBUG [com.study.domain.post.PostMapper.save] ==> Parameters: null, 82번 게시글 제목(String), 82번 게시글 내용(String), 테스터82(String), false(Boolean)
2023-04-12 12:42:08,363  INFO [jdbc.sqlonly] INSERT INTO tb_post (

          id
        , title
        , content
        , writer
        , view_cnt
        , notice_yn
        , delete_yn
        , created_date
        , modified_date

        ) VALUES (
              NULL
            , '82번 게시글 제목'
            , '82번 게시글 내용'
            , '테스터82'
            , 0
            , 0
            , 0
            , NOW()
            , NULL
        )

2023-04-12 12:42:08,364 DEBUG [com.study.domain.post.PostMapper.save] <==    Updates: 1
2023-04-12 12:42:08,364  INFO [jdbc.resultsettable] 
|----------|
|insert_id |
|----------|
|82        |
|----------|

2023-04-12 12:42:08,366 DEBUG [com.study.aop.LoggerAspect] Service ===> com.study.domain.post.PostService.savePost()
2023-04-12 12:42:08,366 DEBUG [com.study.aop.LoggerAspect] Mapper ===> com.study.domain.post.PostMapper.save()
2023-04-12 12:42:08,367 DEBUG [com.study.domain.post.PostMapper.save] ==>  Preparing: INSERT INTO tb_post ( id , title , content , writer , view_cnt , notice_yn , delete_yn , created_date , modified_date ) VALUES ( ? , ? , ? , ? , 0 , ? , 0 , NOW() , NULL )
2023-04-12 12:42:08,367 DEBUG [com.study.domain.post.PostMapper.save] ==> Parameters: null, 83번 게시글 제목(String), 83번 게시글 내용(String), 테스터83(String), false(Boolean)
2023-04-12 12:42:08,367  INFO [jdbc.sqlonly] INSERT INTO tb_post (

          id
        , title
        , content
        , writer
        , view_cnt
        , notice_yn
        , delete_yn
        , created_date
        , modified_date

        ) VALUES (
              NULL
            , '83번 게시글 제목'
            , '83번 게시글 내용'
            , '테스터83'
            , 0
            , 0
            , 0
            , NOW()
            , NULL
        )

2023-04-12 12:42:08,367 DEBUG [com.study.domain.post.PostMapper.save] <==    Updates: 1
2023-04-12 12:42:08,368  INFO [jdbc.resultsettable] 
|----------|
|insert_id |
|----------|
|83        |
|----------|

2023-04-12 12:42:08,370 DEBUG [com.study.aop.LoggerAspect] Service ===> com.study.domain.post.PostService.savePost()
2023-04-12 12:42:08,370 DEBUG [com.study.aop.LoggerAspect] Mapper ===> com.study.domain.post.PostMapper.save()
2023-04-12 12:42:08,370 DEBUG [com.study.domain.post.PostMapper.save] ==>  Preparing: INSERT INTO tb_post ( id , title , content , writer , view_cnt , notice_yn , delete_yn , created_date , modified_date ) VALUES ( ? , ? , ? , ? , 0 , ? , 0 , NOW() , NULL )
2023-04-12 12:42:08,370 DEBUG [com.study.domain.post.PostMapper.save] ==> Parameters: null, 84번 게시글 제목(String), 84번 게시글 내용(String), 테스터84(String), false(Boolean)
2023-04-12 12:42:08,370  INFO [jdbc.sqlonly] INSERT INTO tb_post (

          id
        , title
        , content
        , writer
        , view_cnt
        , notice_yn
        , delete_yn
        , created_date
        , modified_date

        ) VALUES (
              NULL
            , '84번 게시글 제목'
            , '84번 게시글 내용'
            , '테스터84'
            , 0
            , 0
            , 0
            , NOW()
            , NULL
        )

2023-04-12 12:42:08,371 DEBUG [com.study.domain.post.PostMapper.save] <==    Updates: 1
2023-04-12 12:42:08,371  INFO [jdbc.resultsettable] 
|----------|
|insert_id |
|----------|
|84        |
|----------|

2023-04-12 12:42:08,373 DEBUG [com.study.aop.LoggerAspect] Service ===> com.study.domain.post.PostService.savePost()
2023-04-12 12:42:08,373 DEBUG [com.study.aop.LoggerAspect] Mapper ===> com.study.domain.post.PostMapper.save()
2023-04-12 12:42:08,373 DEBUG [com.study.domain.post.PostMapper.save] ==>  Preparing: INSERT INTO tb_post ( id , title , content , writer , view_cnt , notice_yn , delete_yn , created_date , modified_date ) VALUES ( ? , ? , ? , ? , 0 , ? , 0 , NOW() , NULL )
2023-04-12 12:42:08,374 DEBUG [com.study.domain.post.PostMapper.save] ==> Parameters: null, 85번 게시글 제목(String), 85번 게시글 내용(String), 테스터85(String), false(Boolean)
2023-04-12 12:42:08,374  INFO [jdbc.sqlonly] INSERT INTO tb_post (

          id
        , title
        , content
        , writer
        , view_cnt
        , notice_yn
        , delete_yn
        , created_date
        , modified_date

        ) VALUES (
              NULL
            , '85번 게시글 제목'
            , '85번 게시글 내용'
            , '테스터85'
            , 0
            , 0
            , 0
            , NOW()
            , NULL
        )

2023-04-12 12:42:08,374 DEBUG [com.study.domain.post.PostMapper.save] <==    Updates: 1
2023-04-12 12:42:08,374  INFO [jdbc.resultsettable] 
|----------|
|insert_id |
|----------|
|85        |
|----------|

2023-04-12 12:42:08,377 DEBUG [com.study.aop.LoggerAspect] Service ===> com.study.domain.post.PostService.savePost()
2023-04-12 12:42:08,377 DEBUG [com.study.aop.LoggerAspect] Mapper ===> com.study.domain.post.PostMapper.save()
2023-04-12 12:42:08,377 DEBUG [com.study.domain.post.PostMapper.save] ==>  Preparing: INSERT INTO tb_post ( id , title , content , writer , view_cnt , notice_yn , delete_yn , created_date , modified_date ) VALUES ( ? , ? , ? , ? , 0 , ? , 0 , NOW() , NULL )
2023-04-12 12:42:08,377 DEBUG [com.study.domain.post.PostMapper.save] ==> Parameters: null, 86번 게시글 제목(String), 86번 게시글 내용(String), 테스터86(String), false(Boolean)
2023-04-12 12:42:08,377  INFO [jdbc.sqlonly] INSERT INTO tb_post (

          id
        , title
        , content
        , writer
        , view_cnt
        , notice_yn
        , delete_yn
        , created_date
        , modified_date

        ) VALUES (
              NULL
            , '86번 게시글 제목'
            , '86번 게시글 내용'
            , '테스터86'
            , 0
            , 0
            , 0
            , NOW()
            , NULL
        )

2023-04-12 12:42:08,378 DEBUG [com.study.domain.post.PostMapper.save] <==    Updates: 1
2023-04-12 12:42:08,378  INFO [jdbc.resultsettable] 
|----------|
|insert_id |
|----------|
|86        |
|----------|

2023-04-12 12:42:08,381 DEBUG [com.study.aop.LoggerAspect] Service ===> com.study.domain.post.PostService.savePost()
2023-04-12 12:42:08,381 DEBUG [com.study.aop.LoggerAspect] Mapper ===> com.study.domain.post.PostMapper.save()
2023-04-12 12:42:08,381 DEBUG [com.study.domain.post.PostMapper.save] ==>  Preparing: INSERT INTO tb_post ( id , title , content , writer , view_cnt , notice_yn , delete_yn , created_date , modified_date ) VALUES ( ? , ? , ? , ? , 0 , ? , 0 , NOW() , NULL )
2023-04-12 12:42:08,382 DEBUG [com.study.domain.post.PostMapper.save] ==> Parameters: null, 87번 게시글 제목(String), 87번 게시글 내용(String), 테스터87(String), false(Boolean)
2023-04-12 12:42:08,382  INFO [jdbc.sqlonly] INSERT INTO tb_post (

          id
        , title
        , content
        , writer
        , view_cnt
        , notice_yn
        , delete_yn
        , created_date
        , modified_date

        ) VALUES (
              NULL
            , '87번 게시글 제목'
            , '87번 게시글 내용'
            , '테스터87'
            , 0
            , 0
            , 0
            , NOW()
            , NULL
        )

2023-04-12 12:42:08,382 DEBUG [com.study.domain.post.PostMapper.save] <==    Updates: 1
2023-04-12 12:42:08,382  INFO [jdbc.resultsettable] 
|----------|
|insert_id |
|----------|
|87        |
|----------|

2023-04-12 12:42:08,384 DEBUG [com.study.aop.LoggerAspect] Service ===> com.study.domain.post.PostService.savePost()
2023-04-12 12:42:08,384 DEBUG [com.study.aop.LoggerAspect] Mapper ===> com.study.domain.post.PostMapper.save()
2023-04-12 12:42:08,385 DEBUG [com.study.domain.post.PostMapper.save] ==>  Preparing: INSERT INTO tb_post ( id , title , content , writer , view_cnt , notice_yn , delete_yn , created_date , modified_date ) VALUES ( ? , ? , ? , ? , 0 , ? , 0 , NOW() , NULL )
2023-04-12 12:42:08,385 DEBUG [com.study.domain.post.PostMapper.save] ==> Parameters: null, 88번 게시글 제목(String), 88번 게시글 내용(String), 테스터88(String), false(Boolean)
2023-04-12 12:42:08,385  INFO [jdbc.sqlonly] INSERT INTO tb_post (

          id
        , title
        , content
        , writer
        , view_cnt
        , notice_yn
        , delete_yn
        , created_date
        , modified_date

        ) VALUES (
              NULL
            , '88번 게시글 제목'
            , '88번 게시글 내용'
            , '테스터88'
            , 0
            , 0
            , 0
            , NOW()
            , NULL
        )

2023-04-12 12:42:08,385 DEBUG [com.study.domain.post.PostMapper.save] <==    Updates: 1
2023-04-12 12:42:08,385  INFO [jdbc.resultsettable] 
|----------|
|insert_id |
|----------|
|88        |
|----------|

2023-04-12 12:42:08,387 DEBUG [com.study.aop.LoggerAspect] Service ===> com.study.domain.post.PostService.savePost()
2023-04-12 12:42:08,387 DEBUG [com.study.aop.LoggerAspect] Mapper ===> com.study.domain.post.PostMapper.save()
2023-04-12 12:42:08,387 DEBUG [com.study.domain.post.PostMapper.save] ==>  Preparing: INSERT INTO tb_post ( id , title , content , writer , view_cnt , notice_yn , delete_yn , created_date , modified_date ) VALUES ( ? , ? , ? , ? , 0 , ? , 0 , NOW() , NULL )
2023-04-12 12:42:08,387 DEBUG [com.study.domain.post.PostMapper.save] ==> Parameters: null, 89번 게시글 제목(String), 89번 게시글 내용(String), 테스터89(String), false(Boolean)
2023-04-12 12:42:08,387  INFO [jdbc.sqlonly] INSERT INTO tb_post (

          id
        , title
        , content
        , writer
        , view_cnt
        , notice_yn
        , delete_yn
        , created_date
        , modified_date

        ) VALUES (
              NULL
            , '89번 게시글 제목'
            , '89번 게시글 내용'
            , '테스터89'
            , 0
            , 0
            , 0
            , NOW()
            , NULL
        )

2023-04-12 12:42:08,388 DEBUG [com.study.domain.post.PostMapper.save] <==    Updates: 1
2023-04-12 12:42:08,388  INFO [jdbc.resultsettable] 
|----------|
|insert_id |
|----------|
|89        |
|----------|

2023-04-12 12:42:08,390 DEBUG [com.study.aop.LoggerAspect] Service ===> com.study.domain.post.PostService.savePost()
2023-04-12 12:42:08,390 DEBUG [com.study.aop.LoggerAspect] Mapper ===> com.study.domain.post.PostMapper.save()
2023-04-12 12:42:08,390 DEBUG [com.study.domain.post.PostMapper.save] ==>  Preparing: INSERT INTO tb_post ( id , title , content , writer , view_cnt , notice_yn , delete_yn , created_date , modified_date ) VALUES ( ? , ? , ? , ? , 0 , ? , 0 , NOW() , NULL )
2023-04-12 12:42:08,390 DEBUG [com.study.domain.post.PostMapper.save] ==> Parameters: null, 90번 게시글 제목(String), 90번 게시글 내용(String), 테스터90(String), false(Boolean)
2023-04-12 12:42:08,390  INFO [jdbc.sqlonly] INSERT INTO tb_post (

          id
        , title
        , content
        , writer
        , view_cnt
        , notice_yn
        , delete_yn
        , created_date
        , modified_date

        ) VALUES (
              NULL
            , '90번 게시글 제목'
            , '90번 게시글 내용'
            , '테스터90'
            , 0
            , 0
            , 0
            , NOW()
            , NULL
        )

2023-04-12 12:42:08,390 DEBUG [com.study.domain.post.PostMapper.save] <==    Updates: 1
2023-04-12 12:42:08,391  INFO [jdbc.resultsettable] 
|----------|
|insert_id |
|----------|
|90        |
|----------|

2023-04-12 12:42:08,393 DEBUG [com.study.aop.LoggerAspect] Service ===> com.study.domain.post.PostService.savePost()
2023-04-12 12:42:08,393 DEBUG [com.study.aop.LoggerAspect] Mapper ===> com.study.domain.post.PostMapper.save()
2023-04-12 12:42:08,393 DEBUG [com.study.domain.post.PostMapper.save] ==>  Preparing: INSERT INTO tb_post ( id , title , content , writer , view_cnt , notice_yn , delete_yn , created_date , modified_date ) VALUES ( ? , ? , ? , ? , 0 , ? , 0 , NOW() , NULL )
2023-04-12 12:42:08,393 DEBUG [com.study.domain.post.PostMapper.save] ==> Parameters: null, 91번 게시글 제목(String), 91번 게시글 내용(String), 테스터91(String), false(Boolean)
2023-04-12 12:42:08,393  INFO [jdbc.sqlonly] INSERT INTO tb_post (

          id
        , title
        , content
        , writer
        , view_cnt
        , notice_yn
        , delete_yn
        , created_date
        , modified_date

        ) VALUES (
              NULL
            , '91번 게시글 제목'
            , '91번 게시글 내용'
            , '테스터91'
            , 0
            , 0
            , 0
            , NOW()
            , NULL
        )

2023-04-12 12:42:08,394 DEBUG [com.study.domain.post.PostMapper.save] <==    Updates: 1
2023-04-12 12:42:08,394  INFO [jdbc.resultsettable] 
|----------|
|insert_id |
|----------|
|91        |
|----------|

2023-04-12 12:42:08,396 DEBUG [com.study.aop.LoggerAspect] Service ===> com.study.domain.post.PostService.savePost()
2023-04-12 12:42:08,396 DEBUG [com.study.aop.LoggerAspect] Mapper ===> com.study.domain.post.PostMapper.save()
2023-04-12 12:42:08,396 DEBUG [com.study.domain.post.PostMapper.save] ==>  Preparing: INSERT INTO tb_post ( id , title , content , writer , view_cnt , notice_yn , delete_yn , created_date , modified_date ) VALUES ( ? , ? , ? , ? , 0 , ? , 0 , NOW() , NULL )
2023-04-12 12:42:08,396 DEBUG [com.study.domain.post.PostMapper.save] ==> Parameters: null, 92번 게시글 제목(String), 92번 게시글 내용(String), 테스터92(String), false(Boolean)
2023-04-12 12:42:08,396  INFO [jdbc.sqlonly] INSERT INTO tb_post (

          id
        , title
        , content
        , writer
        , view_cnt
        , notice_yn
        , delete_yn
        , created_date
        , modified_date

        ) VALUES (
              NULL
            , '92번 게시글 제목'
            , '92번 게시글 내용'
            , '테스터92'
            , 0
            , 0
            , 0
            , NOW()
            , NULL
        )

2023-04-12 12:42:08,397 DEBUG [com.study.domain.post.PostMapper.save] <==    Updates: 1
2023-04-12 12:42:08,397  INFO [jdbc.resultsettable] 
|----------|
|insert_id |
|----------|
|92        |
|----------|

2023-04-12 12:42:08,399 DEBUG [com.study.aop.LoggerAspect] Service ===> com.study.domain.post.PostService.savePost()
2023-04-12 12:42:08,399 DEBUG [com.study.aop.LoggerAspect] Mapper ===> com.study.domain.post.PostMapper.save()
2023-04-12 12:42:08,399 DEBUG [com.study.domain.post.PostMapper.save] ==>  Preparing: INSERT INTO tb_post ( id , title , content , writer , view_cnt , notice_yn , delete_yn , created_date , modified_date ) VALUES ( ? , ? , ? , ? , 0 , ? , 0 , NOW() , NULL )
2023-04-12 12:42:08,399 DEBUG [com.study.domain.post.PostMapper.save] ==> Parameters: null, 93번 게시글 제목(String), 93번 게시글 내용(String), 테스터93(String), false(Boolean)
2023-04-12 12:42:08,399  INFO [jdbc.sqlonly] INSERT INTO tb_post (

          id
        , title
        , content
        , writer
        , view_cnt
        , notice_yn
        , delete_yn
        , created_date
        , modified_date

        ) VALUES (
              NULL
            , '93번 게시글 제목'
            , '93번 게시글 내용'
            , '테스터93'
            , 0
            , 0
            , 0
            , NOW()
            , NULL
        )

2023-04-12 12:42:08,400 DEBUG [com.study.domain.post.PostMapper.save] <==    Updates: 1
2023-04-12 12:42:08,400  INFO [jdbc.resultsettable] 
|----------|
|insert_id |
|----------|
|93        |
|----------|

2023-04-12 12:42:08,402 DEBUG [com.study.aop.LoggerAspect] Service ===> com.study.domain.post.PostService.savePost()
2023-04-12 12:42:08,402 DEBUG [com.study.aop.LoggerAspect] Mapper ===> com.study.domain.post.PostMapper.save()
2023-04-12 12:42:08,403 DEBUG [com.study.domain.post.PostMapper.save] ==>  Preparing: INSERT INTO tb_post ( id , title , content , writer , view_cnt , notice_yn , delete_yn , created_date , modified_date ) VALUES ( ? , ? , ? , ? , 0 , ? , 0 , NOW() , NULL )
2023-04-12 12:42:08,403 DEBUG [com.study.domain.post.PostMapper.save] ==> Parameters: null, 94번 게시글 제목(String), 94번 게시글 내용(String), 테스터94(String), false(Boolean)
2023-04-12 12:42:08,403  INFO [jdbc.sqlonly] INSERT INTO tb_post (

          id
        , title
        , content
        , writer
        , view_cnt
        , notice_yn
        , delete_yn
        , created_date
        , modified_date

        ) VALUES (
              NULL
            , '94번 게시글 제목'
            , '94번 게시글 내용'
            , '테스터94'
            , 0
            , 0
            , 0
            , NOW()
            , NULL
        )

2023-04-12 12:42:08,404 DEBUG [com.study.domain.post.PostMapper.save] <==    Updates: 1
2023-04-12 12:42:08,404  INFO [jdbc.resultsettable] 
|----------|
|insert_id |
|----------|
|94        |
|----------|

2023-04-12 12:42:08,406 DEBUG [com.study.aop.LoggerAspect] Service ===> com.study.domain.post.PostService.savePost()
2023-04-12 12:42:08,406 DEBUG [com.study.aop.LoggerAspect] Mapper ===> com.study.domain.post.PostMapper.save()
2023-04-12 12:42:08,406 DEBUG [com.study.domain.post.PostMapper.save] ==>  Preparing: INSERT INTO tb_post ( id , title , content , writer , view_cnt , notice_yn , delete_yn , created_date , modified_date ) VALUES ( ? , ? , ? , ? , 0 , ? , 0 , NOW() , NULL )
2023-04-12 12:42:08,406 DEBUG [com.study.domain.post.PostMapper.save] ==> Parameters: null, 95번 게시글 제목(String), 95번 게시글 내용(String), 테스터95(String), false(Boolean)
2023-04-12 12:42:08,406  INFO [jdbc.sqlonly] INSERT INTO tb_post (

          id
        , title
        , content
        , writer
        , view_cnt
        , notice_yn
        , delete_yn
        , created_date
        , modified_date

        ) VALUES (
              NULL
            , '95번 게시글 제목'
            , '95번 게시글 내용'
            , '테스터95'
            , 0
            , 0
            , 0
            , NOW()
            , NULL
        )

2023-04-12 12:42:08,407 DEBUG [com.study.domain.post.PostMapper.save] <==    Updates: 1
2023-04-12 12:42:08,407  INFO [jdbc.resultsettable] 
|----------|
|insert_id |
|----------|
|95        |
|----------|

2023-04-12 12:42:08,409 DEBUG [com.study.aop.LoggerAspect] Service ===> com.study.domain.post.PostService.savePost()
2023-04-12 12:42:08,409 DEBUG [com.study.aop.LoggerAspect] Mapper ===> com.study.domain.post.PostMapper.save()
2023-04-12 12:42:08,409 DEBUG [com.study.domain.post.PostMapper.save] ==>  Preparing: INSERT INTO tb_post ( id , title , content , writer , view_cnt , notice_yn , delete_yn , created_date , modified_date ) VALUES ( ? , ? , ? , ? , 0 , ? , 0 , NOW() , NULL )
2023-04-12 12:42:08,410 DEBUG [com.study.domain.post.PostMapper.save] ==> Parameters: null, 96번 게시글 제목(String), 96번 게시글 내용(String), 테스터96(String), false(Boolean)
2023-04-12 12:42:08,410  INFO [jdbc.sqlonly] INSERT INTO tb_post (

          id
        , title
        , content
        , writer
        , view_cnt
        , notice_yn
        , delete_yn
        , created_date
        , modified_date

        ) VALUES (
              NULL
            , '96번 게시글 제목'
            , '96번 게시글 내용'
            , '테스터96'
            , 0
            , 0
            , 0
            , NOW()
            , NULL
        )

2023-04-12 12:42:08,410 DEBUG [com.study.domain.post.PostMapper.save] <==    Updates: 1
2023-04-12 12:42:08,410  INFO [jdbc.resultsettable] 
|----------|
|insert_id |
|----------|
|96        |
|----------|

2023-04-12 12:42:08,412 DEBUG [com.study.aop.LoggerAspect] Service ===> com.study.domain.post.PostService.savePost()
2023-04-12 12:42:08,412 DEBUG [com.study.aop.LoggerAspect] Mapper ===> com.study.domain.post.PostMapper.save()
2023-04-12 12:42:08,412 DEBUG [com.study.domain.post.PostMapper.save] ==>  Preparing: INSERT INTO tb_post ( id , title , content , writer , view_cnt , notice_yn , delete_yn , created_date , modified_date ) VALUES ( ? , ? , ? , ? , 0 , ? , 0 , NOW() , NULL )
2023-04-12 12:42:08,413 DEBUG [com.study.domain.post.PostMapper.save] ==> Parameters: null, 97번 게시글 제목(String), 97번 게시글 내용(String), 테스터97(String), false(Boolean)
2023-04-12 12:42:08,413  INFO [jdbc.sqlonly] INSERT INTO tb_post (

          id
        , title
        , content
        , writer
        , view_cnt
        , notice_yn
        , delete_yn
        , created_date
        , modified_date

        ) VALUES (
              NULL
            , '97번 게시글 제목'
            , '97번 게시글 내용'
            , '테스터97'
            , 0
            , 0
            , 0
            , NOW()
            , NULL
        )

2023-04-12 12:42:08,413 DEBUG [com.study.domain.post.PostMapper.save] <==    Updates: 1
2023-04-12 12:42:08,414  INFO [jdbc.resultsettable] 
|----------|
|insert_id |
|----------|
|97        |
|----------|

2023-04-12 12:42:08,415 DEBUG [com.study.aop.LoggerAspect] Service ===> com.study.domain.post.PostService.savePost()
2023-04-12 12:42:08,415 DEBUG [com.study.aop.LoggerAspect] Mapper ===> com.study.domain.post.PostMapper.save()
2023-04-12 12:42:08,415 DEBUG [com.study.domain.post.PostMapper.save] ==>  Preparing: INSERT INTO tb_post ( id , title , content , writer , view_cnt , notice_yn , delete_yn , created_date , modified_date ) VALUES ( ? , ? , ? , ? , 0 , ? , 0 , NOW() , NULL )
2023-04-12 12:42:08,416 DEBUG [com.study.domain.post.PostMapper.save] ==> Parameters: null, 98번 게시글 제목(String), 98번 게시글 내용(String), 테스터98(String), false(Boolean)
2023-04-12 12:42:08,416  INFO [jdbc.sqlonly] INSERT INTO tb_post (

          id
        , title
        , content
        , writer
        , view_cnt
        , notice_yn
        , delete_yn
        , created_date
        , modified_date

        ) VALUES (
              NULL
            , '98번 게시글 제목'
            , '98번 게시글 내용'
            , '테스터98'
            , 0
            , 0
            , 0
            , NOW()
            , NULL
        )

2023-04-12 12:42:08,416 DEBUG [com.study.domain.post.PostMapper.save] <==    Updates: 1
2023-04-12 12:42:08,416  INFO [jdbc.resultsettable] 
|----------|
|insert_id |
|----------|
|98        |
|----------|

2023-04-12 12:42:08,418 DEBUG [com.study.aop.LoggerAspect] Service ===> com.study.domain.post.PostService.savePost()
2023-04-12 12:42:08,418 DEBUG [com.study.aop.LoggerAspect] Mapper ===> com.study.domain.post.PostMapper.save()
2023-04-12 12:42:08,418 DEBUG [com.study.domain.post.PostMapper.save] ==>  Preparing: INSERT INTO tb_post ( id , title , content , writer , view_cnt , notice_yn , delete_yn , created_date , modified_date ) VALUES ( ? , ? , ? , ? , 0 , ? , 0 , NOW() , NULL )
2023-04-12 12:42:08,418 DEBUG [com.study.domain.post.PostMapper.save] ==> Parameters: null, 99번 게시글 제목(String), 99번 게시글 내용(String), 테스터99(String), false(Boolean)
2023-04-12 12:42:08,418  INFO [jdbc.sqlonly] INSERT INTO tb_post (

          id
        , title
        , content
        , writer
        , view_cnt
        , notice_yn
        , delete_yn
        , created_date
        , modified_date

        ) VALUES (
              NULL
            , '99번 게시글 제목'
            , '99번 게시글 내용'
            , '테스터99'
            , 0
            , 0
            , 0
            , NOW()
            , NULL
        )

2023-04-12 12:42:08,419 DEBUG [com.study.domain.post.PostMapper.save] <==    Updates: 1
2023-04-12 12:42:08,419  INFO [jdbc.resultsettable] 
|----------|
|insert_id |
|----------|
|99        |
|----------|

2023-04-12 12:42:08,421 DEBUG [com.study.aop.LoggerAspect] Service ===> com.study.domain.post.PostService.savePost()
2023-04-12 12:42:08,421 DEBUG [com.study.aop.LoggerAspect] Mapper ===> com.study.domain.post.PostMapper.save()
2023-04-12 12:42:08,421 DEBUG [com.study.domain.post.PostMapper.save] ==>  Preparing: INSERT INTO tb_post ( id , title , content , writer , view_cnt , notice_yn , delete_yn , created_date , modified_date ) VALUES ( ? , ? , ? , ? , 0 , ? , 0 , NOW() , NULL )
2023-04-12 12:42:08,422 DEBUG [com.study.domain.post.PostMapper.save] ==> Parameters: null, 100번 게시글 제목(String), 100번 게시글 내용(String), 테스터100(String), false(Boolean)
2023-04-12 12:42:08,422  INFO [jdbc.sqlonly] INSERT INTO tb_post (

          id
        , title
        , content
        , writer
        , view_cnt
        , notice_yn
        , delete_yn
        , created_date
        , modified_date

        ) VALUES (
              NULL
            , '100번 게시글 제목'
            , '100번 게시글 내용'
            , '테스터100'
            , 0
            , 0
            , 0
            , NOW()
            , NULL
        )

2023-04-12 12:42:08,422 DEBUG [com.study.domain.post.PostMapper.save] <==    Updates: 1
2023-04-12 12:42:08,422  INFO [jdbc.resultsettable] 
|----------|
|insert_id |
|----------|
|100       |
|----------|

2023-04-12 12:42:08,424 DEBUG [com.study.aop.LoggerAspect] Service ===> com.study.domain.post.PostService.savePost()
2023-04-12 12:42:08,425 DEBUG [com.study.aop.LoggerAspect] Mapper ===> com.study.domain.post.PostMapper.save()
2023-04-12 12:42:08,425 DEBUG [com.study.domain.post.PostMapper.save] ==>  Preparing: INSERT INTO tb_post ( id , title , content , writer , view_cnt , notice_yn , delete_yn , created_date , modified_date ) VALUES ( ? , ? , ? , ? , 0 , ? , 0 , NOW() , NULL )
2023-04-12 12:42:08,425 DEBUG [com.study.domain.post.PostMapper.save] ==> Parameters: null, 101번 게시글 제목(String), 101번 게시글 내용(String), 테스터101(String), false(Boolean)
2023-04-12 12:42:08,425  INFO [jdbc.sqlonly] INSERT INTO tb_post (

          id
        , title
        , content
        , writer
        , view_cnt
        , notice_yn
        , delete_yn
        , created_date
        , modified_date

        ) VALUES (
              NULL
            , '101번 게시글 제목'
            , '101번 게시글 내용'
            , '테스터101'
            , 0
            , 0
            , 0
            , NOW()
            , NULL
        )

2023-04-12 12:42:08,425 DEBUG [com.study.domain.post.PostMapper.save] <==    Updates: 1
2023-04-12 12:42:08,426  INFO [jdbc.resultsettable] 
|----------|
|insert_id |
|----------|
|101       |
|----------|

2023-04-12 12:42:08,427 DEBUG [com.study.aop.LoggerAspect] Service ===> com.study.domain.post.PostService.savePost()
2023-04-12 12:42:08,428 DEBUG [com.study.aop.LoggerAspect] Mapper ===> com.study.domain.post.PostMapper.save()
2023-04-12 12:42:08,428 DEBUG [com.study.domain.post.PostMapper.save] ==>  Preparing: INSERT INTO tb_post ( id , title , content , writer , view_cnt , notice_yn , delete_yn , created_date , modified_date ) VALUES ( ? , ? , ? , ? , 0 , ? , 0 , NOW() , NULL )
2023-04-12 12:42:08,428 DEBUG [com.study.domain.post.PostMapper.save] ==> Parameters: null, 102번 게시글 제목(String), 102번 게시글 내용(String), 테스터102(String), false(Boolean)
2023-04-12 12:42:08,428  INFO [jdbc.sqlonly] INSERT INTO tb_post (

          id
        , title
        , content
        , writer
        , view_cnt
        , notice_yn
        , delete_yn
        , created_date
        , modified_date

        ) VALUES (
              NULL
            , '102번 게시글 제목'
            , '102번 게시글 내용'
            , '테스터102'
            , 0
            , 0
            , 0
            , NOW()
            , NULL
        )

2023-04-12 12:42:08,428 DEBUG [com.study.domain.post.PostMapper.save] <==    Updates: 1
2023-04-12 12:42:08,429  INFO [jdbc.resultsettable] 
|----------|
|insert_id |
|----------|
|102       |
|----------|

2023-04-12 12:42:08,432 DEBUG [com.study.aop.LoggerAspect] Service ===> com.study.domain.post.PostService.savePost()
2023-04-12 12:42:08,432 DEBUG [com.study.aop.LoggerAspect] Mapper ===> com.study.domain.post.PostMapper.save()
2023-04-12 12:42:08,432 DEBUG [com.study.domain.post.PostMapper.save] ==>  Preparing: INSERT INTO tb_post ( id , title , content , writer , view_cnt , notice_yn , delete_yn , created_date , modified_date ) VALUES ( ? , ? , ? , ? , 0 , ? , 0 , NOW() , NULL )
2023-04-12 12:42:08,432 DEBUG [com.study.domain.post.PostMapper.save] ==> Parameters: null, 103번 게시글 제목(String), 103번 게시글 내용(String), 테스터103(String), false(Boolean)
2023-04-12 12:42:08,432  INFO [jdbc.sqlonly] INSERT INTO tb_post (

          id
        , title
        , content
        , writer
        , view_cnt
        , notice_yn
        , delete_yn
        , created_date
        , modified_date

        ) VALUES (
              NULL
            , '103번 게시글 제목'
            , '103번 게시글 내용'
            , '테스터103'
            , 0
            , 0
            , 0
            , NOW()
            , NULL
        )

2023-04-12 12:42:08,432 DEBUG [com.study.domain.post.PostMapper.save] <==    Updates: 1
2023-04-12 12:42:08,433  INFO [jdbc.resultsettable] 
|----------|
|insert_id |
|----------|
|103       |
|----------|

2023-04-12 12:42:08,434 DEBUG [com.study.aop.LoggerAspect] Service ===> com.study.domain.post.PostService.savePost()
2023-04-12 12:42:08,435 DEBUG [com.study.aop.LoggerAspect] Mapper ===> com.study.domain.post.PostMapper.save()
2023-04-12 12:42:08,435 DEBUG [com.study.domain.post.PostMapper.save] ==>  Preparing: INSERT INTO tb_post ( id , title , content , writer , view_cnt , notice_yn , delete_yn , created_date , modified_date ) VALUES ( ? , ? , ? , ? , 0 , ? , 0 , NOW() , NULL )
2023-04-12 12:42:08,435 DEBUG [com.study.domain.post.PostMapper.save] ==> Parameters: null, 104번 게시글 제목(String), 104번 게시글 내용(String), 테스터104(String), false(Boolean)
2023-04-12 12:42:08,435  INFO [jdbc.sqlonly] INSERT INTO tb_post (

          id
        , title
        , content
        , writer
        , view_cnt
        , notice_yn
        , delete_yn
        , created_date
        , modified_date

        ) VALUES (
              NULL
            , '104번 게시글 제목'
            , '104번 게시글 내용'
            , '테스터104'
            , 0
            , 0
            , 0
            , NOW()
            , NULL
        )

2023-04-12 12:42:08,436 DEBUG [com.study.domain.post.PostMapper.save] <==    Updates: 1
2023-04-12 12:42:08,436  INFO [jdbc.resultsettable] 
|----------|
|insert_id |
|----------|
|104       |
|----------|

2023-04-12 12:42:08,440 DEBUG [com.study.aop.LoggerAspect] Service ===> com.study.domain.post.PostService.savePost()
2023-04-12 12:42:08,440 DEBUG [com.study.aop.LoggerAspect] Mapper ===> com.study.domain.post.PostMapper.save()
2023-04-12 12:42:08,440 DEBUG [com.study.domain.post.PostMapper.save] ==>  Preparing: INSERT INTO tb_post ( id , title , content , writer , view_cnt , notice_yn , delete_yn , created_date , modified_date ) VALUES ( ? , ? , ? , ? , 0 , ? , 0 , NOW() , NULL )
2023-04-12 12:42:08,440 DEBUG [com.study.domain.post.PostMapper.save] ==> Parameters: null, 105번 게시글 제목(String), 105번 게시글 내용(String), 테스터105(String), false(Boolean)
2023-04-12 12:42:08,440  INFO [jdbc.sqlonly] INSERT INTO tb_post (

          id
        , title
        , content
        , writer
        , view_cnt
        , notice_yn
        , delete_yn
        , created_date
        , modified_date

        ) VALUES (
              NULL
            , '105번 게시글 제목'
            , '105번 게시글 내용'
            , '테스터105'
            , 0
            , 0
            , 0
            , NOW()
            , NULL
        )

2023-04-12 12:42:08,441 DEBUG [com.study.domain.post.PostMapper.save] <==    Updates: 1
2023-04-12 12:42:08,441  INFO [jdbc.resultsettable] 
|----------|
|insert_id |
|----------|
|105       |
|----------|

2023-04-12 12:42:08,442 DEBUG [com.study.aop.LoggerAspect] Service ===> com.study.domain.post.PostService.savePost()
2023-04-12 12:42:08,442 DEBUG [com.study.aop.LoggerAspect] Mapper ===> com.study.domain.post.PostMapper.save()
2023-04-12 12:42:08,443 DEBUG [com.study.domain.post.PostMapper.save] ==>  Preparing: INSERT INTO tb_post ( id , title , content , writer , view_cnt , notice_yn , delete_yn , created_date , modified_date ) VALUES ( ? , ? , ? , ? , 0 , ? , 0 , NOW() , NULL )
2023-04-12 12:42:08,443 DEBUG [com.study.domain.post.PostMapper.save] ==> Parameters: null, 106번 게시글 제목(String), 106번 게시글 내용(String), 테스터106(String), false(Boolean)
2023-04-12 12:42:08,443  INFO [jdbc.sqlonly] INSERT INTO tb_post (

          id
        , title
        , content
        , writer
        , view_cnt
        , notice_yn
        , delete_yn
        , created_date
        , modified_date

        ) VALUES (
              NULL
            , '106번 게시글 제목'
            , '106번 게시글 내용'
            , '테스터106'
            , 0
            , 0
            , 0
            , NOW()
            , NULL
        )

2023-04-12 12:42:08,443 DEBUG [com.study.domain.post.PostMapper.save] <==    Updates: 1
2023-04-12 12:42:08,444  INFO [jdbc.resultsettable] 
|----------|
|insert_id |
|----------|
|106       |
|----------|

2023-04-12 12:42:08,446 DEBUG [com.study.aop.LoggerAspect] Service ===> com.study.domain.post.PostService.savePost()
2023-04-12 12:42:08,446 DEBUG [com.study.aop.LoggerAspect] Mapper ===> com.study.domain.post.PostMapper.save()
2023-04-12 12:42:08,446 DEBUG [com.study.domain.post.PostMapper.save] ==>  Preparing: INSERT INTO tb_post ( id , title , content , writer , view_cnt , notice_yn , delete_yn , created_date , modified_date ) VALUES ( ? , ? , ? , ? , 0 , ? , 0 , NOW() , NULL )
2023-04-12 12:42:08,446 DEBUG [com.study.domain.post.PostMapper.save] ==> Parameters: null, 107번 게시글 제목(String), 107번 게시글 내용(String), 테스터107(String), false(Boolean)
2023-04-12 12:42:08,446  INFO [jdbc.sqlonly] INSERT INTO tb_post (

          id
        , title
        , content
        , writer
        , view_cnt
        , notice_yn
        , delete_yn
        , created_date
        , modified_date

        ) VALUES (
              NULL
            , '107번 게시글 제목'
            , '107번 게시글 내용'
            , '테스터107'
            , 0
            , 0
            , 0
            , NOW()
            , NULL
        )

2023-04-12 12:42:08,452 DEBUG [com.study.domain.post.PostMapper.save] <==    Updates: 1
2023-04-12 12:42:08,452  INFO [jdbc.resultsettable] 
|----------|
|insert_id |
|----------|
|107       |
|----------|

2023-04-12 12:42:08,456 DEBUG [com.study.aop.LoggerAspect] Service ===> com.study.domain.post.PostService.savePost()
2023-04-12 12:42:08,456 DEBUG [com.study.aop.LoggerAspect] Mapper ===> com.study.domain.post.PostMapper.save()
2023-04-12 12:42:08,456 DEBUG [com.study.domain.post.PostMapper.save] ==>  Preparing: INSERT INTO tb_post ( id , title , content , writer , view_cnt , notice_yn , delete_yn , created_date , modified_date ) VALUES ( ? , ? , ? , ? , 0 , ? , 0 , NOW() , NULL )
2023-04-12 12:42:08,456 DEBUG [com.study.domain.post.PostMapper.save] ==> Parameters: null, 108번 게시글 제목(String), 108번 게시글 내용(String), 테스터108(String), false(Boolean)
2023-04-12 12:42:08,456  INFO [jdbc.sqlonly] INSERT INTO tb_post (

          id
        , title
        , content
        , writer
        , view_cnt
        , notice_yn
        , delete_yn
        , created_date
        , modified_date

        ) VALUES (
              NULL
            , '108번 게시글 제목'
            , '108번 게시글 내용'
            , '테스터108'
            , 0
            , 0
            , 0
            , NOW()
            , NULL
        )

2023-04-12 12:42:08,457 DEBUG [com.study.domain.post.PostMapper.save] <==    Updates: 1
2023-04-12 12:42:08,457  INFO [jdbc.resultsettable] 
|----------|
|insert_id |
|----------|
|108       |
|----------|

2023-04-12 12:42:08,460 DEBUG [com.study.aop.LoggerAspect] Service ===> com.study.domain.post.PostService.savePost()
2023-04-12 12:42:08,460 DEBUG [com.study.aop.LoggerAspect] Mapper ===> com.study.domain.post.PostMapper.save()
2023-04-12 12:42:08,460 DEBUG [com.study.domain.post.PostMapper.save] ==>  Preparing: INSERT INTO tb_post ( id , title , content , writer , view_cnt , notice_yn , delete_yn , created_date , modified_date ) VALUES ( ? , ? , ? , ? , 0 , ? , 0 , NOW() , NULL )
2023-04-12 12:42:08,460 DEBUG [com.study.domain.post.PostMapper.save] ==> Parameters: null, 109번 게시글 제목(String), 109번 게시글 내용(String), 테스터109(String), false(Boolean)
2023-04-12 12:42:08,460  INFO [jdbc.sqlonly] INSERT INTO tb_post (

          id
        , title
        , content
        , writer
        , view_cnt
        , notice_yn
        , delete_yn
        , created_date
        , modified_date

        ) VALUES (
              NULL
            , '109번 게시글 제목'
            , '109번 게시글 내용'
            , '테스터109'
            , 0
            , 0
            , 0
            , NOW()
            , NULL
        )

2023-04-12 12:42:08,461 DEBUG [com.study.domain.post.PostMapper.save] <==    Updates: 1
2023-04-12 12:42:08,461  INFO [jdbc.resultsettable] 
|----------|
|insert_id |
|----------|
|109       |
|----------|

2023-04-12 12:42:08,467 DEBUG [com.study.aop.LoggerAspect] Service ===> com.study.domain.post.PostService.savePost()
2023-04-12 12:42:08,467 DEBUG [com.study.aop.LoggerAspect] Mapper ===> com.study.domain.post.PostMapper.save()
2023-04-12 12:42:08,467 DEBUG [com.study.domain.post.PostMapper.save] ==>  Preparing: INSERT INTO tb_post ( id , title , content , writer , view_cnt , notice_yn , delete_yn , created_date , modified_date ) VALUES ( ? , ? , ? , ? , 0 , ? , 0 , NOW() , NULL )
2023-04-12 12:42:08,467 DEBUG [com.study.domain.post.PostMapper.save] ==> Parameters: null, 110번 게시글 제목(String), 110번 게시글 내용(String), 테스터110(String), false(Boolean)
2023-04-12 12:42:08,467  INFO [jdbc.sqlonly] INSERT INTO tb_post (

          id
        , title
        , content
        , writer
        , view_cnt
        , notice_yn
        , delete_yn
        , created_date
        , modified_date

        ) VALUES (
              NULL
            , '110번 게시글 제목'
            , '110번 게시글 내용'
            , '테스터110'
            , 0
            , 0
            , 0
            , NOW()
            , NULL
        )

2023-04-12 12:42:08,468 DEBUG [com.study.domain.post.PostMapper.save] <==    Updates: 1
2023-04-12 12:42:08,468  INFO [jdbc.resultsettable] 
|----------|
|insert_id |
|----------|
|110       |
|----------|

2023-04-12 12:42:08,470 DEBUG [com.study.aop.LoggerAspect] Service ===> com.study.domain.post.PostService.savePost()
2023-04-12 12:42:08,470 DEBUG [com.study.aop.LoggerAspect] Mapper ===> com.study.domain.post.PostMapper.save()
2023-04-12 12:42:08,471 DEBUG [com.study.domain.post.PostMapper.save] ==>  Preparing: INSERT INTO tb_post ( id , title , content , writer , view_cnt , notice_yn , delete_yn , created_date , modified_date ) VALUES ( ? , ? , ? , ? , 0 , ? , 0 , NOW() , NULL )
2023-04-12 12:42:08,471 DEBUG [com.study.domain.post.PostMapper.save] ==> Parameters: null, 111번 게시글 제목(String), 111번 게시글 내용(String), 테스터111(String), false(Boolean)
2023-04-12 12:42:08,471  INFO [jdbc.sqlonly] INSERT INTO tb_post (

          id
        , title
        , content
        , writer
        , view_cnt
        , notice_yn
        , delete_yn
        , created_date
        , modified_date

        ) VALUES (
              NULL
            , '111번 게시글 제목'
            , '111번 게시글 내용'
            , '테스터111'
            , 0
            , 0
            , 0
            , NOW()
            , NULL
        )

2023-04-12 12:42:08,471 DEBUG [com.study.domain.post.PostMapper.save] <==    Updates: 1
2023-04-12 12:42:08,471  INFO [jdbc.resultsettable] 
|----------|
|insert_id |
|----------|
|111       |
|----------|

2023-04-12 12:42:08,473 DEBUG [com.study.aop.LoggerAspect] Service ===> com.study.domain.post.PostService.savePost()
2023-04-12 12:42:08,473 DEBUG [com.study.aop.LoggerAspect] Mapper ===> com.study.domain.post.PostMapper.save()
2023-04-12 12:42:08,473 DEBUG [com.study.domain.post.PostMapper.save] ==>  Preparing: INSERT INTO tb_post ( id , title , content , writer , view_cnt , notice_yn , delete_yn , created_date , modified_date ) VALUES ( ? , ? , ? , ? , 0 , ? , 0 , NOW() , NULL )
2023-04-12 12:42:08,473 DEBUG [com.study.domain.post.PostMapper.save] ==> Parameters: null, 112번 게시글 제목(String), 112번 게시글 내용(String), 테스터112(String), false(Boolean)
2023-04-12 12:42:08,474  INFO [jdbc.sqlonly] INSERT INTO tb_post (

          id
        , title
        , content
        , writer
        , view_cnt
        , notice_yn
        , delete_yn
        , created_date
        , modified_date

        ) VALUES (
              NULL
            , '112번 게시글 제목'
            , '112번 게시글 내용'
            , '테스터112'
            , 0
            , 0
            , 0
            , NOW()
            , NULL
        )

2023-04-12 12:42:08,474 DEBUG [com.study.domain.post.PostMapper.save] <==    Updates: 1
2023-04-12 12:42:08,474  INFO [jdbc.resultsettable] 
|----------|
|insert_id |
|----------|
|112       |
|----------|

2023-04-12 12:42:08,476 DEBUG [com.study.aop.LoggerAspect] Service ===> com.study.domain.post.PostService.savePost()
2023-04-12 12:42:08,476 DEBUG [com.study.aop.LoggerAspect] Mapper ===> com.study.domain.post.PostMapper.save()
2023-04-12 12:42:08,476 DEBUG [com.study.domain.post.PostMapper.save] ==>  Preparing: INSERT INTO tb_post ( id , title , content , writer , view_cnt , notice_yn , delete_yn , created_date , modified_date ) VALUES ( ? , ? , ? , ? , 0 , ? , 0 , NOW() , NULL )
2023-04-12 12:42:08,476 DEBUG [com.study.domain.post.PostMapper.save] ==> Parameters: null, 113번 게시글 제목(String), 113번 게시글 내용(String), 테스터113(String), false(Boolean)
2023-04-12 12:42:08,477  INFO [jdbc.sqlonly] INSERT INTO tb_post (

          id
        , title
        , content
        , writer
        , view_cnt
        , notice_yn
        , delete_yn
        , created_date
        , modified_date

        ) VALUES (
              NULL
            , '113번 게시글 제목'
            , '113번 게시글 내용'
            , '테스터113'
            , 0
            , 0
            , 0
            , NOW()
            , NULL
        )

2023-04-12 12:42:08,477 DEBUG [com.study.domain.post.PostMapper.save] <==    Updates: 1
2023-04-12 12:42:08,477  INFO [jdbc.resultsettable] 
|----------|
|insert_id |
|----------|
|113       |
|----------|

2023-04-12 12:42:08,480 DEBUG [com.study.aop.LoggerAspect] Service ===> com.study.domain.post.PostService.savePost()
2023-04-12 12:42:08,480 DEBUG [com.study.aop.LoggerAspect] Mapper ===> com.study.domain.post.PostMapper.save()
2023-04-12 12:42:08,480 DEBUG [com.study.domain.post.PostMapper.save] ==>  Preparing: INSERT INTO tb_post ( id , title , content , writer , view_cnt , notice_yn , delete_yn , created_date , modified_date ) VALUES ( ? , ? , ? , ? , 0 , ? , 0 , NOW() , NULL )
2023-04-12 12:42:08,480 DEBUG [com.study.domain.post.PostMapper.save] ==> Parameters: null, 114번 게시글 제목(String), 114번 게시글 내용(String), 테스터114(String), false(Boolean)
2023-04-12 12:42:08,480  INFO [jdbc.sqlonly] INSERT INTO tb_post (

          id
        , title
        , content
        , writer
        , view_cnt
        , notice_yn
        , delete_yn
        , created_date
        , modified_date

        ) VALUES (
              NULL
            , '114번 게시글 제목'
            , '114번 게시글 내용'
            , '테스터114'
            , 0
            , 0
            , 0
            , NOW()
            , NULL
        )

2023-04-12 12:42:08,480 DEBUG [com.study.domain.post.PostMapper.save] <==    Updates: 1
2023-04-12 12:42:08,481  INFO [jdbc.resultsettable] 
|----------|
|insert_id |
|----------|
|114       |
|----------|

2023-04-12 12:42:08,483 DEBUG [com.study.aop.LoggerAspect] Service ===> com.study.domain.post.PostService.savePost()
2023-04-12 12:42:08,483 DEBUG [com.study.aop.LoggerAspect] Mapper ===> com.study.domain.post.PostMapper.save()
2023-04-12 12:42:08,483 DEBUG [com.study.domain.post.PostMapper.save] ==>  Preparing: INSERT INTO tb_post ( id , title , content , writer , view_cnt , notice_yn , delete_yn , created_date , modified_date ) VALUES ( ? , ? , ? , ? , 0 , ? , 0 , NOW() , NULL )
2023-04-12 12:42:08,483 DEBUG [com.study.domain.post.PostMapper.save] ==> Parameters: null, 115번 게시글 제목(String), 115번 게시글 내용(String), 테스터115(String), false(Boolean)
2023-04-12 12:42:08,483  INFO [jdbc.sqlonly] INSERT INTO tb_post (

          id
        , title
        , content
        , writer
        , view_cnt
        , notice_yn
        , delete_yn
        , created_date
        , modified_date

        ) VALUES (
              NULL
            , '115번 게시글 제목'
            , '115번 게시글 내용'
            , '테스터115'
            , 0
            , 0
            , 0
            , NOW()
            , NULL
        )

2023-04-12 12:42:08,484 DEBUG [com.study.domain.post.PostMapper.save] <==    Updates: 1
2023-04-12 12:42:08,484  INFO [jdbc.resultsettable] 
|----------|
|insert_id |
|----------|
|115       |
|----------|

2023-04-12 12:42:08,485 DEBUG [com.study.aop.LoggerAspect] Service ===> com.study.domain.post.PostService.savePost()
2023-04-12 12:42:08,485 DEBUG [com.study.aop.LoggerAspect] Mapper ===> com.study.domain.post.PostMapper.save()
2023-04-12 12:42:08,486 DEBUG [com.study.domain.post.PostMapper.save] ==>  Preparing: INSERT INTO tb_post ( id , title , content , writer , view_cnt , notice_yn , delete_yn , created_date , modified_date ) VALUES ( ? , ? , ? , ? , 0 , ? , 0 , NOW() , NULL )
2023-04-12 12:42:08,486 DEBUG [com.study.domain.post.PostMapper.save] ==> Parameters: null, 116번 게시글 제목(String), 116번 게시글 내용(String), 테스터116(String), false(Boolean)
2023-04-12 12:42:08,486  INFO [jdbc.sqlonly] INSERT INTO tb_post (

          id
        , title
        , content
        , writer
        , view_cnt
        , notice_yn
        , delete_yn
        , created_date
        , modified_date

        ) VALUES (
              NULL
            , '116번 게시글 제목'
            , '116번 게시글 내용'
            , '테스터116'
            , 0
            , 0
            , 0
            , NOW()
            , NULL
        )

2023-04-12 12:42:08,490 DEBUG [com.study.domain.post.PostMapper.save] <==    Updates: 1
2023-04-12 12:42:08,490  INFO [jdbc.resultsettable] 
|----------|
|insert_id |
|----------|
|116       |
|----------|

2023-04-12 12:42:08,492 DEBUG [com.study.aop.LoggerAspect] Service ===> com.study.domain.post.PostService.savePost()
2023-04-12 12:42:08,492 DEBUG [com.study.aop.LoggerAspect] Mapper ===> com.study.domain.post.PostMapper.save()
2023-04-12 12:42:08,492 DEBUG [com.study.domain.post.PostMapper.save] ==>  Preparing: INSERT INTO tb_post ( id , title , content , writer , view_cnt , notice_yn , delete_yn , created_date , modified_date ) VALUES ( ? , ? , ? , ? , 0 , ? , 0 , NOW() , NULL )
2023-04-12 12:42:08,492 DEBUG [com.study.domain.post.PostMapper.save] ==> Parameters: null, 117번 게시글 제목(String), 117번 게시글 내용(String), 테스터117(String), false(Boolean)
2023-04-12 12:42:08,492  INFO [jdbc.sqlonly] INSERT INTO tb_post (

          id
        , title
        , content
        , writer
        , view_cnt
        , notice_yn
        , delete_yn
        , created_date
        , modified_date

        ) VALUES (
              NULL
            , '117번 게시글 제목'
            , '117번 게시글 내용'
            , '테스터117'
            , 0
            , 0
            , 0
            , NOW()
            , NULL
        )

2023-04-12 12:42:08,493 DEBUG [com.study.domain.post.PostMapper.save] <==    Updates: 1
2023-04-12 12:42:08,493  INFO [jdbc.resultsettable] 
|----------|
|insert_id |
|----------|
|117       |
|----------|

2023-04-12 12:42:08,495 DEBUG [com.study.aop.LoggerAspect] Service ===> com.study.domain.post.PostService.savePost()
2023-04-12 12:42:08,495 DEBUG [com.study.aop.LoggerAspect] Mapper ===> com.study.domain.post.PostMapper.save()
2023-04-12 12:42:08,495 DEBUG [com.study.domain.post.PostMapper.save] ==>  Preparing: INSERT INTO tb_post ( id , title , content , writer , view_cnt , notice_yn , delete_yn , created_date , modified_date ) VALUES ( ? , ? , ? , ? , 0 , ? , 0 , NOW() , NULL )
2023-04-12 12:42:08,495 DEBUG [com.study.domain.post.PostMapper.save] ==> Parameters: null, 118번 게시글 제목(String), 118번 게시글 내용(String), 테스터118(String), false(Boolean)
2023-04-12 12:42:08,495  INFO [jdbc.sqlonly] INSERT INTO tb_post (

          id
        , title
        , content
        , writer
        , view_cnt
        , notice_yn
        , delete_yn
        , created_date
        , modified_date

        ) VALUES (
              NULL
            , '118번 게시글 제목'
            , '118번 게시글 내용'
            , '테스터118'
            , 0
            , 0
            , 0
            , NOW()
            , NULL
        )

2023-04-12 12:42:08,496 DEBUG [com.study.domain.post.PostMapper.save] <==    Updates: 1
2023-04-12 12:42:08,496  INFO [jdbc.resultsettable] 
|----------|
|insert_id |
|----------|
|118       |
|----------|

2023-04-12 12:42:08,497 DEBUG [com.study.aop.LoggerAspect] Service ===> com.study.domain.post.PostService.savePost()
2023-04-12 12:42:08,498 DEBUG [com.study.aop.LoggerAspect] Mapper ===> com.study.domain.post.PostMapper.save()
2023-04-12 12:42:08,498 DEBUG [com.study.domain.post.PostMapper.save] ==>  Preparing: INSERT INTO tb_post ( id , title , content , writer , view_cnt , notice_yn , delete_yn , created_date , modified_date ) VALUES ( ? , ? , ? , ? , 0 , ? , 0 , NOW() , NULL )
2023-04-12 12:42:08,498 DEBUG [com.study.domain.post.PostMapper.save] ==> Parameters: null, 119번 게시글 제목(String), 119번 게시글 내용(String), 테스터119(String), false(Boolean)
2023-04-12 12:42:08,498  INFO [jdbc.sqlonly] INSERT INTO tb_post (

          id
        , title
        , content
        , writer
        , view_cnt
        , notice_yn
        , delete_yn
        , created_date
        , modified_date

        ) VALUES (
              NULL
            , '119번 게시글 제목'
            , '119번 게시글 내용'
            , '테스터119'
            , 0
            , 0
            , 0
            , NOW()
            , NULL
        )

2023-04-12 12:42:08,498 DEBUG [com.study.domain.post.PostMapper.save] <==    Updates: 1
2023-04-12 12:42:08,499  INFO [jdbc.resultsettable] 
|----------|
|insert_id |
|----------|
|119       |
|----------|

2023-04-12 12:42:08,500 DEBUG [com.study.aop.LoggerAspect] Service ===> com.study.domain.post.PostService.savePost()
2023-04-12 12:42:08,501 DEBUG [com.study.aop.LoggerAspect] Mapper ===> com.study.domain.post.PostMapper.save()
2023-04-12 12:42:08,501 DEBUG [com.study.domain.post.PostMapper.save] ==>  Preparing: INSERT INTO tb_post ( id , title , content , writer , view_cnt , notice_yn , delete_yn , created_date , modified_date ) VALUES ( ? , ? , ? , ? , 0 , ? , 0 , NOW() , NULL )
2023-04-12 12:42:08,501 DEBUG [com.study.domain.post.PostMapper.save] ==> Parameters: null, 120번 게시글 제목(String), 120번 게시글 내용(String), 테스터120(String), false(Boolean)
2023-04-12 12:42:08,501  INFO [jdbc.sqlonly] INSERT INTO tb_post (

          id
        , title
        , content
        , writer
        , view_cnt
        , notice_yn
        , delete_yn
        , created_date
        , modified_date

        ) VALUES (
              NULL
            , '120번 게시글 제목'
            , '120번 게시글 내용'
            , '테스터120'
            , 0
            , 0
            , 0
            , NOW()
            , NULL
        )

2023-04-12 12:42:08,502 DEBUG [com.study.domain.post.PostMapper.save] <==    Updates: 1
2023-04-12 12:42:08,502  INFO [jdbc.resultsettable] 
|----------|
|insert_id |
|----------|
|120       |
|----------|

2023-04-12 12:42:08,504 DEBUG [com.study.aop.LoggerAspect] Service ===> com.study.domain.post.PostService.savePost()
2023-04-12 12:42:08,504 DEBUG [com.study.aop.LoggerAspect] Mapper ===> com.study.domain.post.PostMapper.save()
2023-04-12 12:42:08,504 DEBUG [com.study.domain.post.PostMapper.save] ==>  Preparing: INSERT INTO tb_post ( id , title , content , writer , view_cnt , notice_yn , delete_yn , created_date , modified_date ) VALUES ( ? , ? , ? , ? , 0 , ? , 0 , NOW() , NULL )
2023-04-12 12:42:08,505 DEBUG [com.study.domain.post.PostMapper.save] ==> Parameters: null, 121번 게시글 제목(String), 121번 게시글 내용(String), 테스터121(String), false(Boolean)
2023-04-12 12:42:08,505  INFO [jdbc.sqlonly] INSERT INTO tb_post (

          id
        , title
        , content
        , writer
        , view_cnt
        , notice_yn
        , delete_yn
        , created_date
        , modified_date

        ) VALUES (
              NULL
            , '121번 게시글 제목'
            , '121번 게시글 내용'
            , '테스터121'
            , 0
            , 0
            , 0
            , NOW()
            , NULL
        )

2023-04-12 12:42:08,505 DEBUG [com.study.domain.post.PostMapper.save] <==    Updates: 1
2023-04-12 12:42:08,506  INFO [jdbc.resultsettable] 
|----------|
|insert_id |
|----------|
|121       |
|----------|

2023-04-12 12:42:08,507 DEBUG [com.study.aop.LoggerAspect] Service ===> com.study.domain.post.PostService.savePost()
2023-04-12 12:42:08,507 DEBUG [com.study.aop.LoggerAspect] Mapper ===> com.study.domain.post.PostMapper.save()
2023-04-12 12:42:08,508 DEBUG [com.study.domain.post.PostMapper.save] ==>  Preparing: INSERT INTO tb_post ( id , title , content , writer , view_cnt , notice_yn , delete_yn , created_date , modified_date ) VALUES ( ? , ? , ? , ? , 0 , ? , 0 , NOW() , NULL )
2023-04-12 12:42:08,508 DEBUG [com.study.domain.post.PostMapper.save] ==> Parameters: null, 122번 게시글 제목(String), 122번 게시글 내용(String), 테스터122(String), false(Boolean)
2023-04-12 12:42:08,508  INFO [jdbc.sqlonly] INSERT INTO tb_post (

          id
        , title
        , content
        , writer
        , view_cnt
        , notice_yn
        , delete_yn
        , created_date
        , modified_date

        ) VALUES (
              NULL
            , '122번 게시글 제목'
            , '122번 게시글 내용'
            , '테스터122'
            , 0
            , 0
            , 0
            , NOW()
            , NULL
        )

2023-04-12 12:42:08,508 DEBUG [com.study.domain.post.PostMapper.save] <==    Updates: 1
2023-04-12 12:42:08,509  INFO [jdbc.resultsettable] 
|----------|
|insert_id |
|----------|
|122       |
|----------|

2023-04-12 12:42:08,510 DEBUG [com.study.aop.LoggerAspect] Service ===> com.study.domain.post.PostService.savePost()
2023-04-12 12:42:08,510 DEBUG [com.study.aop.LoggerAspect] Mapper ===> com.study.domain.post.PostMapper.save()
2023-04-12 12:42:08,510 DEBUG [com.study.domain.post.PostMapper.save] ==>  Preparing: INSERT INTO tb_post ( id , title , content , writer , view_cnt , notice_yn , delete_yn , created_date , modified_date ) VALUES ( ? , ? , ? , ? , 0 , ? , 0 , NOW() , NULL )
2023-04-12 12:42:08,511 DEBUG [com.study.domain.post.PostMapper.save] ==> Parameters: null, 123번 게시글 제목(String), 123번 게시글 내용(String), 테스터123(String), false(Boolean)
2023-04-12 12:42:08,511  INFO [jdbc.sqlonly] INSERT INTO tb_post (

          id
        , title
        , content
        , writer
        , view_cnt
        , notice_yn
        , delete_yn
        , created_date
        , modified_date

        ) VALUES (
              NULL
            , '123번 게시글 제목'
            , '123번 게시글 내용'
            , '테스터123'
            , 0
            , 0
            , 0
            , NOW()
            , NULL
        )

2023-04-12 12:42:08,511 DEBUG [com.study.domain.post.PostMapper.save] <==    Updates: 1
2023-04-12 12:42:08,512  INFO [jdbc.resultsettable] 
|----------|
|insert_id |
|----------|
|123       |
|----------|

2023-04-12 12:42:08,513 DEBUG [com.study.aop.LoggerAspect] Service ===> com.study.domain.post.PostService.savePost()
2023-04-12 12:42:08,514 DEBUG [com.study.aop.LoggerAspect] Mapper ===> com.study.domain.post.PostMapper.save()
2023-04-12 12:42:08,514 DEBUG [com.study.domain.post.PostMapper.save] ==>  Preparing: INSERT INTO tb_post ( id , title , content , writer , view_cnt , notice_yn , delete_yn , created_date , modified_date ) VALUES ( ? , ? , ? , ? , 0 , ? , 0 , NOW() , NULL )
2023-04-12 12:42:08,514 DEBUG [com.study.domain.post.PostMapper.save] ==> Parameters: null, 124번 게시글 제목(String), 124번 게시글 내용(String), 테스터124(String), false(Boolean)
2023-04-12 12:42:08,514  INFO [jdbc.sqlonly] INSERT INTO tb_post (

          id
        , title
        , content
        , writer
        , view_cnt
        , notice_yn
        , delete_yn
        , created_date
        , modified_date

        ) VALUES (
              NULL
            , '124번 게시글 제목'
            , '124번 게시글 내용'
            , '테스터124'
            , 0
            , 0
            , 0
            , NOW()
            , NULL
        )

2023-04-12 12:42:08,514 DEBUG [com.study.domain.post.PostMapper.save] <==    Updates: 1
2023-04-12 12:42:08,514  INFO [jdbc.resultsettable] 
|----------|
|insert_id |
|----------|
|124       |
|----------|

2023-04-12 12:42:08,516 DEBUG [com.study.aop.LoggerAspect] Service ===> com.study.domain.post.PostService.savePost()
2023-04-12 12:42:08,516 DEBUG [com.study.aop.LoggerAspect] Mapper ===> com.study.domain.post.PostMapper.save()
2023-04-12 12:42:08,516 DEBUG [com.study.domain.post.PostMapper.save] ==>  Preparing: INSERT INTO tb_post ( id , title , content , writer , view_cnt , notice_yn , delete_yn , created_date , modified_date ) VALUES ( ? , ? , ? , ? , 0 , ? , 0 , NOW() , NULL )
2023-04-12 12:42:08,516 DEBUG [com.study.domain.post.PostMapper.save] ==> Parameters: null, 125번 게시글 제목(String), 125번 게시글 내용(String), 테스터125(String), false(Boolean)
2023-04-12 12:42:08,516  INFO [jdbc.sqlonly] INSERT INTO tb_post (

          id
        , title
        , content
        , writer
        , view_cnt
        , notice_yn
        , delete_yn
        , created_date
        , modified_date

        ) VALUES (
              NULL
            , '125번 게시글 제목'
            , '125번 게시글 내용'
            , '테스터125'
            , 0
            , 0
            , 0
            , NOW()
            , NULL
        )

2023-04-12 12:42:08,517 DEBUG [com.study.domain.post.PostMapper.save] <==    Updates: 1
2023-04-12 12:42:08,517  INFO [jdbc.resultsettable] 
|----------|
|insert_id |
|----------|
|125       |
|----------|

2023-04-12 12:42:08,519 DEBUG [com.study.aop.LoggerAspect] Service ===> com.study.domain.post.PostService.savePost()
2023-04-12 12:42:08,519 DEBUG [com.study.aop.LoggerAspect] Mapper ===> com.study.domain.post.PostMapper.save()
2023-04-12 12:42:08,519 DEBUG [com.study.domain.post.PostMapper.save] ==>  Preparing: INSERT INTO tb_post ( id , title , content , writer , view_cnt , notice_yn , delete_yn , created_date , modified_date ) VALUES ( ? , ? , ? , ? , 0 , ? , 0 , NOW() , NULL )
2023-04-12 12:42:08,519 DEBUG [com.study.domain.post.PostMapper.save] ==> Parameters: null, 126번 게시글 제목(String), 126번 게시글 내용(String), 테스터126(String), false(Boolean)
2023-04-12 12:42:08,520  INFO [jdbc.sqlonly] INSERT INTO tb_post (

          id
        , title
        , content
        , writer
        , view_cnt
        , notice_yn
        , delete_yn
        , created_date
        , modified_date

        ) VALUES (
              NULL
            , '126번 게시글 제목'
            , '126번 게시글 내용'
            , '테스터126'
            , 0
            , 0
            , 0
            , NOW()
            , NULL
        )

2023-04-12 12:42:08,520 DEBUG [com.study.domain.post.PostMapper.save] <==    Updates: 1
2023-04-12 12:42:08,520  INFO [jdbc.resultsettable] 
|----------|
|insert_id |
|----------|
|126       |
|----------|

2023-04-12 12:42:08,522 DEBUG [com.study.aop.LoggerAspect] Service ===> com.study.domain.post.PostService.savePost()
2023-04-12 12:42:08,522 DEBUG [com.study.aop.LoggerAspect] Mapper ===> com.study.domain.post.PostMapper.save()
2023-04-12 12:42:08,523 DEBUG [com.study.domain.post.PostMapper.save] ==>  Preparing: INSERT INTO tb_post ( id , title , content , writer , view_cnt , notice_yn , delete_yn , created_date , modified_date ) VALUES ( ? , ? , ? , ? , 0 , ? , 0 , NOW() , NULL )
2023-04-12 12:42:08,523 DEBUG [com.study.domain.post.PostMapper.save] ==> Parameters: null, 127번 게시글 제목(String), 127번 게시글 내용(String), 테스터127(String), false(Boolean)
2023-04-12 12:42:08,523  INFO [jdbc.sqlonly] INSERT INTO tb_post (

          id
        , title
        , content
        , writer
        , view_cnt
        , notice_yn
        , delete_yn
        , created_date
        , modified_date

        ) VALUES (
              NULL
            , '127번 게시글 제목'
            , '127번 게시글 내용'
            , '테스터127'
            , 0
            , 0
            , 0
            , NOW()
            , NULL
        )

2023-04-12 12:42:08,524 DEBUG [com.study.domain.post.PostMapper.save] <==    Updates: 1
2023-04-12 12:42:08,524  INFO [jdbc.resultsettable] 
|----------|
|insert_id |
|----------|
|127       |
|----------|

2023-04-12 12:42:08,533 DEBUG [com.study.aop.LoggerAspect] Service ===> com.study.domain.post.PostService.savePost()
2023-04-12 12:42:08,533 DEBUG [com.study.aop.LoggerAspect] Mapper ===> com.study.domain.post.PostMapper.save()
2023-04-12 12:42:08,533 DEBUG [com.study.domain.post.PostMapper.save] ==>  Preparing: INSERT INTO tb_post ( id , title , content , writer , view_cnt , notice_yn , delete_yn , created_date , modified_date ) VALUES ( ? , ? , ? , ? , 0 , ? , 0 , NOW() , NULL )
2023-04-12 12:42:08,533 DEBUG [com.study.domain.post.PostMapper.save] ==> Parameters: null, 128번 게시글 제목(String), 128번 게시글 내용(String), 테스터128(String), false(Boolean)
2023-04-12 12:42:08,533  INFO [jdbc.sqlonly] INSERT INTO tb_post (

          id
        , title
        , content
        , writer
        , view_cnt
        , notice_yn
        , delete_yn
        , created_date
        , modified_date

        ) VALUES (
              NULL
            , '128번 게시글 제목'
            , '128번 게시글 내용'
            , '테스터128'
            , 0
            , 0
            , 0
            , NOW()
            , NULL
        )

2023-04-12 12:42:08,534 DEBUG [com.study.domain.post.PostMapper.save] <==    Updates: 1
2023-04-12 12:42:08,534  INFO [jdbc.resultsettable] 
|----------|
|insert_id |
|----------|
|128       |
|----------|

2023-04-12 12:42:08,536 DEBUG [com.study.aop.LoggerAspect] Service ===> com.study.domain.post.PostService.savePost()
2023-04-12 12:42:08,536 DEBUG [com.study.aop.LoggerAspect] Mapper ===> com.study.domain.post.PostMapper.save()
2023-04-12 12:42:08,536 DEBUG [com.study.domain.post.PostMapper.save] ==>  Preparing: INSERT INTO tb_post ( id , title , content , writer , view_cnt , notice_yn , delete_yn , created_date , modified_date ) VALUES ( ? , ? , ? , ? , 0 , ? , 0 , NOW() , NULL )
2023-04-12 12:42:08,536 DEBUG [com.study.domain.post.PostMapper.save] ==> Parameters: null, 129번 게시글 제목(String), 129번 게시글 내용(String), 테스터129(String), false(Boolean)
2023-04-12 12:42:08,536  INFO [jdbc.sqlonly] INSERT INTO tb_post (

          id
        , title
        , content
        , writer
        , view_cnt
        , notice_yn
        , delete_yn
        , created_date
        , modified_date

        ) VALUES (
              NULL
            , '129번 게시글 제목'
            , '129번 게시글 내용'
            , '테스터129'
            , 0
            , 0
            , 0
            , NOW()
            , NULL
        )

2023-04-12 12:42:08,537 DEBUG [com.study.domain.post.PostMapper.save] <==    Updates: 1
2023-04-12 12:42:08,537  INFO [jdbc.resultsettable] 
|----------|
|insert_id |
|----------|
|129       |
|----------|

2023-04-12 12:42:08,539 DEBUG [com.study.aop.LoggerAspect] Service ===> com.study.domain.post.PostService.savePost()
2023-04-12 12:42:08,539 DEBUG [com.study.aop.LoggerAspect] Mapper ===> com.study.domain.post.PostMapper.save()
2023-04-12 12:42:08,539 DEBUG [com.study.domain.post.PostMapper.save] ==>  Preparing: INSERT INTO tb_post ( id , title , content , writer , view_cnt , notice_yn , delete_yn , created_date , modified_date ) VALUES ( ? , ? , ? , ? , 0 , ? , 0 , NOW() , NULL )
2023-04-12 12:42:08,539 DEBUG [com.study.domain.post.PostMapper.save] ==> Parameters: null, 130번 게시글 제목(String), 130번 게시글 내용(String), 테스터130(String), false(Boolean)
2023-04-12 12:42:08,539  INFO [jdbc.sqlonly] INSERT INTO tb_post (

          id
        , title
        , content
        , writer
        , view_cnt
        , notice_yn
        , delete_yn
        , created_date
        , modified_date

        ) VALUES (
              NULL
            , '130번 게시글 제목'
            , '130번 게시글 내용'
            , '테스터130'
            , 0
            , 0
            , 0
            , NOW()
            , NULL
        )

2023-04-12 12:42:08,539 DEBUG [com.study.domain.post.PostMapper.save] <==    Updates: 1
2023-04-12 12:42:08,540  INFO [jdbc.resultsettable] 
|----------|
|insert_id |
|----------|
|130       |
|----------|

2023-04-12 12:42:08,541 DEBUG [com.study.aop.LoggerAspect] Service ===> com.study.domain.post.PostService.savePost()
2023-04-12 12:42:08,541 DEBUG [com.study.aop.LoggerAspect] Mapper ===> com.study.domain.post.PostMapper.save()
2023-04-12 12:42:08,542 DEBUG [com.study.domain.post.PostMapper.save] ==>  Preparing: INSERT INTO tb_post ( id , title , content , writer , view_cnt , notice_yn , delete_yn , created_date , modified_date ) VALUES ( ? , ? , ? , ? , 0 , ? , 0 , NOW() , NULL )
2023-04-12 12:42:08,542 DEBUG [com.study.domain.post.PostMapper.save] ==> Parameters: null, 131번 게시글 제목(String), 131번 게시글 내용(String), 테스터131(String), false(Boolean)
2023-04-12 12:42:08,542  INFO [jdbc.sqlonly] INSERT INTO tb_post (

          id
        , title
        , content
        , writer
        , view_cnt
        , notice_yn
        , delete_yn
        , created_date
        , modified_date

        ) VALUES (
              NULL
            , '131번 게시글 제목'
            , '131번 게시글 내용'
            , '테스터131'
            , 0
            , 0
            , 0
            , NOW()
            , NULL
        )

2023-04-12 12:42:08,542 DEBUG [com.study.domain.post.PostMapper.save] <==    Updates: 1
2023-04-12 12:42:08,542  INFO [jdbc.resultsettable] 
|----------|
|insert_id |
|----------|
|131       |
|----------|

2023-04-12 12:42:08,544 DEBUG [com.study.aop.LoggerAspect] Service ===> com.study.domain.post.PostService.savePost()
2023-04-12 12:42:08,544 DEBUG [com.study.aop.LoggerAspect] Mapper ===> com.study.domain.post.PostMapper.save()
2023-04-12 12:42:08,544 DEBUG [com.study.domain.post.PostMapper.save] ==>  Preparing: INSERT INTO tb_post ( id , title , content , writer , view_cnt , notice_yn , delete_yn , created_date , modified_date ) VALUES ( ? , ? , ? , ? , 0 , ? , 0 , NOW() , NULL )
2023-04-12 12:42:08,544 DEBUG [com.study.domain.post.PostMapper.save] ==> Parameters: null, 132번 게시글 제목(String), 132번 게시글 내용(String), 테스터132(String), false(Boolean)
2023-04-12 12:42:08,544  INFO [jdbc.sqlonly] INSERT INTO tb_post (

          id
        , title
        , content
        , writer
        , view_cnt
        , notice_yn
        , delete_yn
        , created_date
        , modified_date

        ) VALUES (
              NULL
            , '132번 게시글 제목'
            , '132번 게시글 내용'
            , '테스터132'
            , 0
            , 0
            , 0
            , NOW()
            , NULL
        )

2023-04-12 12:42:08,545 DEBUG [com.study.domain.post.PostMapper.save] <==    Updates: 1
2023-04-12 12:42:08,545  INFO [jdbc.resultsettable] 
|----------|
|insert_id |
|----------|
|132       |
|----------|

2023-04-12 12:42:08,546 DEBUG [com.study.aop.LoggerAspect] Service ===> com.study.domain.post.PostService.savePost()
2023-04-12 12:42:08,547 DEBUG [com.study.aop.LoggerAspect] Mapper ===> com.study.domain.post.PostMapper.save()
2023-04-12 12:42:08,547 DEBUG [com.study.domain.post.PostMapper.save] ==>  Preparing: INSERT INTO tb_post ( id , title , content , writer , view_cnt , notice_yn , delete_yn , created_date , modified_date ) VALUES ( ? , ? , ? , ? , 0 , ? , 0 , NOW() , NULL )
2023-04-12 12:42:08,547 DEBUG [com.study.domain.post.PostMapper.save] ==> Parameters: null, 133번 게시글 제목(String), 133번 게시글 내용(String), 테스터133(String), false(Boolean)
2023-04-12 12:42:08,547  INFO [jdbc.sqlonly] INSERT INTO tb_post (

          id
        , title
        , content
        , writer
        , view_cnt
        , notice_yn
        , delete_yn
        , created_date
        , modified_date

        ) VALUES (
              NULL
            , '133번 게시글 제목'
            , '133번 게시글 내용'
            , '테스터133'
            , 0
            , 0
            , 0
            , NOW()
            , NULL
        )

2023-04-12 12:42:08,547 DEBUG [com.study.domain.post.PostMapper.save] <==    Updates: 1
2023-04-12 12:42:08,547  INFO [jdbc.resultsettable] 
|----------|
|insert_id |
|----------|
|133       |
|----------|

2023-04-12 12:42:08,549 DEBUG [com.study.aop.LoggerAspect] Service ===> com.study.domain.post.PostService.savePost()
2023-04-12 12:42:08,549 DEBUG [com.study.aop.LoggerAspect] Mapper ===> com.study.domain.post.PostMapper.save()
2023-04-12 12:42:08,549 DEBUG [com.study.domain.post.PostMapper.save] ==>  Preparing: INSERT INTO tb_post ( id , title , content , writer , view_cnt , notice_yn , delete_yn , created_date , modified_date ) VALUES ( ? , ? , ? , ? , 0 , ? , 0 , NOW() , NULL )
2023-04-12 12:42:08,549 DEBUG [com.study.domain.post.PostMapper.save] ==> Parameters: null, 134번 게시글 제목(String), 134번 게시글 내용(String), 테스터134(String), false(Boolean)
2023-04-12 12:42:08,549  INFO [jdbc.sqlonly] INSERT INTO tb_post (

          id
        , title
        , content
        , writer
        , view_cnt
        , notice_yn
        , delete_yn
        , created_date
        , modified_date

        ) VALUES (
              NULL
            , '134번 게시글 제목'
            , '134번 게시글 내용'
            , '테스터134'
            , 0
            , 0
            , 0
            , NOW()
            , NULL
        )

2023-04-12 12:42:08,550 DEBUG [com.study.domain.post.PostMapper.save] <==    Updates: 1
2023-04-12 12:42:08,550  INFO [jdbc.resultsettable] 
|----------|
|insert_id |
|----------|
|134       |
|----------|

2023-04-12 12:42:08,552 DEBUG [com.study.aop.LoggerAspect] Service ===> com.study.domain.post.PostService.savePost()
2023-04-12 12:42:08,552 DEBUG [com.study.aop.LoggerAspect] Mapper ===> com.study.domain.post.PostMapper.save()
2023-04-12 12:42:08,552 DEBUG [com.study.domain.post.PostMapper.save] ==>  Preparing: INSERT INTO tb_post ( id , title , content , writer , view_cnt , notice_yn , delete_yn , created_date , modified_date ) VALUES ( ? , ? , ? , ? , 0 , ? , 0 , NOW() , NULL )
2023-04-12 12:42:08,552 DEBUG [com.study.domain.post.PostMapper.save] ==> Parameters: null, 135번 게시글 제목(String), 135번 게시글 내용(String), 테스터135(String), false(Boolean)
2023-04-12 12:42:08,552  INFO [jdbc.sqlonly] INSERT INTO tb_post (

          id
        , title
        , content
        , writer
        , view_cnt
        , notice_yn
        , delete_yn
        , created_date
        , modified_date

        ) VALUES (
              NULL
            , '135번 게시글 제목'
            , '135번 게시글 내용'
            , '테스터135'
            , 0
            , 0
            , 0
            , NOW()
            , NULL
        )

2023-04-12 12:42:08,552 DEBUG [com.study.domain.post.PostMapper.save] <==    Updates: 1
2023-04-12 12:42:08,552  INFO [jdbc.resultsettable] 
|----------|
|insert_id |
|----------|
|135       |
|----------|

2023-04-12 12:42:08,554 DEBUG [com.study.aop.LoggerAspect] Service ===> com.study.domain.post.PostService.savePost()
2023-04-12 12:42:08,555 DEBUG [com.study.aop.LoggerAspect] Mapper ===> com.study.domain.post.PostMapper.save()
2023-04-12 12:42:08,555 DEBUG [com.study.domain.post.PostMapper.save] ==>  Preparing: INSERT INTO tb_post ( id , title , content , writer , view_cnt , notice_yn , delete_yn , created_date , modified_date ) VALUES ( ? , ? , ? , ? , 0 , ? , 0 , NOW() , NULL )
2023-04-12 12:42:08,555 DEBUG [com.study.domain.post.PostMapper.save] ==> Parameters: null, 136번 게시글 제목(String), 136번 게시글 내용(String), 테스터136(String), false(Boolean)
2023-04-12 12:42:08,555  INFO [jdbc.sqlonly] INSERT INTO tb_post (

          id
        , title
        , content
        , writer
        , view_cnt
        , notice_yn
        , delete_yn
        , created_date
        , modified_date

        ) VALUES (
              NULL
            , '136번 게시글 제목'
            , '136번 게시글 내용'
            , '테스터136'
            , 0
            , 0
            , 0
            , NOW()
            , NULL
        )

2023-04-12 12:42:08,555 DEBUG [com.study.domain.post.PostMapper.save] <==    Updates: 1
2023-04-12 12:42:08,555  INFO [jdbc.resultsettable] 
|----------|
|insert_id |
|----------|
|136       |
|----------|

2023-04-12 12:42:08,557 DEBUG [com.study.aop.LoggerAspect] Service ===> com.study.domain.post.PostService.savePost()
2023-04-12 12:42:08,557 DEBUG [com.study.aop.LoggerAspect] Mapper ===> com.study.domain.post.PostMapper.save()
2023-04-12 12:42:08,557 DEBUG [com.study.domain.post.PostMapper.save] ==>  Preparing: INSERT INTO tb_post ( id , title , content , writer , view_cnt , notice_yn , delete_yn , created_date , modified_date ) VALUES ( ? , ? , ? , ? , 0 , ? , 0 , NOW() , NULL )
2023-04-12 12:42:08,557 DEBUG [com.study.domain.post.PostMapper.save] ==> Parameters: null, 137번 게시글 제목(String), 137번 게시글 내용(String), 테스터137(String), false(Boolean)
2023-04-12 12:42:08,557  INFO [jdbc.sqlonly] INSERT INTO tb_post (

          id
        , title
        , content
        , writer
        , view_cnt
        , notice_yn
        , delete_yn
        , created_date
        , modified_date

        ) VALUES (
              NULL
            , '137번 게시글 제목'
            , '137번 게시글 내용'
            , '테스터137'
            , 0
            , 0
            , 0
            , NOW()
            , NULL
        )

2023-04-12 12:42:08,558 DEBUG [com.study.domain.post.PostMapper.save] <==    Updates: 1
2023-04-12 12:42:08,558  INFO [jdbc.resultsettable] 
|----------|
|insert_id |
|----------|
|137       |
|----------|

2023-04-12 12:42:08,560 DEBUG [com.study.aop.LoggerAspect] Service ===> com.study.domain.post.PostService.savePost()
2023-04-12 12:42:08,560 DEBUG [com.study.aop.LoggerAspect] Mapper ===> com.study.domain.post.PostMapper.save()
2023-04-12 12:42:08,560 DEBUG [com.study.domain.post.PostMapper.save] ==>  Preparing: INSERT INTO tb_post ( id , title , content , writer , view_cnt , notice_yn , delete_yn , created_date , modified_date ) VALUES ( ? , ? , ? , ? , 0 , ? , 0 , NOW() , NULL )
2023-04-12 12:42:08,560 DEBUG [com.study.domain.post.PostMapper.save] ==> Parameters: null, 138번 게시글 제목(String), 138번 게시글 내용(String), 테스터138(String), false(Boolean)
2023-04-12 12:42:08,560  INFO [jdbc.sqlonly] INSERT INTO tb_post (

          id
        , title
        , content
        , writer
        , view_cnt
        , notice_yn
        , delete_yn
        , created_date
        , modified_date

        ) VALUES (
              NULL
            , '138번 게시글 제목'
            , '138번 게시글 내용'
            , '테스터138'
            , 0
            , 0
            , 0
            , NOW()
            , NULL
        )

2023-04-12 12:42:08,560 DEBUG [com.study.domain.post.PostMapper.save] <==    Updates: 1
2023-04-12 12:42:08,560  INFO [jdbc.resultsettable] 
|----------|
|insert_id |
|----------|
|138       |
|----------|

2023-04-12 12:42:08,562 DEBUG [com.study.aop.LoggerAspect] Service ===> com.study.domain.post.PostService.savePost()
2023-04-12 12:42:08,562 DEBUG [com.study.aop.LoggerAspect] Mapper ===> com.study.domain.post.PostMapper.save()
2023-04-12 12:42:08,562 DEBUG [com.study.domain.post.PostMapper.save] ==>  Preparing: INSERT INTO tb_post ( id , title , content , writer , view_cnt , notice_yn , delete_yn , created_date , modified_date ) VALUES ( ? , ? , ? , ? , 0 , ? , 0 , NOW() , NULL )
2023-04-12 12:42:08,562 DEBUG [com.study.domain.post.PostMapper.save] ==> Parameters: null, 139번 게시글 제목(String), 139번 게시글 내용(String), 테스터139(String), false(Boolean)
2023-04-12 12:42:08,562  INFO [jdbc.sqlonly] INSERT INTO tb_post (

          id
        , title
        , content
        , writer
        , view_cnt
        , notice_yn
        , delete_yn
        , created_date
        , modified_date

        ) VALUES (
              NULL
            , '139번 게시글 제목'
            , '139번 게시글 내용'
            , '테스터139'
            , 0
            , 0
            , 0
            , NOW()
            , NULL
        )

2023-04-12 12:42:08,562 DEBUG [com.study.domain.post.PostMapper.save] <==    Updates: 1
2023-04-12 12:42:08,563  INFO [jdbc.resultsettable] 
|----------|
|insert_id |
|----------|
|139       |
|----------|

2023-04-12 12:42:08,565 DEBUG [com.study.aop.LoggerAspect] Service ===> com.study.domain.post.PostService.savePost()
2023-04-12 12:42:08,565 DEBUG [com.study.aop.LoggerAspect] Mapper ===> com.study.domain.post.PostMapper.save()
2023-04-12 12:42:08,565 DEBUG [com.study.domain.post.PostMapper.save] ==>  Preparing: INSERT INTO tb_post ( id , title , content , writer , view_cnt , notice_yn , delete_yn , created_date , modified_date ) VALUES ( ? , ? , ? , ? , 0 , ? , 0 , NOW() , NULL )
2023-04-12 12:42:08,565 DEBUG [com.study.domain.post.PostMapper.save] ==> Parameters: null, 140번 게시글 제목(String), 140번 게시글 내용(String), 테스터140(String), false(Boolean)
2023-04-12 12:42:08,565  INFO [jdbc.sqlonly] INSERT INTO tb_post (

          id
        , title
        , content
        , writer
        , view_cnt
        , notice_yn
        , delete_yn
        , created_date
        , modified_date

        ) VALUES (
              NULL
            , '140번 게시글 제목'
            , '140번 게시글 내용'
            , '테스터140'
            , 0
            , 0
            , 0
            , NOW()
            , NULL
        )

2023-04-12 12:42:08,565 DEBUG [com.study.domain.post.PostMapper.save] <==    Updates: 1
2023-04-12 12:42:08,565  INFO [jdbc.resultsettable] 
|----------|
|insert_id |
|----------|
|140       |
|----------|

2023-04-12 12:42:08,568 DEBUG [com.study.aop.LoggerAspect] Service ===> com.study.domain.post.PostService.savePost()
2023-04-12 12:42:08,568 DEBUG [com.study.aop.LoggerAspect] Mapper ===> com.study.domain.post.PostMapper.save()
2023-04-12 12:42:08,569 DEBUG [com.study.domain.post.PostMapper.save] ==>  Preparing: INSERT INTO tb_post ( id , title , content , writer , view_cnt , notice_yn , delete_yn , created_date , modified_date ) VALUES ( ? , ? , ? , ? , 0 , ? , 0 , NOW() , NULL )
2023-04-12 12:42:08,569 DEBUG [com.study.domain.post.PostMapper.save] ==> Parameters: null, 141번 게시글 제목(String), 141번 게시글 내용(String), 테스터141(String), false(Boolean)
2023-04-12 12:42:08,569  INFO [jdbc.sqlonly] INSERT INTO tb_post (

          id
        , title
        , content
        , writer
        , view_cnt
        , notice_yn
        , delete_yn
        , created_date
        , modified_date

        ) VALUES (
              NULL
            , '141번 게시글 제목'
            , '141번 게시글 내용'
            , '테스터141'
            , 0
            , 0
            , 0
            , NOW()
            , NULL
        )

2023-04-12 12:42:08,569 DEBUG [com.study.domain.post.PostMapper.save] <==    Updates: 1
2023-04-12 12:42:08,570  INFO [jdbc.resultsettable] 
|----------|
|insert_id |
|----------|
|141       |
|----------|

2023-04-12 12:42:08,574 DEBUG [com.study.aop.LoggerAspect] Service ===> com.study.domain.post.PostService.savePost()
2023-04-12 12:42:08,574 DEBUG [com.study.aop.LoggerAspect] Mapper ===> com.study.domain.post.PostMapper.save()
2023-04-12 12:42:08,574 DEBUG [com.study.domain.post.PostMapper.save] ==>  Preparing: INSERT INTO tb_post ( id , title , content , writer , view_cnt , notice_yn , delete_yn , created_date , modified_date ) VALUES ( ? , ? , ? , ? , 0 , ? , 0 , NOW() , NULL )
2023-04-12 12:42:08,574 DEBUG [com.study.domain.post.PostMapper.save] ==> Parameters: null, 142번 게시글 제목(String), 142번 게시글 내용(String), 테스터142(String), false(Boolean)
2023-04-12 12:42:08,574  INFO [jdbc.sqlonly] INSERT INTO tb_post (

          id
        , title
        , content
        , writer
        , view_cnt
        , notice_yn
        , delete_yn
        , created_date
        , modified_date

        ) VALUES (
              NULL
            , '142번 게시글 제목'
            , '142번 게시글 내용'
            , '테스터142'
            , 0
            , 0
            , 0
            , NOW()
            , NULL
        )

2023-04-12 12:42:08,575 DEBUG [com.study.domain.post.PostMapper.save] <==    Updates: 1
2023-04-12 12:42:08,575  INFO [jdbc.resultsettable] 
|----------|
|insert_id |
|----------|
|142       |
|----------|

2023-04-12 12:42:08,578 DEBUG [com.study.aop.LoggerAspect] Service ===> com.study.domain.post.PostService.savePost()
2023-04-12 12:42:08,578 DEBUG [com.study.aop.LoggerAspect] Mapper ===> com.study.domain.post.PostMapper.save()
2023-04-12 12:42:08,578 DEBUG [com.study.domain.post.PostMapper.save] ==>  Preparing: INSERT INTO tb_post ( id , title , content , writer , view_cnt , notice_yn , delete_yn , created_date , modified_date ) VALUES ( ? , ? , ? , ? , 0 , ? , 0 , NOW() , NULL )
2023-04-12 12:42:08,578 DEBUG [com.study.domain.post.PostMapper.save] ==> Parameters: null, 143번 게시글 제목(String), 143번 게시글 내용(String), 테스터143(String), false(Boolean)
2023-04-12 12:42:08,578  INFO [jdbc.sqlonly] INSERT INTO tb_post (

          id
        , title
        , content
        , writer
        , view_cnt
        , notice_yn
        , delete_yn
        , created_date
        , modified_date

        ) VALUES (
              NULL
            , '143번 게시글 제목'
            , '143번 게시글 내용'
            , '테스터143'
            , 0
            , 0
            , 0
            , NOW()
            , NULL
        )

2023-04-12 12:42:08,579 DEBUG [com.study.domain.post.PostMapper.save] <==    Updates: 1
2023-04-12 12:42:08,579  INFO [jdbc.resultsettable] 
|----------|
|insert_id |
|----------|
|143       |
|----------|

2023-04-12 12:42:08,582 DEBUG [com.study.aop.LoggerAspect] Service ===> com.study.domain.post.PostService.savePost()
2023-04-12 12:42:08,582 DEBUG [com.study.aop.LoggerAspect] Mapper ===> com.study.domain.post.PostMapper.save()
2023-04-12 12:42:08,582 DEBUG [com.study.domain.post.PostMapper.save] ==>  Preparing: INSERT INTO tb_post ( id , title , content , writer , view_cnt , notice_yn , delete_yn , created_date , modified_date ) VALUES ( ? , ? , ? , ? , 0 , ? , 0 , NOW() , NULL )
2023-04-12 12:42:08,582 DEBUG [com.study.domain.post.PostMapper.save] ==> Parameters: null, 144번 게시글 제목(String), 144번 게시글 내용(String), 테스터144(String), false(Boolean)
2023-04-12 12:42:08,582  INFO [jdbc.sqlonly] INSERT INTO tb_post (

          id
        , title
        , content
        , writer
        , view_cnt
        , notice_yn
        , delete_yn
        , created_date
        , modified_date

        ) VALUES (
              NULL
            , '144번 게시글 제목'
            , '144번 게시글 내용'
            , '테스터144'
            , 0
            , 0
            , 0
            , NOW()
            , NULL
        )

2023-04-12 12:42:08,586 DEBUG [com.study.domain.post.PostMapper.save] <==    Updates: 1
2023-04-12 12:42:08,586  INFO [jdbc.resultsettable] 
|----------|
|insert_id |
|----------|
|144       |
|----------|

2023-04-12 12:42:08,588 DEBUG [com.study.aop.LoggerAspect] Service ===> com.study.domain.post.PostService.savePost()
2023-04-12 12:42:08,589 DEBUG [com.study.aop.LoggerAspect] Mapper ===> com.study.domain.post.PostMapper.save()
2023-04-12 12:42:08,589 DEBUG [com.study.domain.post.PostMapper.save] ==>  Preparing: INSERT INTO tb_post ( id , title , content , writer , view_cnt , notice_yn , delete_yn , created_date , modified_date ) VALUES ( ? , ? , ? , ? , 0 , ? , 0 , NOW() , NULL )
2023-04-12 12:42:08,589 DEBUG [com.study.domain.post.PostMapper.save] ==> Parameters: null, 145번 게시글 제목(String), 145번 게시글 내용(String), 테스터145(String), false(Boolean)
2023-04-12 12:42:08,589  INFO [jdbc.sqlonly] INSERT INTO tb_post (

          id
        , title
        , content
        , writer
        , view_cnt
        , notice_yn
        , delete_yn
        , created_date
        , modified_date

        ) VALUES (
              NULL
            , '145번 게시글 제목'
            , '145번 게시글 내용'
            , '테스터145'
            , 0
            , 0
            , 0
            , NOW()
            , NULL
        )

2023-04-12 12:42:08,593 DEBUG [com.study.domain.post.PostMapper.save] <==    Updates: 1
2023-04-12 12:42:08,593  INFO [jdbc.resultsettable] 
|----------|
|insert_id |
|----------|
|145       |
|----------|

2023-04-12 12:42:08,596 DEBUG [com.study.aop.LoggerAspect] Service ===> com.study.domain.post.PostService.savePost()
2023-04-12 12:42:08,596 DEBUG [com.study.aop.LoggerAspect] Mapper ===> com.study.domain.post.PostMapper.save()
2023-04-12 12:42:08,596 DEBUG [com.study.domain.post.PostMapper.save] ==>  Preparing: INSERT INTO tb_post ( id , title , content , writer , view_cnt , notice_yn , delete_yn , created_date , modified_date ) VALUES ( ? , ? , ? , ? , 0 , ? , 0 , NOW() , NULL )
2023-04-12 12:42:08,597 DEBUG [com.study.domain.post.PostMapper.save] ==> Parameters: null, 146번 게시글 제목(String), 146번 게시글 내용(String), 테스터146(String), false(Boolean)
2023-04-12 12:42:08,597  INFO [jdbc.sqlonly] INSERT INTO tb_post (

          id
        , title
        , content
        , writer
        , view_cnt
        , notice_yn
        , delete_yn
        , created_date
        , modified_date

        ) VALUES (
              NULL
            , '146번 게시글 제목'
            , '146번 게시글 내용'
            , '테스터146'
            , 0
            , 0
            , 0
            , NOW()
            , NULL
        )

2023-04-12 12:42:08,597 DEBUG [com.study.domain.post.PostMapper.save] <==    Updates: 1
2023-04-12 12:42:08,598  INFO [jdbc.resultsettable] 
|----------|
|insert_id |
|----------|
|146       |
|----------|

2023-04-12 12:42:08,602 DEBUG [com.study.aop.LoggerAspect] Service ===> com.study.domain.post.PostService.savePost()
2023-04-12 12:42:08,602 DEBUG [com.study.aop.LoggerAspect] Mapper ===> com.study.domain.post.PostMapper.save()
2023-04-12 12:42:08,602 DEBUG [com.study.domain.post.PostMapper.save] ==>  Preparing: INSERT INTO tb_post ( id , title , content , writer , view_cnt , notice_yn , delete_yn , created_date , modified_date ) VALUES ( ? , ? , ? , ? , 0 , ? , 0 , NOW() , NULL )
2023-04-12 12:42:08,602 DEBUG [com.study.domain.post.PostMapper.save] ==> Parameters: null, 147번 게시글 제목(String), 147번 게시글 내용(String), 테스터147(String), false(Boolean)
2023-04-12 12:42:08,602  INFO [jdbc.sqlonly] INSERT INTO tb_post (

          id
        , title
        , content
        , writer
        , view_cnt
        , notice_yn
        , delete_yn
        , created_date
        , modified_date

        ) VALUES (
              NULL
            , '147번 게시글 제목'
            , '147번 게시글 내용'
            , '테스터147'
            , 0
            , 0
            , 0
            , NOW()
            , NULL
        )

2023-04-12 12:42:08,604 DEBUG [com.study.domain.post.PostMapper.save] <==    Updates: 1
2023-04-12 12:42:08,604  INFO [jdbc.resultsettable] 
|----------|
|insert_id |
|----------|
|147       |
|----------|

2023-04-12 12:42:08,611 DEBUG [com.study.aop.LoggerAspect] Service ===> com.study.domain.post.PostService.savePost()
2023-04-12 12:42:08,611 DEBUG [com.study.aop.LoggerAspect] Mapper ===> com.study.domain.post.PostMapper.save()
2023-04-12 12:42:08,612 DEBUG [com.study.domain.post.PostMapper.save] ==>  Preparing: INSERT INTO tb_post ( id , title , content , writer , view_cnt , notice_yn , delete_yn , created_date , modified_date ) VALUES ( ? , ? , ? , ? , 0 , ? , 0 , NOW() , NULL )
2023-04-12 12:42:08,612 DEBUG [com.study.domain.post.PostMapper.save] ==> Parameters: null, 148번 게시글 제목(String), 148번 게시글 내용(String), 테스터148(String), false(Boolean)
2023-04-12 12:42:08,612  INFO [jdbc.sqlonly] INSERT INTO tb_post (

          id
        , title
        , content
        , writer
        , view_cnt
        , notice_yn
        , delete_yn
        , created_date
        , modified_date

        ) VALUES (
              NULL
            , '148번 게시글 제목'
            , '148번 게시글 내용'
            , '테스터148'
            , 0
            , 0
            , 0
            , NOW()
            , NULL
        )

2023-04-12 12:42:08,615 DEBUG [com.study.domain.post.PostMapper.save] <==    Updates: 1
2023-04-12 12:42:08,615  INFO [jdbc.resultsettable] 
|----------|
|insert_id |
|----------|
|148       |
|----------|

2023-04-12 12:42:08,622 DEBUG [com.study.aop.LoggerAspect] Service ===> com.study.domain.post.PostService.savePost()
2023-04-12 12:42:08,622 DEBUG [com.study.aop.LoggerAspect] Mapper ===> com.study.domain.post.PostMapper.save()
2023-04-12 12:42:08,622 DEBUG [com.study.domain.post.PostMapper.save] ==>  Preparing: INSERT INTO tb_post ( id , title , content , writer , view_cnt , notice_yn , delete_yn , created_date , modified_date ) VALUES ( ? , ? , ? , ? , 0 , ? , 0 , NOW() , NULL )
2023-04-12 12:42:08,623 DEBUG [com.study.domain.post.PostMapper.save] ==> Parameters: null, 149번 게시글 제목(String), 149번 게시글 내용(String), 테스터149(String), false(Boolean)
2023-04-12 12:42:08,623  INFO [jdbc.sqlonly] INSERT INTO tb_post (

          id
        , title
        , content
        , writer
        , view_cnt
        , notice_yn
        , delete_yn
        , created_date
        , modified_date

        ) VALUES (
              NULL
            , '149번 게시글 제목'
            , '149번 게시글 내용'
            , '테스터149'
            , 0
            , 0
            , 0
            , NOW()
            , NULL
        )

2023-04-12 12:42:08,623 DEBUG [com.study.domain.post.PostMapper.save] <==    Updates: 1
2023-04-12 12:42:08,624  INFO [jdbc.resultsettable] 
|----------|
|insert_id |
|----------|
|149       |
|----------|

2023-04-12 12:42:08,634 DEBUG [com.study.aop.LoggerAspect] Service ===> com.study.domain.post.PostService.savePost()
2023-04-12 12:42:08,634 DEBUG [com.study.aop.LoggerAspect] Mapper ===> com.study.domain.post.PostMapper.save()
2023-04-12 12:42:08,635 DEBUG [com.study.domain.post.PostMapper.save] ==>  Preparing: INSERT INTO tb_post ( id , title , content , writer , view_cnt , notice_yn , delete_yn , created_date , modified_date ) VALUES ( ? , ? , ? , ? , 0 , ? , 0 , NOW() , NULL )
2023-04-12 12:42:08,635 DEBUG [com.study.domain.post.PostMapper.save] ==> Parameters: null, 150번 게시글 제목(String), 150번 게시글 내용(String), 테스터150(String), false(Boolean)
2023-04-12 12:42:08,635  INFO [jdbc.sqlonly] INSERT INTO tb_post (

          id
        , title
        , content
        , writer
        , view_cnt
        , notice_yn
        , delete_yn
        , created_date
        , modified_date

        ) VALUES (
              NULL
            , '150번 게시글 제목'
            , '150번 게시글 내용'
            , '테스터150'
            , 0
            , 0
            , 0
            , NOW()
            , NULL
        )

2023-04-12 12:42:08,636 DEBUG [com.study.domain.post.PostMapper.save] <==    Updates: 1
2023-04-12 12:42:08,636  INFO [jdbc.resultsettable] 
|----------|
|insert_id |
|----------|
|150       |
|----------|

2023-04-12 12:42:08,639 DEBUG [com.study.aop.LoggerAspect] Service ===> com.study.domain.post.PostService.savePost()
2023-04-12 12:42:08,639 DEBUG [com.study.aop.LoggerAspect] Mapper ===> com.study.domain.post.PostMapper.save()
2023-04-12 12:42:08,640 DEBUG [com.study.domain.post.PostMapper.save] ==>  Preparing: INSERT INTO tb_post ( id , title , content , writer , view_cnt , notice_yn , delete_yn , created_date , modified_date ) VALUES ( ? , ? , ? , ? , 0 , ? , 0 , NOW() , NULL )
2023-04-12 12:42:08,640 DEBUG [com.study.domain.post.PostMapper.save] ==> Parameters: null, 151번 게시글 제목(String), 151번 게시글 내용(String), 테스터151(String), false(Boolean)
2023-04-12 12:42:08,640  INFO [jdbc.sqlonly] INSERT INTO tb_post (

          id
        , title
        , content
        , writer
        , view_cnt
        , notice_yn
        , delete_yn
        , created_date
        , modified_date

        ) VALUES (
              NULL
            , '151번 게시글 제목'
            , '151번 게시글 내용'
            , '테스터151'
            , 0
            , 0
            , 0
            , NOW()
            , NULL
        )

2023-04-12 12:42:08,640 DEBUG [com.study.domain.post.PostMapper.save] <==    Updates: 1
2023-04-12 12:42:08,641  INFO [jdbc.resultsettable] 
|----------|
|insert_id |
|----------|
|151       |
|----------|

2023-04-12 12:42:08,644 DEBUG [com.study.aop.LoggerAspect] Service ===> com.study.domain.post.PostService.savePost()
2023-04-12 12:42:08,645 DEBUG [com.study.aop.LoggerAspect] Mapper ===> com.study.domain.post.PostMapper.save()
2023-04-12 12:42:08,645 DEBUG [com.study.domain.post.PostMapper.save] ==>  Preparing: INSERT INTO tb_post ( id , title , content , writer , view_cnt , notice_yn , delete_yn , created_date , modified_date ) VALUES ( ? , ? , ? , ? , 0 , ? , 0 , NOW() , NULL )
2023-04-12 12:42:08,645 DEBUG [com.study.domain.post.PostMapper.save] ==> Parameters: null, 152번 게시글 제목(String), 152번 게시글 내용(String), 테스터152(String), false(Boolean)
2023-04-12 12:42:08,645  INFO [jdbc.sqlonly] INSERT INTO tb_post (

          id
        , title
        , content
        , writer
        , view_cnt
        , notice_yn
        , delete_yn
        , created_date
        , modified_date

        ) VALUES (
              NULL
            , '152번 게시글 제목'
            , '152번 게시글 내용'
            , '테스터152'
            , 0
            , 0
            , 0
            , NOW()
            , NULL
        )

2023-04-12 12:42:08,647 DEBUG [com.study.domain.post.PostMapper.save] <==    Updates: 1
2023-04-12 12:42:08,647  INFO [jdbc.resultsettable] 
|----------|
|insert_id |
|----------|
|152       |
|----------|

2023-04-12 12:42:08,650 DEBUG [com.study.aop.LoggerAspect] Service ===> com.study.domain.post.PostService.savePost()
2023-04-12 12:42:08,650 DEBUG [com.study.aop.LoggerAspect] Mapper ===> com.study.domain.post.PostMapper.save()
2023-04-12 12:42:08,651 DEBUG [com.study.domain.post.PostMapper.save] ==>  Preparing: INSERT INTO tb_post ( id , title , content , writer , view_cnt , notice_yn , delete_yn , created_date , modified_date ) VALUES ( ? , ? , ? , ? , 0 , ? , 0 , NOW() , NULL )
2023-04-12 12:42:08,651 DEBUG [com.study.domain.post.PostMapper.save] ==> Parameters: null, 153번 게시글 제목(String), 153번 게시글 내용(String), 테스터153(String), false(Boolean)
2023-04-12 12:42:08,651  INFO [jdbc.sqlonly] INSERT INTO tb_post (

          id
        , title
        , content
        , writer
        , view_cnt
        , notice_yn
        , delete_yn
        , created_date
        , modified_date

        ) VALUES (
              NULL
            , '153번 게시글 제목'
            , '153번 게시글 내용'
            , '테스터153'
            , 0
            , 0
            , 0
            , NOW()
            , NULL
        )

2023-04-12 12:42:08,652 DEBUG [com.study.domain.post.PostMapper.save] <==    Updates: 1
2023-04-12 12:42:08,652  INFO [jdbc.resultsettable] 
|----------|
|insert_id |
|----------|
|153       |
|----------|

2023-04-12 12:42:08,657 DEBUG [com.study.aop.LoggerAspect] Service ===> com.study.domain.post.PostService.savePost()
2023-04-12 12:42:08,657 DEBUG [com.study.aop.LoggerAspect] Mapper ===> com.study.domain.post.PostMapper.save()
2023-04-12 12:42:08,657 DEBUG [com.study.domain.post.PostMapper.save] ==>  Preparing: INSERT INTO tb_post ( id , title , content , writer , view_cnt , notice_yn , delete_yn , created_date , modified_date ) VALUES ( ? , ? , ? , ? , 0 , ? , 0 , NOW() , NULL )
2023-04-12 12:42:08,658 DEBUG [com.study.domain.post.PostMapper.save] ==> Parameters: null, 154번 게시글 제목(String), 154번 게시글 내용(String), 테스터154(String), false(Boolean)
2023-04-12 12:42:08,658  INFO [jdbc.sqlonly] INSERT INTO tb_post (

          id
        , title
        , content
        , writer
        , view_cnt
        , notice_yn
        , delete_yn
        , created_date
        , modified_date

        ) VALUES (
              NULL
            , '154번 게시글 제목'
            , '154번 게시글 내용'
            , '테스터154'
            , 0
            , 0
            , 0
            , NOW()
            , NULL
        )

2023-04-12 12:42:08,658 DEBUG [com.study.domain.post.PostMapper.save] <==    Updates: 1
2023-04-12 12:42:08,659  INFO [jdbc.resultsettable] 
|----------|
|insert_id |
|----------|
|154       |
|----------|

2023-04-12 12:42:08,669 DEBUG [com.study.aop.LoggerAspect] Service ===> com.study.domain.post.PostService.savePost()
2023-04-12 12:42:08,669 DEBUG [com.study.aop.LoggerAspect] Mapper ===> com.study.domain.post.PostMapper.save()
2023-04-12 12:42:08,669 DEBUG [com.study.domain.post.PostMapper.save] ==>  Preparing: INSERT INTO tb_post ( id , title , content , writer , view_cnt , notice_yn , delete_yn , created_date , modified_date ) VALUES ( ? , ? , ? , ? , 0 , ? , 0 , NOW() , NULL )
2023-04-12 12:42:08,669 DEBUG [com.study.domain.post.PostMapper.save] ==> Parameters: null, 155번 게시글 제목(String), 155번 게시글 내용(String), 테스터155(String), false(Boolean)
2023-04-12 12:42:08,670  INFO [jdbc.sqlonly] INSERT INTO tb_post (

          id
        , title
        , content
        , writer
        , view_cnt
        , notice_yn
        , delete_yn
        , created_date
        , modified_date

        ) VALUES (
              NULL
            , '155번 게시글 제목'
            , '155번 게시글 내용'
            , '테스터155'
            , 0
            , 0
            , 0
            , NOW()
            , NULL
        )

2023-04-12 12:42:08,670 DEBUG [com.study.domain.post.PostMapper.save] <==    Updates: 1
2023-04-12 12:42:08,670  INFO [jdbc.resultsettable] 
|----------|
|insert_id |
|----------|
|155       |
|----------|

2023-04-12 12:42:08,684 DEBUG [com.study.aop.LoggerAspect] Service ===> com.study.domain.post.PostService.savePost()
2023-04-12 12:42:08,684 DEBUG [com.study.aop.LoggerAspect] Mapper ===> com.study.domain.post.PostMapper.save()
2023-04-12 12:42:08,684 DEBUG [com.study.domain.post.PostMapper.save] ==>  Preparing: INSERT INTO tb_post ( id , title , content , writer , view_cnt , notice_yn , delete_yn , created_date , modified_date ) VALUES ( ? , ? , ? , ? , 0 , ? , 0 , NOW() , NULL )
2023-04-12 12:42:08,685 DEBUG [com.study.domain.post.PostMapper.save] ==> Parameters: null, 156번 게시글 제목(String), 156번 게시글 내용(String), 테스터156(String), false(Boolean)
2023-04-12 12:42:08,685  INFO [jdbc.sqlonly] INSERT INTO tb_post (

          id
        , title
        , content
        , writer
        , view_cnt
        , notice_yn
        , delete_yn
        , created_date
        , modified_date

        ) VALUES (
              NULL
            , '156번 게시글 제목'
            , '156번 게시글 내용'
            , '테스터156'
            , 0
            , 0
            , 0
            , NOW()
            , NULL
        )

2023-04-12 12:42:08,685 DEBUG [com.study.domain.post.PostMapper.save] <==    Updates: 1
2023-04-12 12:42:08,685  INFO [jdbc.resultsettable] 
|----------|
|insert_id |
|----------|
|156       |
|----------|

2023-04-12 12:42:08,687 DEBUG [com.study.aop.LoggerAspect] Service ===> com.study.domain.post.PostService.savePost()
2023-04-12 12:42:08,687 DEBUG [com.study.aop.LoggerAspect] Mapper ===> com.study.domain.post.PostMapper.save()
2023-04-12 12:42:08,687 DEBUG [com.study.domain.post.PostMapper.save] ==>  Preparing: INSERT INTO tb_post ( id , title , content , writer , view_cnt , notice_yn , delete_yn , created_date , modified_date ) VALUES ( ? , ? , ? , ? , 0 , ? , 0 , NOW() , NULL )
2023-04-12 12:42:08,687 DEBUG [com.study.domain.post.PostMapper.save] ==> Parameters: null, 157번 게시글 제목(String), 157번 게시글 내용(String), 테스터157(String), false(Boolean)
2023-04-12 12:42:08,687  INFO [jdbc.sqlonly] INSERT INTO tb_post (

          id
        , title
        , content
        , writer
        , view_cnt
        , notice_yn
        , delete_yn
        , created_date
        , modified_date

        ) VALUES (
              NULL
            , '157번 게시글 제목'
            , '157번 게시글 내용'
            , '테스터157'
            , 0
            , 0
            , 0
            , NOW()
            , NULL
        )

2023-04-12 12:42:08,691 DEBUG [com.study.domain.post.PostMapper.save] <==    Updates: 1
2023-04-12 12:42:08,691  INFO [jdbc.resultsettable] 
|----------|
|insert_id |
|----------|
|157       |
|----------|

2023-04-12 12:42:08,694 DEBUG [com.study.aop.LoggerAspect] Service ===> com.study.domain.post.PostService.savePost()
2023-04-12 12:42:08,694 DEBUG [com.study.aop.LoggerAspect] Mapper ===> com.study.domain.post.PostMapper.save()
2023-04-12 12:42:08,694 DEBUG [com.study.domain.post.PostMapper.save] ==>  Preparing: INSERT INTO tb_post ( id , title , content , writer , view_cnt , notice_yn , delete_yn , created_date , modified_date ) VALUES ( ? , ? , ? , ? , 0 , ? , 0 , NOW() , NULL )
2023-04-12 12:42:08,694 DEBUG [com.study.domain.post.PostMapper.save] ==> Parameters: null, 158번 게시글 제목(String), 158번 게시글 내용(String), 테스터158(String), false(Boolean)
2023-04-12 12:42:08,694  INFO [jdbc.sqlonly] INSERT INTO tb_post (

          id
        , title
        , content
        , writer
        , view_cnt
        , notice_yn
        , delete_yn
        , created_date
        , modified_date

        ) VALUES (
              NULL
            , '158번 게시글 제목'
            , '158번 게시글 내용'
            , '테스터158'
            , 0
            , 0
            , 0
            , NOW()
            , NULL
        )

2023-04-12 12:42:08,695 DEBUG [com.study.domain.post.PostMapper.save] <==    Updates: 1
2023-04-12 12:42:08,695  INFO [jdbc.resultsettable] 
|----------|
|insert_id |
|----------|
|158       |
|----------|

2023-04-12 12:42:08,696 DEBUG [com.study.aop.LoggerAspect] Service ===> com.study.domain.post.PostService.savePost()
2023-04-12 12:42:08,697 DEBUG [com.study.aop.LoggerAspect] Mapper ===> com.study.domain.post.PostMapper.save()
2023-04-12 12:42:08,697 DEBUG [com.study.domain.post.PostMapper.save] ==>  Preparing: INSERT INTO tb_post ( id , title , content , writer , view_cnt , notice_yn , delete_yn , created_date , modified_date ) VALUES ( ? , ? , ? , ? , 0 , ? , 0 , NOW() , NULL )
2023-04-12 12:42:08,697 DEBUG [com.study.domain.post.PostMapper.save] ==> Parameters: null, 159번 게시글 제목(String), 159번 게시글 내용(String), 테스터159(String), false(Boolean)
2023-04-12 12:42:08,697  INFO [jdbc.sqlonly] INSERT INTO tb_post (

          id
        , title
        , content
        , writer
        , view_cnt
        , notice_yn
        , delete_yn
        , created_date
        , modified_date

        ) VALUES (
              NULL
            , '159번 게시글 제목'
            , '159번 게시글 내용'
            , '테스터159'
            , 0
            , 0
            , 0
            , NOW()
            , NULL
        )

2023-04-12 12:42:08,697 DEBUG [com.study.domain.post.PostMapper.save] <==    Updates: 1
2023-04-12 12:42:08,697  INFO [jdbc.resultsettable] 
|----------|
|insert_id |
|----------|
|159       |
|----------|

2023-04-12 12:42:08,699 DEBUG [com.study.aop.LoggerAspect] Service ===> com.study.domain.post.PostService.savePost()
2023-04-12 12:42:08,699 DEBUG [com.study.aop.LoggerAspect] Mapper ===> com.study.domain.post.PostMapper.save()
2023-04-12 12:42:08,700 DEBUG [com.study.domain.post.PostMapper.save] ==>  Preparing: INSERT INTO tb_post ( id , title , content , writer , view_cnt , notice_yn , delete_yn , created_date , modified_date ) VALUES ( ? , ? , ? , ? , 0 , ? , 0 , NOW() , NULL )
2023-04-12 12:42:08,700 DEBUG [com.study.domain.post.PostMapper.save] ==> Parameters: null, 160번 게시글 제목(String), 160번 게시글 내용(String), 테스터160(String), false(Boolean)
2023-04-12 12:42:08,700  INFO [jdbc.sqlonly] INSERT INTO tb_post (

          id
        , title
        , content
        , writer
        , view_cnt
        , notice_yn
        , delete_yn
        , created_date
        , modified_date

        ) VALUES (
              NULL
            , '160번 게시글 제목'
            , '160번 게시글 내용'
            , '테스터160'
            , 0
            , 0
            , 0
            , NOW()
            , NULL
        )

2023-04-12 12:42:08,700 DEBUG [com.study.domain.post.PostMapper.save] <==    Updates: 1
2023-04-12 12:42:08,700  INFO [jdbc.resultsettable] 
|----------|
|insert_id |
|----------|
|160       |
|----------|

2023-04-12 12:42:08,702 DEBUG [com.study.aop.LoggerAspect] Service ===> com.study.domain.post.PostService.savePost()
2023-04-12 12:42:08,702 DEBUG [com.study.aop.LoggerAspect] Mapper ===> com.study.domain.post.PostMapper.save()
2023-04-12 12:42:08,702 DEBUG [com.study.domain.post.PostMapper.save] ==>  Preparing: INSERT INTO tb_post ( id , title , content , writer , view_cnt , notice_yn , delete_yn , created_date , modified_date ) VALUES ( ? , ? , ? , ? , 0 , ? , 0 , NOW() , NULL )
2023-04-12 12:42:08,702 DEBUG [com.study.domain.post.PostMapper.save] ==> Parameters: null, 161번 게시글 제목(String), 161번 게시글 내용(String), 테스터161(String), false(Boolean)
2023-04-12 12:42:08,702  INFO [jdbc.sqlonly] INSERT INTO tb_post (

          id
        , title
        , content
        , writer
        , view_cnt
        , notice_yn
        , delete_yn
        , created_date
        , modified_date

        ) VALUES (
              NULL
            , '161번 게시글 제목'
            , '161번 게시글 내용'
            , '테스터161'
            , 0
            , 0
            , 0
            , NOW()
            , NULL
        )

2023-04-12 12:42:08,703 DEBUG [com.study.domain.post.PostMapper.save] <==    Updates: 1
2023-04-12 12:42:08,703  INFO [jdbc.resultsettable] 
|----------|
|insert_id |
|----------|
|161       |
|----------|

2023-04-12 12:42:08,706 DEBUG [com.study.aop.LoggerAspect] Service ===> com.study.domain.post.PostService.savePost()
2023-04-12 12:42:08,706 DEBUG [com.study.aop.LoggerAspect] Mapper ===> com.study.domain.post.PostMapper.save()
2023-04-12 12:42:08,706 DEBUG [com.study.domain.post.PostMapper.save] ==>  Preparing: INSERT INTO tb_post ( id , title , content , writer , view_cnt , notice_yn , delete_yn , created_date , modified_date ) VALUES ( ? , ? , ? , ? , 0 , ? , 0 , NOW() , NULL )
2023-04-12 12:42:08,706 DEBUG [com.study.domain.post.PostMapper.save] ==> Parameters: null, 162번 게시글 제목(String), 162번 게시글 내용(String), 테스터162(String), false(Boolean)
2023-04-12 12:42:08,706  INFO [jdbc.sqlonly] INSERT INTO tb_post (

          id
        , title
        , content
        , writer
        , view_cnt
        , notice_yn
        , delete_yn
        , created_date
        , modified_date

        ) VALUES (
              NULL
            , '162번 게시글 제목'
            , '162번 게시글 내용'
            , '테스터162'
            , 0
            , 0
            , 0
            , NOW()
            , NULL
        )

2023-04-12 12:42:08,707 DEBUG [com.study.domain.post.PostMapper.save] <==    Updates: 1
2023-04-12 12:42:08,707  INFO [jdbc.resultsettable] 
|----------|
|insert_id |
|----------|
|162       |
|----------|

2023-04-12 12:42:08,709 DEBUG [com.study.aop.LoggerAspect] Service ===> com.study.domain.post.PostService.savePost()
2023-04-12 12:42:08,709 DEBUG [com.study.aop.LoggerAspect] Mapper ===> com.study.domain.post.PostMapper.save()
2023-04-12 12:42:08,709 DEBUG [com.study.domain.post.PostMapper.save] ==>  Preparing: INSERT INTO tb_post ( id , title , content , writer , view_cnt , notice_yn , delete_yn , created_date , modified_date ) VALUES ( ? , ? , ? , ? , 0 , ? , 0 , NOW() , NULL )
2023-04-12 12:42:08,710 DEBUG [com.study.domain.post.PostMapper.save] ==> Parameters: null, 163번 게시글 제목(String), 163번 게시글 내용(String), 테스터163(String), false(Boolean)
2023-04-12 12:42:08,710  INFO [jdbc.sqlonly] INSERT INTO tb_post (

          id
        , title
        , content
        , writer
        , view_cnt
        , notice_yn
        , delete_yn
        , created_date
        , modified_date

        ) VALUES (
              NULL
            , '163번 게시글 제목'
            , '163번 게시글 내용'
            , '테스터163'
            , 0
            , 0
            , 0
            , NOW()
            , NULL
        )

2023-04-12 12:42:08,710 DEBUG [com.study.domain.post.PostMapper.save] <==    Updates: 1
2023-04-12 12:42:08,710  INFO [jdbc.resultsettable] 
|----------|
|insert_id |
|----------|
|163       |
|----------|

2023-04-12 12:42:08,712 DEBUG [com.study.aop.LoggerAspect] Service ===> com.study.domain.post.PostService.savePost()
2023-04-12 12:42:08,712 DEBUG [com.study.aop.LoggerAspect] Mapper ===> com.study.domain.post.PostMapper.save()
2023-04-12 12:42:08,712 DEBUG [com.study.domain.post.PostMapper.save] ==>  Preparing: INSERT INTO tb_post ( id , title , content , writer , view_cnt , notice_yn , delete_yn , created_date , modified_date ) VALUES ( ? , ? , ? , ? , 0 , ? , 0 , NOW() , NULL )
2023-04-12 12:42:08,712 DEBUG [com.study.domain.post.PostMapper.save] ==> Parameters: null, 164번 게시글 제목(String), 164번 게시글 내용(String), 테스터164(String), false(Boolean)
2023-04-12 12:42:08,712  INFO [jdbc.sqlonly] INSERT INTO tb_post (

          id
        , title
        , content
        , writer
        , view_cnt
        , notice_yn
        , delete_yn
        , created_date
        , modified_date

        ) VALUES (
              NULL
            , '164번 게시글 제목'
            , '164번 게시글 내용'
            , '테스터164'
            , 0
            , 0
            , 0
            , NOW()
            , NULL
        )

2023-04-12 12:42:08,712 DEBUG [com.study.domain.post.PostMapper.save] <==    Updates: 1
2023-04-12 12:42:08,712  INFO [jdbc.resultsettable] 
|----------|
|insert_id |
|----------|
|164       |
|----------|

2023-04-12 12:42:08,715 DEBUG [com.study.aop.LoggerAspect] Service ===> com.study.domain.post.PostService.savePost()
2023-04-12 12:42:08,715 DEBUG [com.study.aop.LoggerAspect] Mapper ===> com.study.domain.post.PostMapper.save()
2023-04-12 12:42:08,715 DEBUG [com.study.domain.post.PostMapper.save] ==>  Preparing: INSERT INTO tb_post ( id , title , content , writer , view_cnt , notice_yn , delete_yn , created_date , modified_date ) VALUES ( ? , ? , ? , ? , 0 , ? , 0 , NOW() , NULL )
2023-04-12 12:42:08,715 DEBUG [com.study.domain.post.PostMapper.save] ==> Parameters: null, 165번 게시글 제목(String), 165번 게시글 내용(String), 테스터165(String), false(Boolean)
2023-04-12 12:42:08,715  INFO [jdbc.sqlonly] INSERT INTO tb_post (

          id
        , title
        , content
        , writer
        , view_cnt
        , notice_yn
        , delete_yn
        , created_date
        , modified_date

        ) VALUES (
              NULL
            , '165번 게시글 제목'
            , '165번 게시글 내용'
            , '테스터165'
            , 0
            , 0
            , 0
            , NOW()
            , NULL
        )

2023-04-12 12:42:08,716 DEBUG [com.study.domain.post.PostMapper.save] <==    Updates: 1
2023-04-12 12:42:08,716  INFO [jdbc.resultsettable] 
|----------|
|insert_id |
|----------|
|165       |
|----------|

2023-04-12 12:42:08,721 DEBUG [com.study.aop.LoggerAspect] Service ===> com.study.domain.post.PostService.savePost()
2023-04-12 12:42:08,721 DEBUG [com.study.aop.LoggerAspect] Mapper ===> com.study.domain.post.PostMapper.save()
2023-04-12 12:42:08,721 DEBUG [com.study.domain.post.PostMapper.save] ==>  Preparing: INSERT INTO tb_post ( id , title , content , writer , view_cnt , notice_yn , delete_yn , created_date , modified_date ) VALUES ( ? , ? , ? , ? , 0 , ? , 0 , NOW() , NULL )
2023-04-12 12:42:08,721 DEBUG [com.study.domain.post.PostMapper.save] ==> Parameters: null, 166번 게시글 제목(String), 166번 게시글 내용(String), 테스터166(String), false(Boolean)
2023-04-12 12:42:08,721  INFO [jdbc.sqlonly] INSERT INTO tb_post (

          id
        , title
        , content
        , writer
        , view_cnt
        , notice_yn
        , delete_yn
        , created_date
        , modified_date

        ) VALUES (
              NULL
            , '166번 게시글 제목'
            , '166번 게시글 내용'
            , '테스터166'
            , 0
            , 0
            , 0
            , NOW()
            , NULL
        )

2023-04-12 12:42:08,722 DEBUG [com.study.domain.post.PostMapper.save] <==    Updates: 1
2023-04-12 12:42:08,722  INFO [jdbc.resultsettable] 
|----------|
|insert_id |
|----------|
|166       |
|----------|

2023-04-12 12:42:08,724 DEBUG [com.study.aop.LoggerAspect] Service ===> com.study.domain.post.PostService.savePost()
2023-04-12 12:42:08,724 DEBUG [com.study.aop.LoggerAspect] Mapper ===> com.study.domain.post.PostMapper.save()
2023-04-12 12:42:08,724 DEBUG [com.study.domain.post.PostMapper.save] ==>  Preparing: INSERT INTO tb_post ( id , title , content , writer , view_cnt , notice_yn , delete_yn , created_date , modified_date ) VALUES ( ? , ? , ? , ? , 0 , ? , 0 , NOW() , NULL )
2023-04-12 12:42:08,724 DEBUG [com.study.domain.post.PostMapper.save] ==> Parameters: null, 167번 게시글 제목(String), 167번 게시글 내용(String), 테스터167(String), false(Boolean)
2023-04-12 12:42:08,724  INFO [jdbc.sqlonly] INSERT INTO tb_post (

          id
        , title
        , content
        , writer
        , view_cnt
        , notice_yn
        , delete_yn
        , created_date
        , modified_date

        ) VALUES (
              NULL
            , '167번 게시글 제목'
            , '167번 게시글 내용'
            , '테스터167'
            , 0
            , 0
            , 0
            , NOW()
            , NULL
        )

2023-04-12 12:42:08,725 DEBUG [com.study.domain.post.PostMapper.save] <==    Updates: 1
2023-04-12 12:42:08,725  INFO [jdbc.resultsettable] 
|----------|
|insert_id |
|----------|
|167       |
|----------|

2023-04-12 12:42:08,727 DEBUG [com.study.aop.LoggerAspect] Service ===> com.study.domain.post.PostService.savePost()
2023-04-12 12:42:08,727 DEBUG [com.study.aop.LoggerAspect] Mapper ===> com.study.domain.post.PostMapper.save()
2023-04-12 12:42:08,727 DEBUG [com.study.domain.post.PostMapper.save] ==>  Preparing: INSERT INTO tb_post ( id , title , content , writer , view_cnt , notice_yn , delete_yn , created_date , modified_date ) VALUES ( ? , ? , ? , ? , 0 , ? , 0 , NOW() , NULL )
2023-04-12 12:42:08,727 DEBUG [com.study.domain.post.PostMapper.save] ==> Parameters: null, 168번 게시글 제목(String), 168번 게시글 내용(String), 테스터168(String), false(Boolean)
2023-04-12 12:42:08,727  INFO [jdbc.sqlonly] INSERT INTO tb_post (

          id
        , title
        , content
        , writer
        , view_cnt
        , notice_yn
        , delete_yn
        , created_date
        , modified_date

        ) VALUES (
              NULL
            , '168번 게시글 제목'
            , '168번 게시글 내용'
            , '테스터168'
            , 0
            , 0
            , 0
            , NOW()
            , NULL
        )

2023-04-12 12:42:08,727 DEBUG [com.study.domain.post.PostMapper.save] <==    Updates: 1
2023-04-12 12:42:08,728  INFO [jdbc.resultsettable] 
|----------|
|insert_id |
|----------|
|168       |
|----------|

2023-04-12 12:42:08,729 DEBUG [com.study.aop.LoggerAspect] Service ===> com.study.domain.post.PostService.savePost()
2023-04-12 12:42:08,729 DEBUG [com.study.aop.LoggerAspect] Mapper ===> com.study.domain.post.PostMapper.save()
2023-04-12 12:42:08,729 DEBUG [com.study.domain.post.PostMapper.save] ==>  Preparing: INSERT INTO tb_post ( id , title , content , writer , view_cnt , notice_yn , delete_yn , created_date , modified_date ) VALUES ( ? , ? , ? , ? , 0 , ? , 0 , NOW() , NULL )
2023-04-12 12:42:08,729 DEBUG [com.study.domain.post.PostMapper.save] ==> Parameters: null, 169번 게시글 제목(String), 169번 게시글 내용(String), 테스터169(String), false(Boolean)
2023-04-12 12:42:08,729  INFO [jdbc.sqlonly] INSERT INTO tb_post (

          id
        , title
        , content
        , writer
        , view_cnt
        , notice_yn
        , delete_yn
        , created_date
        , modified_date

        ) VALUES (
              NULL
            , '169번 게시글 제목'
            , '169번 게시글 내용'
            , '테스터169'
            , 0
            , 0
            , 0
            , NOW()
            , NULL
        )

2023-04-12 12:42:08,730 DEBUG [com.study.domain.post.PostMapper.save] <==    Updates: 1
2023-04-12 12:42:08,730  INFO [jdbc.resultsettable] 
|----------|
|insert_id |
|----------|
|169       |
|----------|

2023-04-12 12:42:08,732 DEBUG [com.study.aop.LoggerAspect] Service ===> com.study.domain.post.PostService.savePost()
2023-04-12 12:42:08,732 DEBUG [com.study.aop.LoggerAspect] Mapper ===> com.study.domain.post.PostMapper.save()
2023-04-12 12:42:08,732 DEBUG [com.study.domain.post.PostMapper.save] ==>  Preparing: INSERT INTO tb_post ( id , title , content , writer , view_cnt , notice_yn , delete_yn , created_date , modified_date ) VALUES ( ? , ? , ? , ? , 0 , ? , 0 , NOW() , NULL )
2023-04-12 12:42:08,732 DEBUG [com.study.domain.post.PostMapper.save] ==> Parameters: null, 170번 게시글 제목(String), 170번 게시글 내용(String), 테스터170(String), false(Boolean)
2023-04-12 12:42:08,732  INFO [jdbc.sqlonly] INSERT INTO tb_post (

          id
        , title
        , content
        , writer
        , view_cnt
        , notice_yn
        , delete_yn
        , created_date
        , modified_date

        ) VALUES (
              NULL
            , '170번 게시글 제목'
            , '170번 게시글 내용'
            , '테스터170'
            , 0
            , 0
            , 0
            , NOW()
            , NULL
        )

2023-04-12 12:42:08,732 DEBUG [com.study.domain.post.PostMapper.save] <==    Updates: 1
2023-04-12 12:42:08,733  INFO [jdbc.resultsettable] 
|----------|
|insert_id |
|----------|
|170       |
|----------|

2023-04-12 12:42:08,734 DEBUG [com.study.aop.LoggerAspect] Service ===> com.study.domain.post.PostService.savePost()
2023-04-12 12:42:08,734 DEBUG [com.study.aop.LoggerAspect] Mapper ===> com.study.domain.post.PostMapper.save()
2023-04-12 12:42:08,735 DEBUG [com.study.domain.post.PostMapper.save] ==>  Preparing: INSERT INTO tb_post ( id , title , content , writer , view_cnt , notice_yn , delete_yn , created_date , modified_date ) VALUES ( ? , ? , ? , ? , 0 , ? , 0 , NOW() , NULL )
2023-04-12 12:42:08,735 DEBUG [com.study.domain.post.PostMapper.save] ==> Parameters: null, 171번 게시글 제목(String), 171번 게시글 내용(String), 테스터171(String), false(Boolean)
2023-04-12 12:42:08,735  INFO [jdbc.sqlonly] INSERT INTO tb_post (

          id
        , title
        , content
        , writer
        , view_cnt
        , notice_yn
        , delete_yn
        , created_date
        , modified_date

        ) VALUES (
              NULL
            , '171번 게시글 제목'
            , '171번 게시글 내용'
            , '테스터171'
            , 0
            , 0
            , 0
            , NOW()
            , NULL
        )

2023-04-12 12:42:08,735 DEBUG [com.study.domain.post.PostMapper.save] <==    Updates: 1
2023-04-12 12:42:08,736  INFO [jdbc.resultsettable] 
|----------|
|insert_id |
|----------|
|171       |
|----------|

2023-04-12 12:42:08,741 DEBUG [com.study.aop.LoggerAspect] Service ===> com.study.domain.post.PostService.savePost()
2023-04-12 12:42:08,741 DEBUG [com.study.aop.LoggerAspect] Mapper ===> com.study.domain.post.PostMapper.save()
2023-04-12 12:42:08,741 DEBUG [com.study.domain.post.PostMapper.save] ==>  Preparing: INSERT INTO tb_post ( id , title , content , writer , view_cnt , notice_yn , delete_yn , created_date , modified_date ) VALUES ( ? , ? , ? , ? , 0 , ? , 0 , NOW() , NULL )
2023-04-12 12:42:08,741 DEBUG [com.study.domain.post.PostMapper.save] ==> Parameters: null, 172번 게시글 제목(String), 172번 게시글 내용(String), 테스터172(String), false(Boolean)
2023-04-12 12:42:08,741  INFO [jdbc.sqlonly] INSERT INTO tb_post (

          id
        , title
        , content
        , writer
        , view_cnt
        , notice_yn
        , delete_yn
        , created_date
        , modified_date

        ) VALUES (
              NULL
            , '172번 게시글 제목'
            , '172번 게시글 내용'
            , '테스터172'
            , 0
            , 0
            , 0
            , NOW()
            , NULL
        )

2023-04-12 12:42:08,741 DEBUG [com.study.domain.post.PostMapper.save] <==    Updates: 1
2023-04-12 12:42:08,742  INFO [jdbc.resultsettable] 
|----------|
|insert_id |
|----------|
|172       |
|----------|

2023-04-12 12:42:08,743 DEBUG [com.study.aop.LoggerAspect] Service ===> com.study.domain.post.PostService.savePost()
2023-04-12 12:42:08,743 DEBUG [com.study.aop.LoggerAspect] Mapper ===> com.study.domain.post.PostMapper.save()
2023-04-12 12:42:08,744 DEBUG [com.study.domain.post.PostMapper.save] ==>  Preparing: INSERT INTO tb_post ( id , title , content , writer , view_cnt , notice_yn , delete_yn , created_date , modified_date ) VALUES ( ? , ? , ? , ? , 0 , ? , 0 , NOW() , NULL )
2023-04-12 12:42:08,744 DEBUG [com.study.domain.post.PostMapper.save] ==> Parameters: null, 173번 게시글 제목(String), 173번 게시글 내용(String), 테스터173(String), false(Boolean)
2023-04-12 12:42:08,744  INFO [jdbc.sqlonly] INSERT INTO tb_post (

          id
        , title
        , content
        , writer
        , view_cnt
        , notice_yn
        , delete_yn
        , created_date
        , modified_date

        ) VALUES (
              NULL
            , '173번 게시글 제목'
            , '173번 게시글 내용'
            , '테스터173'
            , 0
            , 0
            , 0
            , NOW()
            , NULL
        )

2023-04-12 12:42:08,744 DEBUG [com.study.domain.post.PostMapper.save] <==    Updates: 1
2023-04-12 12:42:08,744  INFO [jdbc.resultsettable] 
|----------|
|insert_id |
|----------|
|173       |
|----------|

2023-04-12 12:42:08,746 DEBUG [com.study.aop.LoggerAspect] Service ===> com.study.domain.post.PostService.savePost()
2023-04-12 12:42:08,746 DEBUG [com.study.aop.LoggerAspect] Mapper ===> com.study.domain.post.PostMapper.save()
2023-04-12 12:42:08,746 DEBUG [com.study.domain.post.PostMapper.save] ==>  Preparing: INSERT INTO tb_post ( id , title , content , writer , view_cnt , notice_yn , delete_yn , created_date , modified_date ) VALUES ( ? , ? , ? , ? , 0 , ? , 0 , NOW() , NULL )
2023-04-12 12:42:08,746 DEBUG [com.study.domain.post.PostMapper.save] ==> Parameters: null, 174번 게시글 제목(String), 174번 게시글 내용(String), 테스터174(String), false(Boolean)
2023-04-12 12:42:08,746  INFO [jdbc.sqlonly] INSERT INTO tb_post (

          id
        , title
        , content
        , writer
        , view_cnt
        , notice_yn
        , delete_yn
        , created_date
        , modified_date

        ) VALUES (
              NULL
            , '174번 게시글 제목'
            , '174번 게시글 내용'
            , '테스터174'
            , 0
            , 0
            , 0
            , NOW()
            , NULL
        )

2023-04-12 12:42:08,747 DEBUG [com.study.domain.post.PostMapper.save] <==    Updates: 1
2023-04-12 12:42:08,747  INFO [jdbc.resultsettable] 
|----------|
|insert_id |
|----------|
|174       |
|----------|

2023-04-12 12:42:08,748 DEBUG [com.study.aop.LoggerAspect] Service ===> com.study.domain.post.PostService.savePost()
2023-04-12 12:42:08,748 DEBUG [com.study.aop.LoggerAspect] Mapper ===> com.study.domain.post.PostMapper.save()
2023-04-12 12:42:08,748 DEBUG [com.study.domain.post.PostMapper.save] ==>  Preparing: INSERT INTO tb_post ( id , title , content , writer , view_cnt , notice_yn , delete_yn , created_date , modified_date ) VALUES ( ? , ? , ? , ? , 0 , ? , 0 , NOW() , NULL )
2023-04-12 12:42:08,749 DEBUG [com.study.domain.post.PostMapper.save] ==> Parameters: null, 175번 게시글 제목(String), 175번 게시글 내용(String), 테스터175(String), false(Boolean)
2023-04-12 12:42:08,749  INFO [jdbc.sqlonly] INSERT INTO tb_post (

          id
        , title
        , content
        , writer
        , view_cnt
        , notice_yn
        , delete_yn
        , created_date
        , modified_date

        ) VALUES (
              NULL
            , '175번 게시글 제목'
            , '175번 게시글 내용'
            , '테스터175'
            , 0
            , 0
            , 0
            , NOW()
            , NULL
        )

2023-04-12 12:42:08,749 DEBUG [com.study.domain.post.PostMapper.save] <==    Updates: 1
2023-04-12 12:42:08,749  INFO [jdbc.resultsettable] 
|----------|
|insert_id |
|----------|
|175       |
|----------|

2023-04-12 12:42:08,751 DEBUG [com.study.aop.LoggerAspect] Service ===> com.study.domain.post.PostService.savePost()
2023-04-12 12:42:08,751 DEBUG [com.study.aop.LoggerAspect] Mapper ===> com.study.domain.post.PostMapper.save()
2023-04-12 12:42:08,751 DEBUG [com.study.domain.post.PostMapper.save] ==>  Preparing: INSERT INTO tb_post ( id , title , content , writer , view_cnt , notice_yn , delete_yn , created_date , modified_date ) VALUES ( ? , ? , ? , ? , 0 , ? , 0 , NOW() , NULL )
2023-04-12 12:42:08,751 DEBUG [com.study.domain.post.PostMapper.save] ==> Parameters: null, 176번 게시글 제목(String), 176번 게시글 내용(String), 테스터176(String), false(Boolean)
2023-04-12 12:42:08,751  INFO [jdbc.sqlonly] INSERT INTO tb_post (

          id
        , title
        , content
        , writer
        , view_cnt
        , notice_yn
        , delete_yn
        , created_date
        , modified_date

        ) VALUES (
              NULL
            , '176번 게시글 제목'
            , '176번 게시글 내용'
            , '테스터176'
            , 0
            , 0
            , 0
            , NOW()
            , NULL
        )

2023-04-12 12:42:08,752 DEBUG [com.study.domain.post.PostMapper.save] <==    Updates: 1
2023-04-12 12:42:08,752  INFO [jdbc.resultsettable] 
|----------|
|insert_id |
|----------|
|176       |
|----------|

2023-04-12 12:42:08,754 DEBUG [com.study.aop.LoggerAspect] Service ===> com.study.domain.post.PostService.savePost()
2023-04-12 12:42:08,755 DEBUG [com.study.aop.LoggerAspect] Mapper ===> com.study.domain.post.PostMapper.save()
2023-04-12 12:42:08,755 DEBUG [com.study.domain.post.PostMapper.save] ==>  Preparing: INSERT INTO tb_post ( id , title , content , writer , view_cnt , notice_yn , delete_yn , created_date , modified_date ) VALUES ( ? , ? , ? , ? , 0 , ? , 0 , NOW() , NULL )
2023-04-12 12:42:08,755 DEBUG [com.study.domain.post.PostMapper.save] ==> Parameters: null, 177번 게시글 제목(String), 177번 게시글 내용(String), 테스터177(String), false(Boolean)
2023-04-12 12:42:08,755  INFO [jdbc.sqlonly] INSERT INTO tb_post (

          id
        , title
        , content
        , writer
        , view_cnt
        , notice_yn
        , delete_yn
        , created_date
        , modified_date

        ) VALUES (
              NULL
            , '177번 게시글 제목'
            , '177번 게시글 내용'
            , '테스터177'
            , 0
            , 0
            , 0
            , NOW()
            , NULL
        )

2023-04-12 12:42:08,755 DEBUG [com.study.domain.post.PostMapper.save] <==    Updates: 1
2023-04-12 12:42:08,756  INFO [jdbc.resultsettable] 
|----------|
|insert_id |
|----------|
|177       |
|----------|

2023-04-12 12:42:08,758 DEBUG [com.study.aop.LoggerAspect] Service ===> com.study.domain.post.PostService.savePost()
2023-04-12 12:42:08,758 DEBUG [com.study.aop.LoggerAspect] Mapper ===> com.study.domain.post.PostMapper.save()
2023-04-12 12:42:08,758 DEBUG [com.study.domain.post.PostMapper.save] ==>  Preparing: INSERT INTO tb_post ( id , title , content , writer , view_cnt , notice_yn , delete_yn , created_date , modified_date ) VALUES ( ? , ? , ? , ? , 0 , ? , 0 , NOW() , NULL )
2023-04-12 12:42:08,758 DEBUG [com.study.domain.post.PostMapper.save] ==> Parameters: null, 178번 게시글 제목(String), 178번 게시글 내용(String), 테스터178(String), false(Boolean)
2023-04-12 12:42:08,758  INFO [jdbc.sqlonly] INSERT INTO tb_post (

          id
        , title
        , content
        , writer
        , view_cnt
        , notice_yn
        , delete_yn
        , created_date
        , modified_date

        ) VALUES (
              NULL
            , '178번 게시글 제목'
            , '178번 게시글 내용'
            , '테스터178'
            , 0
            , 0
            , 0
            , NOW()
            , NULL
        )

2023-04-12 12:42:08,759 DEBUG [com.study.domain.post.PostMapper.save] <==    Updates: 1
2023-04-12 12:42:08,759  INFO [jdbc.resultsettable] 
|----------|
|insert_id |
|----------|
|178       |
|----------|

2023-04-12 12:42:08,761 DEBUG [com.study.aop.LoggerAspect] Service ===> com.study.domain.post.PostService.savePost()
2023-04-12 12:42:08,761 DEBUG [com.study.aop.LoggerAspect] Mapper ===> com.study.domain.post.PostMapper.save()
2023-04-12 12:42:08,762 DEBUG [com.study.domain.post.PostMapper.save] ==>  Preparing: INSERT INTO tb_post ( id , title , content , writer , view_cnt , notice_yn , delete_yn , created_date , modified_date ) VALUES ( ? , ? , ? , ? , 0 , ? , 0 , NOW() , NULL )
2023-04-12 12:42:08,762 DEBUG [com.study.domain.post.PostMapper.save] ==> Parameters: null, 179번 게시글 제목(String), 179번 게시글 내용(String), 테스터179(String), false(Boolean)
2023-04-12 12:42:08,762  INFO [jdbc.sqlonly] INSERT INTO tb_post (

          id
        , title
        , content
        , writer
        , view_cnt
        , notice_yn
        , delete_yn
        , created_date
        , modified_date

        ) VALUES (
              NULL
            , '179번 게시글 제목'
            , '179번 게시글 내용'
            , '테스터179'
            , 0
            , 0
            , 0
            , NOW()
            , NULL
        )

2023-04-12 12:42:08,762 DEBUG [com.study.domain.post.PostMapper.save] <==    Updates: 1
2023-04-12 12:42:08,762  INFO [jdbc.resultsettable] 
|----------|
|insert_id |
|----------|
|179       |
|----------|

2023-04-12 12:42:08,765 DEBUG [com.study.aop.LoggerAspect] Service ===> com.study.domain.post.PostService.savePost()
2023-04-12 12:42:08,765 DEBUG [com.study.aop.LoggerAspect] Mapper ===> com.study.domain.post.PostMapper.save()
2023-04-12 12:42:08,765 DEBUG [com.study.domain.post.PostMapper.save] ==>  Preparing: INSERT INTO tb_post ( id , title , content , writer , view_cnt , notice_yn , delete_yn , created_date , modified_date ) VALUES ( ? , ? , ? , ? , 0 , ? , 0 , NOW() , NULL )
2023-04-12 12:42:08,766 DEBUG [com.study.domain.post.PostMapper.save] ==> Parameters: null, 180번 게시글 제목(String), 180번 게시글 내용(String), 테스터180(String), false(Boolean)
2023-04-12 12:42:08,766  INFO [jdbc.sqlonly] INSERT INTO tb_post (

          id
        , title
        , content
        , writer
        , view_cnt
        , notice_yn
        , delete_yn
        , created_date
        , modified_date

        ) VALUES (
              NULL
            , '180번 게시글 제목'
            , '180번 게시글 내용'
            , '테스터180'
            , 0
            , 0
            , 0
            , NOW()
            , NULL
        )

2023-04-12 12:42:08,766 DEBUG [com.study.domain.post.PostMapper.save] <==    Updates: 1
2023-04-12 12:42:08,766  INFO [jdbc.resultsettable] 
|----------|
|insert_id |
|----------|
|180       |
|----------|

2023-04-12 12:42:08,768 DEBUG [com.study.aop.LoggerAspect] Service ===> com.study.domain.post.PostService.savePost()
2023-04-12 12:42:08,768 DEBUG [com.study.aop.LoggerAspect] Mapper ===> com.study.domain.post.PostMapper.save()
2023-04-12 12:42:08,768 DEBUG [com.study.domain.post.PostMapper.save] ==>  Preparing: INSERT INTO tb_post ( id , title , content , writer , view_cnt , notice_yn , delete_yn , created_date , modified_date ) VALUES ( ? , ? , ? , ? , 0 , ? , 0 , NOW() , NULL )
2023-04-12 12:42:08,769 DEBUG [com.study.domain.post.PostMapper.save] ==> Parameters: null, 181번 게시글 제목(String), 181번 게시글 내용(String), 테스터181(String), false(Boolean)
2023-04-12 12:42:08,769  INFO [jdbc.sqlonly] INSERT INTO tb_post (

          id
        , title
        , content
        , writer
        , view_cnt
        , notice_yn
        , delete_yn
        , created_date
        , modified_date

        ) VALUES (
              NULL
            , '181번 게시글 제목'
            , '181번 게시글 내용'
            , '테스터181'
            , 0
            , 0
            , 0
            , NOW()
            , NULL
        )

2023-04-12 12:42:08,769 DEBUG [com.study.domain.post.PostMapper.save] <==    Updates: 1
2023-04-12 12:42:08,769  INFO [jdbc.resultsettable] 
|----------|
|insert_id |
|----------|
|181       |
|----------|

2023-04-12 12:42:08,771 DEBUG [com.study.aop.LoggerAspect] Service ===> com.study.domain.post.PostService.savePost()
2023-04-12 12:42:08,771 DEBUG [com.study.aop.LoggerAspect] Mapper ===> com.study.domain.post.PostMapper.save()
2023-04-12 12:42:08,771 DEBUG [com.study.domain.post.PostMapper.save] ==>  Preparing: INSERT INTO tb_post ( id , title , content , writer , view_cnt , notice_yn , delete_yn , created_date , modified_date ) VALUES ( ? , ? , ? , ? , 0 , ? , 0 , NOW() , NULL )
2023-04-12 12:42:08,771 DEBUG [com.study.domain.post.PostMapper.save] ==> Parameters: null, 182번 게시글 제목(String), 182번 게시글 내용(String), 테스터182(String), false(Boolean)
2023-04-12 12:42:08,771  INFO [jdbc.sqlonly] INSERT INTO tb_post (

          id
        , title
        , content
        , writer
        , view_cnt
        , notice_yn
        , delete_yn
        , created_date
        , modified_date

        ) VALUES (
              NULL
            , '182번 게시글 제목'
            , '182번 게시글 내용'
            , '테스터182'
            , 0
            , 0
            , 0
            , NOW()
            , NULL
        )

2023-04-12 12:42:08,772 DEBUG [com.study.domain.post.PostMapper.save] <==    Updates: 1
2023-04-12 12:42:08,772  INFO [jdbc.resultsettable] 
|----------|
|insert_id |
|----------|
|182       |
|----------|

2023-04-12 12:42:08,775 DEBUG [com.study.aop.LoggerAspect] Service ===> com.study.domain.post.PostService.savePost()
2023-04-12 12:42:08,775 DEBUG [com.study.aop.LoggerAspect] Mapper ===> com.study.domain.post.PostMapper.save()
2023-04-12 12:42:08,775 DEBUG [com.study.domain.post.PostMapper.save] ==>  Preparing: INSERT INTO tb_post ( id , title , content , writer , view_cnt , notice_yn , delete_yn , created_date , modified_date ) VALUES ( ? , ? , ? , ? , 0 , ? , 0 , NOW() , NULL )
2023-04-12 12:42:08,775 DEBUG [com.study.domain.post.PostMapper.save] ==> Parameters: null, 183번 게시글 제목(String), 183번 게시글 내용(String), 테스터183(String), false(Boolean)
2023-04-12 12:42:08,775  INFO [jdbc.sqlonly] INSERT INTO tb_post (

          id
        , title
        , content
        , writer
        , view_cnt
        , notice_yn
        , delete_yn
        , created_date
        , modified_date

        ) VALUES (
              NULL
            , '183번 게시글 제목'
            , '183번 게시글 내용'
            , '테스터183'
            , 0
            , 0
            , 0
            , NOW()
            , NULL
        )

2023-04-12 12:42:08,776 DEBUG [com.study.domain.post.PostMapper.save] <==    Updates: 1
2023-04-12 12:42:08,776  INFO [jdbc.resultsettable] 
|----------|
|insert_id |
|----------|
|183       |
|----------|

2023-04-12 12:42:08,778 DEBUG [com.study.aop.LoggerAspect] Service ===> com.study.domain.post.PostService.savePost()
2023-04-12 12:42:08,778 DEBUG [com.study.aop.LoggerAspect] Mapper ===> com.study.domain.post.PostMapper.save()
2023-04-12 12:42:08,778 DEBUG [com.study.domain.post.PostMapper.save] ==>  Preparing: INSERT INTO tb_post ( id , title , content , writer , view_cnt , notice_yn , delete_yn , created_date , modified_date ) VALUES ( ? , ? , ? , ? , 0 , ? , 0 , NOW() , NULL )
2023-04-12 12:42:08,779 DEBUG [com.study.domain.post.PostMapper.save] ==> Parameters: null, 184번 게시글 제목(String), 184번 게시글 내용(String), 테스터184(String), false(Boolean)
2023-04-12 12:42:08,779  INFO [jdbc.sqlonly] INSERT INTO tb_post (

          id
        , title
        , content
        , writer
        , view_cnt
        , notice_yn
        , delete_yn
        , created_date
        , modified_date

        ) VALUES (
              NULL
            , '184번 게시글 제목'
            , '184번 게시글 내용'
            , '테스터184'
            , 0
            , 0
            , 0
            , NOW()
            , NULL
        )

2023-04-12 12:42:08,779 DEBUG [com.study.domain.post.PostMapper.save] <==    Updates: 1
2023-04-12 12:42:08,779  INFO [jdbc.resultsettable] 
|----------|
|insert_id |
|----------|
|184       |
|----------|

2023-04-12 12:42:08,781 DEBUG [com.study.aop.LoggerAspect] Service ===> com.study.domain.post.PostService.savePost()
2023-04-12 12:42:08,781 DEBUG [com.study.aop.LoggerAspect] Mapper ===> com.study.domain.post.PostMapper.save()
2023-04-12 12:42:08,781 DEBUG [com.study.domain.post.PostMapper.save] ==>  Preparing: INSERT INTO tb_post ( id , title , content , writer , view_cnt , notice_yn , delete_yn , created_date , modified_date ) VALUES ( ? , ? , ? , ? , 0 , ? , 0 , NOW() , NULL )
2023-04-12 12:42:08,781 DEBUG [com.study.domain.post.PostMapper.save] ==> Parameters: null, 185번 게시글 제목(String), 185번 게시글 내용(String), 테스터185(String), false(Boolean)
2023-04-12 12:42:08,781  INFO [jdbc.sqlonly] INSERT INTO tb_post (

          id
        , title
        , content
        , writer
        , view_cnt
        , notice_yn
        , delete_yn
        , created_date
        , modified_date

        ) VALUES (
              NULL
            , '185번 게시글 제목'
            , '185번 게시글 내용'
            , '테스터185'
            , 0
            , 0
            , 0
            , NOW()
            , NULL
        )

2023-04-12 12:42:08,782 DEBUG [com.study.domain.post.PostMapper.save] <==    Updates: 1
2023-04-12 12:42:08,782  INFO [jdbc.resultsettable] 
|----------|
|insert_id |
|----------|
|185       |
|----------|

2023-04-12 12:42:08,784 DEBUG [com.study.aop.LoggerAspect] Service ===> com.study.domain.post.PostService.savePost()
2023-04-12 12:42:08,784 DEBUG [com.study.aop.LoggerAspect] Mapper ===> com.study.domain.post.PostMapper.save()
2023-04-12 12:42:08,784 DEBUG [com.study.domain.post.PostMapper.save] ==>  Preparing: INSERT INTO tb_post ( id , title , content , writer , view_cnt , notice_yn , delete_yn , created_date , modified_date ) VALUES ( ? , ? , ? , ? , 0 , ? , 0 , NOW() , NULL )
2023-04-12 12:42:08,784 DEBUG [com.study.domain.post.PostMapper.save] ==> Parameters: null, 186번 게시글 제목(String), 186번 게시글 내용(String), 테스터186(String), false(Boolean)
2023-04-12 12:42:08,784  INFO [jdbc.sqlonly] INSERT INTO tb_post (

          id
        , title
        , content
        , writer
        , view_cnt
        , notice_yn
        , delete_yn
        , created_date
        , modified_date

        ) VALUES (
              NULL
            , '186번 게시글 제목'
            , '186번 게시글 내용'
            , '테스터186'
            , 0
            , 0
            , 0
            , NOW()
            , NULL
        )

2023-04-12 12:42:08,785 DEBUG [com.study.domain.post.PostMapper.save] <==    Updates: 1
2023-04-12 12:42:08,785  INFO [jdbc.resultsettable] 
|----------|
|insert_id |
|----------|
|186       |
|----------|

2023-04-12 12:42:08,787 DEBUG [com.study.aop.LoggerAspect] Service ===> com.study.domain.post.PostService.savePost()
2023-04-12 12:42:08,787 DEBUG [com.study.aop.LoggerAspect] Mapper ===> com.study.domain.post.PostMapper.save()
2023-04-12 12:42:08,787 DEBUG [com.study.domain.post.PostMapper.save] ==>  Preparing: INSERT INTO tb_post ( id , title , content , writer , view_cnt , notice_yn , delete_yn , created_date , modified_date ) VALUES ( ? , ? , ? , ? , 0 , ? , 0 , NOW() , NULL )
2023-04-12 12:42:08,787 DEBUG [com.study.domain.post.PostMapper.save] ==> Parameters: null, 187번 게시글 제목(String), 187번 게시글 내용(String), 테스터187(String), false(Boolean)
2023-04-12 12:42:08,787  INFO [jdbc.sqlonly] INSERT INTO tb_post (

          id
        , title
        , content
        , writer
        , view_cnt
        , notice_yn
        , delete_yn
        , created_date
        , modified_date

        ) VALUES (
              NULL
            , '187번 게시글 제목'
            , '187번 게시글 내용'
            , '테스터187'
            , 0
            , 0
            , 0
            , NOW()
            , NULL
        )

2023-04-12 12:42:08,789 DEBUG [com.study.domain.post.PostMapper.save] <==    Updates: 1
2023-04-12 12:42:08,789  INFO [jdbc.resultsettable] 
|----------|
|insert_id |
|----------|
|187       |
|----------|

2023-04-12 12:42:08,791 DEBUG [com.study.aop.LoggerAspect] Service ===> com.study.domain.post.PostService.savePost()
2023-04-12 12:42:08,791 DEBUG [com.study.aop.LoggerAspect] Mapper ===> com.study.domain.post.PostMapper.save()
2023-04-12 12:42:08,791 DEBUG [com.study.domain.post.PostMapper.save] ==>  Preparing: INSERT INTO tb_post ( id , title , content , writer , view_cnt , notice_yn , delete_yn , created_date , modified_date ) VALUES ( ? , ? , ? , ? , 0 , ? , 0 , NOW() , NULL )
2023-04-12 12:42:08,791 DEBUG [com.study.domain.post.PostMapper.save] ==> Parameters: null, 188번 게시글 제목(String), 188번 게시글 내용(String), 테스터188(String), false(Boolean)
2023-04-12 12:42:08,791  INFO [jdbc.sqlonly] INSERT INTO tb_post (

          id
        , title
        , content
        , writer
        , view_cnt
        , notice_yn
        , delete_yn
        , created_date
        , modified_date

        ) VALUES (
              NULL
            , '188번 게시글 제목'
            , '188번 게시글 내용'
            , '테스터188'
            , 0
            , 0
            , 0
            , NOW()
            , NULL
        )

2023-04-12 12:42:08,792 DEBUG [com.study.domain.post.PostMapper.save] <==    Updates: 1
2023-04-12 12:42:08,792  INFO [jdbc.resultsettable] 
|----------|
|insert_id |
|----------|
|188       |
|----------|

2023-04-12 12:42:08,794 DEBUG [com.study.aop.LoggerAspect] Service ===> com.study.domain.post.PostService.savePost()
2023-04-12 12:42:08,794 DEBUG [com.study.aop.LoggerAspect] Mapper ===> com.study.domain.post.PostMapper.save()
2023-04-12 12:42:08,794 DEBUG [com.study.domain.post.PostMapper.save] ==>  Preparing: INSERT INTO tb_post ( id , title , content , writer , view_cnt , notice_yn , delete_yn , created_date , modified_date ) VALUES ( ? , ? , ? , ? , 0 , ? , 0 , NOW() , NULL )
2023-04-12 12:42:08,794 DEBUG [com.study.domain.post.PostMapper.save] ==> Parameters: null, 189번 게시글 제목(String), 189번 게시글 내용(String), 테스터189(String), false(Boolean)
2023-04-12 12:42:08,794  INFO [jdbc.sqlonly] INSERT INTO tb_post (

          id
        , title
        , content
        , writer
        , view_cnt
        , notice_yn
        , delete_yn
        , created_date
        , modified_date

        ) VALUES (
              NULL
            , '189번 게시글 제목'
            , '189번 게시글 내용'
            , '테스터189'
            , 0
            , 0
            , 0
            , NOW()
            , NULL
        )

2023-04-12 12:42:08,795 DEBUG [com.study.domain.post.PostMapper.save] <==    Updates: 1
2023-04-12 12:42:08,795  INFO [jdbc.resultsettable] 
|----------|
|insert_id |
|----------|
|189       |
|----------|

2023-04-12 12:42:08,797 DEBUG [com.study.aop.LoggerAspect] Service ===> com.study.domain.post.PostService.savePost()
2023-04-12 12:42:08,797 DEBUG [com.study.aop.LoggerAspect] Mapper ===> com.study.domain.post.PostMapper.save()
2023-04-12 12:42:08,797 DEBUG [com.study.domain.post.PostMapper.save] ==>  Preparing: INSERT INTO tb_post ( id , title , content , writer , view_cnt , notice_yn , delete_yn , created_date , modified_date ) VALUES ( ? , ? , ? , ? , 0 , ? , 0 , NOW() , NULL )
2023-04-12 12:42:08,797 DEBUG [com.study.domain.post.PostMapper.save] ==> Parameters: null, 190번 게시글 제목(String), 190번 게시글 내용(String), 테스터190(String), false(Boolean)
2023-04-12 12:42:08,797  INFO [jdbc.sqlonly] INSERT INTO tb_post (

          id
        , title
        , content
        , writer
        , view_cnt
        , notice_yn
        , delete_yn
        , created_date
        , modified_date

        ) VALUES (
              NULL
            , '190번 게시글 제목'
            , '190번 게시글 내용'
            , '테스터190'
            , 0
            , 0
            , 0
            , NOW()
            , NULL
        )

2023-04-12 12:42:08,797 DEBUG [com.study.domain.post.PostMapper.save] <==    Updates: 1
2023-04-12 12:42:08,798  INFO [jdbc.resultsettable] 
|----------|
|insert_id |
|----------|
|190       |
|----------|

2023-04-12 12:42:08,799 DEBUG [com.study.aop.LoggerAspect] Service ===> com.study.domain.post.PostService.savePost()
2023-04-12 12:42:08,799 DEBUG [com.study.aop.LoggerAspect] Mapper ===> com.study.domain.post.PostMapper.save()
2023-04-12 12:42:08,799 DEBUG [com.study.domain.post.PostMapper.save] ==>  Preparing: INSERT INTO tb_post ( id , title , content , writer , view_cnt , notice_yn , delete_yn , created_date , modified_date ) VALUES ( ? , ? , ? , ? , 0 , ? , 0 , NOW() , NULL )
2023-04-12 12:42:08,800 DEBUG [com.study.domain.post.PostMapper.save] ==> Parameters: null, 191번 게시글 제목(String), 191번 게시글 내용(String), 테스터191(String), false(Boolean)
2023-04-12 12:42:08,800  INFO [jdbc.sqlonly] INSERT INTO tb_post (

          id
        , title
        , content
        , writer
        , view_cnt
        , notice_yn
        , delete_yn
        , created_date
        , modified_date

        ) VALUES (
              NULL
            , '191번 게시글 제목'
            , '191번 게시글 내용'
            , '테스터191'
            , 0
            , 0
            , 0
            , NOW()
            , NULL
        )

2023-04-12 12:42:08,800 DEBUG [com.study.domain.post.PostMapper.save] <==    Updates: 1
2023-04-12 12:42:08,800  INFO [jdbc.resultsettable] 
|----------|
|insert_id |
|----------|
|191       |
|----------|

2023-04-12 12:42:08,802 DEBUG [com.study.aop.LoggerAspect] Service ===> com.study.domain.post.PostService.savePost()
2023-04-12 12:42:08,802 DEBUG [com.study.aop.LoggerAspect] Mapper ===> com.study.domain.post.PostMapper.save()
2023-04-12 12:42:08,802 DEBUG [com.study.domain.post.PostMapper.save] ==>  Preparing: INSERT INTO tb_post ( id , title , content , writer , view_cnt , notice_yn , delete_yn , created_date , modified_date ) VALUES ( ? , ? , ? , ? , 0 , ? , 0 , NOW() , NULL )
2023-04-12 12:42:08,802 DEBUG [com.study.domain.post.PostMapper.save] ==> Parameters: null, 192번 게시글 제목(String), 192번 게시글 내용(String), 테스터192(String), false(Boolean)
2023-04-12 12:42:08,802  INFO [jdbc.sqlonly] INSERT INTO tb_post (

          id
        , title
        , content
        , writer
        , view_cnt
        , notice_yn
        , delete_yn
        , created_date
        , modified_date

        ) VALUES (
              NULL
            , '192번 게시글 제목'
            , '192번 게시글 내용'
            , '테스터192'
            , 0
            , 0
            , 0
            , NOW()
            , NULL
        )

2023-04-12 12:42:08,803 DEBUG [com.study.domain.post.PostMapper.save] <==    Updates: 1
2023-04-12 12:42:08,803  INFO [jdbc.resultsettable] 
|----------|
|insert_id |
|----------|
|192       |
|----------|

2023-04-12 12:42:08,805 DEBUG [com.study.aop.LoggerAspect] Service ===> com.study.domain.post.PostService.savePost()
2023-04-12 12:42:08,806 DEBUG [com.study.aop.LoggerAspect] Mapper ===> com.study.domain.post.PostMapper.save()
2023-04-12 12:42:08,806 DEBUG [com.study.domain.post.PostMapper.save] ==>  Preparing: INSERT INTO tb_post ( id , title , content , writer , view_cnt , notice_yn , delete_yn , created_date , modified_date ) VALUES ( ? , ? , ? , ? , 0 , ? , 0 , NOW() , NULL )
2023-04-12 12:42:08,806 DEBUG [com.study.domain.post.PostMapper.save] ==> Parameters: null, 193번 게시글 제목(String), 193번 게시글 내용(String), 테스터193(String), false(Boolean)
2023-04-12 12:42:08,806  INFO [jdbc.sqlonly] INSERT INTO tb_post (

          id
        , title
        , content
        , writer
        , view_cnt
        , notice_yn
        , delete_yn
        , created_date
        , modified_date

        ) VALUES (
              NULL
            , '193번 게시글 제목'
            , '193번 게시글 내용'
            , '테스터193'
            , 0
            , 0
            , 0
            , NOW()
            , NULL
        )

2023-04-12 12:42:08,806 DEBUG [com.study.domain.post.PostMapper.save] <==    Updates: 1
2023-04-12 12:42:08,807  INFO [jdbc.resultsettable] 
|----------|
|insert_id |
|----------|
|193       |
|----------|

2023-04-12 12:42:08,809 DEBUG [com.study.aop.LoggerAspect] Service ===> com.study.domain.post.PostService.savePost()
2023-04-12 12:42:08,809 DEBUG [com.study.aop.LoggerAspect] Mapper ===> com.study.domain.post.PostMapper.save()
2023-04-12 12:42:08,809 DEBUG [com.study.domain.post.PostMapper.save] ==>  Preparing: INSERT INTO tb_post ( id , title , content , writer , view_cnt , notice_yn , delete_yn , created_date , modified_date ) VALUES ( ? , ? , ? , ? , 0 , ? , 0 , NOW() , NULL )
2023-04-12 12:42:08,809 DEBUG [com.study.domain.post.PostMapper.save] ==> Parameters: null, 194번 게시글 제목(String), 194번 게시글 내용(String), 테스터194(String), false(Boolean)
2023-04-12 12:42:08,809  INFO [jdbc.sqlonly] INSERT INTO tb_post (

          id
        , title
        , content
        , writer
        , view_cnt
        , notice_yn
        , delete_yn
        , created_date
        , modified_date

        ) VALUES (
              NULL
            , '194번 게시글 제목'
            , '194번 게시글 내용'
            , '테스터194'
            , 0
            , 0
            , 0
            , NOW()
            , NULL
        )

2023-04-12 12:42:08,809 DEBUG [com.study.domain.post.PostMapper.save] <==    Updates: 1
2023-04-12 12:42:08,810  INFO [jdbc.resultsettable] 
|----------|
|insert_id |
|----------|
|194       |
|----------|

2023-04-12 12:42:08,811 DEBUG [com.study.aop.LoggerAspect] Service ===> com.study.domain.post.PostService.savePost()
2023-04-12 12:42:08,811 DEBUG [com.study.aop.LoggerAspect] Mapper ===> com.study.domain.post.PostMapper.save()
2023-04-12 12:42:08,811 DEBUG [com.study.domain.post.PostMapper.save] ==>  Preparing: INSERT INTO tb_post ( id , title , content , writer , view_cnt , notice_yn , delete_yn , created_date , modified_date ) VALUES ( ? , ? , ? , ? , 0 , ? , 0 , NOW() , NULL )
2023-04-12 12:42:08,811 DEBUG [com.study.domain.post.PostMapper.save] ==> Parameters: null, 195번 게시글 제목(String), 195번 게시글 내용(String), 테스터195(String), false(Boolean)
2023-04-12 12:42:08,811  INFO [jdbc.sqlonly] INSERT INTO tb_post (

          id
        , title
        , content
        , writer
        , view_cnt
        , notice_yn
        , delete_yn
        , created_date
        , modified_date

        ) VALUES (
              NULL
            , '195번 게시글 제목'
            , '195번 게시글 내용'
            , '테스터195'
            , 0
            , 0
            , 0
            , NOW()
            , NULL
        )

2023-04-12 12:42:08,812 DEBUG [com.study.domain.post.PostMapper.save] <==    Updates: 1
2023-04-12 12:42:08,812  INFO [jdbc.resultsettable] 
|----------|
|insert_id |
|----------|
|195       |
|----------|

2023-04-12 12:42:08,814 DEBUG [com.study.aop.LoggerAspect] Service ===> com.study.domain.post.PostService.savePost()
2023-04-12 12:42:08,814 DEBUG [com.study.aop.LoggerAspect] Mapper ===> com.study.domain.post.PostMapper.save()
2023-04-12 12:42:08,814 DEBUG [com.study.domain.post.PostMapper.save] ==>  Preparing: INSERT INTO tb_post ( id , title , content , writer , view_cnt , notice_yn , delete_yn , created_date , modified_date ) VALUES ( ? , ? , ? , ? , 0 , ? , 0 , NOW() , NULL )
2023-04-12 12:42:08,814 DEBUG [com.study.domain.post.PostMapper.save] ==> Parameters: null, 196번 게시글 제목(String), 196번 게시글 내용(String), 테스터196(String), false(Boolean)
2023-04-12 12:42:08,814  INFO [jdbc.sqlonly] INSERT INTO tb_post (

          id
        , title
        , content
        , writer
        , view_cnt
        , notice_yn
        , delete_yn
        , created_date
        , modified_date

        ) VALUES (
              NULL
            , '196번 게시글 제목'
            , '196번 게시글 내용'
            , '테스터196'
            , 0
            , 0
            , 0
            , NOW()
            , NULL
        )

2023-04-12 12:42:08,815 DEBUG [com.study.domain.post.PostMapper.save] <==    Updates: 1
2023-04-12 12:42:08,815  INFO [jdbc.resultsettable] 
|----------|
|insert_id |
|----------|
|196       |
|----------|

2023-04-12 12:42:08,817 DEBUG [com.study.aop.LoggerAspect] Service ===> com.study.domain.post.PostService.savePost()
2023-04-12 12:42:08,817 DEBUG [com.study.aop.LoggerAspect] Mapper ===> com.study.domain.post.PostMapper.save()
2023-04-12 12:42:08,817 DEBUG [com.study.domain.post.PostMapper.save] ==>  Preparing: INSERT INTO tb_post ( id , title , content , writer , view_cnt , notice_yn , delete_yn , created_date , modified_date ) VALUES ( ? , ? , ? , ? , 0 , ? , 0 , NOW() , NULL )
2023-04-12 12:42:08,817 DEBUG [com.study.domain.post.PostMapper.save] ==> Parameters: null, 197번 게시글 제목(String), 197번 게시글 내용(String), 테스터197(String), false(Boolean)
2023-04-12 12:42:08,817  INFO [jdbc.sqlonly] INSERT INTO tb_post (

          id
        , title
        , content
        , writer
        , view_cnt
        , notice_yn
        , delete_yn
        , created_date
        , modified_date

        ) VALUES (
              NULL
            , '197번 게시글 제목'
            , '197번 게시글 내용'
            , '테스터197'
            , 0
            , 0
            , 0
            , NOW()
            , NULL
        )

2023-04-12 12:42:08,818 DEBUG [com.study.domain.post.PostMapper.save] <==    Updates: 1
2023-04-12 12:42:08,819  INFO [jdbc.resultsettable] 
|----------|
|insert_id |
|----------|
|197       |
|----------|

2023-04-12 12:42:08,820 DEBUG [com.study.aop.LoggerAspect] Service ===> com.study.domain.post.PostService.savePost()
2023-04-12 12:42:08,820 DEBUG [com.study.aop.LoggerAspect] Mapper ===> com.study.domain.post.PostMapper.save()
2023-04-12 12:42:08,820 DEBUG [com.study.domain.post.PostMapper.save] ==>  Preparing: INSERT INTO tb_post ( id , title , content , writer , view_cnt , notice_yn , delete_yn , created_date , modified_date ) VALUES ( ? , ? , ? , ? , 0 , ? , 0 , NOW() , NULL )
2023-04-12 12:42:08,820 DEBUG [com.study.domain.post.PostMapper.save] ==> Parameters: null, 198번 게시글 제목(String), 198번 게시글 내용(String), 테스터198(String), false(Boolean)
2023-04-12 12:42:08,820  INFO [jdbc.sqlonly] INSERT INTO tb_post (

          id
        , title
        , content
        , writer
        , view_cnt
        , notice_yn
        , delete_yn
        , created_date
        , modified_date

        ) VALUES (
              NULL
            , '198번 게시글 제목'
            , '198번 게시글 내용'
            , '테스터198'
            , 0
            , 0
            , 0
            , NOW()
            , NULL
        )

2023-04-12 12:42:08,821 DEBUG [com.study.domain.post.PostMapper.save] <==    Updates: 1
2023-04-12 12:42:08,821  INFO [jdbc.resultsettable] 
|----------|
|insert_id |
|----------|
|198       |
|----------|

2023-04-12 12:42:08,823 DEBUG [com.study.aop.LoggerAspect] Service ===> com.study.domain.post.PostService.savePost()
2023-04-12 12:42:08,823 DEBUG [com.study.aop.LoggerAspect] Mapper ===> com.study.domain.post.PostMapper.save()
2023-04-12 12:42:08,823 DEBUG [com.study.domain.post.PostMapper.save] ==>  Preparing: INSERT INTO tb_post ( id , title , content , writer , view_cnt , notice_yn , delete_yn , created_date , modified_date ) VALUES ( ? , ? , ? , ? , 0 , ? , 0 , NOW() , NULL )
2023-04-12 12:42:08,823 DEBUG [com.study.domain.post.PostMapper.save] ==> Parameters: null, 199번 게시글 제목(String), 199번 게시글 내용(String), 테스터199(String), false(Boolean)
2023-04-12 12:42:08,823  INFO [jdbc.sqlonly] INSERT INTO tb_post (

          id
        , title
        , content
        , writer
        , view_cnt
        , notice_yn
        , delete_yn
        , created_date
        , modified_date

        ) VALUES (
              NULL
            , '199번 게시글 제목'
            , '199번 게시글 내용'
            , '테스터199'
            , 0
            , 0
            , 0
            , NOW()
            , NULL
        )

2023-04-12 12:42:08,824 DEBUG [com.study.domain.post.PostMapper.save] <==    Updates: 1
2023-04-12 12:42:08,824  INFO [jdbc.resultsettable] 
|----------|
|insert_id |
|----------|
|199       |
|----------|

2023-04-12 12:42:08,826 DEBUG [com.study.aop.LoggerAspect] Service ===> com.study.domain.post.PostService.savePost()
2023-04-12 12:42:08,826 DEBUG [com.study.aop.LoggerAspect] Mapper ===> com.study.domain.post.PostMapper.save()
2023-04-12 12:42:08,826 DEBUG [com.study.domain.post.PostMapper.save] ==>  Preparing: INSERT INTO tb_post ( id , title , content , writer , view_cnt , notice_yn , delete_yn , created_date , modified_date ) VALUES ( ? , ? , ? , ? , 0 , ? , 0 , NOW() , NULL )
2023-04-12 12:42:08,826 DEBUG [com.study.domain.post.PostMapper.save] ==> Parameters: null, 200번 게시글 제목(String), 200번 게시글 내용(String), 테스터200(String), false(Boolean)
2023-04-12 12:42:08,826  INFO [jdbc.sqlonly] INSERT INTO tb_post (

          id
        , title
        , content
        , writer
        , view_cnt
        , notice_yn
        , delete_yn
        , created_date
        , modified_date

        ) VALUES (
              NULL
            , '200번 게시글 제목'
            , '200번 게시글 내용'
            , '테스터200'
            , 0
            , 0
            , 0
            , NOW()
            , NULL
        )

2023-04-12 12:42:08,830 DEBUG [com.study.domain.post.PostMapper.save] <==    Updates: 1
2023-04-12 12:42:08,830  INFO [jdbc.resultsettable] 
|----------|
|insert_id |
|----------|
|200       |
|----------|

2023-04-12 12:42:08,832 DEBUG [com.study.aop.LoggerAspect] Service ===> com.study.domain.post.PostService.savePost()
2023-04-12 12:42:08,832 DEBUG [com.study.aop.LoggerAspect] Mapper ===> com.study.domain.post.PostMapper.save()
2023-04-12 12:42:08,832 DEBUG [com.study.domain.post.PostMapper.save] ==>  Preparing: INSERT INTO tb_post ( id , title , content , writer , view_cnt , notice_yn , delete_yn , created_date , modified_date ) VALUES ( ? , ? , ? , ? , 0 , ? , 0 , NOW() , NULL )
2023-04-12 12:42:08,832 DEBUG [com.study.domain.post.PostMapper.save] ==> Parameters: null, 201번 게시글 제목(String), 201번 게시글 내용(String), 테스터201(String), false(Boolean)
2023-04-12 12:42:08,832  INFO [jdbc.sqlonly] INSERT INTO tb_post (

          id
        , title
        , content
        , writer
        , view_cnt
        , notice_yn
        , delete_yn
        , created_date
        , modified_date

        ) VALUES (
              NULL
            , '201번 게시글 제목'
            , '201번 게시글 내용'
            , '테스터201'
            , 0
            , 0
            , 0
            , NOW()
            , NULL
        )

2023-04-12 12:42:08,832 DEBUG [com.study.domain.post.PostMapper.save] <==    Updates: 1
2023-04-12 12:42:08,833  INFO [jdbc.resultsettable] 
|----------|
|insert_id |
|----------|
|201       |
|----------|

2023-04-12 12:42:08,835 DEBUG [com.study.aop.LoggerAspect] Service ===> com.study.domain.post.PostService.savePost()
2023-04-12 12:42:08,835 DEBUG [com.study.aop.LoggerAspect] Mapper ===> com.study.domain.post.PostMapper.save()
2023-04-12 12:42:08,835 DEBUG [com.study.domain.post.PostMapper.save] ==>  Preparing: INSERT INTO tb_post ( id , title , content , writer , view_cnt , notice_yn , delete_yn , created_date , modified_date ) VALUES ( ? , ? , ? , ? , 0 , ? , 0 , NOW() , NULL )
2023-04-12 12:42:08,835 DEBUG [com.study.domain.post.PostMapper.save] ==> Parameters: null, 202번 게시글 제목(String), 202번 게시글 내용(String), 테스터202(String), false(Boolean)
2023-04-12 12:42:08,835  INFO [jdbc.sqlonly] INSERT INTO tb_post (

          id
        , title
        , content
        , writer
        , view_cnt
        , notice_yn
        , delete_yn
        , created_date
        , modified_date

        ) VALUES (
              NULL
            , '202번 게시글 제목'
            , '202번 게시글 내용'
            , '테스터202'
            , 0
            , 0
            , 0
            , NOW()
            , NULL
        )

2023-04-12 12:42:08,835 DEBUG [com.study.domain.post.PostMapper.save] <==    Updates: 1
2023-04-12 12:42:08,836  INFO [jdbc.resultsettable] 
|----------|
|insert_id |
|----------|
|202       |
|----------|

2023-04-12 12:42:08,837 DEBUG [com.study.aop.LoggerAspect] Service ===> com.study.domain.post.PostService.savePost()
2023-04-12 12:42:08,837 DEBUG [com.study.aop.LoggerAspect] Mapper ===> com.study.domain.post.PostMapper.save()
2023-04-12 12:42:08,837 DEBUG [com.study.domain.post.PostMapper.save] ==>  Preparing: INSERT INTO tb_post ( id , title , content , writer , view_cnt , notice_yn , delete_yn , created_date , modified_date ) VALUES ( ? , ? , ? , ? , 0 , ? , 0 , NOW() , NULL )
2023-04-12 12:42:08,838 DEBUG [com.study.domain.post.PostMapper.save] ==> Parameters: null, 203번 게시글 제목(String), 203번 게시글 내용(String), 테스터203(String), false(Boolean)
2023-04-12 12:42:08,838  INFO [jdbc.sqlonly] INSERT INTO tb_post (

          id
        , title
        , content
        , writer
        , view_cnt
        , notice_yn
        , delete_yn
        , created_date
        , modified_date

        ) VALUES (
              NULL
            , '203번 게시글 제목'
            , '203번 게시글 내용'
            , '테스터203'
            , 0
            , 0
            , 0
            , NOW()
            , NULL
        )

2023-04-12 12:42:08,838 DEBUG [com.study.domain.post.PostMapper.save] <==    Updates: 1
2023-04-12 12:42:08,839  INFO [jdbc.resultsettable] 
|----------|
|insert_id |
|----------|
|203       |
|----------|

2023-04-12 12:42:08,840 DEBUG [com.study.aop.LoggerAspect] Service ===> com.study.domain.post.PostService.savePost()
2023-04-12 12:42:08,840 DEBUG [com.study.aop.LoggerAspect] Mapper ===> com.study.domain.post.PostMapper.save()
2023-04-12 12:42:08,840 DEBUG [com.study.domain.post.PostMapper.save] ==>  Preparing: INSERT INTO tb_post ( id , title , content , writer , view_cnt , notice_yn , delete_yn , created_date , modified_date ) VALUES ( ? , ? , ? , ? , 0 , ? , 0 , NOW() , NULL )
2023-04-12 12:42:08,841 DEBUG [com.study.domain.post.PostMapper.save] ==> Parameters: null, 204번 게시글 제목(String), 204번 게시글 내용(String), 테스터204(String), false(Boolean)
2023-04-12 12:42:08,841  INFO [jdbc.sqlonly] INSERT INTO tb_post (

          id
        , title
        , content
        , writer
        , view_cnt
        , notice_yn
        , delete_yn
        , created_date
        , modified_date

        ) VALUES (
              NULL
            , '204번 게시글 제목'
            , '204번 게시글 내용'
            , '테스터204'
            , 0
            , 0
            , 0
            , NOW()
            , NULL
        )

2023-04-12 12:42:08,841 DEBUG [com.study.domain.post.PostMapper.save] <==    Updates: 1
2023-04-12 12:42:08,841  INFO [jdbc.resultsettable] 
|----------|
|insert_id |
|----------|
|204       |
|----------|

2023-04-12 12:42:08,843 DEBUG [com.study.aop.LoggerAspect] Service ===> com.study.domain.post.PostService.savePost()
2023-04-12 12:42:08,843 DEBUG [com.study.aop.LoggerAspect] Mapper ===> com.study.domain.post.PostMapper.save()
2023-04-12 12:42:08,843 DEBUG [com.study.domain.post.PostMapper.save] ==>  Preparing: INSERT INTO tb_post ( id , title , content , writer , view_cnt , notice_yn , delete_yn , created_date , modified_date ) VALUES ( ? , ? , ? , ? , 0 , ? , 0 , NOW() , NULL )
2023-04-12 12:42:08,843 DEBUG [com.study.domain.post.PostMapper.save] ==> Parameters: null, 205번 게시글 제목(String), 205번 게시글 내용(String), 테스터205(String), false(Boolean)
2023-04-12 12:42:08,843  INFO [jdbc.sqlonly] INSERT INTO tb_post (

          id
        , title
        , content
        , writer
        , view_cnt
        , notice_yn
        , delete_yn
        , created_date
        , modified_date

        ) VALUES (
              NULL
            , '205번 게시글 제목'
            , '205번 게시글 내용'
            , '테스터205'
            , 0
            , 0
            , 0
            , NOW()
            , NULL
        )

2023-04-12 12:42:08,845 DEBUG [com.study.domain.post.PostMapper.save] <==    Updates: 1
2023-04-12 12:42:08,846  INFO [jdbc.resultsettable] 
|----------|
|insert_id |
|----------|
|205       |
|----------|

2023-04-12 12:42:08,847 DEBUG [com.study.aop.LoggerAspect] Service ===> com.study.domain.post.PostService.savePost()
2023-04-12 12:42:08,847 DEBUG [com.study.aop.LoggerAspect] Mapper ===> com.study.domain.post.PostMapper.save()
2023-04-12 12:42:08,848 DEBUG [com.study.domain.post.PostMapper.save] ==>  Preparing: INSERT INTO tb_post ( id , title , content , writer , view_cnt , notice_yn , delete_yn , created_date , modified_date ) VALUES ( ? , ? , ? , ? , 0 , ? , 0 , NOW() , NULL )
2023-04-12 12:42:08,848 DEBUG [com.study.domain.post.PostMapper.save] ==> Parameters: null, 206번 게시글 제목(String), 206번 게시글 내용(String), 테스터206(String), false(Boolean)
2023-04-12 12:42:08,848  INFO [jdbc.sqlonly] INSERT INTO tb_post (

          id
        , title
        , content
        , writer
        , view_cnt
        , notice_yn
        , delete_yn
        , created_date
        , modified_date

        ) VALUES (
              NULL
            , '206번 게시글 제목'
            , '206번 게시글 내용'
            , '테스터206'
            , 0
            , 0
            , 0
            , NOW()
            , NULL
        )

2023-04-12 12:42:08,849 DEBUG [com.study.domain.post.PostMapper.save] <==    Updates: 1
2023-04-12 12:42:08,849  INFO [jdbc.resultsettable] 
|----------|
|insert_id |
|----------|
|206       |
|----------|

2023-04-12 12:42:08,850 DEBUG [com.study.aop.LoggerAspect] Service ===> com.study.domain.post.PostService.savePost()
2023-04-12 12:42:08,850 DEBUG [com.study.aop.LoggerAspect] Mapper ===> com.study.domain.post.PostMapper.save()
2023-04-12 12:42:08,850 DEBUG [com.study.domain.post.PostMapper.save] ==>  Preparing: INSERT INTO tb_post ( id , title , content , writer , view_cnt , notice_yn , delete_yn , created_date , modified_date ) VALUES ( ? , ? , ? , ? , 0 , ? , 0 , NOW() , NULL )
2023-04-12 12:42:08,850 DEBUG [com.study.domain.post.PostMapper.save] ==> Parameters: null, 207번 게시글 제목(String), 207번 게시글 내용(String), 테스터207(String), false(Boolean)
2023-04-12 12:42:08,850  INFO [jdbc.sqlonly] INSERT INTO tb_post (

          id
        , title
        , content
        , writer
        , view_cnt
        , notice_yn
        , delete_yn
        , created_date
        , modified_date

        ) VALUES (
              NULL
            , '207번 게시글 제목'
            , '207번 게시글 내용'
            , '테스터207'
            , 0
            , 0
            , 0
            , NOW()
            , NULL
        )

2023-04-12 12:42:08,851 DEBUG [com.study.domain.post.PostMapper.save] <==    Updates: 1
2023-04-12 12:42:08,851  INFO [jdbc.resultsettable] 
|----------|
|insert_id |
|----------|
|207       |
|----------|

2023-04-12 12:42:08,853 DEBUG [com.study.aop.LoggerAspect] Service ===> com.study.domain.post.PostService.savePost()
2023-04-12 12:42:08,853 DEBUG [com.study.aop.LoggerAspect] Mapper ===> com.study.domain.post.PostMapper.save()
2023-04-12 12:42:08,853 DEBUG [com.study.domain.post.PostMapper.save] ==>  Preparing: INSERT INTO tb_post ( id , title , content , writer , view_cnt , notice_yn , delete_yn , created_date , modified_date ) VALUES ( ? , ? , ? , ? , 0 , ? , 0 , NOW() , NULL )
2023-04-12 12:42:08,854 DEBUG [com.study.domain.post.PostMapper.save] ==> Parameters: null, 208번 게시글 제목(String), 208번 게시글 내용(String), 테스터208(String), false(Boolean)
2023-04-12 12:42:08,854  INFO [jdbc.sqlonly] INSERT INTO tb_post (

          id
        , title
        , content
        , writer
        , view_cnt
        , notice_yn
        , delete_yn
        , created_date
        , modified_date

        ) VALUES (
              NULL
            , '208번 게시글 제목'
            , '208번 게시글 내용'
            , '테스터208'
            , 0
            , 0
            , 0
            , NOW()
            , NULL
        )

2023-04-12 12:42:08,854 DEBUG [com.study.domain.post.PostMapper.save] <==    Updates: 1
2023-04-12 12:42:08,855  INFO [jdbc.resultsettable] 
|----------|
|insert_id |
|----------|
|208       |
|----------|

2023-04-12 12:42:08,856 DEBUG [com.study.aop.LoggerAspect] Service ===> com.study.domain.post.PostService.savePost()
2023-04-12 12:42:08,857 DEBUG [com.study.aop.LoggerAspect] Mapper ===> com.study.domain.post.PostMapper.save()
2023-04-12 12:42:08,857 DEBUG [com.study.domain.post.PostMapper.save] ==>  Preparing: INSERT INTO tb_post ( id , title , content , writer , view_cnt , notice_yn , delete_yn , created_date , modified_date ) VALUES ( ? , ? , ? , ? , 0 , ? , 0 , NOW() , NULL )
2023-04-12 12:42:08,857 DEBUG [com.study.domain.post.PostMapper.save] ==> Parameters: null, 209번 게시글 제목(String), 209번 게시글 내용(String), 테스터209(String), false(Boolean)
2023-04-12 12:42:08,857  INFO [jdbc.sqlonly] INSERT INTO tb_post (

          id
        , title
        , content
        , writer
        , view_cnt
        , notice_yn
        , delete_yn
        , created_date
        , modified_date

        ) VALUES (
              NULL
            , '209번 게시글 제목'
            , '209번 게시글 내용'
            , '테스터209'
            , 0
            , 0
            , 0
            , NOW()
            , NULL
        )

2023-04-12 12:42:08,857 DEBUG [com.study.domain.post.PostMapper.save] <==    Updates: 1
2023-04-12 12:42:08,857  INFO [jdbc.resultsettable] 
|----------|
|insert_id |
|----------|
|209       |
|----------|

2023-04-12 12:42:08,859 DEBUG [com.study.aop.LoggerAspect] Service ===> com.study.domain.post.PostService.savePost()
2023-04-12 12:42:08,859 DEBUG [com.study.aop.LoggerAspect] Mapper ===> com.study.domain.post.PostMapper.save()
2023-04-12 12:42:08,859 DEBUG [com.study.domain.post.PostMapper.save] ==>  Preparing: INSERT INTO tb_post ( id , title , content , writer , view_cnt , notice_yn , delete_yn , created_date , modified_date ) VALUES ( ? , ? , ? , ? , 0 , ? , 0 , NOW() , NULL )
2023-04-12 12:42:08,859 DEBUG [com.study.domain.post.PostMapper.save] ==> Parameters: null, 210번 게시글 제목(String), 210번 게시글 내용(String), 테스터210(String), false(Boolean)
2023-04-12 12:42:08,859  INFO [jdbc.sqlonly] INSERT INTO tb_post (

          id
        , title
        , content
        , writer
        , view_cnt
        , notice_yn
        , delete_yn
        , created_date
        , modified_date

        ) VALUES (
              NULL
            , '210번 게시글 제목'
            , '210번 게시글 내용'
            , '테스터210'
            , 0
            , 0
            , 0
            , NOW()
            , NULL
        )

2023-04-12 12:42:08,860 DEBUG [com.study.domain.post.PostMapper.save] <==    Updates: 1
2023-04-12 12:42:08,860  INFO [jdbc.resultsettable] 
|----------|
|insert_id |
|----------|
|210       |
|----------|

2023-04-12 12:42:08,861 DEBUG [com.study.aop.LoggerAspect] Service ===> com.study.domain.post.PostService.savePost()
2023-04-12 12:42:08,862 DEBUG [com.study.aop.LoggerAspect] Mapper ===> com.study.domain.post.PostMapper.save()
2023-04-12 12:42:08,862 DEBUG [com.study.domain.post.PostMapper.save] ==>  Preparing: INSERT INTO tb_post ( id , title , content , writer , view_cnt , notice_yn , delete_yn , created_date , modified_date ) VALUES ( ? , ? , ? , ? , 0 , ? , 0 , NOW() , NULL )
2023-04-12 12:42:08,862 DEBUG [com.study.domain.post.PostMapper.save] ==> Parameters: null, 211번 게시글 제목(String), 211번 게시글 내용(String), 테스터211(String), false(Boolean)
2023-04-12 12:42:08,862  INFO [jdbc.sqlonly] INSERT INTO tb_post (

          id
        , title
        , content
        , writer
        , view_cnt
        , notice_yn
        , delete_yn
        , created_date
        , modified_date

        ) VALUES (
              NULL
            , '211번 게시글 제목'
            , '211번 게시글 내용'
            , '테스터211'
            , 0
            , 0
            , 0
            , NOW()
            , NULL
        )

2023-04-12 12:42:08,862 DEBUG [com.study.domain.post.PostMapper.save] <==    Updates: 1
2023-04-12 12:42:08,862  INFO [jdbc.resultsettable] 
|----------|
|insert_id |
|----------|
|211       |
|----------|

2023-04-12 12:42:08,864 DEBUG [com.study.aop.LoggerAspect] Service ===> com.study.domain.post.PostService.savePost()
2023-04-12 12:42:08,864 DEBUG [com.study.aop.LoggerAspect] Mapper ===> com.study.domain.post.PostMapper.save()
2023-04-12 12:42:08,864 DEBUG [com.study.domain.post.PostMapper.save] ==>  Preparing: INSERT INTO tb_post ( id , title , content , writer , view_cnt , notice_yn , delete_yn , created_date , modified_date ) VALUES ( ? , ? , ? , ? , 0 , ? , 0 , NOW() , NULL )
2023-04-12 12:42:08,864 DEBUG [com.study.domain.post.PostMapper.save] ==> Parameters: null, 212번 게시글 제목(String), 212번 게시글 내용(String), 테스터212(String), false(Boolean)
2023-04-12 12:42:08,864  INFO [jdbc.sqlonly] INSERT INTO tb_post (

          id
        , title
        , content
        , writer
        , view_cnt
        , notice_yn
        , delete_yn
        , created_date
        , modified_date

        ) VALUES (
              NULL
            , '212번 게시글 제목'
            , '212번 게시글 내용'
            , '테스터212'
            , 0
            , 0
            , 0
            , NOW()
            , NULL
        )

2023-04-12 12:42:08,865 DEBUG [com.study.domain.post.PostMapper.save] <==    Updates: 1
2023-04-12 12:42:08,865  INFO [jdbc.resultsettable] 
|----------|
|insert_id |
|----------|
|212       |
|----------|

2023-04-12 12:42:08,866 DEBUG [com.study.aop.LoggerAspect] Service ===> com.study.domain.post.PostService.savePost()
2023-04-12 12:42:08,866 DEBUG [com.study.aop.LoggerAspect] Mapper ===> com.study.domain.post.PostMapper.save()
2023-04-12 12:42:08,866 DEBUG [com.study.domain.post.PostMapper.save] ==>  Preparing: INSERT INTO tb_post ( id , title , content , writer , view_cnt , notice_yn , delete_yn , created_date , modified_date ) VALUES ( ? , ? , ? , ? , 0 , ? , 0 , NOW() , NULL )
2023-04-12 12:42:08,867 DEBUG [com.study.domain.post.PostMapper.save] ==> Parameters: null, 213번 게시글 제목(String), 213번 게시글 내용(String), 테스터213(String), false(Boolean)
2023-04-12 12:42:08,867  INFO [jdbc.sqlonly] INSERT INTO tb_post (

          id
        , title
        , content
        , writer
        , view_cnt
        , notice_yn
        , delete_yn
        , created_date
        , modified_date

        ) VALUES (
              NULL
            , '213번 게시글 제목'
            , '213번 게시글 내용'
            , '테스터213'
            , 0
            , 0
            , 0
            , NOW()
            , NULL
        )

2023-04-12 12:42:08,869 DEBUG [com.study.domain.post.PostMapper.save] <==    Updates: 1
2023-04-12 12:42:08,869  INFO [jdbc.resultsettable] 
|----------|
|insert_id |
|----------|
|213       |
|----------|

2023-04-12 12:42:08,871 DEBUG [com.study.aop.LoggerAspect] Service ===> com.study.domain.post.PostService.savePost()
2023-04-12 12:42:08,871 DEBUG [com.study.aop.LoggerAspect] Mapper ===> com.study.domain.post.PostMapper.save()
2023-04-12 12:42:08,871 DEBUG [com.study.domain.post.PostMapper.save] ==>  Preparing: INSERT INTO tb_post ( id , title , content , writer , view_cnt , notice_yn , delete_yn , created_date , modified_date ) VALUES ( ? , ? , ? , ? , 0 , ? , 0 , NOW() , NULL )
2023-04-12 12:42:08,872 DEBUG [com.study.domain.post.PostMapper.save] ==> Parameters: null, 214번 게시글 제목(String), 214번 게시글 내용(String), 테스터214(String), false(Boolean)
2023-04-12 12:42:08,872  INFO [jdbc.sqlonly] INSERT INTO tb_post (

          id
        , title
        , content
        , writer
        , view_cnt
        , notice_yn
        , delete_yn
        , created_date
        , modified_date

        ) VALUES (
              NULL
            , '214번 게시글 제목'
            , '214번 게시글 내용'
            , '테스터214'
            , 0
            , 0
            , 0
            , NOW()
            , NULL
        )

2023-04-12 12:42:08,872 DEBUG [com.study.domain.post.PostMapper.save] <==    Updates: 1
2023-04-12 12:42:08,872  INFO [jdbc.resultsettable] 
|----------|
|insert_id |
|----------|
|214       |
|----------|

2023-04-12 12:42:08,874 DEBUG [com.study.aop.LoggerAspect] Service ===> com.study.domain.post.PostService.savePost()
2023-04-12 12:42:08,874 DEBUG [com.study.aop.LoggerAspect] Mapper ===> com.study.domain.post.PostMapper.save()
2023-04-12 12:42:08,874 DEBUG [com.study.domain.post.PostMapper.save] ==>  Preparing: INSERT INTO tb_post ( id , title , content , writer , view_cnt , notice_yn , delete_yn , created_date , modified_date ) VALUES ( ? , ? , ? , ? , 0 , ? , 0 , NOW() , NULL )
2023-04-12 12:42:08,875 DEBUG [com.study.domain.post.PostMapper.save] ==> Parameters: null, 215번 게시글 제목(String), 215번 게시글 내용(String), 테스터215(String), false(Boolean)
2023-04-12 12:42:08,875  INFO [jdbc.sqlonly] INSERT INTO tb_post (

          id
        , title
        , content
        , writer
        , view_cnt
        , notice_yn
        , delete_yn
        , created_date
        , modified_date

        ) VALUES (
              NULL
            , '215번 게시글 제목'
            , '215번 게시글 내용'
            , '테스터215'
            , 0
            , 0
            , 0
            , NOW()
            , NULL
        )

2023-04-12 12:42:08,875 DEBUG [com.study.domain.post.PostMapper.save] <==    Updates: 1
2023-04-12 12:42:08,875  INFO [jdbc.resultsettable] 
|----------|
|insert_id |
|----------|
|215       |
|----------|

2023-04-12 12:42:08,877 DEBUG [com.study.aop.LoggerAspect] Service ===> com.study.domain.post.PostService.savePost()
2023-04-12 12:42:08,877 DEBUG [com.study.aop.LoggerAspect] Mapper ===> com.study.domain.post.PostMapper.save()
2023-04-12 12:42:08,877 DEBUG [com.study.domain.post.PostMapper.save] ==>  Preparing: INSERT INTO tb_post ( id , title , content , writer , view_cnt , notice_yn , delete_yn , created_date , modified_date ) VALUES ( ? , ? , ? , ? , 0 , ? , 0 , NOW() , NULL )
2023-04-12 12:42:08,877 DEBUG [com.study.domain.post.PostMapper.save] ==> Parameters: null, 216번 게시글 제목(String), 216번 게시글 내용(String), 테스터216(String), false(Boolean)
2023-04-12 12:42:08,877  INFO [jdbc.sqlonly] INSERT INTO tb_post (

          id
        , title
        , content
        , writer
        , view_cnt
        , notice_yn
        , delete_yn
        , created_date
        , modified_date

        ) VALUES (
              NULL
            , '216번 게시글 제목'
            , '216번 게시글 내용'
            , '테스터216'
            , 0
            , 0
            , 0
            , NOW()
            , NULL
        )

2023-04-12 12:42:08,878 DEBUG [com.study.domain.post.PostMapper.save] <==    Updates: 1
2023-04-12 12:42:08,878  INFO [jdbc.resultsettable] 
|----------|
|insert_id |
|----------|
|216       |
|----------|

2023-04-12 12:42:08,879 DEBUG [com.study.aop.LoggerAspect] Service ===> com.study.domain.post.PostService.savePost()
2023-04-12 12:42:08,879 DEBUG [com.study.aop.LoggerAspect] Mapper ===> com.study.domain.post.PostMapper.save()
2023-04-12 12:42:08,880 DEBUG [com.study.domain.post.PostMapper.save] ==>  Preparing: INSERT INTO tb_post ( id , title , content , writer , view_cnt , notice_yn , delete_yn , created_date , modified_date ) VALUES ( ? , ? , ? , ? , 0 , ? , 0 , NOW() , NULL )
2023-04-12 12:42:08,880 DEBUG [com.study.domain.post.PostMapper.save] ==> Parameters: null, 217번 게시글 제목(String), 217번 게시글 내용(String), 테스터217(String), false(Boolean)
2023-04-12 12:42:08,880  INFO [jdbc.sqlonly] INSERT INTO tb_post (

          id
        , title
        , content
        , writer
        , view_cnt
        , notice_yn
        , delete_yn
        , created_date
        , modified_date

        ) VALUES (
              NULL
            , '217번 게시글 제목'
            , '217번 게시글 내용'
            , '테스터217'
            , 0
            , 0
            , 0
            , NOW()
            , NULL
        )

2023-04-12 12:42:08,880 DEBUG [com.study.domain.post.PostMapper.save] <==    Updates: 1
2023-04-12 12:42:08,880  INFO [jdbc.resultsettable] 
|----------|
|insert_id |
|----------|
|217       |
|----------|

2023-04-12 12:42:08,882 DEBUG [com.study.aop.LoggerAspect] Service ===> com.study.domain.post.PostService.savePost()
2023-04-12 12:42:08,882 DEBUG [com.study.aop.LoggerAspect] Mapper ===> com.study.domain.post.PostMapper.save()
2023-04-12 12:42:08,882 DEBUG [com.study.domain.post.PostMapper.save] ==>  Preparing: INSERT INTO tb_post ( id , title , content , writer , view_cnt , notice_yn , delete_yn , created_date , modified_date ) VALUES ( ? , ? , ? , ? , 0 , ? , 0 , NOW() , NULL )
2023-04-12 12:42:08,882 DEBUG [com.study.domain.post.PostMapper.save] ==> Parameters: null, 218번 게시글 제목(String), 218번 게시글 내용(String), 테스터218(String), false(Boolean)
2023-04-12 12:42:08,882  INFO [jdbc.sqlonly] INSERT INTO tb_post (

          id
        , title
        , content
        , writer
        , view_cnt
        , notice_yn
        , delete_yn
        , created_date
        , modified_date

        ) VALUES (
              NULL
            , '218번 게시글 제목'
            , '218번 게시글 내용'
            , '테스터218'
            , 0
            , 0
            , 0
            , NOW()
            , NULL
        )

2023-04-12 12:42:08,882 DEBUG [com.study.domain.post.PostMapper.save] <==    Updates: 1
2023-04-12 12:42:08,882  INFO [jdbc.resultsettable] 
|----------|
|insert_id |
|----------|
|218       |
|----------|

2023-04-12 12:42:08,884 DEBUG [com.study.aop.LoggerAspect] Service ===> com.study.domain.post.PostService.savePost()
2023-04-12 12:42:08,884 DEBUG [com.study.aop.LoggerAspect] Mapper ===> com.study.domain.post.PostMapper.save()
2023-04-12 12:42:08,884 DEBUG [com.study.domain.post.PostMapper.save] ==>  Preparing: INSERT INTO tb_post ( id , title , content , writer , view_cnt , notice_yn , delete_yn , created_date , modified_date ) VALUES ( ? , ? , ? , ? , 0 , ? , 0 , NOW() , NULL )
2023-04-12 12:42:08,884 DEBUG [com.study.domain.post.PostMapper.save] ==> Parameters: null, 219번 게시글 제목(String), 219번 게시글 내용(String), 테스터219(String), false(Boolean)
2023-04-12 12:42:08,885  INFO [jdbc.sqlonly] INSERT INTO tb_post (

          id
        , title
        , content
        , writer
        , view_cnt
        , notice_yn
        , delete_yn
        , created_date
        , modified_date

        ) VALUES (
              NULL
            , '219번 게시글 제목'
            , '219번 게시글 내용'
            , '테스터219'
            , 0
            , 0
            , 0
            , NOW()
            , NULL
        )

2023-04-12 12:42:08,885 DEBUG [com.study.domain.post.PostMapper.save] <==    Updates: 1
2023-04-12 12:42:08,885  INFO [jdbc.resultsettable] 
|----------|
|insert_id |
|----------|
|219       |
|----------|

2023-04-12 12:42:08,887 DEBUG [com.study.aop.LoggerAspect] Service ===> com.study.domain.post.PostService.savePost()
2023-04-12 12:42:08,887 DEBUG [com.study.aop.LoggerAspect] Mapper ===> com.study.domain.post.PostMapper.save()
2023-04-12 12:42:08,887 DEBUG [com.study.domain.post.PostMapper.save] ==>  Preparing: INSERT INTO tb_post ( id , title , content , writer , view_cnt , notice_yn , delete_yn , created_date , modified_date ) VALUES ( ? , ? , ? , ? , 0 , ? , 0 , NOW() , NULL )
2023-04-12 12:42:08,887 DEBUG [com.study.domain.post.PostMapper.save] ==> Parameters: null, 220번 게시글 제목(String), 220번 게시글 내용(String), 테스터220(String), false(Boolean)
2023-04-12 12:42:08,887  INFO [jdbc.sqlonly] INSERT INTO tb_post (

          id
        , title
        , content
        , writer
        , view_cnt
        , notice_yn
        , delete_yn
        , created_date
        , modified_date

        ) VALUES (
              NULL
            , '220번 게시글 제목'
            , '220번 게시글 내용'
            , '테스터220'
            , 0
            , 0
            , 0
            , NOW()
            , NULL
        )

2023-04-12 12:42:08,888 DEBUG [com.study.domain.post.PostMapper.save] <==    Updates: 1
2023-04-12 12:42:08,888  INFO [jdbc.resultsettable] 
|----------|
|insert_id |
|----------|
|220       |
|----------|

2023-04-12 12:42:08,889 DEBUG [com.study.aop.LoggerAspect] Service ===> com.study.domain.post.PostService.savePost()
2023-04-12 12:42:08,889 DEBUG [com.study.aop.LoggerAspect] Mapper ===> com.study.domain.post.PostMapper.save()
2023-04-12 12:42:08,889 DEBUG [com.study.domain.post.PostMapper.save] ==>  Preparing: INSERT INTO tb_post ( id , title , content , writer , view_cnt , notice_yn , delete_yn , created_date , modified_date ) VALUES ( ? , ? , ? , ? , 0 , ? , 0 , NOW() , NULL )
2023-04-12 12:42:08,890 DEBUG [com.study.domain.post.PostMapper.save] ==> Parameters: null, 221번 게시글 제목(String), 221번 게시글 내용(String), 테스터221(String), false(Boolean)
2023-04-12 12:42:08,890  INFO [jdbc.sqlonly] INSERT INTO tb_post (

          id
        , title
        , content
        , writer
        , view_cnt
        , notice_yn
        , delete_yn
        , created_date
        , modified_date

        ) VALUES (
              NULL
            , '221번 게시글 제목'
            , '221번 게시글 내용'
            , '테스터221'
            , 0
            , 0
            , 0
            , NOW()
            , NULL
        )

2023-04-12 12:42:08,890 DEBUG [com.study.domain.post.PostMapper.save] <==    Updates: 1
2023-04-12 12:42:08,890  INFO [jdbc.resultsettable] 
|----------|
|insert_id |
|----------|
|221       |
|----------|

2023-04-12 12:42:08,892 DEBUG [com.study.aop.LoggerAspect] Service ===> com.study.domain.post.PostService.savePost()
2023-04-12 12:42:08,892 DEBUG [com.study.aop.LoggerAspect] Mapper ===> com.study.domain.post.PostMapper.save()
2023-04-12 12:42:08,892 DEBUG [com.study.domain.post.PostMapper.save] ==>  Preparing: INSERT INTO tb_post ( id , title , content , writer , view_cnt , notice_yn , delete_yn , created_date , modified_date ) VALUES ( ? , ? , ? , ? , 0 , ? , 0 , NOW() , NULL )
2023-04-12 12:42:08,892 DEBUG [com.study.domain.post.PostMapper.save] ==> Parameters: null, 222번 게시글 제목(String), 222번 게시글 내용(String), 테스터222(String), false(Boolean)
2023-04-12 12:42:08,892  INFO [jdbc.sqlonly] INSERT INTO tb_post (

          id
        , title
        , content
        , writer
        , view_cnt
        , notice_yn
        , delete_yn
        , created_date
        , modified_date

        ) VALUES (
              NULL
            , '222번 게시글 제목'
            , '222번 게시글 내용'
            , '테스터222'
            , 0
            , 0
            , 0
            , NOW()
            , NULL
        )

2023-04-12 12:42:08,893 DEBUG [com.study.domain.post.PostMapper.save] <==    Updates: 1
2023-04-12 12:42:08,893  INFO [jdbc.resultsettable] 
|----------|
|insert_id |
|----------|
|222       |
|----------|

2023-04-12 12:42:08,895 DEBUG [com.study.aop.LoggerAspect] Service ===> com.study.domain.post.PostService.savePost()
2023-04-12 12:42:08,895 DEBUG [com.study.aop.LoggerAspect] Mapper ===> com.study.domain.post.PostMapper.save()
2023-04-12 12:42:08,895 DEBUG [com.study.domain.post.PostMapper.save] ==>  Preparing: INSERT INTO tb_post ( id , title , content , writer , view_cnt , notice_yn , delete_yn , created_date , modified_date ) VALUES ( ? , ? , ? , ? , 0 , ? , 0 , NOW() , NULL )
2023-04-12 12:42:08,895 DEBUG [com.study.domain.post.PostMapper.save] ==> Parameters: null, 223번 게시글 제목(String), 223번 게시글 내용(String), 테스터223(String), false(Boolean)
2023-04-12 12:42:08,895  INFO [jdbc.sqlonly] INSERT INTO tb_post (

          id
        , title
        , content
        , writer
        , view_cnt
        , notice_yn
        , delete_yn
        , created_date
        , modified_date

        ) VALUES (
              NULL
            , '223번 게시글 제목'
            , '223번 게시글 내용'
            , '테스터223'
            , 0
            , 0
            , 0
            , NOW()
            , NULL
        )

2023-04-12 12:42:08,895 DEBUG [com.study.domain.post.PostMapper.save] <==    Updates: 1
2023-04-12 12:42:08,896  INFO [jdbc.resultsettable] 
|----------|
|insert_id |
|----------|
|223       |
|----------|

2023-04-12 12:42:08,897 DEBUG [com.study.aop.LoggerAspect] Service ===> com.study.domain.post.PostService.savePost()
2023-04-12 12:42:08,897 DEBUG [com.study.aop.LoggerAspect] Mapper ===> com.study.domain.post.PostMapper.save()
2023-04-12 12:42:08,898 DEBUG [com.study.domain.post.PostMapper.save] ==>  Preparing: INSERT INTO tb_post ( id , title , content , writer , view_cnt , notice_yn , delete_yn , created_date , modified_date ) VALUES ( ? , ? , ? , ? , 0 , ? , 0 , NOW() , NULL )
2023-04-12 12:42:08,898 DEBUG [com.study.domain.post.PostMapper.save] ==> Parameters: null, 224번 게시글 제목(String), 224번 게시글 내용(String), 테스터224(String), false(Boolean)
2023-04-12 12:42:08,898  INFO [jdbc.sqlonly] INSERT INTO tb_post (

          id
        , title
        , content
        , writer
        , view_cnt
        , notice_yn
        , delete_yn
        , created_date
        , modified_date

        ) VALUES (
              NULL
            , '224번 게시글 제목'
            , '224번 게시글 내용'
            , '테스터224'
            , 0
            , 0
            , 0
            , NOW()
            , NULL
        )

2023-04-12 12:42:08,899 DEBUG [com.study.domain.post.PostMapper.save] <==    Updates: 1
2023-04-12 12:42:08,899  INFO [jdbc.resultsettable] 
|----------|
|insert_id |
|----------|
|224       |
|----------|

2023-04-12 12:42:08,900 DEBUG [com.study.aop.LoggerAspect] Service ===> com.study.domain.post.PostService.savePost()
2023-04-12 12:42:08,900 DEBUG [com.study.aop.LoggerAspect] Mapper ===> com.study.domain.post.PostMapper.save()
2023-04-12 12:42:08,900 DEBUG [com.study.domain.post.PostMapper.save] ==>  Preparing: INSERT INTO tb_post ( id , title , content , writer , view_cnt , notice_yn , delete_yn , created_date , modified_date ) VALUES ( ? , ? , ? , ? , 0 , ? , 0 , NOW() , NULL )
2023-04-12 12:42:08,901 DEBUG [com.study.domain.post.PostMapper.save] ==> Parameters: null, 225번 게시글 제목(String), 225번 게시글 내용(String), 테스터225(String), false(Boolean)
2023-04-12 12:42:08,901  INFO [jdbc.sqlonly] INSERT INTO tb_post (

          id
        , title
        , content
        , writer
        , view_cnt
        , notice_yn
        , delete_yn
        , created_date
        , modified_date

        ) VALUES (
              NULL
            , '225번 게시글 제목'
            , '225번 게시글 내용'
            , '테스터225'
            , 0
            , 0
            , 0
            , NOW()
            , NULL
        )

2023-04-12 12:42:08,903 DEBUG [com.study.domain.post.PostMapper.save] <==    Updates: 1
2023-04-12 12:42:08,903  INFO [jdbc.resultsettable] 
|----------|
|insert_id |
|----------|
|225       |
|----------|

2023-04-12 12:42:08,905 DEBUG [com.study.aop.LoggerAspect] Service ===> com.study.domain.post.PostService.savePost()
2023-04-12 12:42:08,905 DEBUG [com.study.aop.LoggerAspect] Mapper ===> com.study.domain.post.PostMapper.save()
2023-04-12 12:42:08,905 DEBUG [com.study.domain.post.PostMapper.save] ==>  Preparing: INSERT INTO tb_post ( id , title , content , writer , view_cnt , notice_yn , delete_yn , created_date , modified_date ) VALUES ( ? , ? , ? , ? , 0 , ? , 0 , NOW() , NULL )
2023-04-12 12:42:08,905 DEBUG [com.study.domain.post.PostMapper.save] ==> Parameters: null, 226번 게시글 제목(String), 226번 게시글 내용(String), 테스터226(String), false(Boolean)
2023-04-12 12:42:08,906  INFO [jdbc.sqlonly] INSERT INTO tb_post (

          id
        , title
        , content
        , writer
        , view_cnt
        , notice_yn
        , delete_yn
        , created_date
        , modified_date

        ) VALUES (
              NULL
            , '226번 게시글 제목'
            , '226번 게시글 내용'
            , '테스터226'
            , 0
            , 0
            , 0
            , NOW()
            , NULL
        )

2023-04-12 12:42:08,906 DEBUG [com.study.domain.post.PostMapper.save] <==    Updates: 1
2023-04-12 12:42:08,906  INFO [jdbc.resultsettable] 
|----------|
|insert_id |
|----------|
|226       |
|----------|

2023-04-12 12:42:08,908 DEBUG [com.study.aop.LoggerAspect] Service ===> com.study.domain.post.PostService.savePost()
2023-04-12 12:42:08,909 DEBUG [com.study.aop.LoggerAspect] Mapper ===> com.study.domain.post.PostMapper.save()
2023-04-12 12:42:08,909 DEBUG [com.study.domain.post.PostMapper.save] ==>  Preparing: INSERT INTO tb_post ( id , title , content , writer , view_cnt , notice_yn , delete_yn , created_date , modified_date ) VALUES ( ? , ? , ? , ? , 0 , ? , 0 , NOW() , NULL )
2023-04-12 12:42:08,909 DEBUG [com.study.domain.post.PostMapper.save] ==> Parameters: null, 227번 게시글 제목(String), 227번 게시글 내용(String), 테스터227(String), false(Boolean)
2023-04-12 12:42:08,909  INFO [jdbc.sqlonly] INSERT INTO tb_post (

          id
        , title
        , content
        , writer
        , view_cnt
        , notice_yn
        , delete_yn
        , created_date
        , modified_date

        ) VALUES (
              NULL
            , '227번 게시글 제목'
            , '227번 게시글 내용'
            , '테스터227'
            , 0
            , 0
            , 0
            , NOW()
            , NULL
        )

2023-04-12 12:42:08,909 DEBUG [com.study.domain.post.PostMapper.save] <==    Updates: 1
2023-04-12 12:42:08,909  INFO [jdbc.resultsettable] 
|----------|
|insert_id |
|----------|
|227       |
|----------|

2023-04-12 12:42:08,911 DEBUG [com.study.aop.LoggerAspect] Service ===> com.study.domain.post.PostService.savePost()
2023-04-12 12:42:08,911 DEBUG [com.study.aop.LoggerAspect] Mapper ===> com.study.domain.post.PostMapper.save()
2023-04-12 12:42:08,911 DEBUG [com.study.domain.post.PostMapper.save] ==>  Preparing: INSERT INTO tb_post ( id , title , content , writer , view_cnt , notice_yn , delete_yn , created_date , modified_date ) VALUES ( ? , ? , ? , ? , 0 , ? , 0 , NOW() , NULL )
2023-04-12 12:42:08,911 DEBUG [com.study.domain.post.PostMapper.save] ==> Parameters: null, 228번 게시글 제목(String), 228번 게시글 내용(String), 테스터228(String), false(Boolean)
2023-04-12 12:42:08,911  INFO [jdbc.sqlonly] INSERT INTO tb_post (

          id
        , title
        , content
        , writer
        , view_cnt
        , notice_yn
        , delete_yn
        , created_date
        , modified_date

        ) VALUES (
              NULL
            , '228번 게시글 제목'
            , '228번 게시글 내용'
            , '테스터228'
            , 0
            , 0
            , 0
            , NOW()
            , NULL
        )

2023-04-12 12:42:08,912 DEBUG [com.study.domain.post.PostMapper.save] <==    Updates: 1
2023-04-12 12:42:08,912  INFO [jdbc.resultsettable] 
|----------|
|insert_id |
|----------|
|228       |
|----------|

2023-04-12 12:42:08,914 DEBUG [com.study.aop.LoggerAspect] Service ===> com.study.domain.post.PostService.savePost()
2023-04-12 12:42:08,914 DEBUG [com.study.aop.LoggerAspect] Mapper ===> com.study.domain.post.PostMapper.save()
2023-04-12 12:42:08,914 DEBUG [com.study.domain.post.PostMapper.save] ==>  Preparing: INSERT INTO tb_post ( id , title , content , writer , view_cnt , notice_yn , delete_yn , created_date , modified_date ) VALUES ( ? , ? , ? , ? , 0 , ? , 0 , NOW() , NULL )
2023-04-12 12:42:08,914 DEBUG [com.study.domain.post.PostMapper.save] ==> Parameters: null, 229번 게시글 제목(String), 229번 게시글 내용(String), 테스터229(String), false(Boolean)
2023-04-12 12:42:08,914  INFO [jdbc.sqlonly] INSERT INTO tb_post (

          id
        , title
        , content
        , writer
        , view_cnt
        , notice_yn
        , delete_yn
        , created_date
        , modified_date

        ) VALUES (
              NULL
            , '229번 게시글 제목'
            , '229번 게시글 내용'
            , '테스터229'
            , 0
            , 0
            , 0
            , NOW()
            , NULL
        )

2023-04-12 12:42:08,915 DEBUG [com.study.domain.post.PostMapper.save] <==    Updates: 1
2023-04-12 12:42:08,915  INFO [jdbc.resultsettable] 
|----------|
|insert_id |
|----------|
|229       |
|----------|

2023-04-12 12:42:08,916 DEBUG [com.study.aop.LoggerAspect] Service ===> com.study.domain.post.PostService.savePost()
2023-04-12 12:42:08,916 DEBUG [com.study.aop.LoggerAspect] Mapper ===> com.study.domain.post.PostMapper.save()
2023-04-12 12:42:08,917 DEBUG [com.study.domain.post.PostMapper.save] ==>  Preparing: INSERT INTO tb_post ( id , title , content , writer , view_cnt , notice_yn , delete_yn , created_date , modified_date ) VALUES ( ? , ? , ? , ? , 0 , ? , 0 , NOW() , NULL )
2023-04-12 12:42:08,917 DEBUG [com.study.domain.post.PostMapper.save] ==> Parameters: null, 230번 게시글 제목(String), 230번 게시글 내용(String), 테스터230(String), false(Boolean)
2023-04-12 12:42:08,917  INFO [jdbc.sqlonly] INSERT INTO tb_post (

          id
        , title
        , content
        , writer
        , view_cnt
        , notice_yn
        , delete_yn
        , created_date
        , modified_date

        ) VALUES (
              NULL
            , '230번 게시글 제목'
            , '230번 게시글 내용'
            , '테스터230'
            , 0
            , 0
            , 0
            , NOW()
            , NULL
        )

2023-04-12 12:42:08,917 DEBUG [com.study.domain.post.PostMapper.save] <==    Updates: 1
2023-04-12 12:42:08,918  INFO [jdbc.resultsettable] 
|----------|
|insert_id |
|----------|
|230       |
|----------|

2023-04-12 12:42:08,919 DEBUG [com.study.aop.LoggerAspect] Service ===> com.study.domain.post.PostService.savePost()
2023-04-12 12:42:08,919 DEBUG [com.study.aop.LoggerAspect] Mapper ===> com.study.domain.post.PostMapper.save()
2023-04-12 12:42:08,920 DEBUG [com.study.domain.post.PostMapper.save] ==>  Preparing: INSERT INTO tb_post ( id , title , content , writer , view_cnt , notice_yn , delete_yn , created_date , modified_date ) VALUES ( ? , ? , ? , ? , 0 , ? , 0 , NOW() , NULL )
2023-04-12 12:42:08,920 DEBUG [com.study.domain.post.PostMapper.save] ==> Parameters: null, 231번 게시글 제목(String), 231번 게시글 내용(String), 테스터231(String), false(Boolean)
2023-04-12 12:42:08,920  INFO [jdbc.sqlonly] INSERT INTO tb_post (

          id
        , title
        , content
        , writer
        , view_cnt
        , notice_yn
        , delete_yn
        , created_date
        , modified_date

        ) VALUES (
              NULL
            , '231번 게시글 제목'
            , '231번 게시글 내용'
            , '테스터231'
            , 0
            , 0
            , 0
            , NOW()
            , NULL
        )

2023-04-12 12:42:08,920 DEBUG [com.study.domain.post.PostMapper.save] <==    Updates: 1
2023-04-12 12:42:08,920  INFO [jdbc.resultsettable] 
|----------|
|insert_id |
|----------|
|231       |
|----------|

2023-04-12 12:42:08,922 DEBUG [com.study.aop.LoggerAspect] Service ===> com.study.domain.post.PostService.savePost()
2023-04-12 12:42:08,922 DEBUG [com.study.aop.LoggerAspect] Mapper ===> com.study.domain.post.PostMapper.save()
2023-04-12 12:42:08,922 DEBUG [com.study.domain.post.PostMapper.save] ==>  Preparing: INSERT INTO tb_post ( id , title , content , writer , view_cnt , notice_yn , delete_yn , created_date , modified_date ) VALUES ( ? , ? , ? , ? , 0 , ? , 0 , NOW() , NULL )
2023-04-12 12:42:08,922 DEBUG [com.study.domain.post.PostMapper.save] ==> Parameters: null, 232번 게시글 제목(String), 232번 게시글 내용(String), 테스터232(String), false(Boolean)
2023-04-12 12:42:08,922  INFO [jdbc.sqlonly] INSERT INTO tb_post (

          id
        , title
        , content
        , writer
        , view_cnt
        , notice_yn
        , delete_yn
        , created_date
        , modified_date

        ) VALUES (
              NULL
            , '232번 게시글 제목'
            , '232번 게시글 내용'
            , '테스터232'
            , 0
            , 0
            , 0
            , NOW()
            , NULL
        )

2023-04-12 12:42:08,923 DEBUG [com.study.domain.post.PostMapper.save] <==    Updates: 1
2023-04-12 12:42:08,923  INFO [jdbc.resultsettable] 
|----------|
|insert_id |
|----------|
|232       |
|----------|

2023-04-12 12:42:08,925 DEBUG [com.study.aop.LoggerAspect] Service ===> com.study.domain.post.PostService.savePost()
2023-04-12 12:42:08,925 DEBUG [com.study.aop.LoggerAspect] Mapper ===> com.study.domain.post.PostMapper.save()
2023-04-12 12:42:08,925 DEBUG [com.study.domain.post.PostMapper.save] ==>  Preparing: INSERT INTO tb_post ( id , title , content , writer , view_cnt , notice_yn , delete_yn , created_date , modified_date ) VALUES ( ? , ? , ? , ? , 0 , ? , 0 , NOW() , NULL )
2023-04-12 12:42:08,925 DEBUG [com.study.domain.post.PostMapper.save] ==> Parameters: null, 233번 게시글 제목(String), 233번 게시글 내용(String), 테스터233(String), false(Boolean)
2023-04-12 12:42:08,925  INFO [jdbc.sqlonly] INSERT INTO tb_post (

          id
        , title
        , content
        , writer
        , view_cnt
        , notice_yn
        , delete_yn
        , created_date
        , modified_date

        ) VALUES (
              NULL
            , '233번 게시글 제목'
            , '233번 게시글 내용'
            , '테스터233'
            , 0
            , 0
            , 0
            , NOW()
            , NULL
        )

2023-04-12 12:42:08,925 DEBUG [com.study.domain.post.PostMapper.save] <==    Updates: 1
2023-04-12 12:42:08,926  INFO [jdbc.resultsettable] 
|----------|
|insert_id |
|----------|
|233       |
|----------|

2023-04-12 12:42:08,927 DEBUG [com.study.aop.LoggerAspect] Service ===> com.study.domain.post.PostService.savePost()
2023-04-12 12:42:08,927 DEBUG [com.study.aop.LoggerAspect] Mapper ===> com.study.domain.post.PostMapper.save()
2023-04-12 12:42:08,927 DEBUG [com.study.domain.post.PostMapper.save] ==>  Preparing: INSERT INTO tb_post ( id , title , content , writer , view_cnt , notice_yn , delete_yn , created_date , modified_date ) VALUES ( ? , ? , ? , ? , 0 , ? , 0 , NOW() , NULL )
2023-04-12 12:42:08,928 DEBUG [com.study.domain.post.PostMapper.save] ==> Parameters: null, 234번 게시글 제목(String), 234번 게시글 내용(String), 테스터234(String), false(Boolean)
2023-04-12 12:42:08,928  INFO [jdbc.sqlonly] INSERT INTO tb_post (

          id
        , title
        , content
        , writer
        , view_cnt
        , notice_yn
        , delete_yn
        , created_date
        , modified_date

        ) VALUES (
              NULL
            , '234번 게시글 제목'
            , '234번 게시글 내용'
            , '테스터234'
            , 0
            , 0
            , 0
            , NOW()
            , NULL
        )

2023-04-12 12:42:08,929 DEBUG [com.study.domain.post.PostMapper.save] <==    Updates: 1
2023-04-12 12:42:08,929  INFO [jdbc.resultsettable] 
|----------|
|insert_id |
|----------|
|234       |
|----------|

2023-04-12 12:42:08,931 DEBUG [com.study.aop.LoggerAspect] Service ===> com.study.domain.post.PostService.savePost()
2023-04-12 12:42:08,931 DEBUG [com.study.aop.LoggerAspect] Mapper ===> com.study.domain.post.PostMapper.save()
2023-04-12 12:42:08,931 DEBUG [com.study.domain.post.PostMapper.save] ==>  Preparing: INSERT INTO tb_post ( id , title , content , writer , view_cnt , notice_yn , delete_yn , created_date , modified_date ) VALUES ( ? , ? , ? , ? , 0 , ? , 0 , NOW() , NULL )
2023-04-12 12:42:08,931 DEBUG [com.study.domain.post.PostMapper.save] ==> Parameters: null, 235번 게시글 제목(String), 235번 게시글 내용(String), 테스터235(String), false(Boolean)
2023-04-12 12:42:08,932  INFO [jdbc.sqlonly] INSERT INTO tb_post (

          id
        , title
        , content
        , writer
        , view_cnt
        , notice_yn
        , delete_yn
        , created_date
        , modified_date

        ) VALUES (
              NULL
            , '235번 게시글 제목'
            , '235번 게시글 내용'
            , '테스터235'
            , 0
            , 0
            , 0
            , NOW()
            , NULL
        )

2023-04-12 12:42:08,932 DEBUG [com.study.domain.post.PostMapper.save] <==    Updates: 1
2023-04-12 12:42:08,932  INFO [jdbc.resultsettable] 
|----------|
|insert_id |
|----------|
|235       |
|----------|

2023-04-12 12:42:08,934 DEBUG [com.study.aop.LoggerAspect] Service ===> com.study.domain.post.PostService.savePost()
2023-04-12 12:42:08,934 DEBUG [com.study.aop.LoggerAspect] Mapper ===> com.study.domain.post.PostMapper.save()
2023-04-12 12:42:08,934 DEBUG [com.study.domain.post.PostMapper.save] ==>  Preparing: INSERT INTO tb_post ( id , title , content , writer , view_cnt , notice_yn , delete_yn , created_date , modified_date ) VALUES ( ? , ? , ? , ? , 0 , ? , 0 , NOW() , NULL )
2023-04-12 12:42:08,934 DEBUG [com.study.domain.post.PostMapper.save] ==> Parameters: null, 236번 게시글 제목(String), 236번 게시글 내용(String), 테스터236(String), false(Boolean)
2023-04-12 12:42:08,934  INFO [jdbc.sqlonly] INSERT INTO tb_post (

          id
        , title
        , content
        , writer
        , view_cnt
        , notice_yn
        , delete_yn
        , created_date
        , modified_date

        ) VALUES (
              NULL
            , '236번 게시글 제목'
            , '236번 게시글 내용'
            , '테스터236'
            , 0
            , 0
            , 0
            , NOW()
            , NULL
        )

2023-04-12 12:42:08,935 DEBUG [com.study.domain.post.PostMapper.save] <==    Updates: 1
2023-04-12 12:42:08,935  INFO [jdbc.resultsettable] 
|----------|
|insert_id |
|----------|
|236       |
|----------|

2023-04-12 12:42:08,936 DEBUG [com.study.aop.LoggerAspect] Service ===> com.study.domain.post.PostService.savePost()
2023-04-12 12:42:08,936 DEBUG [com.study.aop.LoggerAspect] Mapper ===> com.study.domain.post.PostMapper.save()
2023-04-12 12:42:08,936 DEBUG [com.study.domain.post.PostMapper.save] ==>  Preparing: INSERT INTO tb_post ( id , title , content , writer , view_cnt , notice_yn , delete_yn , created_date , modified_date ) VALUES ( ? , ? , ? , ? , 0 , ? , 0 , NOW() , NULL )
2023-04-12 12:42:08,937 DEBUG [com.study.domain.post.PostMapper.save] ==> Parameters: null, 237번 게시글 제목(String), 237번 게시글 내용(String), 테스터237(String), false(Boolean)
2023-04-12 12:42:08,937  INFO [jdbc.sqlonly] INSERT INTO tb_post (

          id
        , title
        , content
        , writer
        , view_cnt
        , notice_yn
        , delete_yn
        , created_date
        , modified_date

        ) VALUES (
              NULL
            , '237번 게시글 제목'
            , '237번 게시글 내용'
            , '테스터237'
            , 0
            , 0
            , 0
            , NOW()
            , NULL
        )

2023-04-12 12:42:08,937 DEBUG [com.study.domain.post.PostMapper.save] <==    Updates: 1
2023-04-12 12:42:08,937  INFO [jdbc.resultsettable] 
|----------|
|insert_id |
|----------|
|237       |
|----------|

2023-04-12 12:42:08,939 DEBUG [com.study.aop.LoggerAspect] Service ===> com.study.domain.post.PostService.savePost()
2023-04-12 12:42:08,939 DEBUG [com.study.aop.LoggerAspect] Mapper ===> com.study.domain.post.PostMapper.save()
2023-04-12 12:42:08,940 DEBUG [com.study.domain.post.PostMapper.save] ==>  Preparing: INSERT INTO tb_post ( id , title , content , writer , view_cnt , notice_yn , delete_yn , created_date , modified_date ) VALUES ( ? , ? , ? , ? , 0 , ? , 0 , NOW() , NULL )
2023-04-12 12:42:08,940 DEBUG [com.study.domain.post.PostMapper.save] ==> Parameters: null, 238번 게시글 제목(String), 238번 게시글 내용(String), 테스터238(String), false(Boolean)
2023-04-12 12:42:08,940  INFO [jdbc.sqlonly] INSERT INTO tb_post (

          id
        , title
        , content
        , writer
        , view_cnt
        , notice_yn
        , delete_yn
        , created_date
        , modified_date

        ) VALUES (
              NULL
            , '238번 게시글 제목'
            , '238번 게시글 내용'
            , '테스터238'
            , 0
            , 0
            , 0
            , NOW()
            , NULL
        )

2023-04-12 12:42:08,940 DEBUG [com.study.domain.post.PostMapper.save] <==    Updates: 1
2023-04-12 12:42:08,940  INFO [jdbc.resultsettable] 
|----------|
|insert_id |
|----------|
|238       |
|----------|

2023-04-12 12:42:08,942 DEBUG [com.study.aop.LoggerAspect] Service ===> com.study.domain.post.PostService.savePost()
2023-04-12 12:42:08,942 DEBUG [com.study.aop.LoggerAspect] Mapper ===> com.study.domain.post.PostMapper.save()
2023-04-12 12:42:08,942 DEBUG [com.study.domain.post.PostMapper.save] ==>  Preparing: INSERT INTO tb_post ( id , title , content , writer , view_cnt , notice_yn , delete_yn , created_date , modified_date ) VALUES ( ? , ? , ? , ? , 0 , ? , 0 , NOW() , NULL )
2023-04-12 12:42:08,942 DEBUG [com.study.domain.post.PostMapper.save] ==> Parameters: null, 239번 게시글 제목(String), 239번 게시글 내용(String), 테스터239(String), false(Boolean)
2023-04-12 12:42:08,942  INFO [jdbc.sqlonly] INSERT INTO tb_post (

          id
        , title
        , content
        , writer
        , view_cnt
        , notice_yn
        , delete_yn
        , created_date
        , modified_date

        ) VALUES (
              NULL
            , '239번 게시글 제목'
            , '239번 게시글 내용'
            , '테스터239'
            , 0
            , 0
            , 0
            , NOW()
            , NULL
        )

2023-04-12 12:42:08,942 DEBUG [com.study.domain.post.PostMapper.save] <==    Updates: 1
2023-04-12 12:42:08,942  INFO [jdbc.resultsettable] 
|----------|
|insert_id |
|----------|
|239       |
|----------|

2023-04-12 12:42:08,944 DEBUG [com.study.aop.LoggerAspect] Service ===> com.study.domain.post.PostService.savePost()
2023-04-12 12:42:08,944 DEBUG [com.study.aop.LoggerAspect] Mapper ===> com.study.domain.post.PostMapper.save()
2023-04-12 12:42:08,944 DEBUG [com.study.domain.post.PostMapper.save] ==>  Preparing: INSERT INTO tb_post ( id , title , content , writer , view_cnt , notice_yn , delete_yn , created_date , modified_date ) VALUES ( ? , ? , ? , ? , 0 , ? , 0 , NOW() , NULL )
2023-04-12 12:42:08,944 DEBUG [com.study.domain.post.PostMapper.save] ==> Parameters: null, 240번 게시글 제목(String), 240번 게시글 내용(String), 테스터240(String), false(Boolean)
2023-04-12 12:42:08,944  INFO [jdbc.sqlonly] INSERT INTO tb_post (

          id
        , title
        , content
        , writer
        , view_cnt
        , notice_yn
        , delete_yn
        , created_date
        , modified_date

        ) VALUES (
              NULL
            , '240번 게시글 제목'
            , '240번 게시글 내용'
            , '테스터240'
            , 0
            , 0
            , 0
            , NOW()
            , NULL
        )

2023-04-12 12:42:08,945 DEBUG [com.study.domain.post.PostMapper.save] <==    Updates: 1
2023-04-12 12:42:08,945  INFO [jdbc.resultsettable] 
|----------|
|insert_id |
|----------|
|240       |
|----------|

2023-04-12 12:42:08,948 DEBUG [com.study.aop.LoggerAspect] Service ===> com.study.domain.post.PostService.savePost()
2023-04-12 12:42:08,948 DEBUG [com.study.aop.LoggerAspect] Mapper ===> com.study.domain.post.PostMapper.save()
2023-04-12 12:42:08,948 DEBUG [com.study.domain.post.PostMapper.save] ==>  Preparing: INSERT INTO tb_post ( id , title , content , writer , view_cnt , notice_yn , delete_yn , created_date , modified_date ) VALUES ( ? , ? , ? , ? , 0 , ? , 0 , NOW() , NULL )
2023-04-12 12:42:08,948 DEBUG [com.study.domain.post.PostMapper.save] ==> Parameters: null, 241번 게시글 제목(String), 241번 게시글 내용(String), 테스터241(String), false(Boolean)
2023-04-12 12:42:08,948  INFO [jdbc.sqlonly] INSERT INTO tb_post (

          id
        , title
        , content
        , writer
        , view_cnt
        , notice_yn
        , delete_yn
        , created_date
        , modified_date

        ) VALUES (
              NULL
            , '241번 게시글 제목'
            , '241번 게시글 내용'
            , '테스터241'
            , 0
            , 0
            , 0
            , NOW()
            , NULL
        )

2023-04-12 12:42:08,949 DEBUG [com.study.domain.post.PostMapper.save] <==    Updates: 1
2023-04-12 12:42:08,949  INFO [jdbc.resultsettable] 
|----------|
|insert_id |
|----------|
|241       |
|----------|

2023-04-12 12:42:08,951 DEBUG [com.study.aop.LoggerAspect] Service ===> com.study.domain.post.PostService.savePost()
2023-04-12 12:42:08,951 DEBUG [com.study.aop.LoggerAspect] Mapper ===> com.study.domain.post.PostMapper.save()
2023-04-12 12:42:08,951 DEBUG [com.study.domain.post.PostMapper.save] ==>  Preparing: INSERT INTO tb_post ( id , title , content , writer , view_cnt , notice_yn , delete_yn , created_date , modified_date ) VALUES ( ? , ? , ? , ? , 0 , ? , 0 , NOW() , NULL )
2023-04-12 12:42:08,951 DEBUG [com.study.domain.post.PostMapper.save] ==> Parameters: null, 242번 게시글 제목(String), 242번 게시글 내용(String), 테스터242(String), false(Boolean)
2023-04-12 12:42:08,951  INFO [jdbc.sqlonly] INSERT INTO tb_post (

          id
        , title
        , content
        , writer
        , view_cnt
        , notice_yn
        , delete_yn
        , created_date
        , modified_date

        ) VALUES (
              NULL
            , '242번 게시글 제목'
            , '242번 게시글 내용'
            , '테스터242'
            , 0
            , 0
            , 0
            , NOW()
            , NULL
        )

2023-04-12 12:42:08,951 DEBUG [com.study.domain.post.PostMapper.save] <==    Updates: 1
2023-04-12 12:42:08,952  INFO [jdbc.resultsettable] 
|----------|
|insert_id |
|----------|
|242       |
|----------|

2023-04-12 12:42:08,954 DEBUG [com.study.aop.LoggerAspect] Service ===> com.study.domain.post.PostService.savePost()
2023-04-12 12:42:08,954 DEBUG [com.study.aop.LoggerAspect] Mapper ===> com.study.domain.post.PostMapper.save()
2023-04-12 12:42:08,954 DEBUG [com.study.domain.post.PostMapper.save] ==>  Preparing: INSERT INTO tb_post ( id , title , content , writer , view_cnt , notice_yn , delete_yn , created_date , modified_date ) VALUES ( ? , ? , ? , ? , 0 , ? , 0 , NOW() , NULL )
2023-04-12 12:42:08,955 DEBUG [com.study.domain.post.PostMapper.save] ==> Parameters: null, 243번 게시글 제목(String), 243번 게시글 내용(String), 테스터243(String), false(Boolean)
2023-04-12 12:42:08,955  INFO [jdbc.sqlonly] INSERT INTO tb_post (

          id
        , title
        , content
        , writer
        , view_cnt
        , notice_yn
        , delete_yn
        , created_date
        , modified_date

        ) VALUES (
              NULL
            , '243번 게시글 제목'
            , '243번 게시글 내용'
            , '테스터243'
            , 0
            , 0
            , 0
            , NOW()
            , NULL
        )

2023-04-12 12:42:08,955 DEBUG [com.study.domain.post.PostMapper.save] <==    Updates: 1
2023-04-12 12:42:08,956  INFO [jdbc.resultsettable] 
|----------|
|insert_id |
|----------|
|243       |
|----------|

2023-04-12 12:42:08,959 DEBUG [com.study.aop.LoggerAspect] Service ===> com.study.domain.post.PostService.savePost()
2023-04-12 12:42:08,959 DEBUG [com.study.aop.LoggerAspect] Mapper ===> com.study.domain.post.PostMapper.save()
2023-04-12 12:42:08,959 DEBUG [com.study.domain.post.PostMapper.save] ==>  Preparing: INSERT INTO tb_post ( id , title , content , writer , view_cnt , notice_yn , delete_yn , created_date , modified_date ) VALUES ( ? , ? , ? , ? , 0 , ? , 0 , NOW() , NULL )
2023-04-12 12:42:08,959 DEBUG [com.study.domain.post.PostMapper.save] ==> Parameters: null, 244번 게시글 제목(String), 244번 게시글 내용(String), 테스터244(String), false(Boolean)
2023-04-12 12:42:08,959  INFO [jdbc.sqlonly] INSERT INTO tb_post (

          id
        , title
        , content
        , writer
        , view_cnt
        , notice_yn
        , delete_yn
        , created_date
        , modified_date

        ) VALUES (
              NULL
            , '244번 게시글 제목'
            , '244번 게시글 내용'
            , '테스터244'
            , 0
            , 0
            , 0
            , NOW()
            , NULL
        )

2023-04-12 12:42:08,960 DEBUG [com.study.domain.post.PostMapper.save] <==    Updates: 1
2023-04-12 12:42:08,960  INFO [jdbc.resultsettable] 
|----------|
|insert_id |
|----------|
|244       |
|----------|

2023-04-12 12:42:08,963 DEBUG [com.study.aop.LoggerAspect] Service ===> com.study.domain.post.PostService.savePost()
2023-04-12 12:42:08,963 DEBUG [com.study.aop.LoggerAspect] Mapper ===> com.study.domain.post.PostMapper.save()
2023-04-12 12:42:08,963 DEBUG [com.study.domain.post.PostMapper.save] ==>  Preparing: INSERT INTO tb_post ( id , title , content , writer , view_cnt , notice_yn , delete_yn , created_date , modified_date ) VALUES ( ? , ? , ? , ? , 0 , ? , 0 , NOW() , NULL )
2023-04-12 12:42:08,963 DEBUG [com.study.domain.post.PostMapper.save] ==> Parameters: null, 245번 게시글 제목(String), 245번 게시글 내용(String), 테스터245(String), false(Boolean)
2023-04-12 12:42:08,963  INFO [jdbc.sqlonly] INSERT INTO tb_post (

          id
        , title
        , content
        , writer
        , view_cnt
        , notice_yn
        , delete_yn
        , created_date
        , modified_date

        ) VALUES (
              NULL
            , '245번 게시글 제목'
            , '245번 게시글 내용'
            , '테스터245'
            , 0
            , 0
            , 0
            , NOW()
            , NULL
        )

2023-04-12 12:42:08,964 DEBUG [com.study.domain.post.PostMapper.save] <==    Updates: 1
2023-04-12 12:42:08,964  INFO [jdbc.resultsettable] 
|----------|
|insert_id |
|----------|
|245       |
|----------|

2023-04-12 12:42:08,967 DEBUG [com.study.aop.LoggerAspect] Service ===> com.study.domain.post.PostService.savePost()
2023-04-12 12:42:08,967 DEBUG [com.study.aop.LoggerAspect] Mapper ===> com.study.domain.post.PostMapper.save()
2023-04-12 12:42:08,967 DEBUG [com.study.domain.post.PostMapper.save] ==>  Preparing: INSERT INTO tb_post ( id , title , content , writer , view_cnt , notice_yn , delete_yn , created_date , modified_date ) VALUES ( ? , ? , ? , ? , 0 , ? , 0 , NOW() , NULL )
2023-04-12 12:42:08,967 DEBUG [com.study.domain.post.PostMapper.save] ==> Parameters: null, 246번 게시글 제목(String), 246번 게시글 내용(String), 테스터246(String), false(Boolean)
2023-04-12 12:42:08,967  INFO [jdbc.sqlonly] INSERT INTO tb_post (

          id
        , title
        , content
        , writer
        , view_cnt
        , notice_yn
        , delete_yn
        , created_date
        , modified_date

        ) VALUES (
              NULL
            , '246번 게시글 제목'
            , '246번 게시글 내용'
            , '테스터246'
            , 0
            , 0
            , 0
            , NOW()
            , NULL
        )

2023-04-12 12:42:08,968 DEBUG [com.study.domain.post.PostMapper.save] <==    Updates: 1
2023-04-12 12:42:08,969  INFO [jdbc.resultsettable] 
|----------|
|insert_id |
|----------|
|246       |
|----------|

2023-04-12 12:42:08,970 DEBUG [com.study.aop.LoggerAspect] Service ===> com.study.domain.post.PostService.savePost()
2023-04-12 12:42:08,970 DEBUG [com.study.aop.LoggerAspect] Mapper ===> com.study.domain.post.PostMapper.save()
2023-04-12 12:42:08,971 DEBUG [com.study.domain.post.PostMapper.save] ==>  Preparing: INSERT INTO tb_post ( id , title , content , writer , view_cnt , notice_yn , delete_yn , created_date , modified_date ) VALUES ( ? , ? , ? , ? , 0 , ? , 0 , NOW() , NULL )
2023-04-12 12:42:08,971 DEBUG [com.study.domain.post.PostMapper.save] ==> Parameters: null, 247번 게시글 제목(String), 247번 게시글 내용(String), 테스터247(String), false(Boolean)
2023-04-12 12:42:08,971  INFO [jdbc.sqlonly] INSERT INTO tb_post (

          id
        , title
        , content
        , writer
        , view_cnt
        , notice_yn
        , delete_yn
        , created_date
        , modified_date

        ) VALUES (
              NULL
            , '247번 게시글 제목'
            , '247번 게시글 내용'
            , '테스터247'
            , 0
            , 0
            , 0
            , NOW()
            , NULL
        )

2023-04-12 12:42:08,973 DEBUG [com.study.domain.post.PostMapper.save] <==    Updates: 1
2023-04-12 12:42:08,973  INFO [jdbc.resultsettable] 
|----------|
|insert_id |
|----------|
|247       |
|----------|

2023-04-12 12:42:08,975 DEBUG [com.study.aop.LoggerAspect] Service ===> com.study.domain.post.PostService.savePost()
2023-04-12 12:42:08,975 DEBUG [com.study.aop.LoggerAspect] Mapper ===> com.study.domain.post.PostMapper.save()
2023-04-12 12:42:08,976 DEBUG [com.study.domain.post.PostMapper.save] ==>  Preparing: INSERT INTO tb_post ( id , title , content , writer , view_cnt , notice_yn , delete_yn , created_date , modified_date ) VALUES ( ? , ? , ? , ? , 0 , ? , 0 , NOW() , NULL )
2023-04-12 12:42:08,976 DEBUG [com.study.domain.post.PostMapper.save] ==> Parameters: null, 248번 게시글 제목(String), 248번 게시글 내용(String), 테스터248(String), false(Boolean)
2023-04-12 12:42:08,976  INFO [jdbc.sqlonly] INSERT INTO tb_post (

          id
        , title
        , content
        , writer
        , view_cnt
        , notice_yn
        , delete_yn
        , created_date
        , modified_date

        ) VALUES (
              NULL
            , '248번 게시글 제목'
            , '248번 게시글 내용'
            , '테스터248'
            , 0
            , 0
            , 0
            , NOW()
            , NULL
        )

2023-04-12 12:42:08,977 DEBUG [com.study.domain.post.PostMapper.save] <==    Updates: 1
2023-04-12 12:42:08,977  INFO [jdbc.resultsettable] 
|----------|
|insert_id |
|----------|
|248       |
|----------|

2023-04-12 12:42:08,981 DEBUG [com.study.aop.LoggerAspect] Service ===> com.study.domain.post.PostService.savePost()
2023-04-12 12:42:08,981 DEBUG [com.study.aop.LoggerAspect] Mapper ===> com.study.domain.post.PostMapper.save()
2023-04-12 12:42:08,981 DEBUG [com.study.domain.post.PostMapper.save] ==>  Preparing: INSERT INTO tb_post ( id , title , content , writer , view_cnt , notice_yn , delete_yn , created_date , modified_date ) VALUES ( ? , ? , ? , ? , 0 , ? , 0 , NOW() , NULL )
2023-04-12 12:42:08,981 DEBUG [com.study.domain.post.PostMapper.save] ==> Parameters: null, 249번 게시글 제목(String), 249번 게시글 내용(String), 테스터249(String), false(Boolean)
2023-04-12 12:42:08,981  INFO [jdbc.sqlonly] INSERT INTO tb_post (

          id
        , title
        , content
        , writer
        , view_cnt
        , notice_yn
        , delete_yn
        , created_date
        , modified_date

        ) VALUES (
              NULL
            , '249번 게시글 제목'
            , '249번 게시글 내용'
            , '테스터249'
            , 0
            , 0
            , 0
            , NOW()
            , NULL
        )

2023-04-12 12:42:08,982 DEBUG [com.study.domain.post.PostMapper.save] <==    Updates: 1
2023-04-12 12:42:08,982  INFO [jdbc.resultsettable] 
|----------|
|insert_id |
|----------|
|249       |
|----------|

2023-04-12 12:42:08,984 DEBUG [com.study.aop.LoggerAspect] Service ===> com.study.domain.post.PostService.savePost()
2023-04-12 12:42:08,985 DEBUG [com.study.aop.LoggerAspect] Mapper ===> com.study.domain.post.PostMapper.save()
2023-04-12 12:42:08,985 DEBUG [com.study.domain.post.PostMapper.save] ==>  Preparing: INSERT INTO tb_post ( id , title , content , writer , view_cnt , notice_yn , delete_yn , created_date , modified_date ) VALUES ( ? , ? , ? , ? , 0 , ? , 0 , NOW() , NULL )
2023-04-12 12:42:08,985 DEBUG [com.study.domain.post.PostMapper.save] ==> Parameters: null, 250번 게시글 제목(String), 250번 게시글 내용(String), 테스터250(String), false(Boolean)
2023-04-12 12:42:08,985  INFO [jdbc.sqlonly] INSERT INTO tb_post (

          id
        , title
        , content
        , writer
        , view_cnt
        , notice_yn
        , delete_yn
        , created_date
        , modified_date

        ) VALUES (
              NULL
            , '250번 게시글 제목'
            , '250번 게시글 내용'
            , '테스터250'
            , 0
            , 0
            , 0
            , NOW()
            , NULL
        )

2023-04-12 12:42:08,986 DEBUG [com.study.domain.post.PostMapper.save] <==    Updates: 1
2023-04-12 12:42:08,986  INFO [jdbc.resultsettable] 
|----------|
|insert_id |
|----------|
|250       |
|----------|

2023-04-12 12:42:08,990 DEBUG [com.study.aop.LoggerAspect] Service ===> com.study.domain.post.PostService.savePost()
2023-04-12 12:42:08,990 DEBUG [com.study.aop.LoggerAspect] Mapper ===> com.study.domain.post.PostMapper.save()
2023-04-12 12:42:08,991 DEBUG [com.study.domain.post.PostMapper.save] ==>  Preparing: INSERT INTO tb_post ( id , title , content , writer , view_cnt , notice_yn , delete_yn , created_date , modified_date ) VALUES ( ? , ? , ? , ? , 0 , ? , 0 , NOW() , NULL )
2023-04-12 12:42:08,991 DEBUG [com.study.domain.post.PostMapper.save] ==> Parameters: null, 251번 게시글 제목(String), 251번 게시글 내용(String), 테스터251(String), false(Boolean)
2023-04-12 12:42:08,991  INFO [jdbc.sqlonly] INSERT INTO tb_post (

          id
        , title
        , content
        , writer
        , view_cnt
        , notice_yn
        , delete_yn
        , created_date
        , modified_date

        ) VALUES (
              NULL
            , '251번 게시글 제목'
            , '251번 게시글 내용'
            , '테스터251'
            , 0
            , 0
            , 0
            , NOW()
            , NULL
        )

2023-04-12 12:42:08,992 DEBUG [com.study.domain.post.PostMapper.save] <==    Updates: 1
2023-04-12 12:42:08,992  INFO [jdbc.resultsettable] 
|----------|
|insert_id |
|----------|
|251       |
|----------|

2023-04-12 12:42:09,008 DEBUG [com.study.aop.LoggerAspect] Service ===> com.study.domain.post.PostService.savePost()
2023-04-12 12:42:09,008 DEBUG [com.study.aop.LoggerAspect] Mapper ===> com.study.domain.post.PostMapper.save()
2023-04-12 12:42:09,009 DEBUG [com.study.domain.post.PostMapper.save] ==>  Preparing: INSERT INTO tb_post ( id , title , content , writer , view_cnt , notice_yn , delete_yn , created_date , modified_date ) VALUES ( ? , ? , ? , ? , 0 , ? , 0 , NOW() , NULL )
2023-04-12 12:42:09,009 DEBUG [com.study.domain.post.PostMapper.save] ==> Parameters: null, 252번 게시글 제목(String), 252번 게시글 내용(String), 테스터252(String), false(Boolean)
2023-04-12 12:42:09,009  INFO [jdbc.sqlonly] INSERT INTO tb_post (

          id
        , title
        , content
        , writer
        , view_cnt
        , notice_yn
        , delete_yn
        , created_date
        , modified_date

        ) VALUES (
              NULL
            , '252번 게시글 제목'
            , '252번 게시글 내용'
            , '테스터252'
            , 0
            , 0
            , 0
            , NOW()
            , NULL
        )

2023-04-12 12:42:09,023 DEBUG [com.study.domain.post.PostMapper.save] <==    Updates: 1
2023-04-12 12:42:09,023  INFO [jdbc.resultsettable] 
|----------|
|insert_id |
|----------|
|252       |
|----------|

2023-04-12 12:42:09,027 DEBUG [com.study.aop.LoggerAspect] Service ===> com.study.domain.post.PostService.savePost()
2023-04-12 12:42:09,027 DEBUG [com.study.aop.LoggerAspect] Mapper ===> com.study.domain.post.PostMapper.save()
2023-04-12 12:42:09,028 DEBUG [com.study.domain.post.PostMapper.save] ==>  Preparing: INSERT INTO tb_post ( id , title , content , writer , view_cnt , notice_yn , delete_yn , created_date , modified_date ) VALUES ( ? , ? , ? , ? , 0 , ? , 0 , NOW() , NULL )
2023-04-12 12:42:09,028 DEBUG [com.study.domain.post.PostMapper.save] ==> Parameters: null, 253번 게시글 제목(String), 253번 게시글 내용(String), 테스터253(String), false(Boolean)
2023-04-12 12:42:09,028  INFO [jdbc.sqlonly] INSERT INTO tb_post (

          id
        , title
        , content
        , writer
        , view_cnt
        , notice_yn
        , delete_yn
        , created_date
        , modified_date

        ) VALUES (
              NULL
            , '253번 게시글 제목'
            , '253번 게시글 내용'
            , '테스터253'
            , 0
            , 0
            , 0
            , NOW()
            , NULL
        )

2023-04-12 12:42:09,030 DEBUG [com.study.domain.post.PostMapper.save] <==    Updates: 1
2023-04-12 12:42:09,031  INFO [jdbc.resultsettable] 
|----------|
|insert_id |
|----------|
|253       |
|----------|

2023-04-12 12:42:09,037 DEBUG [com.study.aop.LoggerAspect] Service ===> com.study.domain.post.PostService.savePost()
2023-04-12 12:42:09,037 DEBUG [com.study.aop.LoggerAspect] Mapper ===> com.study.domain.post.PostMapper.save()
2023-04-12 12:42:09,037 DEBUG [com.study.domain.post.PostMapper.save] ==>  Preparing: INSERT INTO tb_post ( id , title , content , writer , view_cnt , notice_yn , delete_yn , created_date , modified_date ) VALUES ( ? , ? , ? , ? , 0 , ? , 0 , NOW() , NULL )
2023-04-12 12:42:09,038 DEBUG [com.study.domain.post.PostMapper.save] ==> Parameters: null, 254번 게시글 제목(String), 254번 게시글 내용(String), 테스터254(String), false(Boolean)
2023-04-12 12:42:09,038  INFO [jdbc.sqlonly] INSERT INTO tb_post (

          id
        , title
        , content
        , writer
        , view_cnt
        , notice_yn
        , delete_yn
        , created_date
        , modified_date

        ) VALUES (
              NULL
            , '254번 게시글 제목'
            , '254번 게시글 내용'
            , '테스터254'
            , 0
            , 0
            , 0
            , NOW()
            , NULL
        )

2023-04-12 12:42:09,044 DEBUG [com.study.domain.post.PostMapper.save] <==    Updates: 1
2023-04-12 12:42:09,044  INFO [jdbc.resultsettable] 
|----------|
|insert_id |
|----------|
|254       |
|----------|

2023-04-12 12:42:09,048 DEBUG [com.study.aop.LoggerAspect] Service ===> com.study.domain.post.PostService.savePost()
2023-04-12 12:42:09,048 DEBUG [com.study.aop.LoggerAspect] Mapper ===> com.study.domain.post.PostMapper.save()
2023-04-12 12:42:09,049 DEBUG [com.study.domain.post.PostMapper.save] ==>  Preparing: INSERT INTO tb_post ( id , title , content , writer , view_cnt , notice_yn , delete_yn , created_date , modified_date ) VALUES ( ? , ? , ? , ? , 0 , ? , 0 , NOW() , NULL )
2023-04-12 12:42:09,049 DEBUG [com.study.domain.post.PostMapper.save] ==> Parameters: null, 255번 게시글 제목(String), 255번 게시글 내용(String), 테스터255(String), false(Boolean)
2023-04-12 12:42:09,049  INFO [jdbc.sqlonly] INSERT INTO tb_post (

          id
        , title
        , content
        , writer
        , view_cnt
        , notice_yn
        , delete_yn
        , created_date
        , modified_date

        ) VALUES (
              NULL
            , '255번 게시글 제목'
            , '255번 게시글 내용'
            , '테스터255'
            , 0
            , 0
            , 0
            , NOW()
            , NULL
        )

2023-04-12 12:42:09,049 DEBUG [com.study.domain.post.PostMapper.save] <==    Updates: 1
2023-04-12 12:42:09,050  INFO [jdbc.resultsettable] 
|----------|
|insert_id |
|----------|
|255       |
|----------|

2023-04-12 12:42:09,055 DEBUG [com.study.aop.LoggerAspect] Service ===> com.study.domain.post.PostService.savePost()
2023-04-12 12:42:09,055 DEBUG [com.study.aop.LoggerAspect] Mapper ===> com.study.domain.post.PostMapper.save()
2023-04-12 12:42:09,056 DEBUG [com.study.domain.post.PostMapper.save] ==>  Preparing: INSERT INTO tb_post ( id , title , content , writer , view_cnt , notice_yn , delete_yn , created_date , modified_date ) VALUES ( ? , ? , ? , ? , 0 , ? , 0 , NOW() , NULL )
2023-04-12 12:42:09,056 DEBUG [com.study.domain.post.PostMapper.save] ==> Parameters: null, 256번 게시글 제목(String), 256번 게시글 내용(String), 테스터256(String), false(Boolean)
2023-04-12 12:42:09,056  INFO [jdbc.sqlonly] INSERT INTO tb_post (

          id
        , title
        , content
        , writer
        , view_cnt
        , notice_yn
        , delete_yn
        , created_date
        , modified_date

        ) VALUES (
              NULL
            , '256번 게시글 제목'
            , '256번 게시글 내용'
            , '테스터256'
            , 0
            , 0
            , 0
            , NOW()
            , NULL
        )

2023-04-12 12:42:09,057 DEBUG [com.study.domain.post.PostMapper.save] <==    Updates: 1
2023-04-12 12:42:09,057  INFO [jdbc.resultsettable] 
|----------|
|insert_id |
|----------|
|256       |
|----------|

2023-04-12 12:42:09,060 DEBUG [com.study.aop.LoggerAspect] Service ===> com.study.domain.post.PostService.savePost()
2023-04-12 12:42:09,060 DEBUG [com.study.aop.LoggerAspect] Mapper ===> com.study.domain.post.PostMapper.save()
2023-04-12 12:42:09,060 DEBUG [com.study.domain.post.PostMapper.save] ==>  Preparing: INSERT INTO tb_post ( id , title , content , writer , view_cnt , notice_yn , delete_yn , created_date , modified_date ) VALUES ( ? , ? , ? , ? , 0 , ? , 0 , NOW() , NULL )
2023-04-12 12:42:09,060 DEBUG [com.study.domain.post.PostMapper.save] ==> Parameters: null, 257번 게시글 제목(String), 257번 게시글 내용(String), 테스터257(String), false(Boolean)
2023-04-12 12:42:09,060  INFO [jdbc.sqlonly] INSERT INTO tb_post (

          id
        , title
        , content
        , writer
        , view_cnt
        , notice_yn
        , delete_yn
        , created_date
        , modified_date

        ) VALUES (
              NULL
            , '257번 게시글 제목'
            , '257번 게시글 내용'
            , '테스터257'
            , 0
            , 0
            , 0
            , NOW()
            , NULL
        )

2023-04-12 12:42:09,061 DEBUG [com.study.domain.post.PostMapper.save] <==    Updates: 1
2023-04-12 12:42:09,061  INFO [jdbc.resultsettable] 
|----------|
|insert_id |
|----------|
|257       |
|----------|

2023-04-12 12:42:09,064 DEBUG [com.study.aop.LoggerAspect] Service ===> com.study.domain.post.PostService.savePost()
2023-04-12 12:42:09,064 DEBUG [com.study.aop.LoggerAspect] Mapper ===> com.study.domain.post.PostMapper.save()
2023-04-12 12:42:09,064 DEBUG [com.study.domain.post.PostMapper.save] ==>  Preparing: INSERT INTO tb_post ( id , title , content , writer , view_cnt , notice_yn , delete_yn , created_date , modified_date ) VALUES ( ? , ? , ? , ? , 0 , ? , 0 , NOW() , NULL )
2023-04-12 12:42:09,064 DEBUG [com.study.domain.post.PostMapper.save] ==> Parameters: null, 258번 게시글 제목(String), 258번 게시글 내용(String), 테스터258(String), false(Boolean)
2023-04-12 12:42:09,064  INFO [jdbc.sqlonly] INSERT INTO tb_post (

          id
        , title
        , content
        , writer
        , view_cnt
        , notice_yn
        , delete_yn
        , created_date
        , modified_date

        ) VALUES (
              NULL
            , '258번 게시글 제목'
            , '258번 게시글 내용'
            , '테스터258'
            , 0
            , 0
            , 0
            , NOW()
            , NULL
        )

2023-04-12 12:42:09,064 DEBUG [com.study.domain.post.PostMapper.save] <==    Updates: 1
2023-04-12 12:42:09,065  INFO [jdbc.resultsettable] 
|----------|
|insert_id |
|----------|
|258       |
|----------|

2023-04-12 12:42:09,066 DEBUG [com.study.aop.LoggerAspect] Service ===> com.study.domain.post.PostService.savePost()
2023-04-12 12:42:09,066 DEBUG [com.study.aop.LoggerAspect] Mapper ===> com.study.domain.post.PostMapper.save()
2023-04-12 12:42:09,066 DEBUG [com.study.domain.post.PostMapper.save] ==>  Preparing: INSERT INTO tb_post ( id , title , content , writer , view_cnt , notice_yn , delete_yn , created_date , modified_date ) VALUES ( ? , ? , ? , ? , 0 , ? , 0 , NOW() , NULL )
2023-04-12 12:42:09,066 DEBUG [com.study.domain.post.PostMapper.save] ==> Parameters: null, 259번 게시글 제목(String), 259번 게시글 내용(String), 테스터259(String), false(Boolean)
2023-04-12 12:42:09,066  INFO [jdbc.sqlonly] INSERT INTO tb_post (

          id
        , title
        , content
        , writer
        , view_cnt
        , notice_yn
        , delete_yn
        , created_date
        , modified_date

        ) VALUES (
              NULL
            , '259번 게시글 제목'
            , '259번 게시글 내용'
            , '테스터259'
            , 0
            , 0
            , 0
            , NOW()
            , NULL
        )

2023-04-12 12:42:09,067 DEBUG [com.study.domain.post.PostMapper.save] <==    Updates: 1
2023-04-12 12:42:09,067  INFO [jdbc.resultsettable] 
|----------|
|insert_id |
|----------|
|259       |
|----------|

2023-04-12 12:42:09,068 DEBUG [com.study.aop.LoggerAspect] Service ===> com.study.domain.post.PostService.savePost()
2023-04-12 12:42:09,068 DEBUG [com.study.aop.LoggerAspect] Mapper ===> com.study.domain.post.PostMapper.save()
2023-04-12 12:42:09,068 DEBUG [com.study.domain.post.PostMapper.save] ==>  Preparing: INSERT INTO tb_post ( id , title , content , writer , view_cnt , notice_yn , delete_yn , created_date , modified_date ) VALUES ( ? , ? , ? , ? , 0 , ? , 0 , NOW() , NULL )
2023-04-12 12:42:09,068 DEBUG [com.study.domain.post.PostMapper.save] ==> Parameters: null, 260번 게시글 제목(String), 260번 게시글 내용(String), 테스터260(String), false(Boolean)
2023-04-12 12:42:09,068  INFO [jdbc.sqlonly] INSERT INTO tb_post (

          id
        , title
        , content
        , writer
        , view_cnt
        , notice_yn
        , delete_yn
        , created_date
        , modified_date

        ) VALUES (
              NULL
            , '260번 게시글 제목'
            , '260번 게시글 내용'
            , '테스터260'
            , 0
            , 0
            , 0
            , NOW()
            , NULL
        )

2023-04-12 12:42:09,069 DEBUG [com.study.domain.post.PostMapper.save] <==    Updates: 1
2023-04-12 12:42:09,069  INFO [jdbc.resultsettable] 
|----------|
|insert_id |
|----------|
|260       |
|----------|

2023-04-12 12:42:09,070 DEBUG [com.study.aop.LoggerAspect] Service ===> com.study.domain.post.PostService.savePost()
2023-04-12 12:42:09,070 DEBUG [com.study.aop.LoggerAspect] Mapper ===> com.study.domain.post.PostMapper.save()
2023-04-12 12:42:09,070 DEBUG [com.study.domain.post.PostMapper.save] ==>  Preparing: INSERT INTO tb_post ( id , title , content , writer , view_cnt , notice_yn , delete_yn , created_date , modified_date ) VALUES ( ? , ? , ? , ? , 0 , ? , 0 , NOW() , NULL )
2023-04-12 12:42:09,070 DEBUG [com.study.domain.post.PostMapper.save] ==> Parameters: null, 261번 게시글 제목(String), 261번 게시글 내용(String), 테스터261(String), false(Boolean)
2023-04-12 12:42:09,070  INFO [jdbc.sqlonly] INSERT INTO tb_post (

          id
        , title
        , content
        , writer
        , view_cnt
        , notice_yn
        , delete_yn
        , created_date
        , modified_date

        ) VALUES (
              NULL
            , '261번 게시글 제목'
            , '261번 게시글 내용'
            , '테스터261'
            , 0
            , 0
            , 0
            , NOW()
            , NULL
        )

2023-04-12 12:42:09,071 DEBUG [com.study.domain.post.PostMapper.save] <==    Updates: 1
2023-04-12 12:42:09,071  INFO [jdbc.resultsettable] 
|----------|
|insert_id |
|----------|
|261       |
|----------|

2023-04-12 12:42:09,073 DEBUG [com.study.aop.LoggerAspect] Service ===> com.study.domain.post.PostService.savePost()
2023-04-12 12:42:09,073 DEBUG [com.study.aop.LoggerAspect] Mapper ===> com.study.domain.post.PostMapper.save()
2023-04-12 12:42:09,073 DEBUG [com.study.domain.post.PostMapper.save] ==>  Preparing: INSERT INTO tb_post ( id , title , content , writer , view_cnt , notice_yn , delete_yn , created_date , modified_date ) VALUES ( ? , ? , ? , ? , 0 , ? , 0 , NOW() , NULL )
2023-04-12 12:42:09,073 DEBUG [com.study.domain.post.PostMapper.save] ==> Parameters: null, 262번 게시글 제목(String), 262번 게시글 내용(String), 테스터262(String), false(Boolean)
2023-04-12 12:42:09,073  INFO [jdbc.sqlonly] INSERT INTO tb_post (

          id
        , title
        , content
        , writer
        , view_cnt
        , notice_yn
        , delete_yn
        , created_date
        , modified_date

        ) VALUES (
              NULL
            , '262번 게시글 제목'
            , '262번 게시글 내용'
            , '테스터262'
            , 0
            , 0
            , 0
            , NOW()
            , NULL
        )

2023-04-12 12:42:09,073 DEBUG [com.study.domain.post.PostMapper.save] <==    Updates: 1
2023-04-12 12:42:09,074  INFO [jdbc.resultsettable] 
|----------|
|insert_id |
|----------|
|262       |
|----------|

2023-04-12 12:42:09,075 DEBUG [com.study.aop.LoggerAspect] Service ===> com.study.domain.post.PostService.savePost()
2023-04-12 12:42:09,075 DEBUG [com.study.aop.LoggerAspect] Mapper ===> com.study.domain.post.PostMapper.save()
2023-04-12 12:42:09,075 DEBUG [com.study.domain.post.PostMapper.save] ==>  Preparing: INSERT INTO tb_post ( id , title , content , writer , view_cnt , notice_yn , delete_yn , created_date , modified_date ) VALUES ( ? , ? , ? , ? , 0 , ? , 0 , NOW() , NULL )
2023-04-12 12:42:09,075 DEBUG [com.study.domain.post.PostMapper.save] ==> Parameters: null, 263번 게시글 제목(String), 263번 게시글 내용(String), 테스터263(String), false(Boolean)
2023-04-12 12:42:09,075  INFO [jdbc.sqlonly] INSERT INTO tb_post (

          id
        , title
        , content
        , writer
        , view_cnt
        , notice_yn
        , delete_yn
        , created_date
        , modified_date

        ) VALUES (
              NULL
            , '263번 게시글 제목'
            , '263번 게시글 내용'
            , '테스터263'
            , 0
            , 0
            , 0
            , NOW()
            , NULL
        )

2023-04-12 12:42:09,076 DEBUG [com.study.domain.post.PostMapper.save] <==    Updates: 1
2023-04-12 12:42:09,076  INFO [jdbc.resultsettable] 
|----------|
|insert_id |
|----------|
|263       |
|----------|

2023-04-12 12:42:09,077 DEBUG [com.study.aop.LoggerAspect] Service ===> com.study.domain.post.PostService.savePost()
2023-04-12 12:42:09,077 DEBUG [com.study.aop.LoggerAspect] Mapper ===> com.study.domain.post.PostMapper.save()
2023-04-12 12:42:09,077 DEBUG [com.study.domain.post.PostMapper.save] ==>  Preparing: INSERT INTO tb_post ( id , title , content , writer , view_cnt , notice_yn , delete_yn , created_date , modified_date ) VALUES ( ? , ? , ? , ? , 0 , ? , 0 , NOW() , NULL )
2023-04-12 12:42:09,077 DEBUG [com.study.domain.post.PostMapper.save] ==> Parameters: null, 264번 게시글 제목(String), 264번 게시글 내용(String), 테스터264(String), false(Boolean)
2023-04-12 12:42:09,077  INFO [jdbc.sqlonly] INSERT INTO tb_post (

          id
        , title
        , content
        , writer
        , view_cnt
        , notice_yn
        , delete_yn
        , created_date
        , modified_date

        ) VALUES (
              NULL
            , '264번 게시글 제목'
            , '264번 게시글 내용'
            , '테스터264'
            , 0
            , 0
            , 0
            , NOW()
            , NULL
        )

2023-04-12 12:42:09,078 DEBUG [com.study.domain.post.PostMapper.save] <==    Updates: 1
2023-04-12 12:42:09,078  INFO [jdbc.resultsettable] 
|----------|
|insert_id |
|----------|
|264       |
|----------|

2023-04-12 12:42:09,079 DEBUG [com.study.aop.LoggerAspect] Service ===> com.study.domain.post.PostService.savePost()
2023-04-12 12:42:09,079 DEBUG [com.study.aop.LoggerAspect] Mapper ===> com.study.domain.post.PostMapper.save()
2023-04-12 12:42:09,080 DEBUG [com.study.domain.post.PostMapper.save] ==>  Preparing: INSERT INTO tb_post ( id , title , content , writer , view_cnt , notice_yn , delete_yn , created_date , modified_date ) VALUES ( ? , ? , ? , ? , 0 , ? , 0 , NOW() , NULL )
2023-04-12 12:42:09,080 DEBUG [com.study.domain.post.PostMapper.save] ==> Parameters: null, 265번 게시글 제목(String), 265번 게시글 내용(String), 테스터265(String), false(Boolean)
2023-04-12 12:42:09,080  INFO [jdbc.sqlonly] INSERT INTO tb_post (

          id
        , title
        , content
        , writer
        , view_cnt
        , notice_yn
        , delete_yn
        , created_date
        , modified_date

        ) VALUES (
              NULL
            , '265번 게시글 제목'
            , '265번 게시글 내용'
            , '테스터265'
            , 0
            , 0
            , 0
            , NOW()
            , NULL
        )

2023-04-12 12:42:09,080 DEBUG [com.study.domain.post.PostMapper.save] <==    Updates: 1
2023-04-12 12:42:09,080  INFO [jdbc.resultsettable] 
|----------|
|insert_id |
|----------|
|265       |
|----------|

2023-04-12 12:42:09,082 DEBUG [com.study.aop.LoggerAspect] Service ===> com.study.domain.post.PostService.savePost()
2023-04-12 12:42:09,082 DEBUG [com.study.aop.LoggerAspect] Mapper ===> com.study.domain.post.PostMapper.save()
2023-04-12 12:42:09,082 DEBUG [com.study.domain.post.PostMapper.save] ==>  Preparing: INSERT INTO tb_post ( id , title , content , writer , view_cnt , notice_yn , delete_yn , created_date , modified_date ) VALUES ( ? , ? , ? , ? , 0 , ? , 0 , NOW() , NULL )
2023-04-12 12:42:09,082 DEBUG [com.study.domain.post.PostMapper.save] ==> Parameters: null, 266번 게시글 제목(String), 266번 게시글 내용(String), 테스터266(String), false(Boolean)
2023-04-12 12:42:09,082  INFO [jdbc.sqlonly] INSERT INTO tb_post (

          id
        , title
        , content
        , writer
        , view_cnt
        , notice_yn
        , delete_yn
        , created_date
        , modified_date

        ) VALUES (
              NULL
            , '266번 게시글 제목'
            , '266번 게시글 내용'
            , '테스터266'
            , 0
            , 0
            , 0
            , NOW()
            , NULL
        )

2023-04-12 12:42:09,082 DEBUG [com.study.domain.post.PostMapper.save] <==    Updates: 1
2023-04-12 12:42:09,083  INFO [jdbc.resultsettable] 
|----------|
|insert_id |
|----------|
|266       |
|----------|

2023-04-12 12:42:09,084 DEBUG [com.study.aop.LoggerAspect] Service ===> com.study.domain.post.PostService.savePost()
2023-04-12 12:42:09,084 DEBUG [com.study.aop.LoggerAspect] Mapper ===> com.study.domain.post.PostMapper.save()
2023-04-12 12:42:09,084 DEBUG [com.study.domain.post.PostMapper.save] ==>  Preparing: INSERT INTO tb_post ( id , title , content , writer , view_cnt , notice_yn , delete_yn , created_date , modified_date ) VALUES ( ? , ? , ? , ? , 0 , ? , 0 , NOW() , NULL )
2023-04-12 12:42:09,085 DEBUG [com.study.domain.post.PostMapper.save] ==> Parameters: null, 267번 게시글 제목(String), 267번 게시글 내용(String), 테스터267(String), false(Boolean)
2023-04-12 12:42:09,085  INFO [jdbc.sqlonly] INSERT INTO tb_post (

          id
        , title
        , content
        , writer
        , view_cnt
        , notice_yn
        , delete_yn
        , created_date
        , modified_date

        ) VALUES (
              NULL
            , '267번 게시글 제목'
            , '267번 게시글 내용'
            , '테스터267'
            , 0
            , 0
            , 0
            , NOW()
            , NULL
        )

2023-04-12 12:42:09,085 DEBUG [com.study.domain.post.PostMapper.save] <==    Updates: 1
2023-04-12 12:42:09,085  INFO [jdbc.resultsettable] 
|----------|
|insert_id |
|----------|
|267       |
|----------|

2023-04-12 12:42:09,087 DEBUG [com.study.aop.LoggerAspect] Service ===> com.study.domain.post.PostService.savePost()
2023-04-12 12:42:09,087 DEBUG [com.study.aop.LoggerAspect] Mapper ===> com.study.domain.post.PostMapper.save()
2023-04-12 12:42:09,087 DEBUG [com.study.domain.post.PostMapper.save] ==>  Preparing: INSERT INTO tb_post ( id , title , content , writer , view_cnt , notice_yn , delete_yn , created_date , modified_date ) VALUES ( ? , ? , ? , ? , 0 , ? , 0 , NOW() , NULL )
2023-04-12 12:42:09,087 DEBUG [com.study.domain.post.PostMapper.save] ==> Parameters: null, 268번 게시글 제목(String), 268번 게시글 내용(String), 테스터268(String), false(Boolean)
2023-04-12 12:42:09,087  INFO [jdbc.sqlonly] INSERT INTO tb_post (

          id
        , title
        , content
        , writer
        , view_cnt
        , notice_yn
        , delete_yn
        , created_date
        , modified_date

        ) VALUES (
              NULL
            , '268번 게시글 제목'
            , '268번 게시글 내용'
            , '테스터268'
            , 0
            , 0
            , 0
            , NOW()
            , NULL
        )

2023-04-12 12:42:09,087 DEBUG [com.study.domain.post.PostMapper.save] <==    Updates: 1
2023-04-12 12:42:09,087  INFO [jdbc.resultsettable] 
|----------|
|insert_id |
|----------|
|268       |
|----------|

2023-04-12 12:42:09,089 DEBUG [com.study.aop.LoggerAspect] Service ===> com.study.domain.post.PostService.savePost()
2023-04-12 12:42:09,089 DEBUG [com.study.aop.LoggerAspect] Mapper ===> com.study.domain.post.PostMapper.save()
2023-04-12 12:42:09,089 DEBUG [com.study.domain.post.PostMapper.save] ==>  Preparing: INSERT INTO tb_post ( id , title , content , writer , view_cnt , notice_yn , delete_yn , created_date , modified_date ) VALUES ( ? , ? , ? , ? , 0 , ? , 0 , NOW() , NULL )
2023-04-12 12:42:09,090 DEBUG [com.study.domain.post.PostMapper.save] ==> Parameters: null, 269번 게시글 제목(String), 269번 게시글 내용(String), 테스터269(String), false(Boolean)
2023-04-12 12:42:09,090  INFO [jdbc.sqlonly] INSERT INTO tb_post (

          id
        , title
        , content
        , writer
        , view_cnt
        , notice_yn
        , delete_yn
        , created_date
        , modified_date

        ) VALUES (
              NULL
            , '269번 게시글 제목'
            , '269번 게시글 내용'
            , '테스터269'
            , 0
            , 0
            , 0
            , NOW()
            , NULL
        )

2023-04-12 12:42:09,090 DEBUG [com.study.domain.post.PostMapper.save] <==    Updates: 1
2023-04-12 12:42:09,090  INFO [jdbc.resultsettable] 
|----------|
|insert_id |
|----------|
|269       |
|----------|

2023-04-12 12:42:09,103 DEBUG [com.study.aop.LoggerAspect] Service ===> com.study.domain.post.PostService.savePost()
2023-04-12 12:42:09,103 DEBUG [com.study.aop.LoggerAspect] Mapper ===> com.study.domain.post.PostMapper.save()
2023-04-12 12:42:09,103 DEBUG [com.study.domain.post.PostMapper.save] ==>  Preparing: INSERT INTO tb_post ( id , title , content , writer , view_cnt , notice_yn , delete_yn , created_date , modified_date ) VALUES ( ? , ? , ? , ? , 0 , ? , 0 , NOW() , NULL )
2023-04-12 12:42:09,103 DEBUG [com.study.domain.post.PostMapper.save] ==> Parameters: null, 270번 게시글 제목(String), 270번 게시글 내용(String), 테스터270(String), false(Boolean)
2023-04-12 12:42:09,103  INFO [jdbc.sqlonly] INSERT INTO tb_post (

          id
        , title
        , content
        , writer
        , view_cnt
        , notice_yn
        , delete_yn
        , created_date
        , modified_date

        ) VALUES (
              NULL
            , '270번 게시글 제목'
            , '270번 게시글 내용'
            , '테스터270'
            , 0
            , 0
            , 0
            , NOW()
            , NULL
        )

2023-04-12 12:42:09,104 DEBUG [com.study.domain.post.PostMapper.save] <==    Updates: 1
2023-04-12 12:42:09,104  INFO [jdbc.resultsettable] 
|----------|
|insert_id |
|----------|
|270       |
|----------|

2023-04-12 12:42:09,106 DEBUG [com.study.aop.LoggerAspect] Service ===> com.study.domain.post.PostService.savePost()
2023-04-12 12:42:09,106 DEBUG [com.study.aop.LoggerAspect] Mapper ===> com.study.domain.post.PostMapper.save()
2023-04-12 12:42:09,106 DEBUG [com.study.domain.post.PostMapper.save] ==>  Preparing: INSERT INTO tb_post ( id , title , content , writer , view_cnt , notice_yn , delete_yn , created_date , modified_date ) VALUES ( ? , ? , ? , ? , 0 , ? , 0 , NOW() , NULL )
2023-04-12 12:42:09,106 DEBUG [com.study.domain.post.PostMapper.save] ==> Parameters: null, 271번 게시글 제목(String), 271번 게시글 내용(String), 테스터271(String), false(Boolean)
2023-04-12 12:42:09,106  INFO [jdbc.sqlonly] INSERT INTO tb_post (

          id
        , title
        , content
        , writer
        , view_cnt
        , notice_yn
        , delete_yn
        , created_date
        , modified_date

        ) VALUES (
              NULL
            , '271번 게시글 제목'
            , '271번 게시글 내용'
            , '테스터271'
            , 0
            , 0
            , 0
            , NOW()
            , NULL
        )

2023-04-12 12:42:09,107 DEBUG [com.study.domain.post.PostMapper.save] <==    Updates: 1
2023-04-12 12:42:09,107  INFO [jdbc.resultsettable] 
|----------|
|insert_id |
|----------|
|271       |
|----------|

2023-04-12 12:42:09,109 DEBUG [com.study.aop.LoggerAspect] Service ===> com.study.domain.post.PostService.savePost()
2023-04-12 12:42:09,109 DEBUG [com.study.aop.LoggerAspect] Mapper ===> com.study.domain.post.PostMapper.save()
2023-04-12 12:42:09,109 DEBUG [com.study.domain.post.PostMapper.save] ==>  Preparing: INSERT INTO tb_post ( id , title , content , writer , view_cnt , notice_yn , delete_yn , created_date , modified_date ) VALUES ( ? , ? , ? , ? , 0 , ? , 0 , NOW() , NULL )
2023-04-12 12:42:09,109 DEBUG [com.study.domain.post.PostMapper.save] ==> Parameters: null, 272번 게시글 제목(String), 272번 게시글 내용(String), 테스터272(String), false(Boolean)
2023-04-12 12:42:09,110  INFO [jdbc.sqlonly] INSERT INTO tb_post (

          id
        , title
        , content
        , writer
        , view_cnt
        , notice_yn
        , delete_yn
        , created_date
        , modified_date

        ) VALUES (
              NULL
            , '272번 게시글 제목'
            , '272번 게시글 내용'
            , '테스터272'
            , 0
            , 0
            , 0
            , NOW()
            , NULL
        )

2023-04-12 12:42:09,110 DEBUG [com.study.domain.post.PostMapper.save] <==    Updates: 1
2023-04-12 12:42:09,110  INFO [jdbc.resultsettable] 
|----------|
|insert_id |
|----------|
|272       |
|----------|

2023-04-12 12:42:09,112 DEBUG [com.study.aop.LoggerAspect] Service ===> com.study.domain.post.PostService.savePost()
2023-04-12 12:42:09,112 DEBUG [com.study.aop.LoggerAspect] Mapper ===> com.study.domain.post.PostMapper.save()
2023-04-12 12:42:09,112 DEBUG [com.study.domain.post.PostMapper.save] ==>  Preparing: INSERT INTO tb_post ( id , title , content , writer , view_cnt , notice_yn , delete_yn , created_date , modified_date ) VALUES ( ? , ? , ? , ? , 0 , ? , 0 , NOW() , NULL )
2023-04-12 12:42:09,112 DEBUG [com.study.domain.post.PostMapper.save] ==> Parameters: null, 273번 게시글 제목(String), 273번 게시글 내용(String), 테스터273(String), false(Boolean)
2023-04-12 12:42:09,112  INFO [jdbc.sqlonly] INSERT INTO tb_post (

          id
        , title
        , content
        , writer
        , view_cnt
        , notice_yn
        , delete_yn
        , created_date
        , modified_date

        ) VALUES (
              NULL
            , '273번 게시글 제목'
            , '273번 게시글 내용'
            , '테스터273'
            , 0
            , 0
            , 0
            , NOW()
            , NULL
        )

2023-04-12 12:42:09,113 DEBUG [com.study.domain.post.PostMapper.save] <==    Updates: 1
2023-04-12 12:42:09,113  INFO [jdbc.resultsettable] 
|----------|
|insert_id |
|----------|
|273       |
|----------|

2023-04-12 12:42:09,114 DEBUG [com.study.aop.LoggerAspect] Service ===> com.study.domain.post.PostService.savePost()
2023-04-12 12:42:09,114 DEBUG [com.study.aop.LoggerAspect] Mapper ===> com.study.domain.post.PostMapper.save()
2023-04-12 12:42:09,115 DEBUG [com.study.domain.post.PostMapper.save] ==>  Preparing: INSERT INTO tb_post ( id , title , content , writer , view_cnt , notice_yn , delete_yn , created_date , modified_date ) VALUES ( ? , ? , ? , ? , 0 , ? , 0 , NOW() , NULL )
2023-04-12 12:42:09,115 DEBUG [com.study.domain.post.PostMapper.save] ==> Parameters: null, 274번 게시글 제목(String), 274번 게시글 내용(String), 테스터274(String), false(Boolean)
2023-04-12 12:42:09,115  INFO [jdbc.sqlonly] INSERT INTO tb_post (

          id
        , title
        , content
        , writer
        , view_cnt
        , notice_yn
        , delete_yn
        , created_date
        , modified_date

        ) VALUES (
              NULL
            , '274번 게시글 제목'
            , '274번 게시글 내용'
            , '테스터274'
            , 0
            , 0
            , 0
            , NOW()
            , NULL
        )

2023-04-12 12:42:09,115 DEBUG [com.study.domain.post.PostMapper.save] <==    Updates: 1
2023-04-12 12:42:09,115  INFO [jdbc.resultsettable] 
|----------|
|insert_id |
|----------|
|274       |
|----------|

2023-04-12 12:42:09,117 DEBUG [com.study.aop.LoggerAspect] Service ===> com.study.domain.post.PostService.savePost()
2023-04-12 12:42:09,117 DEBUG [com.study.aop.LoggerAspect] Mapper ===> com.study.domain.post.PostMapper.save()
2023-04-12 12:42:09,117 DEBUG [com.study.domain.post.PostMapper.save] ==>  Preparing: INSERT INTO tb_post ( id , title , content , writer , view_cnt , notice_yn , delete_yn , created_date , modified_date ) VALUES ( ? , ? , ? , ? , 0 , ? , 0 , NOW() , NULL )
2023-04-12 12:42:09,117 DEBUG [com.study.domain.post.PostMapper.save] ==> Parameters: null, 275번 게시글 제목(String), 275번 게시글 내용(String), 테스터275(String), false(Boolean)
2023-04-12 12:42:09,117  INFO [jdbc.sqlonly] INSERT INTO tb_post (

          id
        , title
        , content
        , writer
        , view_cnt
        , notice_yn
        , delete_yn
        , created_date
        , modified_date

        ) VALUES (
              NULL
            , '275번 게시글 제목'
            , '275번 게시글 내용'
            , '테스터275'
            , 0
            , 0
            , 0
            , NOW()
            , NULL
        )

2023-04-12 12:42:09,117 DEBUG [com.study.domain.post.PostMapper.save] <==    Updates: 1
2023-04-12 12:42:09,117  INFO [jdbc.resultsettable] 
|----------|
|insert_id |
|----------|
|275       |
|----------|

2023-04-12 12:42:09,119 DEBUG [com.study.aop.LoggerAspect] Service ===> com.study.domain.post.PostService.savePost()
2023-04-12 12:42:09,119 DEBUG [com.study.aop.LoggerAspect] Mapper ===> com.study.domain.post.PostMapper.save()
2023-04-12 12:42:09,119 DEBUG [com.study.domain.post.PostMapper.save] ==>  Preparing: INSERT INTO tb_post ( id , title , content , writer , view_cnt , notice_yn , delete_yn , created_date , modified_date ) VALUES ( ? , ? , ? , ? , 0 , ? , 0 , NOW() , NULL )
2023-04-12 12:42:09,119 DEBUG [com.study.domain.post.PostMapper.save] ==> Parameters: null, 276번 게시글 제목(String), 276번 게시글 내용(String), 테스터276(String), false(Boolean)
2023-04-12 12:42:09,119  INFO [jdbc.sqlonly] INSERT INTO tb_post (

          id
        , title
        , content
        , writer
        , view_cnt
        , notice_yn
        , delete_yn
        , created_date
        , modified_date

        ) VALUES (
              NULL
            , '276번 게시글 제목'
            , '276번 게시글 내용'
            , '테스터276'
            , 0
            , 0
            , 0
            , NOW()
            , NULL
        )

2023-04-12 12:42:09,119 DEBUG [com.study.domain.post.PostMapper.save] <==    Updates: 1
2023-04-12 12:42:09,119  INFO [jdbc.resultsettable] 
|----------|
|insert_id |
|----------|
|276       |
|----------|

2023-04-12 12:42:09,121 DEBUG [com.study.aop.LoggerAspect] Service ===> com.study.domain.post.PostService.savePost()
2023-04-12 12:42:09,121 DEBUG [com.study.aop.LoggerAspect] Mapper ===> com.study.domain.post.PostMapper.save()
2023-04-12 12:42:09,121 DEBUG [com.study.domain.post.PostMapper.save] ==>  Preparing: INSERT INTO tb_post ( id , title , content , writer , view_cnt , notice_yn , delete_yn , created_date , modified_date ) VALUES ( ? , ? , ? , ? , 0 , ? , 0 , NOW() , NULL )
2023-04-12 12:42:09,121 DEBUG [com.study.domain.post.PostMapper.save] ==> Parameters: null, 277번 게시글 제목(String), 277번 게시글 내용(String), 테스터277(String), false(Boolean)
2023-04-12 12:42:09,121  INFO [jdbc.sqlonly] INSERT INTO tb_post (

          id
        , title
        , content
        , writer
        , view_cnt
        , notice_yn
        , delete_yn
        , created_date
        , modified_date

        ) VALUES (
              NULL
            , '277번 게시글 제목'
            , '277번 게시글 내용'
            , '테스터277'
            , 0
            , 0
            , 0
            , NOW()
            , NULL
        )

2023-04-12 12:42:09,122 DEBUG [com.study.domain.post.PostMapper.save] <==    Updates: 1
2023-04-12 12:42:09,122  INFO [jdbc.resultsettable] 
|----------|
|insert_id |
|----------|
|277       |
|----------|

2023-04-12 12:42:09,124 DEBUG [com.study.aop.LoggerAspect] Service ===> com.study.domain.post.PostService.savePost()
2023-04-12 12:42:09,124 DEBUG [com.study.aop.LoggerAspect] Mapper ===> com.study.domain.post.PostMapper.save()
2023-04-12 12:42:09,124 DEBUG [com.study.domain.post.PostMapper.save] ==>  Preparing: INSERT INTO tb_post ( id , title , content , writer , view_cnt , notice_yn , delete_yn , created_date , modified_date ) VALUES ( ? , ? , ? , ? , 0 , ? , 0 , NOW() , NULL )
2023-04-12 12:42:09,124 DEBUG [com.study.domain.post.PostMapper.save] ==> Parameters: null, 278번 게시글 제목(String), 278번 게시글 내용(String), 테스터278(String), false(Boolean)
2023-04-12 12:42:09,124  INFO [jdbc.sqlonly] INSERT INTO tb_post (

          id
        , title
        , content
        , writer
        , view_cnt
        , notice_yn
        , delete_yn
        , created_date
        , modified_date

        ) VALUES (
              NULL
            , '278번 게시글 제목'
            , '278번 게시글 내용'
            , '테스터278'
            , 0
            , 0
            , 0
            , NOW()
            , NULL
        )

2023-04-12 12:42:09,125 DEBUG [com.study.domain.post.PostMapper.save] <==    Updates: 1
2023-04-12 12:42:09,125  INFO [jdbc.resultsettable] 
|----------|
|insert_id |
|----------|
|278       |
|----------|

2023-04-12 12:42:09,127 DEBUG [com.study.aop.LoggerAspect] Service ===> com.study.domain.post.PostService.savePost()
2023-04-12 12:42:09,127 DEBUG [com.study.aop.LoggerAspect] Mapper ===> com.study.domain.post.PostMapper.save()
2023-04-12 12:42:09,127 DEBUG [com.study.domain.post.PostMapper.save] ==>  Preparing: INSERT INTO tb_post ( id , title , content , writer , view_cnt , notice_yn , delete_yn , created_date , modified_date ) VALUES ( ? , ? , ? , ? , 0 , ? , 0 , NOW() , NULL )
2023-04-12 12:42:09,127 DEBUG [com.study.domain.post.PostMapper.save] ==> Parameters: null, 279번 게시글 제목(String), 279번 게시글 내용(String), 테스터279(String), false(Boolean)
2023-04-12 12:42:09,127  INFO [jdbc.sqlonly] INSERT INTO tb_post (

          id
        , title
        , content
        , writer
        , view_cnt
        , notice_yn
        , delete_yn
        , created_date
        , modified_date

        ) VALUES (
              NULL
            , '279번 게시글 제목'
            , '279번 게시글 내용'
            , '테스터279'
            , 0
            , 0
            , 0
            , NOW()
            , NULL
        )

2023-04-12 12:42:09,129 DEBUG [com.study.domain.post.PostMapper.save] <==    Updates: 1
2023-04-12 12:42:09,129  INFO [jdbc.resultsettable] 
|----------|
|insert_id |
|----------|
|279       |
|----------|

2023-04-12 12:42:09,130 DEBUG [com.study.aop.LoggerAspect] Service ===> com.study.domain.post.PostService.savePost()
2023-04-12 12:42:09,130 DEBUG [com.study.aop.LoggerAspect] Mapper ===> com.study.domain.post.PostMapper.save()
2023-04-12 12:42:09,130 DEBUG [com.study.domain.post.PostMapper.save] ==>  Preparing: INSERT INTO tb_post ( id , title , content , writer , view_cnt , notice_yn , delete_yn , created_date , modified_date ) VALUES ( ? , ? , ? , ? , 0 , ? , 0 , NOW() , NULL )
2023-04-12 12:42:09,131 DEBUG [com.study.domain.post.PostMapper.save] ==> Parameters: null, 280번 게시글 제목(String), 280번 게시글 내용(String), 테스터280(String), false(Boolean)
2023-04-12 12:42:09,131  INFO [jdbc.sqlonly] INSERT INTO tb_post (

          id
        , title
        , content
        , writer
        , view_cnt
        , notice_yn
        , delete_yn
        , created_date
        , modified_date

        ) VALUES (
              NULL
            , '280번 게시글 제목'
            , '280번 게시글 내용'
            , '테스터280'
            , 0
            , 0
            , 0
            , NOW()
            , NULL
        )

2023-04-12 12:42:09,131 DEBUG [com.study.domain.post.PostMapper.save] <==    Updates: 1
2023-04-12 12:42:09,131  INFO [jdbc.resultsettable] 
|----------|
|insert_id |
|----------|
|280       |
|----------|

2023-04-12 12:42:09,133 DEBUG [com.study.aop.LoggerAspect] Service ===> com.study.domain.post.PostService.savePost()
2023-04-12 12:42:09,133 DEBUG [com.study.aop.LoggerAspect] Mapper ===> com.study.domain.post.PostMapper.save()
2023-04-12 12:42:09,133 DEBUG [com.study.domain.post.PostMapper.save] ==>  Preparing: INSERT INTO tb_post ( id , title , content , writer , view_cnt , notice_yn , delete_yn , created_date , modified_date ) VALUES ( ? , ? , ? , ? , 0 , ? , 0 , NOW() , NULL )
2023-04-12 12:42:09,133 DEBUG [com.study.domain.post.PostMapper.save] ==> Parameters: null, 281번 게시글 제목(String), 281번 게시글 내용(String), 테스터281(String), false(Boolean)
2023-04-12 12:42:09,133  INFO [jdbc.sqlonly] INSERT INTO tb_post (

          id
        , title
        , content
        , writer
        , view_cnt
        , notice_yn
        , delete_yn
        , created_date
        , modified_date

        ) VALUES (
              NULL
            , '281번 게시글 제목'
            , '281번 게시글 내용'
            , '테스터281'
            , 0
            , 0
            , 0
            , NOW()
            , NULL
        )

2023-04-12 12:42:09,134 DEBUG [com.study.domain.post.PostMapper.save] <==    Updates: 1
2023-04-12 12:42:09,134  INFO [jdbc.resultsettable] 
|----------|
|insert_id |
|----------|
|281       |
|----------|

2023-04-12 12:42:09,135 DEBUG [com.study.aop.LoggerAspect] Service ===> com.study.domain.post.PostService.savePost()
2023-04-12 12:42:09,136 DEBUG [com.study.aop.LoggerAspect] Mapper ===> com.study.domain.post.PostMapper.save()
2023-04-12 12:42:09,136 DEBUG [com.study.domain.post.PostMapper.save] ==>  Preparing: INSERT INTO tb_post ( id , title , content , writer , view_cnt , notice_yn , delete_yn , created_date , modified_date ) VALUES ( ? , ? , ? , ? , 0 , ? , 0 , NOW() , NULL )
2023-04-12 12:42:09,136 DEBUG [com.study.domain.post.PostMapper.save] ==> Parameters: null, 282번 게시글 제목(String), 282번 게시글 내용(String), 테스터282(String), false(Boolean)
2023-04-12 12:42:09,136  INFO [jdbc.sqlonly] INSERT INTO tb_post (

          id
        , title
        , content
        , writer
        , view_cnt
        , notice_yn
        , delete_yn
        , created_date
        , modified_date

        ) VALUES (
              NULL
            , '282번 게시글 제목'
            , '282번 게시글 내용'
            , '테스터282'
            , 0
            , 0
            , 0
            , NOW()
            , NULL
        )

2023-04-12 12:42:09,136 DEBUG [com.study.domain.post.PostMapper.save] <==    Updates: 1
2023-04-12 12:42:09,137  INFO [jdbc.resultsettable] 
|----------|
|insert_id |
|----------|
|282       |
|----------|

2023-04-12 12:42:09,139 DEBUG [com.study.aop.LoggerAspect] Service ===> com.study.domain.post.PostService.savePost()
2023-04-12 12:42:09,139 DEBUG [com.study.aop.LoggerAspect] Mapper ===> com.study.domain.post.PostMapper.save()
2023-04-12 12:42:09,140 DEBUG [com.study.domain.post.PostMapper.save] ==>  Preparing: INSERT INTO tb_post ( id , title , content , writer , view_cnt , notice_yn , delete_yn , created_date , modified_date ) VALUES ( ? , ? , ? , ? , 0 , ? , 0 , NOW() , NULL )
2023-04-12 12:42:09,140 DEBUG [com.study.domain.post.PostMapper.save] ==> Parameters: null, 283번 게시글 제목(String), 283번 게시글 내용(String), 테스터283(String), false(Boolean)
2023-04-12 12:42:09,140  INFO [jdbc.sqlonly] INSERT INTO tb_post (

          id
        , title
        , content
        , writer
        , view_cnt
        , notice_yn
        , delete_yn
        , created_date
        , modified_date

        ) VALUES (
              NULL
            , '283번 게시글 제목'
            , '283번 게시글 내용'
            , '테스터283'
            , 0
            , 0
            , 0
            , NOW()
            , NULL
        )

2023-04-12 12:42:09,140 DEBUG [com.study.domain.post.PostMapper.save] <==    Updates: 1
2023-04-12 12:42:09,140  INFO [jdbc.resultsettable] 
|----------|
|insert_id |
|----------|
|283       |
|----------|

2023-04-12 12:42:09,142 DEBUG [com.study.aop.LoggerAspect] Service ===> com.study.domain.post.PostService.savePost()
2023-04-12 12:42:09,142 DEBUG [com.study.aop.LoggerAspect] Mapper ===> com.study.domain.post.PostMapper.save()
2023-04-12 12:42:09,142 DEBUG [com.study.domain.post.PostMapper.save] ==>  Preparing: INSERT INTO tb_post ( id , title , content , writer , view_cnt , notice_yn , delete_yn , created_date , modified_date ) VALUES ( ? , ? , ? , ? , 0 , ? , 0 , NOW() , NULL )
2023-04-12 12:42:09,142 DEBUG [com.study.domain.post.PostMapper.save] ==> Parameters: null, 284번 게시글 제목(String), 284번 게시글 내용(String), 테스터284(String), false(Boolean)
2023-04-12 12:42:09,142  INFO [jdbc.sqlonly] INSERT INTO tb_post (

          id
        , title
        , content
        , writer
        , view_cnt
        , notice_yn
        , delete_yn
        , created_date
        , modified_date

        ) VALUES (
              NULL
            , '284번 게시글 제목'
            , '284번 게시글 내용'
            , '테스터284'
            , 0
            , 0
            , 0
            , NOW()
            , NULL
        )

2023-04-12 12:42:09,143 DEBUG [com.study.domain.post.PostMapper.save] <==    Updates: 1
2023-04-12 12:42:09,143  INFO [jdbc.resultsettable] 
|----------|
|insert_id |
|----------|
|284       |
|----------|

2023-04-12 12:42:09,145 DEBUG [com.study.aop.LoggerAspect] Service ===> com.study.domain.post.PostService.savePost()
2023-04-12 12:42:09,145 DEBUG [com.study.aop.LoggerAspect] Mapper ===> com.study.domain.post.PostMapper.save()
2023-04-12 12:42:09,145 DEBUG [com.study.domain.post.PostMapper.save] ==>  Preparing: INSERT INTO tb_post ( id , title , content , writer , view_cnt , notice_yn , delete_yn , created_date , modified_date ) VALUES ( ? , ? , ? , ? , 0 , ? , 0 , NOW() , NULL )
2023-04-12 12:42:09,145 DEBUG [com.study.domain.post.PostMapper.save] ==> Parameters: null, 285번 게시글 제목(String), 285번 게시글 내용(String), 테스터285(String), false(Boolean)
2023-04-12 12:42:09,145  INFO [jdbc.sqlonly] INSERT INTO tb_post (

          id
        , title
        , content
        , writer
        , view_cnt
        , notice_yn
        , delete_yn
        , created_date
        , modified_date

        ) VALUES (
              NULL
            , '285번 게시글 제목'
            , '285번 게시글 내용'
            , '테스터285'
            , 0
            , 0
            , 0
            , NOW()
            , NULL
        )

2023-04-12 12:42:09,145 DEBUG [com.study.domain.post.PostMapper.save] <==    Updates: 1
2023-04-12 12:42:09,146  INFO [jdbc.resultsettable] 
|----------|
|insert_id |
|----------|
|285       |
|----------|

2023-04-12 12:42:09,147 DEBUG [com.study.aop.LoggerAspect] Service ===> com.study.domain.post.PostService.savePost()
2023-04-12 12:42:09,147 DEBUG [com.study.aop.LoggerAspect] Mapper ===> com.study.domain.post.PostMapper.save()
2023-04-12 12:42:09,147 DEBUG [com.study.domain.post.PostMapper.save] ==>  Preparing: INSERT INTO tb_post ( id , title , content , writer , view_cnt , notice_yn , delete_yn , created_date , modified_date ) VALUES ( ? , ? , ? , ? , 0 , ? , 0 , NOW() , NULL )
2023-04-12 12:42:09,147 DEBUG [com.study.domain.post.PostMapper.save] ==> Parameters: null, 286번 게시글 제목(String), 286번 게시글 내용(String), 테스터286(String), false(Boolean)
2023-04-12 12:42:09,147  INFO [jdbc.sqlonly] INSERT INTO tb_post (

          id
        , title
        , content
        , writer
        , view_cnt
        , notice_yn
        , delete_yn
        , created_date
        , modified_date

        ) VALUES (
              NULL
            , '286번 게시글 제목'
            , '286번 게시글 내용'
            , '테스터286'
            , 0
            , 0
            , 0
            , NOW()
            , NULL
        )

2023-04-12 12:42:09,148 DEBUG [com.study.domain.post.PostMapper.save] <==    Updates: 1
2023-04-12 12:42:09,148  INFO [jdbc.resultsettable] 
|----------|
|insert_id |
|----------|
|286       |
|----------|

2023-04-12 12:42:09,150 DEBUG [com.study.aop.LoggerAspect] Service ===> com.study.domain.post.PostService.savePost()
2023-04-12 12:42:09,150 DEBUG [com.study.aop.LoggerAspect] Mapper ===> com.study.domain.post.PostMapper.save()
2023-04-12 12:42:09,150 DEBUG [com.study.domain.post.PostMapper.save] ==>  Preparing: INSERT INTO tb_post ( id , title , content , writer , view_cnt , notice_yn , delete_yn , created_date , modified_date ) VALUES ( ? , ? , ? , ? , 0 , ? , 0 , NOW() , NULL )
2023-04-12 12:42:09,150 DEBUG [com.study.domain.post.PostMapper.save] ==> Parameters: null, 287번 게시글 제목(String), 287번 게시글 내용(String), 테스터287(String), false(Boolean)
2023-04-12 12:42:09,150  INFO [jdbc.sqlonly] INSERT INTO tb_post (

          id
        , title
        , content
        , writer
        , view_cnt
        , notice_yn
        , delete_yn
        , created_date
        , modified_date

        ) VALUES (
              NULL
            , '287번 게시글 제목'
            , '287번 게시글 내용'
            , '테스터287'
            , 0
            , 0
            , 0
            , NOW()
            , NULL
        )

2023-04-12 12:42:09,151 DEBUG [com.study.domain.post.PostMapper.save] <==    Updates: 1
2023-04-12 12:42:09,151  INFO [jdbc.resultsettable] 
|----------|
|insert_id |
|----------|
|287       |
|----------|

2023-04-12 12:42:09,153 DEBUG [com.study.aop.LoggerAspect] Service ===> com.study.domain.post.PostService.savePost()
2023-04-12 12:42:09,153 DEBUG [com.study.aop.LoggerAspect] Mapper ===> com.study.domain.post.PostMapper.save()
2023-04-12 12:42:09,153 DEBUG [com.study.domain.post.PostMapper.save] ==>  Preparing: INSERT INTO tb_post ( id , title , content , writer , view_cnt , notice_yn , delete_yn , created_date , modified_date ) VALUES ( ? , ? , ? , ? , 0 , ? , 0 , NOW() , NULL )
2023-04-12 12:42:09,153 DEBUG [com.study.domain.post.PostMapper.save] ==> Parameters: null, 288번 게시글 제목(String), 288번 게시글 내용(String), 테스터288(String), false(Boolean)
2023-04-12 12:42:09,153  INFO [jdbc.sqlonly] INSERT INTO tb_post (

          id
        , title
        , content
        , writer
        , view_cnt
        , notice_yn
        , delete_yn
        , created_date
        , modified_date

        ) VALUES (
              NULL
            , '288번 게시글 제목'
            , '288번 게시글 내용'
            , '테스터288'
            , 0
            , 0
            , 0
            , NOW()
            , NULL
        )

2023-04-12 12:42:09,153 DEBUG [com.study.domain.post.PostMapper.save] <==    Updates: 1
2023-04-12 12:42:09,154  INFO [jdbc.resultsettable] 
|----------|
|insert_id |
|----------|
|288       |
|----------|

2023-04-12 12:42:09,156 DEBUG [com.study.aop.LoggerAspect] Service ===> com.study.domain.post.PostService.savePost()
2023-04-12 12:42:09,156 DEBUG [com.study.aop.LoggerAspect] Mapper ===> com.study.domain.post.PostMapper.save()
2023-04-12 12:42:09,156 DEBUG [com.study.domain.post.PostMapper.save] ==>  Preparing: INSERT INTO tb_post ( id , title , content , writer , view_cnt , notice_yn , delete_yn , created_date , modified_date ) VALUES ( ? , ? , ? , ? , 0 , ? , 0 , NOW() , NULL )
2023-04-12 12:42:09,156 DEBUG [com.study.domain.post.PostMapper.save] ==> Parameters: null, 289번 게시글 제목(String), 289번 게시글 내용(String), 테스터289(String), false(Boolean)
2023-04-12 12:42:09,156  INFO [jdbc.sqlonly] INSERT INTO tb_post (

          id
        , title
        , content
        , writer
        , view_cnt
        , notice_yn
        , delete_yn
        , created_date
        , modified_date

        ) VALUES (
              NULL
            , '289번 게시글 제목'
            , '289번 게시글 내용'
            , '테스터289'
            , 0
            , 0
            , 0
            , NOW()
            , NULL
        )

2023-04-12 12:42:09,156 DEBUG [com.study.domain.post.PostMapper.save] <==    Updates: 1
2023-04-12 12:42:09,157  INFO [jdbc.resultsettable] 
|----------|
|insert_id |
|----------|
|289       |
|----------|

2023-04-12 12:42:09,159 DEBUG [com.study.aop.LoggerAspect] Service ===> com.study.domain.post.PostService.savePost()
2023-04-12 12:42:09,159 DEBUG [com.study.aop.LoggerAspect] Mapper ===> com.study.domain.post.PostMapper.save()
2023-04-12 12:42:09,159 DEBUG [com.study.domain.post.PostMapper.save] ==>  Preparing: INSERT INTO tb_post ( id , title , content , writer , view_cnt , notice_yn , delete_yn , created_date , modified_date ) VALUES ( ? , ? , ? , ? , 0 , ? , 0 , NOW() , NULL )
2023-04-12 12:42:09,159 DEBUG [com.study.domain.post.PostMapper.save] ==> Parameters: null, 290번 게시글 제목(String), 290번 게시글 내용(String), 테스터290(String), false(Boolean)
2023-04-12 12:42:09,159  INFO [jdbc.sqlonly] INSERT INTO tb_post (

          id
        , title
        , content
        , writer
        , view_cnt
        , notice_yn
        , delete_yn
        , created_date
        , modified_date

        ) VALUES (
              NULL
            , '290번 게시글 제목'
            , '290번 게시글 내용'
            , '테스터290'
            , 0
            , 0
            , 0
            , NOW()
            , NULL
        )

2023-04-12 12:42:09,159 DEBUG [com.study.domain.post.PostMapper.save] <==    Updates: 1
2023-04-12 12:42:09,160  INFO [jdbc.resultsettable] 
|----------|
|insert_id |
|----------|
|290       |
|----------|

2023-04-12 12:42:09,161 DEBUG [com.study.aop.LoggerAspect] Service ===> com.study.domain.post.PostService.savePost()
2023-04-12 12:42:09,161 DEBUG [com.study.aop.LoggerAspect] Mapper ===> com.study.domain.post.PostMapper.save()
2023-04-12 12:42:09,162 DEBUG [com.study.domain.post.PostMapper.save] ==>  Preparing: INSERT INTO tb_post ( id , title , content , writer , view_cnt , notice_yn , delete_yn , created_date , modified_date ) VALUES ( ? , ? , ? , ? , 0 , ? , 0 , NOW() , NULL )
2023-04-12 12:42:09,162 DEBUG [com.study.domain.post.PostMapper.save] ==> Parameters: null, 291번 게시글 제목(String), 291번 게시글 내용(String), 테스터291(String), false(Boolean)
2023-04-12 12:42:09,162  INFO [jdbc.sqlonly] INSERT INTO tb_post (

          id
        , title
        , content
        , writer
        , view_cnt
        , notice_yn
        , delete_yn
        , created_date
        , modified_date

        ) VALUES (
              NULL
            , '291번 게시글 제목'
            , '291번 게시글 내용'
            , '테스터291'
            , 0
            , 0
            , 0
            , NOW()
            , NULL
        )

2023-04-12 12:42:09,162 DEBUG [com.study.domain.post.PostMapper.save] <==    Updates: 1
2023-04-12 12:42:09,162  INFO [jdbc.resultsettable] 
|----------|
|insert_id |
|----------|
|291       |
|----------|

2023-04-12 12:42:09,164 DEBUG [com.study.aop.LoggerAspect] Service ===> com.study.domain.post.PostService.savePost()
2023-04-12 12:42:09,164 DEBUG [com.study.aop.LoggerAspect] Mapper ===> com.study.domain.post.PostMapper.save()
2023-04-12 12:42:09,164 DEBUG [com.study.domain.post.PostMapper.save] ==>  Preparing: INSERT INTO tb_post ( id , title , content , writer , view_cnt , notice_yn , delete_yn , created_date , modified_date ) VALUES ( ? , ? , ? , ? , 0 , ? , 0 , NOW() , NULL )
2023-04-12 12:42:09,164 DEBUG [com.study.domain.post.PostMapper.save] ==> Parameters: null, 292번 게시글 제목(String), 292번 게시글 내용(String), 테스터292(String), false(Boolean)
2023-04-12 12:42:09,164  INFO [jdbc.sqlonly] INSERT INTO tb_post (

          id
        , title
        , content
        , writer
        , view_cnt
        , notice_yn
        , delete_yn
        , created_date
        , modified_date

        ) VALUES (
              NULL
            , '292번 게시글 제목'
            , '292번 게시글 내용'
            , '테스터292'
            , 0
            , 0
            , 0
            , NOW()
            , NULL
        )

2023-04-12 12:42:09,165 DEBUG [com.study.domain.post.PostMapper.save] <==    Updates: 1
2023-04-12 12:42:09,165  INFO [jdbc.resultsettable] 
|----------|
|insert_id |
|----------|
|292       |
|----------|

2023-04-12 12:42:09,167 DEBUG [com.study.aop.LoggerAspect] Service ===> com.study.domain.post.PostService.savePost()
2023-04-12 12:42:09,167 DEBUG [com.study.aop.LoggerAspect] Mapper ===> com.study.domain.post.PostMapper.save()
2023-04-12 12:42:09,167 DEBUG [com.study.domain.post.PostMapper.save] ==>  Preparing: INSERT INTO tb_post ( id , title , content , writer , view_cnt , notice_yn , delete_yn , created_date , modified_date ) VALUES ( ? , ? , ? , ? , 0 , ? , 0 , NOW() , NULL )
2023-04-12 12:42:09,167 DEBUG [com.study.domain.post.PostMapper.save] ==> Parameters: null, 293번 게시글 제목(String), 293번 게시글 내용(String), 테스터293(String), false(Boolean)
2023-04-12 12:42:09,167  INFO [jdbc.sqlonly] INSERT INTO tb_post (

          id
        , title
        , content
        , writer
        , view_cnt
        , notice_yn
        , delete_yn
        , created_date
        , modified_date

        ) VALUES (
              NULL
            , '293번 게시글 제목'
            , '293번 게시글 내용'
            , '테스터293'
            , 0
            , 0
            , 0
            , NOW()
            , NULL
        )

2023-04-12 12:42:09,168 DEBUG [com.study.domain.post.PostMapper.save] <==    Updates: 1
2023-04-12 12:42:09,168  INFO [jdbc.resultsettable] 
|----------|
|insert_id |
|----------|
|293       |
|----------|

2023-04-12 12:42:09,169 DEBUG [com.study.aop.LoggerAspect] Service ===> com.study.domain.post.PostService.savePost()
2023-04-12 12:42:09,170 DEBUG [com.study.aop.LoggerAspect] Mapper ===> com.study.domain.post.PostMapper.save()
2023-04-12 12:42:09,170 DEBUG [com.study.domain.post.PostMapper.save] ==>  Preparing: INSERT INTO tb_post ( id , title , content , writer , view_cnt , notice_yn , delete_yn , created_date , modified_date ) VALUES ( ? , ? , ? , ? , 0 , ? , 0 , NOW() , NULL )
2023-04-12 12:42:09,170 DEBUG [com.study.domain.post.PostMapper.save] ==> Parameters: null, 294번 게시글 제목(String), 294번 게시글 내용(String), 테스터294(String), false(Boolean)
2023-04-12 12:42:09,170  INFO [jdbc.sqlonly] INSERT INTO tb_post (

          id
        , title
        , content
        , writer
        , view_cnt
        , notice_yn
        , delete_yn
        , created_date
        , modified_date

        ) VALUES (
              NULL
            , '294번 게시글 제목'
            , '294번 게시글 내용'
            , '테스터294'
            , 0
            , 0
            , 0
            , NOW()
            , NULL
        )

2023-04-12 12:42:09,171 DEBUG [com.study.domain.post.PostMapper.save] <==    Updates: 1
2023-04-12 12:42:09,171  INFO [jdbc.resultsettable] 
|----------|
|insert_id |
|----------|
|294       |
|----------|

2023-04-12 12:42:09,172 DEBUG [com.study.aop.LoggerAspect] Service ===> com.study.domain.post.PostService.savePost()
2023-04-12 12:42:09,172 DEBUG [com.study.aop.LoggerAspect] Mapper ===> com.study.domain.post.PostMapper.save()
2023-04-12 12:42:09,173 DEBUG [com.study.domain.post.PostMapper.save] ==>  Preparing: INSERT INTO tb_post ( id , title , content , writer , view_cnt , notice_yn , delete_yn , created_date , modified_date ) VALUES ( ? , ? , ? , ? , 0 , ? , 0 , NOW() , NULL )
2023-04-12 12:42:09,173 DEBUG [com.study.domain.post.PostMapper.save] ==> Parameters: null, 295번 게시글 제목(String), 295번 게시글 내용(String), 테스터295(String), false(Boolean)
2023-04-12 12:42:09,173  INFO [jdbc.sqlonly] INSERT INTO tb_post (

          id
        , title
        , content
        , writer
        , view_cnt
        , notice_yn
        , delete_yn
        , created_date
        , modified_date

        ) VALUES (
              NULL
            , '295번 게시글 제목'
            , '295번 게시글 내용'
            , '테스터295'
            , 0
            , 0
            , 0
            , NOW()
            , NULL
        )

2023-04-12 12:42:09,173 DEBUG [com.study.domain.post.PostMapper.save] <==    Updates: 1
2023-04-12 12:42:09,173  INFO [jdbc.resultsettable] 
|----------|
|insert_id |
|----------|
|295       |
|----------|

2023-04-12 12:42:09,175 DEBUG [com.study.aop.LoggerAspect] Service ===> com.study.domain.post.PostService.savePost()
2023-04-12 12:42:09,175 DEBUG [com.study.aop.LoggerAspect] Mapper ===> com.study.domain.post.PostMapper.save()
2023-04-12 12:42:09,175 DEBUG [com.study.domain.post.PostMapper.save] ==>  Preparing: INSERT INTO tb_post ( id , title , content , writer , view_cnt , notice_yn , delete_yn , created_date , modified_date ) VALUES ( ? , ? , ? , ? , 0 , ? , 0 , NOW() , NULL )
2023-04-12 12:42:09,175 DEBUG [com.study.domain.post.PostMapper.save] ==> Parameters: null, 296번 게시글 제목(String), 296번 게시글 내용(String), 테스터296(String), false(Boolean)
2023-04-12 12:42:09,175  INFO [jdbc.sqlonly] INSERT INTO tb_post (

          id
        , title
        , content
        , writer
        , view_cnt
        , notice_yn
        , delete_yn
        , created_date
        , modified_date

        ) VALUES (
              NULL
            , '296번 게시글 제목'
            , '296번 게시글 내용'
            , '테스터296'
            , 0
            , 0
            , 0
            , NOW()
            , NULL
        )

2023-04-12 12:42:09,175 DEBUG [com.study.domain.post.PostMapper.save] <==    Updates: 1
2023-04-12 12:42:09,176  INFO [jdbc.resultsettable] 
|----------|
|insert_id |
|----------|
|296       |
|----------|

2023-04-12 12:42:09,177 DEBUG [com.study.aop.LoggerAspect] Service ===> com.study.domain.post.PostService.savePost()
2023-04-12 12:42:09,177 DEBUG [com.study.aop.LoggerAspect] Mapper ===> com.study.domain.post.PostMapper.save()
2023-04-12 12:42:09,177 DEBUG [com.study.domain.post.PostMapper.save] ==>  Preparing: INSERT INTO tb_post ( id , title , content , writer , view_cnt , notice_yn , delete_yn , created_date , modified_date ) VALUES ( ? , ? , ? , ? , 0 , ? , 0 , NOW() , NULL )
2023-04-12 12:42:09,177 DEBUG [com.study.domain.post.PostMapper.save] ==> Parameters: null, 297번 게시글 제목(String), 297번 게시글 내용(String), 테스터297(String), false(Boolean)
2023-04-12 12:42:09,177  INFO [jdbc.sqlonly] INSERT INTO tb_post (

          id
        , title
        , content
        , writer
        , view_cnt
        , notice_yn
        , delete_yn
        , created_date
        , modified_date

        ) VALUES (
              NULL
            , '297번 게시글 제목'
            , '297번 게시글 내용'
            , '테스터297'
            , 0
            , 0
            , 0
            , NOW()
            , NULL
        )

2023-04-12 12:42:09,178 DEBUG [com.study.domain.post.PostMapper.save] <==    Updates: 1
2023-04-12 12:42:09,179  INFO [jdbc.resultsettable] 
|----------|
|insert_id |
|----------|
|297       |
|----------|

2023-04-12 12:42:09,180 DEBUG [com.study.aop.LoggerAspect] Service ===> com.study.domain.post.PostService.savePost()
2023-04-12 12:42:09,180 DEBUG [com.study.aop.LoggerAspect] Mapper ===> com.study.domain.post.PostMapper.save()
2023-04-12 12:42:09,180 DEBUG [com.study.domain.post.PostMapper.save] ==>  Preparing: INSERT INTO tb_post ( id , title , content , writer , view_cnt , notice_yn , delete_yn , created_date , modified_date ) VALUES ( ? , ? , ? , ? , 0 , ? , 0 , NOW() , NULL )
2023-04-12 12:42:09,180 DEBUG [com.study.domain.post.PostMapper.save] ==> Parameters: null, 298번 게시글 제목(String), 298번 게시글 내용(String), 테스터298(String), false(Boolean)
2023-04-12 12:42:09,180  INFO [jdbc.sqlonly] INSERT INTO tb_post (

          id
        , title
        , content
        , writer
        , view_cnt
        , notice_yn
        , delete_yn
        , created_date
        , modified_date

        ) VALUES (
              NULL
            , '298번 게시글 제목'
            , '298번 게시글 내용'
            , '테스터298'
            , 0
            , 0
            , 0
            , NOW()
            , NULL
        )

2023-04-12 12:42:09,181 DEBUG [com.study.domain.post.PostMapper.save] <==    Updates: 1
2023-04-12 12:42:09,181  INFO [jdbc.resultsettable] 
|----------|
|insert_id |
|----------|
|298       |
|----------|

2023-04-12 12:42:09,183 DEBUG [com.study.aop.LoggerAspect] Service ===> com.study.domain.post.PostService.savePost()
2023-04-12 12:42:09,183 DEBUG [com.study.aop.LoggerAspect] Mapper ===> com.study.domain.post.PostMapper.save()
2023-04-12 12:42:09,183 DEBUG [com.study.domain.post.PostMapper.save] ==>  Preparing: INSERT INTO tb_post ( id , title , content , writer , view_cnt , notice_yn , delete_yn , created_date , modified_date ) VALUES ( ? , ? , ? , ? , 0 , ? , 0 , NOW() , NULL )
2023-04-12 12:42:09,183 DEBUG [com.study.domain.post.PostMapper.save] ==> Parameters: null, 299번 게시글 제목(String), 299번 게시글 내용(String), 테스터299(String), false(Boolean)
2023-04-12 12:42:09,183  INFO [jdbc.sqlonly] INSERT INTO tb_post (

          id
        , title
        , content
        , writer
        , view_cnt
        , notice_yn
        , delete_yn
        , created_date
        , modified_date

        ) VALUES (
              NULL
            , '299번 게시글 제목'
            , '299번 게시글 내용'
            , '테스터299'
            , 0
            , 0
            , 0
            , NOW()
            , NULL
        )

2023-04-12 12:42:09,184 DEBUG [com.study.domain.post.PostMapper.save] <==    Updates: 1
2023-04-12 12:42:09,184  INFO [jdbc.resultsettable] 
|----------|
|insert_id |
|----------|
|299       |
|----------|

2023-04-12 12:42:09,187 DEBUG [com.study.aop.LoggerAspect] Service ===> com.study.domain.post.PostService.savePost()
2023-04-12 12:42:09,187 DEBUG [com.study.aop.LoggerAspect] Mapper ===> com.study.domain.post.PostMapper.save()
2023-04-12 12:42:09,187 DEBUG [com.study.domain.post.PostMapper.save] ==>  Preparing: INSERT INTO tb_post ( id , title , content , writer , view_cnt , notice_yn , delete_yn , created_date , modified_date ) VALUES ( ? , ? , ? , ? , 0 , ? , 0 , NOW() , NULL )
2023-04-12 12:42:09,187 DEBUG [com.study.domain.post.PostMapper.save] ==> Parameters: null, 300번 게시글 제목(String), 300번 게시글 내용(String), 테스터300(String), false(Boolean)
2023-04-12 12:42:09,187  INFO [jdbc.sqlonly] INSERT INTO tb_post (

          id
        , title
        , content
        , writer
        , view_cnt
        , notice_yn
        , delete_yn
        , created_date
        , modified_date

        ) VALUES (
              NULL
            , '300번 게시글 제목'
            , '300번 게시글 내용'
            , '테스터300'
            , 0
            , 0
            , 0
            , NOW()
            , NULL
        )

2023-04-12 12:42:09,188 DEBUG [com.study.domain.post.PostMapper.save] <==    Updates: 1
2023-04-12 12:42:09,189  INFO [jdbc.resultsettable] 
|----------|
|insert_id |
|----------|
|300       |
|----------|

2023-04-12 12:42:09,190 DEBUG [com.study.aop.LoggerAspect] Service ===> com.study.domain.post.PostService.savePost()
2023-04-12 12:42:09,190 DEBUG [com.study.aop.LoggerAspect] Mapper ===> com.study.domain.post.PostMapper.save()
2023-04-12 12:42:09,190 DEBUG [com.study.domain.post.PostMapper.save] ==>  Preparing: INSERT INTO tb_post ( id , title , content , writer , view_cnt , notice_yn , delete_yn , created_date , modified_date ) VALUES ( ? , ? , ? , ? , 0 , ? , 0 , NOW() , NULL )
2023-04-12 12:42:09,190 DEBUG [com.study.domain.post.PostMapper.save] ==> Parameters: null, 301번 게시글 제목(String), 301번 게시글 내용(String), 테스터301(String), false(Boolean)
2023-04-12 12:42:09,190  INFO [jdbc.sqlonly] INSERT INTO tb_post (

          id
        , title
        , content
        , writer
        , view_cnt
        , notice_yn
        , delete_yn
        , created_date
        , modified_date

        ) VALUES (
              NULL
            , '301번 게시글 제목'
            , '301번 게시글 내용'
            , '테스터301'
            , 0
            , 0
            , 0
            , NOW()
            , NULL
        )

2023-04-12 12:42:09,190 DEBUG [com.study.domain.post.PostMapper.save] <==    Updates: 1
2023-04-12 12:42:09,191  INFO [jdbc.resultsettable] 
|----------|
|insert_id |
|----------|
|301       |
|----------|

2023-04-12 12:42:09,192 DEBUG [com.study.aop.LoggerAspect] Service ===> com.study.domain.post.PostService.savePost()
2023-04-12 12:42:09,192 DEBUG [com.study.aop.LoggerAspect] Mapper ===> com.study.domain.post.PostMapper.save()
2023-04-12 12:42:09,192 DEBUG [com.study.domain.post.PostMapper.save] ==>  Preparing: INSERT INTO tb_post ( id , title , content , writer , view_cnt , notice_yn , delete_yn , created_date , modified_date ) VALUES ( ? , ? , ? , ? , 0 , ? , 0 , NOW() , NULL )
2023-04-12 12:42:09,193 DEBUG [com.study.domain.post.PostMapper.save] ==> Parameters: null, 302번 게시글 제목(String), 302번 게시글 내용(String), 테스터302(String), false(Boolean)
2023-04-12 12:42:09,193  INFO [jdbc.sqlonly] INSERT INTO tb_post (

          id
        , title
        , content
        , writer
        , view_cnt
        , notice_yn
        , delete_yn
        , created_date
        , modified_date

        ) VALUES (
              NULL
            , '302번 게시글 제목'
            , '302번 게시글 내용'
            , '테스터302'
            , 0
            , 0
            , 0
            , NOW()
            , NULL
        )

2023-04-12 12:42:09,193 DEBUG [com.study.domain.post.PostMapper.save] <==    Updates: 1
2023-04-12 12:42:09,193  INFO [jdbc.resultsettable] 
|----------|
|insert_id |
|----------|
|302       |
|----------|

2023-04-12 12:42:09,195 DEBUG [com.study.aop.LoggerAspect] Service ===> com.study.domain.post.PostService.savePost()
2023-04-12 12:42:09,195 DEBUG [com.study.aop.LoggerAspect] Mapper ===> com.study.domain.post.PostMapper.save()
2023-04-12 12:42:09,195 DEBUG [com.study.domain.post.PostMapper.save] ==>  Preparing: INSERT INTO tb_post ( id , title , content , writer , view_cnt , notice_yn , delete_yn , created_date , modified_date ) VALUES ( ? , ? , ? , ? , 0 , ? , 0 , NOW() , NULL )
2023-04-12 12:42:09,195 DEBUG [com.study.domain.post.PostMapper.save] ==> Parameters: null, 303번 게시글 제목(String), 303번 게시글 내용(String), 테스터303(String), false(Boolean)
2023-04-12 12:42:09,195  INFO [jdbc.sqlonly] INSERT INTO tb_post (

          id
        , title
        , content
        , writer
        , view_cnt
        , notice_yn
        , delete_yn
        , created_date
        , modified_date

        ) VALUES (
              NULL
            , '303번 게시글 제목'
            , '303번 게시글 내용'
            , '테스터303'
            , 0
            , 0
            , 0
            , NOW()
            , NULL
        )

2023-04-12 12:42:09,195 DEBUG [com.study.domain.post.PostMapper.save] <==    Updates: 1
2023-04-12 12:42:09,195  INFO [jdbc.resultsettable] 
|----------|
|insert_id |
|----------|
|303       |
|----------|

2023-04-12 12:42:09,197 DEBUG [com.study.aop.LoggerAspect] Service ===> com.study.domain.post.PostService.savePost()
2023-04-12 12:42:09,197 DEBUG [com.study.aop.LoggerAspect] Mapper ===> com.study.domain.post.PostMapper.save()
2023-04-12 12:42:09,197 DEBUG [com.study.domain.post.PostMapper.save] ==>  Preparing: INSERT INTO tb_post ( id , title , content , writer , view_cnt , notice_yn , delete_yn , created_date , modified_date ) VALUES ( ? , ? , ? , ? , 0 , ? , 0 , NOW() , NULL )
2023-04-12 12:42:09,197 DEBUG [com.study.domain.post.PostMapper.save] ==> Parameters: null, 304번 게시글 제목(String), 304번 게시글 내용(String), 테스터304(String), false(Boolean)
2023-04-12 12:42:09,197  INFO [jdbc.sqlonly] INSERT INTO tb_post (

          id
        , title
        , content
        , writer
        , view_cnt
        , notice_yn
        , delete_yn
        , created_date
        , modified_date

        ) VALUES (
              NULL
            , '304번 게시글 제목'
            , '304번 게시글 내용'
            , '테스터304'
            , 0
            , 0
            , 0
            , NOW()
            , NULL
        )

2023-04-12 12:42:09,198 DEBUG [com.study.domain.post.PostMapper.save] <==    Updates: 1
2023-04-12 12:42:09,199  INFO [jdbc.resultsettable] 
|----------|
|insert_id |
|----------|
|304       |
|----------|

2023-04-12 12:42:09,205 DEBUG [com.study.aop.LoggerAspect] Service ===> com.study.domain.post.PostService.savePost()
2023-04-12 12:42:09,205 DEBUG [com.study.aop.LoggerAspect] Mapper ===> com.study.domain.post.PostMapper.save()
2023-04-12 12:42:09,205 DEBUG [com.study.domain.post.PostMapper.save] ==>  Preparing: INSERT INTO tb_post ( id , title , content , writer , view_cnt , notice_yn , delete_yn , created_date , modified_date ) VALUES ( ? , ? , ? , ? , 0 , ? , 0 , NOW() , NULL )
2023-04-12 12:42:09,205 DEBUG [com.study.domain.post.PostMapper.save] ==> Parameters: null, 305번 게시글 제목(String), 305번 게시글 내용(String), 테스터305(String), false(Boolean)
2023-04-12 12:42:09,205  INFO [jdbc.sqlonly] INSERT INTO tb_post (

          id
        , title
        , content
        , writer
        , view_cnt
        , notice_yn
        , delete_yn
        , created_date
        , modified_date

        ) VALUES (
              NULL
            , '305번 게시글 제목'
            , '305번 게시글 내용'
            , '테스터305'
            , 0
            , 0
            , 0
            , NOW()
            , NULL
        )

2023-04-12 12:42:09,207 DEBUG [com.study.domain.post.PostMapper.save] <==    Updates: 1
2023-04-12 12:42:09,207  INFO [jdbc.resultsettable] 
|----------|
|insert_id |
|----------|
|305       |
|----------|

2023-04-12 12:42:09,209 DEBUG [com.study.aop.LoggerAspect] Service ===> com.study.domain.post.PostService.savePost()
2023-04-12 12:42:09,209 DEBUG [com.study.aop.LoggerAspect] Mapper ===> com.study.domain.post.PostMapper.save()
2023-04-12 12:42:09,210 DEBUG [com.study.domain.post.PostMapper.save] ==>  Preparing: INSERT INTO tb_post ( id , title , content , writer , view_cnt , notice_yn , delete_yn , created_date , modified_date ) VALUES ( ? , ? , ? , ? , 0 , ? , 0 , NOW() , NULL )
2023-04-12 12:42:09,210 DEBUG [com.study.domain.post.PostMapper.save] ==> Parameters: null, 306번 게시글 제목(String), 306번 게시글 내용(String), 테스터306(String), false(Boolean)
2023-04-12 12:42:09,210  INFO [jdbc.sqlonly] INSERT INTO tb_post (

          id
        , title
        , content
        , writer
        , view_cnt
        , notice_yn
        , delete_yn
        , created_date
        , modified_date

        ) VALUES (
              NULL
            , '306번 게시글 제목'
            , '306번 게시글 내용'
            , '테스터306'
            , 0
            , 0
            , 0
            , NOW()
            , NULL
        )

2023-04-12 12:42:09,210 DEBUG [com.study.domain.post.PostMapper.save] <==    Updates: 1
2023-04-12 12:42:09,211  INFO [jdbc.resultsettable] 
|----------|
|insert_id |
|----------|
|306       |
|----------|

2023-04-12 12:42:09,213 DEBUG [com.study.aop.LoggerAspect] Service ===> com.study.domain.post.PostService.savePost()
2023-04-12 12:42:09,213 DEBUG [com.study.aop.LoggerAspect] Mapper ===> com.study.domain.post.PostMapper.save()
2023-04-12 12:42:09,214 DEBUG [com.study.domain.post.PostMapper.save] ==>  Preparing: INSERT INTO tb_post ( id , title , content , writer , view_cnt , notice_yn , delete_yn , created_date , modified_date ) VALUES ( ? , ? , ? , ? , 0 , ? , 0 , NOW() , NULL )
2023-04-12 12:42:09,214 DEBUG [com.study.domain.post.PostMapper.save] ==> Parameters: null, 307번 게시글 제목(String), 307번 게시글 내용(String), 테스터307(String), false(Boolean)
2023-04-12 12:42:09,214  INFO [jdbc.sqlonly] INSERT INTO tb_post (

          id
        , title
        , content
        , writer
        , view_cnt
        , notice_yn
        , delete_yn
        , created_date
        , modified_date

        ) VALUES (
              NULL
            , '307번 게시글 제목'
            , '307번 게시글 내용'
            , '테스터307'
            , 0
            , 0
            , 0
            , NOW()
            , NULL
        )

2023-04-12 12:42:09,215 DEBUG [com.study.domain.post.PostMapper.save] <==    Updates: 1
2023-04-12 12:42:09,215  INFO [jdbc.resultsettable] 
|----------|
|insert_id |
|----------|
|307       |
|----------|

2023-04-12 12:42:09,218 DEBUG [com.study.aop.LoggerAspect] Service ===> com.study.domain.post.PostService.savePost()
2023-04-12 12:42:09,218 DEBUG [com.study.aop.LoggerAspect] Mapper ===> com.study.domain.post.PostMapper.save()
2023-04-12 12:42:09,218 DEBUG [com.study.domain.post.PostMapper.save] ==>  Preparing: INSERT INTO tb_post ( id , title , content , writer , view_cnt , notice_yn , delete_yn , created_date , modified_date ) VALUES ( ? , ? , ? , ? , 0 , ? , 0 , NOW() , NULL )
2023-04-12 12:42:09,218 DEBUG [com.study.domain.post.PostMapper.save] ==> Parameters: null, 308번 게시글 제목(String), 308번 게시글 내용(String), 테스터308(String), false(Boolean)
2023-04-12 12:42:09,218  INFO [jdbc.sqlonly] INSERT INTO tb_post (

          id
        , title
        , content
        , writer
        , view_cnt
        , notice_yn
        , delete_yn
        , created_date
        , modified_date

        ) VALUES (
              NULL
            , '308번 게시글 제목'
            , '308번 게시글 내용'
            , '테스터308'
            , 0
            , 0
            , 0
            , NOW()
            , NULL
        )

2023-04-12 12:42:09,219 DEBUG [com.study.domain.post.PostMapper.save] <==    Updates: 1
2023-04-12 12:42:09,219  INFO [jdbc.resultsettable] 
|----------|
|insert_id |
|----------|
|308       |
|----------|

2023-04-12 12:42:09,223 DEBUG [com.study.aop.LoggerAspect] Service ===> com.study.domain.post.PostService.savePost()
2023-04-12 12:42:09,223 DEBUG [com.study.aop.LoggerAspect] Mapper ===> com.study.domain.post.PostMapper.save()
2023-04-12 12:42:09,223 DEBUG [com.study.domain.post.PostMapper.save] ==>  Preparing: INSERT INTO tb_post ( id , title , content , writer , view_cnt , notice_yn , delete_yn , created_date , modified_date ) VALUES ( ? , ? , ? , ? , 0 , ? , 0 , NOW() , NULL )
2023-04-12 12:42:09,224 DEBUG [com.study.domain.post.PostMapper.save] ==> Parameters: null, 309번 게시글 제목(String), 309번 게시글 내용(String), 테스터309(String), false(Boolean)
2023-04-12 12:42:09,224  INFO [jdbc.sqlonly] INSERT INTO tb_post (

          id
        , title
        , content
        , writer
        , view_cnt
        , notice_yn
        , delete_yn
        , created_date
        , modified_date

        ) VALUES (
              NULL
            , '309번 게시글 제목'
            , '309번 게시글 내용'
            , '테스터309'
            , 0
            , 0
            , 0
            , NOW()
            , NULL
        )

2023-04-12 12:42:09,224 DEBUG [com.study.domain.post.PostMapper.save] <==    Updates: 1
2023-04-12 12:42:09,224  INFO [jdbc.resultsettable] 
|----------|
|insert_id |
|----------|
|309       |
|----------|

2023-04-12 12:42:09,226 DEBUG [com.study.aop.LoggerAspect] Service ===> com.study.domain.post.PostService.savePost()
2023-04-12 12:42:09,227 DEBUG [com.study.aop.LoggerAspect] Mapper ===> com.study.domain.post.PostMapper.save()
2023-04-12 12:42:09,227 DEBUG [com.study.domain.post.PostMapper.save] ==>  Preparing: INSERT INTO tb_post ( id , title , content , writer , view_cnt , notice_yn , delete_yn , created_date , modified_date ) VALUES ( ? , ? , ? , ? , 0 , ? , 0 , NOW() , NULL )
2023-04-12 12:42:09,227 DEBUG [com.study.domain.post.PostMapper.save] ==> Parameters: null, 310번 게시글 제목(String), 310번 게시글 내용(String), 테스터310(String), false(Boolean)
2023-04-12 12:42:09,227  INFO [jdbc.sqlonly] INSERT INTO tb_post (

          id
        , title
        , content
        , writer
        , view_cnt
        , notice_yn
        , delete_yn
        , created_date
        , modified_date

        ) VALUES (
              NULL
            , '310번 게시글 제목'
            , '310번 게시글 내용'
            , '테스터310'
            , 0
            , 0
            , 0
            , NOW()
            , NULL
        )

2023-04-12 12:42:09,228 DEBUG [com.study.domain.post.PostMapper.save] <==    Updates: 1
2023-04-12 12:42:09,228  INFO [jdbc.resultsettable] 
|----------|
|insert_id |
|----------|
|310       |
|----------|

2023-04-12 12:42:09,230 DEBUG [com.study.aop.LoggerAspect] Service ===> com.study.domain.post.PostService.savePost()
2023-04-12 12:42:09,230 DEBUG [com.study.aop.LoggerAspect] Mapper ===> com.study.domain.post.PostMapper.save()
2023-04-12 12:42:09,231 DEBUG [com.study.domain.post.PostMapper.save] ==>  Preparing: INSERT INTO tb_post ( id , title , content , writer , view_cnt , notice_yn , delete_yn , created_date , modified_date ) VALUES ( ? , ? , ? , ? , 0 , ? , 0 , NOW() , NULL )
2023-04-12 12:42:09,231 DEBUG [com.study.domain.post.PostMapper.save] ==> Parameters: null, 311번 게시글 제목(String), 311번 게시글 내용(String), 테스터311(String), false(Boolean)
2023-04-12 12:42:09,231  INFO [jdbc.sqlonly] INSERT INTO tb_post (

          id
        , title
        , content
        , writer
        , view_cnt
        , notice_yn
        , delete_yn
        , created_date
        , modified_date

        ) VALUES (
              NULL
            , '311번 게시글 제목'
            , '311번 게시글 내용'
            , '테스터311'
            , 0
            , 0
            , 0
            , NOW()
            , NULL
        )

2023-04-12 12:42:09,232 DEBUG [com.study.domain.post.PostMapper.save] <==    Updates: 1
2023-04-12 12:42:09,232  INFO [jdbc.resultsettable] 
|----------|
|insert_id |
|----------|
|311       |
|----------|

2023-04-12 12:42:09,235 DEBUG [com.study.aop.LoggerAspect] Service ===> com.study.domain.post.PostService.savePost()
2023-04-12 12:42:09,235 DEBUG [com.study.aop.LoggerAspect] Mapper ===> com.study.domain.post.PostMapper.save()
2023-04-12 12:42:09,235 DEBUG [com.study.domain.post.PostMapper.save] ==>  Preparing: INSERT INTO tb_post ( id , title , content , writer , view_cnt , notice_yn , delete_yn , created_date , modified_date ) VALUES ( ? , ? , ? , ? , 0 , ? , 0 , NOW() , NULL )
2023-04-12 12:42:09,235 DEBUG [com.study.domain.post.PostMapper.save] ==> Parameters: null, 312번 게시글 제목(String), 312번 게시글 내용(String), 테스터312(String), false(Boolean)
2023-04-12 12:42:09,235  INFO [jdbc.sqlonly] INSERT INTO tb_post (

          id
        , title
        , content
        , writer
        , view_cnt
        , notice_yn
        , delete_yn
        , created_date
        , modified_date

        ) VALUES (
              NULL
            , '312번 게시글 제목'
            , '312번 게시글 내용'
            , '테스터312'
            , 0
            , 0
            , 0
            , NOW()
            , NULL
        )

2023-04-12 12:42:09,236 DEBUG [com.study.domain.post.PostMapper.save] <==    Updates: 1
2023-04-12 12:42:09,236  INFO [jdbc.resultsettable] 
|----------|
|insert_id |
|----------|
|312       |
|----------|

2023-04-12 12:42:09,239 DEBUG [com.study.aop.LoggerAspect] Service ===> com.study.domain.post.PostService.savePost()
2023-04-12 12:42:09,240 DEBUG [com.study.aop.LoggerAspect] Mapper ===> com.study.domain.post.PostMapper.save()
2023-04-12 12:42:09,240 DEBUG [com.study.domain.post.PostMapper.save] ==>  Preparing: INSERT INTO tb_post ( id , title , content , writer , view_cnt , notice_yn , delete_yn , created_date , modified_date ) VALUES ( ? , ? , ? , ? , 0 , ? , 0 , NOW() , NULL )
2023-04-12 12:42:09,240 DEBUG [com.study.domain.post.PostMapper.save] ==> Parameters: null, 313번 게시글 제목(String), 313번 게시글 내용(String), 테스터313(String), false(Boolean)
2023-04-12 12:42:09,240  INFO [jdbc.sqlonly] INSERT INTO tb_post (

          id
        , title
        , content
        , writer
        , view_cnt
        , notice_yn
        , delete_yn
        , created_date
        , modified_date

        ) VALUES (
              NULL
            , '313번 게시글 제목'
            , '313번 게시글 내용'
            , '테스터313'
            , 0
            , 0
            , 0
            , NOW()
            , NULL
        )

2023-04-12 12:42:09,241 DEBUG [com.study.domain.post.PostMapper.save] <==    Updates: 1
2023-04-12 12:42:09,241  INFO [jdbc.resultsettable] 
|----------|
|insert_id |
|----------|
|313       |
|----------|

2023-04-12 12:42:09,243 DEBUG [com.study.aop.LoggerAspect] Service ===> com.study.domain.post.PostService.savePost()
2023-04-12 12:42:09,243 DEBUG [com.study.aop.LoggerAspect] Mapper ===> com.study.domain.post.PostMapper.save()
2023-04-12 12:42:09,243 DEBUG [com.study.domain.post.PostMapper.save] ==>  Preparing: INSERT INTO tb_post ( id , title , content , writer , view_cnt , notice_yn , delete_yn , created_date , modified_date ) VALUES ( ? , ? , ? , ? , 0 , ? , 0 , NOW() , NULL )
2023-04-12 12:42:09,243 DEBUG [com.study.domain.post.PostMapper.save] ==> Parameters: null, 314번 게시글 제목(String), 314번 게시글 내용(String), 테스터314(String), false(Boolean)
2023-04-12 12:42:09,243  INFO [jdbc.sqlonly] INSERT INTO tb_post (

          id
        , title
        , content
        , writer
        , view_cnt
        , notice_yn
        , delete_yn
        , created_date
        , modified_date

        ) VALUES (
              NULL
            , '314번 게시글 제목'
            , '314번 게시글 내용'
            , '테스터314'
            , 0
            , 0
            , 0
            , NOW()
            , NULL
        )

2023-04-12 12:42:09,244 DEBUG [com.study.domain.post.PostMapper.save] <==    Updates: 1
2023-04-12 12:42:09,244  INFO [jdbc.resultsettable] 
|----------|
|insert_id |
|----------|
|314       |
|----------|

2023-04-12 12:42:09,246 DEBUG [com.study.aop.LoggerAspect] Service ===> com.study.domain.post.PostService.savePost()
2023-04-12 12:42:09,246 DEBUG [com.study.aop.LoggerAspect] Mapper ===> com.study.domain.post.PostMapper.save()
2023-04-12 12:42:09,246 DEBUG [com.study.domain.post.PostMapper.save] ==>  Preparing: INSERT INTO tb_post ( id , title , content , writer , view_cnt , notice_yn , delete_yn , created_date , modified_date ) VALUES ( ? , ? , ? , ? , 0 , ? , 0 , NOW() , NULL )
2023-04-12 12:42:09,247 DEBUG [com.study.domain.post.PostMapper.save] ==> Parameters: null, 315번 게시글 제목(String), 315번 게시글 내용(String), 테스터315(String), false(Boolean)
2023-04-12 12:42:09,247  INFO [jdbc.sqlonly] INSERT INTO tb_post (

          id
        , title
        , content
        , writer
        , view_cnt
        , notice_yn
        , delete_yn
        , created_date
        , modified_date

        ) VALUES (
              NULL
            , '315번 게시글 제목'
            , '315번 게시글 내용'
            , '테스터315'
            , 0
            , 0
            , 0
            , NOW()
            , NULL
        )

2023-04-12 12:42:09,247 DEBUG [com.study.domain.post.PostMapper.save] <==    Updates: 1
2023-04-12 12:42:09,247  INFO [jdbc.resultsettable] 
|----------|
|insert_id |
|----------|
|315       |
|----------|

2023-04-12 12:42:09,249 DEBUG [com.study.aop.LoggerAspect] Service ===> com.study.domain.post.PostService.savePost()
2023-04-12 12:42:09,249 DEBUG [com.study.aop.LoggerAspect] Mapper ===> com.study.domain.post.PostMapper.save()
2023-04-12 12:42:09,249 DEBUG [com.study.domain.post.PostMapper.save] ==>  Preparing: INSERT INTO tb_post ( id , title , content , writer , view_cnt , notice_yn , delete_yn , created_date , modified_date ) VALUES ( ? , ? , ? , ? , 0 , ? , 0 , NOW() , NULL )
2023-04-12 12:42:09,250 DEBUG [com.study.domain.post.PostMapper.save] ==> Parameters: null, 316번 게시글 제목(String), 316번 게시글 내용(String), 테스터316(String), false(Boolean)
2023-04-12 12:42:09,250  INFO [jdbc.sqlonly] INSERT INTO tb_post (

          id
        , title
        , content
        , writer
        , view_cnt
        , notice_yn
        , delete_yn
        , created_date
        , modified_date

        ) VALUES (
              NULL
            , '316번 게시글 제목'
            , '316번 게시글 내용'
            , '테스터316'
            , 0
            , 0
            , 0
            , NOW()
            , NULL
        )

2023-04-12 12:42:09,250 DEBUG [com.study.domain.post.PostMapper.save] <==    Updates: 1
2023-04-12 12:42:09,250  INFO [jdbc.resultsettable] 
|----------|
|insert_id |
|----------|
|316       |
|----------|

2023-04-12 12:42:09,252 DEBUG [com.study.aop.LoggerAspect] Service ===> com.study.domain.post.PostService.savePost()
2023-04-12 12:42:09,253 DEBUG [com.study.aop.LoggerAspect] Mapper ===> com.study.domain.post.PostMapper.save()
2023-04-12 12:42:09,253 DEBUG [com.study.domain.post.PostMapper.save] ==>  Preparing: INSERT INTO tb_post ( id , title , content , writer , view_cnt , notice_yn , delete_yn , created_date , modified_date ) VALUES ( ? , ? , ? , ? , 0 , ? , 0 , NOW() , NULL )
2023-04-12 12:42:09,253 DEBUG [com.study.domain.post.PostMapper.save] ==> Parameters: null, 317번 게시글 제목(String), 317번 게시글 내용(String), 테스터317(String), false(Boolean)
2023-04-12 12:42:09,253  INFO [jdbc.sqlonly] INSERT INTO tb_post (

          id
        , title
        , content
        , writer
        , view_cnt
        , notice_yn
        , delete_yn
        , created_date
        , modified_date

        ) VALUES (
              NULL
            , '317번 게시글 제목'
            , '317번 게시글 내용'
            , '테스터317'
            , 0
            , 0
            , 0
            , NOW()
            , NULL
        )

2023-04-12 12:42:09,253 DEBUG [com.study.domain.post.PostMapper.save] <==    Updates: 1
2023-04-12 12:42:09,253  INFO [jdbc.resultsettable] 
|----------|
|insert_id |
|----------|
|317       |
|----------|

2023-04-12 12:42:09,256 DEBUG [com.study.aop.LoggerAspect] Service ===> com.study.domain.post.PostService.savePost()
2023-04-12 12:42:09,256 DEBUG [com.study.aop.LoggerAspect] Mapper ===> com.study.domain.post.PostMapper.save()
2023-04-12 12:42:09,256 DEBUG [com.study.domain.post.PostMapper.save] ==>  Preparing: INSERT INTO tb_post ( id , title , content , writer , view_cnt , notice_yn , delete_yn , created_date , modified_date ) VALUES ( ? , ? , ? , ? , 0 , ? , 0 , NOW() , NULL )
2023-04-12 12:42:09,256 DEBUG [com.study.domain.post.PostMapper.save] ==> Parameters: null, 318번 게시글 제목(String), 318번 게시글 내용(String), 테스터318(String), false(Boolean)
2023-04-12 12:42:09,256  INFO [jdbc.sqlonly] INSERT INTO tb_post (

          id
        , title
        , content
        , writer
        , view_cnt
        , notice_yn
        , delete_yn
        , created_date
        , modified_date

        ) VALUES (
              NULL
            , '318번 게시글 제목'
            , '318번 게시글 내용'
            , '테스터318'
            , 0
            , 0
            , 0
            , NOW()
            , NULL
        )

2023-04-12 12:42:09,257 DEBUG [com.study.domain.post.PostMapper.save] <==    Updates: 1
2023-04-12 12:42:09,257  INFO [jdbc.resultsettable] 
|----------|
|insert_id |
|----------|
|318       |
|----------|

2023-04-12 12:42:09,260 DEBUG [com.study.aop.LoggerAspect] Service ===> com.study.domain.post.PostService.savePost()
2023-04-12 12:42:09,260 DEBUG [com.study.aop.LoggerAspect] Mapper ===> com.study.domain.post.PostMapper.save()
2023-04-12 12:42:09,260 DEBUG [com.study.domain.post.PostMapper.save] ==>  Preparing: INSERT INTO tb_post ( id , title , content , writer , view_cnt , notice_yn , delete_yn , created_date , modified_date ) VALUES ( ? , ? , ? , ? , 0 , ? , 0 , NOW() , NULL )
2023-04-12 12:42:09,260 DEBUG [com.study.domain.post.PostMapper.save] ==> Parameters: null, 319번 게시글 제목(String), 319번 게시글 내용(String), 테스터319(String), false(Boolean)
2023-04-12 12:42:09,260  INFO [jdbc.sqlonly] INSERT INTO tb_post (

          id
        , title
        , content
        , writer
        , view_cnt
        , notice_yn
        , delete_yn
        , created_date
        , modified_date

        ) VALUES (
              NULL
            , '319번 게시글 제목'
            , '319번 게시글 내용'
            , '테스터319'
            , 0
            , 0
            , 0
            , NOW()
            , NULL
        )

2023-04-12 12:42:09,260 DEBUG [com.study.domain.post.PostMapper.save] <==    Updates: 1
2023-04-12 12:42:09,261  INFO [jdbc.resultsettable] 
|----------|
|insert_id |
|----------|
|319       |
|----------|

2023-04-12 12:42:09,263 DEBUG [com.study.aop.LoggerAspect] Service ===> com.study.domain.post.PostService.savePost()
2023-04-12 12:42:09,263 DEBUG [com.study.aop.LoggerAspect] Mapper ===> com.study.domain.post.PostMapper.save()
2023-04-12 12:42:09,263 DEBUG [com.study.domain.post.PostMapper.save] ==>  Preparing: INSERT INTO tb_post ( id , title , content , writer , view_cnt , notice_yn , delete_yn , created_date , modified_date ) VALUES ( ? , ? , ? , ? , 0 , ? , 0 , NOW() , NULL )
2023-04-12 12:42:09,263 DEBUG [com.study.domain.post.PostMapper.save] ==> Parameters: null, 320번 게시글 제목(String), 320번 게시글 내용(String), 테스터320(String), false(Boolean)
2023-04-12 12:42:09,263  INFO [jdbc.sqlonly] INSERT INTO tb_post (

          id
        , title
        , content
        , writer
        , view_cnt
        , notice_yn
        , delete_yn
        , created_date
        , modified_date

        ) VALUES (
              NULL
            , '320번 게시글 제목'
            , '320번 게시글 내용'
            , '테스터320'
            , 0
            , 0
            , 0
            , NOW()
            , NULL
        )

2023-04-12 12:42:09,264 DEBUG [com.study.domain.post.PostMapper.save] <==    Updates: 1
2023-04-12 12:42:09,264  INFO [jdbc.resultsettable] 
|----------|
|insert_id |
|----------|
|320       |
|----------|

2023-04-12 12:42:09,272 DEBUG [com.study.aop.LoggerAspect] Service ===> com.study.domain.post.PostService.savePost()
2023-04-12 12:42:09,272 DEBUG [com.study.aop.LoggerAspect] Mapper ===> com.study.domain.post.PostMapper.save()
2023-04-12 12:42:09,273 DEBUG [com.study.domain.post.PostMapper.save] ==>  Preparing: INSERT INTO tb_post ( id , title , content , writer , view_cnt , notice_yn , delete_yn , created_date , modified_date ) VALUES ( ? , ? , ? , ? , 0 , ? , 0 , NOW() , NULL )
2023-04-12 12:42:09,273 DEBUG [com.study.domain.post.PostMapper.save] ==> Parameters: null, 321번 게시글 제목(String), 321번 게시글 내용(String), 테스터321(String), false(Boolean)
2023-04-12 12:42:09,273  INFO [jdbc.sqlonly] INSERT INTO tb_post (

          id
        , title
        , content
        , writer
        , view_cnt
        , notice_yn
        , delete_yn
        , created_date
        , modified_date

        ) VALUES (
              NULL
            , '321번 게시글 제목'
            , '321번 게시글 내용'
            , '테스터321'
            , 0
            , 0
            , 0
            , NOW()
            , NULL
        )

2023-04-12 12:42:09,273 DEBUG [com.study.domain.post.PostMapper.save] <==    Updates: 1
2023-04-12 12:42:09,274  INFO [jdbc.resultsettable] 
|----------|
|insert_id |
|----------|
|321       |
|----------|

2023-04-12 12:42:09,276 DEBUG [com.study.aop.LoggerAspect] Service ===> com.study.domain.post.PostService.savePost()
2023-04-12 12:42:09,276 DEBUG [com.study.aop.LoggerAspect] Mapper ===> com.study.domain.post.PostMapper.save()
2023-04-12 12:42:09,276 DEBUG [com.study.domain.post.PostMapper.save] ==>  Preparing: INSERT INTO tb_post ( id , title , content , writer , view_cnt , notice_yn , delete_yn , created_date , modified_date ) VALUES ( ? , ? , ? , ? , 0 , ? , 0 , NOW() , NULL )
2023-04-12 12:42:09,277 DEBUG [com.study.domain.post.PostMapper.save] ==> Parameters: null, 322번 게시글 제목(String), 322번 게시글 내용(String), 테스터322(String), false(Boolean)
2023-04-12 12:42:09,277  INFO [jdbc.sqlonly] INSERT INTO tb_post (

          id
        , title
        , content
        , writer
        , view_cnt
        , notice_yn
        , delete_yn
        , created_date
        , modified_date

        ) VALUES (
              NULL
            , '322번 게시글 제목'
            , '322번 게시글 내용'
            , '테스터322'
            , 0
            , 0
            , 0
            , NOW()
            , NULL
        )

2023-04-12 12:42:09,277 DEBUG [com.study.domain.post.PostMapper.save] <==    Updates: 1
2023-04-12 12:42:09,277  INFO [jdbc.resultsettable] 
|----------|
|insert_id |
|----------|
|322       |
|----------|

2023-04-12 12:42:09,279 DEBUG [com.study.aop.LoggerAspect] Service ===> com.study.domain.post.PostService.savePost()
2023-04-12 12:42:09,279 DEBUG [com.study.aop.LoggerAspect] Mapper ===> com.study.domain.post.PostMapper.save()
2023-04-12 12:42:09,280 DEBUG [com.study.domain.post.PostMapper.save] ==>  Preparing: INSERT INTO tb_post ( id , title , content , writer , view_cnt , notice_yn , delete_yn , created_date , modified_date ) VALUES ( ? , ? , ? , ? , 0 , ? , 0 , NOW() , NULL )
2023-04-12 12:42:09,280 DEBUG [com.study.domain.post.PostMapper.save] ==> Parameters: null, 323번 게시글 제목(String), 323번 게시글 내용(String), 테스터323(String), false(Boolean)
2023-04-12 12:42:09,280  INFO [jdbc.sqlonly] INSERT INTO tb_post (

          id
        , title
        , content
        , writer
        , view_cnt
        , notice_yn
        , delete_yn
        , created_date
        , modified_date

        ) VALUES (
              NULL
            , '323번 게시글 제목'
            , '323번 게시글 내용'
            , '테스터323'
            , 0
            , 0
            , 0
            , NOW()
            , NULL
        )

2023-04-12 12:42:09,280 DEBUG [com.study.domain.post.PostMapper.save] <==    Updates: 1
2023-04-12 12:42:09,281  INFO [jdbc.resultsettable] 
|----------|
|insert_id |
|----------|
|323       |
|----------|

2023-04-12 12:42:09,283 DEBUG [com.study.aop.LoggerAspect] Service ===> com.study.domain.post.PostService.savePost()
2023-04-12 12:42:09,283 DEBUG [com.study.aop.LoggerAspect] Mapper ===> com.study.domain.post.PostMapper.save()
2023-04-12 12:42:09,283 DEBUG [com.study.domain.post.PostMapper.save] ==>  Preparing: INSERT INTO tb_post ( id , title , content , writer , view_cnt , notice_yn , delete_yn , created_date , modified_date ) VALUES ( ? , ? , ? , ? , 0 , ? , 0 , NOW() , NULL )
2023-04-12 12:42:09,283 DEBUG [com.study.domain.post.PostMapper.save] ==> Parameters: null, 324번 게시글 제목(String), 324번 게시글 내용(String), 테스터324(String), false(Boolean)
2023-04-12 12:42:09,283  INFO [jdbc.sqlonly] INSERT INTO tb_post (

          id
        , title
        , content
        , writer
        , view_cnt
        , notice_yn
        , delete_yn
        , created_date
        , modified_date

        ) VALUES (
              NULL
            , '324번 게시글 제목'
            , '324번 게시글 내용'
            , '테스터324'
            , 0
            , 0
            , 0
            , NOW()
            , NULL
        )

2023-04-12 12:42:09,284 DEBUG [com.study.domain.post.PostMapper.save] <==    Updates: 1
2023-04-12 12:42:09,284  INFO [jdbc.resultsettable] 
|----------|
|insert_id |
|----------|
|324       |
|----------|

2023-04-12 12:42:09,286 DEBUG [com.study.aop.LoggerAspect] Service ===> com.study.domain.post.PostService.savePost()
2023-04-12 12:42:09,286 DEBUG [com.study.aop.LoggerAspect] Mapper ===> com.study.domain.post.PostMapper.save()
2023-04-12 12:42:09,287 DEBUG [com.study.domain.post.PostMapper.save] ==>  Preparing: INSERT INTO tb_post ( id , title , content , writer , view_cnt , notice_yn , delete_yn , created_date , modified_date ) VALUES ( ? , ? , ? , ? , 0 , ? , 0 , NOW() , NULL )
2023-04-12 12:42:09,287 DEBUG [com.study.domain.post.PostMapper.save] ==> Parameters: null, 325번 게시글 제목(String), 325번 게시글 내용(String), 테스터325(String), false(Boolean)
2023-04-12 12:42:09,287  INFO [jdbc.sqlonly] INSERT INTO tb_post (

          id
        , title
        , content
        , writer
        , view_cnt
        , notice_yn
        , delete_yn
        , created_date
        , modified_date

        ) VALUES (
              NULL
            , '325번 게시글 제목'
            , '325번 게시글 내용'
            , '테스터325'
            , 0
            , 0
            , 0
            , NOW()
            , NULL
        )

2023-04-12 12:42:09,288 DEBUG [com.study.domain.post.PostMapper.save] <==    Updates: 1
2023-04-12 12:42:09,289  INFO [jdbc.resultsettable] 
|----------|
|insert_id |
|----------|
|325       |
|----------|

2023-04-12 12:42:09,291 DEBUG [com.study.aop.LoggerAspect] Service ===> com.study.domain.post.PostService.savePost()
2023-04-12 12:42:09,291 DEBUG [com.study.aop.LoggerAspect] Mapper ===> com.study.domain.post.PostMapper.save()
2023-04-12 12:42:09,291 DEBUG [com.study.domain.post.PostMapper.save] ==>  Preparing: INSERT INTO tb_post ( id , title , content , writer , view_cnt , notice_yn , delete_yn , created_date , modified_date ) VALUES ( ? , ? , ? , ? , 0 , ? , 0 , NOW() , NULL )
2023-04-12 12:42:09,291 DEBUG [com.study.domain.post.PostMapper.save] ==> Parameters: null, 326번 게시글 제목(String), 326번 게시글 내용(String), 테스터326(String), false(Boolean)
2023-04-12 12:42:09,291  INFO [jdbc.sqlonly] INSERT INTO tb_post (

          id
        , title
        , content
        , writer
        , view_cnt
        , notice_yn
        , delete_yn
        , created_date
        , modified_date

        ) VALUES (
              NULL
            , '326번 게시글 제목'
            , '326번 게시글 내용'
            , '테스터326'
            , 0
            , 0
            , 0
            , NOW()
            , NULL
        )

2023-04-12 12:42:09,291 DEBUG [com.study.domain.post.PostMapper.save] <==    Updates: 1
2023-04-12 12:42:09,291  INFO [jdbc.resultsettable] 
|----------|
|insert_id |
|----------|
|326       |
|----------|

2023-04-12 12:42:09,294 DEBUG [com.study.aop.LoggerAspect] Service ===> com.study.domain.post.PostService.savePost()
2023-04-12 12:42:09,294 DEBUG [com.study.aop.LoggerAspect] Mapper ===> com.study.domain.post.PostMapper.save()
2023-04-12 12:42:09,294 DEBUG [com.study.domain.post.PostMapper.save] ==>  Preparing: INSERT INTO tb_post ( id , title , content , writer , view_cnt , notice_yn , delete_yn , created_date , modified_date ) VALUES ( ? , ? , ? , ? , 0 , ? , 0 , NOW() , NULL )
2023-04-12 12:42:09,294 DEBUG [com.study.domain.post.PostMapper.save] ==> Parameters: null, 327번 게시글 제목(String), 327번 게시글 내용(String), 테스터327(String), false(Boolean)
2023-04-12 12:42:09,294  INFO [jdbc.sqlonly] INSERT INTO tb_post (

          id
        , title
        , content
        , writer
        , view_cnt
        , notice_yn
        , delete_yn
        , created_date
        , modified_date

        ) VALUES (
              NULL
            , '327번 게시글 제목'
            , '327번 게시글 내용'
            , '테스터327'
            , 0
            , 0
            , 0
            , NOW()
            , NULL
        )

2023-04-12 12:42:09,295 DEBUG [com.study.domain.post.PostMapper.save] <==    Updates: 1
2023-04-12 12:42:09,295  INFO [jdbc.resultsettable] 
|----------|
|insert_id |
|----------|
|327       |
|----------|

2023-04-12 12:42:09,298 DEBUG [com.study.aop.LoggerAspect] Service ===> com.study.domain.post.PostService.savePost()
2023-04-12 12:42:09,298 DEBUG [com.study.aop.LoggerAspect] Mapper ===> com.study.domain.post.PostMapper.save()
2023-04-12 12:42:09,298 DEBUG [com.study.domain.post.PostMapper.save] ==>  Preparing: INSERT INTO tb_post ( id , title , content , writer , view_cnt , notice_yn , delete_yn , created_date , modified_date ) VALUES ( ? , ? , ? , ? , 0 , ? , 0 , NOW() , NULL )
2023-04-12 12:42:09,298 DEBUG [com.study.domain.post.PostMapper.save] ==> Parameters: null, 328번 게시글 제목(String), 328번 게시글 내용(String), 테스터328(String), false(Boolean)
2023-04-12 12:42:09,298  INFO [jdbc.sqlonly] INSERT INTO tb_post (

          id
        , title
        , content
        , writer
        , view_cnt
        , notice_yn
        , delete_yn
        , created_date
        , modified_date

        ) VALUES (
              NULL
            , '328번 게시글 제목'
            , '328번 게시글 내용'
            , '테스터328'
            , 0
            , 0
            , 0
            , NOW()
            , NULL
        )

2023-04-12 12:42:09,298 DEBUG [com.study.domain.post.PostMapper.save] <==    Updates: 1
2023-04-12 12:42:09,299  INFO [jdbc.resultsettable] 
|----------|
|insert_id |
|----------|
|328       |
|----------|

2023-04-12 12:42:09,301 DEBUG [com.study.aop.LoggerAspect] Service ===> com.study.domain.post.PostService.savePost()
2023-04-12 12:42:09,301 DEBUG [com.study.aop.LoggerAspect] Mapper ===> com.study.domain.post.PostMapper.save()
2023-04-12 12:42:09,301 DEBUG [com.study.domain.post.PostMapper.save] ==>  Preparing: INSERT INTO tb_post ( id , title , content , writer , view_cnt , notice_yn , delete_yn , created_date , modified_date ) VALUES ( ? , ? , ? , ? , 0 , ? , 0 , NOW() , NULL )
2023-04-12 12:42:09,301 DEBUG [com.study.domain.post.PostMapper.save] ==> Parameters: null, 329번 게시글 제목(String), 329번 게시글 내용(String), 테스터329(String), false(Boolean)
2023-04-12 12:42:09,301  INFO [jdbc.sqlonly] INSERT INTO tb_post (

          id
        , title
        , content
        , writer
        , view_cnt
        , notice_yn
        , delete_yn
        , created_date
        , modified_date

        ) VALUES (
              NULL
            , '329번 게시글 제목'
            , '329번 게시글 내용'
            , '테스터329'
            , 0
            , 0
            , 0
            , NOW()
            , NULL
        )

2023-04-12 12:42:09,302 DEBUG [com.study.domain.post.PostMapper.save] <==    Updates: 1
2023-04-12 12:42:09,302  INFO [jdbc.resultsettable] 
|----------|
|insert_id |
|----------|
|329       |
|----------|

2023-04-12 12:42:09,305 DEBUG [com.study.aop.LoggerAspect] Service ===> com.study.domain.post.PostService.savePost()
2023-04-12 12:42:09,305 DEBUG [com.study.aop.LoggerAspect] Mapper ===> com.study.domain.post.PostMapper.save()
2023-04-12 12:42:09,306 DEBUG [com.study.domain.post.PostMapper.save] ==>  Preparing: INSERT INTO tb_post ( id , title , content , writer , view_cnt , notice_yn , delete_yn , created_date , modified_date ) VALUES ( ? , ? , ? , ? , 0 , ? , 0 , NOW() , NULL )
2023-04-12 12:42:09,306 DEBUG [com.study.domain.post.PostMapper.save] ==> Parameters: null, 330번 게시글 제목(String), 330번 게시글 내용(String), 테스터330(String), false(Boolean)
2023-04-12 12:42:09,306  INFO [jdbc.sqlonly] INSERT INTO tb_post (

          id
        , title
        , content
        , writer
        , view_cnt
        , notice_yn
        , delete_yn
        , created_date
        , modified_date

        ) VALUES (
              NULL
            , '330번 게시글 제목'
            , '330번 게시글 내용'
            , '테스터330'
            , 0
            , 0
            , 0
            , NOW()
            , NULL
        )

2023-04-12 12:42:09,306 DEBUG [com.study.domain.post.PostMapper.save] <==    Updates: 1
2023-04-12 12:42:09,307  INFO [jdbc.resultsettable] 
|----------|
|insert_id |
|----------|
|330       |
|----------|

2023-04-12 12:42:09,310 DEBUG [com.study.aop.LoggerAspect] Service ===> com.study.domain.post.PostService.savePost()
2023-04-12 12:42:09,310 DEBUG [com.study.aop.LoggerAspect] Mapper ===> com.study.domain.post.PostMapper.save()
2023-04-12 12:42:09,310 DEBUG [com.study.domain.post.PostMapper.save] ==>  Preparing: INSERT INTO tb_post ( id , title , content , writer , view_cnt , notice_yn , delete_yn , created_date , modified_date ) VALUES ( ? , ? , ? , ? , 0 , ? , 0 , NOW() , NULL )
2023-04-12 12:42:09,310 DEBUG [com.study.domain.post.PostMapper.save] ==> Parameters: null, 331번 게시글 제목(String), 331번 게시글 내용(String), 테스터331(String), false(Boolean)
2023-04-12 12:42:09,310  INFO [jdbc.sqlonly] INSERT INTO tb_post (

          id
        , title
        , content
        , writer
        , view_cnt
        , notice_yn
        , delete_yn
        , created_date
        , modified_date

        ) VALUES (
              NULL
            , '331번 게시글 제목'
            , '331번 게시글 내용'
            , '테스터331'
            , 0
            , 0
            , 0
            , NOW()
            , NULL
        )

2023-04-12 12:42:09,311 DEBUG [com.study.domain.post.PostMapper.save] <==    Updates: 1
2023-04-12 12:42:09,311  INFO [jdbc.resultsettable] 
|----------|
|insert_id |
|----------|
|331       |
|----------|

2023-04-12 12:42:09,315 DEBUG [com.study.aop.LoggerAspect] Service ===> com.study.domain.post.PostService.savePost()
2023-04-12 12:42:09,315 DEBUG [com.study.aop.LoggerAspect] Mapper ===> com.study.domain.post.PostMapper.save()
2023-04-12 12:42:09,315 DEBUG [com.study.domain.post.PostMapper.save] ==>  Preparing: INSERT INTO tb_post ( id , title , content , writer , view_cnt , notice_yn , delete_yn , created_date , modified_date ) VALUES ( ? , ? , ? , ? , 0 , ? , 0 , NOW() , NULL )
2023-04-12 12:42:09,315 DEBUG [com.study.domain.post.PostMapper.save] ==> Parameters: null, 332번 게시글 제목(String), 332번 게시글 내용(String), 테스터332(String), false(Boolean)
2023-04-12 12:42:09,315  INFO [jdbc.sqlonly] INSERT INTO tb_post (

          id
        , title
        , content
        , writer
        , view_cnt
        , notice_yn
        , delete_yn
        , created_date
        , modified_date

        ) VALUES (
              NULL
            , '332번 게시글 제목'
            , '332번 게시글 내용'
            , '테스터332'
            , 0
            , 0
            , 0
            , NOW()
            , NULL
        )

2023-04-12 12:42:09,316 DEBUG [com.study.domain.post.PostMapper.save] <==    Updates: 1
2023-04-12 12:42:09,317  INFO [jdbc.resultsettable] 
|----------|
|insert_id |
|----------|
|332       |
|----------|

2023-04-12 12:42:09,319 DEBUG [com.study.aop.LoggerAspect] Service ===> com.study.domain.post.PostService.savePost()
2023-04-12 12:42:09,319 DEBUG [com.study.aop.LoggerAspect] Mapper ===> com.study.domain.post.PostMapper.save()
2023-04-12 12:42:09,319 DEBUG [com.study.domain.post.PostMapper.save] ==>  Preparing: INSERT INTO tb_post ( id , title , content , writer , view_cnt , notice_yn , delete_yn , created_date , modified_date ) VALUES ( ? , ? , ? , ? , 0 , ? , 0 , NOW() , NULL )
2023-04-12 12:42:09,319 DEBUG [com.study.domain.post.PostMapper.save] ==> Parameters: null, 333번 게시글 제목(String), 333번 게시글 내용(String), 테스터333(String), false(Boolean)
2023-04-12 12:42:09,319  INFO [jdbc.sqlonly] INSERT INTO tb_post (

          id
        , title
        , content
        , writer
        , view_cnt
        , notice_yn
        , delete_yn
        , created_date
        , modified_date

        ) VALUES (
              NULL
            , '333번 게시글 제목'
            , '333번 게시글 내용'
            , '테스터333'
            , 0
            , 0
            , 0
            , NOW()
            , NULL
        )

2023-04-12 12:42:09,319 DEBUG [com.study.domain.post.PostMapper.save] <==    Updates: 1
2023-04-12 12:42:09,319  INFO [jdbc.resultsettable] 
|----------|
|insert_id |
|----------|
|333       |
|----------|

2023-04-12 12:42:09,321 DEBUG [com.study.aop.LoggerAspect] Service ===> com.study.domain.post.PostService.savePost()
2023-04-12 12:42:09,321 DEBUG [com.study.aop.LoggerAspect] Mapper ===> com.study.domain.post.PostMapper.save()
2023-04-12 12:42:09,321 DEBUG [com.study.domain.post.PostMapper.save] ==>  Preparing: INSERT INTO tb_post ( id , title , content , writer , view_cnt , notice_yn , delete_yn , created_date , modified_date ) VALUES ( ? , ? , ? , ? , 0 , ? , 0 , NOW() , NULL )
2023-04-12 12:42:09,321 DEBUG [com.study.domain.post.PostMapper.save] ==> Parameters: null, 334번 게시글 제목(String), 334번 게시글 내용(String), 테스터334(String), false(Boolean)
2023-04-12 12:42:09,321  INFO [jdbc.sqlonly] INSERT INTO tb_post (

          id
        , title
        , content
        , writer
        , view_cnt
        , notice_yn
        , delete_yn
        , created_date
        , modified_date

        ) VALUES (
              NULL
            , '334번 게시글 제목'
            , '334번 게시글 내용'
            , '테스터334'
            , 0
            , 0
            , 0
            , NOW()
            , NULL
        )

2023-04-12 12:42:09,322 DEBUG [com.study.domain.post.PostMapper.save] <==    Updates: 1
2023-04-12 12:42:09,322  INFO [jdbc.resultsettable] 
|----------|
|insert_id |
|----------|
|334       |
|----------|

2023-04-12 12:42:09,324 DEBUG [com.study.aop.LoggerAspect] Service ===> com.study.domain.post.PostService.savePost()
2023-04-12 12:42:09,324 DEBUG [com.study.aop.LoggerAspect] Mapper ===> com.study.domain.post.PostMapper.save()
2023-04-12 12:42:09,324 DEBUG [com.study.domain.post.PostMapper.save] ==>  Preparing: INSERT INTO tb_post ( id , title , content , writer , view_cnt , notice_yn , delete_yn , created_date , modified_date ) VALUES ( ? , ? , ? , ? , 0 , ? , 0 , NOW() , NULL )
2023-04-12 12:42:09,324 DEBUG [com.study.domain.post.PostMapper.save] ==> Parameters: null, 335번 게시글 제목(String), 335번 게시글 내용(String), 테스터335(String), false(Boolean)
2023-04-12 12:42:09,324  INFO [jdbc.sqlonly] INSERT INTO tb_post (

          id
        , title
        , content
        , writer
        , view_cnt
        , notice_yn
        , delete_yn
        , created_date
        , modified_date

        ) VALUES (
              NULL
            , '335번 게시글 제목'
            , '335번 게시글 내용'
            , '테스터335'
            , 0
            , 0
            , 0
            , NOW()
            , NULL
        )

2023-04-12 12:42:09,324 DEBUG [com.study.domain.post.PostMapper.save] <==    Updates: 1
2023-04-12 12:42:09,325  INFO [jdbc.resultsettable] 
|----------|
|insert_id |
|----------|
|335       |
|----------|

2023-04-12 12:42:09,326 DEBUG [com.study.aop.LoggerAspect] Service ===> com.study.domain.post.PostService.savePost()
2023-04-12 12:42:09,326 DEBUG [com.study.aop.LoggerAspect] Mapper ===> com.study.domain.post.PostMapper.save()
2023-04-12 12:42:09,326 DEBUG [com.study.domain.post.PostMapper.save] ==>  Preparing: INSERT INTO tb_post ( id , title , content , writer , view_cnt , notice_yn , delete_yn , created_date , modified_date ) VALUES ( ? , ? , ? , ? , 0 , ? , 0 , NOW() , NULL )
2023-04-12 12:42:09,326 DEBUG [com.study.domain.post.PostMapper.save] ==> Parameters: null, 336번 게시글 제목(String), 336번 게시글 내용(String), 테스터336(String), false(Boolean)
2023-04-12 12:42:09,326  INFO [jdbc.sqlonly] INSERT INTO tb_post (

          id
        , title
        , content
        , writer
        , view_cnt
        , notice_yn
        , delete_yn
        , created_date
        , modified_date

        ) VALUES (
              NULL
            , '336번 게시글 제목'
            , '336번 게시글 내용'
            , '테스터336'
            , 0
            , 0
            , 0
            , NOW()
            , NULL
        )

2023-04-12 12:42:09,327 DEBUG [com.study.domain.post.PostMapper.save] <==    Updates: 1
2023-04-12 12:42:09,327  INFO [jdbc.resultsettable] 
|----------|
|insert_id |
|----------|
|336       |
|----------|

2023-04-12 12:42:09,329 DEBUG [com.study.aop.LoggerAspect] Service ===> com.study.domain.post.PostService.savePost()
2023-04-12 12:42:09,329 DEBUG [com.study.aop.LoggerAspect] Mapper ===> com.study.domain.post.PostMapper.save()
2023-04-12 12:42:09,329 DEBUG [com.study.domain.post.PostMapper.save] ==>  Preparing: INSERT INTO tb_post ( id , title , content , writer , view_cnt , notice_yn , delete_yn , created_date , modified_date ) VALUES ( ? , ? , ? , ? , 0 , ? , 0 , NOW() , NULL )
2023-04-12 12:42:09,329 DEBUG [com.study.domain.post.PostMapper.save] ==> Parameters: null, 337번 게시글 제목(String), 337번 게시글 내용(String), 테스터337(String), false(Boolean)
2023-04-12 12:42:09,329  INFO [jdbc.sqlonly] INSERT INTO tb_post (

          id
        , title
        , content
        , writer
        , view_cnt
        , notice_yn
        , delete_yn
        , created_date
        , modified_date

        ) VALUES (
              NULL
            , '337번 게시글 제목'
            , '337번 게시글 내용'
            , '테스터337'
            , 0
            , 0
            , 0
            , NOW()
            , NULL
        )

2023-04-12 12:42:09,329 DEBUG [com.study.domain.post.PostMapper.save] <==    Updates: 1
2023-04-12 12:42:09,329  INFO [jdbc.resultsettable] 
|----------|
|insert_id |
|----------|
|337       |
|----------|

2023-04-12 12:42:09,331 DEBUG [com.study.aop.LoggerAspect] Service ===> com.study.domain.post.PostService.savePost()
2023-04-12 12:42:09,331 DEBUG [com.study.aop.LoggerAspect] Mapper ===> com.study.domain.post.PostMapper.save()
2023-04-12 12:42:09,331 DEBUG [com.study.domain.post.PostMapper.save] ==>  Preparing: INSERT INTO tb_post ( id , title , content , writer , view_cnt , notice_yn , delete_yn , created_date , modified_date ) VALUES ( ? , ? , ? , ? , 0 , ? , 0 , NOW() , NULL )
2023-04-12 12:42:09,331 DEBUG [com.study.domain.post.PostMapper.save] ==> Parameters: null, 338번 게시글 제목(String), 338번 게시글 내용(String), 테스터338(String), false(Boolean)
2023-04-12 12:42:09,331  INFO [jdbc.sqlonly] INSERT INTO tb_post (

          id
        , title
        , content
        , writer
        , view_cnt
        , notice_yn
        , delete_yn
        , created_date
        , modified_date

        ) VALUES (
              NULL
            , '338번 게시글 제목'
            , '338번 게시글 내용'
            , '테스터338'
            , 0
            , 0
            , 0
            , NOW()
            , NULL
        )

2023-04-12 12:42:09,331 DEBUG [com.study.domain.post.PostMapper.save] <==    Updates: 1
2023-04-12 12:42:09,331  INFO [jdbc.resultsettable] 
|----------|
|insert_id |
|----------|
|338       |
|----------|

2023-04-12 12:42:09,333 DEBUG [com.study.aop.LoggerAspect] Service ===> com.study.domain.post.PostService.savePost()
2023-04-12 12:42:09,333 DEBUG [com.study.aop.LoggerAspect] Mapper ===> com.study.domain.post.PostMapper.save()
2023-04-12 12:42:09,333 DEBUG [com.study.domain.post.PostMapper.save] ==>  Preparing: INSERT INTO tb_post ( id , title , content , writer , view_cnt , notice_yn , delete_yn , created_date , modified_date ) VALUES ( ? , ? , ? , ? , 0 , ? , 0 , NOW() , NULL )
2023-04-12 12:42:09,334 DEBUG [com.study.domain.post.PostMapper.save] ==> Parameters: null, 339번 게시글 제목(String), 339번 게시글 내용(String), 테스터339(String), false(Boolean)
2023-04-12 12:42:09,334  INFO [jdbc.sqlonly] INSERT INTO tb_post (

          id
        , title
        , content
        , writer
        , view_cnt
        , notice_yn
        , delete_yn
        , created_date
        , modified_date

        ) VALUES (
              NULL
            , '339번 게시글 제목'
            , '339번 게시글 내용'
            , '테스터339'
            , 0
            , 0
            , 0
            , NOW()
            , NULL
        )

2023-04-12 12:42:09,334 DEBUG [com.study.domain.post.PostMapper.save] <==    Updates: 1
2023-04-12 12:42:09,334  INFO [jdbc.resultsettable] 
|----------|
|insert_id |
|----------|
|339       |
|----------|

2023-04-12 12:42:09,335 DEBUG [com.study.aop.LoggerAspect] Service ===> com.study.domain.post.PostService.savePost()
2023-04-12 12:42:09,336 DEBUG [com.study.aop.LoggerAspect] Mapper ===> com.study.domain.post.PostMapper.save()
2023-04-12 12:42:09,336 DEBUG [com.study.domain.post.PostMapper.save] ==>  Preparing: INSERT INTO tb_post ( id , title , content , writer , view_cnt , notice_yn , delete_yn , created_date , modified_date ) VALUES ( ? , ? , ? , ? , 0 , ? , 0 , NOW() , NULL )
2023-04-12 12:42:09,336 DEBUG [com.study.domain.post.PostMapper.save] ==> Parameters: null, 340번 게시글 제목(String), 340번 게시글 내용(String), 테스터340(String), false(Boolean)
2023-04-12 12:42:09,336  INFO [jdbc.sqlonly] INSERT INTO tb_post (

          id
        , title
        , content
        , writer
        , view_cnt
        , notice_yn
        , delete_yn
        , created_date
        , modified_date

        ) VALUES (
              NULL
            , '340번 게시글 제목'
            , '340번 게시글 내용'
            , '테스터340'
            , 0
            , 0
            , 0
            , NOW()
            , NULL
        )

2023-04-12 12:42:09,336 DEBUG [com.study.domain.post.PostMapper.save] <==    Updates: 1
2023-04-12 12:42:09,336  INFO [jdbc.resultsettable] 
|----------|
|insert_id |
|----------|
|340       |
|----------|

2023-04-12 12:42:09,339 DEBUG [com.study.aop.LoggerAspect] Service ===> com.study.domain.post.PostService.savePost()
2023-04-12 12:42:09,339 DEBUG [com.study.aop.LoggerAspect] Mapper ===> com.study.domain.post.PostMapper.save()
2023-04-12 12:42:09,339 DEBUG [com.study.domain.post.PostMapper.save] ==>  Preparing: INSERT INTO tb_post ( id , title , content , writer , view_cnt , notice_yn , delete_yn , created_date , modified_date ) VALUES ( ? , ? , ? , ? , 0 , ? , 0 , NOW() , NULL )
2023-04-12 12:42:09,339 DEBUG [com.study.domain.post.PostMapper.save] ==> Parameters: null, 341번 게시글 제목(String), 341번 게시글 내용(String), 테스터341(String), false(Boolean)
2023-04-12 12:42:09,339  INFO [jdbc.sqlonly] INSERT INTO tb_post (

          id
        , title
        , content
        , writer
        , view_cnt
        , notice_yn
        , delete_yn
        , created_date
        , modified_date

        ) VALUES (
              NULL
            , '341번 게시글 제목'
            , '341번 게시글 내용'
            , '테스터341'
            , 0
            , 0
            , 0
            , NOW()
            , NULL
        )

2023-04-12 12:42:09,339 DEBUG [com.study.domain.post.PostMapper.save] <==    Updates: 1
2023-04-12 12:42:09,340  INFO [jdbc.resultsettable] 
|----------|
|insert_id |
|----------|
|341       |
|----------|

2023-04-12 12:42:09,341 DEBUG [com.study.aop.LoggerAspect] Service ===> com.study.domain.post.PostService.savePost()
2023-04-12 12:42:09,341 DEBUG [com.study.aop.LoggerAspect] Mapper ===> com.study.domain.post.PostMapper.save()
2023-04-12 12:42:09,341 DEBUG [com.study.domain.post.PostMapper.save] ==>  Preparing: INSERT INTO tb_post ( id , title , content , writer , view_cnt , notice_yn , delete_yn , created_date , modified_date ) VALUES ( ? , ? , ? , ? , 0 , ? , 0 , NOW() , NULL )
2023-04-12 12:42:09,342 DEBUG [com.study.domain.post.PostMapper.save] ==> Parameters: null, 342번 게시글 제목(String), 342번 게시글 내용(String), 테스터342(String), false(Boolean)
2023-04-12 12:42:09,342  INFO [jdbc.sqlonly] INSERT INTO tb_post (

          id
        , title
        , content
        , writer
        , view_cnt
        , notice_yn
        , delete_yn
        , created_date
        , modified_date

        ) VALUES (
              NULL
            , '342번 게시글 제목'
            , '342번 게시글 내용'
            , '테스터342'
            , 0
            , 0
            , 0
            , NOW()
            , NULL
        )

2023-04-12 12:42:09,342 DEBUG [com.study.domain.post.PostMapper.save] <==    Updates: 1
2023-04-12 12:42:09,342  INFO [jdbc.resultsettable] 
|----------|
|insert_id |
|----------|
|342       |
|----------|

2023-04-12 12:42:09,356 DEBUG [com.study.aop.LoggerAspect] Service ===> com.study.domain.post.PostService.savePost()
2023-04-12 12:42:09,356 DEBUG [com.study.aop.LoggerAspect] Mapper ===> com.study.domain.post.PostMapper.save()
2023-04-12 12:42:09,356 DEBUG [com.study.domain.post.PostMapper.save] ==>  Preparing: INSERT INTO tb_post ( id , title , content , writer , view_cnt , notice_yn , delete_yn , created_date , modified_date ) VALUES ( ? , ? , ? , ? , 0 , ? , 0 , NOW() , NULL )
2023-04-12 12:42:09,356 DEBUG [com.study.domain.post.PostMapper.save] ==> Parameters: null, 343번 게시글 제목(String), 343번 게시글 내용(String), 테스터343(String), false(Boolean)
2023-04-12 12:42:09,356  INFO [jdbc.sqlonly] INSERT INTO tb_post (

          id
        , title
        , content
        , writer
        , view_cnt
        , notice_yn
        , delete_yn
        , created_date
        , modified_date

        ) VALUES (
              NULL
            , '343번 게시글 제목'
            , '343번 게시글 내용'
            , '테스터343'
            , 0
            , 0
            , 0
            , NOW()
            , NULL
        )

2023-04-12 12:42:09,357 DEBUG [com.study.domain.post.PostMapper.save] <==    Updates: 1
2023-04-12 12:42:09,357  INFO [jdbc.resultsettable] 
|----------|
|insert_id |
|----------|
|343       |
|----------|

2023-04-12 12:42:09,360 DEBUG [com.study.aop.LoggerAspect] Service ===> com.study.domain.post.PostService.savePost()
2023-04-12 12:42:09,361 DEBUG [com.study.aop.LoggerAspect] Mapper ===> com.study.domain.post.PostMapper.save()
2023-04-12 12:42:09,361 DEBUG [com.study.domain.post.PostMapper.save] ==>  Preparing: INSERT INTO tb_post ( id , title , content , writer , view_cnt , notice_yn , delete_yn , created_date , modified_date ) VALUES ( ? , ? , ? , ? , 0 , ? , 0 , NOW() , NULL )
2023-04-12 12:42:09,361 DEBUG [com.study.domain.post.PostMapper.save] ==> Parameters: null, 344번 게시글 제목(String), 344번 게시글 내용(String), 테스터344(String), false(Boolean)
2023-04-12 12:42:09,361  INFO [jdbc.sqlonly] INSERT INTO tb_post (

          id
        , title
        , content
        , writer
        , view_cnt
        , notice_yn
        , delete_yn
        , created_date
        , modified_date

        ) VALUES (
              NULL
            , '344번 게시글 제목'
            , '344번 게시글 내용'
            , '테스터344'
            , 0
            , 0
            , 0
            , NOW()
            , NULL
        )

2023-04-12 12:42:09,361 DEBUG [com.study.domain.post.PostMapper.save] <==    Updates: 1
2023-04-12 12:42:09,361  INFO [jdbc.resultsettable] 
|----------|
|insert_id |
|----------|
|344       |
|----------|

2023-04-12 12:42:09,363 DEBUG [com.study.aop.LoggerAspect] Service ===> com.study.domain.post.PostService.savePost()
2023-04-12 12:42:09,363 DEBUG [com.study.aop.LoggerAspect] Mapper ===> com.study.domain.post.PostMapper.save()
2023-04-12 12:42:09,363 DEBUG [com.study.domain.post.PostMapper.save] ==>  Preparing: INSERT INTO tb_post ( id , title , content , writer , view_cnt , notice_yn , delete_yn , created_date , modified_date ) VALUES ( ? , ? , ? , ? , 0 , ? , 0 , NOW() , NULL )
2023-04-12 12:42:09,363 DEBUG [com.study.domain.post.PostMapper.save] ==> Parameters: null, 345번 게시글 제목(String), 345번 게시글 내용(String), 테스터345(String), false(Boolean)
2023-04-12 12:42:09,363  INFO [jdbc.sqlonly] INSERT INTO tb_post (

          id
        , title
        , content
        , writer
        , view_cnt
        , notice_yn
        , delete_yn
        , created_date
        , modified_date

        ) VALUES (
              NULL
            , '345번 게시글 제목'
            , '345번 게시글 내용'
            , '테스터345'
            , 0
            , 0
            , 0
            , NOW()
            , NULL
        )

2023-04-12 12:42:09,363 DEBUG [com.study.domain.post.PostMapper.save] <==    Updates: 1
2023-04-12 12:42:09,364  INFO [jdbc.resultsettable] 
|----------|
|insert_id |
|----------|
|345       |
|----------|

2023-04-12 12:42:09,371 DEBUG [com.study.aop.LoggerAspect] Service ===> com.study.domain.post.PostService.savePost()
2023-04-12 12:42:09,371 DEBUG [com.study.aop.LoggerAspect] Mapper ===> com.study.domain.post.PostMapper.save()
2023-04-12 12:42:09,371 DEBUG [com.study.domain.post.PostMapper.save] ==>  Preparing: INSERT INTO tb_post ( id , title , content , writer , view_cnt , notice_yn , delete_yn , created_date , modified_date ) VALUES ( ? , ? , ? , ? , 0 , ? , 0 , NOW() , NULL )
2023-04-12 12:42:09,371 DEBUG [com.study.domain.post.PostMapper.save] ==> Parameters: null, 346번 게시글 제목(String), 346번 게시글 내용(String), 테스터346(String), false(Boolean)
2023-04-12 12:42:09,371  INFO [jdbc.sqlonly] INSERT INTO tb_post (

          id
        , title
        , content
        , writer
        , view_cnt
        , notice_yn
        , delete_yn
        , created_date
        , modified_date

        ) VALUES (
              NULL
            , '346번 게시글 제목'
            , '346번 게시글 내용'
            , '테스터346'
            , 0
            , 0
            , 0
            , NOW()
            , NULL
        )

2023-04-12 12:42:09,379 DEBUG [com.study.domain.post.PostMapper.save] <==    Updates: 1
2023-04-12 12:42:09,379  INFO [jdbc.resultsettable] 
|----------|
|insert_id |
|----------|
|346       |
|----------|

2023-04-12 12:42:09,380 DEBUG [com.study.aop.LoggerAspect] Service ===> com.study.domain.post.PostService.savePost()
2023-04-12 12:42:09,381 DEBUG [com.study.aop.LoggerAspect] Mapper ===> com.study.domain.post.PostMapper.save()
2023-04-12 12:42:09,381 DEBUG [com.study.domain.post.PostMapper.save] ==>  Preparing: INSERT INTO tb_post ( id , title , content , writer , view_cnt , notice_yn , delete_yn , created_date , modified_date ) VALUES ( ? , ? , ? , ? , 0 , ? , 0 , NOW() , NULL )
2023-04-12 12:42:09,381 DEBUG [com.study.domain.post.PostMapper.save] ==> Parameters: null, 347번 게시글 제목(String), 347번 게시글 내용(String), 테스터347(String), false(Boolean)
2023-04-12 12:42:09,381  INFO [jdbc.sqlonly] INSERT INTO tb_post (

          id
        , title
        , content
        , writer
        , view_cnt
        , notice_yn
        , delete_yn
        , created_date
        , modified_date

        ) VALUES (
              NULL
            , '347번 게시글 제목'
            , '347번 게시글 내용'
            , '테스터347'
            , 0
            , 0
            , 0
            , NOW()
            , NULL
        )

2023-04-12 12:42:09,381 DEBUG [com.study.domain.post.PostMapper.save] <==    Updates: 1
2023-04-12 12:42:09,382  INFO [jdbc.resultsettable] 
|----------|
|insert_id |
|----------|
|347       |
|----------|

2023-04-12 12:42:09,383 DEBUG [com.study.aop.LoggerAspect] Service ===> com.study.domain.post.PostService.savePost()
2023-04-12 12:42:09,383 DEBUG [com.study.aop.LoggerAspect] Mapper ===> com.study.domain.post.PostMapper.save()
2023-04-12 12:42:09,383 DEBUG [com.study.domain.post.PostMapper.save] ==>  Preparing: INSERT INTO tb_post ( id , title , content , writer , view_cnt , notice_yn , delete_yn , created_date , modified_date ) VALUES ( ? , ? , ? , ? , 0 , ? , 0 , NOW() , NULL )
2023-04-12 12:42:09,384 DEBUG [com.study.domain.post.PostMapper.save] ==> Parameters: null, 348번 게시글 제목(String), 348번 게시글 내용(String), 테스터348(String), false(Boolean)
2023-04-12 12:42:09,384  INFO [jdbc.sqlonly] INSERT INTO tb_post (

          id
        , title
        , content
        , writer
        , view_cnt
        , notice_yn
        , delete_yn
        , created_date
        , modified_date

        ) VALUES (
              NULL
            , '348번 게시글 제목'
            , '348번 게시글 내용'
            , '테스터348'
            , 0
            , 0
            , 0
            , NOW()
            , NULL
        )

2023-04-12 12:42:09,384 DEBUG [com.study.domain.post.PostMapper.save] <==    Updates: 1
2023-04-12 12:42:09,384  INFO [jdbc.resultsettable] 
|----------|
|insert_id |
|----------|
|348       |
|----------|

2023-04-12 12:42:09,386 DEBUG [com.study.aop.LoggerAspect] Service ===> com.study.domain.post.PostService.savePost()
2023-04-12 12:42:09,386 DEBUG [com.study.aop.LoggerAspect] Mapper ===> com.study.domain.post.PostMapper.save()
2023-04-12 12:42:09,386 DEBUG [com.study.domain.post.PostMapper.save] ==>  Preparing: INSERT INTO tb_post ( id , title , content , writer , view_cnt , notice_yn , delete_yn , created_date , modified_date ) VALUES ( ? , ? , ? , ? , 0 , ? , 0 , NOW() , NULL )
2023-04-12 12:42:09,386 DEBUG [com.study.domain.post.PostMapper.save] ==> Parameters: null, 349번 게시글 제목(String), 349번 게시글 내용(String), 테스터349(String), false(Boolean)
2023-04-12 12:42:09,386  INFO [jdbc.sqlonly] INSERT INTO tb_post (

          id
        , title
        , content
        , writer
        , view_cnt
        , notice_yn
        , delete_yn
        , created_date
        , modified_date

        ) VALUES (
              NULL
            , '349번 게시글 제목'
            , '349번 게시글 내용'
            , '테스터349'
            , 0
            , 0
            , 0
            , NOW()
            , NULL
        )

2023-04-12 12:42:09,386 DEBUG [com.study.domain.post.PostMapper.save] <==    Updates: 1
2023-04-12 12:42:09,386  INFO [jdbc.resultsettable] 
|----------|
|insert_id |
|----------|
|349       |
|----------|

2023-04-12 12:42:09,389 DEBUG [com.study.aop.LoggerAspect] Service ===> com.study.domain.post.PostService.savePost()
2023-04-12 12:42:09,389 DEBUG [com.study.aop.LoggerAspect] Mapper ===> com.study.domain.post.PostMapper.save()
2023-04-12 12:42:09,389 DEBUG [com.study.domain.post.PostMapper.save] ==>  Preparing: INSERT INTO tb_post ( id , title , content , writer , view_cnt , notice_yn , delete_yn , created_date , modified_date ) VALUES ( ? , ? , ? , ? , 0 , ? , 0 , NOW() , NULL )
2023-04-12 12:42:09,389 DEBUG [com.study.domain.post.PostMapper.save] ==> Parameters: null, 350번 게시글 제목(String), 350번 게시글 내용(String), 테스터350(String), false(Boolean)
2023-04-12 12:42:09,389  INFO [jdbc.sqlonly] INSERT INTO tb_post (

          id
        , title
        , content
        , writer
        , view_cnt
        , notice_yn
        , delete_yn
        , created_date
        , modified_date

        ) VALUES (
              NULL
            , '350번 게시글 제목'
            , '350번 게시글 내용'
            , '테스터350'
            , 0
            , 0
            , 0
            , NOW()
            , NULL
        )

2023-04-12 12:42:09,390 DEBUG [com.study.domain.post.PostMapper.save] <==    Updates: 1
2023-04-12 12:42:09,390  INFO [jdbc.resultsettable] 
|----------|
|insert_id |
|----------|
|350       |
|----------|

2023-04-12 12:42:09,391 DEBUG [com.study.aop.LoggerAspect] Service ===> com.study.domain.post.PostService.savePost()
2023-04-12 12:42:09,391 DEBUG [com.study.aop.LoggerAspect] Mapper ===> com.study.domain.post.PostMapper.save()
2023-04-12 12:42:09,391 DEBUG [com.study.domain.post.PostMapper.save] ==>  Preparing: INSERT INTO tb_post ( id , title , content , writer , view_cnt , notice_yn , delete_yn , created_date , modified_date ) VALUES ( ? , ? , ? , ? , 0 , ? , 0 , NOW() , NULL )
2023-04-12 12:42:09,392 DEBUG [com.study.domain.post.PostMapper.save] ==> Parameters: null, 351번 게시글 제목(String), 351번 게시글 내용(String), 테스터351(String), false(Boolean)
2023-04-12 12:42:09,392  INFO [jdbc.sqlonly] INSERT INTO tb_post (

          id
        , title
        , content
        , writer
        , view_cnt
        , notice_yn
        , delete_yn
        , created_date
        , modified_date

        ) VALUES (
              NULL
            , '351번 게시글 제목'
            , '351번 게시글 내용'
            , '테스터351'
            , 0
            , 0
            , 0
            , NOW()
            , NULL
        )

2023-04-12 12:42:09,392 DEBUG [com.study.domain.post.PostMapper.save] <==    Updates: 1
2023-04-12 12:42:09,392  INFO [jdbc.resultsettable] 
|----------|
|insert_id |
|----------|
|351       |
|----------|

2023-04-12 12:42:09,393 DEBUG [com.study.aop.LoggerAspect] Service ===> com.study.domain.post.PostService.savePost()
2023-04-12 12:42:09,394 DEBUG [com.study.aop.LoggerAspect] Mapper ===> com.study.domain.post.PostMapper.save()
2023-04-12 12:42:09,394 DEBUG [com.study.domain.post.PostMapper.save] ==>  Preparing: INSERT INTO tb_post ( id , title , content , writer , view_cnt , notice_yn , delete_yn , created_date , modified_date ) VALUES ( ? , ? , ? , ? , 0 , ? , 0 , NOW() , NULL )
2023-04-12 12:42:09,394 DEBUG [com.study.domain.post.PostMapper.save] ==> Parameters: null, 352번 게시글 제목(String), 352번 게시글 내용(String), 테스터352(String), false(Boolean)
2023-04-12 12:42:09,394  INFO [jdbc.sqlonly] INSERT INTO tb_post (

          id
        , title
        , content
        , writer
        , view_cnt
        , notice_yn
        , delete_yn
        , created_date
        , modified_date

        ) VALUES (
              NULL
            , '352번 게시글 제목'
            , '352번 게시글 내용'
            , '테스터352'
            , 0
            , 0
            , 0
            , NOW()
            , NULL
        )

2023-04-12 12:42:09,394 DEBUG [com.study.domain.post.PostMapper.save] <==    Updates: 1
2023-04-12 12:42:09,394  INFO [jdbc.resultsettable] 
|----------|
|insert_id |
|----------|
|352       |
|----------|

2023-04-12 12:42:09,396 DEBUG [com.study.aop.LoggerAspect] Service ===> com.study.domain.post.PostService.savePost()
2023-04-12 12:42:09,396 DEBUG [com.study.aop.LoggerAspect] Mapper ===> com.study.domain.post.PostMapper.save()
2023-04-12 12:42:09,396 DEBUG [com.study.domain.post.PostMapper.save] ==>  Preparing: INSERT INTO tb_post ( id , title , content , writer , view_cnt , notice_yn , delete_yn , created_date , modified_date ) VALUES ( ? , ? , ? , ? , 0 , ? , 0 , NOW() , NULL )
2023-04-12 12:42:09,396 DEBUG [com.study.domain.post.PostMapper.save] ==> Parameters: null, 353번 게시글 제목(String), 353번 게시글 내용(String), 테스터353(String), false(Boolean)
2023-04-12 12:42:09,396  INFO [jdbc.sqlonly] INSERT INTO tb_post (

          id
        , title
        , content
        , writer
        , view_cnt
        , notice_yn
        , delete_yn
        , created_date
        , modified_date

        ) VALUES (
              NULL
            , '353번 게시글 제목'
            , '353번 게시글 내용'
            , '테스터353'
            , 0
            , 0
            , 0
            , NOW()
            , NULL
        )

2023-04-12 12:42:09,397 DEBUG [com.study.domain.post.PostMapper.save] <==    Updates: 1
2023-04-12 12:42:09,397  INFO [jdbc.resultsettable] 
|----------|
|insert_id |
|----------|
|353       |
|----------|

2023-04-12 12:42:09,399 DEBUG [com.study.aop.LoggerAspect] Service ===> com.study.domain.post.PostService.savePost()
2023-04-12 12:42:09,399 DEBUG [com.study.aop.LoggerAspect] Mapper ===> com.study.domain.post.PostMapper.save()
2023-04-12 12:42:09,399 DEBUG [com.study.domain.post.PostMapper.save] ==>  Preparing: INSERT INTO tb_post ( id , title , content , writer , view_cnt , notice_yn , delete_yn , created_date , modified_date ) VALUES ( ? , ? , ? , ? , 0 , ? , 0 , NOW() , NULL )
2023-04-12 12:42:09,399 DEBUG [com.study.domain.post.PostMapper.save] ==> Parameters: null, 354번 게시글 제목(String), 354번 게시글 내용(String), 테스터354(String), false(Boolean)
2023-04-12 12:42:09,399  INFO [jdbc.sqlonly] INSERT INTO tb_post (

          id
        , title
        , content
        , writer
        , view_cnt
        , notice_yn
        , delete_yn
        , created_date
        , modified_date

        ) VALUES (
              NULL
            , '354번 게시글 제목'
            , '354번 게시글 내용'
            , '테스터354'
            , 0
            , 0
            , 0
            , NOW()
            , NULL
        )

2023-04-12 12:42:09,399 DEBUG [com.study.domain.post.PostMapper.save] <==    Updates: 1
2023-04-12 12:42:09,399  INFO [jdbc.resultsettable] 
|----------|
|insert_id |
|----------|
|354       |
|----------|

2023-04-12 12:42:09,401 DEBUG [com.study.aop.LoggerAspect] Service ===> com.study.domain.post.PostService.savePost()
2023-04-12 12:42:09,401 DEBUG [com.study.aop.LoggerAspect] Mapper ===> com.study.domain.post.PostMapper.save()
2023-04-12 12:42:09,401 DEBUG [com.study.domain.post.PostMapper.save] ==>  Preparing: INSERT INTO tb_post ( id , title , content , writer , view_cnt , notice_yn , delete_yn , created_date , modified_date ) VALUES ( ? , ? , ? , ? , 0 , ? , 0 , NOW() , NULL )
2023-04-12 12:42:09,402 DEBUG [com.study.domain.post.PostMapper.save] ==> Parameters: null, 355번 게시글 제목(String), 355번 게시글 내용(String), 테스터355(String), false(Boolean)
2023-04-12 12:42:09,402  INFO [jdbc.sqlonly] INSERT INTO tb_post (

          id
        , title
        , content
        , writer
        , view_cnt
        , notice_yn
        , delete_yn
        , created_date
        , modified_date

        ) VALUES (
              NULL
            , '355번 게시글 제목'
            , '355번 게시글 내용'
            , '테스터355'
            , 0
            , 0
            , 0
            , NOW()
            , NULL
        )

2023-04-12 12:42:09,402 DEBUG [com.study.domain.post.PostMapper.save] <==    Updates: 1
2023-04-12 12:42:09,402  INFO [jdbc.resultsettable] 
|----------|
|insert_id |
|----------|
|355       |
|----------|

2023-04-12 12:42:09,404 DEBUG [com.study.aop.LoggerAspect] Service ===> com.study.domain.post.PostService.savePost()
2023-04-12 12:42:09,404 DEBUG [com.study.aop.LoggerAspect] Mapper ===> com.study.domain.post.PostMapper.save()
2023-04-12 12:42:09,405 DEBUG [com.study.domain.post.PostMapper.save] ==>  Preparing: INSERT INTO tb_post ( id , title , content , writer , view_cnt , notice_yn , delete_yn , created_date , modified_date ) VALUES ( ? , ? , ? , ? , 0 , ? , 0 , NOW() , NULL )
2023-04-12 12:42:09,405 DEBUG [com.study.domain.post.PostMapper.save] ==> Parameters: null, 356번 게시글 제목(String), 356번 게시글 내용(String), 테스터356(String), false(Boolean)
2023-04-12 12:42:09,405  INFO [jdbc.sqlonly] INSERT INTO tb_post (

          id
        , title
        , content
        , writer
        , view_cnt
        , notice_yn
        , delete_yn
        , created_date
        , modified_date

        ) VALUES (
              NULL
            , '356번 게시글 제목'
            , '356번 게시글 내용'
            , '테스터356'
            , 0
            , 0
            , 0
            , NOW()
            , NULL
        )

2023-04-12 12:42:09,405 DEBUG [com.study.domain.post.PostMapper.save] <==    Updates: 1
2023-04-12 12:42:09,405  INFO [jdbc.resultsettable] 
|----------|
|insert_id |
|----------|
|356       |
|----------|

2023-04-12 12:42:09,407 DEBUG [com.study.aop.LoggerAspect] Service ===> com.study.domain.post.PostService.savePost()
2023-04-12 12:42:09,408 DEBUG [com.study.aop.LoggerAspect] Mapper ===> com.study.domain.post.PostMapper.save()
2023-04-12 12:42:09,408 DEBUG [com.study.domain.post.PostMapper.save] ==>  Preparing: INSERT INTO tb_post ( id , title , content , writer , view_cnt , notice_yn , delete_yn , created_date , modified_date ) VALUES ( ? , ? , ? , ? , 0 , ? , 0 , NOW() , NULL )
2023-04-12 12:42:09,408 DEBUG [com.study.domain.post.PostMapper.save] ==> Parameters: null, 357번 게시글 제목(String), 357번 게시글 내용(String), 테스터357(String), false(Boolean)
2023-04-12 12:42:09,408  INFO [jdbc.sqlonly] INSERT INTO tb_post (

          id
        , title
        , content
        , writer
        , view_cnt
        , notice_yn
        , delete_yn
        , created_date
        , modified_date

        ) VALUES (
              NULL
            , '357번 게시글 제목'
            , '357번 게시글 내용'
            , '테스터357'
            , 0
            , 0
            , 0
            , NOW()
            , NULL
        )

2023-04-12 12:42:09,409 DEBUG [com.study.domain.post.PostMapper.save] <==    Updates: 1
2023-04-12 12:42:09,409  INFO [jdbc.resultsettable] 
|----------|
|insert_id |
|----------|
|357       |
|----------|

2023-04-12 12:42:09,410 DEBUG [com.study.aop.LoggerAspect] Service ===> com.study.domain.post.PostService.savePost()
2023-04-12 12:42:09,410 DEBUG [com.study.aop.LoggerAspect] Mapper ===> com.study.domain.post.PostMapper.save()
2023-04-12 12:42:09,410 DEBUG [com.study.domain.post.PostMapper.save] ==>  Preparing: INSERT INTO tb_post ( id , title , content , writer , view_cnt , notice_yn , delete_yn , created_date , modified_date ) VALUES ( ? , ? , ? , ? , 0 , ? , 0 , NOW() , NULL )
2023-04-12 12:42:09,410 DEBUG [com.study.domain.post.PostMapper.save] ==> Parameters: null, 358번 게시글 제목(String), 358번 게시글 내용(String), 테스터358(String), false(Boolean)
2023-04-12 12:42:09,410  INFO [jdbc.sqlonly] INSERT INTO tb_post (

          id
        , title
        , content
        , writer
        , view_cnt
        , notice_yn
        , delete_yn
        , created_date
        , modified_date

        ) VALUES (
              NULL
            , '358번 게시글 제목'
            , '358번 게시글 내용'
            , '테스터358'
            , 0
            , 0
            , 0
            , NOW()
            , NULL
        )

2023-04-12 12:42:09,411 DEBUG [com.study.domain.post.PostMapper.save] <==    Updates: 1
2023-04-12 12:42:09,411  INFO [jdbc.resultsettable] 
|----------|
|insert_id |
|----------|
|358       |
|----------|

2023-04-12 12:42:09,413 DEBUG [com.study.aop.LoggerAspect] Service ===> com.study.domain.post.PostService.savePost()
2023-04-12 12:42:09,413 DEBUG [com.study.aop.LoggerAspect] Mapper ===> com.study.domain.post.PostMapper.save()
2023-04-12 12:42:09,413 DEBUG [com.study.domain.post.PostMapper.save] ==>  Preparing: INSERT INTO tb_post ( id , title , content , writer , view_cnt , notice_yn , delete_yn , created_date , modified_date ) VALUES ( ? , ? , ? , ? , 0 , ? , 0 , NOW() , NULL )
2023-04-12 12:42:09,414 DEBUG [com.study.domain.post.PostMapper.save] ==> Parameters: null, 359번 게시글 제목(String), 359번 게시글 내용(String), 테스터359(String), false(Boolean)
2023-04-12 12:42:09,414  INFO [jdbc.sqlonly] INSERT INTO tb_post (

          id
        , title
        , content
        , writer
        , view_cnt
        , notice_yn
        , delete_yn
        , created_date
        , modified_date

        ) VALUES (
              NULL
            , '359번 게시글 제목'
            , '359번 게시글 내용'
            , '테스터359'
            , 0
            , 0
            , 0
            , NOW()
            , NULL
        )

2023-04-12 12:42:09,414 DEBUG [com.study.domain.post.PostMapper.save] <==    Updates: 1
2023-04-12 12:42:09,414  INFO [jdbc.resultsettable] 
|----------|
|insert_id |
|----------|
|359       |
|----------|

2023-04-12 12:42:09,416 DEBUG [com.study.aop.LoggerAspect] Service ===> com.study.domain.post.PostService.savePost()
2023-04-12 12:42:09,416 DEBUG [com.study.aop.LoggerAspect] Mapper ===> com.study.domain.post.PostMapper.save()
2023-04-12 12:42:09,416 DEBUG [com.study.domain.post.PostMapper.save] ==>  Preparing: INSERT INTO tb_post ( id , title , content , writer , view_cnt , notice_yn , delete_yn , created_date , modified_date ) VALUES ( ? , ? , ? , ? , 0 , ? , 0 , NOW() , NULL )
2023-04-12 12:42:09,416 DEBUG [com.study.domain.post.PostMapper.save] ==> Parameters: null, 360번 게시글 제목(String), 360번 게시글 내용(String), 테스터360(String), false(Boolean)
2023-04-12 12:42:09,416  INFO [jdbc.sqlonly] INSERT INTO tb_post (

          id
        , title
        , content
        , writer
        , view_cnt
        , notice_yn
        , delete_yn
        , created_date
        , modified_date

        ) VALUES (
              NULL
            , '360번 게시글 제목'
            , '360번 게시글 내용'
            , '테스터360'
            , 0
            , 0
            , 0
            , NOW()
            , NULL
        )

2023-04-12 12:42:09,417 DEBUG [com.study.domain.post.PostMapper.save] <==    Updates: 1
2023-04-12 12:42:09,417  INFO [jdbc.resultsettable] 
|----------|
|insert_id |
|----------|
|360       |
|----------|

2023-04-12 12:42:09,419 DEBUG [com.study.aop.LoggerAspect] Service ===> com.study.domain.post.PostService.savePost()
2023-04-12 12:42:09,419 DEBUG [com.study.aop.LoggerAspect] Mapper ===> com.study.domain.post.PostMapper.save()
2023-04-12 12:42:09,419 DEBUG [com.study.domain.post.PostMapper.save] ==>  Preparing: INSERT INTO tb_post ( id , title , content , writer , view_cnt , notice_yn , delete_yn , created_date , modified_date ) VALUES ( ? , ? , ? , ? , 0 , ? , 0 , NOW() , NULL )
2023-04-12 12:42:09,419 DEBUG [com.study.domain.post.PostMapper.save] ==> Parameters: null, 361번 게시글 제목(String), 361번 게시글 내용(String), 테스터361(String), false(Boolean)
2023-04-12 12:42:09,419  INFO [jdbc.sqlonly] INSERT INTO tb_post (

          id
        , title
        , content
        , writer
        , view_cnt
        , notice_yn
        , delete_yn
        , created_date
        , modified_date

        ) VALUES (
              NULL
            , '361번 게시글 제목'
            , '361번 게시글 내용'
            , '테스터361'
            , 0
            , 0
            , 0
            , NOW()
            , NULL
        )

2023-04-12 12:42:09,419 DEBUG [com.study.domain.post.PostMapper.save] <==    Updates: 1
2023-04-12 12:42:09,419  INFO [jdbc.resultsettable] 
|----------|
|insert_id |
|----------|
|361       |
|----------|

2023-04-12 12:42:09,422 DEBUG [com.study.aop.LoggerAspect] Service ===> com.study.domain.post.PostService.savePost()
2023-04-12 12:42:09,422 DEBUG [com.study.aop.LoggerAspect] Mapper ===> com.study.domain.post.PostMapper.save()
2023-04-12 12:42:09,422 DEBUG [com.study.domain.post.PostMapper.save] ==>  Preparing: INSERT INTO tb_post ( id , title , content , writer , view_cnt , notice_yn , delete_yn , created_date , modified_date ) VALUES ( ? , ? , ? , ? , 0 , ? , 0 , NOW() , NULL )
2023-04-12 12:42:09,422 DEBUG [com.study.domain.post.PostMapper.save] ==> Parameters: null, 362번 게시글 제목(String), 362번 게시글 내용(String), 테스터362(String), false(Boolean)
2023-04-12 12:42:09,422  INFO [jdbc.sqlonly] INSERT INTO tb_post (

          id
        , title
        , content
        , writer
        , view_cnt
        , notice_yn
        , delete_yn
        , created_date
        , modified_date

        ) VALUES (
              NULL
            , '362번 게시글 제목'
            , '362번 게시글 내용'
            , '테스터362'
            , 0
            , 0
            , 0
            , NOW()
            , NULL
        )

2023-04-12 12:42:09,422 DEBUG [com.study.domain.post.PostMapper.save] <==    Updates: 1
2023-04-12 12:42:09,422  INFO [jdbc.resultsettable] 
|----------|
|insert_id |
|----------|
|362       |
|----------|

2023-04-12 12:42:09,425 DEBUG [com.study.aop.LoggerAspect] Service ===> com.study.domain.post.PostService.savePost()
2023-04-12 12:42:09,425 DEBUG [com.study.aop.LoggerAspect] Mapper ===> com.study.domain.post.PostMapper.save()
2023-04-12 12:42:09,425 DEBUG [com.study.domain.post.PostMapper.save] ==>  Preparing: INSERT INTO tb_post ( id , title , content , writer , view_cnt , notice_yn , delete_yn , created_date , modified_date ) VALUES ( ? , ? , ? , ? , 0 , ? , 0 , NOW() , NULL )
2023-04-12 12:42:09,425 DEBUG [com.study.domain.post.PostMapper.save] ==> Parameters: null, 363번 게시글 제목(String), 363번 게시글 내용(String), 테스터363(String), false(Boolean)
2023-04-12 12:42:09,425  INFO [jdbc.sqlonly] INSERT INTO tb_post (

          id
        , title
        , content
        , writer
        , view_cnt
        , notice_yn
        , delete_yn
        , created_date
        , modified_date

        ) VALUES (
              NULL
            , '363번 게시글 제목'
            , '363번 게시글 내용'
            , '테스터363'
            , 0
            , 0
            , 0
            , NOW()
            , NULL
        )

2023-04-12 12:42:09,426 DEBUG [com.study.domain.post.PostMapper.save] <==    Updates: 1
2023-04-12 12:42:09,426  INFO [jdbc.resultsettable] 
|----------|
|insert_id |
|----------|
|363       |
|----------|

2023-04-12 12:42:09,427 DEBUG [com.study.aop.LoggerAspect] Service ===> com.study.domain.post.PostService.savePost()
2023-04-12 12:42:09,427 DEBUG [com.study.aop.LoggerAspect] Mapper ===> com.study.domain.post.PostMapper.save()
2023-04-12 12:42:09,428 DEBUG [com.study.domain.post.PostMapper.save] ==>  Preparing: INSERT INTO tb_post ( id , title , content , writer , view_cnt , notice_yn , delete_yn , created_date , modified_date ) VALUES ( ? , ? , ? , ? , 0 , ? , 0 , NOW() , NULL )
2023-04-12 12:42:09,428 DEBUG [com.study.domain.post.PostMapper.save] ==> Parameters: null, 364번 게시글 제목(String), 364번 게시글 내용(String), 테스터364(String), false(Boolean)
2023-04-12 12:42:09,428  INFO [jdbc.sqlonly] INSERT INTO tb_post (

          id
        , title
        , content
        , writer
        , view_cnt
        , notice_yn
        , delete_yn
        , created_date
        , modified_date

        ) VALUES (
              NULL
            , '364번 게시글 제목'
            , '364번 게시글 내용'
            , '테스터364'
            , 0
            , 0
            , 0
            , NOW()
            , NULL
        )

2023-04-12 12:42:09,428 DEBUG [com.study.domain.post.PostMapper.save] <==    Updates: 1
2023-04-12 12:42:09,429  INFO [jdbc.resultsettable] 
|----------|
|insert_id |
|----------|
|364       |
|----------|

2023-04-12 12:42:09,430 DEBUG [com.study.aop.LoggerAspect] Service ===> com.study.domain.post.PostService.savePost()
2023-04-12 12:42:09,430 DEBUG [com.study.aop.LoggerAspect] Mapper ===> com.study.domain.post.PostMapper.save()
2023-04-12 12:42:09,430 DEBUG [com.study.domain.post.PostMapper.save] ==>  Preparing: INSERT INTO tb_post ( id , title , content , writer , view_cnt , notice_yn , delete_yn , created_date , modified_date ) VALUES ( ? , ? , ? , ? , 0 , ? , 0 , NOW() , NULL )
2023-04-12 12:42:09,430 DEBUG [com.study.domain.post.PostMapper.save] ==> Parameters: null, 365번 게시글 제목(String), 365번 게시글 내용(String), 테스터365(String), false(Boolean)
2023-04-12 12:42:09,430  INFO [jdbc.sqlonly] INSERT INTO tb_post (

          id
        , title
        , content
        , writer
        , view_cnt
        , notice_yn
        , delete_yn
        , created_date
        , modified_date

        ) VALUES (
              NULL
            , '365번 게시글 제목'
            , '365번 게시글 내용'
            , '테스터365'
            , 0
            , 0
            , 0
            , NOW()
            , NULL
        )

2023-04-12 12:42:09,431 DEBUG [com.study.domain.post.PostMapper.save] <==    Updates: 1
2023-04-12 12:42:09,431  INFO [jdbc.resultsettable] 
|----------|
|insert_id |
|----------|
|365       |
|----------|

2023-04-12 12:42:09,432 DEBUG [com.study.aop.LoggerAspect] Service ===> com.study.domain.post.PostService.savePost()
2023-04-12 12:42:09,432 DEBUG [com.study.aop.LoggerAspect] Mapper ===> com.study.domain.post.PostMapper.save()
2023-04-12 12:42:09,433 DEBUG [com.study.domain.post.PostMapper.save] ==>  Preparing: INSERT INTO tb_post ( id , title , content , writer , view_cnt , notice_yn , delete_yn , created_date , modified_date ) VALUES ( ? , ? , ? , ? , 0 , ? , 0 , NOW() , NULL )
2023-04-12 12:42:09,433 DEBUG [com.study.domain.post.PostMapper.save] ==> Parameters: null, 366번 게시글 제목(String), 366번 게시글 내용(String), 테스터366(String), false(Boolean)
2023-04-12 12:42:09,433  INFO [jdbc.sqlonly] INSERT INTO tb_post (

          id
        , title
        , content
        , writer
        , view_cnt
        , notice_yn
        , delete_yn
        , created_date
        , modified_date

        ) VALUES (
              NULL
            , '366번 게시글 제목'
            , '366번 게시글 내용'
            , '테스터366'
            , 0
            , 0
            , 0
            , NOW()
            , NULL
        )

2023-04-12 12:42:09,433 DEBUG [com.study.domain.post.PostMapper.save] <==    Updates: 1
2023-04-12 12:42:09,433  INFO [jdbc.resultsettable] 
|----------|
|insert_id |
|----------|
|366       |
|----------|

2023-04-12 12:42:09,436 DEBUG [com.study.aop.LoggerAspect] Service ===> com.study.domain.post.PostService.savePost()
2023-04-12 12:42:09,436 DEBUG [com.study.aop.LoggerAspect] Mapper ===> com.study.domain.post.PostMapper.save()
2023-04-12 12:42:09,436 DEBUG [com.study.domain.post.PostMapper.save] ==>  Preparing: INSERT INTO tb_post ( id , title , content , writer , view_cnt , notice_yn , delete_yn , created_date , modified_date ) VALUES ( ? , ? , ? , ? , 0 , ? , 0 , NOW() , NULL )
2023-04-12 12:42:09,436 DEBUG [com.study.domain.post.PostMapper.save] ==> Parameters: null, 367번 게시글 제목(String), 367번 게시글 내용(String), 테스터367(String), false(Boolean)
2023-04-12 12:42:09,436  INFO [jdbc.sqlonly] INSERT INTO tb_post (

          id
        , title
        , content
        , writer
        , view_cnt
        , notice_yn
        , delete_yn
        , created_date
        , modified_date

        ) VALUES (
              NULL
            , '367번 게시글 제목'
            , '367번 게시글 내용'
            , '테스터367'
            , 0
            , 0
            , 0
            , NOW()
            , NULL
        )

2023-04-12 12:42:09,436 DEBUG [com.study.domain.post.PostMapper.save] <==    Updates: 1
2023-04-12 12:42:09,436  INFO [jdbc.resultsettable] 
|----------|
|insert_id |
|----------|
|367       |
|----------|

2023-04-12 12:42:09,439 DEBUG [com.study.aop.LoggerAspect] Service ===> com.study.domain.post.PostService.savePost()
2023-04-12 12:42:09,439 DEBUG [com.study.aop.LoggerAspect] Mapper ===> com.study.domain.post.PostMapper.save()
2023-04-12 12:42:09,439 DEBUG [com.study.domain.post.PostMapper.save] ==>  Preparing: INSERT INTO tb_post ( id , title , content , writer , view_cnt , notice_yn , delete_yn , created_date , modified_date ) VALUES ( ? , ? , ? , ? , 0 , ? , 0 , NOW() , NULL )
2023-04-12 12:42:09,439 DEBUG [com.study.domain.post.PostMapper.save] ==> Parameters: null, 368번 게시글 제목(String), 368번 게시글 내용(String), 테스터368(String), false(Boolean)
2023-04-12 12:42:09,439  INFO [jdbc.sqlonly] INSERT INTO tb_post (

          id
        , title
        , content
        , writer
        , view_cnt
        , notice_yn
        , delete_yn
        , created_date
        , modified_date

        ) VALUES (
              NULL
            , '368번 게시글 제목'
            , '368번 게시글 내용'
            , '테스터368'
            , 0
            , 0
            , 0
            , NOW()
            , NULL
        )

2023-04-12 12:42:09,439 DEBUG [com.study.domain.post.PostMapper.save] <==    Updates: 1
2023-04-12 12:42:09,439  INFO [jdbc.resultsettable] 
|----------|
|insert_id |
|----------|
|368       |
|----------|

2023-04-12 12:42:09,441 DEBUG [com.study.aop.LoggerAspect] Service ===> com.study.domain.post.PostService.savePost()
2023-04-12 12:42:09,441 DEBUG [com.study.aop.LoggerAspect] Mapper ===> com.study.domain.post.PostMapper.save()
2023-04-12 12:42:09,441 DEBUG [com.study.domain.post.PostMapper.save] ==>  Preparing: INSERT INTO tb_post ( id , title , content , writer , view_cnt , notice_yn , delete_yn , created_date , modified_date ) VALUES ( ? , ? , ? , ? , 0 , ? , 0 , NOW() , NULL )
2023-04-12 12:42:09,441 DEBUG [com.study.domain.post.PostMapper.save] ==> Parameters: null, 369번 게시글 제목(String), 369번 게시글 내용(String), 테스터369(String), false(Boolean)
2023-04-12 12:42:09,441  INFO [jdbc.sqlonly] INSERT INTO tb_post (

          id
        , title
        , content
        , writer
        , view_cnt
        , notice_yn
        , delete_yn
        , created_date
        , modified_date

        ) VALUES (
              NULL
            , '369번 게시글 제목'
            , '369번 게시글 내용'
            , '테스터369'
            , 0
            , 0
            , 0
            , NOW()
            , NULL
        )

2023-04-12 12:42:09,441 DEBUG [com.study.domain.post.PostMapper.save] <==    Updates: 1
2023-04-12 12:42:09,442  INFO [jdbc.resultsettable] 
|----------|
|insert_id |
|----------|
|369       |
|----------|

2023-04-12 12:42:09,443 DEBUG [com.study.aop.LoggerAspect] Service ===> com.study.domain.post.PostService.savePost()
2023-04-12 12:42:09,443 DEBUG [com.study.aop.LoggerAspect] Mapper ===> com.study.domain.post.PostMapper.save()
2023-04-12 12:42:09,444 DEBUG [com.study.domain.post.PostMapper.save] ==>  Preparing: INSERT INTO tb_post ( id , title , content , writer , view_cnt , notice_yn , delete_yn , created_date , modified_date ) VALUES ( ? , ? , ? , ? , 0 , ? , 0 , NOW() , NULL )
2023-04-12 12:42:09,444 DEBUG [com.study.domain.post.PostMapper.save] ==> Parameters: null, 370번 게시글 제목(String), 370번 게시글 내용(String), 테스터370(String), false(Boolean)
2023-04-12 12:42:09,444  INFO [jdbc.sqlonly] INSERT INTO tb_post (

          id
        , title
        , content
        , writer
        , view_cnt
        , notice_yn
        , delete_yn
        , created_date
        , modified_date

        ) VALUES (
              NULL
            , '370번 게시글 제목'
            , '370번 게시글 내용'
            , '테스터370'
            , 0
            , 0
            , 0
            , NOW()
            , NULL
        )

2023-04-12 12:42:09,444 DEBUG [com.study.domain.post.PostMapper.save] <==    Updates: 1
2023-04-12 12:42:09,444  INFO [jdbc.resultsettable] 
|----------|
|insert_id |
|----------|
|370       |
|----------|

2023-04-12 12:42:09,446 DEBUG [com.study.aop.LoggerAspect] Service ===> com.study.domain.post.PostService.savePost()
2023-04-12 12:42:09,446 DEBUG [com.study.aop.LoggerAspect] Mapper ===> com.study.domain.post.PostMapper.save()
2023-04-12 12:42:09,446 DEBUG [com.study.domain.post.PostMapper.save] ==>  Preparing: INSERT INTO tb_post ( id , title , content , writer , view_cnt , notice_yn , delete_yn , created_date , modified_date ) VALUES ( ? , ? , ? , ? , 0 , ? , 0 , NOW() , NULL )
2023-04-12 12:42:09,446 DEBUG [com.study.domain.post.PostMapper.save] ==> Parameters: null, 371번 게시글 제목(String), 371번 게시글 내용(String), 테스터371(String), false(Boolean)
2023-04-12 12:42:09,446  INFO [jdbc.sqlonly] INSERT INTO tb_post (

          id
        , title
        , content
        , writer
        , view_cnt
        , notice_yn
        , delete_yn
        , created_date
        , modified_date

        ) VALUES (
              NULL
            , '371번 게시글 제목'
            , '371번 게시글 내용'
            , '테스터371'
            , 0
            , 0
            , 0
            , NOW()
            , NULL
        )

2023-04-12 12:42:09,447 DEBUG [com.study.domain.post.PostMapper.save] <==    Updates: 1
2023-04-12 12:42:09,447  INFO [jdbc.resultsettable] 
|----------|
|insert_id |
|----------|
|371       |
|----------|

2023-04-12 12:42:09,449 DEBUG [com.study.aop.LoggerAspect] Service ===> com.study.domain.post.PostService.savePost()
2023-04-12 12:42:09,449 DEBUG [com.study.aop.LoggerAspect] Mapper ===> com.study.domain.post.PostMapper.save()
2023-04-12 12:42:09,449 DEBUG [com.study.domain.post.PostMapper.save] ==>  Preparing: INSERT INTO tb_post ( id , title , content , writer , view_cnt , notice_yn , delete_yn , created_date , modified_date ) VALUES ( ? , ? , ? , ? , 0 , ? , 0 , NOW() , NULL )
2023-04-12 12:42:09,449 DEBUG [com.study.domain.post.PostMapper.save] ==> Parameters: null, 372번 게시글 제목(String), 372번 게시글 내용(String), 테스터372(String), false(Boolean)
2023-04-12 12:42:09,449  INFO [jdbc.sqlonly] INSERT INTO tb_post (

          id
        , title
        , content
        , writer
        , view_cnt
        , notice_yn
        , delete_yn
        , created_date
        , modified_date

        ) VALUES (
              NULL
            , '372번 게시글 제목'
            , '372번 게시글 내용'
            , '테스터372'
            , 0
            , 0
            , 0
            , NOW()
            , NULL
        )

2023-04-12 12:42:09,449 DEBUG [com.study.domain.post.PostMapper.save] <==    Updates: 1
2023-04-12 12:42:09,449  INFO [jdbc.resultsettable] 
|----------|
|insert_id |
|----------|
|372       |
|----------|

2023-04-12 12:42:09,451 DEBUG [com.study.aop.LoggerAspect] Service ===> com.study.domain.post.PostService.savePost()
2023-04-12 12:42:09,451 DEBUG [com.study.aop.LoggerAspect] Mapper ===> com.study.domain.post.PostMapper.save()
2023-04-12 12:42:09,451 DEBUG [com.study.domain.post.PostMapper.save] ==>  Preparing: INSERT INTO tb_post ( id , title , content , writer , view_cnt , notice_yn , delete_yn , created_date , modified_date ) VALUES ( ? , ? , ? , ? , 0 , ? , 0 , NOW() , NULL )
2023-04-12 12:42:09,451 DEBUG [com.study.domain.post.PostMapper.save] ==> Parameters: null, 373번 게시글 제목(String), 373번 게시글 내용(String), 테스터373(String), false(Boolean)
2023-04-12 12:42:09,451  INFO [jdbc.sqlonly] INSERT INTO tb_post (

          id
        , title
        , content
        , writer
        , view_cnt
        , notice_yn
        , delete_yn
        , created_date
        , modified_date

        ) VALUES (
              NULL
            , '373번 게시글 제목'
            , '373번 게시글 내용'
            , '테스터373'
            , 0
            , 0
            , 0
            , NOW()
            , NULL
        )

2023-04-12 12:42:09,452 DEBUG [com.study.domain.post.PostMapper.save] <==    Updates: 1
2023-04-12 12:42:09,452  INFO [jdbc.resultsettable] 
|----------|
|insert_id |
|----------|
|373       |
|----------|

2023-04-12 12:42:09,454 DEBUG [com.study.aop.LoggerAspect] Service ===> com.study.domain.post.PostService.savePost()
2023-04-12 12:42:09,454 DEBUG [com.study.aop.LoggerAspect] Mapper ===> com.study.domain.post.PostMapper.save()
2023-04-12 12:42:09,454 DEBUG [com.study.domain.post.PostMapper.save] ==>  Preparing: INSERT INTO tb_post ( id , title , content , writer , view_cnt , notice_yn , delete_yn , created_date , modified_date ) VALUES ( ? , ? , ? , ? , 0 , ? , 0 , NOW() , NULL )
2023-04-12 12:42:09,454 DEBUG [com.study.domain.post.PostMapper.save] ==> Parameters: null, 374번 게시글 제목(String), 374번 게시글 내용(String), 테스터374(String), false(Boolean)
2023-04-12 12:42:09,454  INFO [jdbc.sqlonly] INSERT INTO tb_post (

          id
        , title
        , content
        , writer
        , view_cnt
        , notice_yn
        , delete_yn
        , created_date
        , modified_date

        ) VALUES (
              NULL
            , '374번 게시글 제목'
            , '374번 게시글 내용'
            , '테스터374'
            , 0
            , 0
            , 0
            , NOW()
            , NULL
        )

2023-04-12 12:42:09,455 DEBUG [com.study.domain.post.PostMapper.save] <==    Updates: 1
2023-04-12 12:42:09,455  INFO [jdbc.resultsettable] 
|----------|
|insert_id |
|----------|
|374       |
|----------|

2023-04-12 12:42:09,458 DEBUG [com.study.aop.LoggerAspect] Service ===> com.study.domain.post.PostService.savePost()
2023-04-12 12:42:09,458 DEBUG [com.study.aop.LoggerAspect] Mapper ===> com.study.domain.post.PostMapper.save()
2023-04-12 12:42:09,458 DEBUG [com.study.domain.post.PostMapper.save] ==>  Preparing: INSERT INTO tb_post ( id , title , content , writer , view_cnt , notice_yn , delete_yn , created_date , modified_date ) VALUES ( ? , ? , ? , ? , 0 , ? , 0 , NOW() , NULL )
2023-04-12 12:42:09,459 DEBUG [com.study.domain.post.PostMapper.save] ==> Parameters: null, 375번 게시글 제목(String), 375번 게시글 내용(String), 테스터375(String), false(Boolean)
2023-04-12 12:42:09,459  INFO [jdbc.sqlonly] INSERT INTO tb_post (

          id
        , title
        , content
        , writer
        , view_cnt
        , notice_yn
        , delete_yn
        , created_date
        , modified_date

        ) VALUES (
              NULL
            , '375번 게시글 제목'
            , '375번 게시글 내용'
            , '테스터375'
            , 0
            , 0
            , 0
            , NOW()
            , NULL
        )

2023-04-12 12:42:09,459 DEBUG [com.study.domain.post.PostMapper.save] <==    Updates: 1
2023-04-12 12:42:09,459  INFO [jdbc.resultsettable] 
|----------|
|insert_id |
|----------|
|375       |
|----------|

2023-04-12 12:42:09,461 DEBUG [com.study.aop.LoggerAspect] Service ===> com.study.domain.post.PostService.savePost()
2023-04-12 12:42:09,461 DEBUG [com.study.aop.LoggerAspect] Mapper ===> com.study.domain.post.PostMapper.save()
2023-04-12 12:42:09,462 DEBUG [com.study.domain.post.PostMapper.save] ==>  Preparing: INSERT INTO tb_post ( id , title , content , writer , view_cnt , notice_yn , delete_yn , created_date , modified_date ) VALUES ( ? , ? , ? , ? , 0 , ? , 0 , NOW() , NULL )
2023-04-12 12:42:09,462 DEBUG [com.study.domain.post.PostMapper.save] ==> Parameters: null, 376번 게시글 제목(String), 376번 게시글 내용(String), 테스터376(String), false(Boolean)
2023-04-12 12:42:09,462  INFO [jdbc.sqlonly] INSERT INTO tb_post (

          id
        , title
        , content
        , writer
        , view_cnt
        , notice_yn
        , delete_yn
        , created_date
        , modified_date

        ) VALUES (
              NULL
            , '376번 게시글 제목'
            , '376번 게시글 내용'
            , '테스터376'
            , 0
            , 0
            , 0
            , NOW()
            , NULL
        )

2023-04-12 12:42:09,463 DEBUG [com.study.domain.post.PostMapper.save] <==    Updates: 1
2023-04-12 12:42:09,463  INFO [jdbc.resultsettable] 
|----------|
|insert_id |
|----------|
|376       |
|----------|

2023-04-12 12:42:09,465 DEBUG [com.study.aop.LoggerAspect] Service ===> com.study.domain.post.PostService.savePost()
2023-04-12 12:42:09,465 DEBUG [com.study.aop.LoggerAspect] Mapper ===> com.study.domain.post.PostMapper.save()
2023-04-12 12:42:09,465 DEBUG [com.study.domain.post.PostMapper.save] ==>  Preparing: INSERT INTO tb_post ( id , title , content , writer , view_cnt , notice_yn , delete_yn , created_date , modified_date ) VALUES ( ? , ? , ? , ? , 0 , ? , 0 , NOW() , NULL )
2023-04-12 12:42:09,466 DEBUG [com.study.domain.post.PostMapper.save] ==> Parameters: null, 377번 게시글 제목(String), 377번 게시글 내용(String), 테스터377(String), false(Boolean)
2023-04-12 12:42:09,466  INFO [jdbc.sqlonly] INSERT INTO tb_post (

          id
        , title
        , content
        , writer
        , view_cnt
        , notice_yn
        , delete_yn
        , created_date
        , modified_date

        ) VALUES (
              NULL
            , '377번 게시글 제목'
            , '377번 게시글 내용'
            , '테스터377'
            , 0
            , 0
            , 0
            , NOW()
            , NULL
        )

2023-04-12 12:42:09,466 DEBUG [com.study.domain.post.PostMapper.save] <==    Updates: 1
2023-04-12 12:42:09,466  INFO [jdbc.resultsettable] 
|----------|
|insert_id |
|----------|
|377       |
|----------|

2023-04-12 12:42:09,469 DEBUG [com.study.aop.LoggerAspect] Service ===> com.study.domain.post.PostService.savePost()
2023-04-12 12:42:09,469 DEBUG [com.study.aop.LoggerAspect] Mapper ===> com.study.domain.post.PostMapper.save()
2023-04-12 12:42:09,469 DEBUG [com.study.domain.post.PostMapper.save] ==>  Preparing: INSERT INTO tb_post ( id , title , content , writer , view_cnt , notice_yn , delete_yn , created_date , modified_date ) VALUES ( ? , ? , ? , ? , 0 , ? , 0 , NOW() , NULL )
2023-04-12 12:42:09,470 DEBUG [com.study.domain.post.PostMapper.save] ==> Parameters: null, 378번 게시글 제목(String), 378번 게시글 내용(String), 테스터378(String), false(Boolean)
2023-04-12 12:42:09,470  INFO [jdbc.sqlonly] INSERT INTO tb_post (

          id
        , title
        , content
        , writer
        , view_cnt
        , notice_yn
        , delete_yn
        , created_date
        , modified_date

        ) VALUES (
              NULL
            , '378번 게시글 제목'
            , '378번 게시글 내용'
            , '테스터378'
            , 0
            , 0
            , 0
            , NOW()
            , NULL
        )

2023-04-12 12:42:09,470 DEBUG [com.study.domain.post.PostMapper.save] <==    Updates: 1
2023-04-12 12:42:09,471  INFO [jdbc.resultsettable] 
|----------|
|insert_id |
|----------|
|378       |
|----------|

2023-04-12 12:42:09,475 DEBUG [com.study.aop.LoggerAspect] Service ===> com.study.domain.post.PostService.savePost()
2023-04-12 12:42:09,475 DEBUG [com.study.aop.LoggerAspect] Mapper ===> com.study.domain.post.PostMapper.save()
2023-04-12 12:42:09,476 DEBUG [com.study.domain.post.PostMapper.save] ==>  Preparing: INSERT INTO tb_post ( id , title , content , writer , view_cnt , notice_yn , delete_yn , created_date , modified_date ) VALUES ( ? , ? , ? , ? , 0 , ? , 0 , NOW() , NULL )
2023-04-12 12:42:09,476 DEBUG [com.study.domain.post.PostMapper.save] ==> Parameters: null, 379번 게시글 제목(String), 379번 게시글 내용(String), 테스터379(String), false(Boolean)
2023-04-12 12:42:09,476  INFO [jdbc.sqlonly] INSERT INTO tb_post (

          id
        , title
        , content
        , writer
        , view_cnt
        , notice_yn
        , delete_yn
        , created_date
        , modified_date

        ) VALUES (
              NULL
            , '379번 게시글 제목'
            , '379번 게시글 내용'
            , '테스터379'
            , 0
            , 0
            , 0
            , NOW()
            , NULL
        )

2023-04-12 12:42:09,476 DEBUG [com.study.domain.post.PostMapper.save] <==    Updates: 1
2023-04-12 12:42:09,476  INFO [jdbc.resultsettable] 
|----------|
|insert_id |
|----------|
|379       |
|----------|

2023-04-12 12:42:09,480 DEBUG [com.study.aop.LoggerAspect] Service ===> com.study.domain.post.PostService.savePost()
2023-04-12 12:42:09,480 DEBUG [com.study.aop.LoggerAspect] Mapper ===> com.study.domain.post.PostMapper.save()
2023-04-12 12:42:09,480 DEBUG [com.study.domain.post.PostMapper.save] ==>  Preparing: INSERT INTO tb_post ( id , title , content , writer , view_cnt , notice_yn , delete_yn , created_date , modified_date ) VALUES ( ? , ? , ? , ? , 0 , ? , 0 , NOW() , NULL )
2023-04-12 12:42:09,481 DEBUG [com.study.domain.post.PostMapper.save] ==> Parameters: null, 380번 게시글 제목(String), 380번 게시글 내용(String), 테스터380(String), false(Boolean)
2023-04-12 12:42:09,481  INFO [jdbc.sqlonly] INSERT INTO tb_post (

          id
        , title
        , content
        , writer
        , view_cnt
        , notice_yn
        , delete_yn
        , created_date
        , modified_date

        ) VALUES (
              NULL
            , '380번 게시글 제목'
            , '380번 게시글 내용'
            , '테스터380'
            , 0
            , 0
            , 0
            , NOW()
            , NULL
        )

2023-04-12 12:42:09,481 DEBUG [com.study.domain.post.PostMapper.save] <==    Updates: 1
2023-04-12 12:42:09,481  INFO [jdbc.resultsettable] 
|----------|
|insert_id |
|----------|
|380       |
|----------|

2023-04-12 12:42:09,485 DEBUG [com.study.aop.LoggerAspect] Service ===> com.study.domain.post.PostService.savePost()
2023-04-12 12:42:09,485 DEBUG [com.study.aop.LoggerAspect] Mapper ===> com.study.domain.post.PostMapper.save()
2023-04-12 12:42:09,485 DEBUG [com.study.domain.post.PostMapper.save] ==>  Preparing: INSERT INTO tb_post ( id , title , content , writer , view_cnt , notice_yn , delete_yn , created_date , modified_date ) VALUES ( ? , ? , ? , ? , 0 , ? , 0 , NOW() , NULL )
2023-04-12 12:42:09,485 DEBUG [com.study.domain.post.PostMapper.save] ==> Parameters: null, 381번 게시글 제목(String), 381번 게시글 내용(String), 테스터381(String), false(Boolean)
2023-04-12 12:42:09,485  INFO [jdbc.sqlonly] INSERT INTO tb_post (

          id
        , title
        , content
        , writer
        , view_cnt
        , notice_yn
        , delete_yn
        , created_date
        , modified_date

        ) VALUES (
              NULL
            , '381번 게시글 제목'
            , '381번 게시글 내용'
            , '테스터381'
            , 0
            , 0
            , 0
            , NOW()
            , NULL
        )

2023-04-12 12:42:09,486 DEBUG [com.study.domain.post.PostMapper.save] <==    Updates: 1
2023-04-12 12:42:09,486  INFO [jdbc.resultsettable] 
|----------|
|insert_id |
|----------|
|381       |
|----------|

2023-04-12 12:42:09,491 DEBUG [com.study.aop.LoggerAspect] Service ===> com.study.domain.post.PostService.savePost()
2023-04-12 12:42:09,491 DEBUG [com.study.aop.LoggerAspect] Mapper ===> com.study.domain.post.PostMapper.save()
2023-04-12 12:42:09,491 DEBUG [com.study.domain.post.PostMapper.save] ==>  Preparing: INSERT INTO tb_post ( id , title , content , writer , view_cnt , notice_yn , delete_yn , created_date , modified_date ) VALUES ( ? , ? , ? , ? , 0 , ? , 0 , NOW() , NULL )
2023-04-12 12:42:09,491 DEBUG [com.study.domain.post.PostMapper.save] ==> Parameters: null, 382번 게시글 제목(String), 382번 게시글 내용(String), 테스터382(String), false(Boolean)
2023-04-12 12:42:09,491  INFO [jdbc.sqlonly] INSERT INTO tb_post (

          id
        , title
        , content
        , writer
        , view_cnt
        , notice_yn
        , delete_yn
        , created_date
        , modified_date

        ) VALUES (
              NULL
            , '382번 게시글 제목'
            , '382번 게시글 내용'
            , '테스터382'
            , 0
            , 0
            , 0
            , NOW()
            , NULL
        )

2023-04-12 12:42:09,491 DEBUG [com.study.domain.post.PostMapper.save] <==    Updates: 1
2023-04-12 12:42:09,492  INFO [jdbc.resultsettable] 
|----------|
|insert_id |
|----------|
|382       |
|----------|

2023-04-12 12:42:09,501 DEBUG [com.study.aop.LoggerAspect] Service ===> com.study.domain.post.PostService.savePost()
2023-04-12 12:42:09,501 DEBUG [com.study.aop.LoggerAspect] Mapper ===> com.study.domain.post.PostMapper.save()
2023-04-12 12:42:09,502 DEBUG [com.study.domain.post.PostMapper.save] ==>  Preparing: INSERT INTO tb_post ( id , title , content , writer , view_cnt , notice_yn , delete_yn , created_date , modified_date ) VALUES ( ? , ? , ? , ? , 0 , ? , 0 , NOW() , NULL )
2023-04-12 12:42:09,502 DEBUG [com.study.domain.post.PostMapper.save] ==> Parameters: null, 383번 게시글 제목(String), 383번 게시글 내용(String), 테스터383(String), false(Boolean)
2023-04-12 12:42:09,502  INFO [jdbc.sqlonly] INSERT INTO tb_post (

          id
        , title
        , content
        , writer
        , view_cnt
        , notice_yn
        , delete_yn
        , created_date
        , modified_date

        ) VALUES (
              NULL
            , '383번 게시글 제목'
            , '383번 게시글 내용'
            , '테스터383'
            , 0
            , 0
            , 0
            , NOW()
            , NULL
        )

2023-04-12 12:42:09,503 DEBUG [com.study.domain.post.PostMapper.save] <==    Updates: 1
2023-04-12 12:42:09,503  INFO [jdbc.resultsettable] 
|----------|
|insert_id |
|----------|
|383       |
|----------|

2023-04-12 12:42:09,509 DEBUG [com.study.aop.LoggerAspect] Service ===> com.study.domain.post.PostService.savePost()
2023-04-12 12:42:09,509 DEBUG [com.study.aop.LoggerAspect] Mapper ===> com.study.domain.post.PostMapper.save()
2023-04-12 12:42:09,509 DEBUG [com.study.domain.post.PostMapper.save] ==>  Preparing: INSERT INTO tb_post ( id , title , content , writer , view_cnt , notice_yn , delete_yn , created_date , modified_date ) VALUES ( ? , ? , ? , ? , 0 , ? , 0 , NOW() , NULL )
2023-04-12 12:42:09,509 DEBUG [com.study.domain.post.PostMapper.save] ==> Parameters: null, 384번 게시글 제목(String), 384번 게시글 내용(String), 테스터384(String), false(Boolean)
2023-04-12 12:42:09,509  INFO [jdbc.sqlonly] INSERT INTO tb_post (

          id
        , title
        , content
        , writer
        , view_cnt
        , notice_yn
        , delete_yn
        , created_date
        , modified_date

        ) VALUES (
              NULL
            , '384번 게시글 제목'
            , '384번 게시글 내용'
            , '테스터384'
            , 0
            , 0
            , 0
            , NOW()
            , NULL
        )

2023-04-12 12:42:09,511 DEBUG [com.study.domain.post.PostMapper.save] <==    Updates: 1
2023-04-12 12:42:09,515  INFO [jdbc.resultsettable] 
|----------|
|insert_id |
|----------|
|384       |
|----------|

2023-04-12 12:42:09,525 DEBUG [com.study.aop.LoggerAspect] Service ===> com.study.domain.post.PostService.savePost()
2023-04-12 12:42:09,525 DEBUG [com.study.aop.LoggerAspect] Mapper ===> com.study.domain.post.PostMapper.save()
2023-04-12 12:42:09,525 DEBUG [com.study.domain.post.PostMapper.save] ==>  Preparing: INSERT INTO tb_post ( id , title , content , writer , view_cnt , notice_yn , delete_yn , created_date , modified_date ) VALUES ( ? , ? , ? , ? , 0 , ? , 0 , NOW() , NULL )
2023-04-12 12:42:09,525 DEBUG [com.study.domain.post.PostMapper.save] ==> Parameters: null, 385번 게시글 제목(String), 385번 게시글 내용(String), 테스터385(String), false(Boolean)
2023-04-12 12:42:09,525  INFO [jdbc.sqlonly] INSERT INTO tb_post (

          id
        , title
        , content
        , writer
        , view_cnt
        , notice_yn
        , delete_yn
        , created_date
        , modified_date

        ) VALUES (
              NULL
            , '385번 게시글 제목'
            , '385번 게시글 내용'
            , '테스터385'
            , 0
            , 0
            , 0
            , NOW()
            , NULL
        )

2023-04-12 12:42:09,617 DEBUG [com.study.domain.post.PostMapper.save] <==    Updates: 1
2023-04-12 12:42:09,618  INFO [jdbc.resultsettable] 
|----------|
|insert_id |
|----------|
|385       |
|----------|

2023-04-12 12:42:09,621 DEBUG [com.study.aop.LoggerAspect] Service ===> com.study.domain.post.PostService.savePost()
2023-04-12 12:42:09,621 DEBUG [com.study.aop.LoggerAspect] Mapper ===> com.study.domain.post.PostMapper.save()
2023-04-12 12:42:09,621 DEBUG [com.study.domain.post.PostMapper.save] ==>  Preparing: INSERT INTO tb_post ( id , title , content , writer , view_cnt , notice_yn , delete_yn , created_date , modified_date ) VALUES ( ? , ? , ? , ? , 0 , ? , 0 , NOW() , NULL )
2023-04-12 12:42:09,621 DEBUG [com.study.domain.post.PostMapper.save] ==> Parameters: null, 386번 게시글 제목(String), 386번 게시글 내용(String), 테스터386(String), false(Boolean)
2023-04-12 12:42:09,621  INFO [jdbc.sqlonly] INSERT INTO tb_post (

          id
        , title
        , content
        , writer
        , view_cnt
        , notice_yn
        , delete_yn
        , created_date
        , modified_date

        ) VALUES (
              NULL
            , '386번 게시글 제목'
            , '386번 게시글 내용'
            , '테스터386'
            , 0
            , 0
            , 0
            , NOW()
            , NULL
        )

2023-04-12 12:42:09,622 DEBUG [com.study.domain.post.PostMapper.save] <==    Updates: 1
2023-04-12 12:42:09,622  INFO [jdbc.resultsettable] 
|----------|
|insert_id |
|----------|
|386       |
|----------|

2023-04-12 12:42:09,623 DEBUG [com.study.aop.LoggerAspect] Service ===> com.study.domain.post.PostService.savePost()
2023-04-12 12:42:09,624 DEBUG [com.study.aop.LoggerAspect] Mapper ===> com.study.domain.post.PostMapper.save()
2023-04-12 12:42:09,624 DEBUG [com.study.domain.post.PostMapper.save] ==>  Preparing: INSERT INTO tb_post ( id , title , content , writer , view_cnt , notice_yn , delete_yn , created_date , modified_date ) VALUES ( ? , ? , ? , ? , 0 , ? , 0 , NOW() , NULL )
2023-04-12 12:42:09,624 DEBUG [com.study.domain.post.PostMapper.save] ==> Parameters: null, 387번 게시글 제목(String), 387번 게시글 내용(String), 테스터387(String), false(Boolean)
2023-04-12 12:42:09,624  INFO [jdbc.sqlonly] INSERT INTO tb_post (

          id
        , title
        , content
        , writer
        , view_cnt
        , notice_yn
        , delete_yn
        , created_date
        , modified_date

        ) VALUES (
              NULL
            , '387번 게시글 제목'
            , '387번 게시글 내용'
            , '테스터387'
            , 0
            , 0
            , 0
            , NOW()
            , NULL
        )

2023-04-12 12:42:09,624 DEBUG [com.study.domain.post.PostMapper.save] <==    Updates: 1
2023-04-12 12:42:09,624  INFO [jdbc.resultsettable] 
|----------|
|insert_id |
|----------|
|387       |
|----------|

2023-04-12 12:42:09,626 DEBUG [com.study.aop.LoggerAspect] Service ===> com.study.domain.post.PostService.savePost()
2023-04-12 12:42:09,626 DEBUG [com.study.aop.LoggerAspect] Mapper ===> com.study.domain.post.PostMapper.save()
2023-04-12 12:42:09,626 DEBUG [com.study.domain.post.PostMapper.save] ==>  Preparing: INSERT INTO tb_post ( id , title , content , writer , view_cnt , notice_yn , delete_yn , created_date , modified_date ) VALUES ( ? , ? , ? , ? , 0 , ? , 0 , NOW() , NULL )
2023-04-12 12:42:09,626 DEBUG [com.study.domain.post.PostMapper.save] ==> Parameters: null, 388번 게시글 제목(String), 388번 게시글 내용(String), 테스터388(String), false(Boolean)
2023-04-12 12:42:09,626  INFO [jdbc.sqlonly] INSERT INTO tb_post (

          id
        , title
        , content
        , writer
        , view_cnt
        , notice_yn
        , delete_yn
        , created_date
        , modified_date

        ) VALUES (
              NULL
            , '388번 게시글 제목'
            , '388번 게시글 내용'
            , '테스터388'
            , 0
            , 0
            , 0
            , NOW()
            , NULL
        )

2023-04-12 12:42:09,626 DEBUG [com.study.domain.post.PostMapper.save] <==    Updates: 1
2023-04-12 12:42:09,627  INFO [jdbc.resultsettable] 
|----------|
|insert_id |
|----------|
|388       |
|----------|

2023-04-12 12:42:09,628 DEBUG [com.study.aop.LoggerAspect] Service ===> com.study.domain.post.PostService.savePost()
2023-04-12 12:42:09,629 DEBUG [com.study.aop.LoggerAspect] Mapper ===> com.study.domain.post.PostMapper.save()
2023-04-12 12:42:09,629 DEBUG [com.study.domain.post.PostMapper.save] ==>  Preparing: INSERT INTO tb_post ( id , title , content , writer , view_cnt , notice_yn , delete_yn , created_date , modified_date ) VALUES ( ? , ? , ? , ? , 0 , ? , 0 , NOW() , NULL )
2023-04-12 12:42:09,629 DEBUG [com.study.domain.post.PostMapper.save] ==> Parameters: null, 389번 게시글 제목(String), 389번 게시글 내용(String), 테스터389(String), false(Boolean)
2023-04-12 12:42:09,629  INFO [jdbc.sqlonly] INSERT INTO tb_post (

          id
        , title
        , content
        , writer
        , view_cnt
        , notice_yn
        , delete_yn
        , created_date
        , modified_date

        ) VALUES (
              NULL
            , '389번 게시글 제목'
            , '389번 게시글 내용'
            , '테스터389'
            , 0
            , 0
            , 0
            , NOW()
            , NULL
        )

2023-04-12 12:42:09,629 DEBUG [com.study.domain.post.PostMapper.save] <==    Updates: 1
2023-04-12 12:42:09,629  INFO [jdbc.resultsettable] 
|----------|
|insert_id |
|----------|
|389       |
|----------|

2023-04-12 12:42:09,631 DEBUG [com.study.aop.LoggerAspect] Service ===> com.study.domain.post.PostService.savePost()
2023-04-12 12:42:09,631 DEBUG [com.study.aop.LoggerAspect] Mapper ===> com.study.domain.post.PostMapper.save()
2023-04-12 12:42:09,631 DEBUG [com.study.domain.post.PostMapper.save] ==>  Preparing: INSERT INTO tb_post ( id , title , content , writer , view_cnt , notice_yn , delete_yn , created_date , modified_date ) VALUES ( ? , ? , ? , ? , 0 , ? , 0 , NOW() , NULL )
2023-04-12 12:42:09,631 DEBUG [com.study.domain.post.PostMapper.save] ==> Parameters: null, 390번 게시글 제목(String), 390번 게시글 내용(String), 테스터390(String), false(Boolean)
2023-04-12 12:42:09,631  INFO [jdbc.sqlonly] INSERT INTO tb_post (

          id
        , title
        , content
        , writer
        , view_cnt
        , notice_yn
        , delete_yn
        , created_date
        , modified_date

        ) VALUES (
              NULL
            , '390번 게시글 제목'
            , '390번 게시글 내용'
            , '테스터390'
            , 0
            , 0
            , 0
            , NOW()
            , NULL
        )

2023-04-12 12:42:09,632 DEBUG [com.study.domain.post.PostMapper.save] <==    Updates: 1
2023-04-12 12:42:09,632  INFO [jdbc.resultsettable] 
|----------|
|insert_id |
|----------|
|390       |
|----------|

2023-04-12 12:42:09,633 DEBUG [com.study.aop.LoggerAspect] Service ===> com.study.domain.post.PostService.savePost()
2023-04-12 12:42:09,634 DEBUG [com.study.aop.LoggerAspect] Mapper ===> com.study.domain.post.PostMapper.save()
2023-04-12 12:42:09,634 DEBUG [com.study.domain.post.PostMapper.save] ==>  Preparing: INSERT INTO tb_post ( id , title , content , writer , view_cnt , notice_yn , delete_yn , created_date , modified_date ) VALUES ( ? , ? , ? , ? , 0 , ? , 0 , NOW() , NULL )
2023-04-12 12:42:09,634 DEBUG [com.study.domain.post.PostMapper.save] ==> Parameters: null, 391번 게시글 제목(String), 391번 게시글 내용(String), 테스터391(String), false(Boolean)
2023-04-12 12:42:09,634  INFO [jdbc.sqlonly] INSERT INTO tb_post (

          id
        , title
        , content
        , writer
        , view_cnt
        , notice_yn
        , delete_yn
        , created_date
        , modified_date

        ) VALUES (
              NULL
            , '391번 게시글 제목'
            , '391번 게시글 내용'
            , '테스터391'
            , 0
            , 0
            , 0
            , NOW()
            , NULL
        )

2023-04-12 12:42:09,634 DEBUG [com.study.domain.post.PostMapper.save] <==    Updates: 1
2023-04-12 12:42:09,634  INFO [jdbc.resultsettable] 
|----------|
|insert_id |
|----------|
|391       |
|----------|

2023-04-12 12:42:09,636 DEBUG [com.study.aop.LoggerAspect] Service ===> com.study.domain.post.PostService.savePost()
2023-04-12 12:42:09,636 DEBUG [com.study.aop.LoggerAspect] Mapper ===> com.study.domain.post.PostMapper.save()
2023-04-12 12:42:09,636 DEBUG [com.study.domain.post.PostMapper.save] ==>  Preparing: INSERT INTO tb_post ( id , title , content , writer , view_cnt , notice_yn , delete_yn , created_date , modified_date ) VALUES ( ? , ? , ? , ? , 0 , ? , 0 , NOW() , NULL )
2023-04-12 12:42:09,636 DEBUG [com.study.domain.post.PostMapper.save] ==> Parameters: null, 392번 게시글 제목(String), 392번 게시글 내용(String), 테스터392(String), false(Boolean)
2023-04-12 12:42:09,636  INFO [jdbc.sqlonly] INSERT INTO tb_post (

          id
        , title
        , content
        , writer
        , view_cnt
        , notice_yn
        , delete_yn
        , created_date
        , modified_date

        ) VALUES (
              NULL
            , '392번 게시글 제목'
            , '392번 게시글 내용'
            , '테스터392'
            , 0
            , 0
            , 0
            , NOW()
            , NULL
        )

2023-04-12 12:42:09,637 DEBUG [com.study.domain.post.PostMapper.save] <==    Updates: 1
2023-04-12 12:42:09,637  INFO [jdbc.resultsettable] 
|----------|
|insert_id |
|----------|
|392       |
|----------|

2023-04-12 12:42:09,639 DEBUG [com.study.aop.LoggerAspect] Service ===> com.study.domain.post.PostService.savePost()
2023-04-12 12:42:09,639 DEBUG [com.study.aop.LoggerAspect] Mapper ===> com.study.domain.post.PostMapper.save()
2023-04-12 12:42:09,639 DEBUG [com.study.domain.post.PostMapper.save] ==>  Preparing: INSERT INTO tb_post ( id , title , content , writer , view_cnt , notice_yn , delete_yn , created_date , modified_date ) VALUES ( ? , ? , ? , ? , 0 , ? , 0 , NOW() , NULL )
2023-04-12 12:42:09,640 DEBUG [com.study.domain.post.PostMapper.save] ==> Parameters: null, 393번 게시글 제목(String), 393번 게시글 내용(String), 테스터393(String), false(Boolean)
2023-04-12 12:42:09,640  INFO [jdbc.sqlonly] INSERT INTO tb_post (

          id
        , title
        , content
        , writer
        , view_cnt
        , notice_yn
        , delete_yn
        , created_date
        , modified_date

        ) VALUES (
              NULL
            , '393번 게시글 제목'
            , '393번 게시글 내용'
            , '테스터393'
            , 0
            , 0
            , 0
            , NOW()
            , NULL
        )

2023-04-12 12:42:09,640 DEBUG [com.study.domain.post.PostMapper.save] <==    Updates: 1
2023-04-12 12:42:09,640  INFO [jdbc.resultsettable] 
|----------|
|insert_id |
|----------|
|393       |
|----------|

2023-04-12 12:42:09,642 DEBUG [com.study.aop.LoggerAspect] Service ===> com.study.domain.post.PostService.savePost()
2023-04-12 12:42:09,642 DEBUG [com.study.aop.LoggerAspect] Mapper ===> com.study.domain.post.PostMapper.save()
2023-04-12 12:42:09,642 DEBUG [com.study.domain.post.PostMapper.save] ==>  Preparing: INSERT INTO tb_post ( id , title , content , writer , view_cnt , notice_yn , delete_yn , created_date , modified_date ) VALUES ( ? , ? , ? , ? , 0 , ? , 0 , NOW() , NULL )
2023-04-12 12:42:09,642 DEBUG [com.study.domain.post.PostMapper.save] ==> Parameters: null, 394번 게시글 제목(String), 394번 게시글 내용(String), 테스터394(String), false(Boolean)
2023-04-12 12:42:09,642  INFO [jdbc.sqlonly] INSERT INTO tb_post (

          id
        , title
        , content
        , writer
        , view_cnt
        , notice_yn
        , delete_yn
        , created_date
        , modified_date

        ) VALUES (
              NULL
            , '394번 게시글 제목'
            , '394번 게시글 내용'
            , '테스터394'
            , 0
            , 0
            , 0
            , NOW()
            , NULL
        )

2023-04-12 12:42:09,643 DEBUG [com.study.domain.post.PostMapper.save] <==    Updates: 1
2023-04-12 12:42:09,643  INFO [jdbc.resultsettable] 
|----------|
|insert_id |
|----------|
|394       |
|----------|

2023-04-12 12:42:09,645 DEBUG [com.study.aop.LoggerAspect] Service ===> com.study.domain.post.PostService.savePost()
2023-04-12 12:42:09,645 DEBUG [com.study.aop.LoggerAspect] Mapper ===> com.study.domain.post.PostMapper.save()
2023-04-12 12:42:09,645 DEBUG [com.study.domain.post.PostMapper.save] ==>  Preparing: INSERT INTO tb_post ( id , title , content , writer , view_cnt , notice_yn , delete_yn , created_date , modified_date ) VALUES ( ? , ? , ? , ? , 0 , ? , 0 , NOW() , NULL )
2023-04-12 12:42:09,645 DEBUG [com.study.domain.post.PostMapper.save] ==> Parameters: null, 395번 게시글 제목(String), 395번 게시글 내용(String), 테스터395(String), false(Boolean)
2023-04-12 12:42:09,645  INFO [jdbc.sqlonly] INSERT INTO tb_post (

          id
        , title
        , content
        , writer
        , view_cnt
        , notice_yn
        , delete_yn
        , created_date
        , modified_date

        ) VALUES (
              NULL
            , '395번 게시글 제목'
            , '395번 게시글 내용'
            , '테스터395'
            , 0
            , 0
            , 0
            , NOW()
            , NULL
        )

2023-04-12 12:42:09,645 DEBUG [com.study.domain.post.PostMapper.save] <==    Updates: 1
2023-04-12 12:42:09,645  INFO [jdbc.resultsettable] 
|----------|
|insert_id |
|----------|
|395       |
|----------|

2023-04-12 12:42:09,647 DEBUG [com.study.aop.LoggerAspect] Service ===> com.study.domain.post.PostService.savePost()
2023-04-12 12:42:09,647 DEBUG [com.study.aop.LoggerAspect] Mapper ===> com.study.domain.post.PostMapper.save()
2023-04-12 12:42:09,647 DEBUG [com.study.domain.post.PostMapper.save] ==>  Preparing: INSERT INTO tb_post ( id , title , content , writer , view_cnt , notice_yn , delete_yn , created_date , modified_date ) VALUES ( ? , ? , ? , ? , 0 , ? , 0 , NOW() , NULL )
2023-04-12 12:42:09,647 DEBUG [com.study.domain.post.PostMapper.save] ==> Parameters: null, 396번 게시글 제목(String), 396번 게시글 내용(String), 테스터396(String), false(Boolean)
2023-04-12 12:42:09,647  INFO [jdbc.sqlonly] INSERT INTO tb_post (

          id
        , title
        , content
        , writer
        , view_cnt
        , notice_yn
        , delete_yn
        , created_date
        , modified_date

        ) VALUES (
              NULL
            , '396번 게시글 제목'
            , '396번 게시글 내용'
            , '테스터396'
            , 0
            , 0
            , 0
            , NOW()
            , NULL
        )

2023-04-12 12:42:09,648 DEBUG [com.study.domain.post.PostMapper.save] <==    Updates: 1
2023-04-12 12:42:09,648  INFO [jdbc.resultsettable] 
|----------|
|insert_id |
|----------|
|396       |
|----------|

2023-04-12 12:42:09,649 DEBUG [com.study.aop.LoggerAspect] Service ===> com.study.domain.post.PostService.savePost()
2023-04-12 12:42:09,649 DEBUG [com.study.aop.LoggerAspect] Mapper ===> com.study.domain.post.PostMapper.save()
2023-04-12 12:42:09,649 DEBUG [com.study.domain.post.PostMapper.save] ==>  Preparing: INSERT INTO tb_post ( id , title , content , writer , view_cnt , notice_yn , delete_yn , created_date , modified_date ) VALUES ( ? , ? , ? , ? , 0 , ? , 0 , NOW() , NULL )
2023-04-12 12:42:09,650 DEBUG [com.study.domain.post.PostMapper.save] ==> Parameters: null, 397번 게시글 제목(String), 397번 게시글 내용(String), 테스터397(String), false(Boolean)
2023-04-12 12:42:09,650  INFO [jdbc.sqlonly] INSERT INTO tb_post (

          id
        , title
        , content
        , writer
        , view_cnt
        , notice_yn
        , delete_yn
        , created_date
        , modified_date

        ) VALUES (
              NULL
            , '397번 게시글 제목'
            , '397번 게시글 내용'
            , '테스터397'
            , 0
            , 0
            , 0
            , NOW()
            , NULL
        )

2023-04-12 12:42:09,650 DEBUG [com.study.domain.post.PostMapper.save] <==    Updates: 1
2023-04-12 12:42:09,650  INFO [jdbc.resultsettable] 
|----------|
|insert_id |
|----------|
|397       |
|----------|

2023-04-12 12:42:09,652 DEBUG [com.study.aop.LoggerAspect] Service ===> com.study.domain.post.PostService.savePost()
2023-04-12 12:42:09,652 DEBUG [com.study.aop.LoggerAspect] Mapper ===> com.study.domain.post.PostMapper.save()
2023-04-12 12:42:09,652 DEBUG [com.study.domain.post.PostMapper.save] ==>  Preparing: INSERT INTO tb_post ( id , title , content , writer , view_cnt , notice_yn , delete_yn , created_date , modified_date ) VALUES ( ? , ? , ? , ? , 0 , ? , 0 , NOW() , NULL )
2023-04-12 12:42:09,652 DEBUG [com.study.domain.post.PostMapper.save] ==> Parameters: null, 398번 게시글 제목(String), 398번 게시글 내용(String), 테스터398(String), false(Boolean)
2023-04-12 12:42:09,652  INFO [jdbc.sqlonly] INSERT INTO tb_post (

          id
        , title
        , content
        , writer
        , view_cnt
        , notice_yn
        , delete_yn
        , created_date
        , modified_date

        ) VALUES (
              NULL
            , '398번 게시글 제목'
            , '398번 게시글 내용'
            , '테스터398'
            , 0
            , 0
            , 0
            , NOW()
            , NULL
        )

2023-04-12 12:42:09,652 DEBUG [com.study.domain.post.PostMapper.save] <==    Updates: 1
2023-04-12 12:42:09,652  INFO [jdbc.resultsettable] 
|----------|
|insert_id |
|----------|
|398       |
|----------|

2023-04-12 12:42:09,654 DEBUG [com.study.aop.LoggerAspect] Service ===> com.study.domain.post.PostService.savePost()
2023-04-12 12:42:09,654 DEBUG [com.study.aop.LoggerAspect] Mapper ===> com.study.domain.post.PostMapper.save()
2023-04-12 12:42:09,654 DEBUG [com.study.domain.post.PostMapper.save] ==>  Preparing: INSERT INTO tb_post ( id , title , content , writer , view_cnt , notice_yn , delete_yn , created_date , modified_date ) VALUES ( ? , ? , ? , ? , 0 , ? , 0 , NOW() , NULL )
2023-04-12 12:42:09,654 DEBUG [com.study.domain.post.PostMapper.save] ==> Parameters: null, 399번 게시글 제목(String), 399번 게시글 내용(String), 테스터399(String), false(Boolean)
2023-04-12 12:42:09,654  INFO [jdbc.sqlonly] INSERT INTO tb_post (

          id
        , title
        , content
        , writer
        , view_cnt
        , notice_yn
        , delete_yn
        , created_date
        , modified_date

        ) VALUES (
              NULL
            , '399번 게시글 제목'
            , '399번 게시글 내용'
            , '테스터399'
            , 0
            , 0
            , 0
            , NOW()
            , NULL
        )

2023-04-12 12:42:09,654 DEBUG [com.study.domain.post.PostMapper.save] <==    Updates: 1
2023-04-12 12:42:09,655  INFO [jdbc.resultsettable] 
|----------|
|insert_id |
|----------|
|399       |
|----------|

2023-04-12 12:42:09,656 DEBUG [com.study.aop.LoggerAspect] Service ===> com.study.domain.post.PostService.savePost()
2023-04-12 12:42:09,656 DEBUG [com.study.aop.LoggerAspect] Mapper ===> com.study.domain.post.PostMapper.save()
2023-04-12 12:42:09,656 DEBUG [com.study.domain.post.PostMapper.save] ==>  Preparing: INSERT INTO tb_post ( id , title , content , writer , view_cnt , notice_yn , delete_yn , created_date , modified_date ) VALUES ( ? , ? , ? , ? , 0 , ? , 0 , NOW() , NULL )
2023-04-12 12:42:09,656 DEBUG [com.study.domain.post.PostMapper.save] ==> Parameters: null, 400번 게시글 제목(String), 400번 게시글 내용(String), 테스터400(String), false(Boolean)
2023-04-12 12:42:09,656  INFO [jdbc.sqlonly] INSERT INTO tb_post (

          id
        , title
        , content
        , writer
        , view_cnt
        , notice_yn
        , delete_yn
        , created_date
        , modified_date

        ) VALUES (
              NULL
            , '400번 게시글 제목'
            , '400번 게시글 내용'
            , '테스터400'
            , 0
            , 0
            , 0
            , NOW()
            , NULL
        )

2023-04-12 12:42:09,657 DEBUG [com.study.domain.post.PostMapper.save] <==    Updates: 1
2023-04-12 12:42:09,657  INFO [jdbc.resultsettable] 
|----------|
|insert_id |
|----------|
|400       |
|----------|

2023-04-12 12:42:09,661 DEBUG [com.study.aop.LoggerAspect] Service ===> com.study.domain.post.PostService.savePost()
2023-04-12 12:42:09,661 DEBUG [com.study.aop.LoggerAspect] Mapper ===> com.study.domain.post.PostMapper.save()
2023-04-12 12:42:09,661 DEBUG [com.study.domain.post.PostMapper.save] ==>  Preparing: INSERT INTO tb_post ( id , title , content , writer , view_cnt , notice_yn , delete_yn , created_date , modified_date ) VALUES ( ? , ? , ? , ? , 0 , ? , 0 , NOW() , NULL )
2023-04-12 12:42:09,661 DEBUG [com.study.domain.post.PostMapper.save] ==> Parameters: null, 401번 게시글 제목(String), 401번 게시글 내용(String), 테스터401(String), false(Boolean)
2023-04-12 12:42:09,661  INFO [jdbc.sqlonly] INSERT INTO tb_post (

          id
        , title
        , content
        , writer
        , view_cnt
        , notice_yn
        , delete_yn
        , created_date
        , modified_date

        ) VALUES (
              NULL
            , '401번 게시글 제목'
            , '401번 게시글 내용'
            , '테스터401'
            , 0
            , 0
            , 0
            , NOW()
            , NULL
        )

2023-04-12 12:42:09,661 DEBUG [com.study.domain.post.PostMapper.save] <==    Updates: 1
2023-04-12 12:42:09,662  INFO [jdbc.resultsettable] 
|----------|
|insert_id |
|----------|
|401       |
|----------|

2023-04-12 12:42:09,663 DEBUG [com.study.aop.LoggerAspect] Service ===> com.study.domain.post.PostService.savePost()
2023-04-12 12:42:09,663 DEBUG [com.study.aop.LoggerAspect] Mapper ===> com.study.domain.post.PostMapper.save()
2023-04-12 12:42:09,663 DEBUG [com.study.domain.post.PostMapper.save] ==>  Preparing: INSERT INTO tb_post ( id , title , content , writer , view_cnt , notice_yn , delete_yn , created_date , modified_date ) VALUES ( ? , ? , ? , ? , 0 , ? , 0 , NOW() , NULL )
2023-04-12 12:42:09,663 DEBUG [com.study.domain.post.PostMapper.save] ==> Parameters: null, 402번 게시글 제목(String), 402번 게시글 내용(String), 테스터402(String), false(Boolean)
2023-04-12 12:42:09,663  INFO [jdbc.sqlonly] INSERT INTO tb_post (

          id
        , title
        , content
        , writer
        , view_cnt
        , notice_yn
        , delete_yn
        , created_date
        , modified_date

        ) VALUES (
              NULL
            , '402번 게시글 제목'
            , '402번 게시글 내용'
            , '테스터402'
            , 0
            , 0
            , 0
            , NOW()
            , NULL
        )

2023-04-12 12:42:09,664 DEBUG [com.study.domain.post.PostMapper.save] <==    Updates: 1
2023-04-12 12:42:09,664  INFO [jdbc.resultsettable] 
|----------|
|insert_id |
|----------|
|402       |
|----------|

2023-04-12 12:42:09,665 DEBUG [com.study.aop.LoggerAspect] Service ===> com.study.domain.post.PostService.savePost()
2023-04-12 12:42:09,665 DEBUG [com.study.aop.LoggerAspect] Mapper ===> com.study.domain.post.PostMapper.save()
2023-04-12 12:42:09,665 DEBUG [com.study.domain.post.PostMapper.save] ==>  Preparing: INSERT INTO tb_post ( id , title , content , writer , view_cnt , notice_yn , delete_yn , created_date , modified_date ) VALUES ( ? , ? , ? , ? , 0 , ? , 0 , NOW() , NULL )
2023-04-12 12:42:09,665 DEBUG [com.study.domain.post.PostMapper.save] ==> Parameters: null, 403번 게시글 제목(String), 403번 게시글 내용(String), 테스터403(String), false(Boolean)
2023-04-12 12:42:09,665  INFO [jdbc.sqlonly] INSERT INTO tb_post (

          id
        , title
        , content
        , writer
        , view_cnt
        , notice_yn
        , delete_yn
        , created_date
        , modified_date

        ) VALUES (
              NULL
            , '403번 게시글 제목'
            , '403번 게시글 내용'
            , '테스터403'
            , 0
            , 0
            , 0
            , NOW()
            , NULL
        )

2023-04-12 12:42:09,666 DEBUG [com.study.domain.post.PostMapper.save] <==    Updates: 1
2023-04-12 12:42:09,666  INFO [jdbc.resultsettable] 
|----------|
|insert_id |
|----------|
|403       |
|----------|

2023-04-12 12:42:09,667 DEBUG [com.study.aop.LoggerAspect] Service ===> com.study.domain.post.PostService.savePost()
2023-04-12 12:42:09,667 DEBUG [com.study.aop.LoggerAspect] Mapper ===> com.study.domain.post.PostMapper.save()
2023-04-12 12:42:09,668 DEBUG [com.study.domain.post.PostMapper.save] ==>  Preparing: INSERT INTO tb_post ( id , title , content , writer , view_cnt , notice_yn , delete_yn , created_date , modified_date ) VALUES ( ? , ? , ? , ? , 0 , ? , 0 , NOW() , NULL )
2023-04-12 12:42:09,668 DEBUG [com.study.domain.post.PostMapper.save] ==> Parameters: null, 404번 게시글 제목(String), 404번 게시글 내용(String), 테스터404(String), false(Boolean)
2023-04-12 12:42:09,668  INFO [jdbc.sqlonly] INSERT INTO tb_post (

          id
        , title
        , content
        , writer
        , view_cnt
        , notice_yn
        , delete_yn
        , created_date
        , modified_date

        ) VALUES (
              NULL
            , '404번 게시글 제목'
            , '404번 게시글 내용'
            , '테스터404'
            , 0
            , 0
            , 0
            , NOW()
            , NULL
        )

2023-04-12 12:42:09,668 DEBUG [com.study.domain.post.PostMapper.save] <==    Updates: 1
2023-04-12 12:42:09,668  INFO [jdbc.resultsettable] 
|----------|
|insert_id |
|----------|
|404       |
|----------|

2023-04-12 12:42:09,670 DEBUG [com.study.aop.LoggerAspect] Service ===> com.study.domain.post.PostService.savePost()
2023-04-12 12:42:09,670 DEBUG [com.study.aop.LoggerAspect] Mapper ===> com.study.domain.post.PostMapper.save()
2023-04-12 12:42:09,670 DEBUG [com.study.domain.post.PostMapper.save] ==>  Preparing: INSERT INTO tb_post ( id , title , content , writer , view_cnt , notice_yn , delete_yn , created_date , modified_date ) VALUES ( ? , ? , ? , ? , 0 , ? , 0 , NOW() , NULL )
2023-04-12 12:42:09,670 DEBUG [com.study.domain.post.PostMapper.save] ==> Parameters: null, 405번 게시글 제목(String), 405번 게시글 내용(String), 테스터405(String), false(Boolean)
2023-04-12 12:42:09,670  INFO [jdbc.sqlonly] INSERT INTO tb_post (

          id
        , title
        , content
        , writer
        , view_cnt
        , notice_yn
        , delete_yn
        , created_date
        , modified_date

        ) VALUES (
              NULL
            , '405번 게시글 제목'
            , '405번 게시글 내용'
            , '테스터405'
            , 0
            , 0
            , 0
            , NOW()
            , NULL
        )

2023-04-12 12:42:09,670 DEBUG [com.study.domain.post.PostMapper.save] <==    Updates: 1
2023-04-12 12:42:09,671  INFO [jdbc.resultsettable] 
|----------|
|insert_id |
|----------|
|405       |
|----------|

2023-04-12 12:42:09,673 DEBUG [com.study.aop.LoggerAspect] Service ===> com.study.domain.post.PostService.savePost()
2023-04-12 12:42:09,673 DEBUG [com.study.aop.LoggerAspect] Mapper ===> com.study.domain.post.PostMapper.save()
2023-04-12 12:42:09,674 DEBUG [com.study.domain.post.PostMapper.save] ==>  Preparing: INSERT INTO tb_post ( id , title , content , writer , view_cnt , notice_yn , delete_yn , created_date , modified_date ) VALUES ( ? , ? , ? , ? , 0 , ? , 0 , NOW() , NULL )
2023-04-12 12:42:09,674 DEBUG [com.study.domain.post.PostMapper.save] ==> Parameters: null, 406번 게시글 제목(String), 406번 게시글 내용(String), 테스터406(String), false(Boolean)
2023-04-12 12:42:09,674  INFO [jdbc.sqlonly] INSERT INTO tb_post (

          id
        , title
        , content
        , writer
        , view_cnt
        , notice_yn
        , delete_yn
        , created_date
        , modified_date

        ) VALUES (
              NULL
            , '406번 게시글 제목'
            , '406번 게시글 내용'
            , '테스터406'
            , 0
            , 0
            , 0
            , NOW()
            , NULL
        )

2023-04-12 12:42:09,674 DEBUG [com.study.domain.post.PostMapper.save] <==    Updates: 1
2023-04-12 12:42:09,674  INFO [jdbc.resultsettable] 
|----------|
|insert_id |
|----------|
|406       |
|----------|

2023-04-12 12:42:09,676 DEBUG [com.study.aop.LoggerAspect] Service ===> com.study.domain.post.PostService.savePost()
2023-04-12 12:42:09,676 DEBUG [com.study.aop.LoggerAspect] Mapper ===> com.study.domain.post.PostMapper.save()
2023-04-12 12:42:09,676 DEBUG [com.study.domain.post.PostMapper.save] ==>  Preparing: INSERT INTO tb_post ( id , title , content , writer , view_cnt , notice_yn , delete_yn , created_date , modified_date ) VALUES ( ? , ? , ? , ? , 0 , ? , 0 , NOW() , NULL )
2023-04-12 12:42:09,676 DEBUG [com.study.domain.post.PostMapper.save] ==> Parameters: null, 407번 게시글 제목(String), 407번 게시글 내용(String), 테스터407(String), false(Boolean)
2023-04-12 12:42:09,676  INFO [jdbc.sqlonly] INSERT INTO tb_post (

          id
        , title
        , content
        , writer
        , view_cnt
        , notice_yn
        , delete_yn
        , created_date
        , modified_date

        ) VALUES (
              NULL
            , '407번 게시글 제목'
            , '407번 게시글 내용'
            , '테스터407'
            , 0
            , 0
            , 0
            , NOW()
            , NULL
        )

2023-04-12 12:42:09,676 DEBUG [com.study.domain.post.PostMapper.save] <==    Updates: 1
2023-04-12 12:42:09,677  INFO [jdbc.resultsettable] 
|----------|
|insert_id |
|----------|
|407       |
|----------|

2023-04-12 12:42:09,679 DEBUG [com.study.aop.LoggerAspect] Service ===> com.study.domain.post.PostService.savePost()
2023-04-12 12:42:09,679 DEBUG [com.study.aop.LoggerAspect] Mapper ===> com.study.domain.post.PostMapper.save()
2023-04-12 12:42:09,679 DEBUG [com.study.domain.post.PostMapper.save] ==>  Preparing: INSERT INTO tb_post ( id , title , content , writer , view_cnt , notice_yn , delete_yn , created_date , modified_date ) VALUES ( ? , ? , ? , ? , 0 , ? , 0 , NOW() , NULL )
2023-04-12 12:42:09,679 DEBUG [com.study.domain.post.PostMapper.save] ==> Parameters: null, 408번 게시글 제목(String), 408번 게시글 내용(String), 테스터408(String), false(Boolean)
2023-04-12 12:42:09,679  INFO [jdbc.sqlonly] INSERT INTO tb_post (

          id
        , title
        , content
        , writer
        , view_cnt
        , notice_yn
        , delete_yn
        , created_date
        , modified_date

        ) VALUES (
              NULL
            , '408번 게시글 제목'
            , '408번 게시글 내용'
            , '테스터408'
            , 0
            , 0
            , 0
            , NOW()
            , NULL
        )

2023-04-12 12:42:09,679 DEBUG [com.study.domain.post.PostMapper.save] <==    Updates: 1
2023-04-12 12:42:09,679  INFO [jdbc.resultsettable] 
|----------|
|insert_id |
|----------|
|408       |
|----------|

2023-04-12 12:42:09,681 DEBUG [com.study.aop.LoggerAspect] Service ===> com.study.domain.post.PostService.savePost()
2023-04-12 12:42:09,681 DEBUG [com.study.aop.LoggerAspect] Mapper ===> com.study.domain.post.PostMapper.save()
2023-04-12 12:42:09,681 DEBUG [com.study.domain.post.PostMapper.save] ==>  Preparing: INSERT INTO tb_post ( id , title , content , writer , view_cnt , notice_yn , delete_yn , created_date , modified_date ) VALUES ( ? , ? , ? , ? , 0 , ? , 0 , NOW() , NULL )
2023-04-12 12:42:09,682 DEBUG [com.study.domain.post.PostMapper.save] ==> Parameters: null, 409번 게시글 제목(String), 409번 게시글 내용(String), 테스터409(String), false(Boolean)
2023-04-12 12:42:09,682  INFO [jdbc.sqlonly] INSERT INTO tb_post (

          id
        , title
        , content
        , writer
        , view_cnt
        , notice_yn
        , delete_yn
        , created_date
        , modified_date

        ) VALUES (
              NULL
            , '409번 게시글 제목'
            , '409번 게시글 내용'
            , '테스터409'
            , 0
            , 0
            , 0
            , NOW()
            , NULL
        )

2023-04-12 12:42:09,682 DEBUG [com.study.domain.post.PostMapper.save] <==    Updates: 1
2023-04-12 12:42:09,682  INFO [jdbc.resultsettable] 
|----------|
|insert_id |
|----------|
|409       |
|----------|

2023-04-12 12:42:09,684 DEBUG [com.study.aop.LoggerAspect] Service ===> com.study.domain.post.PostService.savePost()
2023-04-12 12:42:09,684 DEBUG [com.study.aop.LoggerAspect] Mapper ===> com.study.domain.post.PostMapper.save()
2023-04-12 12:42:09,684 DEBUG [com.study.domain.post.PostMapper.save] ==>  Preparing: INSERT INTO tb_post ( id , title , content , writer , view_cnt , notice_yn , delete_yn , created_date , modified_date ) VALUES ( ? , ? , ? , ? , 0 , ? , 0 , NOW() , NULL )
2023-04-12 12:42:09,684 DEBUG [com.study.domain.post.PostMapper.save] ==> Parameters: null, 410번 게시글 제목(String), 410번 게시글 내용(String), 테스터410(String), false(Boolean)
2023-04-12 12:42:09,684  INFO [jdbc.sqlonly] INSERT INTO tb_post (

          id
        , title
        , content
        , writer
        , view_cnt
        , notice_yn
        , delete_yn
        , created_date
        , modified_date

        ) VALUES (
              NULL
            , '410번 게시글 제목'
            , '410번 게시글 내용'
            , '테스터410'
            , 0
            , 0
            , 0
            , NOW()
            , NULL
        )

2023-04-12 12:42:09,684 DEBUG [com.study.domain.post.PostMapper.save] <==    Updates: 1
2023-04-12 12:42:09,685  INFO [jdbc.resultsettable] 
|----------|
|insert_id |
|----------|
|410       |
|----------|

2023-04-12 12:42:09,690 DEBUG [com.study.aop.LoggerAspect] Service ===> com.study.domain.post.PostService.savePost()
2023-04-12 12:42:09,690 DEBUG [com.study.aop.LoggerAspect] Mapper ===> com.study.domain.post.PostMapper.save()
2023-04-12 12:42:09,690 DEBUG [com.study.domain.post.PostMapper.save] ==>  Preparing: INSERT INTO tb_post ( id , title , content , writer , view_cnt , notice_yn , delete_yn , created_date , modified_date ) VALUES ( ? , ? , ? , ? , 0 , ? , 0 , NOW() , NULL )
2023-04-12 12:42:09,691 DEBUG [com.study.domain.post.PostMapper.save] ==> Parameters: null, 411번 게시글 제목(String), 411번 게시글 내용(String), 테스터411(String), false(Boolean)
2023-04-12 12:42:09,691  INFO [jdbc.sqlonly] INSERT INTO tb_post (

          id
        , title
        , content
        , writer
        , view_cnt
        , notice_yn
        , delete_yn
        , created_date
        , modified_date

        ) VALUES (
              NULL
            , '411번 게시글 제목'
            , '411번 게시글 내용'
            , '테스터411'
            , 0
            , 0
            , 0
            , NOW()
            , NULL
        )

2023-04-12 12:42:09,691 DEBUG [com.study.domain.post.PostMapper.save] <==    Updates: 1
2023-04-12 12:42:09,691  INFO [jdbc.resultsettable] 
|----------|
|insert_id |
|----------|
|411       |
|----------|

2023-04-12 12:42:09,693 DEBUG [com.study.aop.LoggerAspect] Service ===> com.study.domain.post.PostService.savePost()
2023-04-12 12:42:09,693 DEBUG [com.study.aop.LoggerAspect] Mapper ===> com.study.domain.post.PostMapper.save()
2023-04-12 12:42:09,693 DEBUG [com.study.domain.post.PostMapper.save] ==>  Preparing: INSERT INTO tb_post ( id , title , content , writer , view_cnt , notice_yn , delete_yn , created_date , modified_date ) VALUES ( ? , ? , ? , ? , 0 , ? , 0 , NOW() , NULL )
2023-04-12 12:42:09,693 DEBUG [com.study.domain.post.PostMapper.save] ==> Parameters: null, 412번 게시글 제목(String), 412번 게시글 내용(String), 테스터412(String), false(Boolean)
2023-04-12 12:42:09,693  INFO [jdbc.sqlonly] INSERT INTO tb_post (

          id
        , title
        , content
        , writer
        , view_cnt
        , notice_yn
        , delete_yn
        , created_date
        , modified_date

        ) VALUES (
              NULL
            , '412번 게시글 제목'
            , '412번 게시글 내용'
            , '테스터412'
            , 0
            , 0
            , 0
            , NOW()
            , NULL
        )

2023-04-12 12:42:09,693 DEBUG [com.study.domain.post.PostMapper.save] <==    Updates: 1
2023-04-12 12:42:09,694  INFO [jdbc.resultsettable] 
|----------|
|insert_id |
|----------|
|412       |
|----------|

2023-04-12 12:42:09,695 DEBUG [com.study.aop.LoggerAspect] Service ===> com.study.domain.post.PostService.savePost()
2023-04-12 12:42:09,695 DEBUG [com.study.aop.LoggerAspect] Mapper ===> com.study.domain.post.PostMapper.save()
2023-04-12 12:42:09,695 DEBUG [com.study.domain.post.PostMapper.save] ==>  Preparing: INSERT INTO tb_post ( id , title , content , writer , view_cnt , notice_yn , delete_yn , created_date , modified_date ) VALUES ( ? , ? , ? , ? , 0 , ? , 0 , NOW() , NULL )
2023-04-12 12:42:09,695 DEBUG [com.study.domain.post.PostMapper.save] ==> Parameters: null, 413번 게시글 제목(String), 413번 게시글 내용(String), 테스터413(String), false(Boolean)
2023-04-12 12:42:09,695  INFO [jdbc.sqlonly] INSERT INTO tb_post (

          id
        , title
        , content
        , writer
        , view_cnt
        , notice_yn
        , delete_yn
        , created_date
        , modified_date

        ) VALUES (
              NULL
            , '413번 게시글 제목'
            , '413번 게시글 내용'
            , '테스터413'
            , 0
            , 0
            , 0
            , NOW()
            , NULL
        )

2023-04-12 12:42:09,696 DEBUG [com.study.domain.post.PostMapper.save] <==    Updates: 1
2023-04-12 12:42:09,696  INFO [jdbc.resultsettable] 
|----------|
|insert_id |
|----------|
|413       |
|----------|

2023-04-12 12:42:09,698 DEBUG [com.study.aop.LoggerAspect] Service ===> com.study.domain.post.PostService.savePost()
2023-04-12 12:42:09,698 DEBUG [com.study.aop.LoggerAspect] Mapper ===> com.study.domain.post.PostMapper.save()
2023-04-12 12:42:09,698 DEBUG [com.study.domain.post.PostMapper.save] ==>  Preparing: INSERT INTO tb_post ( id , title , content , writer , view_cnt , notice_yn , delete_yn , created_date , modified_date ) VALUES ( ? , ? , ? , ? , 0 , ? , 0 , NOW() , NULL )
2023-04-12 12:42:09,698 DEBUG [com.study.domain.post.PostMapper.save] ==> Parameters: null, 414번 게시글 제목(String), 414번 게시글 내용(String), 테스터414(String), false(Boolean)
2023-04-12 12:42:09,698  INFO [jdbc.sqlonly] INSERT INTO tb_post (

          id
        , title
        , content
        , writer
        , view_cnt
        , notice_yn
        , delete_yn
        , created_date
        , modified_date

        ) VALUES (
              NULL
            , '414번 게시글 제목'
            , '414번 게시글 내용'
            , '테스터414'
            , 0
            , 0
            , 0
            , NOW()
            , NULL
        )

2023-04-12 12:42:09,699 DEBUG [com.study.domain.post.PostMapper.save] <==    Updates: 1
2023-04-12 12:42:09,699  INFO [jdbc.resultsettable] 
|----------|
|insert_id |
|----------|
|414       |
|----------|

2023-04-12 12:42:09,712 DEBUG [com.study.aop.LoggerAspect] Service ===> com.study.domain.post.PostService.savePost()
2023-04-12 12:42:09,712 DEBUG [com.study.aop.LoggerAspect] Mapper ===> com.study.domain.post.PostMapper.save()
2023-04-12 12:42:09,712 DEBUG [com.study.domain.post.PostMapper.save] ==>  Preparing: INSERT INTO tb_post ( id , title , content , writer , view_cnt , notice_yn , delete_yn , created_date , modified_date ) VALUES ( ? , ? , ? , ? , 0 , ? , 0 , NOW() , NULL )
2023-04-12 12:42:09,712 DEBUG [com.study.domain.post.PostMapper.save] ==> Parameters: null, 415번 게시글 제목(String), 415번 게시글 내용(String), 테스터415(String), false(Boolean)
2023-04-12 12:42:09,712  INFO [jdbc.sqlonly] INSERT INTO tb_post (

          id
        , title
        , content
        , writer
        , view_cnt
        , notice_yn
        , delete_yn
        , created_date
        , modified_date

        ) VALUES (
              NULL
            , '415번 게시글 제목'
            , '415번 게시글 내용'
            , '테스터415'
            , 0
            , 0
            , 0
            , NOW()
            , NULL
        )

2023-04-12 12:42:09,713 DEBUG [com.study.domain.post.PostMapper.save] <==    Updates: 1
2023-04-12 12:42:09,713  INFO [jdbc.resultsettable] 
|----------|
|insert_id |
|----------|
|415       |
|----------|

2023-04-12 12:42:09,715 DEBUG [com.study.aop.LoggerAspect] Service ===> com.study.domain.post.PostService.savePost()
2023-04-12 12:42:09,715 DEBUG [com.study.aop.LoggerAspect] Mapper ===> com.study.domain.post.PostMapper.save()
2023-04-12 12:42:09,715 DEBUG [com.study.domain.post.PostMapper.save] ==>  Preparing: INSERT INTO tb_post ( id , title , content , writer , view_cnt , notice_yn , delete_yn , created_date , modified_date ) VALUES ( ? , ? , ? , ? , 0 , ? , 0 , NOW() , NULL )
2023-04-12 12:42:09,715 DEBUG [com.study.domain.post.PostMapper.save] ==> Parameters: null, 416번 게시글 제목(String), 416번 게시글 내용(String), 테스터416(String), false(Boolean)
2023-04-12 12:42:09,715  INFO [jdbc.sqlonly] INSERT INTO tb_post (

          id
        , title
        , content
        , writer
        , view_cnt
        , notice_yn
        , delete_yn
        , created_date
        , modified_date

        ) VALUES (
              NULL
            , '416번 게시글 제목'
            , '416번 게시글 내용'
            , '테스터416'
            , 0
            , 0
            , 0
            , NOW()
            , NULL
        )

2023-04-12 12:42:09,715 DEBUG [com.study.domain.post.PostMapper.save] <==    Updates: 1
2023-04-12 12:42:09,716  INFO [jdbc.resultsettable] 
|----------|
|insert_id |
|----------|
|416       |
|----------|

2023-04-12 12:42:09,717 DEBUG [com.study.aop.LoggerAspect] Service ===> com.study.domain.post.PostService.savePost()
2023-04-12 12:42:09,717 DEBUG [com.study.aop.LoggerAspect] Mapper ===> com.study.domain.post.PostMapper.save()
2023-04-12 12:42:09,718 DEBUG [com.study.domain.post.PostMapper.save] ==>  Preparing: INSERT INTO tb_post ( id , title , content , writer , view_cnt , notice_yn , delete_yn , created_date , modified_date ) VALUES ( ? , ? , ? , ? , 0 , ? , 0 , NOW() , NULL )
2023-04-12 12:42:09,718 DEBUG [com.study.domain.post.PostMapper.save] ==> Parameters: null, 417번 게시글 제목(String), 417번 게시글 내용(String), 테스터417(String), false(Boolean)
2023-04-12 12:42:09,718  INFO [jdbc.sqlonly] INSERT INTO tb_post (

          id
        , title
        , content
        , writer
        , view_cnt
        , notice_yn
        , delete_yn
        , created_date
        , modified_date

        ) VALUES (
              NULL
            , '417번 게시글 제목'
            , '417번 게시글 내용'
            , '테스터417'
            , 0
            , 0
            , 0
            , NOW()
            , NULL
        )

2023-04-12 12:42:09,719 DEBUG [com.study.domain.post.PostMapper.save] <==    Updates: 1
2023-04-12 12:42:09,719  INFO [jdbc.resultsettable] 
|----------|
|insert_id |
|----------|
|417       |
|----------|

2023-04-12 12:42:09,727 DEBUG [com.study.aop.LoggerAspect] Service ===> com.study.domain.post.PostService.savePost()
2023-04-12 12:42:09,727 DEBUG [com.study.aop.LoggerAspect] Mapper ===> com.study.domain.post.PostMapper.save()
2023-04-12 12:42:09,727 DEBUG [com.study.domain.post.PostMapper.save] ==>  Preparing: INSERT INTO tb_post ( id , title , content , writer , view_cnt , notice_yn , delete_yn , created_date , modified_date ) VALUES ( ? , ? , ? , ? , 0 , ? , 0 , NOW() , NULL )
2023-04-12 12:42:09,727 DEBUG [com.study.domain.post.PostMapper.save] ==> Parameters: null, 418번 게시글 제목(String), 418번 게시글 내용(String), 테스터418(String), false(Boolean)
2023-04-12 12:42:09,727  INFO [jdbc.sqlonly] INSERT INTO tb_post (

          id
        , title
        , content
        , writer
        , view_cnt
        , notice_yn
        , delete_yn
        , created_date
        , modified_date

        ) VALUES (
              NULL
            , '418번 게시글 제목'
            , '418번 게시글 내용'
            , '테스터418'
            , 0
            , 0
            , 0
            , NOW()
            , NULL
        )

2023-04-12 12:42:09,727 DEBUG [com.study.domain.post.PostMapper.save] <==    Updates: 1
2023-04-12 12:42:09,728  INFO [jdbc.resultsettable] 
|----------|
|insert_id |
|----------|
|418       |
|----------|

2023-04-12 12:42:09,730 DEBUG [com.study.aop.LoggerAspect] Service ===> com.study.domain.post.PostService.savePost()
2023-04-12 12:42:09,730 DEBUG [com.study.aop.LoggerAspect] Mapper ===> com.study.domain.post.PostMapper.save()
2023-04-12 12:42:09,730 DEBUG [com.study.domain.post.PostMapper.save] ==>  Preparing: INSERT INTO tb_post ( id , title , content , writer , view_cnt , notice_yn , delete_yn , created_date , modified_date ) VALUES ( ? , ? , ? , ? , 0 , ? , 0 , NOW() , NULL )
2023-04-12 12:42:09,730 DEBUG [com.study.domain.post.PostMapper.save] ==> Parameters: null, 419번 게시글 제목(String), 419번 게시글 내용(String), 테스터419(String), false(Boolean)
2023-04-12 12:42:09,730  INFO [jdbc.sqlonly] INSERT INTO tb_post (

          id
        , title
        , content
        , writer
        , view_cnt
        , notice_yn
        , delete_yn
        , created_date
        , modified_date

        ) VALUES (
              NULL
            , '419번 게시글 제목'
            , '419번 게시글 내용'
            , '테스터419'
            , 0
            , 0
            , 0
            , NOW()
            , NULL
        )

2023-04-12 12:42:09,730 DEBUG [com.study.domain.post.PostMapper.save] <==    Updates: 1
2023-04-12 12:42:09,731  INFO [jdbc.resultsettable] 
|----------|
|insert_id |
|----------|
|419       |
|----------|

2023-04-12 12:42:09,732 DEBUG [com.study.aop.LoggerAspect] Service ===> com.study.domain.post.PostService.savePost()
2023-04-12 12:42:09,732 DEBUG [com.study.aop.LoggerAspect] Mapper ===> com.study.domain.post.PostMapper.save()
2023-04-12 12:42:09,733 DEBUG [com.study.domain.post.PostMapper.save] ==>  Preparing: INSERT INTO tb_post ( id , title , content , writer , view_cnt , notice_yn , delete_yn , created_date , modified_date ) VALUES ( ? , ? , ? , ? , 0 , ? , 0 , NOW() , NULL )
2023-04-12 12:42:09,733 DEBUG [com.study.domain.post.PostMapper.save] ==> Parameters: null, 420번 게시글 제목(String), 420번 게시글 내용(String), 테스터420(String), false(Boolean)
2023-04-12 12:42:09,733  INFO [jdbc.sqlonly] INSERT INTO tb_post (

          id
        , title
        , content
        , writer
        , view_cnt
        , notice_yn
        , delete_yn
        , created_date
        , modified_date

        ) VALUES (
              NULL
            , '420번 게시글 제목'
            , '420번 게시글 내용'
            , '테스터420'
            , 0
            , 0
            , 0
            , NOW()
            , NULL
        )

2023-04-12 12:42:09,733 DEBUG [com.study.domain.post.PostMapper.save] <==    Updates: 1
2023-04-12 12:42:09,733  INFO [jdbc.resultsettable] 
|----------|
|insert_id |
|----------|
|420       |
|----------|

2023-04-12 12:42:09,736 DEBUG [com.study.aop.LoggerAspect] Service ===> com.study.domain.post.PostService.savePost()
2023-04-12 12:42:09,736 DEBUG [com.study.aop.LoggerAspect] Mapper ===> com.study.domain.post.PostMapper.save()
2023-04-12 12:42:09,737 DEBUG [com.study.domain.post.PostMapper.save] ==>  Preparing: INSERT INTO tb_post ( id , title , content , writer , view_cnt , notice_yn , delete_yn , created_date , modified_date ) VALUES ( ? , ? , ? , ? , 0 , ? , 0 , NOW() , NULL )
2023-04-12 12:42:09,737 DEBUG [com.study.domain.post.PostMapper.save] ==> Parameters: null, 421번 게시글 제목(String), 421번 게시글 내용(String), 테스터421(String), false(Boolean)
2023-04-12 12:42:09,737  INFO [jdbc.sqlonly] INSERT INTO tb_post (

          id
        , title
        , content
        , writer
        , view_cnt
        , notice_yn
        , delete_yn
        , created_date
        , modified_date

        ) VALUES (
              NULL
            , '421번 게시글 제목'
            , '421번 게시글 내용'
            , '테스터421'
            , 0
            , 0
            , 0
            , NOW()
            , NULL
        )

2023-04-12 12:42:09,737 DEBUG [com.study.domain.post.PostMapper.save] <==    Updates: 1
2023-04-12 12:42:09,737  INFO [jdbc.resultsettable] 
|----------|
|insert_id |
|----------|
|421       |
|----------|

2023-04-12 12:42:09,739 DEBUG [com.study.aop.LoggerAspect] Service ===> com.study.domain.post.PostService.savePost()
2023-04-12 12:42:09,739 DEBUG [com.study.aop.LoggerAspect] Mapper ===> com.study.domain.post.PostMapper.save()
2023-04-12 12:42:09,740 DEBUG [com.study.domain.post.PostMapper.save] ==>  Preparing: INSERT INTO tb_post ( id , title , content , writer , view_cnt , notice_yn , delete_yn , created_date , modified_date ) VALUES ( ? , ? , ? , ? , 0 , ? , 0 , NOW() , NULL )
2023-04-12 12:42:09,740 DEBUG [com.study.domain.post.PostMapper.save] ==> Parameters: null, 422번 게시글 제목(String), 422번 게시글 내용(String), 테스터422(String), false(Boolean)
2023-04-12 12:42:09,740  INFO [jdbc.sqlonly] INSERT INTO tb_post (

          id
        , title
        , content
        , writer
        , view_cnt
        , notice_yn
        , delete_yn
        , created_date
        , modified_date

        ) VALUES (
              NULL
            , '422번 게시글 제목'
            , '422번 게시글 내용'
            , '테스터422'
            , 0
            , 0
            , 0
            , NOW()
            , NULL
        )

2023-04-12 12:42:09,741 DEBUG [com.study.domain.post.PostMapper.save] <==    Updates: 1
2023-04-12 12:42:09,741  INFO [jdbc.resultsettable] 
|----------|
|insert_id |
|----------|
|422       |
|----------|

2023-04-12 12:42:09,744 DEBUG [com.study.aop.LoggerAspect] Service ===> com.study.domain.post.PostService.savePost()
2023-04-12 12:42:09,744 DEBUG [com.study.aop.LoggerAspect] Mapper ===> com.study.domain.post.PostMapper.save()
2023-04-12 12:42:09,744 DEBUG [com.study.domain.post.PostMapper.save] ==>  Preparing: INSERT INTO tb_post ( id , title , content , writer , view_cnt , notice_yn , delete_yn , created_date , modified_date ) VALUES ( ? , ? , ? , ? , 0 , ? , 0 , NOW() , NULL )
2023-04-12 12:42:09,744 DEBUG [com.study.domain.post.PostMapper.save] ==> Parameters: null, 423번 게시글 제목(String), 423번 게시글 내용(String), 테스터423(String), false(Boolean)
2023-04-12 12:42:09,744  INFO [jdbc.sqlonly] INSERT INTO tb_post (

          id
        , title
        , content
        , writer
        , view_cnt
        , notice_yn
        , delete_yn
        , created_date
        , modified_date

        ) VALUES (
              NULL
            , '423번 게시글 제목'
            , '423번 게시글 내용'
            , '테스터423'
            , 0
            , 0
            , 0
            , NOW()
            , NULL
        )

2023-04-12 12:42:09,745 DEBUG [com.study.domain.post.PostMapper.save] <==    Updates: 1
2023-04-12 12:42:09,745  INFO [jdbc.resultsettable] 
|----------|
|insert_id |
|----------|
|423       |
|----------|

2023-04-12 12:42:09,747 DEBUG [com.study.aop.LoggerAspect] Service ===> com.study.domain.post.PostService.savePost()
2023-04-12 12:42:09,747 DEBUG [com.study.aop.LoggerAspect] Mapper ===> com.study.domain.post.PostMapper.save()
2023-04-12 12:42:09,747 DEBUG [com.study.domain.post.PostMapper.save] ==>  Preparing: INSERT INTO tb_post ( id , title , content , writer , view_cnt , notice_yn , delete_yn , created_date , modified_date ) VALUES ( ? , ? , ? , ? , 0 , ? , 0 , NOW() , NULL )
2023-04-12 12:42:09,747 DEBUG [com.study.domain.post.PostMapper.save] ==> Parameters: null, 424번 게시글 제목(String), 424번 게시글 내용(String), 테스터424(String), false(Boolean)
2023-04-12 12:42:09,747  INFO [jdbc.sqlonly] INSERT INTO tb_post (

          id
        , title
        , content
        , writer
        , view_cnt
        , notice_yn
        , delete_yn
        , created_date
        , modified_date

        ) VALUES (
              NULL
            , '424번 게시글 제목'
            , '424번 게시글 내용'
            , '테스터424'
            , 0
            , 0
            , 0
            , NOW()
            , NULL
        )

2023-04-12 12:42:09,749 DEBUG [com.study.domain.post.PostMapper.save] <==    Updates: 1
2023-04-12 12:42:09,749  INFO [jdbc.resultsettable] 
|----------|
|insert_id |
|----------|
|424       |
|----------|

2023-04-12 12:42:09,751 DEBUG [com.study.aop.LoggerAspect] Service ===> com.study.domain.post.PostService.savePost()
2023-04-12 12:42:09,751 DEBUG [com.study.aop.LoggerAspect] Mapper ===> com.study.domain.post.PostMapper.save()
2023-04-12 12:42:09,751 DEBUG [com.study.domain.post.PostMapper.save] ==>  Preparing: INSERT INTO tb_post ( id , title , content , writer , view_cnt , notice_yn , delete_yn , created_date , modified_date ) VALUES ( ? , ? , ? , ? , 0 , ? , 0 , NOW() , NULL )
2023-04-12 12:42:09,751 DEBUG [com.study.domain.post.PostMapper.save] ==> Parameters: null, 425번 게시글 제목(String), 425번 게시글 내용(String), 테스터425(String), false(Boolean)
2023-04-12 12:42:09,751  INFO [jdbc.sqlonly] INSERT INTO tb_post (

          id
        , title
        , content
        , writer
        , view_cnt
        , notice_yn
        , delete_yn
        , created_date
        , modified_date

        ) VALUES (
              NULL
            , '425번 게시글 제목'
            , '425번 게시글 내용'
            , '테스터425'
            , 0
            , 0
            , 0
            , NOW()
            , NULL
        )

2023-04-12 12:42:09,760 DEBUG [com.study.domain.post.PostMapper.save] <==    Updates: 1
2023-04-12 12:42:09,761  INFO [jdbc.resultsettable] 
|----------|
|insert_id |
|----------|
|425       |
|----------|

2023-04-12 12:42:09,762 DEBUG [com.study.aop.LoggerAspect] Service ===> com.study.domain.post.PostService.savePost()
2023-04-12 12:42:09,763 DEBUG [com.study.aop.LoggerAspect] Mapper ===> com.study.domain.post.PostMapper.save()
2023-04-12 12:42:09,763 DEBUG [com.study.domain.post.PostMapper.save] ==>  Preparing: INSERT INTO tb_post ( id , title , content , writer , view_cnt , notice_yn , delete_yn , created_date , modified_date ) VALUES ( ? , ? , ? , ? , 0 , ? , 0 , NOW() , NULL )
2023-04-12 12:42:09,763 DEBUG [com.study.domain.post.PostMapper.save] ==> Parameters: null, 426번 게시글 제목(String), 426번 게시글 내용(String), 테스터426(String), false(Boolean)
2023-04-12 12:42:09,763  INFO [jdbc.sqlonly] INSERT INTO tb_post (

          id
        , title
        , content
        , writer
        , view_cnt
        , notice_yn
        , delete_yn
        , created_date
        , modified_date

        ) VALUES (
              NULL
            , '426번 게시글 제목'
            , '426번 게시글 내용'
            , '테스터426'
            , 0
            , 0
            , 0
            , NOW()
            , NULL
        )

2023-04-12 12:42:09,763 DEBUG [com.study.domain.post.PostMapper.save] <==    Updates: 1
2023-04-12 12:42:09,764  INFO [jdbc.resultsettable] 
|----------|
|insert_id |
|----------|
|426       |
|----------|

2023-04-12 12:42:09,766 DEBUG [com.study.aop.LoggerAspect] Service ===> com.study.domain.post.PostService.savePost()
2023-04-12 12:42:09,766 DEBUG [com.study.aop.LoggerAspect] Mapper ===> com.study.domain.post.PostMapper.save()
2023-04-12 12:42:09,766 DEBUG [com.study.domain.post.PostMapper.save] ==>  Preparing: INSERT INTO tb_post ( id , title , content , writer , view_cnt , notice_yn , delete_yn , created_date , modified_date ) VALUES ( ? , ? , ? , ? , 0 , ? , 0 , NOW() , NULL )
2023-04-12 12:42:09,766 DEBUG [com.study.domain.post.PostMapper.save] ==> Parameters: null, 427번 게시글 제목(String), 427번 게시글 내용(String), 테스터427(String), false(Boolean)
2023-04-12 12:42:09,766  INFO [jdbc.sqlonly] INSERT INTO tb_post (

          id
        , title
        , content
        , writer
        , view_cnt
        , notice_yn
        , delete_yn
        , created_date
        , modified_date

        ) VALUES (
              NULL
            , '427번 게시글 제목'
            , '427번 게시글 내용'
            , '테스터427'
            , 0
            , 0
            , 0
            , NOW()
            , NULL
        )

2023-04-12 12:42:09,766 DEBUG [com.study.domain.post.PostMapper.save] <==    Updates: 1
2023-04-12 12:42:09,767  INFO [jdbc.resultsettable] 
|----------|
|insert_id |
|----------|
|427       |
|----------|

2023-04-12 12:42:09,769 DEBUG [com.study.aop.LoggerAspect] Service ===> com.study.domain.post.PostService.savePost()
2023-04-12 12:42:09,769 DEBUG [com.study.aop.LoggerAspect] Mapper ===> com.study.domain.post.PostMapper.save()
2023-04-12 12:42:09,769 DEBUG [com.study.domain.post.PostMapper.save] ==>  Preparing: INSERT INTO tb_post ( id , title , content , writer , view_cnt , notice_yn , delete_yn , created_date , modified_date ) VALUES ( ? , ? , ? , ? , 0 , ? , 0 , NOW() , NULL )
2023-04-12 12:42:09,769 DEBUG [com.study.domain.post.PostMapper.save] ==> Parameters: null, 428번 게시글 제목(String), 428번 게시글 내용(String), 테스터428(String), false(Boolean)
2023-04-12 12:42:09,769  INFO [jdbc.sqlonly] INSERT INTO tb_post (

          id
        , title
        , content
        , writer
        , view_cnt
        , notice_yn
        , delete_yn
        , created_date
        , modified_date

        ) VALUES (
              NULL
            , '428번 게시글 제목'
            , '428번 게시글 내용'
            , '테스터428'
            , 0
            , 0
            , 0
            , NOW()
            , NULL
        )

2023-04-12 12:42:09,769 DEBUG [com.study.domain.post.PostMapper.save] <==    Updates: 1
2023-04-12 12:42:09,769  INFO [jdbc.resultsettable] 
|----------|
|insert_id |
|----------|
|428       |
|----------|

2023-04-12 12:42:09,781 DEBUG [com.study.aop.LoggerAspect] Service ===> com.study.domain.post.PostService.savePost()
2023-04-12 12:42:09,781 DEBUG [com.study.aop.LoggerAspect] Mapper ===> com.study.domain.post.PostMapper.save()
2023-04-12 12:42:09,781 DEBUG [com.study.domain.post.PostMapper.save] ==>  Preparing: INSERT INTO tb_post ( id , title , content , writer , view_cnt , notice_yn , delete_yn , created_date , modified_date ) VALUES ( ? , ? , ? , ? , 0 , ? , 0 , NOW() , NULL )
2023-04-12 12:42:09,781 DEBUG [com.study.domain.post.PostMapper.save] ==> Parameters: null, 429번 게시글 제목(String), 429번 게시글 내용(String), 테스터429(String), false(Boolean)
2023-04-12 12:42:09,781  INFO [jdbc.sqlonly] INSERT INTO tb_post (

          id
        , title
        , content
        , writer
        , view_cnt
        , notice_yn
        , delete_yn
        , created_date
        , modified_date

        ) VALUES (
              NULL
            , '429번 게시글 제목'
            , '429번 게시글 내용'
            , '테스터429'
            , 0
            , 0
            , 0
            , NOW()
            , NULL
        )

2023-04-12 12:42:09,782 DEBUG [com.study.domain.post.PostMapper.save] <==    Updates: 1
2023-04-12 12:42:09,782  INFO [jdbc.resultsettable] 
|----------|
|insert_id |
|----------|
|429       |
|----------|

2023-04-12 12:42:09,784 DEBUG [com.study.aop.LoggerAspect] Service ===> com.study.domain.post.PostService.savePost()
2023-04-12 12:42:09,784 DEBUG [com.study.aop.LoggerAspect] Mapper ===> com.study.domain.post.PostMapper.save()
2023-04-12 12:42:09,784 DEBUG [com.study.domain.post.PostMapper.save] ==>  Preparing: INSERT INTO tb_post ( id , title , content , writer , view_cnt , notice_yn , delete_yn , created_date , modified_date ) VALUES ( ? , ? , ? , ? , 0 , ? , 0 , NOW() , NULL )
2023-04-12 12:42:09,784 DEBUG [com.study.domain.post.PostMapper.save] ==> Parameters: null, 430번 게시글 제목(String), 430번 게시글 내용(String), 테스터430(String), false(Boolean)
2023-04-12 12:42:09,784  INFO [jdbc.sqlonly] INSERT INTO tb_post (

          id
        , title
        , content
        , writer
        , view_cnt
        , notice_yn
        , delete_yn
        , created_date
        , modified_date

        ) VALUES (
              NULL
            , '430번 게시글 제목'
            , '430번 게시글 내용'
            , '테스터430'
            , 0
            , 0
            , 0
            , NOW()
            , NULL
        )

2023-04-12 12:42:09,784 DEBUG [com.study.domain.post.PostMapper.save] <==    Updates: 1
2023-04-12 12:42:09,785  INFO [jdbc.resultsettable] 
|----------|
|insert_id |
|----------|
|430       |
|----------|

2023-04-12 12:42:09,786 DEBUG [com.study.aop.LoggerAspect] Service ===> com.study.domain.post.PostService.savePost()
2023-04-12 12:42:09,786 DEBUG [com.study.aop.LoggerAspect] Mapper ===> com.study.domain.post.PostMapper.save()
2023-04-12 12:42:09,787 DEBUG [com.study.domain.post.PostMapper.save] ==>  Preparing: INSERT INTO tb_post ( id , title , content , writer , view_cnt , notice_yn , delete_yn , created_date , modified_date ) VALUES ( ? , ? , ? , ? , 0 , ? , 0 , NOW() , NULL )
2023-04-12 12:42:09,787 DEBUG [com.study.domain.post.PostMapper.save] ==> Parameters: null, 431번 게시글 제목(String), 431번 게시글 내용(String), 테스터431(String), false(Boolean)
2023-04-12 12:42:09,787  INFO [jdbc.sqlonly] INSERT INTO tb_post (

          id
        , title
        , content
        , writer
        , view_cnt
        , notice_yn
        , delete_yn
        , created_date
        , modified_date

        ) VALUES (
              NULL
            , '431번 게시글 제목'
            , '431번 게시글 내용'
            , '테스터431'
            , 0
            , 0
            , 0
            , NOW()
            , NULL
        )

2023-04-12 12:42:09,787 DEBUG [com.study.domain.post.PostMapper.save] <==    Updates: 1
2023-04-12 12:42:09,788  INFO [jdbc.resultsettable] 
|----------|
|insert_id |
|----------|
|431       |
|----------|

2023-04-12 12:42:09,790 DEBUG [com.study.aop.LoggerAspect] Service ===> com.study.domain.post.PostService.savePost()
2023-04-12 12:42:09,790 DEBUG [com.study.aop.LoggerAspect] Mapper ===> com.study.domain.post.PostMapper.save()
2023-04-12 12:42:09,790 DEBUG [com.study.domain.post.PostMapper.save] ==>  Preparing: INSERT INTO tb_post ( id , title , content , writer , view_cnt , notice_yn , delete_yn , created_date , modified_date ) VALUES ( ? , ? , ? , ? , 0 , ? , 0 , NOW() , NULL )
2023-04-12 12:42:09,790 DEBUG [com.study.domain.post.PostMapper.save] ==> Parameters: null, 432번 게시글 제목(String), 432번 게시글 내용(String), 테스터432(String), false(Boolean)
2023-04-12 12:42:09,790  INFO [jdbc.sqlonly] INSERT INTO tb_post (

          id
        , title
        , content
        , writer
        , view_cnt
        , notice_yn
        , delete_yn
        , created_date
        , modified_date

        ) VALUES (
              NULL
            , '432번 게시글 제목'
            , '432번 게시글 내용'
            , '테스터432'
            , 0
            , 0
            , 0
            , NOW()
            , NULL
        )

2023-04-12 12:42:09,791 DEBUG [com.study.domain.post.PostMapper.save] <==    Updates: 1
2023-04-12 12:42:09,791  INFO [jdbc.resultsettable] 
|----------|
|insert_id |
|----------|
|432       |
|----------|

2023-04-12 12:42:09,792 DEBUG [com.study.aop.LoggerAspect] Service ===> com.study.domain.post.PostService.savePost()
2023-04-12 12:42:09,792 DEBUG [com.study.aop.LoggerAspect] Mapper ===> com.study.domain.post.PostMapper.save()
2023-04-12 12:42:09,793 DEBUG [com.study.domain.post.PostMapper.save] ==>  Preparing: INSERT INTO tb_post ( id , title , content , writer , view_cnt , notice_yn , delete_yn , created_date , modified_date ) VALUES ( ? , ? , ? , ? , 0 , ? , 0 , NOW() , NULL )
2023-04-12 12:42:09,793 DEBUG [com.study.domain.post.PostMapper.save] ==> Parameters: null, 433번 게시글 제목(String), 433번 게시글 내용(String), 테스터433(String), false(Boolean)
2023-04-12 12:42:09,793  INFO [jdbc.sqlonly] INSERT INTO tb_post (

          id
        , title
        , content
        , writer
        , view_cnt
        , notice_yn
        , delete_yn
        , created_date
        , modified_date

        ) VALUES (
              NULL
            , '433번 게시글 제목'
            , '433번 게시글 내용'
            , '테스터433'
            , 0
            , 0
            , 0
            , NOW()
            , NULL
        )

2023-04-12 12:42:09,793 DEBUG [com.study.domain.post.PostMapper.save] <==    Updates: 1
2023-04-12 12:42:09,793  INFO [jdbc.resultsettable] 
|----------|
|insert_id |
|----------|
|433       |
|----------|

2023-04-12 12:42:09,795 DEBUG [com.study.aop.LoggerAspect] Service ===> com.study.domain.post.PostService.savePost()
2023-04-12 12:42:09,795 DEBUG [com.study.aop.LoggerAspect] Mapper ===> com.study.domain.post.PostMapper.save()
2023-04-12 12:42:09,795 DEBUG [com.study.domain.post.PostMapper.save] ==>  Preparing: INSERT INTO tb_post ( id , title , content , writer , view_cnt , notice_yn , delete_yn , created_date , modified_date ) VALUES ( ? , ? , ? , ? , 0 , ? , 0 , NOW() , NULL )
2023-04-12 12:42:09,796 DEBUG [com.study.domain.post.PostMapper.save] ==> Parameters: null, 434번 게시글 제목(String), 434번 게시글 내용(String), 테스터434(String), false(Boolean)
2023-04-12 12:42:09,796  INFO [jdbc.sqlonly] INSERT INTO tb_post (

          id
        , title
        , content
        , writer
        , view_cnt
        , notice_yn
        , delete_yn
        , created_date
        , modified_date

        ) VALUES (
              NULL
            , '434번 게시글 제목'
            , '434번 게시글 내용'
            , '테스터434'
            , 0
            , 0
            , 0
            , NOW()
            , NULL
        )

2023-04-12 12:42:09,796 DEBUG [com.study.domain.post.PostMapper.save] <==    Updates: 1
2023-04-12 12:42:09,796  INFO [jdbc.resultsettable] 
|----------|
|insert_id |
|----------|
|434       |
|----------|

2023-04-12 12:42:09,798 DEBUG [com.study.aop.LoggerAspect] Service ===> com.study.domain.post.PostService.savePost()
2023-04-12 12:42:09,798 DEBUG [com.study.aop.LoggerAspect] Mapper ===> com.study.domain.post.PostMapper.save()
2023-04-12 12:42:09,798 DEBUG [com.study.domain.post.PostMapper.save] ==>  Preparing: INSERT INTO tb_post ( id , title , content , writer , view_cnt , notice_yn , delete_yn , created_date , modified_date ) VALUES ( ? , ? , ? , ? , 0 , ? , 0 , NOW() , NULL )
2023-04-12 12:42:09,798 DEBUG [com.study.domain.post.PostMapper.save] ==> Parameters: null, 435번 게시글 제목(String), 435번 게시글 내용(String), 테스터435(String), false(Boolean)
2023-04-12 12:42:09,798  INFO [jdbc.sqlonly] INSERT INTO tb_post (

          id
        , title
        , content
        , writer
        , view_cnt
        , notice_yn
        , delete_yn
        , created_date
        , modified_date

        ) VALUES (
              NULL
            , '435번 게시글 제목'
            , '435번 게시글 내용'
            , '테스터435'
            , 0
            , 0
            , 0
            , NOW()
            , NULL
        )

2023-04-12 12:42:09,799 DEBUG [com.study.domain.post.PostMapper.save] <==    Updates: 1
2023-04-12 12:42:09,799  INFO [jdbc.resultsettable] 
|----------|
|insert_id |
|----------|
|435       |
|----------|

2023-04-12 12:42:09,803 DEBUG [com.study.aop.LoggerAspect] Service ===> com.study.domain.post.PostService.savePost()
2023-04-12 12:42:09,803 DEBUG [com.study.aop.LoggerAspect] Mapper ===> com.study.domain.post.PostMapper.save()
2023-04-12 12:42:09,803 DEBUG [com.study.domain.post.PostMapper.save] ==>  Preparing: INSERT INTO tb_post ( id , title , content , writer , view_cnt , notice_yn , delete_yn , created_date , modified_date ) VALUES ( ? , ? , ? , ? , 0 , ? , 0 , NOW() , NULL )
2023-04-12 12:42:09,803 DEBUG [com.study.domain.post.PostMapper.save] ==> Parameters: null, 436번 게시글 제목(String), 436번 게시글 내용(String), 테스터436(String), false(Boolean)
2023-04-12 12:42:09,803  INFO [jdbc.sqlonly] INSERT INTO tb_post (

          id
        , title
        , content
        , writer
        , view_cnt
        , notice_yn
        , delete_yn
        , created_date
        , modified_date

        ) VALUES (
              NULL
            , '436번 게시글 제목'
            , '436번 게시글 내용'
            , '테스터436'
            , 0
            , 0
            , 0
            , NOW()
            , NULL
        )

2023-04-12 12:42:09,803 DEBUG [com.study.domain.post.PostMapper.save] <==    Updates: 1
2023-04-12 12:42:09,804  INFO [jdbc.resultsettable] 
|----------|
|insert_id |
|----------|
|436       |
|----------|

2023-04-12 12:42:09,806 DEBUG [com.study.aop.LoggerAspect] Service ===> com.study.domain.post.PostService.savePost()
2023-04-12 12:42:09,806 DEBUG [com.study.aop.LoggerAspect] Mapper ===> com.study.domain.post.PostMapper.save()
2023-04-12 12:42:09,806 DEBUG [com.study.domain.post.PostMapper.save] ==>  Preparing: INSERT INTO tb_post ( id , title , content , writer , view_cnt , notice_yn , delete_yn , created_date , modified_date ) VALUES ( ? , ? , ? , ? , 0 , ? , 0 , NOW() , NULL )
2023-04-12 12:42:09,806 DEBUG [com.study.domain.post.PostMapper.save] ==> Parameters: null, 437번 게시글 제목(String), 437번 게시글 내용(String), 테스터437(String), false(Boolean)
2023-04-12 12:42:09,806  INFO [jdbc.sqlonly] INSERT INTO tb_post (

          id
        , title
        , content
        , writer
        , view_cnt
        , notice_yn
        , delete_yn
        , created_date
        , modified_date

        ) VALUES (
              NULL
            , '437번 게시글 제목'
            , '437번 게시글 내용'
            , '테스터437'
            , 0
            , 0
            , 0
            , NOW()
            , NULL
        )

2023-04-12 12:42:09,807 DEBUG [com.study.domain.post.PostMapper.save] <==    Updates: 1
2023-04-12 12:42:09,807  INFO [jdbc.resultsettable] 
|----------|
|insert_id |
|----------|
|437       |
|----------|

2023-04-12 12:42:09,809 DEBUG [com.study.aop.LoggerAspect] Service ===> com.study.domain.post.PostService.savePost()
2023-04-12 12:42:09,809 DEBUG [com.study.aop.LoggerAspect] Mapper ===> com.study.domain.post.PostMapper.save()
2023-04-12 12:42:09,809 DEBUG [com.study.domain.post.PostMapper.save] ==>  Preparing: INSERT INTO tb_post ( id , title , content , writer , view_cnt , notice_yn , delete_yn , created_date , modified_date ) VALUES ( ? , ? , ? , ? , 0 , ? , 0 , NOW() , NULL )
2023-04-12 12:42:09,809 DEBUG [com.study.domain.post.PostMapper.save] ==> Parameters: null, 438번 게시글 제목(String), 438번 게시글 내용(String), 테스터438(String), false(Boolean)
2023-04-12 12:42:09,809  INFO [jdbc.sqlonly] INSERT INTO tb_post (

          id
        , title
        , content
        , writer
        , view_cnt
        , notice_yn
        , delete_yn
        , created_date
        , modified_date

        ) VALUES (
              NULL
            , '438번 게시글 제목'
            , '438번 게시글 내용'
            , '테스터438'
            , 0
            , 0
            , 0
            , NOW()
            , NULL
        )

2023-04-12 12:42:09,810 DEBUG [com.study.domain.post.PostMapper.save] <==    Updates: 1
2023-04-12 12:42:09,810  INFO [jdbc.resultsettable] 
|----------|
|insert_id |
|----------|
|438       |
|----------|

2023-04-12 12:42:09,811 DEBUG [com.study.aop.LoggerAspect] Service ===> com.study.domain.post.PostService.savePost()
2023-04-12 12:42:09,812 DEBUG [com.study.aop.LoggerAspect] Mapper ===> com.study.domain.post.PostMapper.save()
2023-04-12 12:42:09,812 DEBUG [com.study.domain.post.PostMapper.save] ==>  Preparing: INSERT INTO tb_post ( id , title , content , writer , view_cnt , notice_yn , delete_yn , created_date , modified_date ) VALUES ( ? , ? , ? , ? , 0 , ? , 0 , NOW() , NULL )
2023-04-12 12:42:09,812 DEBUG [com.study.domain.post.PostMapper.save] ==> Parameters: null, 439번 게시글 제목(String), 439번 게시글 내용(String), 테스터439(String), false(Boolean)
2023-04-12 12:42:09,812  INFO [jdbc.sqlonly] INSERT INTO tb_post (

          id
        , title
        , content
        , writer
        , view_cnt
        , notice_yn
        , delete_yn
        , created_date
        , modified_date

        ) VALUES (
              NULL
            , '439번 게시글 제목'
            , '439번 게시글 내용'
            , '테스터439'
            , 0
            , 0
            , 0
            , NOW()
            , NULL
        )

2023-04-12 12:42:09,812 DEBUG [com.study.domain.post.PostMapper.save] <==    Updates: 1
2023-04-12 12:42:09,812  INFO [jdbc.resultsettable] 
|----------|
|insert_id |
|----------|
|439       |
|----------|

2023-04-12 12:42:09,814 DEBUG [com.study.aop.LoggerAspect] Service ===> com.study.domain.post.PostService.savePost()
2023-04-12 12:42:09,814 DEBUG [com.study.aop.LoggerAspect] Mapper ===> com.study.domain.post.PostMapper.save()
2023-04-12 12:42:09,814 DEBUG [com.study.domain.post.PostMapper.save] ==>  Preparing: INSERT INTO tb_post ( id , title , content , writer , view_cnt , notice_yn , delete_yn , created_date , modified_date ) VALUES ( ? , ? , ? , ? , 0 , ? , 0 , NOW() , NULL )
2023-04-12 12:42:09,814 DEBUG [com.study.domain.post.PostMapper.save] ==> Parameters: null, 440번 게시글 제목(String), 440번 게시글 내용(String), 테스터440(String), false(Boolean)
2023-04-12 12:42:09,814  INFO [jdbc.sqlonly] INSERT INTO tb_post (

          id
        , title
        , content
        , writer
        , view_cnt
        , notice_yn
        , delete_yn
        , created_date
        , modified_date

        ) VALUES (
              NULL
            , '440번 게시글 제목'
            , '440번 게시글 내용'
            , '테스터440'
            , 0
            , 0
            , 0
            , NOW()
            , NULL
        )

2023-04-12 12:42:09,815 DEBUG [com.study.domain.post.PostMapper.save] <==    Updates: 1
2023-04-12 12:42:09,815  INFO [jdbc.resultsettable] 
|----------|
|insert_id |
|----------|
|440       |
|----------|

2023-04-12 12:42:09,817 DEBUG [com.study.aop.LoggerAspect] Service ===> com.study.domain.post.PostService.savePost()
2023-04-12 12:42:09,817 DEBUG [com.study.aop.LoggerAspect] Mapper ===> com.study.domain.post.PostMapper.save()
2023-04-12 12:42:09,817 DEBUG [com.study.domain.post.PostMapper.save] ==>  Preparing: INSERT INTO tb_post ( id , title , content , writer , view_cnt , notice_yn , delete_yn , created_date , modified_date ) VALUES ( ? , ? , ? , ? , 0 , ? , 0 , NOW() , NULL )
2023-04-12 12:42:09,817 DEBUG [com.study.domain.post.PostMapper.save] ==> Parameters: null, 441번 게시글 제목(String), 441번 게시글 내용(String), 테스터441(String), false(Boolean)
2023-04-12 12:42:09,817  INFO [jdbc.sqlonly] INSERT INTO tb_post (

          id
        , title
        , content
        , writer
        , view_cnt
        , notice_yn
        , delete_yn
        , created_date
        , modified_date

        ) VALUES (
              NULL
            , '441번 게시글 제목'
            , '441번 게시글 내용'
            , '테스터441'
            , 0
            , 0
            , 0
            , NOW()
            , NULL
        )

2023-04-12 12:42:09,817 DEBUG [com.study.domain.post.PostMapper.save] <==    Updates: 1
2023-04-12 12:42:09,817  INFO [jdbc.resultsettable] 
|----------|
|insert_id |
|----------|
|441       |
|----------|

2023-04-12 12:42:09,819 DEBUG [com.study.aop.LoggerAspect] Service ===> com.study.domain.post.PostService.savePost()
2023-04-12 12:42:09,819 DEBUG [com.study.aop.LoggerAspect] Mapper ===> com.study.domain.post.PostMapper.save()
2023-04-12 12:42:09,819 DEBUG [com.study.domain.post.PostMapper.save] ==>  Preparing: INSERT INTO tb_post ( id , title , content , writer , view_cnt , notice_yn , delete_yn , created_date , modified_date ) VALUES ( ? , ? , ? , ? , 0 , ? , 0 , NOW() , NULL )
2023-04-12 12:42:09,820 DEBUG [com.study.domain.post.PostMapper.save] ==> Parameters: null, 442번 게시글 제목(String), 442번 게시글 내용(String), 테스터442(String), false(Boolean)
2023-04-12 12:42:09,820  INFO [jdbc.sqlonly] INSERT INTO tb_post (

          id
        , title
        , content
        , writer
        , view_cnt
        , notice_yn
        , delete_yn
        , created_date
        , modified_date

        ) VALUES (
              NULL
            , '442번 게시글 제목'
            , '442번 게시글 내용'
            , '테스터442'
            , 0
            , 0
            , 0
            , NOW()
            , NULL
        )

2023-04-12 12:42:09,820 DEBUG [com.study.domain.post.PostMapper.save] <==    Updates: 1
2023-04-12 12:42:09,820  INFO [jdbc.resultsettable] 
|----------|
|insert_id |
|----------|
|442       |
|----------|

2023-04-12 12:42:09,822 DEBUG [com.study.aop.LoggerAspect] Service ===> com.study.domain.post.PostService.savePost()
2023-04-12 12:42:09,822 DEBUG [com.study.aop.LoggerAspect] Mapper ===> com.study.domain.post.PostMapper.save()
2023-04-12 12:42:09,822 DEBUG [com.study.domain.post.PostMapper.save] ==>  Preparing: INSERT INTO tb_post ( id , title , content , writer , view_cnt , notice_yn , delete_yn , created_date , modified_date ) VALUES ( ? , ? , ? , ? , 0 , ? , 0 , NOW() , NULL )
2023-04-12 12:42:09,822 DEBUG [com.study.domain.post.PostMapper.save] ==> Parameters: null, 443번 게시글 제목(String), 443번 게시글 내용(String), 테스터443(String), false(Boolean)
2023-04-12 12:42:09,822  INFO [jdbc.sqlonly] INSERT INTO tb_post (

          id
        , title
        , content
        , writer
        , view_cnt
        , notice_yn
        , delete_yn
        , created_date
        , modified_date

        ) VALUES (
              NULL
            , '443번 게시글 제목'
            , '443번 게시글 내용'
            , '테스터443'
            , 0
            , 0
            , 0
            , NOW()
            , NULL
        )

2023-04-12 12:42:09,822 DEBUG [com.study.domain.post.PostMapper.save] <==    Updates: 1
2023-04-12 12:42:09,823  INFO [jdbc.resultsettable] 
|----------|
|insert_id |
|----------|
|443       |
|----------|

2023-04-12 12:42:09,824 DEBUG [com.study.aop.LoggerAspect] Service ===> com.study.domain.post.PostService.savePost()
2023-04-12 12:42:09,824 DEBUG [com.study.aop.LoggerAspect] Mapper ===> com.study.domain.post.PostMapper.save()
2023-04-12 12:42:09,824 DEBUG [com.study.domain.post.PostMapper.save] ==>  Preparing: INSERT INTO tb_post ( id , title , content , writer , view_cnt , notice_yn , delete_yn , created_date , modified_date ) VALUES ( ? , ? , ? , ? , 0 , ? , 0 , NOW() , NULL )
2023-04-12 12:42:09,829 DEBUG [com.study.domain.post.PostMapper.save] ==> Parameters: null, 444번 게시글 제목(String), 444번 게시글 내용(String), 테스터444(String), false(Boolean)
2023-04-12 12:42:09,829  INFO [jdbc.sqlonly] INSERT INTO tb_post (

          id
        , title
        , content
        , writer
        , view_cnt
        , notice_yn
        , delete_yn
        , created_date
        , modified_date

        ) VALUES (
              NULL
            , '444번 게시글 제목'
            , '444번 게시글 내용'
            , '테스터444'
            , 0
            , 0
            , 0
            , NOW()
            , NULL
        )

2023-04-12 12:42:09,830 DEBUG [com.study.domain.post.PostMapper.save] <==    Updates: 1
2023-04-12 12:42:09,830  INFO [jdbc.resultsettable] 
|----------|
|insert_id |
|----------|
|444       |
|----------|

2023-04-12 12:42:09,839 DEBUG [com.study.aop.LoggerAspect] Service ===> com.study.domain.post.PostService.savePost()
2023-04-12 12:42:09,839 DEBUG [com.study.aop.LoggerAspect] Mapper ===> com.study.domain.post.PostMapper.save()
2023-04-12 12:42:09,839 DEBUG [com.study.domain.post.PostMapper.save] ==>  Preparing: INSERT INTO tb_post ( id , title , content , writer , view_cnt , notice_yn , delete_yn , created_date , modified_date ) VALUES ( ? , ? , ? , ? , 0 , ? , 0 , NOW() , NULL )
2023-04-12 12:42:09,839 DEBUG [com.study.domain.post.PostMapper.save] ==> Parameters: null, 445번 게시글 제목(String), 445번 게시글 내용(String), 테스터445(String), false(Boolean)
2023-04-12 12:42:09,839  INFO [jdbc.sqlonly] INSERT INTO tb_post (

          id
        , title
        , content
        , writer
        , view_cnt
        , notice_yn
        , delete_yn
        , created_date
        , modified_date

        ) VALUES (
              NULL
            , '445번 게시글 제목'
            , '445번 게시글 내용'
            , '테스터445'
            , 0
            , 0
            , 0
            , NOW()
            , NULL
        )

2023-04-12 12:42:09,839 DEBUG [com.study.domain.post.PostMapper.save] <==    Updates: 1
2023-04-12 12:42:09,840  INFO [jdbc.resultsettable] 
|----------|
|insert_id |
|----------|
|445       |
|----------|

2023-04-12 12:42:09,843 DEBUG [com.study.aop.LoggerAspect] Service ===> com.study.domain.post.PostService.savePost()
2023-04-12 12:42:09,843 DEBUG [com.study.aop.LoggerAspect] Mapper ===> com.study.domain.post.PostMapper.save()
2023-04-12 12:42:09,843 DEBUG [com.study.domain.post.PostMapper.save] ==>  Preparing: INSERT INTO tb_post ( id , title , content , writer , view_cnt , notice_yn , delete_yn , created_date , modified_date ) VALUES ( ? , ? , ? , ? , 0 , ? , 0 , NOW() , NULL )
2023-04-12 12:42:09,843 DEBUG [com.study.domain.post.PostMapper.save] ==> Parameters: null, 446번 게시글 제목(String), 446번 게시글 내용(String), 테스터446(String), false(Boolean)
2023-04-12 12:42:09,843  INFO [jdbc.sqlonly] INSERT INTO tb_post (

          id
        , title
        , content
        , writer
        , view_cnt
        , notice_yn
        , delete_yn
        , created_date
        , modified_date

        ) VALUES (
              NULL
            , '446번 게시글 제목'
            , '446번 게시글 내용'
            , '테스터446'
            , 0
            , 0
            , 0
            , NOW()
            , NULL
        )

2023-04-12 12:42:09,844 DEBUG [com.study.domain.post.PostMapper.save] <==    Updates: 1
2023-04-12 12:42:09,844  INFO [jdbc.resultsettable] 
|----------|
|insert_id |
|----------|
|446       |
|----------|

2023-04-12 12:42:09,846 DEBUG [com.study.aop.LoggerAspect] Service ===> com.study.domain.post.PostService.savePost()
2023-04-12 12:42:09,847 DEBUG [com.study.aop.LoggerAspect] Mapper ===> com.study.domain.post.PostMapper.save()
2023-04-12 12:42:09,847 DEBUG [com.study.domain.post.PostMapper.save] ==>  Preparing: INSERT INTO tb_post ( id , title , content , writer , view_cnt , notice_yn , delete_yn , created_date , modified_date ) VALUES ( ? , ? , ? , ? , 0 , ? , 0 , NOW() , NULL )
2023-04-12 12:42:09,847 DEBUG [com.study.domain.post.PostMapper.save] ==> Parameters: null, 447번 게시글 제목(String), 447번 게시글 내용(String), 테스터447(String), false(Boolean)
2023-04-12 12:42:09,847  INFO [jdbc.sqlonly] INSERT INTO tb_post (

          id
        , title
        , content
        , writer
        , view_cnt
        , notice_yn
        , delete_yn
        , created_date
        , modified_date

        ) VALUES (
              NULL
            , '447번 게시글 제목'
            , '447번 게시글 내용'
            , '테스터447'
            , 0
            , 0
            , 0
            , NOW()
            , NULL
        )

2023-04-12 12:42:09,847 DEBUG [com.study.domain.post.PostMapper.save] <==    Updates: 1
2023-04-12 12:42:09,848  INFO [jdbc.resultsettable] 
|----------|
|insert_id |
|----------|
|447       |
|----------|

2023-04-12 12:42:09,851 DEBUG [com.study.aop.LoggerAspect] Service ===> com.study.domain.post.PostService.savePost()
2023-04-12 12:42:09,851 DEBUG [com.study.aop.LoggerAspect] Mapper ===> com.study.domain.post.PostMapper.save()
2023-04-12 12:42:09,851 DEBUG [com.study.domain.post.PostMapper.save] ==>  Preparing: INSERT INTO tb_post ( id , title , content , writer , view_cnt , notice_yn , delete_yn , created_date , modified_date ) VALUES ( ? , ? , ? , ? , 0 , ? , 0 , NOW() , NULL )
2023-04-12 12:42:09,851 DEBUG [com.study.domain.post.PostMapper.save] ==> Parameters: null, 448번 게시글 제목(String), 448번 게시글 내용(String), 테스터448(String), false(Boolean)
2023-04-12 12:42:09,851  INFO [jdbc.sqlonly] INSERT INTO tb_post (

          id
        , title
        , content
        , writer
        , view_cnt
        , notice_yn
        , delete_yn
        , created_date
        , modified_date

        ) VALUES (
              NULL
            , '448번 게시글 제목'
            , '448번 게시글 내용'
            , '테스터448'
            , 0
            , 0
            , 0
            , NOW()
            , NULL
        )

2023-04-12 12:42:09,852 DEBUG [com.study.domain.post.PostMapper.save] <==    Updates: 1
2023-04-12 12:42:09,852  INFO [jdbc.resultsettable] 
|----------|
|insert_id |
|----------|
|448       |
|----------|

2023-04-12 12:42:09,855 DEBUG [com.study.aop.LoggerAspect] Service ===> com.study.domain.post.PostService.savePost()
2023-04-12 12:42:09,855 DEBUG [com.study.aop.LoggerAspect] Mapper ===> com.study.domain.post.PostMapper.save()
2023-04-12 12:42:09,856 DEBUG [com.study.domain.post.PostMapper.save] ==>  Preparing: INSERT INTO tb_post ( id , title , content , writer , view_cnt , notice_yn , delete_yn , created_date , modified_date ) VALUES ( ? , ? , ? , ? , 0 , ? , 0 , NOW() , NULL )
2023-04-12 12:42:09,856 DEBUG [com.study.domain.post.PostMapper.save] ==> Parameters: null, 449번 게시글 제목(String), 449번 게시글 내용(String), 테스터449(String), false(Boolean)
2023-04-12 12:42:09,856  INFO [jdbc.sqlonly] INSERT INTO tb_post (

          id
        , title
        , content
        , writer
        , view_cnt
        , notice_yn
        , delete_yn
        , created_date
        , modified_date

        ) VALUES (
              NULL
            , '449번 게시글 제목'
            , '449번 게시글 내용'
            , '테스터449'
            , 0
            , 0
            , 0
            , NOW()
            , NULL
        )

2023-04-12 12:42:09,856 DEBUG [com.study.domain.post.PostMapper.save] <==    Updates: 1
2023-04-12 12:42:09,856  INFO [jdbc.resultsettable] 
|----------|
|insert_id |
|----------|
|449       |
|----------|

2023-04-12 12:42:09,860 DEBUG [com.study.aop.LoggerAspect] Service ===> com.study.domain.post.PostService.savePost()
2023-04-12 12:42:09,860 DEBUG [com.study.aop.LoggerAspect] Mapper ===> com.study.domain.post.PostMapper.save()
2023-04-12 12:42:09,860 DEBUG [com.study.domain.post.PostMapper.save] ==>  Preparing: INSERT INTO tb_post ( id , title , content , writer , view_cnt , notice_yn , delete_yn , created_date , modified_date ) VALUES ( ? , ? , ? , ? , 0 , ? , 0 , NOW() , NULL )
2023-04-12 12:42:09,860 DEBUG [com.study.domain.post.PostMapper.save] ==> Parameters: null, 450번 게시글 제목(String), 450번 게시글 내용(String), 테스터450(String), false(Boolean)
2023-04-12 12:42:09,860  INFO [jdbc.sqlonly] INSERT INTO tb_post (

          id
        , title
        , content
        , writer
        , view_cnt
        , notice_yn
        , delete_yn
        , created_date
        , modified_date

        ) VALUES (
              NULL
            , '450번 게시글 제목'
            , '450번 게시글 내용'
            , '테스터450'
            , 0
            , 0
            , 0
            , NOW()
            , NULL
        )

2023-04-12 12:42:09,860 DEBUG [com.study.domain.post.PostMapper.save] <==    Updates: 1
2023-04-12 12:42:09,861  INFO [jdbc.resultsettable] 
|----------|
|insert_id |
|----------|
|450       |
|----------|

2023-04-12 12:42:09,869 DEBUG [com.study.aop.LoggerAspect] Service ===> com.study.domain.post.PostService.savePost()
2023-04-12 12:42:09,869 DEBUG [com.study.aop.LoggerAspect] Mapper ===> com.study.domain.post.PostMapper.save()
2023-04-12 12:42:09,869 DEBUG [com.study.domain.post.PostMapper.save] ==>  Preparing: INSERT INTO tb_post ( id , title , content , writer , view_cnt , notice_yn , delete_yn , created_date , modified_date ) VALUES ( ? , ? , ? , ? , 0 , ? , 0 , NOW() , NULL )
2023-04-12 12:42:09,869 DEBUG [com.study.domain.post.PostMapper.save] ==> Parameters: null, 451번 게시글 제목(String), 451번 게시글 내용(String), 테스터451(String), false(Boolean)
2023-04-12 12:42:09,869  INFO [jdbc.sqlonly] INSERT INTO tb_post (

          id
        , title
        , content
        , writer
        , view_cnt
        , notice_yn
        , delete_yn
        , created_date
        , modified_date

        ) VALUES (
              NULL
            , '451번 게시글 제목'
            , '451번 게시글 내용'
            , '테스터451'
            , 0
            , 0
            , 0
            , NOW()
            , NULL
        )

2023-04-12 12:42:09,870 DEBUG [com.study.domain.post.PostMapper.save] <==    Updates: 1
2023-04-12 12:42:09,870  INFO [jdbc.resultsettable] 
|----------|
|insert_id |
|----------|
|451       |
|----------|

2023-04-12 12:42:09,872 DEBUG [com.study.aop.LoggerAspect] Service ===> com.study.domain.post.PostService.savePost()
2023-04-12 12:42:09,872 DEBUG [com.study.aop.LoggerAspect] Mapper ===> com.study.domain.post.PostMapper.save()
2023-04-12 12:42:09,872 DEBUG [com.study.domain.post.PostMapper.save] ==>  Preparing: INSERT INTO tb_post ( id , title , content , writer , view_cnt , notice_yn , delete_yn , created_date , modified_date ) VALUES ( ? , ? , ? , ? , 0 , ? , 0 , NOW() , NULL )
2023-04-12 12:42:09,872 DEBUG [com.study.domain.post.PostMapper.save] ==> Parameters: null, 452번 게시글 제목(String), 452번 게시글 내용(String), 테스터452(String), false(Boolean)
2023-04-12 12:42:09,872  INFO [jdbc.sqlonly] INSERT INTO tb_post (

          id
        , title
        , content
        , writer
        , view_cnt
        , notice_yn
        , delete_yn
        , created_date
        , modified_date

        ) VALUES (
              NULL
            , '452번 게시글 제목'
            , '452번 게시글 내용'
            , '테스터452'
            , 0
            , 0
            , 0
            , NOW()
            , NULL
        )

2023-04-12 12:42:09,872 DEBUG [com.study.domain.post.PostMapper.save] <==    Updates: 1
2023-04-12 12:42:09,872  INFO [jdbc.resultsettable] 
|----------|
|insert_id |
|----------|
|452       |
|----------|

2023-04-12 12:42:09,874 DEBUG [com.study.aop.LoggerAspect] Service ===> com.study.domain.post.PostService.savePost()
2023-04-12 12:42:09,874 DEBUG [com.study.aop.LoggerAspect] Mapper ===> com.study.domain.post.PostMapper.save()
2023-04-12 12:42:09,874 DEBUG [com.study.domain.post.PostMapper.save] ==>  Preparing: INSERT INTO tb_post ( id , title , content , writer , view_cnt , notice_yn , delete_yn , created_date , modified_date ) VALUES ( ? , ? , ? , ? , 0 , ? , 0 , NOW() , NULL )
2023-04-12 12:42:09,874 DEBUG [com.study.domain.post.PostMapper.save] ==> Parameters: null, 453번 게시글 제목(String), 453번 게시글 내용(String), 테스터453(String), false(Boolean)
2023-04-12 12:42:09,874  INFO [jdbc.sqlonly] INSERT INTO tb_post (

          id
        , title
        , content
        , writer
        , view_cnt
        , notice_yn
        , delete_yn
        , created_date
        , modified_date

        ) VALUES (
              NULL
            , '453번 게시글 제목'
            , '453번 게시글 내용'
            , '테스터453'
            , 0
            , 0
            , 0
            , NOW()
            , NULL
        )

2023-04-12 12:42:09,875 DEBUG [com.study.domain.post.PostMapper.save] <==    Updates: 1
2023-04-12 12:42:09,875  INFO [jdbc.resultsettable] 
|----------|
|insert_id |
|----------|
|453       |
|----------|

2023-04-12 12:42:09,877 DEBUG [com.study.aop.LoggerAspect] Service ===> com.study.domain.post.PostService.savePost()
2023-04-12 12:42:09,877 DEBUG [com.study.aop.LoggerAspect] Mapper ===> com.study.domain.post.PostMapper.save()
2023-04-12 12:42:09,879 DEBUG [com.study.domain.post.PostMapper.save] ==>  Preparing: INSERT INTO tb_post ( id , title , content , writer , view_cnt , notice_yn , delete_yn , created_date , modified_date ) VALUES ( ? , ? , ? , ? , 0 , ? , 0 , NOW() , NULL )
2023-04-12 12:42:09,879 DEBUG [com.study.domain.post.PostMapper.save] ==> Parameters: null, 454번 게시글 제목(String), 454번 게시글 내용(String), 테스터454(String), false(Boolean)
2023-04-12 12:42:09,879  INFO [jdbc.sqlonly] INSERT INTO tb_post (

          id
        , title
        , content
        , writer
        , view_cnt
        , notice_yn
        , delete_yn
        , created_date
        , modified_date

        ) VALUES (
              NULL
            , '454번 게시글 제목'
            , '454번 게시글 내용'
            , '테스터454'
            , 0
            , 0
            , 0
            , NOW()
            , NULL
        )

2023-04-12 12:42:09,880 DEBUG [com.study.domain.post.PostMapper.save] <==    Updates: 1
2023-04-12 12:42:09,880  INFO [jdbc.resultsettable] 
|----------|
|insert_id |
|----------|
|454       |
|----------|

2023-04-12 12:42:09,882 DEBUG [com.study.aop.LoggerAspect] Service ===> com.study.domain.post.PostService.savePost()
2023-04-12 12:42:09,882 DEBUG [com.study.aop.LoggerAspect] Mapper ===> com.study.domain.post.PostMapper.save()
2023-04-12 12:42:09,882 DEBUG [com.study.domain.post.PostMapper.save] ==>  Preparing: INSERT INTO tb_post ( id , title , content , writer , view_cnt , notice_yn , delete_yn , created_date , modified_date ) VALUES ( ? , ? , ? , ? , 0 , ? , 0 , NOW() , NULL )
2023-04-12 12:42:09,882 DEBUG [com.study.domain.post.PostMapper.save] ==> Parameters: null, 455번 게시글 제목(String), 455번 게시글 내용(String), 테스터455(String), false(Boolean)
2023-04-12 12:42:09,882  INFO [jdbc.sqlonly] INSERT INTO tb_post (

          id
        , title
        , content
        , writer
        , view_cnt
        , notice_yn
        , delete_yn
        , created_date
        , modified_date

        ) VALUES (
              NULL
            , '455번 게시글 제목'
            , '455번 게시글 내용'
            , '테스터455'
            , 0
            , 0
            , 0
            , NOW()
            , NULL
        )

2023-04-12 12:42:09,883 DEBUG [com.study.domain.post.PostMapper.save] <==    Updates: 1
2023-04-12 12:42:09,883  INFO [jdbc.resultsettable] 
|----------|
|insert_id |
|----------|
|455       |
|----------|

2023-04-12 12:42:09,885 DEBUG [com.study.aop.LoggerAspect] Service ===> com.study.domain.post.PostService.savePost()
2023-04-12 12:42:09,885 DEBUG [com.study.aop.LoggerAspect] Mapper ===> com.study.domain.post.PostMapper.save()
2023-04-12 12:42:09,885 DEBUG [com.study.domain.post.PostMapper.save] ==>  Preparing: INSERT INTO tb_post ( id , title , content , writer , view_cnt , notice_yn , delete_yn , created_date , modified_date ) VALUES ( ? , ? , ? , ? , 0 , ? , 0 , NOW() , NULL )
2023-04-12 12:42:09,885 DEBUG [com.study.domain.post.PostMapper.save] ==> Parameters: null, 456번 게시글 제목(String), 456번 게시글 내용(String), 테스터456(String), false(Boolean)
2023-04-12 12:42:09,885  INFO [jdbc.sqlonly] INSERT INTO tb_post (

          id
        , title
        , content
        , writer
        , view_cnt
        , notice_yn
        , delete_yn
        , created_date
        , modified_date

        ) VALUES (
              NULL
            , '456번 게시글 제목'
            , '456번 게시글 내용'
            , '테스터456'
            , 0
            , 0
            , 0
            , NOW()
            , NULL
        )

2023-04-12 12:42:09,886 DEBUG [com.study.domain.post.PostMapper.save] <==    Updates: 1
2023-04-12 12:42:09,886  INFO [jdbc.resultsettable] 
|----------|
|insert_id |
|----------|
|456       |
|----------|

2023-04-12 12:42:09,888 DEBUG [com.study.aop.LoggerAspect] Service ===> com.study.domain.post.PostService.savePost()
2023-04-12 12:42:09,888 DEBUG [com.study.aop.LoggerAspect] Mapper ===> com.study.domain.post.PostMapper.save()
2023-04-12 12:42:09,888 DEBUG [com.study.domain.post.PostMapper.save] ==>  Preparing: INSERT INTO tb_post ( id , title , content , writer , view_cnt , notice_yn , delete_yn , created_date , modified_date ) VALUES ( ? , ? , ? , ? , 0 , ? , 0 , NOW() , NULL )
2023-04-12 12:42:09,888 DEBUG [com.study.domain.post.PostMapper.save] ==> Parameters: null, 457번 게시글 제목(String), 457번 게시글 내용(String), 테스터457(String), false(Boolean)
2023-04-12 12:42:09,888  INFO [jdbc.sqlonly] INSERT INTO tb_post (

          id
        , title
        , content
        , writer
        , view_cnt
        , notice_yn
        , delete_yn
        , created_date
        , modified_date

        ) VALUES (
              NULL
            , '457번 게시글 제목'
            , '457번 게시글 내용'
            , '테스터457'
            , 0
            , 0
            , 0
            , NOW()
            , NULL
        )

2023-04-12 12:42:09,888 DEBUG [com.study.domain.post.PostMapper.save] <==    Updates: 1
2023-04-12 12:42:09,889  INFO [jdbc.resultsettable] 
|----------|
|insert_id |
|----------|
|457       |
|----------|

2023-04-12 12:42:09,890 DEBUG [com.study.aop.LoggerAspect] Service ===> com.study.domain.post.PostService.savePost()
2023-04-12 12:42:09,890 DEBUG [com.study.aop.LoggerAspect] Mapper ===> com.study.domain.post.PostMapper.save()
2023-04-12 12:42:09,890 DEBUG [com.study.domain.post.PostMapper.save] ==>  Preparing: INSERT INTO tb_post ( id , title , content , writer , view_cnt , notice_yn , delete_yn , created_date , modified_date ) VALUES ( ? , ? , ? , ? , 0 , ? , 0 , NOW() , NULL )
2023-04-12 12:42:09,890 DEBUG [com.study.domain.post.PostMapper.save] ==> Parameters: null, 458번 게시글 제목(String), 458번 게시글 내용(String), 테스터458(String), false(Boolean)
2023-04-12 12:42:09,890  INFO [jdbc.sqlonly] INSERT INTO tb_post (

          id
        , title
        , content
        , writer
        , view_cnt
        , notice_yn
        , delete_yn
        , created_date
        , modified_date

        ) VALUES (
              NULL
            , '458번 게시글 제목'
            , '458번 게시글 내용'
            , '테스터458'
            , 0
            , 0
            , 0
            , NOW()
            , NULL
        )

2023-04-12 12:42:09,891 DEBUG [com.study.domain.post.PostMapper.save] <==    Updates: 1
2023-04-12 12:42:09,891  INFO [jdbc.resultsettable] 
|----------|
|insert_id |
|----------|
|458       |
|----------|

2023-04-12 12:42:09,892 DEBUG [com.study.aop.LoggerAspect] Service ===> com.study.domain.post.PostService.savePost()
2023-04-12 12:42:09,892 DEBUG [com.study.aop.LoggerAspect] Mapper ===> com.study.domain.post.PostMapper.save()
2023-04-12 12:42:09,893 DEBUG [com.study.domain.post.PostMapper.save] ==>  Preparing: INSERT INTO tb_post ( id , title , content , writer , view_cnt , notice_yn , delete_yn , created_date , modified_date ) VALUES ( ? , ? , ? , ? , 0 , ? , 0 , NOW() , NULL )
2023-04-12 12:42:09,893 DEBUG [com.study.domain.post.PostMapper.save] ==> Parameters: null, 459번 게시글 제목(String), 459번 게시글 내용(String), 테스터459(String), false(Boolean)
2023-04-12 12:42:09,893  INFO [jdbc.sqlonly] INSERT INTO tb_post (

          id
        , title
        , content
        , writer
        , view_cnt
        , notice_yn
        , delete_yn
        , created_date
        , modified_date

        ) VALUES (
              NULL
            , '459번 게시글 제목'
            , '459번 게시글 내용'
            , '테스터459'
            , 0
            , 0
            , 0
            , NOW()
            , NULL
        )

2023-04-12 12:42:09,893 DEBUG [com.study.domain.post.PostMapper.save] <==    Updates: 1
2023-04-12 12:42:09,893  INFO [jdbc.resultsettable] 
|----------|
|insert_id |
|----------|
|459       |
|----------|

2023-04-12 12:42:09,895 DEBUG [com.study.aop.LoggerAspect] Service ===> com.study.domain.post.PostService.savePost()
2023-04-12 12:42:09,895 DEBUG [com.study.aop.LoggerAspect] Mapper ===> com.study.domain.post.PostMapper.save()
2023-04-12 12:42:09,895 DEBUG [com.study.domain.post.PostMapper.save] ==>  Preparing: INSERT INTO tb_post ( id , title , content , writer , view_cnt , notice_yn , delete_yn , created_date , modified_date ) VALUES ( ? , ? , ? , ? , 0 , ? , 0 , NOW() , NULL )
2023-04-12 12:42:09,895 DEBUG [com.study.domain.post.PostMapper.save] ==> Parameters: null, 460번 게시글 제목(String), 460번 게시글 내용(String), 테스터460(String), false(Boolean)
2023-04-12 12:42:09,895  INFO [jdbc.sqlonly] INSERT INTO tb_post (

          id
        , title
        , content
        , writer
        , view_cnt
        , notice_yn
        , delete_yn
        , created_date
        , modified_date

        ) VALUES (
              NULL
            , '460번 게시글 제목'
            , '460번 게시글 내용'
            , '테스터460'
            , 0
            , 0
            , 0
            , NOW()
            , NULL
        )

2023-04-12 12:42:09,896 DEBUG [com.study.domain.post.PostMapper.save] <==    Updates: 1
2023-04-12 12:42:09,896  INFO [jdbc.resultsettable] 
|----------|
|insert_id |
|----------|
|460       |
|----------|

2023-04-12 12:42:09,898 DEBUG [com.study.aop.LoggerAspect] Service ===> com.study.domain.post.PostService.savePost()
2023-04-12 12:42:09,898 DEBUG [com.study.aop.LoggerAspect] Mapper ===> com.study.domain.post.PostMapper.save()
2023-04-12 12:42:09,898 DEBUG [com.study.domain.post.PostMapper.save] ==>  Preparing: INSERT INTO tb_post ( id , title , content , writer , view_cnt , notice_yn , delete_yn , created_date , modified_date ) VALUES ( ? , ? , ? , ? , 0 , ? , 0 , NOW() , NULL )
2023-04-12 12:42:09,898 DEBUG [com.study.domain.post.PostMapper.save] ==> Parameters: null, 461번 게시글 제목(String), 461번 게시글 내용(String), 테스터461(String), false(Boolean)
2023-04-12 12:42:09,898  INFO [jdbc.sqlonly] INSERT INTO tb_post (

          id
        , title
        , content
        , writer
        , view_cnt
        , notice_yn
        , delete_yn
        , created_date
        , modified_date

        ) VALUES (
              NULL
            , '461번 게시글 제목'
            , '461번 게시글 내용'
            , '테스터461'
            , 0
            , 0
            , 0
            , NOW()
            , NULL
        )

2023-04-12 12:42:09,898 DEBUG [com.study.domain.post.PostMapper.save] <==    Updates: 1
2023-04-12 12:42:09,898  INFO [jdbc.resultsettable] 
|----------|
|insert_id |
|----------|
|461       |
|----------|

2023-04-12 12:42:09,900 DEBUG [com.study.aop.LoggerAspect] Service ===> com.study.domain.post.PostService.savePost()
2023-04-12 12:42:09,900 DEBUG [com.study.aop.LoggerAspect] Mapper ===> com.study.domain.post.PostMapper.save()
2023-04-12 12:42:09,901 DEBUG [com.study.domain.post.PostMapper.save] ==>  Preparing: INSERT INTO tb_post ( id , title , content , writer , view_cnt , notice_yn , delete_yn , created_date , modified_date ) VALUES ( ? , ? , ? , ? , 0 , ? , 0 , NOW() , NULL )
2023-04-12 12:42:09,901 DEBUG [com.study.domain.post.PostMapper.save] ==> Parameters: null, 462번 게시글 제목(String), 462번 게시글 내용(String), 테스터462(String), false(Boolean)
2023-04-12 12:42:09,901  INFO [jdbc.sqlonly] INSERT INTO tb_post (

          id
        , title
        , content
        , writer
        , view_cnt
        , notice_yn
        , delete_yn
        , created_date
        , modified_date

        ) VALUES (
              NULL
            , '462번 게시글 제목'
            , '462번 게시글 내용'
            , '테스터462'
            , 0
            , 0
            , 0
            , NOW()
            , NULL
        )

2023-04-12 12:42:09,902 DEBUG [com.study.domain.post.PostMapper.save] <==    Updates: 1
2023-04-12 12:42:09,903  INFO [jdbc.resultsettable] 
|----------|
|insert_id |
|----------|
|462       |
|----------|

2023-04-12 12:42:09,905 DEBUG [com.study.aop.LoggerAspect] Service ===> com.study.domain.post.PostService.savePost()
2023-04-12 12:42:09,905 DEBUG [com.study.aop.LoggerAspect] Mapper ===> com.study.domain.post.PostMapper.save()
2023-04-12 12:42:09,905 DEBUG [com.study.domain.post.PostMapper.save] ==>  Preparing: INSERT INTO tb_post ( id , title , content , writer , view_cnt , notice_yn , delete_yn , created_date , modified_date ) VALUES ( ? , ? , ? , ? , 0 , ? , 0 , NOW() , NULL )
2023-04-12 12:42:09,905 DEBUG [com.study.domain.post.PostMapper.save] ==> Parameters: null, 463번 게시글 제목(String), 463번 게시글 내용(String), 테스터463(String), false(Boolean)
2023-04-12 12:42:09,905  INFO [jdbc.sqlonly] INSERT INTO tb_post (

          id
        , title
        , content
        , writer
        , view_cnt
        , notice_yn
        , delete_yn
        , created_date
        , modified_date

        ) VALUES (
              NULL
            , '463번 게시글 제목'
            , '463번 게시글 내용'
            , '테스터463'
            , 0
            , 0
            , 0
            , NOW()
            , NULL
        )

2023-04-12 12:42:09,906 DEBUG [com.study.domain.post.PostMapper.save] <==    Updates: 1
2023-04-12 12:42:09,906  INFO [jdbc.resultsettable] 
|----------|
|insert_id |
|----------|
|463       |
|----------|

2023-04-12 12:42:09,909 DEBUG [com.study.aop.LoggerAspect] Service ===> com.study.domain.post.PostService.savePost()
2023-04-12 12:42:09,909 DEBUG [com.study.aop.LoggerAspect] Mapper ===> com.study.domain.post.PostMapper.save()
2023-04-12 12:42:09,909 DEBUG [com.study.domain.post.PostMapper.save] ==>  Preparing: INSERT INTO tb_post ( id , title , content , writer , view_cnt , notice_yn , delete_yn , created_date , modified_date ) VALUES ( ? , ? , ? , ? , 0 , ? , 0 , NOW() , NULL )
2023-04-12 12:42:09,909 DEBUG [com.study.domain.post.PostMapper.save] ==> Parameters: null, 464번 게시글 제목(String), 464번 게시글 내용(String), 테스터464(String), false(Boolean)
2023-04-12 12:42:09,909  INFO [jdbc.sqlonly] INSERT INTO tb_post (

          id
        , title
        , content
        , writer
        , view_cnt
        , notice_yn
        , delete_yn
        , created_date
        , modified_date

        ) VALUES (
              NULL
            , '464번 게시글 제목'
            , '464번 게시글 내용'
            , '테스터464'
            , 0
            , 0
            , 0
            , NOW()
            , NULL
        )

2023-04-12 12:42:09,909 DEBUG [com.study.domain.post.PostMapper.save] <==    Updates: 1
2023-04-12 12:42:09,909  INFO [jdbc.resultsettable] 
|----------|
|insert_id |
|----------|
|464       |
|----------|

2023-04-12 12:42:09,911 DEBUG [com.study.aop.LoggerAspect] Service ===> com.study.domain.post.PostService.savePost()
2023-04-12 12:42:09,911 DEBUG [com.study.aop.LoggerAspect] Mapper ===> com.study.domain.post.PostMapper.save()
2023-04-12 12:42:09,911 DEBUG [com.study.domain.post.PostMapper.save] ==>  Preparing: INSERT INTO tb_post ( id , title , content , writer , view_cnt , notice_yn , delete_yn , created_date , modified_date ) VALUES ( ? , ? , ? , ? , 0 , ? , 0 , NOW() , NULL )
2023-04-12 12:42:09,911 DEBUG [com.study.domain.post.PostMapper.save] ==> Parameters: null, 465번 게시글 제목(String), 465번 게시글 내용(String), 테스터465(String), false(Boolean)
2023-04-12 12:42:09,911  INFO [jdbc.sqlonly] INSERT INTO tb_post (

          id
        , title
        , content
        , writer
        , view_cnt
        , notice_yn
        , delete_yn
        , created_date
        , modified_date

        ) VALUES (
              NULL
            , '465번 게시글 제목'
            , '465번 게시글 내용'
            , '테스터465'
            , 0
            , 0
            , 0
            , NOW()
            , NULL
        )

2023-04-12 12:42:09,912 DEBUG [com.study.domain.post.PostMapper.save] <==    Updates: 1
2023-04-12 12:42:09,912  INFO [jdbc.resultsettable] 
|----------|
|insert_id |
|----------|
|465       |
|----------|

2023-04-12 12:42:09,914 DEBUG [com.study.aop.LoggerAspect] Service ===> com.study.domain.post.PostService.savePost()
2023-04-12 12:42:09,914 DEBUG [com.study.aop.LoggerAspect] Mapper ===> com.study.domain.post.PostMapper.save()
2023-04-12 12:42:09,914 DEBUG [com.study.domain.post.PostMapper.save] ==>  Preparing: INSERT INTO tb_post ( id , title , content , writer , view_cnt , notice_yn , delete_yn , created_date , modified_date ) VALUES ( ? , ? , ? , ? , 0 , ? , 0 , NOW() , NULL )
2023-04-12 12:42:09,914 DEBUG [com.study.domain.post.PostMapper.save] ==> Parameters: null, 466번 게시글 제목(String), 466번 게시글 내용(String), 테스터466(String), false(Boolean)
2023-04-12 12:42:09,914  INFO [jdbc.sqlonly] INSERT INTO tb_post (

          id
        , title
        , content
        , writer
        , view_cnt
        , notice_yn
        , delete_yn
        , created_date
        , modified_date

        ) VALUES (
              NULL
            , '466번 게시글 제목'
            , '466번 게시글 내용'
            , '테스터466'
            , 0
            , 0
            , 0
            , NOW()
            , NULL
        )

2023-04-12 12:42:09,914 DEBUG [com.study.domain.post.PostMapper.save] <==    Updates: 1
2023-04-12 12:42:09,914  INFO [jdbc.resultsettable] 
|----------|
|insert_id |
|----------|
|466       |
|----------|

2023-04-12 12:42:09,916 DEBUG [com.study.aop.LoggerAspect] Service ===> com.study.domain.post.PostService.savePost()
2023-04-12 12:42:09,916 DEBUG [com.study.aop.LoggerAspect] Mapper ===> com.study.domain.post.PostMapper.save()
2023-04-12 12:42:09,916 DEBUG [com.study.domain.post.PostMapper.save] ==>  Preparing: INSERT INTO tb_post ( id , title , content , writer , view_cnt , notice_yn , delete_yn , created_date , modified_date ) VALUES ( ? , ? , ? , ? , 0 , ? , 0 , NOW() , NULL )
2023-04-12 12:42:09,916 DEBUG [com.study.domain.post.PostMapper.save] ==> Parameters: null, 467번 게시글 제목(String), 467번 게시글 내용(String), 테스터467(String), false(Boolean)
2023-04-12 12:42:09,916  INFO [jdbc.sqlonly] INSERT INTO tb_post (

          id
        , title
        , content
        , writer
        , view_cnt
        , notice_yn
        , delete_yn
        , created_date
        , modified_date

        ) VALUES (
              NULL
            , '467번 게시글 제목'
            , '467번 게시글 내용'
            , '테스터467'
            , 0
            , 0
            , 0
            , NOW()
            , NULL
        )

2023-04-12 12:42:09,917 DEBUG [com.study.domain.post.PostMapper.save] <==    Updates: 1
2023-04-12 12:42:09,917  INFO [jdbc.resultsettable] 
|----------|
|insert_id |
|----------|
|467       |
|----------|

2023-04-12 12:42:09,919 DEBUG [com.study.aop.LoggerAspect] Service ===> com.study.domain.post.PostService.savePost()
2023-04-12 12:42:09,919 DEBUG [com.study.aop.LoggerAspect] Mapper ===> com.study.domain.post.PostMapper.save()
2023-04-12 12:42:09,919 DEBUG [com.study.domain.post.PostMapper.save] ==>  Preparing: INSERT INTO tb_post ( id , title , content , writer , view_cnt , notice_yn , delete_yn , created_date , modified_date ) VALUES ( ? , ? , ? , ? , 0 , ? , 0 , NOW() , NULL )
2023-04-12 12:42:09,919 DEBUG [com.study.domain.post.PostMapper.save] ==> Parameters: null, 468번 게시글 제목(String), 468번 게시글 내용(String), 테스터468(String), false(Boolean)
2023-04-12 12:42:09,919  INFO [jdbc.sqlonly] INSERT INTO tb_post (

          id
        , title
        , content
        , writer
        , view_cnt
        , notice_yn
        , delete_yn
        , created_date
        , modified_date

        ) VALUES (
              NULL
            , '468번 게시글 제목'
            , '468번 게시글 내용'
            , '테스터468'
            , 0
            , 0
            , 0
            , NOW()
            , NULL
        )

2023-04-12 12:42:09,920 DEBUG [com.study.domain.post.PostMapper.save] <==    Updates: 1
2023-04-12 12:42:09,920  INFO [jdbc.resultsettable] 
|----------|
|insert_id |
|----------|
|468       |
|----------|

2023-04-12 12:42:09,922 DEBUG [com.study.aop.LoggerAspect] Service ===> com.study.domain.post.PostService.savePost()
2023-04-12 12:42:09,922 DEBUG [com.study.aop.LoggerAspect] Mapper ===> com.study.domain.post.PostMapper.save()
2023-04-12 12:42:09,922 DEBUG [com.study.domain.post.PostMapper.save] ==>  Preparing: INSERT INTO tb_post ( id , title , content , writer , view_cnt , notice_yn , delete_yn , created_date , modified_date ) VALUES ( ? , ? , ? , ? , 0 , ? , 0 , NOW() , NULL )
2023-04-12 12:42:09,922 DEBUG [com.study.domain.post.PostMapper.save] ==> Parameters: null, 469번 게시글 제목(String), 469번 게시글 내용(String), 테스터469(String), false(Boolean)
2023-04-12 12:42:09,922  INFO [jdbc.sqlonly] INSERT INTO tb_post (

          id
        , title
        , content
        , writer
        , view_cnt
        , notice_yn
        , delete_yn
        , created_date
        , modified_date

        ) VALUES (
              NULL
            , '469번 게시글 제목'
            , '469번 게시글 내용'
            , '테스터469'
            , 0
            , 0
            , 0
            , NOW()
            , NULL
        )

2023-04-12 12:42:09,923 DEBUG [com.study.domain.post.PostMapper.save] <==    Updates: 1
2023-04-12 12:42:09,923  INFO [jdbc.resultsettable] 
|----------|
|insert_id |
|----------|
|469       |
|----------|

2023-04-12 12:42:09,924 DEBUG [com.study.aop.LoggerAspect] Service ===> com.study.domain.post.PostService.savePost()
2023-04-12 12:42:09,924 DEBUG [com.study.aop.LoggerAspect] Mapper ===> com.study.domain.post.PostMapper.save()
2023-04-12 12:42:09,925 DEBUG [com.study.domain.post.PostMapper.save] ==>  Preparing: INSERT INTO tb_post ( id , title , content , writer , view_cnt , notice_yn , delete_yn , created_date , modified_date ) VALUES ( ? , ? , ? , ? , 0 , ? , 0 , NOW() , NULL )
2023-04-12 12:42:09,925 DEBUG [com.study.domain.post.PostMapper.save] ==> Parameters: null, 470번 게시글 제목(String), 470번 게시글 내용(String), 테스터470(String), false(Boolean)
2023-04-12 12:42:09,925  INFO [jdbc.sqlonly] INSERT INTO tb_post (

          id
        , title
        , content
        , writer
        , view_cnt
        , notice_yn
        , delete_yn
        , created_date
        , modified_date

        ) VALUES (
              NULL
            , '470번 게시글 제목'
            , '470번 게시글 내용'
            , '테스터470'
            , 0
            , 0
            , 0
            , NOW()
            , NULL
        )

2023-04-12 12:42:09,925 DEBUG [com.study.domain.post.PostMapper.save] <==    Updates: 1
2023-04-12 12:42:09,925  INFO [jdbc.resultsettable] 
|----------|
|insert_id |
|----------|
|470       |
|----------|

2023-04-12 12:42:09,927 DEBUG [com.study.aop.LoggerAspect] Service ===> com.study.domain.post.PostService.savePost()
2023-04-12 12:42:09,928 DEBUG [com.study.aop.LoggerAspect] Mapper ===> com.study.domain.post.PostMapper.save()
2023-04-12 12:42:09,928 DEBUG [com.study.domain.post.PostMapper.save] ==>  Preparing: INSERT INTO tb_post ( id , title , content , writer , view_cnt , notice_yn , delete_yn , created_date , modified_date ) VALUES ( ? , ? , ? , ? , 0 , ? , 0 , NOW() , NULL )
2023-04-12 12:42:09,928 DEBUG [com.study.domain.post.PostMapper.save] ==> Parameters: null, 471번 게시글 제목(String), 471번 게시글 내용(String), 테스터471(String), false(Boolean)
2023-04-12 12:42:09,928  INFO [jdbc.sqlonly] INSERT INTO tb_post (

          id
        , title
        , content
        , writer
        , view_cnt
        , notice_yn
        , delete_yn
        , created_date
        , modified_date

        ) VALUES (
              NULL
            , '471번 게시글 제목'
            , '471번 게시글 내용'
            , '테스터471'
            , 0
            , 0
            , 0
            , NOW()
            , NULL
        )

2023-04-12 12:42:09,928 DEBUG [com.study.domain.post.PostMapper.save] <==    Updates: 1
2023-04-12 12:42:09,928  INFO [jdbc.resultsettable] 
|----------|
|insert_id |
|----------|
|471       |
|----------|

2023-04-12 12:42:09,930 DEBUG [com.study.aop.LoggerAspect] Service ===> com.study.domain.post.PostService.savePost()
2023-04-12 12:42:09,930 DEBUG [com.study.aop.LoggerAspect] Mapper ===> com.study.domain.post.PostMapper.save()
2023-04-12 12:42:09,930 DEBUG [com.study.domain.post.PostMapper.save] ==>  Preparing: INSERT INTO tb_post ( id , title , content , writer , view_cnt , notice_yn , delete_yn , created_date , modified_date ) VALUES ( ? , ? , ? , ? , 0 , ? , 0 , NOW() , NULL )
2023-04-12 12:42:09,930 DEBUG [com.study.domain.post.PostMapper.save] ==> Parameters: null, 472번 게시글 제목(String), 472번 게시글 내용(String), 테스터472(String), false(Boolean)
2023-04-12 12:42:09,930  INFO [jdbc.sqlonly] INSERT INTO tb_post (

          id
        , title
        , content
        , writer
        , view_cnt
        , notice_yn
        , delete_yn
        , created_date
        , modified_date

        ) VALUES (
              NULL
            , '472번 게시글 제목'
            , '472번 게시글 내용'
            , '테스터472'
            , 0
            , 0
            , 0
            , NOW()
            , NULL
        )

2023-04-12 12:42:09,931 DEBUG [com.study.domain.post.PostMapper.save] <==    Updates: 1
2023-04-12 12:42:09,931  INFO [jdbc.resultsettable] 
|----------|
|insert_id |
|----------|
|472       |
|----------|

2023-04-12 12:42:09,932 DEBUG [com.study.aop.LoggerAspect] Service ===> com.study.domain.post.PostService.savePost()
2023-04-12 12:42:09,933 DEBUG [com.study.aop.LoggerAspect] Mapper ===> com.study.domain.post.PostMapper.save()
2023-04-12 12:42:09,933 DEBUG [com.study.domain.post.PostMapper.save] ==>  Preparing: INSERT INTO tb_post ( id , title , content , writer , view_cnt , notice_yn , delete_yn , created_date , modified_date ) VALUES ( ? , ? , ? , ? , 0 , ? , 0 , NOW() , NULL )
2023-04-12 12:42:09,933 DEBUG [com.study.domain.post.PostMapper.save] ==> Parameters: null, 473번 게시글 제목(String), 473번 게시글 내용(String), 테스터473(String), false(Boolean)
2023-04-12 12:42:09,933  INFO [jdbc.sqlonly] INSERT INTO tb_post (

          id
        , title
        , content
        , writer
        , view_cnt
        , notice_yn
        , delete_yn
        , created_date
        , modified_date

        ) VALUES (
              NULL
            , '473번 게시글 제목'
            , '473번 게시글 내용'
            , '테스터473'
            , 0
            , 0
            , 0
            , NOW()
            , NULL
        )

2023-04-12 12:42:09,933 DEBUG [com.study.domain.post.PostMapper.save] <==    Updates: 1
2023-04-12 12:42:09,933  INFO [jdbc.resultsettable] 
|----------|
|insert_id |
|----------|
|473       |
|----------|

2023-04-12 12:42:09,935 DEBUG [com.study.aop.LoggerAspect] Service ===> com.study.domain.post.PostService.savePost()
2023-04-12 12:42:09,935 DEBUG [com.study.aop.LoggerAspect] Mapper ===> com.study.domain.post.PostMapper.save()
2023-04-12 12:42:09,935 DEBUG [com.study.domain.post.PostMapper.save] ==>  Preparing: INSERT INTO tb_post ( id , title , content , writer , view_cnt , notice_yn , delete_yn , created_date , modified_date ) VALUES ( ? , ? , ? , ? , 0 , ? , 0 , NOW() , NULL )
2023-04-12 12:42:09,935 DEBUG [com.study.domain.post.PostMapper.save] ==> Parameters: null, 474번 게시글 제목(String), 474번 게시글 내용(String), 테스터474(String), false(Boolean)
2023-04-12 12:42:09,935  INFO [jdbc.sqlonly] INSERT INTO tb_post (

          id
        , title
        , content
        , writer
        , view_cnt
        , notice_yn
        , delete_yn
        , created_date
        , modified_date

        ) VALUES (
              NULL
            , '474번 게시글 제목'
            , '474번 게시글 내용'
            , '테스터474'
            , 0
            , 0
            , 0
            , NOW()
            , NULL
        )

2023-04-12 12:42:09,936 DEBUG [com.study.domain.post.PostMapper.save] <==    Updates: 1
2023-04-12 12:42:09,936  INFO [jdbc.resultsettable] 
|----------|
|insert_id |
|----------|
|474       |
|----------|

2023-04-12 12:42:09,937 DEBUG [com.study.aop.LoggerAspect] Service ===> com.study.domain.post.PostService.savePost()
2023-04-12 12:42:09,937 DEBUG [com.study.aop.LoggerAspect] Mapper ===> com.study.domain.post.PostMapper.save()
2023-04-12 12:42:09,938 DEBUG [com.study.domain.post.PostMapper.save] ==>  Preparing: INSERT INTO tb_post ( id , title , content , writer , view_cnt , notice_yn , delete_yn , created_date , modified_date ) VALUES ( ? , ? , ? , ? , 0 , ? , 0 , NOW() , NULL )
2023-04-12 12:42:09,938 DEBUG [com.study.domain.post.PostMapper.save] ==> Parameters: null, 475번 게시글 제목(String), 475번 게시글 내용(String), 테스터475(String), false(Boolean)
2023-04-12 12:42:09,938  INFO [jdbc.sqlonly] INSERT INTO tb_post (

          id
        , title
        , content
        , writer
        , view_cnt
        , notice_yn
        , delete_yn
        , created_date
        , modified_date

        ) VALUES (
              NULL
            , '475번 게시글 제목'
            , '475번 게시글 내용'
            , '테스터475'
            , 0
            , 0
            , 0
            , NOW()
            , NULL
        )

2023-04-12 12:42:09,938 DEBUG [com.study.domain.post.PostMapper.save] <==    Updates: 1
2023-04-12 12:42:09,938  INFO [jdbc.resultsettable] 
|----------|
|insert_id |
|----------|
|475       |
|----------|

2023-04-12 12:42:09,940 DEBUG [com.study.aop.LoggerAspect] Service ===> com.study.domain.post.PostService.savePost()
2023-04-12 12:42:09,940 DEBUG [com.study.aop.LoggerAspect] Mapper ===> com.study.domain.post.PostMapper.save()
2023-04-12 12:42:09,940 DEBUG [com.study.domain.post.PostMapper.save] ==>  Preparing: INSERT INTO tb_post ( id , title , content , writer , view_cnt , notice_yn , delete_yn , created_date , modified_date ) VALUES ( ? , ? , ? , ? , 0 , ? , 0 , NOW() , NULL )
2023-04-12 12:42:09,941 DEBUG [com.study.domain.post.PostMapper.save] ==> Parameters: null, 476번 게시글 제목(String), 476번 게시글 내용(String), 테스터476(String), false(Boolean)
2023-04-12 12:42:09,941  INFO [jdbc.sqlonly] INSERT INTO tb_post (

          id
        , title
        , content
        , writer
        , view_cnt
        , notice_yn
        , delete_yn
        , created_date
        , modified_date

        ) VALUES (
              NULL
            , '476번 게시글 제목'
            , '476번 게시글 내용'
            , '테스터476'
            , 0
            , 0
            , 0
            , NOW()
            , NULL
        )

2023-04-12 12:42:09,941 DEBUG [com.study.domain.post.PostMapper.save] <==    Updates: 1
2023-04-12 12:42:09,941  INFO [jdbc.resultsettable] 
|----------|
|insert_id |
|----------|
|476       |
|----------|

2023-04-12 12:42:09,943 DEBUG [com.study.aop.LoggerAspect] Service ===> com.study.domain.post.PostService.savePost()
2023-04-12 12:42:09,943 DEBUG [com.study.aop.LoggerAspect] Mapper ===> com.study.domain.post.PostMapper.save()
2023-04-12 12:42:09,943 DEBUG [com.study.domain.post.PostMapper.save] ==>  Preparing: INSERT INTO tb_post ( id , title , content , writer , view_cnt , notice_yn , delete_yn , created_date , modified_date ) VALUES ( ? , ? , ? , ? , 0 , ? , 0 , NOW() , NULL )
2023-04-12 12:42:09,943 DEBUG [com.study.domain.post.PostMapper.save] ==> Parameters: null, 477번 게시글 제목(String), 477번 게시글 내용(String), 테스터477(String), false(Boolean)
2023-04-12 12:42:09,943  INFO [jdbc.sqlonly] INSERT INTO tb_post (

          id
        , title
        , content
        , writer
        , view_cnt
        , notice_yn
        , delete_yn
        , created_date
        , modified_date

        ) VALUES (
              NULL
            , '477번 게시글 제목'
            , '477번 게시글 내용'
            , '테스터477'
            , 0
            , 0
            , 0
            , NOW()
            , NULL
        )

2023-04-12 12:42:09,944 DEBUG [com.study.domain.post.PostMapper.save] <==    Updates: 1
2023-04-12 12:42:09,944  INFO [jdbc.resultsettable] 
|----------|
|insert_id |
|----------|
|477       |
|----------|

2023-04-12 12:42:09,946 DEBUG [com.study.aop.LoggerAspect] Service ===> com.study.domain.post.PostService.savePost()
2023-04-12 12:42:09,946 DEBUG [com.study.aop.LoggerAspect] Mapper ===> com.study.domain.post.PostMapper.save()
2023-04-12 12:42:09,946 DEBUG [com.study.domain.post.PostMapper.save] ==>  Preparing: INSERT INTO tb_post ( id , title , content , writer , view_cnt , notice_yn , delete_yn , created_date , modified_date ) VALUES ( ? , ? , ? , ? , 0 , ? , 0 , NOW() , NULL )
2023-04-12 12:42:09,946 DEBUG [com.study.domain.post.PostMapper.save] ==> Parameters: null, 478번 게시글 제목(String), 478번 게시글 내용(String), 테스터478(String), false(Boolean)
2023-04-12 12:42:09,946  INFO [jdbc.sqlonly] INSERT INTO tb_post (

          id
        , title
        , content
        , writer
        , view_cnt
        , notice_yn
        , delete_yn
        , created_date
        , modified_date

        ) VALUES (
              NULL
            , '478번 게시글 제목'
            , '478번 게시글 내용'
            , '테스터478'
            , 0
            , 0
            , 0
            , NOW()
            , NULL
        )

2023-04-12 12:42:09,947 DEBUG [com.study.domain.post.PostMapper.save] <==    Updates: 1
2023-04-12 12:42:09,947  INFO [jdbc.resultsettable] 
|----------|
|insert_id |
|----------|
|478       |
|----------|

2023-04-12 12:42:09,949 DEBUG [com.study.aop.LoggerAspect] Service ===> com.study.domain.post.PostService.savePost()
2023-04-12 12:42:09,949 DEBUG [com.study.aop.LoggerAspect] Mapper ===> com.study.domain.post.PostMapper.save()
2023-04-12 12:42:09,949 DEBUG [com.study.domain.post.PostMapper.save] ==>  Preparing: INSERT INTO tb_post ( id , title , content , writer , view_cnt , notice_yn , delete_yn , created_date , modified_date ) VALUES ( ? , ? , ? , ? , 0 , ? , 0 , NOW() , NULL )
2023-04-12 12:42:09,949 DEBUG [com.study.domain.post.PostMapper.save] ==> Parameters: null, 479번 게시글 제목(String), 479번 게시글 내용(String), 테스터479(String), false(Boolean)
2023-04-12 12:42:09,949  INFO [jdbc.sqlonly] INSERT INTO tb_post (

          id
        , title
        , content
        , writer
        , view_cnt
        , notice_yn
        , delete_yn
        , created_date
        , modified_date

        ) VALUES (
              NULL
            , '479번 게시글 제목'
            , '479번 게시글 내용'
            , '테스터479'
            , 0
            , 0
            , 0
            , NOW()
            , NULL
        )

2023-04-12 12:42:09,949 DEBUG [com.study.domain.post.PostMapper.save] <==    Updates: 1
2023-04-12 12:42:09,950  INFO [jdbc.resultsettable] 
|----------|
|insert_id |
|----------|
|479       |
|----------|

2023-04-12 12:42:09,951 DEBUG [com.study.aop.LoggerAspect] Service ===> com.study.domain.post.PostService.savePost()
2023-04-12 12:42:09,952 DEBUG [com.study.aop.LoggerAspect] Mapper ===> com.study.domain.post.PostMapper.save()
2023-04-12 12:42:09,952 DEBUG [com.study.domain.post.PostMapper.save] ==>  Preparing: INSERT INTO tb_post ( id , title , content , writer , view_cnt , notice_yn , delete_yn , created_date , modified_date ) VALUES ( ? , ? , ? , ? , 0 , ? , 0 , NOW() , NULL )
2023-04-12 12:42:09,952 DEBUG [com.study.domain.post.PostMapper.save] ==> Parameters: null, 480번 게시글 제목(String), 480번 게시글 내용(String), 테스터480(String), false(Boolean)
2023-04-12 12:42:09,952  INFO [jdbc.sqlonly] INSERT INTO tb_post (

          id
        , title
        , content
        , writer
        , view_cnt
        , notice_yn
        , delete_yn
        , created_date
        , modified_date

        ) VALUES (
              NULL
            , '480번 게시글 제목'
            , '480번 게시글 내용'
            , '테스터480'
            , 0
            , 0
            , 0
            , NOW()
            , NULL
        )

2023-04-12 12:42:09,952 DEBUG [com.study.domain.post.PostMapper.save] <==    Updates: 1
2023-04-12 12:42:09,952  INFO [jdbc.resultsettable] 
|----------|
|insert_id |
|----------|
|480       |
|----------|

2023-04-12 12:42:09,955 DEBUG [com.study.aop.LoggerAspect] Service ===> com.study.domain.post.PostService.savePost()
2023-04-12 12:42:09,955 DEBUG [com.study.aop.LoggerAspect] Mapper ===> com.study.domain.post.PostMapper.save()
2023-04-12 12:42:09,955 DEBUG [com.study.domain.post.PostMapper.save] ==>  Preparing: INSERT INTO tb_post ( id , title , content , writer , view_cnt , notice_yn , delete_yn , created_date , modified_date ) VALUES ( ? , ? , ? , ? , 0 , ? , 0 , NOW() , NULL )
2023-04-12 12:42:09,955 DEBUG [com.study.domain.post.PostMapper.save] ==> Parameters: null, 481번 게시글 제목(String), 481번 게시글 내용(String), 테스터481(String), false(Boolean)
2023-04-12 12:42:09,955  INFO [jdbc.sqlonly] INSERT INTO tb_post (

          id
        , title
        , content
        , writer
        , view_cnt
        , notice_yn
        , delete_yn
        , created_date
        , modified_date

        ) VALUES (
              NULL
            , '481번 게시글 제목'
            , '481번 게시글 내용'
            , '테스터481'
            , 0
            , 0
            , 0
            , NOW()
            , NULL
        )

2023-04-12 12:42:09,955 DEBUG [com.study.domain.post.PostMapper.save] <==    Updates: 1
2023-04-12 12:42:09,955  INFO [jdbc.resultsettable] 
|----------|
|insert_id |
|----------|
|481       |
|----------|

2023-04-12 12:42:09,957 DEBUG [com.study.aop.LoggerAspect] Service ===> com.study.domain.post.PostService.savePost()
2023-04-12 12:42:09,957 DEBUG [com.study.aop.LoggerAspect] Mapper ===> com.study.domain.post.PostMapper.save()
2023-04-12 12:42:09,957 DEBUG [com.study.domain.post.PostMapper.save] ==>  Preparing: INSERT INTO tb_post ( id , title , content , writer , view_cnt , notice_yn , delete_yn , created_date , modified_date ) VALUES ( ? , ? , ? , ? , 0 , ? , 0 , NOW() , NULL )
2023-04-12 12:42:09,958 DEBUG [com.study.domain.post.PostMapper.save] ==> Parameters: null, 482번 게시글 제목(String), 482번 게시글 내용(String), 테스터482(String), false(Boolean)
2023-04-12 12:42:09,958  INFO [jdbc.sqlonly] INSERT INTO tb_post (

          id
        , title
        , content
        , writer
        , view_cnt
        , notice_yn
        , delete_yn
        , created_date
        , modified_date

        ) VALUES (
              NULL
            , '482번 게시글 제목'
            , '482번 게시글 내용'
            , '테스터482'
            , 0
            , 0
            , 0
            , NOW()
            , NULL
        )

2023-04-12 12:42:09,958 DEBUG [com.study.domain.post.PostMapper.save] <==    Updates: 1
2023-04-12 12:42:09,958  INFO [jdbc.resultsettable] 
|----------|
|insert_id |
|----------|
|482       |
|----------|

2023-04-12 12:42:09,960 DEBUG [com.study.aop.LoggerAspect] Service ===> com.study.domain.post.PostService.savePost()
2023-04-12 12:42:09,960 DEBUG [com.study.aop.LoggerAspect] Mapper ===> com.study.domain.post.PostMapper.save()
2023-04-12 12:42:09,960 DEBUG [com.study.domain.post.PostMapper.save] ==>  Preparing: INSERT INTO tb_post ( id , title , content , writer , view_cnt , notice_yn , delete_yn , created_date , modified_date ) VALUES ( ? , ? , ? , ? , 0 , ? , 0 , NOW() , NULL )
2023-04-12 12:42:09,960 DEBUG [com.study.domain.post.PostMapper.save] ==> Parameters: null, 483번 게시글 제목(String), 483번 게시글 내용(String), 테스터483(String), false(Boolean)
2023-04-12 12:42:09,960  INFO [jdbc.sqlonly] INSERT INTO tb_post (

          id
        , title
        , content
        , writer
        , view_cnt
        , notice_yn
        , delete_yn
        , created_date
        , modified_date

        ) VALUES (
              NULL
            , '483번 게시글 제목'
            , '483번 게시글 내용'
            , '테스터483'
            , 0
            , 0
            , 0
            , NOW()
            , NULL
        )

2023-04-12 12:42:09,960 DEBUG [com.study.domain.post.PostMapper.save] <==    Updates: 1
2023-04-12 12:42:09,961  INFO [jdbc.resultsettable] 
|----------|
|insert_id |
|----------|
|483       |
|----------|

2023-04-12 12:42:09,962 DEBUG [com.study.aop.LoggerAspect] Service ===> com.study.domain.post.PostService.savePost()
2023-04-12 12:42:09,962 DEBUG [com.study.aop.LoggerAspect] Mapper ===> com.study.domain.post.PostMapper.save()
2023-04-12 12:42:09,963 DEBUG [com.study.domain.post.PostMapper.save] ==>  Preparing: INSERT INTO tb_post ( id , title , content , writer , view_cnt , notice_yn , delete_yn , created_date , modified_date ) VALUES ( ? , ? , ? , ? , 0 , ? , 0 , NOW() , NULL )
2023-04-12 12:42:09,963 DEBUG [com.study.domain.post.PostMapper.save] ==> Parameters: null, 484번 게시글 제목(String), 484번 게시글 내용(String), 테스터484(String), false(Boolean)
2023-04-12 12:42:09,963  INFO [jdbc.sqlonly] INSERT INTO tb_post (

          id
        , title
        , content
        , writer
        , view_cnt
        , notice_yn
        , delete_yn
        , created_date
        , modified_date

        ) VALUES (
              NULL
            , '484번 게시글 제목'
            , '484번 게시글 내용'
            , '테스터484'
            , 0
            , 0
            , 0
            , NOW()
            , NULL
        )

2023-04-12 12:42:09,963 DEBUG [com.study.domain.post.PostMapper.save] <==    Updates: 1
2023-04-12 12:42:09,963  INFO [jdbc.resultsettable] 
|----------|
|insert_id |
|----------|
|484       |
|----------|

2023-04-12 12:42:09,965 DEBUG [com.study.aop.LoggerAspect] Service ===> com.study.domain.post.PostService.savePost()
2023-04-12 12:42:09,965 DEBUG [com.study.aop.LoggerAspect] Mapper ===> com.study.domain.post.PostMapper.save()
2023-04-12 12:42:09,965 DEBUG [com.study.domain.post.PostMapper.save] ==>  Preparing: INSERT INTO tb_post ( id , title , content , writer , view_cnt , notice_yn , delete_yn , created_date , modified_date ) VALUES ( ? , ? , ? , ? , 0 , ? , 0 , NOW() , NULL )
2023-04-12 12:42:09,965 DEBUG [com.study.domain.post.PostMapper.save] ==> Parameters: null, 485번 게시글 제목(String), 485번 게시글 내용(String), 테스터485(String), false(Boolean)
2023-04-12 12:42:09,965  INFO [jdbc.sqlonly] INSERT INTO tb_post (

          id
        , title
        , content
        , writer
        , view_cnt
        , notice_yn
        , delete_yn
        , created_date
        , modified_date

        ) VALUES (
              NULL
            , '485번 게시글 제목'
            , '485번 게시글 내용'
            , '테스터485'
            , 0
            , 0
            , 0
            , NOW()
            , NULL
        )

2023-04-12 12:42:09,965 DEBUG [com.study.domain.post.PostMapper.save] <==    Updates: 1
2023-04-12 12:42:09,966  INFO [jdbc.resultsettable] 
|----------|
|insert_id |
|----------|
|485       |
|----------|

2023-04-12 12:42:09,968 DEBUG [com.study.aop.LoggerAspect] Service ===> com.study.domain.post.PostService.savePost()
2023-04-12 12:42:09,968 DEBUG [com.study.aop.LoggerAspect] Mapper ===> com.study.domain.post.PostMapper.save()
2023-04-12 12:42:09,968 DEBUG [com.study.domain.post.PostMapper.save] ==>  Preparing: INSERT INTO tb_post ( id , title , content , writer , view_cnt , notice_yn , delete_yn , created_date , modified_date ) VALUES ( ? , ? , ? , ? , 0 , ? , 0 , NOW() , NULL )
2023-04-12 12:42:09,968 DEBUG [com.study.domain.post.PostMapper.save] ==> Parameters: null, 486번 게시글 제목(String), 486번 게시글 내용(String), 테스터486(String), false(Boolean)
2023-04-12 12:42:09,968  INFO [jdbc.sqlonly] INSERT INTO tb_post (

          id
        , title
        , content
        , writer
        , view_cnt
        , notice_yn
        , delete_yn
        , created_date
        , modified_date

        ) VALUES (
              NULL
            , '486번 게시글 제목'
            , '486번 게시글 내용'
            , '테스터486'
            , 0
            , 0
            , 0
            , NOW()
            , NULL
        )

2023-04-12 12:42:09,969 DEBUG [com.study.domain.post.PostMapper.save] <==    Updates: 1
2023-04-12 12:42:09,969  INFO [jdbc.resultsettable] 
|----------|
|insert_id |
|----------|
|486       |
|----------|

2023-04-12 12:42:09,971 DEBUG [com.study.aop.LoggerAspect] Service ===> com.study.domain.post.PostService.savePost()
2023-04-12 12:42:09,971 DEBUG [com.study.aop.LoggerAspect] Mapper ===> com.study.domain.post.PostMapper.save()
2023-04-12 12:42:09,971 DEBUG [com.study.domain.post.PostMapper.save] ==>  Preparing: INSERT INTO tb_post ( id , title , content , writer , view_cnt , notice_yn , delete_yn , created_date , modified_date ) VALUES ( ? , ? , ? , ? , 0 , ? , 0 , NOW() , NULL )
2023-04-12 12:42:09,971 DEBUG [com.study.domain.post.PostMapper.save] ==> Parameters: null, 487번 게시글 제목(String), 487번 게시글 내용(String), 테스터487(String), false(Boolean)
2023-04-12 12:42:09,971  INFO [jdbc.sqlonly] INSERT INTO tb_post (

          id
        , title
        , content
        , writer
        , view_cnt
        , notice_yn
        , delete_yn
        , created_date
        , modified_date

        ) VALUES (
              NULL
            , '487번 게시글 제목'
            , '487번 게시글 내용'
            , '테스터487'
            , 0
            , 0
            , 0
            , NOW()
            , NULL
        )

2023-04-12 12:42:09,972 DEBUG [com.study.domain.post.PostMapper.save] <==    Updates: 1
2023-04-12 12:42:09,972  INFO [jdbc.resultsettable] 
|----------|
|insert_id |
|----------|
|487       |
|----------|

2023-04-12 12:42:09,974 DEBUG [com.study.aop.LoggerAspect] Service ===> com.study.domain.post.PostService.savePost()
2023-04-12 12:42:09,974 DEBUG [com.study.aop.LoggerAspect] Mapper ===> com.study.domain.post.PostMapper.save()
2023-04-12 12:42:09,974 DEBUG [com.study.domain.post.PostMapper.save] ==>  Preparing: INSERT INTO tb_post ( id , title , content , writer , view_cnt , notice_yn , delete_yn , created_date , modified_date ) VALUES ( ? , ? , ? , ? , 0 , ? , 0 , NOW() , NULL )
2023-04-12 12:42:09,974 DEBUG [com.study.domain.post.PostMapper.save] ==> Parameters: null, 488번 게시글 제목(String), 488번 게시글 내용(String), 테스터488(String), false(Boolean)
2023-04-12 12:42:09,974  INFO [jdbc.sqlonly] INSERT INTO tb_post (

          id
        , title
        , content
        , writer
        , view_cnt
        , notice_yn
        , delete_yn
        , created_date
        , modified_date

        ) VALUES (
              NULL
            , '488번 게시글 제목'
            , '488번 게시글 내용'
            , '테스터488'
            , 0
            , 0
            , 0
            , NOW()
            , NULL
        )

2023-04-12 12:42:09,975 DEBUG [com.study.domain.post.PostMapper.save] <==    Updates: 1
2023-04-12 12:42:09,975  INFO [jdbc.resultsettable] 
|----------|
|insert_id |
|----------|
|488       |
|----------|

2023-04-12 12:42:09,977 DEBUG [com.study.aop.LoggerAspect] Service ===> com.study.domain.post.PostService.savePost()
2023-04-12 12:42:09,977 DEBUG [com.study.aop.LoggerAspect] Mapper ===> com.study.domain.post.PostMapper.save()
2023-04-12 12:42:09,977 DEBUG [com.study.domain.post.PostMapper.save] ==>  Preparing: INSERT INTO tb_post ( id , title , content , writer , view_cnt , notice_yn , delete_yn , created_date , modified_date ) VALUES ( ? , ? , ? , ? , 0 , ? , 0 , NOW() , NULL )
2023-04-12 12:42:09,977 DEBUG [com.study.domain.post.PostMapper.save] ==> Parameters: null, 489번 게시글 제목(String), 489번 게시글 내용(String), 테스터489(String), false(Boolean)
2023-04-12 12:42:09,977  INFO [jdbc.sqlonly] INSERT INTO tb_post (

          id
        , title
        , content
        , writer
        , view_cnt
        , notice_yn
        , delete_yn
        , created_date
        , modified_date

        ) VALUES (
              NULL
            , '489번 게시글 제목'
            , '489번 게시글 내용'
            , '테스터489'
            , 0
            , 0
            , 0
            , NOW()
            , NULL
        )

2023-04-12 12:42:09,977 DEBUG [com.study.domain.post.PostMapper.save] <==    Updates: 1
2023-04-12 12:42:09,977  INFO [jdbc.resultsettable] 
|----------|
|insert_id |
|----------|
|489       |
|----------|

2023-04-12 12:42:09,980 DEBUG [com.study.aop.LoggerAspect] Service ===> com.study.domain.post.PostService.savePost()
2023-04-12 12:42:09,980 DEBUG [com.study.aop.LoggerAspect] Mapper ===> com.study.domain.post.PostMapper.save()
2023-04-12 12:42:09,980 DEBUG [com.study.domain.post.PostMapper.save] ==>  Preparing: INSERT INTO tb_post ( id , title , content , writer , view_cnt , notice_yn , delete_yn , created_date , modified_date ) VALUES ( ? , ? , ? , ? , 0 , ? , 0 , NOW() , NULL )
2023-04-12 12:42:09,980 DEBUG [com.study.domain.post.PostMapper.save] ==> Parameters: null, 490번 게시글 제목(String), 490번 게시글 내용(String), 테스터490(String), false(Boolean)
2023-04-12 12:42:09,980  INFO [jdbc.sqlonly] INSERT INTO tb_post (

          id
        , title
        , content
        , writer
        , view_cnt
        , notice_yn
        , delete_yn
        , created_date
        , modified_date

        ) VALUES (
              NULL
            , '490번 게시글 제목'
            , '490번 게시글 내용'
            , '테스터490'
            , 0
            , 0
            , 0
            , NOW()
            , NULL
        )

2023-04-12 12:42:09,980 DEBUG [com.study.domain.post.PostMapper.save] <==    Updates: 1
2023-04-12 12:42:09,981  INFO [jdbc.resultsettable] 
|----------|
|insert_id |
|----------|
|490       |
|----------|

2023-04-12 12:42:09,983 DEBUG [com.study.aop.LoggerAspect] Service ===> com.study.domain.post.PostService.savePost()
2023-04-12 12:42:09,983 DEBUG [com.study.aop.LoggerAspect] Mapper ===> com.study.domain.post.PostMapper.save()
2023-04-12 12:42:09,983 DEBUG [com.study.domain.post.PostMapper.save] ==>  Preparing: INSERT INTO tb_post ( id , title , content , writer , view_cnt , notice_yn , delete_yn , created_date , modified_date ) VALUES ( ? , ? , ? , ? , 0 , ? , 0 , NOW() , NULL )
2023-04-12 12:42:09,983 DEBUG [com.study.domain.post.PostMapper.save] ==> Parameters: null, 491번 게시글 제목(String), 491번 게시글 내용(String), 테스터491(String), false(Boolean)
2023-04-12 12:42:09,983  INFO [jdbc.sqlonly] INSERT INTO tb_post (

          id
        , title
        , content
        , writer
        , view_cnt
        , notice_yn
        , delete_yn
        , created_date
        , modified_date

        ) VALUES (
              NULL
            , '491번 게시글 제목'
            , '491번 게시글 내용'
            , '테스터491'
            , 0
            , 0
            , 0
            , NOW()
            , NULL
        )

2023-04-12 12:42:09,983 DEBUG [com.study.domain.post.PostMapper.save] <==    Updates: 1
2023-04-12 12:42:09,983  INFO [jdbc.resultsettable] 
|----------|
|insert_id |
|----------|
|491       |
|----------|

2023-04-12 12:42:09,985 DEBUG [com.study.aop.LoggerAspect] Service ===> com.study.domain.post.PostService.savePost()
2023-04-12 12:42:09,985 DEBUG [com.study.aop.LoggerAspect] Mapper ===> com.study.domain.post.PostMapper.save()
2023-04-12 12:42:09,985 DEBUG [com.study.domain.post.PostMapper.save] ==>  Preparing: INSERT INTO tb_post ( id , title , content , writer , view_cnt , notice_yn , delete_yn , created_date , modified_date ) VALUES ( ? , ? , ? , ? , 0 , ? , 0 , NOW() , NULL )
2023-04-12 12:42:09,985 DEBUG [com.study.domain.post.PostMapper.save] ==> Parameters: null, 492번 게시글 제목(String), 492번 게시글 내용(String), 테스터492(String), false(Boolean)
2023-04-12 12:42:09,985  INFO [jdbc.sqlonly] INSERT INTO tb_post (

          id
        , title
        , content
        , writer
        , view_cnt
        , notice_yn
        , delete_yn
        , created_date
        , modified_date

        ) VALUES (
              NULL
            , '492번 게시글 제목'
            , '492번 게시글 내용'
            , '테스터492'
            , 0
            , 0
            , 0
            , NOW()
            , NULL
        )

2023-04-12 12:42:09,986 DEBUG [com.study.domain.post.PostMapper.save] <==    Updates: 1
2023-04-12 12:42:09,986  INFO [jdbc.resultsettable] 
|----------|
|insert_id |
|----------|
|492       |
|----------|

2023-04-12 12:42:09,988 DEBUG [com.study.aop.LoggerAspect] Service ===> com.study.domain.post.PostService.savePost()
2023-04-12 12:42:09,988 DEBUG [com.study.aop.LoggerAspect] Mapper ===> com.study.domain.post.PostMapper.save()
2023-04-12 12:42:09,988 DEBUG [com.study.domain.post.PostMapper.save] ==>  Preparing: INSERT INTO tb_post ( id , title , content , writer , view_cnt , notice_yn , delete_yn , created_date , modified_date ) VALUES ( ? , ? , ? , ? , 0 , ? , 0 , NOW() , NULL )
2023-04-12 12:42:09,988 DEBUG [com.study.domain.post.PostMapper.save] ==> Parameters: null, 493번 게시글 제목(String), 493번 게시글 내용(String), 테스터493(String), false(Boolean)
2023-04-12 12:42:09,988  INFO [jdbc.sqlonly] INSERT INTO tb_post (

          id
        , title
        , content
        , writer
        , view_cnt
        , notice_yn
        , delete_yn
        , created_date
        , modified_date

        ) VALUES (
              NULL
            , '493번 게시글 제목'
            , '493번 게시글 내용'
            , '테스터493'
            , 0
            , 0
            , 0
            , NOW()
            , NULL
        )

2023-04-12 12:42:09,989 DEBUG [com.study.domain.post.PostMapper.save] <==    Updates: 1
2023-04-12 12:42:09,989  INFO [jdbc.resultsettable] 
|----------|
|insert_id |
|----------|
|493       |
|----------|

2023-04-12 12:42:09,991 DEBUG [com.study.aop.LoggerAspect] Service ===> com.study.domain.post.PostService.savePost()
2023-04-12 12:42:09,991 DEBUG [com.study.aop.LoggerAspect] Mapper ===> com.study.domain.post.PostMapper.save()
2023-04-12 12:42:09,991 DEBUG [com.study.domain.post.PostMapper.save] ==>  Preparing: INSERT INTO tb_post ( id , title , content , writer , view_cnt , notice_yn , delete_yn , created_date , modified_date ) VALUES ( ? , ? , ? , ? , 0 , ? , 0 , NOW() , NULL )
2023-04-12 12:42:09,991 DEBUG [com.study.domain.post.PostMapper.save] ==> Parameters: null, 494번 게시글 제목(String), 494번 게시글 내용(String), 테스터494(String), false(Boolean)
2023-04-12 12:42:09,991  INFO [jdbc.sqlonly] INSERT INTO tb_post (

          id
        , title
        , content
        , writer
        , view_cnt
        , notice_yn
        , delete_yn
        , created_date
        , modified_date

        ) VALUES (
              NULL
            , '494번 게시글 제목'
            , '494번 게시글 내용'
            , '테스터494'
            , 0
            , 0
            , 0
            , NOW()
            , NULL
        )

2023-04-12 12:42:09,992 DEBUG [com.study.domain.post.PostMapper.save] <==    Updates: 1
2023-04-12 12:42:09,992  INFO [jdbc.resultsettable] 
|----------|
|insert_id |
|----------|
|494       |
|----------|

2023-04-12 12:42:09,996 DEBUG [com.study.aop.LoggerAspect] Service ===> com.study.domain.post.PostService.savePost()
2023-04-12 12:42:09,996 DEBUG [com.study.aop.LoggerAspect] Mapper ===> com.study.domain.post.PostMapper.save()
2023-04-12 12:42:09,996 DEBUG [com.study.domain.post.PostMapper.save] ==>  Preparing: INSERT INTO tb_post ( id , title , content , writer , view_cnt , notice_yn , delete_yn , created_date , modified_date ) VALUES ( ? , ? , ? , ? , 0 , ? , 0 , NOW() , NULL )
2023-04-12 12:42:09,997 DEBUG [com.study.domain.post.PostMapper.save] ==> Parameters: null, 495번 게시글 제목(String), 495번 게시글 내용(String), 테스터495(String), false(Boolean)
2023-04-12 12:42:09,997  INFO [jdbc.sqlonly] INSERT INTO tb_post (

          id
        , title
        , content
        , writer
        , view_cnt
        , notice_yn
        , delete_yn
        , created_date
        , modified_date

        ) VALUES (
              NULL
            , '495번 게시글 제목'
            , '495번 게시글 내용'
            , '테스터495'
            , 0
            , 0
            , 0
            , NOW()
            , NULL
        )

2023-04-12 12:42:09,997 DEBUG [com.study.domain.post.PostMapper.save] <==    Updates: 1
2023-04-12 12:42:09,997  INFO [jdbc.resultsettable] 
|----------|
|insert_id |
|----------|
|495       |
|----------|

2023-04-12 12:42:09,999 DEBUG [com.study.aop.LoggerAspect] Service ===> com.study.domain.post.PostService.savePost()
2023-04-12 12:42:09,999 DEBUG [com.study.aop.LoggerAspect] Mapper ===> com.study.domain.post.PostMapper.save()
2023-04-12 12:42:10,000 DEBUG [com.study.domain.post.PostMapper.save] ==>  Preparing: INSERT INTO tb_post ( id , title , content , writer , view_cnt , notice_yn , delete_yn , created_date , modified_date ) VALUES ( ? , ? , ? , ? , 0 , ? , 0 , NOW() , NULL )
2023-04-12 12:42:10,000 DEBUG [com.study.domain.post.PostMapper.save] ==> Parameters: null, 496번 게시글 제목(String), 496번 게시글 내용(String), 테스터496(String), false(Boolean)
2023-04-12 12:42:10,000  INFO [jdbc.sqlonly] INSERT INTO tb_post (

          id
        , title
        , content
        , writer
        , view_cnt
        , notice_yn
        , delete_yn
        , created_date
        , modified_date

        ) VALUES (
              NULL
            , '496번 게시글 제목'
            , '496번 게시글 내용'
            , '테스터496'
            , 0
            , 0
            , 0
            , NOW()
            , NULL
        )

2023-04-12 12:42:10,000 DEBUG [com.study.domain.post.PostMapper.save] <==    Updates: 1
2023-04-12 12:42:10,000  INFO [jdbc.resultsettable] 
|----------|
|insert_id |
|----------|
|496       |
|----------|

2023-04-12 12:42:10,007 DEBUG [com.study.aop.LoggerAspect] Service ===> com.study.domain.post.PostService.savePost()
2023-04-12 12:42:10,007 DEBUG [com.study.aop.LoggerAspect] Mapper ===> com.study.domain.post.PostMapper.save()
2023-04-12 12:42:10,007 DEBUG [com.study.domain.post.PostMapper.save] ==>  Preparing: INSERT INTO tb_post ( id , title , content , writer , view_cnt , notice_yn , delete_yn , created_date , modified_date ) VALUES ( ? , ? , ? , ? , 0 , ? , 0 , NOW() , NULL )
2023-04-12 12:42:10,007 DEBUG [com.study.domain.post.PostMapper.save] ==> Parameters: null, 497번 게시글 제목(String), 497번 게시글 내용(String), 테스터497(String), false(Boolean)
2023-04-12 12:42:10,007  INFO [jdbc.sqlonly] INSERT INTO tb_post (

          id
        , title
        , content
        , writer
        , view_cnt
        , notice_yn
        , delete_yn
        , created_date
        , modified_date

        ) VALUES (
              NULL
            , '497번 게시글 제목'
            , '497번 게시글 내용'
            , '테스터497'
            , 0
            , 0
            , 0
            , NOW()
            , NULL
        )

2023-04-12 12:42:10,008 DEBUG [com.study.domain.post.PostMapper.save] <==    Updates: 1
2023-04-12 12:42:10,009  INFO [jdbc.resultsettable] 
|----------|
|insert_id |
|----------|
|497       |
|----------|

2023-04-12 12:42:10,016 DEBUG [com.study.aop.LoggerAspect] Service ===> com.study.domain.post.PostService.savePost()
2023-04-12 12:42:10,016 DEBUG [com.study.aop.LoggerAspect] Mapper ===> com.study.domain.post.PostMapper.save()
2023-04-12 12:42:10,016 DEBUG [com.study.domain.post.PostMapper.save] ==>  Preparing: INSERT INTO tb_post ( id , title , content , writer , view_cnt , notice_yn , delete_yn , created_date , modified_date ) VALUES ( ? , ? , ? , ? , 0 , ? , 0 , NOW() , NULL )
2023-04-12 12:42:10,017 DEBUG [com.study.domain.post.PostMapper.save] ==> Parameters: null, 498번 게시글 제목(String), 498번 게시글 내용(String), 테스터498(String), false(Boolean)
2023-04-12 12:42:10,017  INFO [jdbc.sqlonly] INSERT INTO tb_post (

          id
        , title
        , content
        , writer
        , view_cnt
        , notice_yn
        , delete_yn
        , created_date
        , modified_date

        ) VALUES (
              NULL
            , '498번 게시글 제목'
            , '498번 게시글 내용'
            , '테스터498'
            , 0
            , 0
            , 0
            , NOW()
            , NULL
        )

2023-04-12 12:42:10,018 DEBUG [com.study.domain.post.PostMapper.save] <==    Updates: 1
2023-04-12 12:42:10,018  INFO [jdbc.resultsettable] 
|----------|
|insert_id |
|----------|
|498       |
|----------|

2023-04-12 12:42:10,029 DEBUG [com.study.aop.LoggerAspect] Service ===> com.study.domain.post.PostService.savePost()
2023-04-12 12:42:10,029 DEBUG [com.study.aop.LoggerAspect] Mapper ===> com.study.domain.post.PostMapper.save()
2023-04-12 12:42:10,029 DEBUG [com.study.domain.post.PostMapper.save] ==>  Preparing: INSERT INTO tb_post ( id , title , content , writer , view_cnt , notice_yn , delete_yn , created_date , modified_date ) VALUES ( ? , ? , ? , ? , 0 , ? , 0 , NOW() , NULL )
2023-04-12 12:42:10,029 DEBUG [com.study.domain.post.PostMapper.save] ==> Parameters: null, 499번 게시글 제목(String), 499번 게시글 내용(String), 테스터499(String), false(Boolean)
2023-04-12 12:42:10,029  INFO [jdbc.sqlonly] INSERT INTO tb_post (

          id
        , title
        , content
        , writer
        , view_cnt
        , notice_yn
        , delete_yn
        , created_date
        , modified_date

        ) VALUES (
              NULL
            , '499번 게시글 제목'
            , '499번 게시글 내용'
            , '테스터499'
            , 0
            , 0
            , 0
            , NOW()
            , NULL
        )

2023-04-12 12:42:10,030 DEBUG [com.study.domain.post.PostMapper.save] <==    Updates: 1
2023-04-12 12:42:10,030  INFO [jdbc.resultsettable] 
|----------|
|insert_id |
|----------|
|499       |
|----------|

2023-04-12 12:42:10,035 DEBUG [com.study.aop.LoggerAspect] Service ===> com.study.domain.post.PostService.savePost()
2023-04-12 12:42:10,036 DEBUG [com.study.aop.LoggerAspect] Mapper ===> com.study.domain.post.PostMapper.save()
2023-04-12 12:42:10,036 DEBUG [com.study.domain.post.PostMapper.save] ==>  Preparing: INSERT INTO tb_post ( id , title , content , writer , view_cnt , notice_yn , delete_yn , created_date , modified_date ) VALUES ( ? , ? , ? , ? , 0 , ? , 0 , NOW() , NULL )
2023-04-12 12:42:10,036 DEBUG [com.study.domain.post.PostMapper.save] ==> Parameters: null, 500번 게시글 제목(String), 500번 게시글 내용(String), 테스터500(String), false(Boolean)
2023-04-12 12:42:10,036  INFO [jdbc.sqlonly] INSERT INTO tb_post (

          id
        , title
        , content
        , writer
        , view_cnt
        , notice_yn
        , delete_yn
        , created_date
        , modified_date

        ) VALUES (
              NULL
            , '500번 게시글 제목'
            , '500번 게시글 내용'
            , '테스터500'
            , 0
            , 0
            , 0
            , NOW()
            , NULL
        )

2023-04-12 12:42:10,036 DEBUG [com.study.domain.post.PostMapper.save] <==    Updates: 1
2023-04-12 12:42:10,037  INFO [jdbc.resultsettable] 
|----------|
|insert_id |
|----------|
|500       |
|----------|

2023-04-12 12:42:10,040 DEBUG [com.study.aop.LoggerAspect] Service ===> com.study.domain.post.PostService.savePost()
2023-04-12 12:42:10,040 DEBUG [com.study.aop.LoggerAspect] Mapper ===> com.study.domain.post.PostMapper.save()
2023-04-12 12:42:10,040 DEBUG [com.study.domain.post.PostMapper.save] ==>  Preparing: INSERT INTO tb_post ( id , title , content , writer , view_cnt , notice_yn , delete_yn , created_date , modified_date ) VALUES ( ? , ? , ? , ? , 0 , ? , 0 , NOW() , NULL )
2023-04-12 12:42:10,041 DEBUG [com.study.domain.post.PostMapper.save] ==> Parameters: null, 501번 게시글 제목(String), 501번 게시글 내용(String), 테스터501(String), false(Boolean)
2023-04-12 12:42:10,041  INFO [jdbc.sqlonly] INSERT INTO tb_post (

          id
        , title
        , content
        , writer
        , view_cnt
        , notice_yn
        , delete_yn
        , created_date
        , modified_date

        ) VALUES (
              NULL
            , '501번 게시글 제목'
            , '501번 게시글 내용'
            , '테스터501'
            , 0
            , 0
            , 0
            , NOW()
            , NULL
        )

2023-04-12 12:42:10,041 DEBUG [com.study.domain.post.PostMapper.save] <==    Updates: 1
2023-04-12 12:42:10,042  INFO [jdbc.resultsettable] 
|----------|
|insert_id |
|----------|
|501       |
|----------|

2023-04-12 12:42:10,050 DEBUG [com.study.aop.LoggerAspect] Service ===> com.study.domain.post.PostService.savePost()
2023-04-12 12:42:10,050 DEBUG [com.study.aop.LoggerAspect] Mapper ===> com.study.domain.post.PostMapper.save()
2023-04-12 12:42:10,050 DEBUG [com.study.domain.post.PostMapper.save] ==>  Preparing: INSERT INTO tb_post ( id , title , content , writer , view_cnt , notice_yn , delete_yn , created_date , modified_date ) VALUES ( ? , ? , ? , ? , 0 , ? , 0 , NOW() , NULL )
2023-04-12 12:42:10,050 DEBUG [com.study.domain.post.PostMapper.save] ==> Parameters: null, 502번 게시글 제목(String), 502번 게시글 내용(String), 테스터502(String), false(Boolean)
2023-04-12 12:42:10,050  INFO [jdbc.sqlonly] INSERT INTO tb_post (

          id
        , title
        , content
        , writer
        , view_cnt
        , notice_yn
        , delete_yn
        , created_date
        , modified_date

        ) VALUES (
              NULL
            , '502번 게시글 제목'
            , '502번 게시글 내용'
            , '테스터502'
            , 0
            , 0
            , 0
            , NOW()
            , NULL
        )

2023-04-12 12:42:10,053 DEBUG [com.study.domain.post.PostMapper.save] <==    Updates: 1
2023-04-12 12:42:10,053  INFO [jdbc.resultsettable] 
|----------|
|insert_id |
|----------|
|502       |
|----------|

2023-04-12 12:42:10,059 DEBUG [com.study.aop.LoggerAspect] Service ===> com.study.domain.post.PostService.savePost()
2023-04-12 12:42:10,059 DEBUG [com.study.aop.LoggerAspect] Mapper ===> com.study.domain.post.PostMapper.save()
2023-04-12 12:42:10,059 DEBUG [com.study.domain.post.PostMapper.save] ==>  Preparing: INSERT INTO tb_post ( id , title , content , writer , view_cnt , notice_yn , delete_yn , created_date , modified_date ) VALUES ( ? , ? , ? , ? , 0 , ? , 0 , NOW() , NULL )
2023-04-12 12:42:10,059 DEBUG [com.study.domain.post.PostMapper.save] ==> Parameters: null, 503번 게시글 제목(String), 503번 게시글 내용(String), 테스터503(String), false(Boolean)
2023-04-12 12:42:10,059  INFO [jdbc.sqlonly] INSERT INTO tb_post (

          id
        , title
        , content
        , writer
        , view_cnt
        , notice_yn
        , delete_yn
        , created_date
        , modified_date

        ) VALUES (
              NULL
            , '503번 게시글 제목'
            , '503번 게시글 내용'
            , '테스터503'
            , 0
            , 0
            , 0
            , NOW()
            , NULL
        )

2023-04-12 12:42:10,061 DEBUG [com.study.domain.post.PostMapper.save] <==    Updates: 1
2023-04-12 12:42:10,061  INFO [jdbc.resultsettable] 
|----------|
|insert_id |
|----------|
|503       |
|----------|

2023-04-12 12:42:10,066 DEBUG [com.study.aop.LoggerAspect] Service ===> com.study.domain.post.PostService.savePost()
2023-04-12 12:42:10,067 DEBUG [com.study.aop.LoggerAspect] Mapper ===> com.study.domain.post.PostMapper.save()
2023-04-12 12:42:10,067 DEBUG [com.study.domain.post.PostMapper.save] ==>  Preparing: INSERT INTO tb_post ( id , title , content , writer , view_cnt , notice_yn , delete_yn , created_date , modified_date ) VALUES ( ? , ? , ? , ? , 0 , ? , 0 , NOW() , NULL )
2023-04-12 12:42:10,067 DEBUG [com.study.domain.post.PostMapper.save] ==> Parameters: null, 504번 게시글 제목(String), 504번 게시글 내용(String), 테스터504(String), false(Boolean)
2023-04-12 12:42:10,067  INFO [jdbc.sqlonly] INSERT INTO tb_post (

          id
        , title
        , content
        , writer
        , view_cnt
        , notice_yn
        , delete_yn
        , created_date
        , modified_date

        ) VALUES (
              NULL
            , '504번 게시글 제목'
            , '504번 게시글 내용'
            , '테스터504'
            , 0
            , 0
            , 0
            , NOW()
            , NULL
        )

2023-04-12 12:42:10,068 DEBUG [com.study.domain.post.PostMapper.save] <==    Updates: 1
2023-04-12 12:42:10,068  INFO [jdbc.resultsettable] 
|----------|
|insert_id |
|----------|
|504       |
|----------|

2023-04-12 12:42:10,071 DEBUG [com.study.aop.LoggerAspect] Service ===> com.study.domain.post.PostService.savePost()
2023-04-12 12:42:10,071 DEBUG [com.study.aop.LoggerAspect] Mapper ===> com.study.domain.post.PostMapper.save()
2023-04-12 12:42:10,071 DEBUG [com.study.domain.post.PostMapper.save] ==>  Preparing: INSERT INTO tb_post ( id , title , content , writer , view_cnt , notice_yn , delete_yn , created_date , modified_date ) VALUES ( ? , ? , ? , ? , 0 , ? , 0 , NOW() , NULL )
2023-04-12 12:42:10,071 DEBUG [com.study.domain.post.PostMapper.save] ==> Parameters: null, 505번 게시글 제목(String), 505번 게시글 내용(String), 테스터505(String), false(Boolean)
2023-04-12 12:42:10,071  INFO [jdbc.sqlonly] INSERT INTO tb_post (

          id
        , title
        , content
        , writer
        , view_cnt
        , notice_yn
        , delete_yn
        , created_date
        , modified_date

        ) VALUES (
              NULL
            , '505번 게시글 제목'
            , '505번 게시글 내용'
            , '테스터505'
            , 0
            , 0
            , 0
            , NOW()
            , NULL
        )

2023-04-12 12:42:10,073 DEBUG [com.study.domain.post.PostMapper.save] <==    Updates: 1
2023-04-12 12:42:10,074  INFO [jdbc.resultsettable] 
|----------|
|insert_id |
|----------|
|505       |
|----------|

2023-04-12 12:42:10,076 DEBUG [com.study.aop.LoggerAspect] Service ===> com.study.domain.post.PostService.savePost()
2023-04-12 12:42:10,076 DEBUG [com.study.aop.LoggerAspect] Mapper ===> com.study.domain.post.PostMapper.save()
2023-04-12 12:42:10,076 DEBUG [com.study.domain.post.PostMapper.save] ==>  Preparing: INSERT INTO tb_post ( id , title , content , writer , view_cnt , notice_yn , delete_yn , created_date , modified_date ) VALUES ( ? , ? , ? , ? , 0 , ? , 0 , NOW() , NULL )
2023-04-12 12:42:10,076 DEBUG [com.study.domain.post.PostMapper.save] ==> Parameters: null, 506번 게시글 제목(String), 506번 게시글 내용(String), 테스터506(String), false(Boolean)
2023-04-12 12:42:10,076  INFO [jdbc.sqlonly] INSERT INTO tb_post (

          id
        , title
        , content
        , writer
        , view_cnt
        , notice_yn
        , delete_yn
        , created_date
        , modified_date

        ) VALUES (
              NULL
            , '506번 게시글 제목'
            , '506번 게시글 내용'
            , '테스터506'
            , 0
            , 0
            , 0
            , NOW()
            , NULL
        )

2023-04-12 12:42:10,077 DEBUG [com.study.domain.post.PostMapper.save] <==    Updates: 1
2023-04-12 12:42:10,077  INFO [jdbc.resultsettable] 
|----------|
|insert_id |
|----------|
|506       |
|----------|

2023-04-12 12:42:10,079 DEBUG [com.study.aop.LoggerAspect] Service ===> com.study.domain.post.PostService.savePost()
2023-04-12 12:42:10,079 DEBUG [com.study.aop.LoggerAspect] Mapper ===> com.study.domain.post.PostMapper.save()
2023-04-12 12:42:10,079 DEBUG [com.study.domain.post.PostMapper.save] ==>  Preparing: INSERT INTO tb_post ( id , title , content , writer , view_cnt , notice_yn , delete_yn , created_date , modified_date ) VALUES ( ? , ? , ? , ? , 0 , ? , 0 , NOW() , NULL )
2023-04-12 12:42:10,079 DEBUG [com.study.domain.post.PostMapper.save] ==> Parameters: null, 507번 게시글 제목(String), 507번 게시글 내용(String), 테스터507(String), false(Boolean)
2023-04-12 12:42:10,079  INFO [jdbc.sqlonly] INSERT INTO tb_post (

          id
        , title
        , content
        , writer
        , view_cnt
        , notice_yn
        , delete_yn
        , created_date
        , modified_date

        ) VALUES (
              NULL
            , '507번 게시글 제목'
            , '507번 게시글 내용'
            , '테스터507'
            , 0
            , 0
            , 0
            , NOW()
            , NULL
        )

2023-04-12 12:42:10,080 DEBUG [com.study.domain.post.PostMapper.save] <==    Updates: 1
2023-04-12 12:42:10,080  INFO [jdbc.resultsettable] 
|----------|
|insert_id |
|----------|
|507       |
|----------|

2023-04-12 12:42:10,082 DEBUG [com.study.aop.LoggerAspect] Service ===> com.study.domain.post.PostService.savePost()
2023-04-12 12:42:10,082 DEBUG [com.study.aop.LoggerAspect] Mapper ===> com.study.domain.post.PostMapper.save()
2023-04-12 12:42:10,082 DEBUG [com.study.domain.post.PostMapper.save] ==>  Preparing: INSERT INTO tb_post ( id , title , content , writer , view_cnt , notice_yn , delete_yn , created_date , modified_date ) VALUES ( ? , ? , ? , ? , 0 , ? , 0 , NOW() , NULL )
2023-04-12 12:42:10,083 DEBUG [com.study.domain.post.PostMapper.save] ==> Parameters: null, 508번 게시글 제목(String), 508번 게시글 내용(String), 테스터508(String), false(Boolean)
2023-04-12 12:42:10,083  INFO [jdbc.sqlonly] INSERT INTO tb_post (

          id
        , title
        , content
        , writer
        , view_cnt
        , notice_yn
        , delete_yn
        , created_date
        , modified_date

        ) VALUES (
              NULL
            , '508번 게시글 제목'
            , '508번 게시글 내용'
            , '테스터508'
            , 0
            , 0
            , 0
            , NOW()
            , NULL
        )

2023-04-12 12:42:10,083 DEBUG [com.study.domain.post.PostMapper.save] <==    Updates: 1
2023-04-12 12:42:10,084  INFO [jdbc.resultsettable] 
|----------|
|insert_id |
|----------|
|508       |
|----------|

2023-04-12 12:42:10,087 DEBUG [com.study.aop.LoggerAspect] Service ===> com.study.domain.post.PostService.savePost()
2023-04-12 12:42:10,087 DEBUG [com.study.aop.LoggerAspect] Mapper ===> com.study.domain.post.PostMapper.save()
2023-04-12 12:42:10,087 DEBUG [com.study.domain.post.PostMapper.save] ==>  Preparing: INSERT INTO tb_post ( id , title , content , writer , view_cnt , notice_yn , delete_yn , created_date , modified_date ) VALUES ( ? , ? , ? , ? , 0 , ? , 0 , NOW() , NULL )
2023-04-12 12:42:10,087 DEBUG [com.study.domain.post.PostMapper.save] ==> Parameters: null, 509번 게시글 제목(String), 509번 게시글 내용(String), 테스터509(String), false(Boolean)
2023-04-12 12:42:10,087  INFO [jdbc.sqlonly] INSERT INTO tb_post (

          id
        , title
        , content
        , writer
        , view_cnt
        , notice_yn
        , delete_yn
        , created_date
        , modified_date

        ) VALUES (
              NULL
            , '509번 게시글 제목'
            , '509번 게시글 내용'
            , '테스터509'
            , 0
            , 0
            , 0
            , NOW()
            , NULL
        )

2023-04-12 12:42:10,088 DEBUG [com.study.domain.post.PostMapper.save] <==    Updates: 1
2023-04-12 12:42:10,088  INFO [jdbc.resultsettable] 
|----------|
|insert_id |
|----------|
|509       |
|----------|

2023-04-12 12:42:10,091 DEBUG [com.study.aop.LoggerAspect] Service ===> com.study.domain.post.PostService.savePost()
2023-04-12 12:42:10,091 DEBUG [com.study.aop.LoggerAspect] Mapper ===> com.study.domain.post.PostMapper.save()
2023-04-12 12:42:10,091 DEBUG [com.study.domain.post.PostMapper.save] ==>  Preparing: INSERT INTO tb_post ( id , title , content , writer , view_cnt , notice_yn , delete_yn , created_date , modified_date ) VALUES ( ? , ? , ? , ? , 0 , ? , 0 , NOW() , NULL )
2023-04-12 12:42:10,092 DEBUG [com.study.domain.post.PostMapper.save] ==> Parameters: null, 510번 게시글 제목(String), 510번 게시글 내용(String), 테스터510(String), false(Boolean)
2023-04-12 12:42:10,092  INFO [jdbc.sqlonly] INSERT INTO tb_post (

          id
        , title
        , content
        , writer
        , view_cnt
        , notice_yn
        , delete_yn
        , created_date
        , modified_date

        ) VALUES (
              NULL
            , '510번 게시글 제목'
            , '510번 게시글 내용'
            , '테스터510'
            , 0
            , 0
            , 0
            , NOW()
            , NULL
        )

2023-04-12 12:42:10,094 DEBUG [com.study.domain.post.PostMapper.save] <==    Updates: 1
2023-04-12 12:42:10,094  INFO [jdbc.resultsettable] 
|----------|
|insert_id |
|----------|
|510       |
|----------|

2023-04-12 12:42:10,097 DEBUG [com.study.aop.LoggerAspect] Service ===> com.study.domain.post.PostService.savePost()
2023-04-12 12:42:10,098 DEBUG [com.study.aop.LoggerAspect] Mapper ===> com.study.domain.post.PostMapper.save()
2023-04-12 12:42:10,098 DEBUG [com.study.domain.post.PostMapper.save] ==>  Preparing: INSERT INTO tb_post ( id , title , content , writer , view_cnt , notice_yn , delete_yn , created_date , modified_date ) VALUES ( ? , ? , ? , ? , 0 , ? , 0 , NOW() , NULL )
2023-04-12 12:42:10,098 DEBUG [com.study.domain.post.PostMapper.save] ==> Parameters: null, 511번 게시글 제목(String), 511번 게시글 내용(String), 테스터511(String), false(Boolean)
2023-04-12 12:42:10,098  INFO [jdbc.sqlonly] INSERT INTO tb_post (

          id
        , title
        , content
        , writer
        , view_cnt
        , notice_yn
        , delete_yn
        , created_date
        , modified_date

        ) VALUES (
              NULL
            , '511번 게시글 제목'
            , '511번 게시글 내용'
            , '테스터511'
            , 0
            , 0
            , 0
            , NOW()
            , NULL
        )

2023-04-12 12:42:10,099 DEBUG [com.study.domain.post.PostMapper.save] <==    Updates: 1
2023-04-12 12:42:10,101  INFO [jdbc.resultsettable] 
|----------|
|insert_id |
|----------|
|511       |
|----------|

2023-04-12 12:42:10,118 DEBUG [com.study.aop.LoggerAspect] Service ===> com.study.domain.post.PostService.savePost()
2023-04-12 12:42:10,118 DEBUG [com.study.aop.LoggerAspect] Mapper ===> com.study.domain.post.PostMapper.save()
2023-04-12 12:42:10,118 DEBUG [com.study.domain.post.PostMapper.save] ==>  Preparing: INSERT INTO tb_post ( id , title , content , writer , view_cnt , notice_yn , delete_yn , created_date , modified_date ) VALUES ( ? , ? , ? , ? , 0 , ? , 0 , NOW() , NULL )
2023-04-12 12:42:10,118 DEBUG [com.study.domain.post.PostMapper.save] ==> Parameters: null, 512번 게시글 제목(String), 512번 게시글 내용(String), 테스터512(String), false(Boolean)
2023-04-12 12:42:10,120  INFO [jdbc.sqlonly] INSERT INTO tb_post (

          id
        , title
        , content
        , writer
        , view_cnt
        , notice_yn
        , delete_yn
        , created_date
        , modified_date

        ) VALUES (
              NULL
            , '512번 게시글 제목'
            , '512번 게시글 내용'
            , '테스터512'
            , 0
            , 0
            , 0
            , NOW()
            , NULL
        )

2023-04-12 12:42:10,121 DEBUG [com.study.domain.post.PostMapper.save] <==    Updates: 1
2023-04-12 12:42:10,121  INFO [jdbc.resultsettable] 
|----------|
|insert_id |
|----------|
|512       |
|----------|

2023-04-12 12:42:10,124 DEBUG [com.study.aop.LoggerAspect] Service ===> com.study.domain.post.PostService.savePost()
2023-04-12 12:42:10,124 DEBUG [com.study.aop.LoggerAspect] Mapper ===> com.study.domain.post.PostMapper.save()
2023-04-12 12:42:10,124 DEBUG [com.study.domain.post.PostMapper.save] ==>  Preparing: INSERT INTO tb_post ( id , title , content , writer , view_cnt , notice_yn , delete_yn , created_date , modified_date ) VALUES ( ? , ? , ? , ? , 0 , ? , 0 , NOW() , NULL )
2023-04-12 12:42:10,124 DEBUG [com.study.domain.post.PostMapper.save] ==> Parameters: null, 513번 게시글 제목(String), 513번 게시글 내용(String), 테스터513(String), false(Boolean)
2023-04-12 12:42:10,124  INFO [jdbc.sqlonly] INSERT INTO tb_post (

          id
        , title
        , content
        , writer
        , view_cnt
        , notice_yn
        , delete_yn
        , created_date
        , modified_date

        ) VALUES (
              NULL
            , '513번 게시글 제목'
            , '513번 게시글 내용'
            , '테스터513'
            , 0
            , 0
            , 0
            , NOW()
            , NULL
        )

2023-04-12 12:42:10,124 DEBUG [com.study.domain.post.PostMapper.save] <==    Updates: 1
2023-04-12 12:42:10,125  INFO [jdbc.resultsettable] 
|----------|
|insert_id |
|----------|
|513       |
|----------|

2023-04-12 12:42:10,126 DEBUG [com.study.aop.LoggerAspect] Service ===> com.study.domain.post.PostService.savePost()
2023-04-12 12:42:10,126 DEBUG [com.study.aop.LoggerAspect] Mapper ===> com.study.domain.post.PostMapper.save()
2023-04-12 12:42:10,127 DEBUG [com.study.domain.post.PostMapper.save] ==>  Preparing: INSERT INTO tb_post ( id , title , content , writer , view_cnt , notice_yn , delete_yn , created_date , modified_date ) VALUES ( ? , ? , ? , ? , 0 , ? , 0 , NOW() , NULL )
2023-04-12 12:42:10,127 DEBUG [com.study.domain.post.PostMapper.save] ==> Parameters: null, 514번 게시글 제목(String), 514번 게시글 내용(String), 테스터514(String), false(Boolean)
2023-04-12 12:42:10,127  INFO [jdbc.sqlonly] INSERT INTO tb_post (

          id
        , title
        , content
        , writer
        , view_cnt
        , notice_yn
        , delete_yn
        , created_date
        , modified_date

        ) VALUES (
              NULL
            , '514번 게시글 제목'
            , '514번 게시글 내용'
            , '테스터514'
            , 0
            , 0
            , 0
            , NOW()
            , NULL
        )

2023-04-12 12:42:10,127 DEBUG [com.study.domain.post.PostMapper.save] <==    Updates: 1
2023-04-12 12:42:10,127  INFO [jdbc.resultsettable] 
|----------|
|insert_id |
|----------|
|514       |
|----------|

2023-04-12 12:42:10,129 DEBUG [com.study.aop.LoggerAspect] Service ===> com.study.domain.post.PostService.savePost()
2023-04-12 12:42:10,129 DEBUG [com.study.aop.LoggerAspect] Mapper ===> com.study.domain.post.PostMapper.save()
2023-04-12 12:42:10,129 DEBUG [com.study.domain.post.PostMapper.save] ==>  Preparing: INSERT INTO tb_post ( id , title , content , writer , view_cnt , notice_yn , delete_yn , created_date , modified_date ) VALUES ( ? , ? , ? , ? , 0 , ? , 0 , NOW() , NULL )
2023-04-12 12:42:10,129 DEBUG [com.study.domain.post.PostMapper.save] ==> Parameters: null, 515번 게시글 제목(String), 515번 게시글 내용(String), 테스터515(String), false(Boolean)
2023-04-12 12:42:10,129  INFO [jdbc.sqlonly] INSERT INTO tb_post (

          id
        , title
        , content
        , writer
        , view_cnt
        , notice_yn
        , delete_yn
        , created_date
        , modified_date

        ) VALUES (
              NULL
            , '515번 게시글 제목'
            , '515번 게시글 내용'
            , '테스터515'
            , 0
            , 0
            , 0
            , NOW()
            , NULL
        )

2023-04-12 12:42:10,130 DEBUG [com.study.domain.post.PostMapper.save] <==    Updates: 1
2023-04-12 12:42:10,130  INFO [jdbc.resultsettable] 
|----------|
|insert_id |
|----------|
|515       |
|----------|

2023-04-12 12:42:10,131 DEBUG [com.study.aop.LoggerAspect] Service ===> com.study.domain.post.PostService.savePost()
2023-04-12 12:42:10,131 DEBUG [com.study.aop.LoggerAspect] Mapper ===> com.study.domain.post.PostMapper.save()
2023-04-12 12:42:10,131 DEBUG [com.study.domain.post.PostMapper.save] ==>  Preparing: INSERT INTO tb_post ( id , title , content , writer , view_cnt , notice_yn , delete_yn , created_date , modified_date ) VALUES ( ? , ? , ? , ? , 0 , ? , 0 , NOW() , NULL )
2023-04-12 12:42:10,132 DEBUG [com.study.domain.post.PostMapper.save] ==> Parameters: null, 516번 게시글 제목(String), 516번 게시글 내용(String), 테스터516(String), false(Boolean)
2023-04-12 12:42:10,132  INFO [jdbc.sqlonly] INSERT INTO tb_post (

          id
        , title
        , content
        , writer
        , view_cnt
        , notice_yn
        , delete_yn
        , created_date
        , modified_date

        ) VALUES (
              NULL
            , '516번 게시글 제목'
            , '516번 게시글 내용'
            , '테스터516'
            , 0
            , 0
            , 0
            , NOW()
            , NULL
        )

2023-04-12 12:42:10,132 DEBUG [com.study.domain.post.PostMapper.save] <==    Updates: 1
2023-04-12 12:42:10,132  INFO [jdbc.resultsettable] 
|----------|
|insert_id |
|----------|
|516       |
|----------|

2023-04-12 12:42:10,134 DEBUG [com.study.aop.LoggerAspect] Service ===> com.study.domain.post.PostService.savePost()
2023-04-12 12:42:10,134 DEBUG [com.study.aop.LoggerAspect] Mapper ===> com.study.domain.post.PostMapper.save()
2023-04-12 12:42:10,134 DEBUG [com.study.domain.post.PostMapper.save] ==>  Preparing: INSERT INTO tb_post ( id , title , content , writer , view_cnt , notice_yn , delete_yn , created_date , modified_date ) VALUES ( ? , ? , ? , ? , 0 , ? , 0 , NOW() , NULL )
2023-04-12 12:42:10,134 DEBUG [com.study.domain.post.PostMapper.save] ==> Parameters: null, 517번 게시글 제목(String), 517번 게시글 내용(String), 테스터517(String), false(Boolean)
2023-04-12 12:42:10,134  INFO [jdbc.sqlonly] INSERT INTO tb_post (

          id
        , title
        , content
        , writer
        , view_cnt
        , notice_yn
        , delete_yn
        , created_date
        , modified_date

        ) VALUES (
              NULL
            , '517번 게시글 제목'
            , '517번 게시글 내용'
            , '테스터517'
            , 0
            , 0
            , 0
            , NOW()
            , NULL
        )

2023-04-12 12:42:10,134 DEBUG [com.study.domain.post.PostMapper.save] <==    Updates: 1
2023-04-12 12:42:10,134  INFO [jdbc.resultsettable] 
|----------|
|insert_id |
|----------|
|517       |
|----------|

2023-04-12 12:42:10,136 DEBUG [com.study.aop.LoggerAspect] Service ===> com.study.domain.post.PostService.savePost()
2023-04-12 12:42:10,136 DEBUG [com.study.aop.LoggerAspect] Mapper ===> com.study.domain.post.PostMapper.save()
2023-04-12 12:42:10,136 DEBUG [com.study.domain.post.PostMapper.save] ==>  Preparing: INSERT INTO tb_post ( id , title , content , writer , view_cnt , notice_yn , delete_yn , created_date , modified_date ) VALUES ( ? , ? , ? , ? , 0 , ? , 0 , NOW() , NULL )
2023-04-12 12:42:10,136 DEBUG [com.study.domain.post.PostMapper.save] ==> Parameters: null, 518번 게시글 제목(String), 518번 게시글 내용(String), 테스터518(String), false(Boolean)
2023-04-12 12:42:10,136  INFO [jdbc.sqlonly] INSERT INTO tb_post (

          id
        , title
        , content
        , writer
        , view_cnt
        , notice_yn
        , delete_yn
        , created_date
        , modified_date

        ) VALUES (
              NULL
            , '518번 게시글 제목'
            , '518번 게시글 내용'
            , '테스터518'
            , 0
            , 0
            , 0
            , NOW()
            , NULL
        )

2023-04-12 12:42:10,136 DEBUG [com.study.domain.post.PostMapper.save] <==    Updates: 1
2023-04-12 12:42:10,136  INFO [jdbc.resultsettable] 
|----------|
|insert_id |
|----------|
|518       |
|----------|

2023-04-12 12:42:10,138 DEBUG [com.study.aop.LoggerAspect] Service ===> com.study.domain.post.PostService.savePost()
2023-04-12 12:42:10,138 DEBUG [com.study.aop.LoggerAspect] Mapper ===> com.study.domain.post.PostMapper.save()
2023-04-12 12:42:10,138 DEBUG [com.study.domain.post.PostMapper.save] ==>  Preparing: INSERT INTO tb_post ( id , title , content , writer , view_cnt , notice_yn , delete_yn , created_date , modified_date ) VALUES ( ? , ? , ? , ? , 0 , ? , 0 , NOW() , NULL )
2023-04-12 12:42:10,139 DEBUG [com.study.domain.post.PostMapper.save] ==> Parameters: null, 519번 게시글 제목(String), 519번 게시글 내용(String), 테스터519(String), false(Boolean)
2023-04-12 12:42:10,139  INFO [jdbc.sqlonly] INSERT INTO tb_post (

          id
        , title
        , content
        , writer
        , view_cnt
        , notice_yn
        , delete_yn
        , created_date
        , modified_date

        ) VALUES (
              NULL
            , '519번 게시글 제목'
            , '519번 게시글 내용'
            , '테스터519'
            , 0
            , 0
            , 0
            , NOW()
            , NULL
        )

2023-04-12 12:42:10,139 DEBUG [com.study.domain.post.PostMapper.save] <==    Updates: 1
2023-04-12 12:42:10,139  INFO [jdbc.resultsettable] 
|----------|
|insert_id |
|----------|
|519       |
|----------|

2023-04-12 12:42:10,141 DEBUG [com.study.aop.LoggerAspect] Service ===> com.study.domain.post.PostService.savePost()
2023-04-12 12:42:10,141 DEBUG [com.study.aop.LoggerAspect] Mapper ===> com.study.domain.post.PostMapper.save()
2023-04-12 12:42:10,141 DEBUG [com.study.domain.post.PostMapper.save] ==>  Preparing: INSERT INTO tb_post ( id , title , content , writer , view_cnt , notice_yn , delete_yn , created_date , modified_date ) VALUES ( ? , ? , ? , ? , 0 , ? , 0 , NOW() , NULL )
2023-04-12 12:42:10,141 DEBUG [com.study.domain.post.PostMapper.save] ==> Parameters: null, 520번 게시글 제목(String), 520번 게시글 내용(String), 테스터520(String), false(Boolean)
2023-04-12 12:42:10,141  INFO [jdbc.sqlonly] INSERT INTO tb_post (

          id
        , title
        , content
        , writer
        , view_cnt
        , notice_yn
        , delete_yn
        , created_date
        , modified_date

        ) VALUES (
              NULL
            , '520번 게시글 제목'
            , '520번 게시글 내용'
            , '테스터520'
            , 0
            , 0
            , 0
            , NOW()
            , NULL
        )

2023-04-12 12:42:10,141 DEBUG [com.study.domain.post.PostMapper.save] <==    Updates: 1
2023-04-12 12:42:10,141  INFO [jdbc.resultsettable] 
|----------|
|insert_id |
|----------|
|520       |
|----------|

2023-04-12 12:42:10,143 DEBUG [com.study.aop.LoggerAspect] Service ===> com.study.domain.post.PostService.savePost()
2023-04-12 12:42:10,143 DEBUG [com.study.aop.LoggerAspect] Mapper ===> com.study.domain.post.PostMapper.save()
2023-04-12 12:42:10,143 DEBUG [com.study.domain.post.PostMapper.save] ==>  Preparing: INSERT INTO tb_post ( id , title , content , writer , view_cnt , notice_yn , delete_yn , created_date , modified_date ) VALUES ( ? , ? , ? , ? , 0 , ? , 0 , NOW() , NULL )
2023-04-12 12:42:10,143 DEBUG [com.study.domain.post.PostMapper.save] ==> Parameters: null, 521번 게시글 제목(String), 521번 게시글 내용(String), 테스터521(String), false(Boolean)
2023-04-12 12:42:10,143  INFO [jdbc.sqlonly] INSERT INTO tb_post (

          id
        , title
        , content
        , writer
        , view_cnt
        , notice_yn
        , delete_yn
        , created_date
        , modified_date

        ) VALUES (
              NULL
            , '521번 게시글 제목'
            , '521번 게시글 내용'
            , '테스터521'
            , 0
            , 0
            , 0
            , NOW()
            , NULL
        )

2023-04-12 12:42:10,143 DEBUG [com.study.domain.post.PostMapper.save] <==    Updates: 1
2023-04-12 12:42:10,143  INFO [jdbc.resultsettable] 
|----------|
|insert_id |
|----------|
|521       |
|----------|

2023-04-12 12:42:10,145 DEBUG [com.study.aop.LoggerAspect] Service ===> com.study.domain.post.PostService.savePost()
2023-04-12 12:42:10,145 DEBUG [com.study.aop.LoggerAspect] Mapper ===> com.study.domain.post.PostMapper.save()
2023-04-12 12:42:10,145 DEBUG [com.study.domain.post.PostMapper.save] ==>  Preparing: INSERT INTO tb_post ( id , title , content , writer , view_cnt , notice_yn , delete_yn , created_date , modified_date ) VALUES ( ? , ? , ? , ? , 0 , ? , 0 , NOW() , NULL )
2023-04-12 12:42:10,145 DEBUG [com.study.domain.post.PostMapper.save] ==> Parameters: null, 522번 게시글 제목(String), 522번 게시글 내용(String), 테스터522(String), false(Boolean)
2023-04-12 12:42:10,145  INFO [jdbc.sqlonly] INSERT INTO tb_post (

          id
        , title
        , content
        , writer
        , view_cnt
        , notice_yn
        , delete_yn
        , created_date
        , modified_date

        ) VALUES (
              NULL
            , '522번 게시글 제목'
            , '522번 게시글 내용'
            , '테스터522'
            , 0
            , 0
            , 0
            , NOW()
            , NULL
        )

2023-04-12 12:42:10,145 DEBUG [com.study.domain.post.PostMapper.save] <==    Updates: 1
2023-04-12 12:42:10,145  INFO [jdbc.resultsettable] 
|----------|
|insert_id |
|----------|
|522       |
|----------|

2023-04-12 12:42:10,147 DEBUG [com.study.aop.LoggerAspect] Service ===> com.study.domain.post.PostService.savePost()
2023-04-12 12:42:10,147 DEBUG [com.study.aop.LoggerAspect] Mapper ===> com.study.domain.post.PostMapper.save()
2023-04-12 12:42:10,147 DEBUG [com.study.domain.post.PostMapper.save] ==>  Preparing: INSERT INTO tb_post ( id , title , content , writer , view_cnt , notice_yn , delete_yn , created_date , modified_date ) VALUES ( ? , ? , ? , ? , 0 , ? , 0 , NOW() , NULL )
2023-04-12 12:42:10,147 DEBUG [com.study.domain.post.PostMapper.save] ==> Parameters: null, 523번 게시글 제목(String), 523번 게시글 내용(String), 테스터523(String), false(Boolean)
2023-04-12 12:42:10,147  INFO [jdbc.sqlonly] INSERT INTO tb_post (

          id
        , title
        , content
        , writer
        , view_cnt
        , notice_yn
        , delete_yn
        , created_date
        , modified_date

        ) VALUES (
              NULL
            , '523번 게시글 제목'
            , '523번 게시글 내용'
            , '테스터523'
            , 0
            , 0
            , 0
            , NOW()
            , NULL
        )

2023-04-12 12:42:10,148 DEBUG [com.study.domain.post.PostMapper.save] <==    Updates: 1
2023-04-12 12:42:10,148  INFO [jdbc.resultsettable] 
|----------|
|insert_id |
|----------|
|523       |
|----------|

2023-04-12 12:42:10,149 DEBUG [com.study.aop.LoggerAspect] Service ===> com.study.domain.post.PostService.savePost()
2023-04-12 12:42:10,149 DEBUG [com.study.aop.LoggerAspect] Mapper ===> com.study.domain.post.PostMapper.save()
2023-04-12 12:42:10,149 DEBUG [com.study.domain.post.PostMapper.save] ==>  Preparing: INSERT INTO tb_post ( id , title , content , writer , view_cnt , notice_yn , delete_yn , created_date , modified_date ) VALUES ( ? , ? , ? , ? , 0 , ? , 0 , NOW() , NULL )
2023-04-12 12:42:10,150 DEBUG [com.study.domain.post.PostMapper.save] ==> Parameters: null, 524번 게시글 제목(String), 524번 게시글 내용(String), 테스터524(String), false(Boolean)
2023-04-12 12:42:10,150  INFO [jdbc.sqlonly] INSERT INTO tb_post (

          id
        , title
        , content
        , writer
        , view_cnt
        , notice_yn
        , delete_yn
        , created_date
        , modified_date

        ) VALUES (
              NULL
            , '524번 게시글 제목'
            , '524번 게시글 내용'
            , '테스터524'
            , 0
            , 0
            , 0
            , NOW()
            , NULL
        )

2023-04-12 12:42:10,150 DEBUG [com.study.domain.post.PostMapper.save] <==    Updates: 1
2023-04-12 12:42:10,150  INFO [jdbc.resultsettable] 
|----------|
|insert_id |
|----------|
|524       |
|----------|

2023-04-12 12:42:10,152 DEBUG [com.study.aop.LoggerAspect] Service ===> com.study.domain.post.PostService.savePost()
2023-04-12 12:42:10,152 DEBUG [com.study.aop.LoggerAspect] Mapper ===> com.study.domain.post.PostMapper.save()
2023-04-12 12:42:10,152 DEBUG [com.study.domain.post.PostMapper.save] ==>  Preparing: INSERT INTO tb_post ( id , title , content , writer , view_cnt , notice_yn , delete_yn , created_date , modified_date ) VALUES ( ? , ? , ? , ? , 0 , ? , 0 , NOW() , NULL )
2023-04-12 12:42:10,152 DEBUG [com.study.domain.post.PostMapper.save] ==> Parameters: null, 525번 게시글 제목(String), 525번 게시글 내용(String), 테스터525(String), false(Boolean)
2023-04-12 12:42:10,152  INFO [jdbc.sqlonly] INSERT INTO tb_post (

          id
        , title
        , content
        , writer
        , view_cnt
        , notice_yn
        , delete_yn
        , created_date
        , modified_date

        ) VALUES (
              NULL
            , '525번 게시글 제목'
            , '525번 게시글 내용'
            , '테스터525'
            , 0
            , 0
            , 0
            , NOW()
            , NULL
        )

2023-04-12 12:42:10,152 DEBUG [com.study.domain.post.PostMapper.save] <==    Updates: 1
2023-04-12 12:42:10,152  INFO [jdbc.resultsettable] 
|----------|
|insert_id |
|----------|
|525       |
|----------|

2023-04-12 12:42:10,154 DEBUG [com.study.aop.LoggerAspect] Service ===> com.study.domain.post.PostService.savePost()
2023-04-12 12:42:10,154 DEBUG [com.study.aop.LoggerAspect] Mapper ===> com.study.domain.post.PostMapper.save()
2023-04-12 12:42:10,154 DEBUG [com.study.domain.post.PostMapper.save] ==>  Preparing: INSERT INTO tb_post ( id , title , content , writer , view_cnt , notice_yn , delete_yn , created_date , modified_date ) VALUES ( ? , ? , ? , ? , 0 , ? , 0 , NOW() , NULL )
2023-04-12 12:42:10,154 DEBUG [com.study.domain.post.PostMapper.save] ==> Parameters: null, 526번 게시글 제목(String), 526번 게시글 내용(String), 테스터526(String), false(Boolean)
2023-04-12 12:42:10,154  INFO [jdbc.sqlonly] INSERT INTO tb_post (

          id
        , title
        , content
        , writer
        , view_cnt
        , notice_yn
        , delete_yn
        , created_date
        , modified_date

        ) VALUES (
              NULL
            , '526번 게시글 제목'
            , '526번 게시글 내용'
            , '테스터526'
            , 0
            , 0
            , 0
            , NOW()
            , NULL
        )

2023-04-12 12:42:10,155 DEBUG [com.study.domain.post.PostMapper.save] <==    Updates: 1
2023-04-12 12:42:10,155  INFO [jdbc.resultsettable] 
|----------|
|insert_id |
|----------|
|526       |
|----------|

2023-04-12 12:42:10,156 DEBUG [com.study.aop.LoggerAspect] Service ===> com.study.domain.post.PostService.savePost()
2023-04-12 12:42:10,156 DEBUG [com.study.aop.LoggerAspect] Mapper ===> com.study.domain.post.PostMapper.save()
2023-04-12 12:42:10,157 DEBUG [com.study.domain.post.PostMapper.save] ==>  Preparing: INSERT INTO tb_post ( id , title , content , writer , view_cnt , notice_yn , delete_yn , created_date , modified_date ) VALUES ( ? , ? , ? , ? , 0 , ? , 0 , NOW() , NULL )
2023-04-12 12:42:10,157 DEBUG [com.study.domain.post.PostMapper.save] ==> Parameters: null, 527번 게시글 제목(String), 527번 게시글 내용(String), 테스터527(String), false(Boolean)
2023-04-12 12:42:10,157  INFO [jdbc.sqlonly] INSERT INTO tb_post (

          id
        , title
        , content
        , writer
        , view_cnt
        , notice_yn
        , delete_yn
        , created_date
        , modified_date

        ) VALUES (
              NULL
            , '527번 게시글 제목'
            , '527번 게시글 내용'
            , '테스터527'
            , 0
            , 0
            , 0
            , NOW()
            , NULL
        )

2023-04-12 12:42:10,157 DEBUG [com.study.domain.post.PostMapper.save] <==    Updates: 1
2023-04-12 12:42:10,157  INFO [jdbc.resultsettable] 
|----------|
|insert_id |
|----------|
|527       |
|----------|

2023-04-12 12:42:10,159 DEBUG [com.study.aop.LoggerAspect] Service ===> com.study.domain.post.PostService.savePost()
2023-04-12 12:42:10,159 DEBUG [com.study.aop.LoggerAspect] Mapper ===> com.study.domain.post.PostMapper.save()
2023-04-12 12:42:10,159 DEBUG [com.study.domain.post.PostMapper.save] ==>  Preparing: INSERT INTO tb_post ( id , title , content , writer , view_cnt , notice_yn , delete_yn , created_date , modified_date ) VALUES ( ? , ? , ? , ? , 0 , ? , 0 , NOW() , NULL )
2023-04-12 12:42:10,159 DEBUG [com.study.domain.post.PostMapper.save] ==> Parameters: null, 528번 게시글 제목(String), 528번 게시글 내용(String), 테스터528(String), false(Boolean)
2023-04-12 12:42:10,159  INFO [jdbc.sqlonly] INSERT INTO tb_post (

          id
        , title
        , content
        , writer
        , view_cnt
        , notice_yn
        , delete_yn
        , created_date
        , modified_date

        ) VALUES (
              NULL
            , '528번 게시글 제목'
            , '528번 게시글 내용'
            , '테스터528'
            , 0
            , 0
            , 0
            , NOW()
            , NULL
        )

2023-04-12 12:42:10,160 DEBUG [com.study.domain.post.PostMapper.save] <==    Updates: 1
2023-04-12 12:42:10,160  INFO [jdbc.resultsettable] 
|----------|
|insert_id |
|----------|
|528       |
|----------|

2023-04-12 12:42:10,162 DEBUG [com.study.aop.LoggerAspect] Service ===> com.study.domain.post.PostService.savePost()
2023-04-12 12:42:10,162 DEBUG [com.study.aop.LoggerAspect] Mapper ===> com.study.domain.post.PostMapper.save()
2023-04-12 12:42:10,162 DEBUG [com.study.domain.post.PostMapper.save] ==>  Preparing: INSERT INTO tb_post ( id , title , content , writer , view_cnt , notice_yn , delete_yn , created_date , modified_date ) VALUES ( ? , ? , ? , ? , 0 , ? , 0 , NOW() , NULL )
2023-04-12 12:42:10,162 DEBUG [com.study.domain.post.PostMapper.save] ==> Parameters: null, 529번 게시글 제목(String), 529번 게시글 내용(String), 테스터529(String), false(Boolean)
2023-04-12 12:42:10,162  INFO [jdbc.sqlonly] INSERT INTO tb_post (

          id
        , title
        , content
        , writer
        , view_cnt
        , notice_yn
        , delete_yn
        , created_date
        , modified_date

        ) VALUES (
              NULL
            , '529번 게시글 제목'
            , '529번 게시글 내용'
            , '테스터529'
            , 0
            , 0
            , 0
            , NOW()
            , NULL
        )

2023-04-12 12:42:10,163 DEBUG [com.study.domain.post.PostMapper.save] <==    Updates: 1
2023-04-12 12:42:10,163  INFO [jdbc.resultsettable] 
|----------|
|insert_id |
|----------|
|529       |
|----------|

2023-04-12 12:42:10,164 DEBUG [com.study.aop.LoggerAspect] Service ===> com.study.domain.post.PostService.savePost()
2023-04-12 12:42:10,164 DEBUG [com.study.aop.LoggerAspect] Mapper ===> com.study.domain.post.PostMapper.save()
2023-04-12 12:42:10,165 DEBUG [com.study.domain.post.PostMapper.save] ==>  Preparing: INSERT INTO tb_post ( id , title , content , writer , view_cnt , notice_yn , delete_yn , created_date , modified_date ) VALUES ( ? , ? , ? , ? , 0 , ? , 0 , NOW() , NULL )
2023-04-12 12:42:10,165 DEBUG [com.study.domain.post.PostMapper.save] ==> Parameters: null, 530번 게시글 제목(String), 530번 게시글 내용(String), 테스터530(String), false(Boolean)
2023-04-12 12:42:10,165  INFO [jdbc.sqlonly] INSERT INTO tb_post (

          id
        , title
        , content
        , writer
        , view_cnt
        , notice_yn
        , delete_yn
        , created_date
        , modified_date

        ) VALUES (
              NULL
            , '530번 게시글 제목'
            , '530번 게시글 내용'
            , '테스터530'
            , 0
            , 0
            , 0
            , NOW()
            , NULL
        )

2023-04-12 12:42:10,165 DEBUG [com.study.domain.post.PostMapper.save] <==    Updates: 1
2023-04-12 12:42:10,165  INFO [jdbc.resultsettable] 
|----------|
|insert_id |
|----------|
|530       |
|----------|

2023-04-12 12:42:10,169 DEBUG [com.study.aop.LoggerAspect] Service ===> com.study.domain.post.PostService.savePost()
2023-04-12 12:42:10,169 DEBUG [com.study.aop.LoggerAspect] Mapper ===> com.study.domain.post.PostMapper.save()
2023-04-12 12:42:10,169 DEBUG [com.study.domain.post.PostMapper.save] ==>  Preparing: INSERT INTO tb_post ( id , title , content , writer , view_cnt , notice_yn , delete_yn , created_date , modified_date ) VALUES ( ? , ? , ? , ? , 0 , ? , 0 , NOW() , NULL )
2023-04-12 12:42:10,169 DEBUG [com.study.domain.post.PostMapper.save] ==> Parameters: null, 531번 게시글 제목(String), 531번 게시글 내용(String), 테스터531(String), false(Boolean)
2023-04-12 12:42:10,169  INFO [jdbc.sqlonly] INSERT INTO tb_post (

          id
        , title
        , content
        , writer
        , view_cnt
        , notice_yn
        , delete_yn
        , created_date
        , modified_date

        ) VALUES (
              NULL
            , '531번 게시글 제목'
            , '531번 게시글 내용'
            , '테스터531'
            , 0
            , 0
            , 0
            , NOW()
            , NULL
        )

2023-04-12 12:42:10,170 DEBUG [com.study.domain.post.PostMapper.save] <==    Updates: 1
2023-04-12 12:42:10,174  INFO [jdbc.resultsettable] 
|----------|
|insert_id |
|----------|
|531       |
|----------|

2023-04-12 12:42:10,176 DEBUG [com.study.aop.LoggerAspect] Service ===> com.study.domain.post.PostService.savePost()
2023-04-12 12:42:10,177 DEBUG [com.study.aop.LoggerAspect] Mapper ===> com.study.domain.post.PostMapper.save()
2023-04-12 12:42:10,177 DEBUG [com.study.domain.post.PostMapper.save] ==>  Preparing: INSERT INTO tb_post ( id , title , content , writer , view_cnt , notice_yn , delete_yn , created_date , modified_date ) VALUES ( ? , ? , ? , ? , 0 , ? , 0 , NOW() , NULL )
2023-04-12 12:42:10,177 DEBUG [com.study.domain.post.PostMapper.save] ==> Parameters: null, 532번 게시글 제목(String), 532번 게시글 내용(String), 테스터532(String), false(Boolean)
2023-04-12 12:42:10,177  INFO [jdbc.sqlonly] INSERT INTO tb_post (

          id
        , title
        , content
        , writer
        , view_cnt
        , notice_yn
        , delete_yn
        , created_date
        , modified_date

        ) VALUES (
              NULL
            , '532번 게시글 제목'
            , '532번 게시글 내용'
            , '테스터532'
            , 0
            , 0
            , 0
            , NOW()
            , NULL
        )

2023-04-12 12:42:10,177 DEBUG [com.study.domain.post.PostMapper.save] <==    Updates: 1
2023-04-12 12:42:10,177  INFO [jdbc.resultsettable] 
|----------|
|insert_id |
|----------|
|532       |
|----------|

2023-04-12 12:42:10,179 DEBUG [com.study.aop.LoggerAspect] Service ===> com.study.domain.post.PostService.savePost()
2023-04-12 12:42:10,179 DEBUG [com.study.aop.LoggerAspect] Mapper ===> com.study.domain.post.PostMapper.save()
2023-04-12 12:42:10,179 DEBUG [com.study.domain.post.PostMapper.save] ==>  Preparing: INSERT INTO tb_post ( id , title , content , writer , view_cnt , notice_yn , delete_yn , created_date , modified_date ) VALUES ( ? , ? , ? , ? , 0 , ? , 0 , NOW() , NULL )
2023-04-12 12:42:10,179 DEBUG [com.study.domain.post.PostMapper.save] ==> Parameters: null, 533번 게시글 제목(String), 533번 게시글 내용(String), 테스터533(String), false(Boolean)
2023-04-12 12:42:10,179  INFO [jdbc.sqlonly] INSERT INTO tb_post (

          id
        , title
        , content
        , writer
        , view_cnt
        , notice_yn
        , delete_yn
        , created_date
        , modified_date

        ) VALUES (
              NULL
            , '533번 게시글 제목'
            , '533번 게시글 내용'
            , '테스터533'
            , 0
            , 0
            , 0
            , NOW()
            , NULL
        )

2023-04-12 12:42:10,180 DEBUG [com.study.domain.post.PostMapper.save] <==    Updates: 1
2023-04-12 12:42:10,180  INFO [jdbc.resultsettable] 
|----------|
|insert_id |
|----------|
|533       |
|----------|

2023-04-12 12:42:10,181 DEBUG [com.study.aop.LoggerAspect] Service ===> com.study.domain.post.PostService.savePost()
2023-04-12 12:42:10,181 DEBUG [com.study.aop.LoggerAspect] Mapper ===> com.study.domain.post.PostMapper.save()
2023-04-12 12:42:10,181 DEBUG [com.study.domain.post.PostMapper.save] ==>  Preparing: INSERT INTO tb_post ( id , title , content , writer , view_cnt , notice_yn , delete_yn , created_date , modified_date ) VALUES ( ? , ? , ? , ? , 0 , ? , 0 , NOW() , NULL )
2023-04-12 12:42:10,181 DEBUG [com.study.domain.post.PostMapper.save] ==> Parameters: null, 534번 게시글 제목(String), 534번 게시글 내용(String), 테스터534(String), false(Boolean)
2023-04-12 12:42:10,181  INFO [jdbc.sqlonly] INSERT INTO tb_post (

          id
        , title
        , content
        , writer
        , view_cnt
        , notice_yn
        , delete_yn
        , created_date
        , modified_date

        ) VALUES (
              NULL
            , '534번 게시글 제목'
            , '534번 게시글 내용'
            , '테스터534'
            , 0
            , 0
            , 0
            , NOW()
            , NULL
        )

2023-04-12 12:42:10,182 DEBUG [com.study.domain.post.PostMapper.save] <==    Updates: 1
2023-04-12 12:42:10,182  INFO [jdbc.resultsettable] 
|----------|
|insert_id |
|----------|
|534       |
|----------|

2023-04-12 12:42:10,184 DEBUG [com.study.aop.LoggerAspect] Service ===> com.study.domain.post.PostService.savePost()
2023-04-12 12:42:10,184 DEBUG [com.study.aop.LoggerAspect] Mapper ===> com.study.domain.post.PostMapper.save()
2023-04-12 12:42:10,184 DEBUG [com.study.domain.post.PostMapper.save] ==>  Preparing: INSERT INTO tb_post ( id , title , content , writer , view_cnt , notice_yn , delete_yn , created_date , modified_date ) VALUES ( ? , ? , ? , ? , 0 , ? , 0 , NOW() , NULL )
2023-04-12 12:42:10,184 DEBUG [com.study.domain.post.PostMapper.save] ==> Parameters: null, 535번 게시글 제목(String), 535번 게시글 내용(String), 테스터535(String), false(Boolean)
2023-04-12 12:42:10,184  INFO [jdbc.sqlonly] INSERT INTO tb_post (

          id
        , title
        , content
        , writer
        , view_cnt
        , notice_yn
        , delete_yn
        , created_date
        , modified_date

        ) VALUES (
              NULL
            , '535번 게시글 제목'
            , '535번 게시글 내용'
            , '테스터535'
            , 0
            , 0
            , 0
            , NOW()
            , NULL
        )

2023-04-12 12:42:10,184 DEBUG [com.study.domain.post.PostMapper.save] <==    Updates: 1
2023-04-12 12:42:10,184  INFO [jdbc.resultsettable] 
|----------|
|insert_id |
|----------|
|535       |
|----------|

2023-04-12 12:42:10,185 DEBUG [com.study.aop.LoggerAspect] Service ===> com.study.domain.post.PostService.savePost()
2023-04-12 12:42:10,185 DEBUG [com.study.aop.LoggerAspect] Mapper ===> com.study.domain.post.PostMapper.save()
2023-04-12 12:42:10,185 DEBUG [com.study.domain.post.PostMapper.save] ==>  Preparing: INSERT INTO tb_post ( id , title , content , writer , view_cnt , notice_yn , delete_yn , created_date , modified_date ) VALUES ( ? , ? , ? , ? , 0 , ? , 0 , NOW() , NULL )
2023-04-12 12:42:10,186 DEBUG [com.study.domain.post.PostMapper.save] ==> Parameters: null, 536번 게시글 제목(String), 536번 게시글 내용(String), 테스터536(String), false(Boolean)
2023-04-12 12:42:10,186  INFO [jdbc.sqlonly] INSERT INTO tb_post (

          id
        , title
        , content
        , writer
        , view_cnt
        , notice_yn
        , delete_yn
        , created_date
        , modified_date

        ) VALUES (
              NULL
            , '536번 게시글 제목'
            , '536번 게시글 내용'
            , '테스터536'
            , 0
            , 0
            , 0
            , NOW()
            , NULL
        )

2023-04-12 12:42:10,186 DEBUG [com.study.domain.post.PostMapper.save] <==    Updates: 1
2023-04-12 12:42:10,186  INFO [jdbc.resultsettable] 
|----------|
|insert_id |
|----------|
|536       |
|----------|

2023-04-12 12:42:10,187 DEBUG [com.study.aop.LoggerAspect] Service ===> com.study.domain.post.PostService.savePost()
2023-04-12 12:42:10,187 DEBUG [com.study.aop.LoggerAspect] Mapper ===> com.study.domain.post.PostMapper.save()
2023-04-12 12:42:10,187 DEBUG [com.study.domain.post.PostMapper.save] ==>  Preparing: INSERT INTO tb_post ( id , title , content , writer , view_cnt , notice_yn , delete_yn , created_date , modified_date ) VALUES ( ? , ? , ? , ? , 0 , ? , 0 , NOW() , NULL )
2023-04-12 12:42:10,187 DEBUG [com.study.domain.post.PostMapper.save] ==> Parameters: null, 537번 게시글 제목(String), 537번 게시글 내용(String), 테스터537(String), false(Boolean)
2023-04-12 12:42:10,187  INFO [jdbc.sqlonly] INSERT INTO tb_post (

          id
        , title
        , content
        , writer
        , view_cnt
        , notice_yn
        , delete_yn
        , created_date
        , modified_date

        ) VALUES (
              NULL
            , '537번 게시글 제목'
            , '537번 게시글 내용'
            , '테스터537'
            , 0
            , 0
            , 0
            , NOW()
            , NULL
        )

2023-04-12 12:42:10,188 DEBUG [com.study.domain.post.PostMapper.save] <==    Updates: 1
2023-04-12 12:42:10,188  INFO [jdbc.resultsettable] 
|----------|
|insert_id |
|----------|
|537       |
|----------|

2023-04-12 12:42:10,189 DEBUG [com.study.aop.LoggerAspect] Service ===> com.study.domain.post.PostService.savePost()
2023-04-12 12:42:10,190 DEBUG [com.study.aop.LoggerAspect] Mapper ===> com.study.domain.post.PostMapper.save()
2023-04-12 12:42:10,190 DEBUG [com.study.domain.post.PostMapper.save] ==>  Preparing: INSERT INTO tb_post ( id , title , content , writer , view_cnt , notice_yn , delete_yn , created_date , modified_date ) VALUES ( ? , ? , ? , ? , 0 , ? , 0 , NOW() , NULL )
2023-04-12 12:42:10,190 DEBUG [com.study.domain.post.PostMapper.save] ==> Parameters: null, 538번 게시글 제목(String), 538번 게시글 내용(String), 테스터538(String), false(Boolean)
2023-04-12 12:42:10,190  INFO [jdbc.sqlonly] INSERT INTO tb_post (

          id
        , title
        , content
        , writer
        , view_cnt
        , notice_yn
        , delete_yn
        , created_date
        , modified_date

        ) VALUES (
              NULL
            , '538번 게시글 제목'
            , '538번 게시글 내용'
            , '테스터538'
            , 0
            , 0
            , 0
            , NOW()
            , NULL
        )

2023-04-12 12:42:10,191 DEBUG [com.study.domain.post.PostMapper.save] <==    Updates: 1
2023-04-12 12:42:10,191  INFO [jdbc.resultsettable] 
|----------|
|insert_id |
|----------|
|538       |
|----------|

2023-04-12 12:42:10,192 DEBUG [com.study.aop.LoggerAspect] Service ===> com.study.domain.post.PostService.savePost()
2023-04-12 12:42:10,192 DEBUG [com.study.aop.LoggerAspect] Mapper ===> com.study.domain.post.PostMapper.save()
2023-04-12 12:42:10,192 DEBUG [com.study.domain.post.PostMapper.save] ==>  Preparing: INSERT INTO tb_post ( id , title , content , writer , view_cnt , notice_yn , delete_yn , created_date , modified_date ) VALUES ( ? , ? , ? , ? , 0 , ? , 0 , NOW() , NULL )
2023-04-12 12:42:10,193 DEBUG [com.study.domain.post.PostMapper.save] ==> Parameters: null, 539번 게시글 제목(String), 539번 게시글 내용(String), 테스터539(String), false(Boolean)
2023-04-12 12:42:10,193  INFO [jdbc.sqlonly] INSERT INTO tb_post (

          id
        , title
        , content
        , writer
        , view_cnt
        , notice_yn
        , delete_yn
        , created_date
        , modified_date

        ) VALUES (
              NULL
            , '539번 게시글 제목'
            , '539번 게시글 내용'
            , '테스터539'
            , 0
            , 0
            , 0
            , NOW()
            , NULL
        )

2023-04-12 12:42:10,193 DEBUG [com.study.domain.post.PostMapper.save] <==    Updates: 1
2023-04-12 12:42:10,193  INFO [jdbc.resultsettable] 
|----------|
|insert_id |
|----------|
|539       |
|----------|

2023-04-12 12:42:10,194 DEBUG [com.study.aop.LoggerAspect] Service ===> com.study.domain.post.PostService.savePost()
2023-04-12 12:42:10,194 DEBUG [com.study.aop.LoggerAspect] Mapper ===> com.study.domain.post.PostMapper.save()
2023-04-12 12:42:10,194 DEBUG [com.study.domain.post.PostMapper.save] ==>  Preparing: INSERT INTO tb_post ( id , title , content , writer , view_cnt , notice_yn , delete_yn , created_date , modified_date ) VALUES ( ? , ? , ? , ? , 0 , ? , 0 , NOW() , NULL )
2023-04-12 12:42:10,194 DEBUG [com.study.domain.post.PostMapper.save] ==> Parameters: null, 540번 게시글 제목(String), 540번 게시글 내용(String), 테스터540(String), false(Boolean)
2023-04-12 12:42:10,194  INFO [jdbc.sqlonly] INSERT INTO tb_post (

          id
        , title
        , content
        , writer
        , view_cnt
        , notice_yn
        , delete_yn
        , created_date
        , modified_date

        ) VALUES (
              NULL
            , '540번 게시글 제목'
            , '540번 게시글 내용'
            , '테스터540'
            , 0
            , 0
            , 0
            , NOW()
            , NULL
        )

2023-04-12 12:42:10,195 DEBUG [com.study.domain.post.PostMapper.save] <==    Updates: 1
2023-04-12 12:42:10,195  INFO [jdbc.resultsettable] 
|----------|
|insert_id |
|----------|
|540       |
|----------|

2023-04-12 12:42:10,196 DEBUG [com.study.aop.LoggerAspect] Service ===> com.study.domain.post.PostService.savePost()
2023-04-12 12:42:10,196 DEBUG [com.study.aop.LoggerAspect] Mapper ===> com.study.domain.post.PostMapper.save()
2023-04-12 12:42:10,196 DEBUG [com.study.domain.post.PostMapper.save] ==>  Preparing: INSERT INTO tb_post ( id , title , content , writer , view_cnt , notice_yn , delete_yn , created_date , modified_date ) VALUES ( ? , ? , ? , ? , 0 , ? , 0 , NOW() , NULL )
2023-04-12 12:42:10,197 DEBUG [com.study.domain.post.PostMapper.save] ==> Parameters: null, 541번 게시글 제목(String), 541번 게시글 내용(String), 테스터541(String), false(Boolean)
2023-04-12 12:42:10,197  INFO [jdbc.sqlonly] INSERT INTO tb_post (

          id
        , title
        , content
        , writer
        , view_cnt
        , notice_yn
        , delete_yn
        , created_date
        , modified_date

        ) VALUES (
              NULL
            , '541번 게시글 제목'
            , '541번 게시글 내용'
            , '테스터541'
            , 0
            , 0
            , 0
            , NOW()
            , NULL
        )

2023-04-12 12:42:10,197 DEBUG [com.study.domain.post.PostMapper.save] <==    Updates: 1
2023-04-12 12:42:10,197  INFO [jdbc.resultsettable] 
|----------|
|insert_id |
|----------|
|541       |
|----------|

2023-04-12 12:42:10,198 DEBUG [com.study.aop.LoggerAspect] Service ===> com.study.domain.post.PostService.savePost()
2023-04-12 12:42:10,199 DEBUG [com.study.aop.LoggerAspect] Mapper ===> com.study.domain.post.PostMapper.save()
2023-04-12 12:42:10,199 DEBUG [com.study.domain.post.PostMapper.save] ==>  Preparing: INSERT INTO tb_post ( id , title , content , writer , view_cnt , notice_yn , delete_yn , created_date , modified_date ) VALUES ( ? , ? , ? , ? , 0 , ? , 0 , NOW() , NULL )
2023-04-12 12:42:10,199 DEBUG [com.study.domain.post.PostMapper.save] ==> Parameters: null, 542번 게시글 제목(String), 542번 게시글 내용(String), 테스터542(String), false(Boolean)
2023-04-12 12:42:10,199  INFO [jdbc.sqlonly] INSERT INTO tb_post (

          id
        , title
        , content
        , writer
        , view_cnt
        , notice_yn
        , delete_yn
        , created_date
        , modified_date

        ) VALUES (
              NULL
            , '542번 게시글 제목'
            , '542번 게시글 내용'
            , '테스터542'
            , 0
            , 0
            , 0
            , NOW()
            , NULL
        )

2023-04-12 12:42:10,199 DEBUG [com.study.domain.post.PostMapper.save] <==    Updates: 1
2023-04-12 12:42:10,199  INFO [jdbc.resultsettable] 
|----------|
|insert_id |
|----------|
|542       |
|----------|

2023-04-12 12:42:10,201 DEBUG [com.study.aop.LoggerAspect] Service ===> com.study.domain.post.PostService.savePost()
2023-04-12 12:42:10,201 DEBUG [com.study.aop.LoggerAspect] Mapper ===> com.study.domain.post.PostMapper.save()
2023-04-12 12:42:10,201 DEBUG [com.study.domain.post.PostMapper.save] ==>  Preparing: INSERT INTO tb_post ( id , title , content , writer , view_cnt , notice_yn , delete_yn , created_date , modified_date ) VALUES ( ? , ? , ? , ? , 0 , ? , 0 , NOW() , NULL )
2023-04-12 12:42:10,201 DEBUG [com.study.domain.post.PostMapper.save] ==> Parameters: null, 543번 게시글 제목(String), 543번 게시글 내용(String), 테스터543(String), false(Boolean)
2023-04-12 12:42:10,201  INFO [jdbc.sqlonly] INSERT INTO tb_post (

          id
        , title
        , content
        , writer
        , view_cnt
        , notice_yn
        , delete_yn
        , created_date
        , modified_date

        ) VALUES (
              NULL
            , '543번 게시글 제목'
            , '543번 게시글 내용'
            , '테스터543'
            , 0
            , 0
            , 0
            , NOW()
            , NULL
        )

2023-04-12 12:42:10,201 DEBUG [com.study.domain.post.PostMapper.save] <==    Updates: 1
2023-04-12 12:42:10,201  INFO [jdbc.resultsettable] 
|----------|
|insert_id |
|----------|
|543       |
|----------|

2023-04-12 12:42:10,223 DEBUG [com.study.aop.LoggerAspect] Service ===> com.study.domain.post.PostService.savePost()
2023-04-12 12:42:10,223 DEBUG [com.study.aop.LoggerAspect] Mapper ===> com.study.domain.post.PostMapper.save()
2023-04-12 12:42:10,223 DEBUG [com.study.domain.post.PostMapper.save] ==>  Preparing: INSERT INTO tb_post ( id , title , content , writer , view_cnt , notice_yn , delete_yn , created_date , modified_date ) VALUES ( ? , ? , ? , ? , 0 , ? , 0 , NOW() , NULL )
2023-04-12 12:42:10,223 DEBUG [com.study.domain.post.PostMapper.save] ==> Parameters: null, 544번 게시글 제목(String), 544번 게시글 내용(String), 테스터544(String), false(Boolean)
2023-04-12 12:42:10,223  INFO [jdbc.sqlonly] INSERT INTO tb_post (

          id
        , title
        , content
        , writer
        , view_cnt
        , notice_yn
        , delete_yn
        , created_date
        , modified_date

        ) VALUES (
              NULL
            , '544번 게시글 제목'
            , '544번 게시글 내용'
            , '테스터544'
            , 0
            , 0
            , 0
            , NOW()
            , NULL
        )

2023-04-12 12:42:10,224 DEBUG [com.study.domain.post.PostMapper.save] <==    Updates: 1
2023-04-12 12:42:10,224  INFO [jdbc.resultsettable] 
|----------|
|insert_id |
|----------|
|544       |
|----------|

2023-04-12 12:42:10,225 DEBUG [com.study.aop.LoggerAspect] Service ===> com.study.domain.post.PostService.savePost()
2023-04-12 12:42:10,225 DEBUG [com.study.aop.LoggerAspect] Mapper ===> com.study.domain.post.PostMapper.save()
2023-04-12 12:42:10,225 DEBUG [com.study.domain.post.PostMapper.save] ==>  Preparing: INSERT INTO tb_post ( id , title , content , writer , view_cnt , notice_yn , delete_yn , created_date , modified_date ) VALUES ( ? , ? , ? , ? , 0 , ? , 0 , NOW() , NULL )
2023-04-12 12:42:10,226 DEBUG [com.study.domain.post.PostMapper.save] ==> Parameters: null, 545번 게시글 제목(String), 545번 게시글 내용(String), 테스터545(String), false(Boolean)
2023-04-12 12:42:10,226  INFO [jdbc.sqlonly] INSERT INTO tb_post (

          id
        , title
        , content
        , writer
        , view_cnt
        , notice_yn
        , delete_yn
        , created_date
        , modified_date

        ) VALUES (
              NULL
            , '545번 게시글 제목'
            , '545번 게시글 내용'
            , '테스터545'
            , 0
            , 0
            , 0
            , NOW()
            , NULL
        )

2023-04-12 12:42:10,226 DEBUG [com.study.domain.post.PostMapper.save] <==    Updates: 1
2023-04-12 12:42:10,226  INFO [jdbc.resultsettable] 
|----------|
|insert_id |
|----------|
|545       |
|----------|

2023-04-12 12:42:10,227 DEBUG [com.study.aop.LoggerAspect] Service ===> com.study.domain.post.PostService.savePost()
2023-04-12 12:42:10,228 DEBUG [com.study.aop.LoggerAspect] Mapper ===> com.study.domain.post.PostMapper.save()
2023-04-12 12:42:10,228 DEBUG [com.study.domain.post.PostMapper.save] ==>  Preparing: INSERT INTO tb_post ( id , title , content , writer , view_cnt , notice_yn , delete_yn , created_date , modified_date ) VALUES ( ? , ? , ? , ? , 0 , ? , 0 , NOW() , NULL )
2023-04-12 12:42:10,228 DEBUG [com.study.domain.post.PostMapper.save] ==> Parameters: null, 546번 게시글 제목(String), 546번 게시글 내용(String), 테스터546(String), false(Boolean)
2023-04-12 12:42:10,228  INFO [jdbc.sqlonly] INSERT INTO tb_post (

          id
        , title
        , content
        , writer
        , view_cnt
        , notice_yn
        , delete_yn
        , created_date
        , modified_date

        ) VALUES (
              NULL
            , '546번 게시글 제목'
            , '546번 게시글 내용'
            , '테스터546'
            , 0
            , 0
            , 0
            , NOW()
            , NULL
        )

2023-04-12 12:42:10,228 DEBUG [com.study.domain.post.PostMapper.save] <==    Updates: 1
2023-04-12 12:42:10,228  INFO [jdbc.resultsettable] 
|----------|
|insert_id |
|----------|
|546       |
|----------|

2023-04-12 12:42:10,230 DEBUG [com.study.aop.LoggerAspect] Service ===> com.study.domain.post.PostService.savePost()
2023-04-12 12:42:10,230 DEBUG [com.study.aop.LoggerAspect] Mapper ===> com.study.domain.post.PostMapper.save()
2023-04-12 12:42:10,230 DEBUG [com.study.domain.post.PostMapper.save] ==>  Preparing: INSERT INTO tb_post ( id , title , content , writer , view_cnt , notice_yn , delete_yn , created_date , modified_date ) VALUES ( ? , ? , ? , ? , 0 , ? , 0 , NOW() , NULL )
2023-04-12 12:42:10,230 DEBUG [com.study.domain.post.PostMapper.save] ==> Parameters: null, 547번 게시글 제목(String), 547번 게시글 내용(String), 테스터547(String), false(Boolean)
2023-04-12 12:42:10,230  INFO [jdbc.sqlonly] INSERT INTO tb_post (

          id
        , title
        , content
        , writer
        , view_cnt
        , notice_yn
        , delete_yn
        , created_date
        , modified_date

        ) VALUES (
              NULL
            , '547번 게시글 제목'
            , '547번 게시글 내용'
            , '테스터547'
            , 0
            , 0
            , 0
            , NOW()
            , NULL
        )

2023-04-12 12:42:10,230 DEBUG [com.study.domain.post.PostMapper.save] <==    Updates: 1
2023-04-12 12:42:10,230  INFO [jdbc.resultsettable] 
|----------|
|insert_id |
|----------|
|547       |
|----------|

2023-04-12 12:42:10,239 DEBUG [com.study.aop.LoggerAspect] Service ===> com.study.domain.post.PostService.savePost()
2023-04-12 12:42:10,239 DEBUG [com.study.aop.LoggerAspect] Mapper ===> com.study.domain.post.PostMapper.save()
2023-04-12 12:42:10,239 DEBUG [com.study.domain.post.PostMapper.save] ==>  Preparing: INSERT INTO tb_post ( id , title , content , writer , view_cnt , notice_yn , delete_yn , created_date , modified_date ) VALUES ( ? , ? , ? , ? , 0 , ? , 0 , NOW() , NULL )
2023-04-12 12:42:10,239 DEBUG [com.study.domain.post.PostMapper.save] ==> Parameters: null, 548번 게시글 제목(String), 548번 게시글 내용(String), 테스터548(String), false(Boolean)
2023-04-12 12:42:10,239  INFO [jdbc.sqlonly] INSERT INTO tb_post (

          id
        , title
        , content
        , writer
        , view_cnt
        , notice_yn
        , delete_yn
        , created_date
        , modified_date

        ) VALUES (
              NULL
            , '548번 게시글 제목'
            , '548번 게시글 내용'
            , '테스터548'
            , 0
            , 0
            , 0
            , NOW()
            , NULL
        )

2023-04-12 12:42:10,240 DEBUG [com.study.domain.post.PostMapper.save] <==    Updates: 1
2023-04-12 12:42:10,240  INFO [jdbc.resultsettable] 
|----------|
|insert_id |
|----------|
|548       |
|----------|

2023-04-12 12:42:10,243 DEBUG [com.study.aop.LoggerAspect] Service ===> com.study.domain.post.PostService.savePost()
2023-04-12 12:42:10,243 DEBUG [com.study.aop.LoggerAspect] Mapper ===> com.study.domain.post.PostMapper.save()
2023-04-12 12:42:10,243 DEBUG [com.study.domain.post.PostMapper.save] ==>  Preparing: INSERT INTO tb_post ( id , title , content , writer , view_cnt , notice_yn , delete_yn , created_date , modified_date ) VALUES ( ? , ? , ? , ? , 0 , ? , 0 , NOW() , NULL )
2023-04-12 12:42:10,243 DEBUG [com.study.domain.post.PostMapper.save] ==> Parameters: null, 549번 게시글 제목(String), 549번 게시글 내용(String), 테스터549(String), false(Boolean)
2023-04-12 12:42:10,244  INFO [jdbc.sqlonly] INSERT INTO tb_post (

          id
        , title
        , content
        , writer
        , view_cnt
        , notice_yn
        , delete_yn
        , created_date
        , modified_date

        ) VALUES (
              NULL
            , '549번 게시글 제목'
            , '549번 게시글 내용'
            , '테스터549'
            , 0
            , 0
            , 0
            , NOW()
            , NULL
        )

2023-04-12 12:42:10,244 DEBUG [com.study.domain.post.PostMapper.save] <==    Updates: 1
2023-04-12 12:42:10,244  INFO [jdbc.resultsettable] 
|----------|
|insert_id |
|----------|
|549       |
|----------|

2023-04-12 12:42:10,245 DEBUG [com.study.aop.LoggerAspect] Service ===> com.study.domain.post.PostService.savePost()
2023-04-12 12:42:10,245 DEBUG [com.study.aop.LoggerAspect] Mapper ===> com.study.domain.post.PostMapper.save()
2023-04-12 12:42:10,246 DEBUG [com.study.domain.post.PostMapper.save] ==>  Preparing: INSERT INTO tb_post ( id , title , content , writer , view_cnt , notice_yn , delete_yn , created_date , modified_date ) VALUES ( ? , ? , ? , ? , 0 , ? , 0 , NOW() , NULL )
2023-04-12 12:42:10,246 DEBUG [com.study.domain.post.PostMapper.save] ==> Parameters: null, 550번 게시글 제목(String), 550번 게시글 내용(String), 테스터550(String), false(Boolean)
2023-04-12 12:42:10,246  INFO [jdbc.sqlonly] INSERT INTO tb_post (

          id
        , title
        , content
        , writer
        , view_cnt
        , notice_yn
        , delete_yn
        , created_date
        , modified_date

        ) VALUES (
              NULL
            , '550번 게시글 제목'
            , '550번 게시글 내용'
            , '테스터550'
            , 0
            , 0
            , 0
            , NOW()
            , NULL
        )

2023-04-12 12:42:10,246 DEBUG [com.study.domain.post.PostMapper.save] <==    Updates: 1
2023-04-12 12:42:10,246  INFO [jdbc.resultsettable] 
|----------|
|insert_id |
|----------|
|550       |
|----------|

2023-04-12 12:42:10,247 DEBUG [com.study.aop.LoggerAspect] Service ===> com.study.domain.post.PostService.savePost()
2023-04-12 12:42:10,247 DEBUG [com.study.aop.LoggerAspect] Mapper ===> com.study.domain.post.PostMapper.save()
2023-04-12 12:42:10,247 DEBUG [com.study.domain.post.PostMapper.save] ==>  Preparing: INSERT INTO tb_post ( id , title , content , writer , view_cnt , notice_yn , delete_yn , created_date , modified_date ) VALUES ( ? , ? , ? , ? , 0 , ? , 0 , NOW() , NULL )
2023-04-12 12:42:10,248 DEBUG [com.study.domain.post.PostMapper.save] ==> Parameters: null, 551번 게시글 제목(String), 551번 게시글 내용(String), 테스터551(String), false(Boolean)
2023-04-12 12:42:10,248  INFO [jdbc.sqlonly] INSERT INTO tb_post (

          id
        , title
        , content
        , writer
        , view_cnt
        , notice_yn
        , delete_yn
        , created_date
        , modified_date

        ) VALUES (
              NULL
            , '551번 게시글 제목'
            , '551번 게시글 내용'
            , '테스터551'
            , 0
            , 0
            , 0
            , NOW()
            , NULL
        )

2023-04-12 12:42:10,248 DEBUG [com.study.domain.post.PostMapper.save] <==    Updates: 1
2023-04-12 12:42:10,248  INFO [jdbc.resultsettable] 
|----------|
|insert_id |
|----------|
|551       |
|----------|

2023-04-12 12:42:10,249 DEBUG [com.study.aop.LoggerAspect] Service ===> com.study.domain.post.PostService.savePost()
2023-04-12 12:42:10,249 DEBUG [com.study.aop.LoggerAspect] Mapper ===> com.study.domain.post.PostMapper.save()
2023-04-12 12:42:10,249 DEBUG [com.study.domain.post.PostMapper.save] ==>  Preparing: INSERT INTO tb_post ( id , title , content , writer , view_cnt , notice_yn , delete_yn , created_date , modified_date ) VALUES ( ? , ? , ? , ? , 0 , ? , 0 , NOW() , NULL )
2023-04-12 12:42:10,249 DEBUG [com.study.domain.post.PostMapper.save] ==> Parameters: null, 552번 게시글 제목(String), 552번 게시글 내용(String), 테스터552(String), false(Boolean)
2023-04-12 12:42:10,250  INFO [jdbc.sqlonly] INSERT INTO tb_post (

          id
        , title
        , content
        , writer
        , view_cnt
        , notice_yn
        , delete_yn
        , created_date
        , modified_date

        ) VALUES (
              NULL
            , '552번 게시글 제목'
            , '552번 게시글 내용'
            , '테스터552'
            , 0
            , 0
            , 0
            , NOW()
            , NULL
        )

2023-04-12 12:42:10,250 DEBUG [com.study.domain.post.PostMapper.save] <==    Updates: 1
2023-04-12 12:42:10,250  INFO [jdbc.resultsettable] 
|----------|
|insert_id |
|----------|
|552       |
|----------|

2023-04-12 12:42:10,251 DEBUG [com.study.aop.LoggerAspect] Service ===> com.study.domain.post.PostService.savePost()
2023-04-12 12:42:10,251 DEBUG [com.study.aop.LoggerAspect] Mapper ===> com.study.domain.post.PostMapper.save()
2023-04-12 12:42:10,251 DEBUG [com.study.domain.post.PostMapper.save] ==>  Preparing: INSERT INTO tb_post ( id , title , content , writer , view_cnt , notice_yn , delete_yn , created_date , modified_date ) VALUES ( ? , ? , ? , ? , 0 , ? , 0 , NOW() , NULL )
2023-04-12 12:42:10,251 DEBUG [com.study.domain.post.PostMapper.save] ==> Parameters: null, 553번 게시글 제목(String), 553번 게시글 내용(String), 테스터553(String), false(Boolean)
2023-04-12 12:42:10,251  INFO [jdbc.sqlonly] INSERT INTO tb_post (

          id
        , title
        , content
        , writer
        , view_cnt
        , notice_yn
        , delete_yn
        , created_date
        , modified_date

        ) VALUES (
              NULL
            , '553번 게시글 제목'
            , '553번 게시글 내용'
            , '테스터553'
            , 0
            , 0
            , 0
            , NOW()
            , NULL
        )

2023-04-12 12:42:10,252 DEBUG [com.study.domain.post.PostMapper.save] <==    Updates: 1
2023-04-12 12:42:10,252  INFO [jdbc.resultsettable] 
|----------|
|insert_id |
|----------|
|553       |
|----------|

2023-04-12 12:42:10,253 DEBUG [com.study.aop.LoggerAspect] Service ===> com.study.domain.post.PostService.savePost()
2023-04-12 12:42:10,253 DEBUG [com.study.aop.LoggerAspect] Mapper ===> com.study.domain.post.PostMapper.save()
2023-04-12 12:42:10,253 DEBUG [com.study.domain.post.PostMapper.save] ==>  Preparing: INSERT INTO tb_post ( id , title , content , writer , view_cnt , notice_yn , delete_yn , created_date , modified_date ) VALUES ( ? , ? , ? , ? , 0 , ? , 0 , NOW() , NULL )
2023-04-12 12:42:10,253 DEBUG [com.study.domain.post.PostMapper.save] ==> Parameters: null, 554번 게시글 제목(String), 554번 게시글 내용(String), 테스터554(String), false(Boolean)
2023-04-12 12:42:10,253  INFO [jdbc.sqlonly] INSERT INTO tb_post (

          id
        , title
        , content
        , writer
        , view_cnt
        , notice_yn
        , delete_yn
        , created_date
        , modified_date

        ) VALUES (
              NULL
            , '554번 게시글 제목'
            , '554번 게시글 내용'
            , '테스터554'
            , 0
            , 0
            , 0
            , NOW()
            , NULL
        )

2023-04-12 12:42:10,254 DEBUG [com.study.domain.post.PostMapper.save] <==    Updates: 1
2023-04-12 12:42:10,254  INFO [jdbc.resultsettable] 
|----------|
|insert_id |
|----------|
|554       |
|----------|

2023-04-12 12:42:10,255 DEBUG [com.study.aop.LoggerAspect] Service ===> com.study.domain.post.PostService.savePost()
2023-04-12 12:42:10,255 DEBUG [com.study.aop.LoggerAspect] Mapper ===> com.study.domain.post.PostMapper.save()
2023-04-12 12:42:10,255 DEBUG [com.study.domain.post.PostMapper.save] ==>  Preparing: INSERT INTO tb_post ( id , title , content , writer , view_cnt , notice_yn , delete_yn , created_date , modified_date ) VALUES ( ? , ? , ? , ? , 0 , ? , 0 , NOW() , NULL )
2023-04-12 12:42:10,255 DEBUG [com.study.domain.post.PostMapper.save] ==> Parameters: null, 555번 게시글 제목(String), 555번 게시글 내용(String), 테스터555(String), false(Boolean)
2023-04-12 12:42:10,255  INFO [jdbc.sqlonly] INSERT INTO tb_post (

          id
        , title
        , content
        , writer
        , view_cnt
        , notice_yn
        , delete_yn
        , created_date
        , modified_date

        ) VALUES (
              NULL
            , '555번 게시글 제목'
            , '555번 게시글 내용'
            , '테스터555'
            , 0
            , 0
            , 0
            , NOW()
            , NULL
        )

2023-04-12 12:42:10,255 DEBUG [com.study.domain.post.PostMapper.save] <==    Updates: 1
2023-04-12 12:42:10,256  INFO [jdbc.resultsettable] 
|----------|
|insert_id |
|----------|
|555       |
|----------|

2023-04-12 12:42:10,257 DEBUG [com.study.aop.LoggerAspect] Service ===> com.study.domain.post.PostService.savePost()
2023-04-12 12:42:10,257 DEBUG [com.study.aop.LoggerAspect] Mapper ===> com.study.domain.post.PostMapper.save()
2023-04-12 12:42:10,257 DEBUG [com.study.domain.post.PostMapper.save] ==>  Preparing: INSERT INTO tb_post ( id , title , content , writer , view_cnt , notice_yn , delete_yn , created_date , modified_date ) VALUES ( ? , ? , ? , ? , 0 , ? , 0 , NOW() , NULL )
2023-04-12 12:42:10,257 DEBUG [com.study.domain.post.PostMapper.save] ==> Parameters: null, 556번 게시글 제목(String), 556번 게시글 내용(String), 테스터556(String), false(Boolean)
2023-04-12 12:42:10,257  INFO [jdbc.sqlonly] INSERT INTO tb_post (

          id
        , title
        , content
        , writer
        , view_cnt
        , notice_yn
        , delete_yn
        , created_date
        , modified_date

        ) VALUES (
              NULL
            , '556번 게시글 제목'
            , '556번 게시글 내용'
            , '테스터556'
            , 0
            , 0
            , 0
            , NOW()
            , NULL
        )

2023-04-12 12:42:10,258 DEBUG [com.study.domain.post.PostMapper.save] <==    Updates: 1
2023-04-12 12:42:10,258  INFO [jdbc.resultsettable] 
|----------|
|insert_id |
|----------|
|556       |
|----------|

2023-04-12 12:42:10,263 DEBUG [com.study.aop.LoggerAspect] Service ===> com.study.domain.post.PostService.savePost()
2023-04-12 12:42:10,263 DEBUG [com.study.aop.LoggerAspect] Mapper ===> com.study.domain.post.PostMapper.save()
2023-04-12 12:42:10,263 DEBUG [com.study.domain.post.PostMapper.save] ==>  Preparing: INSERT INTO tb_post ( id , title , content , writer , view_cnt , notice_yn , delete_yn , created_date , modified_date ) VALUES ( ? , ? , ? , ? , 0 , ? , 0 , NOW() , NULL )
2023-04-12 12:42:10,263 DEBUG [com.study.domain.post.PostMapper.save] ==> Parameters: null, 557번 게시글 제목(String), 557번 게시글 내용(String), 테스터557(String), false(Boolean)
2023-04-12 12:42:10,263  INFO [jdbc.sqlonly] INSERT INTO tb_post (

          id
        , title
        , content
        , writer
        , view_cnt
        , notice_yn
        , delete_yn
        , created_date
        , modified_date

        ) VALUES (
              NULL
            , '557번 게시글 제목'
            , '557번 게시글 내용'
            , '테스터557'
            , 0
            , 0
            , 0
            , NOW()
            , NULL
        )

2023-04-12 12:42:10,265 DEBUG [com.study.domain.post.PostMapper.save] <==    Updates: 1
2023-04-12 12:42:10,265  INFO [jdbc.resultsettable] 
|----------|
|insert_id |
|----------|
|557       |
|----------|

2023-04-12 12:42:10,268 DEBUG [com.study.aop.LoggerAspect] Service ===> com.study.domain.post.PostService.savePost()
2023-04-12 12:42:10,268 DEBUG [com.study.aop.LoggerAspect] Mapper ===> com.study.domain.post.PostMapper.save()
2023-04-12 12:42:10,268 DEBUG [com.study.domain.post.PostMapper.save] ==>  Preparing: INSERT INTO tb_post ( id , title , content , writer , view_cnt , notice_yn , delete_yn , created_date , modified_date ) VALUES ( ? , ? , ? , ? , 0 , ? , 0 , NOW() , NULL )
2023-04-12 12:42:10,268 DEBUG [com.study.domain.post.PostMapper.save] ==> Parameters: null, 558번 게시글 제목(String), 558번 게시글 내용(String), 테스터558(String), false(Boolean)
2023-04-12 12:42:10,268  INFO [jdbc.sqlonly] INSERT INTO tb_post (

          id
        , title
        , content
        , writer
        , view_cnt
        , notice_yn
        , delete_yn
        , created_date
        , modified_date

        ) VALUES (
              NULL
            , '558번 게시글 제목'
            , '558번 게시글 내용'
            , '테스터558'
            , 0
            , 0
            , 0
            , NOW()
            , NULL
        )

2023-04-12 12:42:10,269 DEBUG [com.study.domain.post.PostMapper.save] <==    Updates: 1
2023-04-12 12:42:10,269  INFO [jdbc.resultsettable] 
|----------|
|insert_id |
|----------|
|558       |
|----------|

2023-04-12 12:42:10,270 DEBUG [com.study.aop.LoggerAspect] Service ===> com.study.domain.post.PostService.savePost()
2023-04-12 12:42:10,270 DEBUG [com.study.aop.LoggerAspect] Mapper ===> com.study.domain.post.PostMapper.save()
2023-04-12 12:42:10,270 DEBUG [com.study.domain.post.PostMapper.save] ==>  Preparing: INSERT INTO tb_post ( id , title , content , writer , view_cnt , notice_yn , delete_yn , created_date , modified_date ) VALUES ( ? , ? , ? , ? , 0 , ? , 0 , NOW() , NULL )
2023-04-12 12:42:10,270 DEBUG [com.study.domain.post.PostMapper.save] ==> Parameters: null, 559번 게시글 제목(String), 559번 게시글 내용(String), 테스터559(String), false(Boolean)
2023-04-12 12:42:10,270  INFO [jdbc.sqlonly] INSERT INTO tb_post (

          id
        , title
        , content
        , writer
        , view_cnt
        , notice_yn
        , delete_yn
        , created_date
        , modified_date

        ) VALUES (
              NULL
            , '559번 게시글 제목'
            , '559번 게시글 내용'
            , '테스터559'
            , 0
            , 0
            , 0
            , NOW()
            , NULL
        )

2023-04-12 12:42:10,271 DEBUG [com.study.domain.post.PostMapper.save] <==    Updates: 1
2023-04-12 12:42:10,271  INFO [jdbc.resultsettable] 
|----------|
|insert_id |
|----------|
|559       |
|----------|

2023-04-12 12:42:10,272 DEBUG [com.study.aop.LoggerAspect] Service ===> com.study.domain.post.PostService.savePost()
2023-04-12 12:42:10,272 DEBUG [com.study.aop.LoggerAspect] Mapper ===> com.study.domain.post.PostMapper.save()
2023-04-12 12:42:10,273 DEBUG [com.study.domain.post.PostMapper.save] ==>  Preparing: INSERT INTO tb_post ( id , title , content , writer , view_cnt , notice_yn , delete_yn , created_date , modified_date ) VALUES ( ? , ? , ? , ? , 0 , ? , 0 , NOW() , NULL )
2023-04-12 12:42:10,273 DEBUG [com.study.domain.post.PostMapper.save] ==> Parameters: null, 560번 게시글 제목(String), 560번 게시글 내용(String), 테스터560(String), false(Boolean)
2023-04-12 12:42:10,273  INFO [jdbc.sqlonly] INSERT INTO tb_post (

          id
        , title
        , content
        , writer
        , view_cnt
        , notice_yn
        , delete_yn
        , created_date
        , modified_date

        ) VALUES (
              NULL
            , '560번 게시글 제목'
            , '560번 게시글 내용'
            , '테스터560'
            , 0
            , 0
            , 0
            , NOW()
            , NULL
        )

2023-04-12 12:42:10,273 DEBUG [com.study.domain.post.PostMapper.save] <==    Updates: 1
2023-04-12 12:42:10,273  INFO [jdbc.resultsettable] 
|----------|
|insert_id |
|----------|
|560       |
|----------|

2023-04-12 12:42:10,274 DEBUG [com.study.aop.LoggerAspect] Service ===> com.study.domain.post.PostService.savePost()
2023-04-12 12:42:10,274 DEBUG [com.study.aop.LoggerAspect] Mapper ===> com.study.domain.post.PostMapper.save()
2023-04-12 12:42:10,275 DEBUG [com.study.domain.post.PostMapper.save] ==>  Preparing: INSERT INTO tb_post ( id , title , content , writer , view_cnt , notice_yn , delete_yn , created_date , modified_date ) VALUES ( ? , ? , ? , ? , 0 , ? , 0 , NOW() , NULL )
2023-04-12 12:42:10,275 DEBUG [com.study.domain.post.PostMapper.save] ==> Parameters: null, 561번 게시글 제목(String), 561번 게시글 내용(String), 테스터561(String), false(Boolean)
2023-04-12 12:42:10,275  INFO [jdbc.sqlonly] INSERT INTO tb_post (

          id
        , title
        , content
        , writer
        , view_cnt
        , notice_yn
        , delete_yn
        , created_date
        , modified_date

        ) VALUES (
              NULL
            , '561번 게시글 제목'
            , '561번 게시글 내용'
            , '테스터561'
            , 0
            , 0
            , 0
            , NOW()
            , NULL
        )

2023-04-12 12:42:10,275 DEBUG [com.study.domain.post.PostMapper.save] <==    Updates: 1
2023-04-12 12:42:10,275  INFO [jdbc.resultsettable] 
|----------|
|insert_id |
|----------|
|561       |
|----------|

2023-04-12 12:42:10,285 DEBUG [com.study.aop.LoggerAspect] Service ===> com.study.domain.post.PostService.savePost()
2023-04-12 12:42:10,285 DEBUG [com.study.aop.LoggerAspect] Mapper ===> com.study.domain.post.PostMapper.save()
2023-04-12 12:42:10,285 DEBUG [com.study.domain.post.PostMapper.save] ==>  Preparing: INSERT INTO tb_post ( id , title , content , writer , view_cnt , notice_yn , delete_yn , created_date , modified_date ) VALUES ( ? , ? , ? , ? , 0 , ? , 0 , NOW() , NULL )
2023-04-12 12:42:10,285 DEBUG [com.study.domain.post.PostMapper.save] ==> Parameters: null, 562번 게시글 제목(String), 562번 게시글 내용(String), 테스터562(String), false(Boolean)
2023-04-12 12:42:10,285  INFO [jdbc.sqlonly] INSERT INTO tb_post (

          id
        , title
        , content
        , writer
        , view_cnt
        , notice_yn
        , delete_yn
        , created_date
        , modified_date

        ) VALUES (
              NULL
            , '562번 게시글 제목'
            , '562번 게시글 내용'
            , '테스터562'
            , 0
            , 0
            , 0
            , NOW()
            , NULL
        )

2023-04-12 12:42:10,286 DEBUG [com.study.domain.post.PostMapper.save] <==    Updates: 1
2023-04-12 12:42:10,286  INFO [jdbc.resultsettable] 
|----------|
|insert_id |
|----------|
|562       |
|----------|

2023-04-12 12:42:10,293 DEBUG [com.study.aop.LoggerAspect] Service ===> com.study.domain.post.PostService.savePost()
2023-04-12 12:42:10,293 DEBUG [com.study.aop.LoggerAspect] Mapper ===> com.study.domain.post.PostMapper.save()
2023-04-12 12:42:10,293 DEBUG [com.study.domain.post.PostMapper.save] ==>  Preparing: INSERT INTO tb_post ( id , title , content , writer , view_cnt , notice_yn , delete_yn , created_date , modified_date ) VALUES ( ? , ? , ? , ? , 0 , ? , 0 , NOW() , NULL )
2023-04-12 12:42:10,294 DEBUG [com.study.domain.post.PostMapper.save] ==> Parameters: null, 563번 게시글 제목(String), 563번 게시글 내용(String), 테스터563(String), false(Boolean)
2023-04-12 12:42:10,294  INFO [jdbc.sqlonly] INSERT INTO tb_post (

          id
        , title
        , content
        , writer
        , view_cnt
        , notice_yn
        , delete_yn
        , created_date
        , modified_date

        ) VALUES (
              NULL
            , '563번 게시글 제목'
            , '563번 게시글 내용'
            , '테스터563'
            , 0
            , 0
            , 0
            , NOW()
            , NULL
        )

2023-04-12 12:42:10,294 DEBUG [com.study.domain.post.PostMapper.save] <==    Updates: 1
2023-04-12 12:42:10,294  INFO [jdbc.resultsettable] 
|----------|
|insert_id |
|----------|
|563       |
|----------|

2023-04-12 12:42:10,296 DEBUG [com.study.aop.LoggerAspect] Service ===> com.study.domain.post.PostService.savePost()
2023-04-12 12:42:10,296 DEBUG [com.study.aop.LoggerAspect] Mapper ===> com.study.domain.post.PostMapper.save()
2023-04-12 12:42:10,296 DEBUG [com.study.domain.post.PostMapper.save] ==>  Preparing: INSERT INTO tb_post ( id , title , content , writer , view_cnt , notice_yn , delete_yn , created_date , modified_date ) VALUES ( ? , ? , ? , ? , 0 , ? , 0 , NOW() , NULL )
2023-04-12 12:42:10,296 DEBUG [com.study.domain.post.PostMapper.save] ==> Parameters: null, 564번 게시글 제목(String), 564번 게시글 내용(String), 테스터564(String), false(Boolean)
2023-04-12 12:42:10,296  INFO [jdbc.sqlonly] INSERT INTO tb_post (

          id
        , title
        , content
        , writer
        , view_cnt
        , notice_yn
        , delete_yn
        , created_date
        , modified_date

        ) VALUES (
              NULL
            , '564번 게시글 제목'
            , '564번 게시글 내용'
            , '테스터564'
            , 0
            , 0
            , 0
            , NOW()
            , NULL
        )

2023-04-12 12:42:10,301 DEBUG [com.study.domain.post.PostMapper.save] <==    Updates: 1
2023-04-12 12:42:10,301  INFO [jdbc.resultsettable] 
|----------|
|insert_id |
|----------|
|564       |
|----------|

2023-04-12 12:42:10,312 DEBUG [com.study.aop.LoggerAspect] Service ===> com.study.domain.post.PostService.savePost()
2023-04-12 12:42:10,312 DEBUG [com.study.aop.LoggerAspect] Mapper ===> com.study.domain.post.PostMapper.save()
2023-04-12 12:42:10,312 DEBUG [com.study.domain.post.PostMapper.save] ==>  Preparing: INSERT INTO tb_post ( id , title , content , writer , view_cnt , notice_yn , delete_yn , created_date , modified_date ) VALUES ( ? , ? , ? , ? , 0 , ? , 0 , NOW() , NULL )
2023-04-12 12:42:10,312 DEBUG [com.study.domain.post.PostMapper.save] ==> Parameters: null, 565번 게시글 제목(String), 565번 게시글 내용(String), 테스터565(String), false(Boolean)
2023-04-12 12:42:10,312  INFO [jdbc.sqlonly] INSERT INTO tb_post (

          id
        , title
        , content
        , writer
        , view_cnt
        , notice_yn
        , delete_yn
        , created_date
        , modified_date

        ) VALUES (
              NULL
            , '565번 게시글 제목'
            , '565번 게시글 내용'
            , '테스터565'
            , 0
            , 0
            , 0
            , NOW()
            , NULL
        )

2023-04-12 12:42:10,313 DEBUG [com.study.domain.post.PostMapper.save] <==    Updates: 1
2023-04-12 12:42:10,313  INFO [jdbc.resultsettable] 
|----------|
|insert_id |
|----------|
|565       |
|----------|

2023-04-12 12:42:10,329 DEBUG [com.study.aop.LoggerAspect] Service ===> com.study.domain.post.PostService.savePost()
2023-04-12 12:42:10,329 DEBUG [com.study.aop.LoggerAspect] Mapper ===> com.study.domain.post.PostMapper.save()
2023-04-12 12:42:10,329 DEBUG [com.study.domain.post.PostMapper.save] ==>  Preparing: INSERT INTO tb_post ( id , title , content , writer , view_cnt , notice_yn , delete_yn , created_date , modified_date ) VALUES ( ? , ? , ? , ? , 0 , ? , 0 , NOW() , NULL )
2023-04-12 12:42:10,329 DEBUG [com.study.domain.post.PostMapper.save] ==> Parameters: null, 566번 게시글 제목(String), 566번 게시글 내용(String), 테스터566(String), false(Boolean)
2023-04-12 12:42:10,329  INFO [jdbc.sqlonly] INSERT INTO tb_post (

          id
        , title
        , content
        , writer
        , view_cnt
        , notice_yn
        , delete_yn
        , created_date
        , modified_date

        ) VALUES (
              NULL
            , '566번 게시글 제목'
            , '566번 게시글 내용'
            , '테스터566'
            , 0
            , 0
            , 0
            , NOW()
            , NULL
        )

2023-04-12 12:42:10,330 DEBUG [com.study.domain.post.PostMapper.save] <==    Updates: 1
2023-04-12 12:42:10,330  INFO [jdbc.resultsettable] 
|----------|
|insert_id |
|----------|
|566       |
|----------|

2023-04-12 12:42:10,335 DEBUG [com.study.aop.LoggerAspect] Service ===> com.study.domain.post.PostService.savePost()
2023-04-12 12:42:10,335 DEBUG [com.study.aop.LoggerAspect] Mapper ===> com.study.domain.post.PostMapper.save()
2023-04-12 12:42:10,336 DEBUG [com.study.domain.post.PostMapper.save] ==>  Preparing: INSERT INTO tb_post ( id , title , content , writer , view_cnt , notice_yn , delete_yn , created_date , modified_date ) VALUES ( ? , ? , ? , ? , 0 , ? , 0 , NOW() , NULL )
2023-04-12 12:42:10,336 DEBUG [com.study.domain.post.PostMapper.save] ==> Parameters: null, 567번 게시글 제목(String), 567번 게시글 내용(String), 테스터567(String), false(Boolean)
2023-04-12 12:42:10,336  INFO [jdbc.sqlonly] INSERT INTO tb_post (

          id
        , title
        , content
        , writer
        , view_cnt
        , notice_yn
        , delete_yn
        , created_date
        , modified_date

        ) VALUES (
              NULL
            , '567번 게시글 제목'
            , '567번 게시글 내용'
            , '테스터567'
            , 0
            , 0
            , 0
            , NOW()
            , NULL
        )

2023-04-12 12:42:10,336 DEBUG [com.study.domain.post.PostMapper.save] <==    Updates: 1
2023-04-12 12:42:10,337  INFO [jdbc.resultsettable] 
|----------|
|insert_id |
|----------|
|567       |
|----------|

2023-04-12 12:42:10,339 DEBUG [com.study.aop.LoggerAspect] Service ===> com.study.domain.post.PostService.savePost()
2023-04-12 12:42:10,339 DEBUG [com.study.aop.LoggerAspect] Mapper ===> com.study.domain.post.PostMapper.save()
2023-04-12 12:42:10,340 DEBUG [com.study.domain.post.PostMapper.save] ==>  Preparing: INSERT INTO tb_post ( id , title , content , writer , view_cnt , notice_yn , delete_yn , created_date , modified_date ) VALUES ( ? , ? , ? , ? , 0 , ? , 0 , NOW() , NULL )
2023-04-12 12:42:10,340 DEBUG [com.study.domain.post.PostMapper.save] ==> Parameters: null, 568번 게시글 제목(String), 568번 게시글 내용(String), 테스터568(String), false(Boolean)
2023-04-12 12:42:10,340  INFO [jdbc.sqlonly] INSERT INTO tb_post (

          id
        , title
        , content
        , writer
        , view_cnt
        , notice_yn
        , delete_yn
        , created_date
        , modified_date

        ) VALUES (
              NULL
            , '568번 게시글 제목'
            , '568번 게시글 내용'
            , '테스터568'
            , 0
            , 0
            , 0
            , NOW()
            , NULL
        )

2023-04-12 12:42:10,341 DEBUG [com.study.domain.post.PostMapper.save] <==    Updates: 1
2023-04-12 12:42:10,341  INFO [jdbc.resultsettable] 
|----------|
|insert_id |
|----------|
|568       |
|----------|

2023-04-12 12:42:10,343 DEBUG [com.study.aop.LoggerAspect] Service ===> com.study.domain.post.PostService.savePost()
2023-04-12 12:42:10,343 DEBUG [com.study.aop.LoggerAspect] Mapper ===> com.study.domain.post.PostMapper.save()
2023-04-12 12:42:10,343 DEBUG [com.study.domain.post.PostMapper.save] ==>  Preparing: INSERT INTO tb_post ( id , title , content , writer , view_cnt , notice_yn , delete_yn , created_date , modified_date ) VALUES ( ? , ? , ? , ? , 0 , ? , 0 , NOW() , NULL )
2023-04-12 12:42:10,343 DEBUG [com.study.domain.post.PostMapper.save] ==> Parameters: null, 569번 게시글 제목(String), 569번 게시글 내용(String), 테스터569(String), false(Boolean)
2023-04-12 12:42:10,343  INFO [jdbc.sqlonly] INSERT INTO tb_post (

          id
        , title
        , content
        , writer
        , view_cnt
        , notice_yn
        , delete_yn
        , created_date
        , modified_date

        ) VALUES (
              NULL
            , '569번 게시글 제목'
            , '569번 게시글 내용'
            , '테스터569'
            , 0
            , 0
            , 0
            , NOW()
            , NULL
        )

2023-04-12 12:42:10,344 DEBUG [com.study.domain.post.PostMapper.save] <==    Updates: 1
2023-04-12 12:42:10,344  INFO [jdbc.resultsettable] 
|----------|
|insert_id |
|----------|
|569       |
|----------|

2023-04-12 12:42:10,346 DEBUG [com.study.aop.LoggerAspect] Service ===> com.study.domain.post.PostService.savePost()
2023-04-12 12:42:10,346 DEBUG [com.study.aop.LoggerAspect] Mapper ===> com.study.domain.post.PostMapper.save()
2023-04-12 12:42:10,346 DEBUG [com.study.domain.post.PostMapper.save] ==>  Preparing: INSERT INTO tb_post ( id , title , content , writer , view_cnt , notice_yn , delete_yn , created_date , modified_date ) VALUES ( ? , ? , ? , ? , 0 , ? , 0 , NOW() , NULL )
2023-04-12 12:42:10,346 DEBUG [com.study.domain.post.PostMapper.save] ==> Parameters: null, 570번 게시글 제목(String), 570번 게시글 내용(String), 테스터570(String), false(Boolean)
2023-04-12 12:42:10,347  INFO [jdbc.sqlonly] INSERT INTO tb_post (

          id
        , title
        , content
        , writer
        , view_cnt
        , notice_yn
        , delete_yn
        , created_date
        , modified_date

        ) VALUES (
              NULL
            , '570번 게시글 제목'
            , '570번 게시글 내용'
            , '테스터570'
            , 0
            , 0
            , 0
            , NOW()
            , NULL
        )

2023-04-12 12:42:10,347 DEBUG [com.study.domain.post.PostMapper.save] <==    Updates: 1
2023-04-12 12:42:10,348  INFO [jdbc.resultsettable] 
|----------|
|insert_id |
|----------|
|570       |
|----------|

2023-04-12 12:42:10,350 DEBUG [com.study.aop.LoggerAspect] Service ===> com.study.domain.post.PostService.savePost()
2023-04-12 12:42:10,350 DEBUG [com.study.aop.LoggerAspect] Mapper ===> com.study.domain.post.PostMapper.save()
2023-04-12 12:42:10,350 DEBUG [com.study.domain.post.PostMapper.save] ==>  Preparing: INSERT INTO tb_post ( id , title , content , writer , view_cnt , notice_yn , delete_yn , created_date , modified_date ) VALUES ( ? , ? , ? , ? , 0 , ? , 0 , NOW() , NULL )
2023-04-12 12:42:10,350 DEBUG [com.study.domain.post.PostMapper.save] ==> Parameters: null, 571번 게시글 제목(String), 571번 게시글 내용(String), 테스터571(String), false(Boolean)
2023-04-12 12:42:10,350  INFO [jdbc.sqlonly] INSERT INTO tb_post (

          id
        , title
        , content
        , writer
        , view_cnt
        , notice_yn
        , delete_yn
        , created_date
        , modified_date

        ) VALUES (
              NULL
            , '571번 게시글 제목'
            , '571번 게시글 내용'
            , '테스터571'
            , 0
            , 0
            , 0
            , NOW()
            , NULL
        )

2023-04-12 12:42:10,351 DEBUG [com.study.domain.post.PostMapper.save] <==    Updates: 1
2023-04-12 12:42:10,351  INFO [jdbc.resultsettable] 
|----------|
|insert_id |
|----------|
|571       |
|----------|

2023-04-12 12:42:10,353 DEBUG [com.study.aop.LoggerAspect] Service ===> com.study.domain.post.PostService.savePost()
2023-04-12 12:42:10,353 DEBUG [com.study.aop.LoggerAspect] Mapper ===> com.study.domain.post.PostMapper.save()
2023-04-12 12:42:10,353 DEBUG [com.study.domain.post.PostMapper.save] ==>  Preparing: INSERT INTO tb_post ( id , title , content , writer , view_cnt , notice_yn , delete_yn , created_date , modified_date ) VALUES ( ? , ? , ? , ? , 0 , ? , 0 , NOW() , NULL )
2023-04-12 12:42:10,354 DEBUG [com.study.domain.post.PostMapper.save] ==> Parameters: null, 572번 게시글 제목(String), 572번 게시글 내용(String), 테스터572(String), false(Boolean)
2023-04-12 12:42:10,354  INFO [jdbc.sqlonly] INSERT INTO tb_post (

          id
        , title
        , content
        , writer
        , view_cnt
        , notice_yn
        , delete_yn
        , created_date
        , modified_date

        ) VALUES (
              NULL
            , '572번 게시글 제목'
            , '572번 게시글 내용'
            , '테스터572'
            , 0
            , 0
            , 0
            , NOW()
            , NULL
        )

2023-04-12 12:42:10,354 DEBUG [com.study.domain.post.PostMapper.save] <==    Updates: 1
2023-04-12 12:42:10,354  INFO [jdbc.resultsettable] 
|----------|
|insert_id |
|----------|
|572       |
|----------|

2023-04-12 12:42:10,358 DEBUG [com.study.aop.LoggerAspect] Service ===> com.study.domain.post.PostService.savePost()
2023-04-12 12:42:10,358 DEBUG [com.study.aop.LoggerAspect] Mapper ===> com.study.domain.post.PostMapper.save()
2023-04-12 12:42:10,359 DEBUG [com.study.domain.post.PostMapper.save] ==>  Preparing: INSERT INTO tb_post ( id , title , content , writer , view_cnt , notice_yn , delete_yn , created_date , modified_date ) VALUES ( ? , ? , ? , ? , 0 , ? , 0 , NOW() , NULL )
2023-04-12 12:42:10,359 DEBUG [com.study.domain.post.PostMapper.save] ==> Parameters: null, 573번 게시글 제목(String), 573번 게시글 내용(String), 테스터573(String), false(Boolean)
2023-04-12 12:42:10,359  INFO [jdbc.sqlonly] INSERT INTO tb_post (

          id
        , title
        , content
        , writer
        , view_cnt
        , notice_yn
        , delete_yn
        , created_date
        , modified_date

        ) VALUES (
              NULL
            , '573번 게시글 제목'
            , '573번 게시글 내용'
            , '테스터573'
            , 0
            , 0
            , 0
            , NOW()
            , NULL
        )

2023-04-12 12:42:10,359 DEBUG [com.study.domain.post.PostMapper.save] <==    Updates: 1
2023-04-12 12:42:10,359  INFO [jdbc.resultsettable] 
|----------|
|insert_id |
|----------|
|573       |
|----------|

2023-04-12 12:42:10,361 DEBUG [com.study.aop.LoggerAspect] Service ===> com.study.domain.post.PostService.savePost()
2023-04-12 12:42:10,362 DEBUG [com.study.aop.LoggerAspect] Mapper ===> com.study.domain.post.PostMapper.save()
2023-04-12 12:42:10,362 DEBUG [com.study.domain.post.PostMapper.save] ==>  Preparing: INSERT INTO tb_post ( id , title , content , writer , view_cnt , notice_yn , delete_yn , created_date , modified_date ) VALUES ( ? , ? , ? , ? , 0 , ? , 0 , NOW() , NULL )
2023-04-12 12:42:10,362 DEBUG [com.study.domain.post.PostMapper.save] ==> Parameters: null, 574번 게시글 제목(String), 574번 게시글 내용(String), 테스터574(String), false(Boolean)
2023-04-12 12:42:10,362  INFO [jdbc.sqlonly] INSERT INTO tb_post (

          id
        , title
        , content
        , writer
        , view_cnt
        , notice_yn
        , delete_yn
        , created_date
        , modified_date

        ) VALUES (
              NULL
            , '574번 게시글 제목'
            , '574번 게시글 내용'
            , '테스터574'
            , 0
            , 0
            , 0
            , NOW()
            , NULL
        )

2023-04-12 12:42:10,363 DEBUG [com.study.domain.post.PostMapper.save] <==    Updates: 1
2023-04-12 12:42:10,363  INFO [jdbc.resultsettable] 
|----------|
|insert_id |
|----------|
|574       |
|----------|

2023-04-12 12:42:10,366 DEBUG [com.study.aop.LoggerAspect] Service ===> com.study.domain.post.PostService.savePost()
2023-04-12 12:42:10,366 DEBUG [com.study.aop.LoggerAspect] Mapper ===> com.study.domain.post.PostMapper.save()
2023-04-12 12:42:10,366 DEBUG [com.study.domain.post.PostMapper.save] ==>  Preparing: INSERT INTO tb_post ( id , title , content , writer , view_cnt , notice_yn , delete_yn , created_date , modified_date ) VALUES ( ? , ? , ? , ? , 0 , ? , 0 , NOW() , NULL )
2023-04-12 12:42:10,367 DEBUG [com.study.domain.post.PostMapper.save] ==> Parameters: null, 575번 게시글 제목(String), 575번 게시글 내용(String), 테스터575(String), false(Boolean)
2023-04-12 12:42:10,367  INFO [jdbc.sqlonly] INSERT INTO tb_post (

          id
        , title
        , content
        , writer
        , view_cnt
        , notice_yn
        , delete_yn
        , created_date
        , modified_date

        ) VALUES (
              NULL
            , '575번 게시글 제목'
            , '575번 게시글 내용'
            , '테스터575'
            , 0
            , 0
            , 0
            , NOW()
            , NULL
        )

2023-04-12 12:42:10,367 DEBUG [com.study.domain.post.PostMapper.save] <==    Updates: 1
2023-04-12 12:42:10,367  INFO [jdbc.resultsettable] 
|----------|
|insert_id |
|----------|
|575       |
|----------|

2023-04-12 12:42:10,370 DEBUG [com.study.aop.LoggerAspect] Service ===> com.study.domain.post.PostService.savePost()
2023-04-12 12:42:10,370 DEBUG [com.study.aop.LoggerAspect] Mapper ===> com.study.domain.post.PostMapper.save()
2023-04-12 12:42:10,370 DEBUG [com.study.domain.post.PostMapper.save] ==>  Preparing: INSERT INTO tb_post ( id , title , content , writer , view_cnt , notice_yn , delete_yn , created_date , modified_date ) VALUES ( ? , ? , ? , ? , 0 , ? , 0 , NOW() , NULL )
2023-04-12 12:42:10,370 DEBUG [com.study.domain.post.PostMapper.save] ==> Parameters: null, 576번 게시글 제목(String), 576번 게시글 내용(String), 테스터576(String), false(Boolean)
2023-04-12 12:42:10,370  INFO [jdbc.sqlonly] INSERT INTO tb_post (

          id
        , title
        , content
        , writer
        , view_cnt
        , notice_yn
        , delete_yn
        , created_date
        , modified_date

        ) VALUES (
              NULL
            , '576번 게시글 제목'
            , '576번 게시글 내용'
            , '테스터576'
            , 0
            , 0
            , 0
            , NOW()
            , NULL
        )

2023-04-12 12:42:10,371 DEBUG [com.study.domain.post.PostMapper.save] <==    Updates: 1
2023-04-12 12:42:10,371  INFO [jdbc.resultsettable] 
|----------|
|insert_id |
|----------|
|576       |
|----------|

2023-04-12 12:42:10,375 DEBUG [com.study.aop.LoggerAspect] Service ===> com.study.domain.post.PostService.savePost()
2023-04-12 12:42:10,375 DEBUG [com.study.aop.LoggerAspect] Mapper ===> com.study.domain.post.PostMapper.save()
2023-04-12 12:42:10,375 DEBUG [com.study.domain.post.PostMapper.save] ==>  Preparing: INSERT INTO tb_post ( id , title , content , writer , view_cnt , notice_yn , delete_yn , created_date , modified_date ) VALUES ( ? , ? , ? , ? , 0 , ? , 0 , NOW() , NULL )
2023-04-12 12:42:10,375 DEBUG [com.study.domain.post.PostMapper.save] ==> Parameters: null, 577번 게시글 제목(String), 577번 게시글 내용(String), 테스터577(String), false(Boolean)
2023-04-12 12:42:10,375  INFO [jdbc.sqlonly] INSERT INTO tb_post (

          id
        , title
        , content
        , writer
        , view_cnt
        , notice_yn
        , delete_yn
        , created_date
        , modified_date

        ) VALUES (
              NULL
            , '577번 게시글 제목'
            , '577번 게시글 내용'
            , '테스터577'
            , 0
            , 0
            , 0
            , NOW()
            , NULL
        )

2023-04-12 12:42:10,376 DEBUG [com.study.domain.post.PostMapper.save] <==    Updates: 1
2023-04-12 12:42:10,377  INFO [jdbc.resultsettable] 
|----------|
|insert_id |
|----------|
|577       |
|----------|

2023-04-12 12:42:10,379 DEBUG [com.study.aop.LoggerAspect] Service ===> com.study.domain.post.PostService.savePost()
2023-04-12 12:42:10,379 DEBUG [com.study.aop.LoggerAspect] Mapper ===> com.study.domain.post.PostMapper.save()
2023-04-12 12:42:10,379 DEBUG [com.study.domain.post.PostMapper.save] ==>  Preparing: INSERT INTO tb_post ( id , title , content , writer , view_cnt , notice_yn , delete_yn , created_date , modified_date ) VALUES ( ? , ? , ? , ? , 0 , ? , 0 , NOW() , NULL )
2023-04-12 12:42:10,380 DEBUG [com.study.domain.post.PostMapper.save] ==> Parameters: null, 578번 게시글 제목(String), 578번 게시글 내용(String), 테스터578(String), false(Boolean)
2023-04-12 12:42:10,380  INFO [jdbc.sqlonly] INSERT INTO tb_post (

          id
        , title
        , content
        , writer
        , view_cnt
        , notice_yn
        , delete_yn
        , created_date
        , modified_date

        ) VALUES (
              NULL
            , '578번 게시글 제목'
            , '578번 게시글 내용'
            , '테스터578'
            , 0
            , 0
            , 0
            , NOW()
            , NULL
        )

2023-04-12 12:42:10,390 DEBUG [com.study.domain.post.PostMapper.save] <==    Updates: 1
2023-04-12 12:42:10,390  INFO [jdbc.resultsettable] 
|----------|
|insert_id |
|----------|
|578       |
|----------|

2023-04-12 12:42:10,392 DEBUG [com.study.aop.LoggerAspect] Service ===> com.study.domain.post.PostService.savePost()
2023-04-12 12:42:10,392 DEBUG [com.study.aop.LoggerAspect] Mapper ===> com.study.domain.post.PostMapper.save()
2023-04-12 12:42:10,392 DEBUG [com.study.domain.post.PostMapper.save] ==>  Preparing: INSERT INTO tb_post ( id , title , content , writer , view_cnt , notice_yn , delete_yn , created_date , modified_date ) VALUES ( ? , ? , ? , ? , 0 , ? , 0 , NOW() , NULL )
2023-04-12 12:42:10,392 DEBUG [com.study.domain.post.PostMapper.save] ==> Parameters: null, 579번 게시글 제목(String), 579번 게시글 내용(String), 테스터579(String), false(Boolean)
2023-04-12 12:42:10,392  INFO [jdbc.sqlonly] INSERT INTO tb_post (

          id
        , title
        , content
        , writer
        , view_cnt
        , notice_yn
        , delete_yn
        , created_date
        , modified_date

        ) VALUES (
              NULL
            , '579번 게시글 제목'
            , '579번 게시글 내용'
            , '테스터579'
            , 0
            , 0
            , 0
            , NOW()
            , NULL
        )

2023-04-12 12:42:10,393 DEBUG [com.study.domain.post.PostMapper.save] <==    Updates: 1
2023-04-12 12:42:10,393  INFO [jdbc.resultsettable] 
|----------|
|insert_id |
|----------|
|579       |
|----------|

2023-04-12 12:42:10,394 DEBUG [com.study.aop.LoggerAspect] Service ===> com.study.domain.post.PostService.savePost()
2023-04-12 12:42:10,395 DEBUG [com.study.aop.LoggerAspect] Mapper ===> com.study.domain.post.PostMapper.save()
2023-04-12 12:42:10,395 DEBUG [com.study.domain.post.PostMapper.save] ==>  Preparing: INSERT INTO tb_post ( id , title , content , writer , view_cnt , notice_yn , delete_yn , created_date , modified_date ) VALUES ( ? , ? , ? , ? , 0 , ? , 0 , NOW() , NULL )
2023-04-12 12:42:10,395 DEBUG [com.study.domain.post.PostMapper.save] ==> Parameters: null, 580번 게시글 제목(String), 580번 게시글 내용(String), 테스터580(String), false(Boolean)
2023-04-12 12:42:10,395  INFO [jdbc.sqlonly] INSERT INTO tb_post (

          id
        , title
        , content
        , writer
        , view_cnt
        , notice_yn
        , delete_yn
        , created_date
        , modified_date

        ) VALUES (
              NULL
            , '580번 게시글 제목'
            , '580번 게시글 내용'
            , '테스터580'
            , 0
            , 0
            , 0
            , NOW()
            , NULL
        )

2023-04-12 12:42:10,395 DEBUG [com.study.domain.post.PostMapper.save] <==    Updates: 1
2023-04-12 12:42:10,396  INFO [jdbc.resultsettable] 
|----------|
|insert_id |
|----------|
|580       |
|----------|

2023-04-12 12:42:10,398 DEBUG [com.study.aop.LoggerAspect] Service ===> com.study.domain.post.PostService.savePost()
2023-04-12 12:42:10,398 DEBUG [com.study.aop.LoggerAspect] Mapper ===> com.study.domain.post.PostMapper.save()
2023-04-12 12:42:10,398 DEBUG [com.study.domain.post.PostMapper.save] ==>  Preparing: INSERT INTO tb_post ( id , title , content , writer , view_cnt , notice_yn , delete_yn , created_date , modified_date ) VALUES ( ? , ? , ? , ? , 0 , ? , 0 , NOW() , NULL )
2023-04-12 12:42:10,398 DEBUG [com.study.domain.post.PostMapper.save] ==> Parameters: null, 581번 게시글 제목(String), 581번 게시글 내용(String), 테스터581(String), false(Boolean)
2023-04-12 12:42:10,398  INFO [jdbc.sqlonly] INSERT INTO tb_post (

          id
        , title
        , content
        , writer
        , view_cnt
        , notice_yn
        , delete_yn
        , created_date
        , modified_date

        ) VALUES (
              NULL
            , '581번 게시글 제목'
            , '581번 게시글 내용'
            , '테스터581'
            , 0
            , 0
            , 0
            , NOW()
            , NULL
        )

2023-04-12 12:42:10,399 DEBUG [com.study.domain.post.PostMapper.save] <==    Updates: 1
2023-04-12 12:42:10,399  INFO [jdbc.resultsettable] 
|----------|
|insert_id |
|----------|
|581       |
|----------|

2023-04-12 12:42:10,401 DEBUG [com.study.aop.LoggerAspect] Service ===> com.study.domain.post.PostService.savePost()
2023-04-12 12:42:10,401 DEBUG [com.study.aop.LoggerAspect] Mapper ===> com.study.domain.post.PostMapper.save()
2023-04-12 12:42:10,401 DEBUG [com.study.domain.post.PostMapper.save] ==>  Preparing: INSERT INTO tb_post ( id , title , content , writer , view_cnt , notice_yn , delete_yn , created_date , modified_date ) VALUES ( ? , ? , ? , ? , 0 , ? , 0 , NOW() , NULL )
2023-04-12 12:42:10,401 DEBUG [com.study.domain.post.PostMapper.save] ==> Parameters: null, 582번 게시글 제목(String), 582번 게시글 내용(String), 테스터582(String), false(Boolean)
2023-04-12 12:42:10,401  INFO [jdbc.sqlonly] INSERT INTO tb_post (

          id
        , title
        , content
        , writer
        , view_cnt
        , notice_yn
        , delete_yn
        , created_date
        , modified_date

        ) VALUES (
              NULL
            , '582번 게시글 제목'
            , '582번 게시글 내용'
            , '테스터582'
            , 0
            , 0
            , 0
            , NOW()
            , NULL
        )

2023-04-12 12:42:10,402 DEBUG [com.study.domain.post.PostMapper.save] <==    Updates: 1
2023-04-12 12:42:10,402  INFO [jdbc.resultsettable] 
|----------|
|insert_id |
|----------|
|582       |
|----------|

2023-04-12 12:42:10,403 DEBUG [com.study.aop.LoggerAspect] Service ===> com.study.domain.post.PostService.savePost()
2023-04-12 12:42:10,403 DEBUG [com.study.aop.LoggerAspect] Mapper ===> com.study.domain.post.PostMapper.save()
2023-04-12 12:42:10,403 DEBUG [com.study.domain.post.PostMapper.save] ==>  Preparing: INSERT INTO tb_post ( id , title , content , writer , view_cnt , notice_yn , delete_yn , created_date , modified_date ) VALUES ( ? , ? , ? , ? , 0 , ? , 0 , NOW() , NULL )
2023-04-12 12:42:10,404 DEBUG [com.study.domain.post.PostMapper.save] ==> Parameters: null, 583번 게시글 제목(String), 583번 게시글 내용(String), 테스터583(String), false(Boolean)
2023-04-12 12:42:10,404  INFO [jdbc.sqlonly] INSERT INTO tb_post (

          id
        , title
        , content
        , writer
        , view_cnt
        , notice_yn
        , delete_yn
        , created_date
        , modified_date

        ) VALUES (
              NULL
            , '583번 게시글 제목'
            , '583번 게시글 내용'
            , '테스터583'
            , 0
            , 0
            , 0
            , NOW()
            , NULL
        )

2023-04-12 12:42:10,404 DEBUG [com.study.domain.post.PostMapper.save] <==    Updates: 1
2023-04-12 12:42:10,404  INFO [jdbc.resultsettable] 
|----------|
|insert_id |
|----------|
|583       |
|----------|

2023-04-12 12:42:10,406 DEBUG [com.study.aop.LoggerAspect] Service ===> com.study.domain.post.PostService.savePost()
2023-04-12 12:42:10,406 DEBUG [com.study.aop.LoggerAspect] Mapper ===> com.study.domain.post.PostMapper.save()
2023-04-12 12:42:10,407 DEBUG [com.study.domain.post.PostMapper.save] ==>  Preparing: INSERT INTO tb_post ( id , title , content , writer , view_cnt , notice_yn , delete_yn , created_date , modified_date ) VALUES ( ? , ? , ? , ? , 0 , ? , 0 , NOW() , NULL )
2023-04-12 12:42:10,407 DEBUG [com.study.domain.post.PostMapper.save] ==> Parameters: null, 584번 게시글 제목(String), 584번 게시글 내용(String), 테스터584(String), false(Boolean)
2023-04-12 12:42:10,407  INFO [jdbc.sqlonly] INSERT INTO tb_post (

          id
        , title
        , content
        , writer
        , view_cnt
        , notice_yn
        , delete_yn
        , created_date
        , modified_date

        ) VALUES (
              NULL
            , '584번 게시글 제목'
            , '584번 게시글 내용'
            , '테스터584'
            , 0
            , 0
            , 0
            , NOW()
            , NULL
        )

2023-04-12 12:42:10,407 DEBUG [com.study.domain.post.PostMapper.save] <==    Updates: 1
2023-04-12 12:42:10,407  INFO [jdbc.resultsettable] 
|----------|
|insert_id |
|----------|
|584       |
|----------|

2023-04-12 12:42:10,409 DEBUG [com.study.aop.LoggerAspect] Service ===> com.study.domain.post.PostService.savePost()
2023-04-12 12:42:10,409 DEBUG [com.study.aop.LoggerAspect] Mapper ===> com.study.domain.post.PostMapper.save()
2023-04-12 12:42:10,409 DEBUG [com.study.domain.post.PostMapper.save] ==>  Preparing: INSERT INTO tb_post ( id , title , content , writer , view_cnt , notice_yn , delete_yn , created_date , modified_date ) VALUES ( ? , ? , ? , ? , 0 , ? , 0 , NOW() , NULL )
2023-04-12 12:42:10,409 DEBUG [com.study.domain.post.PostMapper.save] ==> Parameters: null, 585번 게시글 제목(String), 585번 게시글 내용(String), 테스터585(String), false(Boolean)
2023-04-12 12:42:10,409  INFO [jdbc.sqlonly] INSERT INTO tb_post (

          id
        , title
        , content
        , writer
        , view_cnt
        , notice_yn
        , delete_yn
        , created_date
        , modified_date

        ) VALUES (
              NULL
            , '585번 게시글 제목'
            , '585번 게시글 내용'
            , '테스터585'
            , 0
            , 0
            , 0
            , NOW()
            , NULL
        )

2023-04-12 12:42:10,410 DEBUG [com.study.domain.post.PostMapper.save] <==    Updates: 1
2023-04-12 12:42:10,410  INFO [jdbc.resultsettable] 
|----------|
|insert_id |
|----------|
|585       |
|----------|

2023-04-12 12:42:10,412 DEBUG [com.study.aop.LoggerAspect] Service ===> com.study.domain.post.PostService.savePost()
2023-04-12 12:42:10,412 DEBUG [com.study.aop.LoggerAspect] Mapper ===> com.study.domain.post.PostMapper.save()
2023-04-12 12:42:10,412 DEBUG [com.study.domain.post.PostMapper.save] ==>  Preparing: INSERT INTO tb_post ( id , title , content , writer , view_cnt , notice_yn , delete_yn , created_date , modified_date ) VALUES ( ? , ? , ? , ? , 0 , ? , 0 , NOW() , NULL )
2023-04-12 12:42:10,412 DEBUG [com.study.domain.post.PostMapper.save] ==> Parameters: null, 586번 게시글 제목(String), 586번 게시글 내용(String), 테스터586(String), false(Boolean)
2023-04-12 12:42:10,412  INFO [jdbc.sqlonly] INSERT INTO tb_post (

          id
        , title
        , content
        , writer
        , view_cnt
        , notice_yn
        , delete_yn
        , created_date
        , modified_date

        ) VALUES (
              NULL
            , '586번 게시글 제목'
            , '586번 게시글 내용'
            , '테스터586'
            , 0
            , 0
            , 0
            , NOW()
            , NULL
        )

2023-04-12 12:42:10,413 DEBUG [com.study.domain.post.PostMapper.save] <==    Updates: 1
2023-04-12 12:42:10,413  INFO [jdbc.resultsettable] 
|----------|
|insert_id |
|----------|
|586       |
|----------|

2023-04-12 12:42:10,415 DEBUG [com.study.aop.LoggerAspect] Service ===> com.study.domain.post.PostService.savePost()
2023-04-12 12:42:10,415 DEBUG [com.study.aop.LoggerAspect] Mapper ===> com.study.domain.post.PostMapper.save()
2023-04-12 12:42:10,415 DEBUG [com.study.domain.post.PostMapper.save] ==>  Preparing: INSERT INTO tb_post ( id , title , content , writer , view_cnt , notice_yn , delete_yn , created_date , modified_date ) VALUES ( ? , ? , ? , ? , 0 , ? , 0 , NOW() , NULL )
2023-04-12 12:42:10,415 DEBUG [com.study.domain.post.PostMapper.save] ==> Parameters: null, 587번 게시글 제목(String), 587번 게시글 내용(String), 테스터587(String), false(Boolean)
2023-04-12 12:42:10,415  INFO [jdbc.sqlonly] INSERT INTO tb_post (

          id
        , title
        , content
        , writer
        , view_cnt
        , notice_yn
        , delete_yn
        , created_date
        , modified_date

        ) VALUES (
              NULL
            , '587번 게시글 제목'
            , '587번 게시글 내용'
            , '테스터587'
            , 0
            , 0
            , 0
            , NOW()
            , NULL
        )

2023-04-12 12:42:10,415 DEBUG [com.study.domain.post.PostMapper.save] <==    Updates: 1
2023-04-12 12:42:10,416  INFO [jdbc.resultsettable] 
|----------|
|insert_id |
|----------|
|587       |
|----------|

2023-04-12 12:42:10,417 DEBUG [com.study.aop.LoggerAspect] Service ===> com.study.domain.post.PostService.savePost()
2023-04-12 12:42:10,418 DEBUG [com.study.aop.LoggerAspect] Mapper ===> com.study.domain.post.PostMapper.save()
2023-04-12 12:42:10,418 DEBUG [com.study.domain.post.PostMapper.save] ==>  Preparing: INSERT INTO tb_post ( id , title , content , writer , view_cnt , notice_yn , delete_yn , created_date , modified_date ) VALUES ( ? , ? , ? , ? , 0 , ? , 0 , NOW() , NULL )
2023-04-12 12:42:10,418 DEBUG [com.study.domain.post.PostMapper.save] ==> Parameters: null, 588번 게시글 제목(String), 588번 게시글 내용(String), 테스터588(String), false(Boolean)
2023-04-12 12:42:10,418  INFO [jdbc.sqlonly] INSERT INTO tb_post (

          id
        , title
        , content
        , writer
        , view_cnt
        , notice_yn
        , delete_yn
        , created_date
        , modified_date

        ) VALUES (
              NULL
            , '588번 게시글 제목'
            , '588번 게시글 내용'
            , '테스터588'
            , 0
            , 0
            , 0
            , NOW()
            , NULL
        )

2023-04-12 12:42:10,418 DEBUG [com.study.domain.post.PostMapper.save] <==    Updates: 1
2023-04-12 12:42:10,418  INFO [jdbc.resultsettable] 
|----------|
|insert_id |
|----------|
|588       |
|----------|

2023-04-12 12:42:10,427 DEBUG [com.study.aop.LoggerAspect] Service ===> com.study.domain.post.PostService.savePost()
2023-04-12 12:42:10,427 DEBUG [com.study.aop.LoggerAspect] Mapper ===> com.study.domain.post.PostMapper.save()
2023-04-12 12:42:10,427 DEBUG [com.study.domain.post.PostMapper.save] ==>  Preparing: INSERT INTO tb_post ( id , title , content , writer , view_cnt , notice_yn , delete_yn , created_date , modified_date ) VALUES ( ? , ? , ? , ? , 0 , ? , 0 , NOW() , NULL )
2023-04-12 12:42:10,427 DEBUG [com.study.domain.post.PostMapper.save] ==> Parameters: null, 589번 게시글 제목(String), 589번 게시글 내용(String), 테스터589(String), false(Boolean)
2023-04-12 12:42:10,427  INFO [jdbc.sqlonly] INSERT INTO tb_post (

          id
        , title
        , content
        , writer
        , view_cnt
        , notice_yn
        , delete_yn
        , created_date
        , modified_date

        ) VALUES (
              NULL
            , '589번 게시글 제목'
            , '589번 게시글 내용'
            , '테스터589'
            , 0
            , 0
            , 0
            , NOW()
            , NULL
        )

2023-04-12 12:42:10,428 DEBUG [com.study.domain.post.PostMapper.save] <==    Updates: 1
2023-04-12 12:42:10,428  INFO [jdbc.resultsettable] 
|----------|
|insert_id |
|----------|
|589       |
|----------|

2023-04-12 12:42:10,430 DEBUG [com.study.aop.LoggerAspect] Service ===> com.study.domain.post.PostService.savePost()
2023-04-12 12:42:10,430 DEBUG [com.study.aop.LoggerAspect] Mapper ===> com.study.domain.post.PostMapper.save()
2023-04-12 12:42:10,430 DEBUG [com.study.domain.post.PostMapper.save] ==>  Preparing: INSERT INTO tb_post ( id , title , content , writer , view_cnt , notice_yn , delete_yn , created_date , modified_date ) VALUES ( ? , ? , ? , ? , 0 , ? , 0 , NOW() , NULL )
2023-04-12 12:42:10,430 DEBUG [com.study.domain.post.PostMapper.save] ==> Parameters: null, 590번 게시글 제목(String), 590번 게시글 내용(String), 테스터590(String), false(Boolean)
2023-04-12 12:42:10,430  INFO [jdbc.sqlonly] INSERT INTO tb_post (

          id
        , title
        , content
        , writer
        , view_cnt
        , notice_yn
        , delete_yn
        , created_date
        , modified_date

        ) VALUES (
              NULL
            , '590번 게시글 제목'
            , '590번 게시글 내용'
            , '테스터590'
            , 0
            , 0
            , 0
            , NOW()
            , NULL
        )

2023-04-12 12:42:10,430 DEBUG [com.study.domain.post.PostMapper.save] <==    Updates: 1
2023-04-12 12:42:10,431  INFO [jdbc.resultsettable] 
|----------|
|insert_id |
|----------|
|590       |
|----------|

2023-04-12 12:42:10,453 DEBUG [com.study.aop.LoggerAspect] Service ===> com.study.domain.post.PostService.savePost()
2023-04-12 12:42:10,453 DEBUG [com.study.aop.LoggerAspect] Mapper ===> com.study.domain.post.PostMapper.save()
2023-04-12 12:42:10,453 DEBUG [com.study.domain.post.PostMapper.save] ==>  Preparing: INSERT INTO tb_post ( id , title , content , writer , view_cnt , notice_yn , delete_yn , created_date , modified_date ) VALUES ( ? , ? , ? , ? , 0 , ? , 0 , NOW() , NULL )
2023-04-12 12:42:10,453 DEBUG [com.study.domain.post.PostMapper.save] ==> Parameters: null, 591번 게시글 제목(String), 591번 게시글 내용(String), 테스터591(String), false(Boolean)
2023-04-12 12:42:10,453  INFO [jdbc.sqlonly] INSERT INTO tb_post (

          id
        , title
        , content
        , writer
        , view_cnt
        , notice_yn
        , delete_yn
        , created_date
        , modified_date

        ) VALUES (
              NULL
            , '591번 게시글 제목'
            , '591번 게시글 내용'
            , '테스터591'
            , 0
            , 0
            , 0
            , NOW()
            , NULL
        )

2023-04-12 12:42:10,453 DEBUG [com.study.domain.post.PostMapper.save] <==    Updates: 1
2023-04-12 12:42:10,453  INFO [jdbc.resultsettable] 
|----------|
|insert_id |
|----------|
|591       |
|----------|

2023-04-12 12:42:10,455 DEBUG [com.study.aop.LoggerAspect] Service ===> com.study.domain.post.PostService.savePost()
2023-04-12 12:42:10,455 DEBUG [com.study.aop.LoggerAspect] Mapper ===> com.study.domain.post.PostMapper.save()
2023-04-12 12:42:10,455 DEBUG [com.study.domain.post.PostMapper.save] ==>  Preparing: INSERT INTO tb_post ( id , title , content , writer , view_cnt , notice_yn , delete_yn , created_date , modified_date ) VALUES ( ? , ? , ? , ? , 0 , ? , 0 , NOW() , NULL )
2023-04-12 12:42:10,455 DEBUG [com.study.domain.post.PostMapper.save] ==> Parameters: null, 592번 게시글 제목(String), 592번 게시글 내용(String), 테스터592(String), false(Boolean)
2023-04-12 12:42:10,455  INFO [jdbc.sqlonly] INSERT INTO tb_post (

          id
        , title
        , content
        , writer
        , view_cnt
        , notice_yn
        , delete_yn
        , created_date
        , modified_date

        ) VALUES (
              NULL
            , '592번 게시글 제목'
            , '592번 게시글 내용'
            , '테스터592'
            , 0
            , 0
            , 0
            , NOW()
            , NULL
        )

2023-04-12 12:42:10,456 DEBUG [com.study.domain.post.PostMapper.save] <==    Updates: 1
2023-04-12 12:42:10,456  INFO [jdbc.resultsettable] 
|----------|
|insert_id |
|----------|
|592       |
|----------|

2023-04-12 12:42:10,457 DEBUG [com.study.aop.LoggerAspect] Service ===> com.study.domain.post.PostService.savePost()
2023-04-12 12:42:10,458 DEBUG [com.study.aop.LoggerAspect] Mapper ===> com.study.domain.post.PostMapper.save()
2023-04-12 12:42:10,458 DEBUG [com.study.domain.post.PostMapper.save] ==>  Preparing: INSERT INTO tb_post ( id , title , content , writer , view_cnt , notice_yn , delete_yn , created_date , modified_date ) VALUES ( ? , ? , ? , ? , 0 , ? , 0 , NOW() , NULL )
2023-04-12 12:42:10,458 DEBUG [com.study.domain.post.PostMapper.save] ==> Parameters: null, 593번 게시글 제목(String), 593번 게시글 내용(String), 테스터593(String), false(Boolean)
2023-04-12 12:42:10,458  INFO [jdbc.sqlonly] INSERT INTO tb_post (

          id
        , title
        , content
        , writer
        , view_cnt
        , notice_yn
        , delete_yn
        , created_date
        , modified_date

        ) VALUES (
              NULL
            , '593번 게시글 제목'
            , '593번 게시글 내용'
            , '테스터593'
            , 0
            , 0
            , 0
            , NOW()
            , NULL
        )

2023-04-12 12:42:10,458 DEBUG [com.study.domain.post.PostMapper.save] <==    Updates: 1
2023-04-12 12:42:10,458  INFO [jdbc.resultsettable] 
|----------|
|insert_id |
|----------|
|593       |
|----------|

2023-04-12 12:42:10,460 DEBUG [com.study.aop.LoggerAspect] Service ===> com.study.domain.post.PostService.savePost()
2023-04-12 12:42:10,460 DEBUG [com.study.aop.LoggerAspect] Mapper ===> com.study.domain.post.PostMapper.save()
2023-04-12 12:42:10,460 DEBUG [com.study.domain.post.PostMapper.save] ==>  Preparing: INSERT INTO tb_post ( id , title , content , writer , view_cnt , notice_yn , delete_yn , created_date , modified_date ) VALUES ( ? , ? , ? , ? , 0 , ? , 0 , NOW() , NULL )
2023-04-12 12:42:10,460 DEBUG [com.study.domain.post.PostMapper.save] ==> Parameters: null, 594번 게시글 제목(String), 594번 게시글 내용(String), 테스터594(String), false(Boolean)
2023-04-12 12:42:10,460  INFO [jdbc.sqlonly] INSERT INTO tb_post (

          id
        , title
        , content
        , writer
        , view_cnt
        , notice_yn
        , delete_yn
        , created_date
        , modified_date

        ) VALUES (
              NULL
            , '594번 게시글 제목'
            , '594번 게시글 내용'
            , '테스터594'
            , 0
            , 0
            , 0
            , NOW()
            , NULL
        )

2023-04-12 12:42:10,460 DEBUG [com.study.domain.post.PostMapper.save] <==    Updates: 1
2023-04-12 12:42:10,460  INFO [jdbc.resultsettable] 
|----------|
|insert_id |
|----------|
|594       |
|----------|

2023-04-12 12:42:10,462 DEBUG [com.study.aop.LoggerAspect] Service ===> com.study.domain.post.PostService.savePost()
2023-04-12 12:42:10,462 DEBUG [com.study.aop.LoggerAspect] Mapper ===> com.study.domain.post.PostMapper.save()
2023-04-12 12:42:10,462 DEBUG [com.study.domain.post.PostMapper.save] ==>  Preparing: INSERT INTO tb_post ( id , title , content , writer , view_cnt , notice_yn , delete_yn , created_date , modified_date ) VALUES ( ? , ? , ? , ? , 0 , ? , 0 , NOW() , NULL )
2023-04-12 12:42:10,462 DEBUG [com.study.domain.post.PostMapper.save] ==> Parameters: null, 595번 게시글 제목(String), 595번 게시글 내용(String), 테스터595(String), false(Boolean)
2023-04-12 12:42:10,462  INFO [jdbc.sqlonly] INSERT INTO tb_post (

          id
        , title
        , content
        , writer
        , view_cnt
        , notice_yn
        , delete_yn
        , created_date
        , modified_date

        ) VALUES (
              NULL
            , '595번 게시글 제목'
            , '595번 게시글 내용'
            , '테스터595'
            , 0
            , 0
            , 0
            , NOW()
            , NULL
        )

2023-04-12 12:42:10,463 DEBUG [com.study.domain.post.PostMapper.save] <==    Updates: 1
2023-04-12 12:42:10,463  INFO [jdbc.resultsettable] 
|----------|
|insert_id |
|----------|
|595       |
|----------|

2023-04-12 12:42:10,464 DEBUG [com.study.aop.LoggerAspect] Service ===> com.study.domain.post.PostService.savePost()
2023-04-12 12:42:10,464 DEBUG [com.study.aop.LoggerAspect] Mapper ===> com.study.domain.post.PostMapper.save()
2023-04-12 12:42:10,465 DEBUG [com.study.domain.post.PostMapper.save] ==>  Preparing: INSERT INTO tb_post ( id , title , content , writer , view_cnt , notice_yn , delete_yn , created_date , modified_date ) VALUES ( ? , ? , ? , ? , 0 , ? , 0 , NOW() , NULL )
2023-04-12 12:42:10,465 DEBUG [com.study.domain.post.PostMapper.save] ==> Parameters: null, 596번 게시글 제목(String), 596번 게시글 내용(String), 테스터596(String), false(Boolean)
2023-04-12 12:42:10,465  INFO [jdbc.sqlonly] INSERT INTO tb_post (

          id
        , title
        , content
        , writer
        , view_cnt
        , notice_yn
        , delete_yn
        , created_date
        , modified_date

        ) VALUES (
              NULL
            , '596번 게시글 제목'
            , '596번 게시글 내용'
            , '테스터596'
            , 0
            , 0
            , 0
            , NOW()
            , NULL
        )

2023-04-12 12:42:10,465 DEBUG [com.study.domain.post.PostMapper.save] <==    Updates: 1
2023-04-12 12:42:10,465  INFO [jdbc.resultsettable] 
|----------|
|insert_id |
|----------|
|596       |
|----------|

2023-04-12 12:42:10,467 DEBUG [com.study.aop.LoggerAspect] Service ===> com.study.domain.post.PostService.savePost()
2023-04-12 12:42:10,467 DEBUG [com.study.aop.LoggerAspect] Mapper ===> com.study.domain.post.PostMapper.save()
2023-04-12 12:42:10,467 DEBUG [com.study.domain.post.PostMapper.save] ==>  Preparing: INSERT INTO tb_post ( id , title , content , writer , view_cnt , notice_yn , delete_yn , created_date , modified_date ) VALUES ( ? , ? , ? , ? , 0 , ? , 0 , NOW() , NULL )
2023-04-12 12:42:10,467 DEBUG [com.study.domain.post.PostMapper.save] ==> Parameters: null, 597번 게시글 제목(String), 597번 게시글 내용(String), 테스터597(String), false(Boolean)
2023-04-12 12:42:10,467  INFO [jdbc.sqlonly] INSERT INTO tb_post (

          id
        , title
        , content
        , writer
        , view_cnt
        , notice_yn
        , delete_yn
        , created_date
        , modified_date

        ) VALUES (
              NULL
            , '597번 게시글 제목'
            , '597번 게시글 내용'
            , '테스터597'
            , 0
            , 0
            , 0
            , NOW()
            , NULL
        )

2023-04-12 12:42:10,467 DEBUG [com.study.domain.post.PostMapper.save] <==    Updates: 1
2023-04-12 12:42:10,467  INFO [jdbc.resultsettable] 
|----------|
|insert_id |
|----------|
|597       |
|----------|

2023-04-12 12:42:10,469 DEBUG [com.study.aop.LoggerAspect] Service ===> com.study.domain.post.PostService.savePost()
2023-04-12 12:42:10,469 DEBUG [com.study.aop.LoggerAspect] Mapper ===> com.study.domain.post.PostMapper.save()
2023-04-12 12:42:10,469 DEBUG [com.study.domain.post.PostMapper.save] ==>  Preparing: INSERT INTO tb_post ( id , title , content , writer , view_cnt , notice_yn , delete_yn , created_date , modified_date ) VALUES ( ? , ? , ? , ? , 0 , ? , 0 , NOW() , NULL )
2023-04-12 12:42:10,469 DEBUG [com.study.domain.post.PostMapper.save] ==> Parameters: null, 598번 게시글 제목(String), 598번 게시글 내용(String), 테스터598(String), false(Boolean)
2023-04-12 12:42:10,469  INFO [jdbc.sqlonly] INSERT INTO tb_post (

          id
        , title
        , content
        , writer
        , view_cnt
        , notice_yn
        , delete_yn
        , created_date
        , modified_date

        ) VALUES (
              NULL
            , '598번 게시글 제목'
            , '598번 게시글 내용'
            , '테스터598'
            , 0
            , 0
            , 0
            , NOW()
            , NULL
        )

2023-04-12 12:42:10,470 DEBUG [com.study.domain.post.PostMapper.save] <==    Updates: 1
2023-04-12 12:42:10,470  INFO [jdbc.resultsettable] 
|----------|
|insert_id |
|----------|
|598       |
|----------|

2023-04-12 12:42:10,473 DEBUG [com.study.aop.LoggerAspect] Service ===> com.study.domain.post.PostService.savePost()
2023-04-12 12:42:10,473 DEBUG [com.study.aop.LoggerAspect] Mapper ===> com.study.domain.post.PostMapper.save()
2023-04-12 12:42:10,473 DEBUG [com.study.domain.post.PostMapper.save] ==>  Preparing: INSERT INTO tb_post ( id , title , content , writer , view_cnt , notice_yn , delete_yn , created_date , modified_date ) VALUES ( ? , ? , ? , ? , 0 , ? , 0 , NOW() , NULL )
2023-04-12 12:42:10,473 DEBUG [com.study.domain.post.PostMapper.save] ==> Parameters: null, 599번 게시글 제목(String), 599번 게시글 내용(String), 테스터599(String), false(Boolean)
2023-04-12 12:42:10,473  INFO [jdbc.sqlonly] INSERT INTO tb_post (

          id
        , title
        , content
        , writer
        , view_cnt
        , notice_yn
        , delete_yn
        , created_date
        , modified_date

        ) VALUES (
              NULL
            , '599번 게시글 제목'
            , '599번 게시글 내용'
            , '테스터599'
            , 0
            , 0
            , 0
            , NOW()
            , NULL
        )

2023-04-12 12:42:10,474 DEBUG [com.study.domain.post.PostMapper.save] <==    Updates: 1
2023-04-12 12:42:10,474  INFO [jdbc.resultsettable] 
|----------|
|insert_id |
|----------|
|599       |
|----------|

2023-04-12 12:42:10,475 DEBUG [com.study.aop.LoggerAspect] Service ===> com.study.domain.post.PostService.savePost()
2023-04-12 12:42:10,476 DEBUG [com.study.aop.LoggerAspect] Mapper ===> com.study.domain.post.PostMapper.save()
2023-04-12 12:42:10,476 DEBUG [com.study.domain.post.PostMapper.save] ==>  Preparing: INSERT INTO tb_post ( id , title , content , writer , view_cnt , notice_yn , delete_yn , created_date , modified_date ) VALUES ( ? , ? , ? , ? , 0 , ? , 0 , NOW() , NULL )
2023-04-12 12:42:10,476 DEBUG [com.study.domain.post.PostMapper.save] ==> Parameters: null, 600번 게시글 제목(String), 600번 게시글 내용(String), 테스터600(String), false(Boolean)
2023-04-12 12:42:10,476  INFO [jdbc.sqlonly] INSERT INTO tb_post (

          id
        , title
        , content
        , writer
        , view_cnt
        , notice_yn
        , delete_yn
        , created_date
        , modified_date

        ) VALUES (
              NULL
            , '600번 게시글 제목'
            , '600번 게시글 내용'
            , '테스터600'
            , 0
            , 0
            , 0
            , NOW()
            , NULL
        )

2023-04-12 12:42:10,476 DEBUG [com.study.domain.post.PostMapper.save] <==    Updates: 1
2023-04-12 12:42:10,476  INFO [jdbc.resultsettable] 
|----------|
|insert_id |
|----------|
|600       |
|----------|

2023-04-12 12:42:10,478 DEBUG [com.study.aop.LoggerAspect] Service ===> com.study.domain.post.PostService.savePost()
2023-04-12 12:42:10,478 DEBUG [com.study.aop.LoggerAspect] Mapper ===> com.study.domain.post.PostMapper.save()
2023-04-12 12:42:10,478 DEBUG [com.study.domain.post.PostMapper.save] ==>  Preparing: INSERT INTO tb_post ( id , title , content , writer , view_cnt , notice_yn , delete_yn , created_date , modified_date ) VALUES ( ? , ? , ? , ? , 0 , ? , 0 , NOW() , NULL )
2023-04-12 12:42:10,478 DEBUG [com.study.domain.post.PostMapper.save] ==> Parameters: null, 601번 게시글 제목(String), 601번 게시글 내용(String), 테스터601(String), false(Boolean)
2023-04-12 12:42:10,478  INFO [jdbc.sqlonly] INSERT INTO tb_post (

          id
        , title
        , content
        , writer
        , view_cnt
        , notice_yn
        , delete_yn
        , created_date
        , modified_date

        ) VALUES (
              NULL
            , '601번 게시글 제목'
            , '601번 게시글 내용'
            , '테스터601'
            , 0
            , 0
            , 0
            , NOW()
            , NULL
        )

2023-04-12 12:42:10,479 DEBUG [com.study.domain.post.PostMapper.save] <==    Updates: 1
2023-04-12 12:42:10,484  INFO [jdbc.resultsettable] 
|----------|
|insert_id |
|----------|
|601       |
|----------|

2023-04-12 12:42:10,486 DEBUG [com.study.aop.LoggerAspect] Service ===> com.study.domain.post.PostService.savePost()
2023-04-12 12:42:10,486 DEBUG [com.study.aop.LoggerAspect] Mapper ===> com.study.domain.post.PostMapper.save()
2023-04-12 12:42:10,486 DEBUG [com.study.domain.post.PostMapper.save] ==>  Preparing: INSERT INTO tb_post ( id , title , content , writer , view_cnt , notice_yn , delete_yn , created_date , modified_date ) VALUES ( ? , ? , ? , ? , 0 , ? , 0 , NOW() , NULL )
2023-04-12 12:42:10,486 DEBUG [com.study.domain.post.PostMapper.save] ==> Parameters: null, 602번 게시글 제목(String), 602번 게시글 내용(String), 테스터602(String), false(Boolean)
2023-04-12 12:42:10,486  INFO [jdbc.sqlonly] INSERT INTO tb_post (

          id
        , title
        , content
        , writer
        , view_cnt
        , notice_yn
        , delete_yn
        , created_date
        , modified_date

        ) VALUES (
              NULL
            , '602번 게시글 제목'
            , '602번 게시글 내용'
            , '테스터602'
            , 0
            , 0
            , 0
            , NOW()
            , NULL
        )

2023-04-12 12:42:10,487 DEBUG [com.study.domain.post.PostMapper.save] <==    Updates: 1
2023-04-12 12:42:10,487  INFO [jdbc.resultsettable] 
|----------|
|insert_id |
|----------|
|602       |
|----------|

2023-04-12 12:42:10,489 DEBUG [com.study.aop.LoggerAspect] Service ===> com.study.domain.post.PostService.savePost()
2023-04-12 12:42:10,489 DEBUG [com.study.aop.LoggerAspect] Mapper ===> com.study.domain.post.PostMapper.save()
2023-04-12 12:42:10,489 DEBUG [com.study.domain.post.PostMapper.save] ==>  Preparing: INSERT INTO tb_post ( id , title , content , writer , view_cnt , notice_yn , delete_yn , created_date , modified_date ) VALUES ( ? , ? , ? , ? , 0 , ? , 0 , NOW() , NULL )
2023-04-12 12:42:10,489 DEBUG [com.study.domain.post.PostMapper.save] ==> Parameters: null, 603번 게시글 제목(String), 603번 게시글 내용(String), 테스터603(String), false(Boolean)
2023-04-12 12:42:10,489  INFO [jdbc.sqlonly] INSERT INTO tb_post (

          id
        , title
        , content
        , writer
        , view_cnt
        , notice_yn
        , delete_yn
        , created_date
        , modified_date

        ) VALUES (
              NULL
            , '603번 게시글 제목'
            , '603번 게시글 내용'
            , '테스터603'
            , 0
            , 0
            , 0
            , NOW()
            , NULL
        )

2023-04-12 12:42:10,489 DEBUG [com.study.domain.post.PostMapper.save] <==    Updates: 1
2023-04-12 12:42:10,490  INFO [jdbc.resultsettable] 
|----------|
|insert_id |
|----------|
|603       |
|----------|

2023-04-12 12:42:10,491 DEBUG [com.study.aop.LoggerAspect] Service ===> com.study.domain.post.PostService.savePost()
2023-04-12 12:42:10,491 DEBUG [com.study.aop.LoggerAspect] Mapper ===> com.study.domain.post.PostMapper.save()
2023-04-12 12:42:10,491 DEBUG [com.study.domain.post.PostMapper.save] ==>  Preparing: INSERT INTO tb_post ( id , title , content , writer , view_cnt , notice_yn , delete_yn , created_date , modified_date ) VALUES ( ? , ? , ? , ? , 0 , ? , 0 , NOW() , NULL )
2023-04-12 12:42:10,492 DEBUG [com.study.domain.post.PostMapper.save] ==> Parameters: null, 604번 게시글 제목(String), 604번 게시글 내용(String), 테스터604(String), false(Boolean)
2023-04-12 12:42:10,492  INFO [jdbc.sqlonly] INSERT INTO tb_post (

          id
        , title
        , content
        , writer
        , view_cnt
        , notice_yn
        , delete_yn
        , created_date
        , modified_date

        ) VALUES (
              NULL
            , '604번 게시글 제목'
            , '604번 게시글 내용'
            , '테스터604'
            , 0
            , 0
            , 0
            , NOW()
            , NULL
        )

2023-04-12 12:42:10,492 DEBUG [com.study.domain.post.PostMapper.save] <==    Updates: 1
2023-04-12 12:42:10,492  INFO [jdbc.resultsettable] 
|----------|
|insert_id |
|----------|
|604       |
|----------|

2023-04-12 12:42:10,494 DEBUG [com.study.aop.LoggerAspect] Service ===> com.study.domain.post.PostService.savePost()
2023-04-12 12:42:10,494 DEBUG [com.study.aop.LoggerAspect] Mapper ===> com.study.domain.post.PostMapper.save()
2023-04-12 12:42:10,494 DEBUG [com.study.domain.post.PostMapper.save] ==>  Preparing: INSERT INTO tb_post ( id , title , content , writer , view_cnt , notice_yn , delete_yn , created_date , modified_date ) VALUES ( ? , ? , ? , ? , 0 , ? , 0 , NOW() , NULL )
2023-04-12 12:42:10,494 DEBUG [com.study.domain.post.PostMapper.save] ==> Parameters: null, 605번 게시글 제목(String), 605번 게시글 내용(String), 테스터605(String), false(Boolean)
2023-04-12 12:42:10,494  INFO [jdbc.sqlonly] INSERT INTO tb_post (

          id
        , title
        , content
        , writer
        , view_cnt
        , notice_yn
        , delete_yn
        , created_date
        , modified_date

        ) VALUES (
              NULL
            , '605번 게시글 제목'
            , '605번 게시글 내용'
            , '테스터605'
            , 0
            , 0
            , 0
            , NOW()
            , NULL
        )

2023-04-12 12:42:10,494 DEBUG [com.study.domain.post.PostMapper.save] <==    Updates: 1
2023-04-12 12:42:10,495  INFO [jdbc.resultsettable] 
|----------|
|insert_id |
|----------|
|605       |
|----------|

2023-04-12 12:42:10,496 DEBUG [com.study.aop.LoggerAspect] Service ===> com.study.domain.post.PostService.savePost()
2023-04-12 12:42:10,496 DEBUG [com.study.aop.LoggerAspect] Mapper ===> com.study.domain.post.PostMapper.save()
2023-04-12 12:42:10,496 DEBUG [com.study.domain.post.PostMapper.save] ==>  Preparing: INSERT INTO tb_post ( id , title , content , writer , view_cnt , notice_yn , delete_yn , created_date , modified_date ) VALUES ( ? , ? , ? , ? , 0 , ? , 0 , NOW() , NULL )
2023-04-12 12:42:10,496 DEBUG [com.study.domain.post.PostMapper.save] ==> Parameters: null, 606번 게시글 제목(String), 606번 게시글 내용(String), 테스터606(String), false(Boolean)
2023-04-12 12:42:10,496  INFO [jdbc.sqlonly] INSERT INTO tb_post (

          id
        , title
        , content
        , writer
        , view_cnt
        , notice_yn
        , delete_yn
        , created_date
        , modified_date

        ) VALUES (
              NULL
            , '606번 게시글 제목'
            , '606번 게시글 내용'
            , '테스터606'
            , 0
            , 0
            , 0
            , NOW()
            , NULL
        )

2023-04-12 12:42:10,497 DEBUG [com.study.domain.post.PostMapper.save] <==    Updates: 1
2023-04-12 12:42:10,497  INFO [jdbc.resultsettable] 
|----------|
|insert_id |
|----------|
|606       |
|----------|

2023-04-12 12:42:10,499 DEBUG [com.study.aop.LoggerAspect] Service ===> com.study.domain.post.PostService.savePost()
2023-04-12 12:42:10,499 DEBUG [com.study.aop.LoggerAspect] Mapper ===> com.study.domain.post.PostMapper.save()
2023-04-12 12:42:10,499 DEBUG [com.study.domain.post.PostMapper.save] ==>  Preparing: INSERT INTO tb_post ( id , title , content , writer , view_cnt , notice_yn , delete_yn , created_date , modified_date ) VALUES ( ? , ? , ? , ? , 0 , ? , 0 , NOW() , NULL )
2023-04-12 12:42:10,499 DEBUG [com.study.domain.post.PostMapper.save] ==> Parameters: null, 607번 게시글 제목(String), 607번 게시글 내용(String), 테스터607(String), false(Boolean)
2023-04-12 12:42:10,499  INFO [jdbc.sqlonly] INSERT INTO tb_post (

          id
        , title
        , content
        , writer
        , view_cnt
        , notice_yn
        , delete_yn
        , created_date
        , modified_date

        ) VALUES (
              NULL
            , '607번 게시글 제목'
            , '607번 게시글 내용'
            , '테스터607'
            , 0
            , 0
            , 0
            , NOW()
            , NULL
        )

2023-04-12 12:42:10,500 DEBUG [com.study.domain.post.PostMapper.save] <==    Updates: 1
2023-04-12 12:42:10,500  INFO [jdbc.resultsettable] 
|----------|
|insert_id |
|----------|
|607       |
|----------|

2023-04-12 12:42:10,501 DEBUG [com.study.aop.LoggerAspect] Service ===> com.study.domain.post.PostService.savePost()
2023-04-12 12:42:10,501 DEBUG [com.study.aop.LoggerAspect] Mapper ===> com.study.domain.post.PostMapper.save()
2023-04-12 12:42:10,502 DEBUG [com.study.domain.post.PostMapper.save] ==>  Preparing: INSERT INTO tb_post ( id , title , content , writer , view_cnt , notice_yn , delete_yn , created_date , modified_date ) VALUES ( ? , ? , ? , ? , 0 , ? , 0 , NOW() , NULL )
2023-04-12 12:42:10,502 DEBUG [com.study.domain.post.PostMapper.save] ==> Parameters: null, 608번 게시글 제목(String), 608번 게시글 내용(String), 테스터608(String), false(Boolean)
2023-04-12 12:42:10,502  INFO [jdbc.sqlonly] INSERT INTO tb_post (

          id
        , title
        , content
        , writer
        , view_cnt
        , notice_yn
        , delete_yn
        , created_date
        , modified_date

        ) VALUES (
              NULL
            , '608번 게시글 제목'
            , '608번 게시글 내용'
            , '테스터608'
            , 0
            , 0
            , 0
            , NOW()
            , NULL
        )

2023-04-12 12:42:10,502 DEBUG [com.study.domain.post.PostMapper.save] <==    Updates: 1
2023-04-12 12:42:10,502  INFO [jdbc.resultsettable] 
|----------|
|insert_id |
|----------|
|608       |
|----------|

2023-04-12 12:42:10,504 DEBUG [com.study.aop.LoggerAspect] Service ===> com.study.domain.post.PostService.savePost()
2023-04-12 12:42:10,504 DEBUG [com.study.aop.LoggerAspect] Mapper ===> com.study.domain.post.PostMapper.save()
2023-04-12 12:42:10,505 DEBUG [com.study.domain.post.PostMapper.save] ==>  Preparing: INSERT INTO tb_post ( id , title , content , writer , view_cnt , notice_yn , delete_yn , created_date , modified_date ) VALUES ( ? , ? , ? , ? , 0 , ? , 0 , NOW() , NULL )
2023-04-12 12:42:10,505 DEBUG [com.study.domain.post.PostMapper.save] ==> Parameters: null, 609번 게시글 제목(String), 609번 게시글 내용(String), 테스터609(String), false(Boolean)
2023-04-12 12:42:10,505  INFO [jdbc.sqlonly] INSERT INTO tb_post (

          id
        , title
        , content
        , writer
        , view_cnt
        , notice_yn
        , delete_yn
        , created_date
        , modified_date

        ) VALUES (
              NULL
            , '609번 게시글 제목'
            , '609번 게시글 내용'
            , '테스터609'
            , 0
            , 0
            , 0
            , NOW()
            , NULL
        )

2023-04-12 12:42:10,505 DEBUG [com.study.domain.post.PostMapper.save] <==    Updates: 1
2023-04-12 12:42:10,505  INFO [jdbc.resultsettable] 
|----------|
|insert_id |
|----------|
|609       |
|----------|

2023-04-12 12:42:10,507 DEBUG [com.study.aop.LoggerAspect] Service ===> com.study.domain.post.PostService.savePost()
2023-04-12 12:42:10,507 DEBUG [com.study.aop.LoggerAspect] Mapper ===> com.study.domain.post.PostMapper.save()
2023-04-12 12:42:10,507 DEBUG [com.study.domain.post.PostMapper.save] ==>  Preparing: INSERT INTO tb_post ( id , title , content , writer , view_cnt , notice_yn , delete_yn , created_date , modified_date ) VALUES ( ? , ? , ? , ? , 0 , ? , 0 , NOW() , NULL )
2023-04-12 12:42:10,507 DEBUG [com.study.domain.post.PostMapper.save] ==> Parameters: null, 610번 게시글 제목(String), 610번 게시글 내용(String), 테스터610(String), false(Boolean)
2023-04-12 12:42:10,507  INFO [jdbc.sqlonly] INSERT INTO tb_post (

          id
        , title
        , content
        , writer
        , view_cnt
        , notice_yn
        , delete_yn
        , created_date
        , modified_date

        ) VALUES (
              NULL
            , '610번 게시글 제목'
            , '610번 게시글 내용'
            , '테스터610'
            , 0
            , 0
            , 0
            , NOW()
            , NULL
        )

2023-04-12 12:42:10,508 DEBUG [com.study.domain.post.PostMapper.save] <==    Updates: 1
2023-04-12 12:42:10,508  INFO [jdbc.resultsettable] 
|----------|
|insert_id |
|----------|
|610       |
|----------|

2023-04-12 12:42:10,510 DEBUG [com.study.aop.LoggerAspect] Service ===> com.study.domain.post.PostService.savePost()
2023-04-12 12:42:10,510 DEBUG [com.study.aop.LoggerAspect] Mapper ===> com.study.domain.post.PostMapper.save()
2023-04-12 12:42:10,510 DEBUG [com.study.domain.post.PostMapper.save] ==>  Preparing: INSERT INTO tb_post ( id , title , content , writer , view_cnt , notice_yn , delete_yn , created_date , modified_date ) VALUES ( ? , ? , ? , ? , 0 , ? , 0 , NOW() , NULL )
2023-04-12 12:42:10,510 DEBUG [com.study.domain.post.PostMapper.save] ==> Parameters: null, 611번 게시글 제목(String), 611번 게시글 내용(String), 테스터611(String), false(Boolean)
2023-04-12 12:42:10,510  INFO [jdbc.sqlonly] INSERT INTO tb_post (

          id
        , title
        , content
        , writer
        , view_cnt
        , notice_yn
        , delete_yn
        , created_date
        , modified_date

        ) VALUES (
              NULL
            , '611번 게시글 제목'
            , '611번 게시글 내용'
            , '테스터611'
            , 0
            , 0
            , 0
            , NOW()
            , NULL
        )

2023-04-12 12:42:10,510 DEBUG [com.study.domain.post.PostMapper.save] <==    Updates: 1
2023-04-12 12:42:10,510  INFO [jdbc.resultsettable] 
|----------|
|insert_id |
|----------|
|611       |
|----------|

2023-04-12 12:42:10,512 DEBUG [com.study.aop.LoggerAspect] Service ===> com.study.domain.post.PostService.savePost()
2023-04-12 12:42:10,512 DEBUG [com.study.aop.LoggerAspect] Mapper ===> com.study.domain.post.PostMapper.save()
2023-04-12 12:42:10,512 DEBUG [com.study.domain.post.PostMapper.save] ==>  Preparing: INSERT INTO tb_post ( id , title , content , writer , view_cnt , notice_yn , delete_yn , created_date , modified_date ) VALUES ( ? , ? , ? , ? , 0 , ? , 0 , NOW() , NULL )
2023-04-12 12:42:10,512 DEBUG [com.study.domain.post.PostMapper.save] ==> Parameters: null, 612번 게시글 제목(String), 612번 게시글 내용(String), 테스터612(String), false(Boolean)
2023-04-12 12:42:10,512  INFO [jdbc.sqlonly] INSERT INTO tb_post (

          id
        , title
        , content
        , writer
        , view_cnt
        , notice_yn
        , delete_yn
        , created_date
        , modified_date

        ) VALUES (
              NULL
            , '612번 게시글 제목'
            , '612번 게시글 내용'
            , '테스터612'
            , 0
            , 0
            , 0
            , NOW()
            , NULL
        )

2023-04-12 12:42:10,512 DEBUG [com.study.domain.post.PostMapper.save] <==    Updates: 1
2023-04-12 12:42:10,513  INFO [jdbc.resultsettable] 
|----------|
|insert_id |
|----------|
|612       |
|----------|

2023-04-12 12:42:10,514 DEBUG [com.study.aop.LoggerAspect] Service ===> com.study.domain.post.PostService.savePost()
2023-04-12 12:42:10,514 DEBUG [com.study.aop.LoggerAspect] Mapper ===> com.study.domain.post.PostMapper.save()
2023-04-12 12:42:10,515 DEBUG [com.study.domain.post.PostMapper.save] ==>  Preparing: INSERT INTO tb_post ( id , title , content , writer , view_cnt , notice_yn , delete_yn , created_date , modified_date ) VALUES ( ? , ? , ? , ? , 0 , ? , 0 , NOW() , NULL )
2023-04-12 12:42:10,515 DEBUG [com.study.domain.post.PostMapper.save] ==> Parameters: null, 613번 게시글 제목(String), 613번 게시글 내용(String), 테스터613(String), false(Boolean)
2023-04-12 12:42:10,515  INFO [jdbc.sqlonly] INSERT INTO tb_post (

          id
        , title
        , content
        , writer
        , view_cnt
        , notice_yn
        , delete_yn
        , created_date
        , modified_date

        ) VALUES (
              NULL
            , '613번 게시글 제목'
            , '613번 게시글 내용'
            , '테스터613'
            , 0
            , 0
            , 0
            , NOW()
            , NULL
        )

2023-04-12 12:42:10,515 DEBUG [com.study.domain.post.PostMapper.save] <==    Updates: 1
2023-04-12 12:42:10,515  INFO [jdbc.resultsettable] 
|----------|
|insert_id |
|----------|
|613       |
|----------|

2023-04-12 12:42:10,517 DEBUG [com.study.aop.LoggerAspect] Service ===> com.study.domain.post.PostService.savePost()
2023-04-12 12:42:10,517 DEBUG [com.study.aop.LoggerAspect] Mapper ===> com.study.domain.post.PostMapper.save()
2023-04-12 12:42:10,517 DEBUG [com.study.domain.post.PostMapper.save] ==>  Preparing: INSERT INTO tb_post ( id , title , content , writer , view_cnt , notice_yn , delete_yn , created_date , modified_date ) VALUES ( ? , ? , ? , ? , 0 , ? , 0 , NOW() , NULL )
2023-04-12 12:42:10,517 DEBUG [com.study.domain.post.PostMapper.save] ==> Parameters: null, 614번 게시글 제목(String), 614번 게시글 내용(String), 테스터614(String), false(Boolean)
2023-04-12 12:42:10,517  INFO [jdbc.sqlonly] INSERT INTO tb_post (

          id
        , title
        , content
        , writer
        , view_cnt
        , notice_yn
        , delete_yn
        , created_date
        , modified_date

        ) VALUES (
              NULL
            , '614번 게시글 제목'
            , '614번 게시글 내용'
            , '테스터614'
            , 0
            , 0
            , 0
            , NOW()
            , NULL
        )

2023-04-12 12:42:10,517 DEBUG [com.study.domain.post.PostMapper.save] <==    Updates: 1
2023-04-12 12:42:10,517  INFO [jdbc.resultsettable] 
|----------|
|insert_id |
|----------|
|614       |
|----------|

2023-04-12 12:42:10,520 DEBUG [com.study.aop.LoggerAspect] Service ===> com.study.domain.post.PostService.savePost()
2023-04-12 12:42:10,520 DEBUG [com.study.aop.LoggerAspect] Mapper ===> com.study.domain.post.PostMapper.save()
2023-04-12 12:42:10,520 DEBUG [com.study.domain.post.PostMapper.save] ==>  Preparing: INSERT INTO tb_post ( id , title , content , writer , view_cnt , notice_yn , delete_yn , created_date , modified_date ) VALUES ( ? , ? , ? , ? , 0 , ? , 0 , NOW() , NULL )
2023-04-12 12:42:10,520 DEBUG [com.study.domain.post.PostMapper.save] ==> Parameters: null, 615번 게시글 제목(String), 615번 게시글 내용(String), 테스터615(String), false(Boolean)
2023-04-12 12:42:10,520  INFO [jdbc.sqlonly] INSERT INTO tb_post (

          id
        , title
        , content
        , writer
        , view_cnt
        , notice_yn
        , delete_yn
        , created_date
        , modified_date

        ) VALUES (
              NULL
            , '615번 게시글 제목'
            , '615번 게시글 내용'
            , '테스터615'
            , 0
            , 0
            , 0
            , NOW()
            , NULL
        )

2023-04-12 12:42:10,521 DEBUG [com.study.domain.post.PostMapper.save] <==    Updates: 1
2023-04-12 12:42:10,521  INFO [jdbc.resultsettable] 
|----------|
|insert_id |
|----------|
|615       |
|----------|

2023-04-12 12:42:10,522 DEBUG [com.study.aop.LoggerAspect] Service ===> com.study.domain.post.PostService.savePost()
2023-04-12 12:42:10,522 DEBUG [com.study.aop.LoggerAspect] Mapper ===> com.study.domain.post.PostMapper.save()
2023-04-12 12:42:10,522 DEBUG [com.study.domain.post.PostMapper.save] ==>  Preparing: INSERT INTO tb_post ( id , title , content , writer , view_cnt , notice_yn , delete_yn , created_date , modified_date ) VALUES ( ? , ? , ? , ? , 0 , ? , 0 , NOW() , NULL )
2023-04-12 12:42:10,523 DEBUG [com.study.domain.post.PostMapper.save] ==> Parameters: null, 616번 게시글 제목(String), 616번 게시글 내용(String), 테스터616(String), false(Boolean)
2023-04-12 12:42:10,523  INFO [jdbc.sqlonly] INSERT INTO tb_post (

          id
        , title
        , content
        , writer
        , view_cnt
        , notice_yn
        , delete_yn
        , created_date
        , modified_date

        ) VALUES (
              NULL
            , '616번 게시글 제목'
            , '616번 게시글 내용'
            , '테스터616'
            , 0
            , 0
            , 0
            , NOW()
            , NULL
        )

2023-04-12 12:42:10,523 DEBUG [com.study.domain.post.PostMapper.save] <==    Updates: 1
2023-04-12 12:42:10,523  INFO [jdbc.resultsettable] 
|----------|
|insert_id |
|----------|
|616       |
|----------|

2023-04-12 12:42:10,524 DEBUG [com.study.aop.LoggerAspect] Service ===> com.study.domain.post.PostService.savePost()
2023-04-12 12:42:10,524 DEBUG [com.study.aop.LoggerAspect] Mapper ===> com.study.domain.post.PostMapper.save()
2023-04-12 12:42:10,525 DEBUG [com.study.domain.post.PostMapper.save] ==>  Preparing: INSERT INTO tb_post ( id , title , content , writer , view_cnt , notice_yn , delete_yn , created_date , modified_date ) VALUES ( ? , ? , ? , ? , 0 , ? , 0 , NOW() , NULL )
2023-04-12 12:42:10,525 DEBUG [com.study.domain.post.PostMapper.save] ==> Parameters: null, 617번 게시글 제목(String), 617번 게시글 내용(String), 테스터617(String), false(Boolean)
2023-04-12 12:42:10,525  INFO [jdbc.sqlonly] INSERT INTO tb_post (

          id
        , title
        , content
        , writer
        , view_cnt
        , notice_yn
        , delete_yn
        , created_date
        , modified_date

        ) VALUES (
              NULL
            , '617번 게시글 제목'
            , '617번 게시글 내용'
            , '테스터617'
            , 0
            , 0
            , 0
            , NOW()
            , NULL
        )

2023-04-12 12:42:10,525 DEBUG [com.study.domain.post.PostMapper.save] <==    Updates: 1
2023-04-12 12:42:10,525  INFO [jdbc.resultsettable] 
|----------|
|insert_id |
|----------|
|617       |
|----------|

2023-04-12 12:42:10,527 DEBUG [com.study.aop.LoggerAspect] Service ===> com.study.domain.post.PostService.savePost()
2023-04-12 12:42:10,527 DEBUG [com.study.aop.LoggerAspect] Mapper ===> com.study.domain.post.PostMapper.save()
2023-04-12 12:42:10,527 DEBUG [com.study.domain.post.PostMapper.save] ==>  Preparing: INSERT INTO tb_post ( id , title , content , writer , view_cnt , notice_yn , delete_yn , created_date , modified_date ) VALUES ( ? , ? , ? , ? , 0 , ? , 0 , NOW() , NULL )
2023-04-12 12:42:10,527 DEBUG [com.study.domain.post.PostMapper.save] ==> Parameters: null, 618번 게시글 제목(String), 618번 게시글 내용(String), 테스터618(String), false(Boolean)
2023-04-12 12:42:10,527  INFO [jdbc.sqlonly] INSERT INTO tb_post (

          id
        , title
        , content
        , writer
        , view_cnt
        , notice_yn
        , delete_yn
        , created_date
        , modified_date

        ) VALUES (
              NULL
            , '618번 게시글 제목'
            , '618번 게시글 내용'
            , '테스터618'
            , 0
            , 0
            , 0
            , NOW()
            , NULL
        )

2023-04-12 12:42:10,528 DEBUG [com.study.domain.post.PostMapper.save] <==    Updates: 1
2023-04-12 12:42:10,528  INFO [jdbc.resultsettable] 
|----------|
|insert_id |
|----------|
|618       |
|----------|

2023-04-12 12:42:10,530 DEBUG [com.study.aop.LoggerAspect] Service ===> com.study.domain.post.PostService.savePost()
2023-04-12 12:42:10,530 DEBUG [com.study.aop.LoggerAspect] Mapper ===> com.study.domain.post.PostMapper.save()
2023-04-12 12:42:10,530 DEBUG [com.study.domain.post.PostMapper.save] ==>  Preparing: INSERT INTO tb_post ( id , title , content , writer , view_cnt , notice_yn , delete_yn , created_date , modified_date ) VALUES ( ? , ? , ? , ? , 0 , ? , 0 , NOW() , NULL )
2023-04-12 12:42:10,530 DEBUG [com.study.domain.post.PostMapper.save] ==> Parameters: null, 619번 게시글 제목(String), 619번 게시글 내용(String), 테스터619(String), false(Boolean)
2023-04-12 12:42:10,530  INFO [jdbc.sqlonly] INSERT INTO tb_post (

          id
        , title
        , content
        , writer
        , view_cnt
        , notice_yn
        , delete_yn
        , created_date
        , modified_date

        ) VALUES (
              NULL
            , '619번 게시글 제목'
            , '619번 게시글 내용'
            , '테스터619'
            , 0
            , 0
            , 0
            , NOW()
            , NULL
        )

2023-04-12 12:42:10,530 DEBUG [com.study.domain.post.PostMapper.save] <==    Updates: 1
2023-04-12 12:42:10,531  INFO [jdbc.resultsettable] 
|----------|
|insert_id |
|----------|
|619       |
|----------|

2023-04-12 12:42:10,532 DEBUG [com.study.aop.LoggerAspect] Service ===> com.study.domain.post.PostService.savePost()
2023-04-12 12:42:10,532 DEBUG [com.study.aop.LoggerAspect] Mapper ===> com.study.domain.post.PostMapper.save()
2023-04-12 12:42:10,532 DEBUG [com.study.domain.post.PostMapper.save] ==>  Preparing: INSERT INTO tb_post ( id , title , content , writer , view_cnt , notice_yn , delete_yn , created_date , modified_date ) VALUES ( ? , ? , ? , ? , 0 , ? , 0 , NOW() , NULL )
2023-04-12 12:42:10,533 DEBUG [com.study.domain.post.PostMapper.save] ==> Parameters: null, 620번 게시글 제목(String), 620번 게시글 내용(String), 테스터620(String), false(Boolean)
2023-04-12 12:42:10,533  INFO [jdbc.sqlonly] INSERT INTO tb_post (

          id
        , title
        , content
        , writer
        , view_cnt
        , notice_yn
        , delete_yn
        , created_date
        , modified_date

        ) VALUES (
              NULL
            , '620번 게시글 제목'
            , '620번 게시글 내용'
            , '테스터620'
            , 0
            , 0
            , 0
            , NOW()
            , NULL
        )

2023-04-12 12:42:10,533 DEBUG [com.study.domain.post.PostMapper.save] <==    Updates: 1
2023-04-12 12:42:10,533  INFO [jdbc.resultsettable] 
|----------|
|insert_id |
|----------|
|620       |
|----------|

2023-04-12 12:42:10,535 DEBUG [com.study.aop.LoggerAspect] Service ===> com.study.domain.post.PostService.savePost()
2023-04-12 12:42:10,536 DEBUG [com.study.aop.LoggerAspect] Mapper ===> com.study.domain.post.PostMapper.save()
2023-04-12 12:42:10,536 DEBUG [com.study.domain.post.PostMapper.save] ==>  Preparing: INSERT INTO tb_post ( id , title , content , writer , view_cnt , notice_yn , delete_yn , created_date , modified_date ) VALUES ( ? , ? , ? , ? , 0 , ? , 0 , NOW() , NULL )
2023-04-12 12:42:10,536 DEBUG [com.study.domain.post.PostMapper.save] ==> Parameters: null, 621번 게시글 제목(String), 621번 게시글 내용(String), 테스터621(String), false(Boolean)
2023-04-12 12:42:10,536  INFO [jdbc.sqlonly] INSERT INTO tb_post (

          id
        , title
        , content
        , writer
        , view_cnt
        , notice_yn
        , delete_yn
        , created_date
        , modified_date

        ) VALUES (
              NULL
            , '621번 게시글 제목'
            , '621번 게시글 내용'
            , '테스터621'
            , 0
            , 0
            , 0
            , NOW()
            , NULL
        )

2023-04-12 12:42:10,536 DEBUG [com.study.domain.post.PostMapper.save] <==    Updates: 1
2023-04-12 12:42:10,536  INFO [jdbc.resultsettable] 
|----------|
|insert_id |
|----------|
|621       |
|----------|

2023-04-12 12:42:10,538 DEBUG [com.study.aop.LoggerAspect] Service ===> com.study.domain.post.PostService.savePost()
2023-04-12 12:42:10,538 DEBUG [com.study.aop.LoggerAspect] Mapper ===> com.study.domain.post.PostMapper.save()
2023-04-12 12:42:10,538 DEBUG [com.study.domain.post.PostMapper.save] ==>  Preparing: INSERT INTO tb_post ( id , title , content , writer , view_cnt , notice_yn , delete_yn , created_date , modified_date ) VALUES ( ? , ? , ? , ? , 0 , ? , 0 , NOW() , NULL )
2023-04-12 12:42:10,538 DEBUG [com.study.domain.post.PostMapper.save] ==> Parameters: null, 622번 게시글 제목(String), 622번 게시글 내용(String), 테스터622(String), false(Boolean)
2023-04-12 12:42:10,538  INFO [jdbc.sqlonly] INSERT INTO tb_post (

          id
        , title
        , content
        , writer
        , view_cnt
        , notice_yn
        , delete_yn
        , created_date
        , modified_date

        ) VALUES (
              NULL
            , '622번 게시글 제목'
            , '622번 게시글 내용'
            , '테스터622'
            , 0
            , 0
            , 0
            , NOW()
            , NULL
        )

2023-04-12 12:42:10,539 DEBUG [com.study.domain.post.PostMapper.save] <==    Updates: 1
2023-04-12 12:42:10,539  INFO [jdbc.resultsettable] 
|----------|
|insert_id |
|----------|
|622       |
|----------|

2023-04-12 12:42:10,541 DEBUG [com.study.aop.LoggerAspect] Service ===> com.study.domain.post.PostService.savePost()
2023-04-12 12:42:10,541 DEBUG [com.study.aop.LoggerAspect] Mapper ===> com.study.domain.post.PostMapper.save()
2023-04-12 12:42:10,541 DEBUG [com.study.domain.post.PostMapper.save] ==>  Preparing: INSERT INTO tb_post ( id , title , content , writer , view_cnt , notice_yn , delete_yn , created_date , modified_date ) VALUES ( ? , ? , ? , ? , 0 , ? , 0 , NOW() , NULL )
2023-04-12 12:42:10,541 DEBUG [com.study.domain.post.PostMapper.save] ==> Parameters: null, 623번 게시글 제목(String), 623번 게시글 내용(String), 테스터623(String), false(Boolean)
2023-04-12 12:42:10,541  INFO [jdbc.sqlonly] INSERT INTO tb_post (

          id
        , title
        , content
        , writer
        , view_cnt
        , notice_yn
        , delete_yn
        , created_date
        , modified_date

        ) VALUES (
              NULL
            , '623번 게시글 제목'
            , '623번 게시글 내용'
            , '테스터623'
            , 0
            , 0
            , 0
            , NOW()
            , NULL
        )

2023-04-12 12:42:10,542 DEBUG [com.study.domain.post.PostMapper.save] <==    Updates: 1
2023-04-12 12:42:10,542  INFO [jdbc.resultsettable] 
|----------|
|insert_id |
|----------|
|623       |
|----------|

2023-04-12 12:42:10,543 DEBUG [com.study.aop.LoggerAspect] Service ===> com.study.domain.post.PostService.savePost()
2023-04-12 12:42:10,543 DEBUG [com.study.aop.LoggerAspect] Mapper ===> com.study.domain.post.PostMapper.save()
2023-04-12 12:42:10,543 DEBUG [com.study.domain.post.PostMapper.save] ==>  Preparing: INSERT INTO tb_post ( id , title , content , writer , view_cnt , notice_yn , delete_yn , created_date , modified_date ) VALUES ( ? , ? , ? , ? , 0 , ? , 0 , NOW() , NULL )
2023-04-12 12:42:10,543 DEBUG [com.study.domain.post.PostMapper.save] ==> Parameters: null, 624번 게시글 제목(String), 624번 게시글 내용(String), 테스터624(String), false(Boolean)
2023-04-12 12:42:10,543  INFO [jdbc.sqlonly] INSERT INTO tb_post (

          id
        , title
        , content
        , writer
        , view_cnt
        , notice_yn
        , delete_yn
        , created_date
        , modified_date

        ) VALUES (
              NULL
            , '624번 게시글 제목'
            , '624번 게시글 내용'
            , '테스터624'
            , 0
            , 0
            , 0
            , NOW()
            , NULL
        )

2023-04-12 12:42:10,544 DEBUG [com.study.domain.post.PostMapper.save] <==    Updates: 1
2023-04-12 12:42:10,544  INFO [jdbc.resultsettable] 
|----------|
|insert_id |
|----------|
|624       |
|----------|

2023-04-12 12:42:10,545 DEBUG [com.study.aop.LoggerAspect] Service ===> com.study.domain.post.PostService.savePost()
2023-04-12 12:42:10,546 DEBUG [com.study.aop.LoggerAspect] Mapper ===> com.study.domain.post.PostMapper.save()
2023-04-12 12:42:10,546 DEBUG [com.study.domain.post.PostMapper.save] ==>  Preparing: INSERT INTO tb_post ( id , title , content , writer , view_cnt , notice_yn , delete_yn , created_date , modified_date ) VALUES ( ? , ? , ? , ? , 0 , ? , 0 , NOW() , NULL )
2023-04-12 12:42:10,546 DEBUG [com.study.domain.post.PostMapper.save] ==> Parameters: null, 625번 게시글 제목(String), 625번 게시글 내용(String), 테스터625(String), false(Boolean)
2023-04-12 12:42:10,546  INFO [jdbc.sqlonly] INSERT INTO tb_post (

          id
        , title
        , content
        , writer
        , view_cnt
        , notice_yn
        , delete_yn
        , created_date
        , modified_date

        ) VALUES (
              NULL
            , '625번 게시글 제목'
            , '625번 게시글 내용'
            , '테스터625'
            , 0
            , 0
            , 0
            , NOW()
            , NULL
        )

2023-04-12 12:42:10,546 DEBUG [com.study.domain.post.PostMapper.save] <==    Updates: 1
2023-04-12 12:42:10,546  INFO [jdbc.resultsettable] 
|----------|
|insert_id |
|----------|
|625       |
|----------|

2023-04-12 12:42:10,548 DEBUG [com.study.aop.LoggerAspect] Service ===> com.study.domain.post.PostService.savePost()
2023-04-12 12:42:10,548 DEBUG [com.study.aop.LoggerAspect] Mapper ===> com.study.domain.post.PostMapper.save()
2023-04-12 12:42:10,548 DEBUG [com.study.domain.post.PostMapper.save] ==>  Preparing: INSERT INTO tb_post ( id , title , content , writer , view_cnt , notice_yn , delete_yn , created_date , modified_date ) VALUES ( ? , ? , ? , ? , 0 , ? , 0 , NOW() , NULL )
2023-04-12 12:42:10,548 DEBUG [com.study.domain.post.PostMapper.save] ==> Parameters: null, 626번 게시글 제목(String), 626번 게시글 내용(String), 테스터626(String), false(Boolean)
2023-04-12 12:42:10,548  INFO [jdbc.sqlonly] INSERT INTO tb_post (

          id
        , title
        , content
        , writer
        , view_cnt
        , notice_yn
        , delete_yn
        , created_date
        , modified_date

        ) VALUES (
              NULL
            , '626번 게시글 제목'
            , '626번 게시글 내용'
            , '테스터626'
            , 0
            , 0
            , 0
            , NOW()
            , NULL
        )

2023-04-12 12:42:10,548 DEBUG [com.study.domain.post.PostMapper.save] <==    Updates: 1
2023-04-12 12:42:10,548  INFO [jdbc.resultsettable] 
|----------|
|insert_id |
|----------|
|626       |
|----------|

2023-04-12 12:42:10,550 DEBUG [com.study.aop.LoggerAspect] Service ===> com.study.domain.post.PostService.savePost()
2023-04-12 12:42:10,550 DEBUG [com.study.aop.LoggerAspect] Mapper ===> com.study.domain.post.PostMapper.save()
2023-04-12 12:42:10,550 DEBUG [com.study.domain.post.PostMapper.save] ==>  Preparing: INSERT INTO tb_post ( id , title , content , writer , view_cnt , notice_yn , delete_yn , created_date , modified_date ) VALUES ( ? , ? , ? , ? , 0 , ? , 0 , NOW() , NULL )
2023-04-12 12:42:10,550 DEBUG [com.study.domain.post.PostMapper.save] ==> Parameters: null, 627번 게시글 제목(String), 627번 게시글 내용(String), 테스터627(String), false(Boolean)
2023-04-12 12:42:10,550  INFO [jdbc.sqlonly] INSERT INTO tb_post (

          id
        , title
        , content
        , writer
        , view_cnt
        , notice_yn
        , delete_yn
        , created_date
        , modified_date

        ) VALUES (
              NULL
            , '627번 게시글 제목'
            , '627번 게시글 내용'
            , '테스터627'
            , 0
            , 0
            , 0
            , NOW()
            , NULL
        )

2023-04-12 12:42:10,551 DEBUG [com.study.domain.post.PostMapper.save] <==    Updates: 1
2023-04-12 12:42:10,551  INFO [jdbc.resultsettable] 
|----------|
|insert_id |
|----------|
|627       |
|----------|

2023-04-12 12:42:10,553 DEBUG [com.study.aop.LoggerAspect] Service ===> com.study.domain.post.PostService.savePost()
2023-04-12 12:42:10,553 DEBUG [com.study.aop.LoggerAspect] Mapper ===> com.study.domain.post.PostMapper.save()
2023-04-12 12:42:10,553 DEBUG [com.study.domain.post.PostMapper.save] ==>  Preparing: INSERT INTO tb_post ( id , title , content , writer , view_cnt , notice_yn , delete_yn , created_date , modified_date ) VALUES ( ? , ? , ? , ? , 0 , ? , 0 , NOW() , NULL )
2023-04-12 12:42:10,553 DEBUG [com.study.domain.post.PostMapper.save] ==> Parameters: null, 628번 게시글 제목(String), 628번 게시글 내용(String), 테스터628(String), false(Boolean)
2023-04-12 12:42:10,553  INFO [jdbc.sqlonly] INSERT INTO tb_post (

          id
        , title
        , content
        , writer
        , view_cnt
        , notice_yn
        , delete_yn
        , created_date
        , modified_date

        ) VALUES (
              NULL
            , '628번 게시글 제목'
            , '628번 게시글 내용'
            , '테스터628'
            , 0
            , 0
            , 0
            , NOW()
            , NULL
        )

2023-04-12 12:42:10,553 DEBUG [com.study.domain.post.PostMapper.save] <==    Updates: 1
2023-04-12 12:42:10,553  INFO [jdbc.resultsettable] 
|----------|
|insert_id |
|----------|
|628       |
|----------|

2023-04-12 12:42:10,556 DEBUG [com.study.aop.LoggerAspect] Service ===> com.study.domain.post.PostService.savePost()
2023-04-12 12:42:10,556 DEBUG [com.study.aop.LoggerAspect] Mapper ===> com.study.domain.post.PostMapper.save()
2023-04-12 12:42:10,556 DEBUG [com.study.domain.post.PostMapper.save] ==>  Preparing: INSERT INTO tb_post ( id , title , content , writer , view_cnt , notice_yn , delete_yn , created_date , modified_date ) VALUES ( ? , ? , ? , ? , 0 , ? , 0 , NOW() , NULL )
2023-04-12 12:42:10,556 DEBUG [com.study.domain.post.PostMapper.save] ==> Parameters: null, 629번 게시글 제목(String), 629번 게시글 내용(String), 테스터629(String), false(Boolean)
2023-04-12 12:42:10,556  INFO [jdbc.sqlonly] INSERT INTO tb_post (

          id
        , title
        , content
        , writer
        , view_cnt
        , notice_yn
        , delete_yn
        , created_date
        , modified_date

        ) VALUES (
              NULL
            , '629번 게시글 제목'
            , '629번 게시글 내용'
            , '테스터629'
            , 0
            , 0
            , 0
            , NOW()
            , NULL
        )

2023-04-12 12:42:10,556 DEBUG [com.study.domain.post.PostMapper.save] <==    Updates: 1
2023-04-12 12:42:10,557  INFO [jdbc.resultsettable] 
|----------|
|insert_id |
|----------|
|629       |
|----------|

2023-04-12 12:42:10,558 DEBUG [com.study.aop.LoggerAspect] Service ===> com.study.domain.post.PostService.savePost()
2023-04-12 12:42:10,558 DEBUG [com.study.aop.LoggerAspect] Mapper ===> com.study.domain.post.PostMapper.save()
2023-04-12 12:42:10,558 DEBUG [com.study.domain.post.PostMapper.save] ==>  Preparing: INSERT INTO tb_post ( id , title , content , writer , view_cnt , notice_yn , delete_yn , created_date , modified_date ) VALUES ( ? , ? , ? , ? , 0 , ? , 0 , NOW() , NULL )
2023-04-12 12:42:10,559 DEBUG [com.study.domain.post.PostMapper.save] ==> Parameters: null, 630번 게시글 제목(String), 630번 게시글 내용(String), 테스터630(String), false(Boolean)
2023-04-12 12:42:10,559  INFO [jdbc.sqlonly] INSERT INTO tb_post (

          id
        , title
        , content
        , writer
        , view_cnt
        , notice_yn
        , delete_yn
        , created_date
        , modified_date

        ) VALUES (
              NULL
            , '630번 게시글 제목'
            , '630번 게시글 내용'
            , '테스터630'
            , 0
            , 0
            , 0
            , NOW()
            , NULL
        )

2023-04-12 12:42:10,559 DEBUG [com.study.domain.post.PostMapper.save] <==    Updates: 1
2023-04-12 12:42:10,559  INFO [jdbc.resultsettable] 
|----------|
|insert_id |
|----------|
|630       |
|----------|

2023-04-12 12:42:10,561 DEBUG [com.study.aop.LoggerAspect] Service ===> com.study.domain.post.PostService.savePost()
2023-04-12 12:42:10,561 DEBUG [com.study.aop.LoggerAspect] Mapper ===> com.study.domain.post.PostMapper.save()
2023-04-12 12:42:10,561 DEBUG [com.study.domain.post.PostMapper.save] ==>  Preparing: INSERT INTO tb_post ( id , title , content , writer , view_cnt , notice_yn , delete_yn , created_date , modified_date ) VALUES ( ? , ? , ? , ? , 0 , ? , 0 , NOW() , NULL )
2023-04-12 12:42:10,561 DEBUG [com.study.domain.post.PostMapper.save] ==> Parameters: null, 631번 게시글 제목(String), 631번 게시글 내용(String), 테스터631(String), false(Boolean)
2023-04-12 12:42:10,561  INFO [jdbc.sqlonly] INSERT INTO tb_post (

          id
        , title
        , content
        , writer
        , view_cnt
        , notice_yn
        , delete_yn
        , created_date
        , modified_date

        ) VALUES (
              NULL
            , '631번 게시글 제목'
            , '631번 게시글 내용'
            , '테스터631'
            , 0
            , 0
            , 0
            , NOW()
            , NULL
        )

2023-04-12 12:42:10,562 DEBUG [com.study.domain.post.PostMapper.save] <==    Updates: 1
2023-04-12 12:42:10,562  INFO [jdbc.resultsettable] 
|----------|
|insert_id |
|----------|
|631       |
|----------|

2023-04-12 12:42:10,563 DEBUG [com.study.aop.LoggerAspect] Service ===> com.study.domain.post.PostService.savePost()
2023-04-12 12:42:10,563 DEBUG [com.study.aop.LoggerAspect] Mapper ===> com.study.domain.post.PostMapper.save()
2023-04-12 12:42:10,563 DEBUG [com.study.domain.post.PostMapper.save] ==>  Preparing: INSERT INTO tb_post ( id , title , content , writer , view_cnt , notice_yn , delete_yn , created_date , modified_date ) VALUES ( ? , ? , ? , ? , 0 , ? , 0 , NOW() , NULL )
2023-04-12 12:42:10,564 DEBUG [com.study.domain.post.PostMapper.save] ==> Parameters: null, 632번 게시글 제목(String), 632번 게시글 내용(String), 테스터632(String), false(Boolean)
2023-04-12 12:42:10,564  INFO [jdbc.sqlonly] INSERT INTO tb_post (

          id
        , title
        , content
        , writer
        , view_cnt
        , notice_yn
        , delete_yn
        , created_date
        , modified_date

        ) VALUES (
              NULL
            , '632번 게시글 제목'
            , '632번 게시글 내용'
            , '테스터632'
            , 0
            , 0
            , 0
            , NOW()
            , NULL
        )

2023-04-12 12:42:10,564 DEBUG [com.study.domain.post.PostMapper.save] <==    Updates: 1
2023-04-12 12:42:10,564  INFO [jdbc.resultsettable] 
|----------|
|insert_id |
|----------|
|632       |
|----------|

2023-04-12 12:42:10,567 DEBUG [com.study.aop.LoggerAspect] Service ===> com.study.domain.post.PostService.savePost()
2023-04-12 12:42:10,567 DEBUG [com.study.aop.LoggerAspect] Mapper ===> com.study.domain.post.PostMapper.save()
2023-04-12 12:42:10,567 DEBUG [com.study.domain.post.PostMapper.save] ==>  Preparing: INSERT INTO tb_post ( id , title , content , writer , view_cnt , notice_yn , delete_yn , created_date , modified_date ) VALUES ( ? , ? , ? , ? , 0 , ? , 0 , NOW() , NULL )
2023-04-12 12:42:10,567 DEBUG [com.study.domain.post.PostMapper.save] ==> Parameters: null, 633번 게시글 제목(String), 633번 게시글 내용(String), 테스터633(String), false(Boolean)
2023-04-12 12:42:10,567  INFO [jdbc.sqlonly] INSERT INTO tb_post (

          id
        , title
        , content
        , writer
        , view_cnt
        , notice_yn
        , delete_yn
        , created_date
        , modified_date

        ) VALUES (
              NULL
            , '633번 게시글 제목'
            , '633번 게시글 내용'
            , '테스터633'
            , 0
            , 0
            , 0
            , NOW()
            , NULL
        )

2023-04-12 12:42:10,567 DEBUG [com.study.domain.post.PostMapper.save] <==    Updates: 1
2023-04-12 12:42:10,567  INFO [jdbc.resultsettable] 
|----------|
|insert_id |
|----------|
|633       |
|----------|

2023-04-12 12:42:10,569 DEBUG [com.study.aop.LoggerAspect] Service ===> com.study.domain.post.PostService.savePost()
2023-04-12 12:42:10,569 DEBUG [com.study.aop.LoggerAspect] Mapper ===> com.study.domain.post.PostMapper.save()
2023-04-12 12:42:10,569 DEBUG [com.study.domain.post.PostMapper.save] ==>  Preparing: INSERT INTO tb_post ( id , title , content , writer , view_cnt , notice_yn , delete_yn , created_date , modified_date ) VALUES ( ? , ? , ? , ? , 0 , ? , 0 , NOW() , NULL )
2023-04-12 12:42:10,570 DEBUG [com.study.domain.post.PostMapper.save] ==> Parameters: null, 634번 게시글 제목(String), 634번 게시글 내용(String), 테스터634(String), false(Boolean)
2023-04-12 12:42:10,570  INFO [jdbc.sqlonly] INSERT INTO tb_post (

          id
        , title
        , content
        , writer
        , view_cnt
        , notice_yn
        , delete_yn
        , created_date
        , modified_date

        ) VALUES (
              NULL
            , '634번 게시글 제목'
            , '634번 게시글 내용'
            , '테스터634'
            , 0
            , 0
            , 0
            , NOW()
            , NULL
        )

2023-04-12 12:42:10,570 DEBUG [com.study.domain.post.PostMapper.save] <==    Updates: 1
2023-04-12 12:42:10,570  INFO [jdbc.resultsettable] 
|----------|
|insert_id |
|----------|
|634       |
|----------|

2023-04-12 12:42:10,572 DEBUG [com.study.aop.LoggerAspect] Service ===> com.study.domain.post.PostService.savePost()
2023-04-12 12:42:10,572 DEBUG [com.study.aop.LoggerAspect] Mapper ===> com.study.domain.post.PostMapper.save()
2023-04-12 12:42:10,572 DEBUG [com.study.domain.post.PostMapper.save] ==>  Preparing: INSERT INTO tb_post ( id , title , content , writer , view_cnt , notice_yn , delete_yn , created_date , modified_date ) VALUES ( ? , ? , ? , ? , 0 , ? , 0 , NOW() , NULL )
2023-04-12 12:42:10,572 DEBUG [com.study.domain.post.PostMapper.save] ==> Parameters: null, 635번 게시글 제목(String), 635번 게시글 내용(String), 테스터635(String), false(Boolean)
2023-04-12 12:42:10,572  INFO [jdbc.sqlonly] INSERT INTO tb_post (

          id
        , title
        , content
        , writer
        , view_cnt
        , notice_yn
        , delete_yn
        , created_date
        , modified_date

        ) VALUES (
              NULL
            , '635번 게시글 제목'
            , '635번 게시글 내용'
            , '테스터635'
            , 0
            , 0
            , 0
            , NOW()
            , NULL
        )

2023-04-12 12:42:10,572 DEBUG [com.study.domain.post.PostMapper.save] <==    Updates: 1
2023-04-12 12:42:10,573  INFO [jdbc.resultsettable] 
|----------|
|insert_id |
|----------|
|635       |
|----------|

2023-04-12 12:42:10,574 DEBUG [com.study.aop.LoggerAspect] Service ===> com.study.domain.post.PostService.savePost()
2023-04-12 12:42:10,574 DEBUG [com.study.aop.LoggerAspect] Mapper ===> com.study.domain.post.PostMapper.save()
2023-04-12 12:42:10,574 DEBUG [com.study.domain.post.PostMapper.save] ==>  Preparing: INSERT INTO tb_post ( id , title , content , writer , view_cnt , notice_yn , delete_yn , created_date , modified_date ) VALUES ( ? , ? , ? , ? , 0 , ? , 0 , NOW() , NULL )
2023-04-12 12:42:10,574 DEBUG [com.study.domain.post.PostMapper.save] ==> Parameters: null, 636번 게시글 제목(String), 636번 게시글 내용(String), 테스터636(String), false(Boolean)
2023-04-12 12:42:10,575  INFO [jdbc.sqlonly] INSERT INTO tb_post (

          id
        , title
        , content
        , writer
        , view_cnt
        , notice_yn
        , delete_yn
        , created_date
        , modified_date

        ) VALUES (
              NULL
            , '636번 게시글 제목'
            , '636번 게시글 내용'
            , '테스터636'
            , 0
            , 0
            , 0
            , NOW()
            , NULL
        )

2023-04-12 12:42:10,575 DEBUG [com.study.domain.post.PostMapper.save] <==    Updates: 1
2023-04-12 12:42:10,575  INFO [jdbc.resultsettable] 
|----------|
|insert_id |
|----------|
|636       |
|----------|

2023-04-12 12:42:10,578 DEBUG [com.study.aop.LoggerAspect] Service ===> com.study.domain.post.PostService.savePost()
2023-04-12 12:42:10,578 DEBUG [com.study.aop.LoggerAspect] Mapper ===> com.study.domain.post.PostMapper.save()
2023-04-12 12:42:10,578 DEBUG [com.study.domain.post.PostMapper.save] ==>  Preparing: INSERT INTO tb_post ( id , title , content , writer , view_cnt , notice_yn , delete_yn , created_date , modified_date ) VALUES ( ? , ? , ? , ? , 0 , ? , 0 , NOW() , NULL )
2023-04-12 12:42:10,578 DEBUG [com.study.domain.post.PostMapper.save] ==> Parameters: null, 637번 게시글 제목(String), 637번 게시글 내용(String), 테스터637(String), false(Boolean)
2023-04-12 12:42:10,578  INFO [jdbc.sqlonly] INSERT INTO tb_post (

          id
        , title
        , content
        , writer
        , view_cnt
        , notice_yn
        , delete_yn
        , created_date
        , modified_date

        ) VALUES (
              NULL
            , '637번 게시글 제목'
            , '637번 게시글 내용'
            , '테스터637'
            , 0
            , 0
            , 0
            , NOW()
            , NULL
        )

2023-04-12 12:42:10,579 DEBUG [com.study.domain.post.PostMapper.save] <==    Updates: 1
2023-04-12 12:42:10,579  INFO [jdbc.resultsettable] 
|----------|
|insert_id |
|----------|
|637       |
|----------|

2023-04-12 12:42:10,581 DEBUG [com.study.aop.LoggerAspect] Service ===> com.study.domain.post.PostService.savePost()
2023-04-12 12:42:10,581 DEBUG [com.study.aop.LoggerAspect] Mapper ===> com.study.domain.post.PostMapper.save()
2023-04-12 12:42:10,581 DEBUG [com.study.domain.post.PostMapper.save] ==>  Preparing: INSERT INTO tb_post ( id , title , content , writer , view_cnt , notice_yn , delete_yn , created_date , modified_date ) VALUES ( ? , ? , ? , ? , 0 , ? , 0 , NOW() , NULL )
2023-04-12 12:42:10,581 DEBUG [com.study.domain.post.PostMapper.save] ==> Parameters: null, 638번 게시글 제목(String), 638번 게시글 내용(String), 테스터638(String), false(Boolean)
2023-04-12 12:42:10,581  INFO [jdbc.sqlonly] INSERT INTO tb_post (

          id
        , title
        , content
        , writer
        , view_cnt
        , notice_yn
        , delete_yn
        , created_date
        , modified_date

        ) VALUES (
              NULL
            , '638번 게시글 제목'
            , '638번 게시글 내용'
            , '테스터638'
            , 0
            , 0
            , 0
            , NOW()
            , NULL
        )

2023-04-12 12:42:10,582 DEBUG [com.study.domain.post.PostMapper.save] <==    Updates: 1
2023-04-12 12:42:10,582  INFO [jdbc.resultsettable] 
|----------|
|insert_id |
|----------|
|638       |
|----------|

2023-04-12 12:42:10,589 DEBUG [com.study.aop.LoggerAspect] Service ===> com.study.domain.post.PostService.savePost()
2023-04-12 12:42:10,589 DEBUG [com.study.aop.LoggerAspect] Mapper ===> com.study.domain.post.PostMapper.save()
2023-04-12 12:42:10,589 DEBUG [com.study.domain.post.PostMapper.save] ==>  Preparing: INSERT INTO tb_post ( id , title , content , writer , view_cnt , notice_yn , delete_yn , created_date , modified_date ) VALUES ( ? , ? , ? , ? , 0 , ? , 0 , NOW() , NULL )
2023-04-12 12:42:10,589 DEBUG [com.study.domain.post.PostMapper.save] ==> Parameters: null, 639번 게시글 제목(String), 639번 게시글 내용(String), 테스터639(String), false(Boolean)
2023-04-12 12:42:10,589  INFO [jdbc.sqlonly] INSERT INTO tb_post (

          id
        , title
        , content
        , writer
        , view_cnt
        , notice_yn
        , delete_yn
        , created_date
        , modified_date

        ) VALUES (
              NULL
            , '639번 게시글 제목'
            , '639번 게시글 내용'
            , '테스터639'
            , 0
            , 0
            , 0
            , NOW()
            , NULL
        )

2023-04-12 12:42:10,590 DEBUG [com.study.domain.post.PostMapper.save] <==    Updates: 1
2023-04-12 12:42:10,590  INFO [jdbc.resultsettable] 
|----------|
|insert_id |
|----------|
|639       |
|----------|

2023-04-12 12:42:10,602 DEBUG [com.study.aop.LoggerAspect] Service ===> com.study.domain.post.PostService.savePost()
2023-04-12 12:42:10,602 DEBUG [com.study.aop.LoggerAspect] Mapper ===> com.study.domain.post.PostMapper.save()
2023-04-12 12:42:10,602 DEBUG [com.study.domain.post.PostMapper.save] ==>  Preparing: INSERT INTO tb_post ( id , title , content , writer , view_cnt , notice_yn , delete_yn , created_date , modified_date ) VALUES ( ? , ? , ? , ? , 0 , ? , 0 , NOW() , NULL )
2023-04-12 12:42:10,602 DEBUG [com.study.domain.post.PostMapper.save] ==> Parameters: null, 640번 게시글 제목(String), 640번 게시글 내용(String), 테스터640(String), false(Boolean)
2023-04-12 12:42:10,602  INFO [jdbc.sqlonly] INSERT INTO tb_post (

          id
        , title
        , content
        , writer
        , view_cnt
        , notice_yn
        , delete_yn
        , created_date
        , modified_date

        ) VALUES (
              NULL
            , '640번 게시글 제목'
            , '640번 게시글 내용'
            , '테스터640'
            , 0
            , 0
            , 0
            , NOW()
            , NULL
        )

2023-04-12 12:42:10,602 DEBUG [com.study.domain.post.PostMapper.save] <==    Updates: 1
2023-04-12 12:42:10,603  INFO [jdbc.resultsettable] 
|----------|
|insert_id |
|----------|
|640       |
|----------|

2023-04-12 12:42:10,613 DEBUG [com.study.aop.LoggerAspect] Service ===> com.study.domain.post.PostService.savePost()
2023-04-12 12:42:10,613 DEBUG [com.study.aop.LoggerAspect] Mapper ===> com.study.domain.post.PostMapper.save()
2023-04-12 12:42:10,613 DEBUG [com.study.domain.post.PostMapper.save] ==>  Preparing: INSERT INTO tb_post ( id , title , content , writer , view_cnt , notice_yn , delete_yn , created_date , modified_date ) VALUES ( ? , ? , ? , ? , 0 , ? , 0 , NOW() , NULL )
2023-04-12 12:42:10,613 DEBUG [com.study.domain.post.PostMapper.save] ==> Parameters: null, 641번 게시글 제목(String), 641번 게시글 내용(String), 테스터641(String), false(Boolean)
2023-04-12 12:42:10,613  INFO [jdbc.sqlonly] INSERT INTO tb_post (

          id
        , title
        , content
        , writer
        , view_cnt
        , notice_yn
        , delete_yn
        , created_date
        , modified_date

        ) VALUES (
              NULL
            , '641번 게시글 제목'
            , '641번 게시글 내용'
            , '테스터641'
            , 0
            , 0
            , 0
            , NOW()
            , NULL
        )

2023-04-12 12:42:10,614 DEBUG [com.study.domain.post.PostMapper.save] <==    Updates: 1
2023-04-12 12:42:10,614  INFO [jdbc.resultsettable] 
|----------|
|insert_id |
|----------|
|641       |
|----------|

2023-04-12 12:42:10,616 DEBUG [com.study.aop.LoggerAspect] Service ===> com.study.domain.post.PostService.savePost()
2023-04-12 12:42:10,616 DEBUG [com.study.aop.LoggerAspect] Mapper ===> com.study.domain.post.PostMapper.save()
2023-04-12 12:42:10,616 DEBUG [com.study.domain.post.PostMapper.save] ==>  Preparing: INSERT INTO tb_post ( id , title , content , writer , view_cnt , notice_yn , delete_yn , created_date , modified_date ) VALUES ( ? , ? , ? , ? , 0 , ? , 0 , NOW() , NULL )
2023-04-12 12:42:10,616 DEBUG [com.study.domain.post.PostMapper.save] ==> Parameters: null, 642번 게시글 제목(String), 642번 게시글 내용(String), 테스터642(String), false(Boolean)
2023-04-12 12:42:10,616  INFO [jdbc.sqlonly] INSERT INTO tb_post (

          id
        , title
        , content
        , writer
        , view_cnt
        , notice_yn
        , delete_yn
        , created_date
        , modified_date

        ) VALUES (
              NULL
            , '642번 게시글 제목'
            , '642번 게시글 내용'
            , '테스터642'
            , 0
            , 0
            , 0
            , NOW()
            , NULL
        )

2023-04-12 12:42:10,616 DEBUG [com.study.domain.post.PostMapper.save] <==    Updates: 1
2023-04-12 12:42:10,616  INFO [jdbc.resultsettable] 
|----------|
|insert_id |
|----------|
|642       |
|----------|

2023-04-12 12:42:10,618 DEBUG [com.study.aop.LoggerAspect] Service ===> com.study.domain.post.PostService.savePost()
2023-04-12 12:42:10,618 DEBUG [com.study.aop.LoggerAspect] Mapper ===> com.study.domain.post.PostMapper.save()
2023-04-12 12:42:10,618 DEBUG [com.study.domain.post.PostMapper.save] ==>  Preparing: INSERT INTO tb_post ( id , title , content , writer , view_cnt , notice_yn , delete_yn , created_date , modified_date ) VALUES ( ? , ? , ? , ? , 0 , ? , 0 , NOW() , NULL )
2023-04-12 12:42:10,618 DEBUG [com.study.domain.post.PostMapper.save] ==> Parameters: null, 643번 게시글 제목(String), 643번 게시글 내용(String), 테스터643(String), false(Boolean)
2023-04-12 12:42:10,618  INFO [jdbc.sqlonly] INSERT INTO tb_post (

          id
        , title
        , content
        , writer
        , view_cnt
        , notice_yn
        , delete_yn
        , created_date
        , modified_date

        ) VALUES (
              NULL
            , '643번 게시글 제목'
            , '643번 게시글 내용'
            , '테스터643'
            , 0
            , 0
            , 0
            , NOW()
            , NULL
        )

2023-04-12 12:42:10,619 DEBUG [com.study.domain.post.PostMapper.save] <==    Updates: 1
2023-04-12 12:42:10,619  INFO [jdbc.resultsettable] 
|----------|
|insert_id |
|----------|
|643       |
|----------|

2023-04-12 12:42:10,621 DEBUG [com.study.aop.LoggerAspect] Service ===> com.study.domain.post.PostService.savePost()
2023-04-12 12:42:10,621 DEBUG [com.study.aop.LoggerAspect] Mapper ===> com.study.domain.post.PostMapper.save()
2023-04-12 12:42:10,621 DEBUG [com.study.domain.post.PostMapper.save] ==>  Preparing: INSERT INTO tb_post ( id , title , content , writer , view_cnt , notice_yn , delete_yn , created_date , modified_date ) VALUES ( ? , ? , ? , ? , 0 , ? , 0 , NOW() , NULL )
2023-04-12 12:42:10,621 DEBUG [com.study.domain.post.PostMapper.save] ==> Parameters: null, 644번 게시글 제목(String), 644번 게시글 내용(String), 테스터644(String), false(Boolean)
2023-04-12 12:42:10,621  INFO [jdbc.sqlonly] INSERT INTO tb_post (

          id
        , title
        , content
        , writer
        , view_cnt
        , notice_yn
        , delete_yn
        , created_date
        , modified_date

        ) VALUES (
              NULL
            , '644번 게시글 제목'
            , '644번 게시글 내용'
            , '테스터644'
            , 0
            , 0
            , 0
            , NOW()
            , NULL
        )

2023-04-12 12:42:10,622 DEBUG [com.study.domain.post.PostMapper.save] <==    Updates: 1
2023-04-12 12:42:10,622  INFO [jdbc.resultsettable] 
|----------|
|insert_id |
|----------|
|644       |
|----------|

2023-04-12 12:42:10,624 DEBUG [com.study.aop.LoggerAspect] Service ===> com.study.domain.post.PostService.savePost()
2023-04-12 12:42:10,624 DEBUG [com.study.aop.LoggerAspect] Mapper ===> com.study.domain.post.PostMapper.save()
2023-04-12 12:42:10,624 DEBUG [com.study.domain.post.PostMapper.save] ==>  Preparing: INSERT INTO tb_post ( id , title , content , writer , view_cnt , notice_yn , delete_yn , created_date , modified_date ) VALUES ( ? , ? , ? , ? , 0 , ? , 0 , NOW() , NULL )
2023-04-12 12:42:10,624 DEBUG [com.study.domain.post.PostMapper.save] ==> Parameters: null, 645번 게시글 제목(String), 645번 게시글 내용(String), 테스터645(String), false(Boolean)
2023-04-12 12:42:10,624  INFO [jdbc.sqlonly] INSERT INTO tb_post (

          id
        , title
        , content
        , writer
        , view_cnt
        , notice_yn
        , delete_yn
        , created_date
        , modified_date

        ) VALUES (
              NULL
            , '645번 게시글 제목'
            , '645번 게시글 내용'
            , '테스터645'
            , 0
            , 0
            , 0
            , NOW()
            , NULL
        )

2023-04-12 12:42:10,624 DEBUG [com.study.domain.post.PostMapper.save] <==    Updates: 1
2023-04-12 12:42:10,624  INFO [jdbc.resultsettable] 
|----------|
|insert_id |
|----------|
|645       |
|----------|

2023-04-12 12:42:10,626 DEBUG [com.study.aop.LoggerAspect] Service ===> com.study.domain.post.PostService.savePost()
2023-04-12 12:42:10,626 DEBUG [com.study.aop.LoggerAspect] Mapper ===> com.study.domain.post.PostMapper.save()
2023-04-12 12:42:10,626 DEBUG [com.study.domain.post.PostMapper.save] ==>  Preparing: INSERT INTO tb_post ( id , title , content , writer , view_cnt , notice_yn , delete_yn , created_date , modified_date ) VALUES ( ? , ? , ? , ? , 0 , ? , 0 , NOW() , NULL )
2023-04-12 12:42:10,626 DEBUG [com.study.domain.post.PostMapper.save] ==> Parameters: null, 646번 게시글 제목(String), 646번 게시글 내용(String), 테스터646(String), false(Boolean)
2023-04-12 12:42:10,626  INFO [jdbc.sqlonly] INSERT INTO tb_post (

          id
        , title
        , content
        , writer
        , view_cnt
        , notice_yn
        , delete_yn
        , created_date
        , modified_date

        ) VALUES (
              NULL
            , '646번 게시글 제목'
            , '646번 게시글 내용'
            , '테스터646'
            , 0
            , 0
            , 0
            , NOW()
            , NULL
        )

2023-04-12 12:42:10,626 DEBUG [com.study.domain.post.PostMapper.save] <==    Updates: 1
2023-04-12 12:42:10,627  INFO [jdbc.resultsettable] 
|----------|
|insert_id |
|----------|
|646       |
|----------|

2023-04-12 12:42:10,628 DEBUG [com.study.aop.LoggerAspect] Service ===> com.study.domain.post.PostService.savePost()
2023-04-12 12:42:10,628 DEBUG [com.study.aop.LoggerAspect] Mapper ===> com.study.domain.post.PostMapper.save()
2023-04-12 12:42:10,628 DEBUG [com.study.domain.post.PostMapper.save] ==>  Preparing: INSERT INTO tb_post ( id , title , content , writer , view_cnt , notice_yn , delete_yn , created_date , modified_date ) VALUES ( ? , ? , ? , ? , 0 , ? , 0 , NOW() , NULL )
2023-04-12 12:42:10,628 DEBUG [com.study.domain.post.PostMapper.save] ==> Parameters: null, 647번 게시글 제목(String), 647번 게시글 내용(String), 테스터647(String), false(Boolean)
2023-04-12 12:42:10,628  INFO [jdbc.sqlonly] INSERT INTO tb_post (

          id
        , title
        , content
        , writer
        , view_cnt
        , notice_yn
        , delete_yn
        , created_date
        , modified_date

        ) VALUES (
              NULL
            , '647번 게시글 제목'
            , '647번 게시글 내용'
            , '테스터647'
            , 0
            , 0
            , 0
            , NOW()
            , NULL
        )

2023-04-12 12:42:10,629 DEBUG [com.study.domain.post.PostMapper.save] <==    Updates: 1
2023-04-12 12:42:10,629  INFO [jdbc.resultsettable] 
|----------|
|insert_id |
|----------|
|647       |
|----------|

2023-04-12 12:42:10,633 DEBUG [com.study.aop.LoggerAspect] Service ===> com.study.domain.post.PostService.savePost()
2023-04-12 12:42:10,633 DEBUG [com.study.aop.LoggerAspect] Mapper ===> com.study.domain.post.PostMapper.save()
2023-04-12 12:42:10,633 DEBUG [com.study.domain.post.PostMapper.save] ==>  Preparing: INSERT INTO tb_post ( id , title , content , writer , view_cnt , notice_yn , delete_yn , created_date , modified_date ) VALUES ( ? , ? , ? , ? , 0 , ? , 0 , NOW() , NULL )
2023-04-12 12:42:10,633 DEBUG [com.study.domain.post.PostMapper.save] ==> Parameters: null, 648번 게시글 제목(String), 648번 게시글 내용(String), 테스터648(String), false(Boolean)
2023-04-12 12:42:10,633  INFO [jdbc.sqlonly] INSERT INTO tb_post (

          id
        , title
        , content
        , writer
        , view_cnt
        , notice_yn
        , delete_yn
        , created_date
        , modified_date

        ) VALUES (
              NULL
            , '648번 게시글 제목'
            , '648번 게시글 내용'
            , '테스터648'
            , 0
            , 0
            , 0
            , NOW()
            , NULL
        )

2023-04-12 12:42:10,634 DEBUG [com.study.domain.post.PostMapper.save] <==    Updates: 1
2023-04-12 12:42:10,634  INFO [jdbc.resultsettable] 
|----------|
|insert_id |
|----------|
|648       |
|----------|

2023-04-12 12:42:10,636 DEBUG [com.study.aop.LoggerAspect] Service ===> com.study.domain.post.PostService.savePost()
2023-04-12 12:42:10,636 DEBUG [com.study.aop.LoggerAspect] Mapper ===> com.study.domain.post.PostMapper.save()
2023-04-12 12:42:10,637 DEBUG [com.study.domain.post.PostMapper.save] ==>  Preparing: INSERT INTO tb_post ( id , title , content , writer , view_cnt , notice_yn , delete_yn , created_date , modified_date ) VALUES ( ? , ? , ? , ? , 0 , ? , 0 , NOW() , NULL )
2023-04-12 12:42:10,637 DEBUG [com.study.domain.post.PostMapper.save] ==> Parameters: null, 649번 게시글 제목(String), 649번 게시글 내용(String), 테스터649(String), false(Boolean)
2023-04-12 12:42:10,637  INFO [jdbc.sqlonly] INSERT INTO tb_post (

          id
        , title
        , content
        , writer
        , view_cnt
        , notice_yn
        , delete_yn
        , created_date
        , modified_date

        ) VALUES (
              NULL
            , '649번 게시글 제목'
            , '649번 게시글 내용'
            , '테스터649'
            , 0
            , 0
            , 0
            , NOW()
            , NULL
        )

2023-04-12 12:42:10,637 DEBUG [com.study.domain.post.PostMapper.save] <==    Updates: 1
2023-04-12 12:42:10,637  INFO [jdbc.resultsettable] 
|----------|
|insert_id |
|----------|
|649       |
|----------|

2023-04-12 12:42:10,640 DEBUG [com.study.aop.LoggerAspect] Service ===> com.study.domain.post.PostService.savePost()
2023-04-12 12:42:10,640 DEBUG [com.study.aop.LoggerAspect] Mapper ===> com.study.domain.post.PostMapper.save()
2023-04-12 12:42:10,640 DEBUG [com.study.domain.post.PostMapper.save] ==>  Preparing: INSERT INTO tb_post ( id , title , content , writer , view_cnt , notice_yn , delete_yn , created_date , modified_date ) VALUES ( ? , ? , ? , ? , 0 , ? , 0 , NOW() , NULL )
2023-04-12 12:42:10,640 DEBUG [com.study.domain.post.PostMapper.save] ==> Parameters: null, 650번 게시글 제목(String), 650번 게시글 내용(String), 테스터650(String), false(Boolean)
2023-04-12 12:42:10,640  INFO [jdbc.sqlonly] INSERT INTO tb_post (

          id
        , title
        , content
        , writer
        , view_cnt
        , notice_yn
        , delete_yn
        , created_date
        , modified_date

        ) VALUES (
              NULL
            , '650번 게시글 제목'
            , '650번 게시글 내용'
            , '테스터650'
            , 0
            , 0
            , 0
            , NOW()
            , NULL
        )

2023-04-12 12:42:10,641 DEBUG [com.study.domain.post.PostMapper.save] <==    Updates: 1
2023-04-12 12:42:10,641  INFO [jdbc.resultsettable] 
|----------|
|insert_id |
|----------|
|650       |
|----------|

2023-04-12 12:42:10,643 DEBUG [com.study.aop.LoggerAspect] Service ===> com.study.domain.post.PostService.savePost()
2023-04-12 12:42:10,643 DEBUG [com.study.aop.LoggerAspect] Mapper ===> com.study.domain.post.PostMapper.save()
2023-04-12 12:42:10,643 DEBUG [com.study.domain.post.PostMapper.save] ==>  Preparing: INSERT INTO tb_post ( id , title , content , writer , view_cnt , notice_yn , delete_yn , created_date , modified_date ) VALUES ( ? , ? , ? , ? , 0 , ? , 0 , NOW() , NULL )
2023-04-12 12:42:10,644 DEBUG [com.study.domain.post.PostMapper.save] ==> Parameters: null, 651번 게시글 제목(String), 651번 게시글 내용(String), 테스터651(String), false(Boolean)
2023-04-12 12:42:10,644  INFO [jdbc.sqlonly] INSERT INTO tb_post (

          id
        , title
        , content
        , writer
        , view_cnt
        , notice_yn
        , delete_yn
        , created_date
        , modified_date

        ) VALUES (
              NULL
            , '651번 게시글 제목'
            , '651번 게시글 내용'
            , '테스터651'
            , 0
            , 0
            , 0
            , NOW()
            , NULL
        )

2023-04-12 12:42:10,644 DEBUG [com.study.domain.post.PostMapper.save] <==    Updates: 1
2023-04-12 12:42:10,644  INFO [jdbc.resultsettable] 
|----------|
|insert_id |
|----------|
|651       |
|----------|

2023-04-12 12:42:10,646 DEBUG [com.study.aop.LoggerAspect] Service ===> com.study.domain.post.PostService.savePost()
2023-04-12 12:42:10,646 DEBUG [com.study.aop.LoggerAspect] Mapper ===> com.study.domain.post.PostMapper.save()
2023-04-12 12:42:10,646 DEBUG [com.study.domain.post.PostMapper.save] ==>  Preparing: INSERT INTO tb_post ( id , title , content , writer , view_cnt , notice_yn , delete_yn , created_date , modified_date ) VALUES ( ? , ? , ? , ? , 0 , ? , 0 , NOW() , NULL )
2023-04-12 12:42:10,646 DEBUG [com.study.domain.post.PostMapper.save] ==> Parameters: null, 652번 게시글 제목(String), 652번 게시글 내용(String), 테스터652(String), false(Boolean)
2023-04-12 12:42:10,646  INFO [jdbc.sqlonly] INSERT INTO tb_post (

          id
        , title
        , content
        , writer
        , view_cnt
        , notice_yn
        , delete_yn
        , created_date
        , modified_date

        ) VALUES (
              NULL
            , '652번 게시글 제목'
            , '652번 게시글 내용'
            , '테스터652'
            , 0
            , 0
            , 0
            , NOW()
            , NULL
        )

2023-04-12 12:42:10,647 DEBUG [com.study.domain.post.PostMapper.save] <==    Updates: 1
2023-04-12 12:42:10,647  INFO [jdbc.resultsettable] 
|----------|
|insert_id |
|----------|
|652       |
|----------|

2023-04-12 12:42:10,652 DEBUG [com.study.aop.LoggerAspect] Service ===> com.study.domain.post.PostService.savePost()
2023-04-12 12:42:10,652 DEBUG [com.study.aop.LoggerAspect] Mapper ===> com.study.domain.post.PostMapper.save()
2023-04-12 12:42:10,652 DEBUG [com.study.domain.post.PostMapper.save] ==>  Preparing: INSERT INTO tb_post ( id , title , content , writer , view_cnt , notice_yn , delete_yn , created_date , modified_date ) VALUES ( ? , ? , ? , ? , 0 , ? , 0 , NOW() , NULL )
2023-04-12 12:42:10,652 DEBUG [com.study.domain.post.PostMapper.save] ==> Parameters: null, 653번 게시글 제목(String), 653번 게시글 내용(String), 테스터653(String), false(Boolean)
2023-04-12 12:42:10,652  INFO [jdbc.sqlonly] INSERT INTO tb_post (

          id
        , title
        , content
        , writer
        , view_cnt
        , notice_yn
        , delete_yn
        , created_date
        , modified_date

        ) VALUES (
              NULL
            , '653번 게시글 제목'
            , '653번 게시글 내용'
            , '테스터653'
            , 0
            , 0
            , 0
            , NOW()
            , NULL
        )

2023-04-12 12:42:10,653 DEBUG [com.study.domain.post.PostMapper.save] <==    Updates: 1
2023-04-12 12:42:10,653  INFO [jdbc.resultsettable] 
|----------|
|insert_id |
|----------|
|653       |
|----------|

2023-04-12 12:42:10,665 DEBUG [com.study.aop.LoggerAspect] Service ===> com.study.domain.post.PostService.savePost()
2023-04-12 12:42:10,665 DEBUG [com.study.aop.LoggerAspect] Mapper ===> com.study.domain.post.PostMapper.save()
2023-04-12 12:42:10,665 DEBUG [com.study.domain.post.PostMapper.save] ==>  Preparing: INSERT INTO tb_post ( id , title , content , writer , view_cnt , notice_yn , delete_yn , created_date , modified_date ) VALUES ( ? , ? , ? , ? , 0 , ? , 0 , NOW() , NULL )
2023-04-12 12:42:10,665 DEBUG [com.study.domain.post.PostMapper.save] ==> Parameters: null, 654번 게시글 제목(String), 654번 게시글 내용(String), 테스터654(String), false(Boolean)
2023-04-12 12:42:10,665  INFO [jdbc.sqlonly] INSERT INTO tb_post (

          id
        , title
        , content
        , writer
        , view_cnt
        , notice_yn
        , delete_yn
        , created_date
        , modified_date

        ) VALUES (
              NULL
            , '654번 게시글 제목'
            , '654번 게시글 내용'
            , '테스터654'
            , 0
            , 0
            , 0
            , NOW()
            , NULL
        )

2023-04-12 12:42:10,666 DEBUG [com.study.domain.post.PostMapper.save] <==    Updates: 1
2023-04-12 12:42:10,670  INFO [jdbc.resultsettable] 
|----------|
|insert_id |
|----------|
|654       |
|----------|

2023-04-12 12:42:10,674 DEBUG [com.study.aop.LoggerAspect] Service ===> com.study.domain.post.PostService.savePost()
2023-04-12 12:42:10,674 DEBUG [com.study.aop.LoggerAspect] Mapper ===> com.study.domain.post.PostMapper.save()
2023-04-12 12:42:10,674 DEBUG [com.study.domain.post.PostMapper.save] ==>  Preparing: INSERT INTO tb_post ( id , title , content , writer , view_cnt , notice_yn , delete_yn , created_date , modified_date ) VALUES ( ? , ? , ? , ? , 0 , ? , 0 , NOW() , NULL )
2023-04-12 12:42:10,674 DEBUG [com.study.domain.post.PostMapper.save] ==> Parameters: null, 655번 게시글 제목(String), 655번 게시글 내용(String), 테스터655(String), false(Boolean)
2023-04-12 12:42:10,674  INFO [jdbc.sqlonly] INSERT INTO tb_post (

          id
        , title
        , content
        , writer
        , view_cnt
        , notice_yn
        , delete_yn
        , created_date
        , modified_date

        ) VALUES (
              NULL
            , '655번 게시글 제목'
            , '655번 게시글 내용'
            , '테스터655'
            , 0
            , 0
            , 0
            , NOW()
            , NULL
        )

2023-04-12 12:42:10,680 DEBUG [com.study.domain.post.PostMapper.save] <==    Updates: 1
2023-04-12 12:42:10,681  INFO [jdbc.resultsettable] 
|----------|
|insert_id |
|----------|
|655       |
|----------|

2023-04-12 12:42:10,689 DEBUG [com.study.aop.LoggerAspect] Service ===> com.study.domain.post.PostService.savePost()
2023-04-12 12:42:10,690 DEBUG [com.study.aop.LoggerAspect] Mapper ===> com.study.domain.post.PostMapper.save()
2023-04-12 12:42:10,690 DEBUG [com.study.domain.post.PostMapper.save] ==>  Preparing: INSERT INTO tb_post ( id , title , content , writer , view_cnt , notice_yn , delete_yn , created_date , modified_date ) VALUES ( ? , ? , ? , ? , 0 , ? , 0 , NOW() , NULL )
2023-04-12 12:42:10,690 DEBUG [com.study.domain.post.PostMapper.save] ==> Parameters: null, 656번 게시글 제목(String), 656번 게시글 내용(String), 테스터656(String), false(Boolean)
2023-04-12 12:42:10,690  INFO [jdbc.sqlonly] INSERT INTO tb_post (

          id
        , title
        , content
        , writer
        , view_cnt
        , notice_yn
        , delete_yn
        , created_date
        , modified_date

        ) VALUES (
              NULL
            , '656번 게시글 제목'
            , '656번 게시글 내용'
            , '테스터656'
            , 0
            , 0
            , 0
            , NOW()
            , NULL
        )

2023-04-12 12:42:10,690 DEBUG [com.study.domain.post.PostMapper.save] <==    Updates: 1
2023-04-12 12:42:10,691  INFO [jdbc.resultsettable] 
|----------|
|insert_id |
|----------|
|656       |
|----------|

2023-04-12 12:42:10,702 DEBUG [com.study.aop.LoggerAspect] Service ===> com.study.domain.post.PostService.savePost()
2023-04-12 12:42:10,702 DEBUG [com.study.aop.LoggerAspect] Mapper ===> com.study.domain.post.PostMapper.save()
2023-04-12 12:42:10,703 DEBUG [com.study.domain.post.PostMapper.save] ==>  Preparing: INSERT INTO tb_post ( id , title , content , writer , view_cnt , notice_yn , delete_yn , created_date , modified_date ) VALUES ( ? , ? , ? , ? , 0 , ? , 0 , NOW() , NULL )
2023-04-12 12:42:10,703 DEBUG [com.study.domain.post.PostMapper.save] ==> Parameters: null, 657번 게시글 제목(String), 657번 게시글 내용(String), 테스터657(String), false(Boolean)
2023-04-12 12:42:10,703  INFO [jdbc.sqlonly] INSERT INTO tb_post (

          id
        , title
        , content
        , writer
        , view_cnt
        , notice_yn
        , delete_yn
        , created_date
        , modified_date

        ) VALUES (
              NULL
            , '657번 게시글 제목'
            , '657번 게시글 내용'
            , '테스터657'
            , 0
            , 0
            , 0
            , NOW()
            , NULL
        )

2023-04-12 12:42:10,708 DEBUG [com.study.domain.post.PostMapper.save] <==    Updates: 1
2023-04-12 12:42:10,708  INFO [jdbc.resultsettable] 
|----------|
|insert_id |
|----------|
|657       |
|----------|

2023-04-12 12:42:10,714 DEBUG [com.study.aop.LoggerAspect] Service ===> com.study.domain.post.PostService.savePost()
2023-04-12 12:42:10,714 DEBUG [com.study.aop.LoggerAspect] Mapper ===> com.study.domain.post.PostMapper.save()
2023-04-12 12:42:10,714 DEBUG [com.study.domain.post.PostMapper.save] ==>  Preparing: INSERT INTO tb_post ( id , title , content , writer , view_cnt , notice_yn , delete_yn , created_date , modified_date ) VALUES ( ? , ? , ? , ? , 0 , ? , 0 , NOW() , NULL )
2023-04-12 12:42:10,714 DEBUG [com.study.domain.post.PostMapper.save] ==> Parameters: null, 658번 게시글 제목(String), 658번 게시글 내용(String), 테스터658(String), false(Boolean)
2023-04-12 12:42:10,714  INFO [jdbc.sqlonly] INSERT INTO tb_post (

          id
        , title
        , content
        , writer
        , view_cnt
        , notice_yn
        , delete_yn
        , created_date
        , modified_date

        ) VALUES (
              NULL
            , '658번 게시글 제목'
            , '658번 게시글 내용'
            , '테스터658'
            , 0
            , 0
            , 0
            , NOW()
            , NULL
        )

2023-04-12 12:42:10,715 DEBUG [com.study.domain.post.PostMapper.save] <==    Updates: 1
2023-04-12 12:42:10,715  INFO [jdbc.resultsettable] 
|----------|
|insert_id |
|----------|
|658       |
|----------|

2023-04-12 12:42:10,717 DEBUG [com.study.aop.LoggerAspect] Service ===> com.study.domain.post.PostService.savePost()
2023-04-12 12:42:10,717 DEBUG [com.study.aop.LoggerAspect] Mapper ===> com.study.domain.post.PostMapper.save()
2023-04-12 12:42:10,717 DEBUG [com.study.domain.post.PostMapper.save] ==>  Preparing: INSERT INTO tb_post ( id , title , content , writer , view_cnt , notice_yn , delete_yn , created_date , modified_date ) VALUES ( ? , ? , ? , ? , 0 , ? , 0 , NOW() , NULL )
2023-04-12 12:42:10,717 DEBUG [com.study.domain.post.PostMapper.save] ==> Parameters: null, 659번 게시글 제목(String), 659번 게시글 내용(String), 테스터659(String), false(Boolean)
2023-04-12 12:42:10,717  INFO [jdbc.sqlonly] INSERT INTO tb_post (

          id
        , title
        , content
        , writer
        , view_cnt
        , notice_yn
        , delete_yn
        , created_date
        , modified_date

        ) VALUES (
              NULL
            , '659번 게시글 제목'
            , '659번 게시글 내용'
            , '테스터659'
            , 0
            , 0
            , 0
            , NOW()
            , NULL
        )

2023-04-12 12:42:10,718 DEBUG [com.study.domain.post.PostMapper.save] <==    Updates: 1
2023-04-12 12:42:10,718  INFO [jdbc.resultsettable] 
|----------|
|insert_id |
|----------|
|659       |
|----------|

2023-04-12 12:42:10,721 DEBUG [com.study.aop.LoggerAspect] Service ===> com.study.domain.post.PostService.savePost()
2023-04-12 12:42:10,721 DEBUG [com.study.aop.LoggerAspect] Mapper ===> com.study.domain.post.PostMapper.save()
2023-04-12 12:42:10,721 DEBUG [com.study.domain.post.PostMapper.save] ==>  Preparing: INSERT INTO tb_post ( id , title , content , writer , view_cnt , notice_yn , delete_yn , created_date , modified_date ) VALUES ( ? , ? , ? , ? , 0 , ? , 0 , NOW() , NULL )
2023-04-12 12:42:10,722 DEBUG [com.study.domain.post.PostMapper.save] ==> Parameters: null, 660번 게시글 제목(String), 660번 게시글 내용(String), 테스터660(String), false(Boolean)
2023-04-12 12:42:10,723  INFO [jdbc.sqlonly] INSERT INTO tb_post (

          id
        , title
        , content
        , writer
        , view_cnt
        , notice_yn
        , delete_yn
        , created_date
        , modified_date

        ) VALUES (
              NULL
            , '660번 게시글 제목'
            , '660번 게시글 내용'
            , '테스터660'
            , 0
            , 0
            , 0
            , NOW()
            , NULL
        )

2023-04-12 12:42:10,723 DEBUG [com.study.domain.post.PostMapper.save] <==    Updates: 1
2023-04-12 12:42:10,724  INFO [jdbc.resultsettable] 
|----------|
|insert_id |
|----------|
|660       |
|----------|

2023-04-12 12:42:10,726 DEBUG [com.study.aop.LoggerAspect] Service ===> com.study.domain.post.PostService.savePost()
2023-04-12 12:42:10,726 DEBUG [com.study.aop.LoggerAspect] Mapper ===> com.study.domain.post.PostMapper.save()
2023-04-12 12:42:10,726 DEBUG [com.study.domain.post.PostMapper.save] ==>  Preparing: INSERT INTO tb_post ( id , title , content , writer , view_cnt , notice_yn , delete_yn , created_date , modified_date ) VALUES ( ? , ? , ? , ? , 0 , ? , 0 , NOW() , NULL )
2023-04-12 12:42:10,727 DEBUG [com.study.domain.post.PostMapper.save] ==> Parameters: null, 661번 게시글 제목(String), 661번 게시글 내용(String), 테스터661(String), false(Boolean)
2023-04-12 12:42:10,727  INFO [jdbc.sqlonly] INSERT INTO tb_post (

          id
        , title
        , content
        , writer
        , view_cnt
        , notice_yn
        , delete_yn
        , created_date
        , modified_date

        ) VALUES (
              NULL
            , '661번 게시글 제목'
            , '661번 게시글 내용'
            , '테스터661'
            , 0
            , 0
            , 0
            , NOW()
            , NULL
        )

2023-04-12 12:42:10,727 DEBUG [com.study.domain.post.PostMapper.save] <==    Updates: 1
2023-04-12 12:42:10,727  INFO [jdbc.resultsettable] 
|----------|
|insert_id |
|----------|
|661       |
|----------|

2023-04-12 12:42:10,729 DEBUG [com.study.aop.LoggerAspect] Service ===> com.study.domain.post.PostService.savePost()
2023-04-12 12:42:10,730 DEBUG [com.study.aop.LoggerAspect] Mapper ===> com.study.domain.post.PostMapper.save()
2023-04-12 12:42:10,730 DEBUG [com.study.domain.post.PostMapper.save] ==>  Preparing: INSERT INTO tb_post ( id , title , content , writer , view_cnt , notice_yn , delete_yn , created_date , modified_date ) VALUES ( ? , ? , ? , ? , 0 , ? , 0 , NOW() , NULL )
2023-04-12 12:42:10,730 DEBUG [com.study.domain.post.PostMapper.save] ==> Parameters: null, 662번 게시글 제목(String), 662번 게시글 내용(String), 테스터662(String), false(Boolean)
2023-04-12 12:42:10,730  INFO [jdbc.sqlonly] INSERT INTO tb_post (

          id
        , title
        , content
        , writer
        , view_cnt
        , notice_yn
        , delete_yn
        , created_date
        , modified_date

        ) VALUES (
              NULL
            , '662번 게시글 제목'
            , '662번 게시글 내용'
            , '테스터662'
            , 0
            , 0
            , 0
            , NOW()
            , NULL
        )

2023-04-12 12:42:10,730 DEBUG [com.study.domain.post.PostMapper.save] <==    Updates: 1
2023-04-12 12:42:10,730  INFO [jdbc.resultsettable] 
|----------|
|insert_id |
|----------|
|662       |
|----------|

2023-04-12 12:42:10,732 DEBUG [com.study.aop.LoggerAspect] Service ===> com.study.domain.post.PostService.savePost()
2023-04-12 12:42:10,732 DEBUG [com.study.aop.LoggerAspect] Mapper ===> com.study.domain.post.PostMapper.save()
2023-04-12 12:42:10,733 DEBUG [com.study.domain.post.PostMapper.save] ==>  Preparing: INSERT INTO tb_post ( id , title , content , writer , view_cnt , notice_yn , delete_yn , created_date , modified_date ) VALUES ( ? , ? , ? , ? , 0 , ? , 0 , NOW() , NULL )
2023-04-12 12:42:10,733 DEBUG [com.study.domain.post.PostMapper.save] ==> Parameters: null, 663번 게시글 제목(String), 663번 게시글 내용(String), 테스터663(String), false(Boolean)
2023-04-12 12:42:10,733  INFO [jdbc.sqlonly] INSERT INTO tb_post (

          id
        , title
        , content
        , writer
        , view_cnt
        , notice_yn
        , delete_yn
        , created_date
        , modified_date

        ) VALUES (
              NULL
            , '663번 게시글 제목'
            , '663번 게시글 내용'
            , '테스터663'
            , 0
            , 0
            , 0
            , NOW()
            , NULL
        )

2023-04-12 12:42:10,735 DEBUG [com.study.domain.post.PostMapper.save] <==    Updates: 1
2023-04-12 12:42:10,735  INFO [jdbc.resultsettable] 
|----------|
|insert_id |
|----------|
|663       |
|----------|

2023-04-12 12:42:10,737 DEBUG [com.study.aop.LoggerAspect] Service ===> com.study.domain.post.PostService.savePost()
2023-04-12 12:42:10,737 DEBUG [com.study.aop.LoggerAspect] Mapper ===> com.study.domain.post.PostMapper.save()
2023-04-12 12:42:10,737 DEBUG [com.study.domain.post.PostMapper.save] ==>  Preparing: INSERT INTO tb_post ( id , title , content , writer , view_cnt , notice_yn , delete_yn , created_date , modified_date ) VALUES ( ? , ? , ? , ? , 0 , ? , 0 , NOW() , NULL )
2023-04-12 12:42:10,737 DEBUG [com.study.domain.post.PostMapper.save] ==> Parameters: null, 664번 게시글 제목(String), 664번 게시글 내용(String), 테스터664(String), false(Boolean)
2023-04-12 12:42:10,737  INFO [jdbc.sqlonly] INSERT INTO tb_post (

          id
        , title
        , content
        , writer
        , view_cnt
        , notice_yn
        , delete_yn
        , created_date
        , modified_date

        ) VALUES (
              NULL
            , '664번 게시글 제목'
            , '664번 게시글 내용'
            , '테스터664'
            , 0
            , 0
            , 0
            , NOW()
            , NULL
        )

2023-04-12 12:42:10,738 DEBUG [com.study.domain.post.PostMapper.save] <==    Updates: 1
2023-04-12 12:42:10,738  INFO [jdbc.resultsettable] 
|----------|
|insert_id |
|----------|
|664       |
|----------|

2023-04-12 12:42:10,741 DEBUG [com.study.aop.LoggerAspect] Service ===> com.study.domain.post.PostService.savePost()
2023-04-12 12:42:10,741 DEBUG [com.study.aop.LoggerAspect] Mapper ===> com.study.domain.post.PostMapper.save()
2023-04-12 12:42:10,741 DEBUG [com.study.domain.post.PostMapper.save] ==>  Preparing: INSERT INTO tb_post ( id , title , content , writer , view_cnt , notice_yn , delete_yn , created_date , modified_date ) VALUES ( ? , ? , ? , ? , 0 , ? , 0 , NOW() , NULL )
2023-04-12 12:42:10,741 DEBUG [com.study.domain.post.PostMapper.save] ==> Parameters: null, 665번 게시글 제목(String), 665번 게시글 내용(String), 테스터665(String), false(Boolean)
2023-04-12 12:42:10,741  INFO [jdbc.sqlonly] INSERT INTO tb_post (

          id
        , title
        , content
        , writer
        , view_cnt
        , notice_yn
        , delete_yn
        , created_date
        , modified_date

        ) VALUES (
              NULL
            , '665번 게시글 제목'
            , '665번 게시글 내용'
            , '테스터665'
            , 0
            , 0
            , 0
            , NOW()
            , NULL
        )

2023-04-12 12:42:10,756 DEBUG [com.study.domain.post.PostMapper.save] <==    Updates: 1
2023-04-12 12:42:10,756  INFO [jdbc.resultsettable] 
|----------|
|insert_id |
|----------|
|665       |
|----------|

2023-04-12 12:42:10,758 DEBUG [com.study.aop.LoggerAspect] Service ===> com.study.domain.post.PostService.savePost()
2023-04-12 12:42:10,758 DEBUG [com.study.aop.LoggerAspect] Mapper ===> com.study.domain.post.PostMapper.save()
2023-04-12 12:42:10,758 DEBUG [com.study.domain.post.PostMapper.save] ==>  Preparing: INSERT INTO tb_post ( id , title , content , writer , view_cnt , notice_yn , delete_yn , created_date , modified_date ) VALUES ( ? , ? , ? , ? , 0 , ? , 0 , NOW() , NULL )
2023-04-12 12:42:10,758 DEBUG [com.study.domain.post.PostMapper.save] ==> Parameters: null, 666번 게시글 제목(String), 666번 게시글 내용(String), 테스터666(String), false(Boolean)
2023-04-12 12:42:10,758  INFO [jdbc.sqlonly] INSERT INTO tb_post (

          id
        , title
        , content
        , writer
        , view_cnt
        , notice_yn
        , delete_yn
        , created_date
        , modified_date

        ) VALUES (
              NULL
            , '666번 게시글 제목'
            , '666번 게시글 내용'
            , '테스터666'
            , 0
            , 0
            , 0
            , NOW()
            , NULL
        )

2023-04-12 12:42:10,758 DEBUG [com.study.domain.post.PostMapper.save] <==    Updates: 1
2023-04-12 12:42:10,759  INFO [jdbc.resultsettable] 
|----------|
|insert_id |
|----------|
|666       |
|----------|

2023-04-12 12:42:10,760 DEBUG [com.study.aop.LoggerAspect] Service ===> com.study.domain.post.PostService.savePost()
2023-04-12 12:42:10,760 DEBUG [com.study.aop.LoggerAspect] Mapper ===> com.study.domain.post.PostMapper.save()
2023-04-12 12:42:10,760 DEBUG [com.study.domain.post.PostMapper.save] ==>  Preparing: INSERT INTO tb_post ( id , title , content , writer , view_cnt , notice_yn , delete_yn , created_date , modified_date ) VALUES ( ? , ? , ? , ? , 0 , ? , 0 , NOW() , NULL )
2023-04-12 12:42:10,760 DEBUG [com.study.domain.post.PostMapper.save] ==> Parameters: null, 667번 게시글 제목(String), 667번 게시글 내용(String), 테스터667(String), false(Boolean)
2023-04-12 12:42:10,760  INFO [jdbc.sqlonly] INSERT INTO tb_post (

          id
        , title
        , content
        , writer
        , view_cnt
        , notice_yn
        , delete_yn
        , created_date
        , modified_date

        ) VALUES (
              NULL
            , '667번 게시글 제목'
            , '667번 게시글 내용'
            , '테스터667'
            , 0
            , 0
            , 0
            , NOW()
            , NULL
        )

2023-04-12 12:42:10,761 DEBUG [com.study.domain.post.PostMapper.save] <==    Updates: 1
2023-04-12 12:42:10,761  INFO [jdbc.resultsettable] 
|----------|
|insert_id |
|----------|
|667       |
|----------|

2023-04-12 12:42:10,766 DEBUG [com.study.aop.LoggerAspect] Service ===> com.study.domain.post.PostService.savePost()
2023-04-12 12:42:10,766 DEBUG [com.study.aop.LoggerAspect] Mapper ===> com.study.domain.post.PostMapper.save()
2023-04-12 12:42:10,766 DEBUG [com.study.domain.post.PostMapper.save] ==>  Preparing: INSERT INTO tb_post ( id , title , content , writer , view_cnt , notice_yn , delete_yn , created_date , modified_date ) VALUES ( ? , ? , ? , ? , 0 , ? , 0 , NOW() , NULL )
2023-04-12 12:42:10,766 DEBUG [com.study.domain.post.PostMapper.save] ==> Parameters: null, 668번 게시글 제목(String), 668번 게시글 내용(String), 테스터668(String), false(Boolean)
2023-04-12 12:42:10,766  INFO [jdbc.sqlonly] INSERT INTO tb_post (

          id
        , title
        , content
        , writer
        , view_cnt
        , notice_yn
        , delete_yn
        , created_date
        , modified_date

        ) VALUES (
              NULL
            , '668번 게시글 제목'
            , '668번 게시글 내용'
            , '테스터668'
            , 0
            , 0
            , 0
            , NOW()
            , NULL
        )

2023-04-12 12:42:10,767 DEBUG [com.study.domain.post.PostMapper.save] <==    Updates: 1
2023-04-12 12:42:10,767  INFO [jdbc.resultsettable] 
|----------|
|insert_id |
|----------|
|668       |
|----------|

2023-04-12 12:42:10,769 DEBUG [com.study.aop.LoggerAspect] Service ===> com.study.domain.post.PostService.savePost()
2023-04-12 12:42:10,769 DEBUG [com.study.aop.LoggerAspect] Mapper ===> com.study.domain.post.PostMapper.save()
2023-04-12 12:42:10,769 DEBUG [com.study.domain.post.PostMapper.save] ==>  Preparing: INSERT INTO tb_post ( id , title , content , writer , view_cnt , notice_yn , delete_yn , created_date , modified_date ) VALUES ( ? , ? , ? , ? , 0 , ? , 0 , NOW() , NULL )
2023-04-12 12:42:10,769 DEBUG [com.study.domain.post.PostMapper.save] ==> Parameters: null, 669번 게시글 제목(String), 669번 게시글 내용(String), 테스터669(String), false(Boolean)
2023-04-12 12:42:10,769  INFO [jdbc.sqlonly] INSERT INTO tb_post (

          id
        , title
        , content
        , writer
        , view_cnt
        , notice_yn
        , delete_yn
        , created_date
        , modified_date

        ) VALUES (
              NULL
            , '669번 게시글 제목'
            , '669번 게시글 내용'
            , '테스터669'
            , 0
            , 0
            , 0
            , NOW()
            , NULL
        )

2023-04-12 12:42:10,770 DEBUG [com.study.domain.post.PostMapper.save] <==    Updates: 1
2023-04-12 12:42:10,770  INFO [jdbc.resultsettable] 
|----------|
|insert_id |
|----------|
|669       |
|----------|

2023-04-12 12:42:10,772 DEBUG [com.study.aop.LoggerAspect] Service ===> com.study.domain.post.PostService.savePost()
2023-04-12 12:42:10,773 DEBUG [com.study.aop.LoggerAspect] Mapper ===> com.study.domain.post.PostMapper.save()
2023-04-12 12:42:10,773 DEBUG [com.study.domain.post.PostMapper.save] ==>  Preparing: INSERT INTO tb_post ( id , title , content , writer , view_cnt , notice_yn , delete_yn , created_date , modified_date ) VALUES ( ? , ? , ? , ? , 0 , ? , 0 , NOW() , NULL )
2023-04-12 12:42:10,773 DEBUG [com.study.domain.post.PostMapper.save] ==> Parameters: null, 670번 게시글 제목(String), 670번 게시글 내용(String), 테스터670(String), false(Boolean)
2023-04-12 12:42:10,773  INFO [jdbc.sqlonly] INSERT INTO tb_post (

          id
        , title
        , content
        , writer
        , view_cnt
        , notice_yn
        , delete_yn
        , created_date
        , modified_date

        ) VALUES (
              NULL
            , '670번 게시글 제목'
            , '670번 게시글 내용'
            , '테스터670'
            , 0
            , 0
            , 0
            , NOW()
            , NULL
        )

2023-04-12 12:42:10,774 DEBUG [com.study.domain.post.PostMapper.save] <==    Updates: 1
2023-04-12 12:42:10,774  INFO [jdbc.resultsettable] 
|----------|
|insert_id |
|----------|
|670       |
|----------|

2023-04-12 12:42:10,776 DEBUG [com.study.aop.LoggerAspect] Service ===> com.study.domain.post.PostService.savePost()
2023-04-12 12:42:10,776 DEBUG [com.study.aop.LoggerAspect] Mapper ===> com.study.domain.post.PostMapper.save()
2023-04-12 12:42:10,776 DEBUG [com.study.domain.post.PostMapper.save] ==>  Preparing: INSERT INTO tb_post ( id , title , content , writer , view_cnt , notice_yn , delete_yn , created_date , modified_date ) VALUES ( ? , ? , ? , ? , 0 , ? , 0 , NOW() , NULL )
2023-04-12 12:42:10,776 DEBUG [com.study.domain.post.PostMapper.save] ==> Parameters: null, 671번 게시글 제목(String), 671번 게시글 내용(String), 테스터671(String), false(Boolean)
2023-04-12 12:42:10,776  INFO [jdbc.sqlonly] INSERT INTO tb_post (

          id
        , title
        , content
        , writer
        , view_cnt
        , notice_yn
        , delete_yn
        , created_date
        , modified_date

        ) VALUES (
              NULL
            , '671번 게시글 제목'
            , '671번 게시글 내용'
            , '테스터671'
            , 0
            , 0
            , 0
            , NOW()
            , NULL
        )

2023-04-12 12:42:10,777 DEBUG [com.study.domain.post.PostMapper.save] <==    Updates: 1
2023-04-12 12:42:10,777  INFO [jdbc.resultsettable] 
|----------|
|insert_id |
|----------|
|671       |
|----------|

2023-04-12 12:42:10,786 DEBUG [com.study.aop.LoggerAspect] Service ===> com.study.domain.post.PostService.savePost()
2023-04-12 12:42:10,786 DEBUG [com.study.aop.LoggerAspect] Mapper ===> com.study.domain.post.PostMapper.save()
2023-04-12 12:42:10,786 DEBUG [com.study.domain.post.PostMapper.save] ==>  Preparing: INSERT INTO tb_post ( id , title , content , writer , view_cnt , notice_yn , delete_yn , created_date , modified_date ) VALUES ( ? , ? , ? , ? , 0 , ? , 0 , NOW() , NULL )
2023-04-12 12:42:10,786 DEBUG [com.study.domain.post.PostMapper.save] ==> Parameters: null, 672번 게시글 제목(String), 672번 게시글 내용(String), 테스터672(String), false(Boolean)
2023-04-12 12:42:10,786  INFO [jdbc.sqlonly] INSERT INTO tb_post (

          id
        , title
        , content
        , writer
        , view_cnt
        , notice_yn
        , delete_yn
        , created_date
        , modified_date

        ) VALUES (
              NULL
            , '672번 게시글 제목'
            , '672번 게시글 내용'
            , '테스터672'
            , 0
            , 0
            , 0
            , NOW()
            , NULL
        )

2023-04-12 12:42:10,786 DEBUG [com.study.domain.post.PostMapper.save] <==    Updates: 1
2023-04-12 12:42:10,787  INFO [jdbc.resultsettable] 
|----------|
|insert_id |
|----------|
|672       |
|----------|

2023-04-12 12:42:10,789 DEBUG [com.study.aop.LoggerAspect] Service ===> com.study.domain.post.PostService.savePost()
2023-04-12 12:42:10,789 DEBUG [com.study.aop.LoggerAspect] Mapper ===> com.study.domain.post.PostMapper.save()
2023-04-12 12:42:10,789 DEBUG [com.study.domain.post.PostMapper.save] ==>  Preparing: INSERT INTO tb_post ( id , title , content , writer , view_cnt , notice_yn , delete_yn , created_date , modified_date ) VALUES ( ? , ? , ? , ? , 0 , ? , 0 , NOW() , NULL )
2023-04-12 12:42:10,789 DEBUG [com.study.domain.post.PostMapper.save] ==> Parameters: null, 673번 게시글 제목(String), 673번 게시글 내용(String), 테스터673(String), false(Boolean)
2023-04-12 12:42:10,790  INFO [jdbc.sqlonly] INSERT INTO tb_post (

          id
        , title
        , content
        , writer
        , view_cnt
        , notice_yn
        , delete_yn
        , created_date
        , modified_date

        ) VALUES (
              NULL
            , '673번 게시글 제목'
            , '673번 게시글 내용'
            , '테스터673'
            , 0
            , 0
            , 0
            , NOW()
            , NULL
        )

2023-04-12 12:42:10,790 DEBUG [com.study.domain.post.PostMapper.save] <==    Updates: 1
2023-04-12 12:42:10,790  INFO [jdbc.resultsettable] 
|----------|
|insert_id |
|----------|
|673       |
|----------|

2023-04-12 12:42:10,792 DEBUG [com.study.aop.LoggerAspect] Service ===> com.study.domain.post.PostService.savePost()
2023-04-12 12:42:10,792 DEBUG [com.study.aop.LoggerAspect] Mapper ===> com.study.domain.post.PostMapper.save()
2023-04-12 12:42:10,792 DEBUG [com.study.domain.post.PostMapper.save] ==>  Preparing: INSERT INTO tb_post ( id , title , content , writer , view_cnt , notice_yn , delete_yn , created_date , modified_date ) VALUES ( ? , ? , ? , ? , 0 , ? , 0 , NOW() , NULL )
2023-04-12 12:42:10,792 DEBUG [com.study.domain.post.PostMapper.save] ==> Parameters: null, 674번 게시글 제목(String), 674번 게시글 내용(String), 테스터674(String), false(Boolean)
2023-04-12 12:42:10,792  INFO [jdbc.sqlonly] INSERT INTO tb_post (

          id
        , title
        , content
        , writer
        , view_cnt
        , notice_yn
        , delete_yn
        , created_date
        , modified_date

        ) VALUES (
              NULL
            , '674번 게시글 제목'
            , '674번 게시글 내용'
            , '테스터674'
            , 0
            , 0
            , 0
            , NOW()
            , NULL
        )

2023-04-12 12:42:10,793 DEBUG [com.study.domain.post.PostMapper.save] <==    Updates: 1
2023-04-12 12:42:10,793  INFO [jdbc.resultsettable] 
|----------|
|insert_id |
|----------|
|674       |
|----------|

2023-04-12 12:42:10,794 DEBUG [com.study.aop.LoggerAspect] Service ===> com.study.domain.post.PostService.savePost()
2023-04-12 12:42:10,794 DEBUG [com.study.aop.LoggerAspect] Mapper ===> com.study.domain.post.PostMapper.save()
2023-04-12 12:42:10,794 DEBUG [com.study.domain.post.PostMapper.save] ==>  Preparing: INSERT INTO tb_post ( id , title , content , writer , view_cnt , notice_yn , delete_yn , created_date , modified_date ) VALUES ( ? , ? , ? , ? , 0 , ? , 0 , NOW() , NULL )
2023-04-12 12:42:10,794 DEBUG [com.study.domain.post.PostMapper.save] ==> Parameters: null, 675번 게시글 제목(String), 675번 게시글 내용(String), 테스터675(String), false(Boolean)
2023-04-12 12:42:10,795  INFO [jdbc.sqlonly] INSERT INTO tb_post (

          id
        , title
        , content
        , writer
        , view_cnt
        , notice_yn
        , delete_yn
        , created_date
        , modified_date

        ) VALUES (
              NULL
            , '675번 게시글 제목'
            , '675번 게시글 내용'
            , '테스터675'
            , 0
            , 0
            , 0
            , NOW()
            , NULL
        )

2023-04-12 12:42:10,795 DEBUG [com.study.domain.post.PostMapper.save] <==    Updates: 1
2023-04-12 12:42:10,795  INFO [jdbc.resultsettable] 
|----------|
|insert_id |
|----------|
|675       |
|----------|

2023-04-12 12:42:10,796 DEBUG [com.study.aop.LoggerAspect] Service ===> com.study.domain.post.PostService.savePost()
2023-04-12 12:42:10,797 DEBUG [com.study.aop.LoggerAspect] Mapper ===> com.study.domain.post.PostMapper.save()
2023-04-12 12:42:10,797 DEBUG [com.study.domain.post.PostMapper.save] ==>  Preparing: INSERT INTO tb_post ( id , title , content , writer , view_cnt , notice_yn , delete_yn , created_date , modified_date ) VALUES ( ? , ? , ? , ? , 0 , ? , 0 , NOW() , NULL )
2023-04-12 12:42:10,797 DEBUG [com.study.domain.post.PostMapper.save] ==> Parameters: null, 676번 게시글 제목(String), 676번 게시글 내용(String), 테스터676(String), false(Boolean)
2023-04-12 12:42:10,797  INFO [jdbc.sqlonly] INSERT INTO tb_post (

          id
        , title
        , content
        , writer
        , view_cnt
        , notice_yn
        , delete_yn
        , created_date
        , modified_date

        ) VALUES (
              NULL
            , '676번 게시글 제목'
            , '676번 게시글 내용'
            , '테스터676'
            , 0
            , 0
            , 0
            , NOW()
            , NULL
        )

2023-04-12 12:42:10,797 DEBUG [com.study.domain.post.PostMapper.save] <==    Updates: 1
2023-04-12 12:42:10,797  INFO [jdbc.resultsettable] 
|----------|
|insert_id |
|----------|
|676       |
|----------|

2023-04-12 12:42:10,799 DEBUG [com.study.aop.LoggerAspect] Service ===> com.study.domain.post.PostService.savePost()
2023-04-12 12:42:10,799 DEBUG [com.study.aop.LoggerAspect] Mapper ===> com.study.domain.post.PostMapper.save()
2023-04-12 12:42:10,799 DEBUG [com.study.domain.post.PostMapper.save] ==>  Preparing: INSERT INTO tb_post ( id , title , content , writer , view_cnt , notice_yn , delete_yn , created_date , modified_date ) VALUES ( ? , ? , ? , ? , 0 , ? , 0 , NOW() , NULL )
2023-04-12 12:42:10,800 DEBUG [com.study.domain.post.PostMapper.save] ==> Parameters: null, 677번 게시글 제목(String), 677번 게시글 내용(String), 테스터677(String), false(Boolean)
2023-04-12 12:42:10,800  INFO [jdbc.sqlonly] INSERT INTO tb_post (

          id
        , title
        , content
        , writer
        , view_cnt
        , notice_yn
        , delete_yn
        , created_date
        , modified_date

        ) VALUES (
              NULL
            , '677번 게시글 제목'
            , '677번 게시글 내용'
            , '테스터677'
            , 0
            , 0
            , 0
            , NOW()
            , NULL
        )

2023-04-12 12:42:10,800 DEBUG [com.study.domain.post.PostMapper.save] <==    Updates: 1
2023-04-12 12:42:10,800  INFO [jdbc.resultsettable] 
|----------|
|insert_id |
|----------|
|677       |
|----------|

2023-04-12 12:42:10,802 DEBUG [com.study.aop.LoggerAspect] Service ===> com.study.domain.post.PostService.savePost()
2023-04-12 12:42:10,802 DEBUG [com.study.aop.LoggerAspect] Mapper ===> com.study.domain.post.PostMapper.save()
2023-04-12 12:42:10,802 DEBUG [com.study.domain.post.PostMapper.save] ==>  Preparing: INSERT INTO tb_post ( id , title , content , writer , view_cnt , notice_yn , delete_yn , created_date , modified_date ) VALUES ( ? , ? , ? , ? , 0 , ? , 0 , NOW() , NULL )
2023-04-12 12:42:10,802 DEBUG [com.study.domain.post.PostMapper.save] ==> Parameters: null, 678번 게시글 제목(String), 678번 게시글 내용(String), 테스터678(String), false(Boolean)
2023-04-12 12:42:10,802  INFO [jdbc.sqlonly] INSERT INTO tb_post (

          id
        , title
        , content
        , writer
        , view_cnt
        , notice_yn
        , delete_yn
        , created_date
        , modified_date

        ) VALUES (
              NULL
            , '678번 게시글 제목'
            , '678번 게시글 내용'
            , '테스터678'
            , 0
            , 0
            , 0
            , NOW()
            , NULL
        )

2023-04-12 12:42:10,802 DEBUG [com.study.domain.post.PostMapper.save] <==    Updates: 1
2023-04-12 12:42:10,803  INFO [jdbc.resultsettable] 
|----------|
|insert_id |
|----------|
|678       |
|----------|

2023-04-12 12:42:10,804 DEBUG [com.study.aop.LoggerAspect] Service ===> com.study.domain.post.PostService.savePost()
2023-04-12 12:42:10,804 DEBUG [com.study.aop.LoggerAspect] Mapper ===> com.study.domain.post.PostMapper.save()
2023-04-12 12:42:10,804 DEBUG [com.study.domain.post.PostMapper.save] ==>  Preparing: INSERT INTO tb_post ( id , title , content , writer , view_cnt , notice_yn , delete_yn , created_date , modified_date ) VALUES ( ? , ? , ? , ? , 0 , ? , 0 , NOW() , NULL )
2023-04-12 12:42:10,804 DEBUG [com.study.domain.post.PostMapper.save] ==> Parameters: null, 679번 게시글 제목(String), 679번 게시글 내용(String), 테스터679(String), false(Boolean)
2023-04-12 12:42:10,804  INFO [jdbc.sqlonly] INSERT INTO tb_post (

          id
        , title
        , content
        , writer
        , view_cnt
        , notice_yn
        , delete_yn
        , created_date
        , modified_date

        ) VALUES (
              NULL
            , '679번 게시글 제목'
            , '679번 게시글 내용'
            , '테스터679'
            , 0
            , 0
            , 0
            , NOW()
            , NULL
        )

2023-04-12 12:42:10,804 DEBUG [com.study.domain.post.PostMapper.save] <==    Updates: 1
2023-04-12 12:42:10,805  INFO [jdbc.resultsettable] 
|----------|
|insert_id |
|----------|
|679       |
|----------|

2023-04-12 12:42:10,806 DEBUG [com.study.aop.LoggerAspect] Service ===> com.study.domain.post.PostService.savePost()
2023-04-12 12:42:10,806 DEBUG [com.study.aop.LoggerAspect] Mapper ===> com.study.domain.post.PostMapper.save()
2023-04-12 12:42:10,806 DEBUG [com.study.domain.post.PostMapper.save] ==>  Preparing: INSERT INTO tb_post ( id , title , content , writer , view_cnt , notice_yn , delete_yn , created_date , modified_date ) VALUES ( ? , ? , ? , ? , 0 , ? , 0 , NOW() , NULL )
2023-04-12 12:42:10,807 DEBUG [com.study.domain.post.PostMapper.save] ==> Parameters: null, 680번 게시글 제목(String), 680번 게시글 내용(String), 테스터680(String), false(Boolean)
2023-04-12 12:42:10,807  INFO [jdbc.sqlonly] INSERT INTO tb_post (

          id
        , title
        , content
        , writer
        , view_cnt
        , notice_yn
        , delete_yn
        , created_date
        , modified_date

        ) VALUES (
              NULL
            , '680번 게시글 제목'
            , '680번 게시글 내용'
            , '테스터680'
            , 0
            , 0
            , 0
            , NOW()
            , NULL
        )

2023-04-12 12:42:10,807 DEBUG [com.study.domain.post.PostMapper.save] <==    Updates: 1
2023-04-12 12:42:10,807  INFO [jdbc.resultsettable] 
|----------|
|insert_id |
|----------|
|680       |
|----------|

2023-04-12 12:42:10,809 DEBUG [com.study.aop.LoggerAspect] Service ===> com.study.domain.post.PostService.savePost()
2023-04-12 12:42:10,809 DEBUG [com.study.aop.LoggerAspect] Mapper ===> com.study.domain.post.PostMapper.save()
2023-04-12 12:42:10,809 DEBUG [com.study.domain.post.PostMapper.save] ==>  Preparing: INSERT INTO tb_post ( id , title , content , writer , view_cnt , notice_yn , delete_yn , created_date , modified_date ) VALUES ( ? , ? , ? , ? , 0 , ? , 0 , NOW() , NULL )
2023-04-12 12:42:10,809 DEBUG [com.study.domain.post.PostMapper.save] ==> Parameters: null, 681번 게시글 제목(String), 681번 게시글 내용(String), 테스터681(String), false(Boolean)
2023-04-12 12:42:10,809  INFO [jdbc.sqlonly] INSERT INTO tb_post (

          id
        , title
        , content
        , writer
        , view_cnt
        , notice_yn
        , delete_yn
        , created_date
        , modified_date

        ) VALUES (
              NULL
            , '681번 게시글 제목'
            , '681번 게시글 내용'
            , '테스터681'
            , 0
            , 0
            , 0
            , NOW()
            , NULL
        )

2023-04-12 12:42:10,809 DEBUG [com.study.domain.post.PostMapper.save] <==    Updates: 1
2023-04-12 12:42:10,809  INFO [jdbc.resultsettable] 
|----------|
|insert_id |
|----------|
|681       |
|----------|

2023-04-12 12:42:10,811 DEBUG [com.study.aop.LoggerAspect] Service ===> com.study.domain.post.PostService.savePost()
2023-04-12 12:42:10,811 DEBUG [com.study.aop.LoggerAspect] Mapper ===> com.study.domain.post.PostMapper.save()
2023-04-12 12:42:10,811 DEBUG [com.study.domain.post.PostMapper.save] ==>  Preparing: INSERT INTO tb_post ( id , title , content , writer , view_cnt , notice_yn , delete_yn , created_date , modified_date ) VALUES ( ? , ? , ? , ? , 0 , ? , 0 , NOW() , NULL )
2023-04-12 12:42:10,811 DEBUG [com.study.domain.post.PostMapper.save] ==> Parameters: null, 682번 게시글 제목(String), 682번 게시글 내용(String), 테스터682(String), false(Boolean)
2023-04-12 12:42:10,811  INFO [jdbc.sqlonly] INSERT INTO tb_post (

          id
        , title
        , content
        , writer
        , view_cnt
        , notice_yn
        , delete_yn
        , created_date
        , modified_date

        ) VALUES (
              NULL
            , '682번 게시글 제목'
            , '682번 게시글 내용'
            , '테스터682'
            , 0
            , 0
            , 0
            , NOW()
            , NULL
        )

2023-04-12 12:42:10,812 DEBUG [com.study.domain.post.PostMapper.save] <==    Updates: 1
2023-04-12 12:42:10,812  INFO [jdbc.resultsettable] 
|----------|
|insert_id |
|----------|
|682       |
|----------|

2023-04-12 12:42:10,814 DEBUG [com.study.aop.LoggerAspect] Service ===> com.study.domain.post.PostService.savePost()
2023-04-12 12:42:10,814 DEBUG [com.study.aop.LoggerAspect] Mapper ===> com.study.domain.post.PostMapper.save()
2023-04-12 12:42:10,814 DEBUG [com.study.domain.post.PostMapper.save] ==>  Preparing: INSERT INTO tb_post ( id , title , content , writer , view_cnt , notice_yn , delete_yn , created_date , modified_date ) VALUES ( ? , ? , ? , ? , 0 , ? , 0 , NOW() , NULL )
2023-04-12 12:42:10,814 DEBUG [com.study.domain.post.PostMapper.save] ==> Parameters: null, 683번 게시글 제목(String), 683번 게시글 내용(String), 테스터683(String), false(Boolean)
2023-04-12 12:42:10,814  INFO [jdbc.sqlonly] INSERT INTO tb_post (

          id
        , title
        , content
        , writer
        , view_cnt
        , notice_yn
        , delete_yn
        , created_date
        , modified_date

        ) VALUES (
              NULL
            , '683번 게시글 제목'
            , '683번 게시글 내용'
            , '테스터683'
            , 0
            , 0
            , 0
            , NOW()
            , NULL
        )

2023-04-12 12:42:10,815 DEBUG [com.study.domain.post.PostMapper.save] <==    Updates: 1
2023-04-12 12:42:10,816  INFO [jdbc.resultsettable] 
|----------|
|insert_id |
|----------|
|683       |
|----------|

2023-04-12 12:42:10,818 DEBUG [com.study.aop.LoggerAspect] Service ===> com.study.domain.post.PostService.savePost()
2023-04-12 12:42:10,818 DEBUG [com.study.aop.LoggerAspect] Mapper ===> com.study.domain.post.PostMapper.save()
2023-04-12 12:42:10,818 DEBUG [com.study.domain.post.PostMapper.save] ==>  Preparing: INSERT INTO tb_post ( id , title , content , writer , view_cnt , notice_yn , delete_yn , created_date , modified_date ) VALUES ( ? , ? , ? , ? , 0 , ? , 0 , NOW() , NULL )
2023-04-12 12:42:10,818 DEBUG [com.study.domain.post.PostMapper.save] ==> Parameters: null, 684번 게시글 제목(String), 684번 게시글 내용(String), 테스터684(String), false(Boolean)
2023-04-12 12:42:10,818  INFO [jdbc.sqlonly] INSERT INTO tb_post (

          id
        , title
        , content
        , writer
        , view_cnt
        , notice_yn
        , delete_yn
        , created_date
        , modified_date

        ) VALUES (
              NULL
            , '684번 게시글 제목'
            , '684번 게시글 내용'
            , '테스터684'
            , 0
            , 0
            , 0
            , NOW()
            , NULL
        )

2023-04-12 12:42:10,820 DEBUG [com.study.domain.post.PostMapper.save] <==    Updates: 1
2023-04-12 12:42:10,820  INFO [jdbc.resultsettable] 
|----------|
|insert_id |
|----------|
|684       |
|----------|

2023-04-12 12:42:10,822 DEBUG [com.study.aop.LoggerAspect] Service ===> com.study.domain.post.PostService.savePost()
2023-04-12 12:42:10,822 DEBUG [com.study.aop.LoggerAspect] Mapper ===> com.study.domain.post.PostMapper.save()
2023-04-12 12:42:10,822 DEBUG [com.study.domain.post.PostMapper.save] ==>  Preparing: INSERT INTO tb_post ( id , title , content , writer , view_cnt , notice_yn , delete_yn , created_date , modified_date ) VALUES ( ? , ? , ? , ? , 0 , ? , 0 , NOW() , NULL )
2023-04-12 12:42:10,822 DEBUG [com.study.domain.post.PostMapper.save] ==> Parameters: null, 685번 게시글 제목(String), 685번 게시글 내용(String), 테스터685(String), false(Boolean)
2023-04-12 12:42:10,822  INFO [jdbc.sqlonly] INSERT INTO tb_post (

          id
        , title
        , content
        , writer
        , view_cnt
        , notice_yn
        , delete_yn
        , created_date
        , modified_date

        ) VALUES (
              NULL
            , '685번 게시글 제목'
            , '685번 게시글 내용'
            , '테스터685'
            , 0
            , 0
            , 0
            , NOW()
            , NULL
        )

2023-04-12 12:42:10,822 DEBUG [com.study.domain.post.PostMapper.save] <==    Updates: 1
2023-04-12 12:42:10,823  INFO [jdbc.resultsettable] 
|----------|
|insert_id |
|----------|
|685       |
|----------|

2023-04-12 12:42:10,824 DEBUG [com.study.aop.LoggerAspect] Service ===> com.study.domain.post.PostService.savePost()
2023-04-12 12:42:10,824 DEBUG [com.study.aop.LoggerAspect] Mapper ===> com.study.domain.post.PostMapper.save()
2023-04-12 12:42:10,824 DEBUG [com.study.domain.post.PostMapper.save] ==>  Preparing: INSERT INTO tb_post ( id , title , content , writer , view_cnt , notice_yn , delete_yn , created_date , modified_date ) VALUES ( ? , ? , ? , ? , 0 , ? , 0 , NOW() , NULL )
2023-04-12 12:42:10,825 DEBUG [com.study.domain.post.PostMapper.save] ==> Parameters: null, 686번 게시글 제목(String), 686번 게시글 내용(String), 테스터686(String), false(Boolean)
2023-04-12 12:42:10,825  INFO [jdbc.sqlonly] INSERT INTO tb_post (

          id
        , title
        , content
        , writer
        , view_cnt
        , notice_yn
        , delete_yn
        , created_date
        , modified_date

        ) VALUES (
              NULL
            , '686번 게시글 제목'
            , '686번 게시글 내용'
            , '테스터686'
            , 0
            , 0
            , 0
            , NOW()
            , NULL
        )

2023-04-12 12:42:10,825 DEBUG [com.study.domain.post.PostMapper.save] <==    Updates: 1
2023-04-12 12:42:10,825  INFO [jdbc.resultsettable] 
|----------|
|insert_id |
|----------|
|686       |
|----------|

2023-04-12 12:42:10,827 DEBUG [com.study.aop.LoggerAspect] Service ===> com.study.domain.post.PostService.savePost()
2023-04-12 12:42:10,827 DEBUG [com.study.aop.LoggerAspect] Mapper ===> com.study.domain.post.PostMapper.save()
2023-04-12 12:42:10,827 DEBUG [com.study.domain.post.PostMapper.save] ==>  Preparing: INSERT INTO tb_post ( id , title , content , writer , view_cnt , notice_yn , delete_yn , created_date , modified_date ) VALUES ( ? , ? , ? , ? , 0 , ? , 0 , NOW() , NULL )
2023-04-12 12:42:10,827 DEBUG [com.study.domain.post.PostMapper.save] ==> Parameters: null, 687번 게시글 제목(String), 687번 게시글 내용(String), 테스터687(String), false(Boolean)
2023-04-12 12:42:10,827  INFO [jdbc.sqlonly] INSERT INTO tb_post (

          id
        , title
        , content
        , writer
        , view_cnt
        , notice_yn
        , delete_yn
        , created_date
        , modified_date

        ) VALUES (
              NULL
            , '687번 게시글 제목'
            , '687번 게시글 내용'
            , '테스터687'
            , 0
            , 0
            , 0
            , NOW()
            , NULL
        )

2023-04-12 12:42:10,828 DEBUG [com.study.domain.post.PostMapper.save] <==    Updates: 1
2023-04-12 12:42:10,828  INFO [jdbc.resultsettable] 
|----------|
|insert_id |
|----------|
|687       |
|----------|

2023-04-12 12:42:10,829 DEBUG [com.study.aop.LoggerAspect] Service ===> com.study.domain.post.PostService.savePost()
2023-04-12 12:42:10,829 DEBUG [com.study.aop.LoggerAspect] Mapper ===> com.study.domain.post.PostMapper.save()
2023-04-12 12:42:10,830 DEBUG [com.study.domain.post.PostMapper.save] ==>  Preparing: INSERT INTO tb_post ( id , title , content , writer , view_cnt , notice_yn , delete_yn , created_date , modified_date ) VALUES ( ? , ? , ? , ? , 0 , ? , 0 , NOW() , NULL )
2023-04-12 12:42:10,830 DEBUG [com.study.domain.post.PostMapper.save] ==> Parameters: null, 688번 게시글 제목(String), 688번 게시글 내용(String), 테스터688(String), false(Boolean)
2023-04-12 12:42:10,830  INFO [jdbc.sqlonly] INSERT INTO tb_post (

          id
        , title
        , content
        , writer
        , view_cnt
        , notice_yn
        , delete_yn
        , created_date
        , modified_date

        ) VALUES (
              NULL
            , '688번 게시글 제목'
            , '688번 게시글 내용'
            , '테스터688'
            , 0
            , 0
            , 0
            , NOW()
            , NULL
        )

2023-04-12 12:42:10,830 DEBUG [com.study.domain.post.PostMapper.save] <==    Updates: 1
2023-04-12 12:42:10,830  INFO [jdbc.resultsettable] 
|----------|
|insert_id |
|----------|
|688       |
|----------|

2023-04-12 12:42:10,832 DEBUG [com.study.aop.LoggerAspect] Service ===> com.study.domain.post.PostService.savePost()
2023-04-12 12:42:10,832 DEBUG [com.study.aop.LoggerAspect] Mapper ===> com.study.domain.post.PostMapper.save()
2023-04-12 12:42:10,832 DEBUG [com.study.domain.post.PostMapper.save] ==>  Preparing: INSERT INTO tb_post ( id , title , content , writer , view_cnt , notice_yn , delete_yn , created_date , modified_date ) VALUES ( ? , ? , ? , ? , 0 , ? , 0 , NOW() , NULL )
2023-04-12 12:42:10,832 DEBUG [com.study.domain.post.PostMapper.save] ==> Parameters: null, 689번 게시글 제목(String), 689번 게시글 내용(String), 테스터689(String), false(Boolean)
2023-04-12 12:42:10,832  INFO [jdbc.sqlonly] INSERT INTO tb_post (

          id
        , title
        , content
        , writer
        , view_cnt
        , notice_yn
        , delete_yn
        , created_date
        , modified_date

        ) VALUES (
              NULL
            , '689번 게시글 제목'
            , '689번 게시글 내용'
            , '테스터689'
            , 0
            , 0
            , 0
            , NOW()
            , NULL
        )

2023-04-12 12:42:10,833 DEBUG [com.study.domain.post.PostMapper.save] <==    Updates: 1
2023-04-12 12:42:10,833  INFO [jdbc.resultsettable] 
|----------|
|insert_id |
|----------|
|689       |
|----------|

2023-04-12 12:42:10,835 DEBUG [com.study.aop.LoggerAspect] Service ===> com.study.domain.post.PostService.savePost()
2023-04-12 12:42:10,835 DEBUG [com.study.aop.LoggerAspect] Mapper ===> com.study.domain.post.PostMapper.save()
2023-04-12 12:42:10,835 DEBUG [com.study.domain.post.PostMapper.save] ==>  Preparing: INSERT INTO tb_post ( id , title , content , writer , view_cnt , notice_yn , delete_yn , created_date , modified_date ) VALUES ( ? , ? , ? , ? , 0 , ? , 0 , NOW() , NULL )
2023-04-12 12:42:10,835 DEBUG [com.study.domain.post.PostMapper.save] ==> Parameters: null, 690번 게시글 제목(String), 690번 게시글 내용(String), 테스터690(String), false(Boolean)
2023-04-12 12:42:10,835  INFO [jdbc.sqlonly] INSERT INTO tb_post (

          id
        , title
        , content
        , writer
        , view_cnt
        , notice_yn
        , delete_yn
        , created_date
        , modified_date

        ) VALUES (
              NULL
            , '690번 게시글 제목'
            , '690번 게시글 내용'
            , '테스터690'
            , 0
            , 0
            , 0
            , NOW()
            , NULL
        )

2023-04-12 12:42:10,835 DEBUG [com.study.domain.post.PostMapper.save] <==    Updates: 1
2023-04-12 12:42:10,835  INFO [jdbc.resultsettable] 
|----------|
|insert_id |
|----------|
|690       |
|----------|

2023-04-12 12:42:10,837 DEBUG [com.study.aop.LoggerAspect] Service ===> com.study.domain.post.PostService.savePost()
2023-04-12 12:42:10,837 DEBUG [com.study.aop.LoggerAspect] Mapper ===> com.study.domain.post.PostMapper.save()
2023-04-12 12:42:10,837 DEBUG [com.study.domain.post.PostMapper.save] ==>  Preparing: INSERT INTO tb_post ( id , title , content , writer , view_cnt , notice_yn , delete_yn , created_date , modified_date ) VALUES ( ? , ? , ? , ? , 0 , ? , 0 , NOW() , NULL )
2023-04-12 12:42:10,837 DEBUG [com.study.domain.post.PostMapper.save] ==> Parameters: null, 691번 게시글 제목(String), 691번 게시글 내용(String), 테스터691(String), false(Boolean)
2023-04-12 12:42:10,837  INFO [jdbc.sqlonly] INSERT INTO tb_post (

          id
        , title
        , content
        , writer
        , view_cnt
        , notice_yn
        , delete_yn
        , created_date
        , modified_date

        ) VALUES (
              NULL
            , '691번 게시글 제목'
            , '691번 게시글 내용'
            , '테스터691'
            , 0
            , 0
            , 0
            , NOW()
            , NULL
        )

2023-04-12 12:42:10,897 DEBUG [com.study.domain.post.PostMapper.save] <==    Updates: 1
2023-04-12 12:42:10,897  INFO [jdbc.resultsettable] 
|----------|
|insert_id |
|----------|
|691       |
|----------|

2023-04-12 12:42:10,900 DEBUG [com.study.aop.LoggerAspect] Service ===> com.study.domain.post.PostService.savePost()
2023-04-12 12:42:10,901 DEBUG [com.study.aop.LoggerAspect] Mapper ===> com.study.domain.post.PostMapper.save()
2023-04-12 12:42:10,901 DEBUG [com.study.domain.post.PostMapper.save] ==>  Preparing: INSERT INTO tb_post ( id , title , content , writer , view_cnt , notice_yn , delete_yn , created_date , modified_date ) VALUES ( ? , ? , ? , ? , 0 , ? , 0 , NOW() , NULL )
2023-04-12 12:42:10,901 DEBUG [com.study.domain.post.PostMapper.save] ==> Parameters: null, 692번 게시글 제목(String), 692번 게시글 내용(String), 테스터692(String), false(Boolean)
2023-04-12 12:42:10,901  INFO [jdbc.sqlonly] INSERT INTO tb_post (

          id
        , title
        , content
        , writer
        , view_cnt
        , notice_yn
        , delete_yn
        , created_date
        , modified_date

        ) VALUES (
              NULL
            , '692번 게시글 제목'
            , '692번 게시글 내용'
            , '테스터692'
            , 0
            , 0
            , 0
            , NOW()
            , NULL
        )

2023-04-12 12:42:10,901 DEBUG [com.study.domain.post.PostMapper.save] <==    Updates: 1
2023-04-12 12:42:10,902  INFO [jdbc.resultsettable] 
|----------|
|insert_id |
|----------|
|692       |
|----------|

2023-04-12 12:42:10,904 DEBUG [com.study.aop.LoggerAspect] Service ===> com.study.domain.post.PostService.savePost()
2023-04-12 12:42:10,904 DEBUG [com.study.aop.LoggerAspect] Mapper ===> com.study.domain.post.PostMapper.save()
2023-04-12 12:42:10,904 DEBUG [com.study.domain.post.PostMapper.save] ==>  Preparing: INSERT INTO tb_post ( id , title , content , writer , view_cnt , notice_yn , delete_yn , created_date , modified_date ) VALUES ( ? , ? , ? , ? , 0 , ? , 0 , NOW() , NULL )
2023-04-12 12:42:10,904 DEBUG [com.study.domain.post.PostMapper.save] ==> Parameters: null, 693번 게시글 제목(String), 693번 게시글 내용(String), 테스터693(String), false(Boolean)
2023-04-12 12:42:10,904  INFO [jdbc.sqlonly] INSERT INTO tb_post (

          id
        , title
        , content
        , writer
        , view_cnt
        , notice_yn
        , delete_yn
        , created_date
        , modified_date

        ) VALUES (
              NULL
            , '693번 게시글 제목'
            , '693번 게시글 내용'
            , '테스터693'
            , 0
            , 0
            , 0
            , NOW()
            , NULL
        )

2023-04-12 12:42:10,904 DEBUG [com.study.domain.post.PostMapper.save] <==    Updates: 1
2023-04-12 12:42:10,904  INFO [jdbc.resultsettable] 
|----------|
|insert_id |
|----------|
|693       |
|----------|

2023-04-12 12:42:10,907 DEBUG [com.study.aop.LoggerAspect] Service ===> com.study.domain.post.PostService.savePost()
2023-04-12 12:42:10,908 DEBUG [com.study.aop.LoggerAspect] Mapper ===> com.study.domain.post.PostMapper.save()
2023-04-12 12:42:10,908 DEBUG [com.study.domain.post.PostMapper.save] ==>  Preparing: INSERT INTO tb_post ( id , title , content , writer , view_cnt , notice_yn , delete_yn , created_date , modified_date ) VALUES ( ? , ? , ? , ? , 0 , ? , 0 , NOW() , NULL )
2023-04-12 12:42:10,908 DEBUG [com.study.domain.post.PostMapper.save] ==> Parameters: null, 694번 게시글 제목(String), 694번 게시글 내용(String), 테스터694(String), false(Boolean)
2023-04-12 12:42:10,908  INFO [jdbc.sqlonly] INSERT INTO tb_post (

          id
        , title
        , content
        , writer
        , view_cnt
        , notice_yn
        , delete_yn
        , created_date
        , modified_date

        ) VALUES (
              NULL
            , '694번 게시글 제목'
            , '694번 게시글 내용'
            , '테스터694'
            , 0
            , 0
            , 0
            , NOW()
            , NULL
        )

2023-04-12 12:42:10,908 DEBUG [com.study.domain.post.PostMapper.save] <==    Updates: 1
2023-04-12 12:42:10,909  INFO [jdbc.resultsettable] 
|----------|
|insert_id |
|----------|
|694       |
|----------|

2023-04-12 12:42:10,911 DEBUG [com.study.aop.LoggerAspect] Service ===> com.study.domain.post.PostService.savePost()
2023-04-12 12:42:10,911 DEBUG [com.study.aop.LoggerAspect] Mapper ===> com.study.domain.post.PostMapper.save()
2023-04-12 12:42:10,911 DEBUG [com.study.domain.post.PostMapper.save] ==>  Preparing: INSERT INTO tb_post ( id , title , content , writer , view_cnt , notice_yn , delete_yn , created_date , modified_date ) VALUES ( ? , ? , ? , ? , 0 , ? , 0 , NOW() , NULL )
2023-04-12 12:42:10,911 DEBUG [com.study.domain.post.PostMapper.save] ==> Parameters: null, 695번 게시글 제목(String), 695번 게시글 내용(String), 테스터695(String), false(Boolean)
2023-04-12 12:42:10,911  INFO [jdbc.sqlonly] INSERT INTO tb_post (

          id
        , title
        , content
        , writer
        , view_cnt
        , notice_yn
        , delete_yn
        , created_date
        , modified_date

        ) VALUES (
              NULL
            , '695번 게시글 제목'
            , '695번 게시글 내용'
            , '테스터695'
            , 0
            , 0
            , 0
            , NOW()
            , NULL
        )

2023-04-12 12:42:10,911 DEBUG [com.study.domain.post.PostMapper.save] <==    Updates: 1
2023-04-12 12:42:10,912  INFO [jdbc.resultsettable] 
|----------|
|insert_id |
|----------|
|695       |
|----------|

2023-04-12 12:42:10,914 DEBUG [com.study.aop.LoggerAspect] Service ===> com.study.domain.post.PostService.savePost()
2023-04-12 12:42:10,914 DEBUG [com.study.aop.LoggerAspect] Mapper ===> com.study.domain.post.PostMapper.save()
2023-04-12 12:42:10,914 DEBUG [com.study.domain.post.PostMapper.save] ==>  Preparing: INSERT INTO tb_post ( id , title , content , writer , view_cnt , notice_yn , delete_yn , created_date , modified_date ) VALUES ( ? , ? , ? , ? , 0 , ? , 0 , NOW() , NULL )
2023-04-12 12:42:10,915 DEBUG [com.study.domain.post.PostMapper.save] ==> Parameters: null, 696번 게시글 제목(String), 696번 게시글 내용(String), 테스터696(String), false(Boolean)
2023-04-12 12:42:10,915  INFO [jdbc.sqlonly] INSERT INTO tb_post (

          id
        , title
        , content
        , writer
        , view_cnt
        , notice_yn
        , delete_yn
        , created_date
        , modified_date

        ) VALUES (
              NULL
            , '696번 게시글 제목'
            , '696번 게시글 내용'
            , '테스터696'
            , 0
            , 0
            , 0
            , NOW()
            , NULL
        )

2023-04-12 12:42:10,915 DEBUG [com.study.domain.post.PostMapper.save] <==    Updates: 1
2023-04-12 12:42:10,915  INFO [jdbc.resultsettable] 
|----------|
|insert_id |
|----------|
|696       |
|----------|

2023-04-12 12:42:10,917 DEBUG [com.study.aop.LoggerAspect] Service ===> com.study.domain.post.PostService.savePost()
2023-04-12 12:42:10,917 DEBUG [com.study.aop.LoggerAspect] Mapper ===> com.study.domain.post.PostMapper.save()
2023-04-12 12:42:10,917 DEBUG [com.study.domain.post.PostMapper.save] ==>  Preparing: INSERT INTO tb_post ( id , title , content , writer , view_cnt , notice_yn , delete_yn , created_date , modified_date ) VALUES ( ? , ? , ? , ? , 0 , ? , 0 , NOW() , NULL )
2023-04-12 12:42:10,918 DEBUG [com.study.domain.post.PostMapper.save] ==> Parameters: null, 697번 게시글 제목(String), 697번 게시글 내용(String), 테스터697(String), false(Boolean)
2023-04-12 12:42:10,918  INFO [jdbc.sqlonly] INSERT INTO tb_post (

          id
        , title
        , content
        , writer
        , view_cnt
        , notice_yn
        , delete_yn
        , created_date
        , modified_date

        ) VALUES (
              NULL
            , '697번 게시글 제목'
            , '697번 게시글 내용'
            , '테스터697'
            , 0
            , 0
            , 0
            , NOW()
            , NULL
        )

2023-04-12 12:42:10,918 DEBUG [com.study.domain.post.PostMapper.save] <==    Updates: 1
2023-04-12 12:42:10,918  INFO [jdbc.resultsettable] 
|----------|
|insert_id |
|----------|
|697       |
|----------|

2023-04-12 12:42:10,920 DEBUG [com.study.aop.LoggerAspect] Service ===> com.study.domain.post.PostService.savePost()
2023-04-12 12:42:10,920 DEBUG [com.study.aop.LoggerAspect] Mapper ===> com.study.domain.post.PostMapper.save()
2023-04-12 12:42:10,920 DEBUG [com.study.domain.post.PostMapper.save] ==>  Preparing: INSERT INTO tb_post ( id , title , content , writer , view_cnt , notice_yn , delete_yn , created_date , modified_date ) VALUES ( ? , ? , ? , ? , 0 , ? , 0 , NOW() , NULL )
2023-04-12 12:42:10,920 DEBUG [com.study.domain.post.PostMapper.save] ==> Parameters: null, 698번 게시글 제목(String), 698번 게시글 내용(String), 테스터698(String), false(Boolean)
2023-04-12 12:42:10,920  INFO [jdbc.sqlonly] INSERT INTO tb_post (

          id
        , title
        , content
        , writer
        , view_cnt
        , notice_yn
        , delete_yn
        , created_date
        , modified_date

        ) VALUES (
              NULL
            , '698번 게시글 제목'
            , '698번 게시글 내용'
            , '테스터698'
            , 0
            , 0
            , 0
            , NOW()
            , NULL
        )

2023-04-12 12:42:10,921 DEBUG [com.study.domain.post.PostMapper.save] <==    Updates: 1
2023-04-12 12:42:10,921  INFO [jdbc.resultsettable] 
|----------|
|insert_id |
|----------|
|698       |
|----------|

2023-04-12 12:42:10,935 DEBUG [com.study.aop.LoggerAspect] Service ===> com.study.domain.post.PostService.savePost()
2023-04-12 12:42:10,935 DEBUG [com.study.aop.LoggerAspect] Mapper ===> com.study.domain.post.PostMapper.save()
2023-04-12 12:42:10,936 DEBUG [com.study.domain.post.PostMapper.save] ==>  Preparing: INSERT INTO tb_post ( id , title , content , writer , view_cnt , notice_yn , delete_yn , created_date , modified_date ) VALUES ( ? , ? , ? , ? , 0 , ? , 0 , NOW() , NULL )
2023-04-12 12:42:10,936 DEBUG [com.study.domain.post.PostMapper.save] ==> Parameters: null, 699번 게시글 제목(String), 699번 게시글 내용(String), 테스터699(String), false(Boolean)
2023-04-12 12:42:10,936  INFO [jdbc.sqlonly] INSERT INTO tb_post (

          id
        , title
        , content
        , writer
        , view_cnt
        , notice_yn
        , delete_yn
        , created_date
        , modified_date

        ) VALUES (
              NULL
            , '699번 게시글 제목'
            , '699번 게시글 내용'
            , '테스터699'
            , 0
            , 0
            , 0
            , NOW()
            , NULL
        )

2023-04-12 12:42:10,936 DEBUG [com.study.domain.post.PostMapper.save] <==    Updates: 1
2023-04-12 12:42:10,937  INFO [jdbc.resultsettable] 
|----------|
|insert_id |
|----------|
|699       |
|----------|

2023-04-12 12:42:10,940 DEBUG [com.study.aop.LoggerAspect] Service ===> com.study.domain.post.PostService.savePost()
2023-04-12 12:42:10,940 DEBUG [com.study.aop.LoggerAspect] Mapper ===> com.study.domain.post.PostMapper.save()
2023-04-12 12:42:10,941 DEBUG [com.study.domain.post.PostMapper.save] ==>  Preparing: INSERT INTO tb_post ( id , title , content , writer , view_cnt , notice_yn , delete_yn , created_date , modified_date ) VALUES ( ? , ? , ? , ? , 0 , ? , 0 , NOW() , NULL )
2023-04-12 12:42:10,941 DEBUG [com.study.domain.post.PostMapper.save] ==> Parameters: null, 700번 게시글 제목(String), 700번 게시글 내용(String), 테스터700(String), false(Boolean)
2023-04-12 12:42:10,941  INFO [jdbc.sqlonly] INSERT INTO tb_post (

          id
        , title
        , content
        , writer
        , view_cnt
        , notice_yn
        , delete_yn
        , created_date
        , modified_date

        ) VALUES (
              NULL
            , '700번 게시글 제목'
            , '700번 게시글 내용'
            , '테스터700'
            , 0
            , 0
            , 0
            , NOW()
            , NULL
        )

2023-04-12 12:42:10,941 DEBUG [com.study.domain.post.PostMapper.save] <==    Updates: 1
2023-04-12 12:42:10,942  INFO [jdbc.resultsettable] 
|----------|
|insert_id |
|----------|
|700       |
|----------|

2023-04-12 12:42:10,945 DEBUG [com.study.aop.LoggerAspect] Service ===> com.study.domain.post.PostService.savePost()
2023-04-12 12:42:10,945 DEBUG [com.study.aop.LoggerAspect] Mapper ===> com.study.domain.post.PostMapper.save()
2023-04-12 12:42:10,945 DEBUG [com.study.domain.post.PostMapper.save] ==>  Preparing: INSERT INTO tb_post ( id , title , content , writer , view_cnt , notice_yn , delete_yn , created_date , modified_date ) VALUES ( ? , ? , ? , ? , 0 , ? , 0 , NOW() , NULL )
2023-04-12 12:42:10,945 DEBUG [com.study.domain.post.PostMapper.save] ==> Parameters: null, 701번 게시글 제목(String), 701번 게시글 내용(String), 테스터701(String), false(Boolean)
2023-04-12 12:42:10,945  INFO [jdbc.sqlonly] INSERT INTO tb_post (

          id
        , title
        , content
        , writer
        , view_cnt
        , notice_yn
        , delete_yn
        , created_date
        , modified_date

        ) VALUES (
              NULL
            , '701번 게시글 제목'
            , '701번 게시글 내용'
            , '테스터701'
            , 0
            , 0
            , 0
            , NOW()
            , NULL
        )

2023-04-12 12:42:10,946 DEBUG [com.study.domain.post.PostMapper.save] <==    Updates: 1
2023-04-12 12:42:10,946  INFO [jdbc.resultsettable] 
|----------|
|insert_id |
|----------|
|701       |
|----------|

2023-04-12 12:42:10,948 DEBUG [com.study.aop.LoggerAspect] Service ===> com.study.domain.post.PostService.savePost()
2023-04-12 12:42:10,948 DEBUG [com.study.aop.LoggerAspect] Mapper ===> com.study.domain.post.PostMapper.save()
2023-04-12 12:42:10,948 DEBUG [com.study.domain.post.PostMapper.save] ==>  Preparing: INSERT INTO tb_post ( id , title , content , writer , view_cnt , notice_yn , delete_yn , created_date , modified_date ) VALUES ( ? , ? , ? , ? , 0 , ? , 0 , NOW() , NULL )
2023-04-12 12:42:10,948 DEBUG [com.study.domain.post.PostMapper.save] ==> Parameters: null, 702번 게시글 제목(String), 702번 게시글 내용(String), 테스터702(String), false(Boolean)
2023-04-12 12:42:10,948  INFO [jdbc.sqlonly] INSERT INTO tb_post (

          id
        , title
        , content
        , writer
        , view_cnt
        , notice_yn
        , delete_yn
        , created_date
        , modified_date

        ) VALUES (
              NULL
            , '702번 게시글 제목'
            , '702번 게시글 내용'
            , '테스터702'
            , 0
            , 0
            , 0
            , NOW()
            , NULL
        )

2023-04-12 12:42:10,948 DEBUG [com.study.domain.post.PostMapper.save] <==    Updates: 1
2023-04-12 12:42:10,949  INFO [jdbc.resultsettable] 
|----------|
|insert_id |
|----------|
|702       |
|----------|

2023-04-12 12:42:10,950 DEBUG [com.study.aop.LoggerAspect] Service ===> com.study.domain.post.PostService.savePost()
2023-04-12 12:42:10,951 DEBUG [com.study.aop.LoggerAspect] Mapper ===> com.study.domain.post.PostMapper.save()
2023-04-12 12:42:10,951 DEBUG [com.study.domain.post.PostMapper.save] ==>  Preparing: INSERT INTO tb_post ( id , title , content , writer , view_cnt , notice_yn , delete_yn , created_date , modified_date ) VALUES ( ? , ? , ? , ? , 0 , ? , 0 , NOW() , NULL )
2023-04-12 12:42:10,951 DEBUG [com.study.domain.post.PostMapper.save] ==> Parameters: null, 703번 게시글 제목(String), 703번 게시글 내용(String), 테스터703(String), false(Boolean)
2023-04-12 12:42:10,951  INFO [jdbc.sqlonly] INSERT INTO tb_post (

          id
        , title
        , content
        , writer
        , view_cnt
        , notice_yn
        , delete_yn
        , created_date
        , modified_date

        ) VALUES (
              NULL
            , '703번 게시글 제목'
            , '703번 게시글 내용'
            , '테스터703'
            , 0
            , 0
            , 0
            , NOW()
            , NULL
        )

2023-04-12 12:42:10,951 DEBUG [com.study.domain.post.PostMapper.save] <==    Updates: 1
2023-04-12 12:42:10,952  INFO [jdbc.resultsettable] 
|----------|
|insert_id |
|----------|
|703       |
|----------|

2023-04-12 12:42:10,953 DEBUG [com.study.aop.LoggerAspect] Service ===> com.study.domain.post.PostService.savePost()
2023-04-12 12:42:10,953 DEBUG [com.study.aop.LoggerAspect] Mapper ===> com.study.domain.post.PostMapper.save()
2023-04-12 12:42:10,954 DEBUG [com.study.domain.post.PostMapper.save] ==>  Preparing: INSERT INTO tb_post ( id , title , content , writer , view_cnt , notice_yn , delete_yn , created_date , modified_date ) VALUES ( ? , ? , ? , ? , 0 , ? , 0 , NOW() , NULL )
2023-04-12 12:42:10,954 DEBUG [com.study.domain.post.PostMapper.save] ==> Parameters: null, 704번 게시글 제목(String), 704번 게시글 내용(String), 테스터704(String), false(Boolean)
2023-04-12 12:42:10,954  INFO [jdbc.sqlonly] INSERT INTO tb_post (

          id
        , title
        , content
        , writer
        , view_cnt
        , notice_yn
        , delete_yn
        , created_date
        , modified_date

        ) VALUES (
              NULL
            , '704번 게시글 제목'
            , '704번 게시글 내용'
            , '테스터704'
            , 0
            , 0
            , 0
            , NOW()
            , NULL
        )

2023-04-12 12:42:10,954 DEBUG [com.study.domain.post.PostMapper.save] <==    Updates: 1
2023-04-12 12:42:10,955  INFO [jdbc.resultsettable] 
|----------|
|insert_id |
|----------|
|704       |
|----------|

2023-04-12 12:42:10,957 DEBUG [com.study.aop.LoggerAspect] Service ===> com.study.domain.post.PostService.savePost()
2023-04-12 12:42:10,957 DEBUG [com.study.aop.LoggerAspect] Mapper ===> com.study.domain.post.PostMapper.save()
2023-04-12 12:42:10,957 DEBUG [com.study.domain.post.PostMapper.save] ==>  Preparing: INSERT INTO tb_post ( id , title , content , writer , view_cnt , notice_yn , delete_yn , created_date , modified_date ) VALUES ( ? , ? , ? , ? , 0 , ? , 0 , NOW() , NULL )
2023-04-12 12:42:10,957 DEBUG [com.study.domain.post.PostMapper.save] ==> Parameters: null, 705번 게시글 제목(String), 705번 게시글 내용(String), 테스터705(String), false(Boolean)
2023-04-12 12:42:10,957  INFO [jdbc.sqlonly] INSERT INTO tb_post (

          id
        , title
        , content
        , writer
        , view_cnt
        , notice_yn
        , delete_yn
        , created_date
        , modified_date

        ) VALUES (
              NULL
            , '705번 게시글 제목'
            , '705번 게시글 내용'
            , '테스터705'
            , 0
            , 0
            , 0
            , NOW()
            , NULL
        )

2023-04-12 12:42:10,958 DEBUG [com.study.domain.post.PostMapper.save] <==    Updates: 1
2023-04-12 12:42:10,958  INFO [jdbc.resultsettable] 
|----------|
|insert_id |
|----------|
|705       |
|----------|

2023-04-12 12:42:10,960 DEBUG [com.study.aop.LoggerAspect] Service ===> com.study.domain.post.PostService.savePost()
2023-04-12 12:42:10,960 DEBUG [com.study.aop.LoggerAspect] Mapper ===> com.study.domain.post.PostMapper.save()
2023-04-12 12:42:10,960 DEBUG [com.study.domain.post.PostMapper.save] ==>  Preparing: INSERT INTO tb_post ( id , title , content , writer , view_cnt , notice_yn , delete_yn , created_date , modified_date ) VALUES ( ? , ? , ? , ? , 0 , ? , 0 , NOW() , NULL )
2023-04-12 12:42:10,960 DEBUG [com.study.domain.post.PostMapper.save] ==> Parameters: null, 706번 게시글 제목(String), 706번 게시글 내용(String), 테스터706(String), false(Boolean)
2023-04-12 12:42:10,960  INFO [jdbc.sqlonly] INSERT INTO tb_post (

          id
        , title
        , content
        , writer
        , view_cnt
        , notice_yn
        , delete_yn
        , created_date
        , modified_date

        ) VALUES (
              NULL
            , '706번 게시글 제목'
            , '706번 게시글 내용'
            , '테스터706'
            , 0
            , 0
            , 0
            , NOW()
            , NULL
        )

2023-04-12 12:42:10,961 DEBUG [com.study.domain.post.PostMapper.save] <==    Updates: 1
2023-04-12 12:42:10,961  INFO [jdbc.resultsettable] 
|----------|
|insert_id |
|----------|
|706       |
|----------|

2023-04-12 12:42:10,962 DEBUG [com.study.aop.LoggerAspect] Service ===> com.study.domain.post.PostService.savePost()
2023-04-12 12:42:10,963 DEBUG [com.study.aop.LoggerAspect] Mapper ===> com.study.domain.post.PostMapper.save()
2023-04-12 12:42:10,963 DEBUG [com.study.domain.post.PostMapper.save] ==>  Preparing: INSERT INTO tb_post ( id , title , content , writer , view_cnt , notice_yn , delete_yn , created_date , modified_date ) VALUES ( ? , ? , ? , ? , 0 , ? , 0 , NOW() , NULL )
2023-04-12 12:42:10,963 DEBUG [com.study.domain.post.PostMapper.save] ==> Parameters: null, 707번 게시글 제목(String), 707번 게시글 내용(String), 테스터707(String), false(Boolean)
2023-04-12 12:42:10,963  INFO [jdbc.sqlonly] INSERT INTO tb_post (

          id
        , title
        , content
        , writer
        , view_cnt
        , notice_yn
        , delete_yn
        , created_date
        , modified_date

        ) VALUES (
              NULL
            , '707번 게시글 제목'
            , '707번 게시글 내용'
            , '테스터707'
            , 0
            , 0
            , 0
            , NOW()
            , NULL
        )

2023-04-12 12:42:10,963 DEBUG [com.study.domain.post.PostMapper.save] <==    Updates: 1
2023-04-12 12:42:10,964  INFO [jdbc.resultsettable] 
|----------|
|insert_id |
|----------|
|707       |
|----------|

2023-04-12 12:42:10,965 DEBUG [com.study.aop.LoggerAspect] Service ===> com.study.domain.post.PostService.savePost()
2023-04-12 12:42:10,965 DEBUG [com.study.aop.LoggerAspect] Mapper ===> com.study.domain.post.PostMapper.save()
2023-04-12 12:42:10,965 DEBUG [com.study.domain.post.PostMapper.save] ==>  Preparing: INSERT INTO tb_post ( id , title , content , writer , view_cnt , notice_yn , delete_yn , created_date , modified_date ) VALUES ( ? , ? , ? , ? , 0 , ? , 0 , NOW() , NULL )
2023-04-12 12:42:10,965 DEBUG [com.study.domain.post.PostMapper.save] ==> Parameters: null, 708번 게시글 제목(String), 708번 게시글 내용(String), 테스터708(String), false(Boolean)
2023-04-12 12:42:10,965  INFO [jdbc.sqlonly] INSERT INTO tb_post (

          id
        , title
        , content
        , writer
        , view_cnt
        , notice_yn
        , delete_yn
        , created_date
        , modified_date

        ) VALUES (
              NULL
            , '708번 게시글 제목'
            , '708번 게시글 내용'
            , '테스터708'
            , 0
            , 0
            , 0
            , NOW()
            , NULL
        )

2023-04-12 12:42:10,965 DEBUG [com.study.domain.post.PostMapper.save] <==    Updates: 1
2023-04-12 12:42:10,965  INFO [jdbc.resultsettable] 
|----------|
|insert_id |
|----------|
|708       |
|----------|

2023-04-12 12:42:10,967 DEBUG [com.study.aop.LoggerAspect] Service ===> com.study.domain.post.PostService.savePost()
2023-04-12 12:42:10,967 DEBUG [com.study.aop.LoggerAspect] Mapper ===> com.study.domain.post.PostMapper.save()
2023-04-12 12:42:10,967 DEBUG [com.study.domain.post.PostMapper.save] ==>  Preparing: INSERT INTO tb_post ( id , title , content , writer , view_cnt , notice_yn , delete_yn , created_date , modified_date ) VALUES ( ? , ? , ? , ? , 0 , ? , 0 , NOW() , NULL )
2023-04-12 12:42:10,967 DEBUG [com.study.domain.post.PostMapper.save] ==> Parameters: null, 709번 게시글 제목(String), 709번 게시글 내용(String), 테스터709(String), false(Boolean)
2023-04-12 12:42:10,967  INFO [jdbc.sqlonly] INSERT INTO tb_post (

          id
        , title
        , content
        , writer
        , view_cnt
        , notice_yn
        , delete_yn
        , created_date
        , modified_date

        ) VALUES (
              NULL
            , '709번 게시글 제목'
            , '709번 게시글 내용'
            , '테스터709'
            , 0
            , 0
            , 0
            , NOW()
            , NULL
        )

2023-04-12 12:42:10,967 DEBUG [com.study.domain.post.PostMapper.save] <==    Updates: 1
2023-04-12 12:42:10,967  INFO [jdbc.resultsettable] 
|----------|
|insert_id |
|----------|
|709       |
|----------|

2023-04-12 12:42:10,968 DEBUG [com.study.aop.LoggerAspect] Service ===> com.study.domain.post.PostService.savePost()
2023-04-12 12:42:10,968 DEBUG [com.study.aop.LoggerAspect] Mapper ===> com.study.domain.post.PostMapper.save()
2023-04-12 12:42:10,968 DEBUG [com.study.domain.post.PostMapper.save] ==>  Preparing: INSERT INTO tb_post ( id , title , content , writer , view_cnt , notice_yn , delete_yn , created_date , modified_date ) VALUES ( ? , ? , ? , ? , 0 , ? , 0 , NOW() , NULL )
2023-04-12 12:42:10,969 DEBUG [com.study.domain.post.PostMapper.save] ==> Parameters: null, 710번 게시글 제목(String), 710번 게시글 내용(String), 테스터710(String), false(Boolean)
2023-04-12 12:42:10,969  INFO [jdbc.sqlonly] INSERT INTO tb_post (

          id
        , title
        , content
        , writer
        , view_cnt
        , notice_yn
        , delete_yn
        , created_date
        , modified_date

        ) VALUES (
              NULL
            , '710번 게시글 제목'
            , '710번 게시글 내용'
            , '테스터710'
            , 0
            , 0
            , 0
            , NOW()
            , NULL
        )

2023-04-12 12:42:10,969 DEBUG [com.study.domain.post.PostMapper.save] <==    Updates: 1
2023-04-12 12:42:10,969  INFO [jdbc.resultsettable] 
|----------|
|insert_id |
|----------|
|710       |
|----------|

2023-04-12 12:42:10,970 DEBUG [com.study.aop.LoggerAspect] Service ===> com.study.domain.post.PostService.savePost()
2023-04-12 12:42:10,970 DEBUG [com.study.aop.LoggerAspect] Mapper ===> com.study.domain.post.PostMapper.save()
2023-04-12 12:42:10,971 DEBUG [com.study.domain.post.PostMapper.save] ==>  Preparing: INSERT INTO tb_post ( id , title , content , writer , view_cnt , notice_yn , delete_yn , created_date , modified_date ) VALUES ( ? , ? , ? , ? , 0 , ? , 0 , NOW() , NULL )
2023-04-12 12:42:10,971 DEBUG [com.study.domain.post.PostMapper.save] ==> Parameters: null, 711번 게시글 제목(String), 711번 게시글 내용(String), 테스터711(String), false(Boolean)
2023-04-12 12:42:10,971  INFO [jdbc.sqlonly] INSERT INTO tb_post (

          id
        , title
        , content
        , writer
        , view_cnt
        , notice_yn
        , delete_yn
        , created_date
        , modified_date

        ) VALUES (
              NULL
            , '711번 게시글 제목'
            , '711번 게시글 내용'
            , '테스터711'
            , 0
            , 0
            , 0
            , NOW()
            , NULL
        )

2023-04-12 12:42:10,971 DEBUG [com.study.domain.post.PostMapper.save] <==    Updates: 1
2023-04-12 12:42:10,971  INFO [jdbc.resultsettable] 
|----------|
|insert_id |
|----------|
|711       |
|----------|

2023-04-12 12:42:10,973 DEBUG [com.study.aop.LoggerAspect] Service ===> com.study.domain.post.PostService.savePost()
2023-04-12 12:42:10,973 DEBUG [com.study.aop.LoggerAspect] Mapper ===> com.study.domain.post.PostMapper.save()
2023-04-12 12:42:10,973 DEBUG [com.study.domain.post.PostMapper.save] ==>  Preparing: INSERT INTO tb_post ( id , title , content , writer , view_cnt , notice_yn , delete_yn , created_date , modified_date ) VALUES ( ? , ? , ? , ? , 0 , ? , 0 , NOW() , NULL )
2023-04-12 12:42:10,973 DEBUG [com.study.domain.post.PostMapper.save] ==> Parameters: null, 712번 게시글 제목(String), 712번 게시글 내용(String), 테스터712(String), false(Boolean)
2023-04-12 12:42:10,973  INFO [jdbc.sqlonly] INSERT INTO tb_post (

          id
        , title
        , content
        , writer
        , view_cnt
        , notice_yn
        , delete_yn
        , created_date
        , modified_date

        ) VALUES (
              NULL
            , '712번 게시글 제목'
            , '712번 게시글 내용'
            , '테스터712'
            , 0
            , 0
            , 0
            , NOW()
            , NULL
        )

2023-04-12 12:42:10,974 DEBUG [com.study.domain.post.PostMapper.save] <==    Updates: 1
2023-04-12 12:42:10,974  INFO [jdbc.resultsettable] 
|----------|
|insert_id |
|----------|
|712       |
|----------|

2023-04-12 12:42:10,976 DEBUG [com.study.aop.LoggerAspect] Service ===> com.study.domain.post.PostService.savePost()
2023-04-12 12:42:10,976 DEBUG [com.study.aop.LoggerAspect] Mapper ===> com.study.domain.post.PostMapper.save()
2023-04-12 12:42:10,976 DEBUG [com.study.domain.post.PostMapper.save] ==>  Preparing: INSERT INTO tb_post ( id , title , content , writer , view_cnt , notice_yn , delete_yn , created_date , modified_date ) VALUES ( ? , ? , ? , ? , 0 , ? , 0 , NOW() , NULL )
2023-04-12 12:42:10,976 DEBUG [com.study.domain.post.PostMapper.save] ==> Parameters: null, 713번 게시글 제목(String), 713번 게시글 내용(String), 테스터713(String), false(Boolean)
2023-04-12 12:42:10,976  INFO [jdbc.sqlonly] INSERT INTO tb_post (

          id
        , title
        , content
        , writer
        , view_cnt
        , notice_yn
        , delete_yn
        , created_date
        , modified_date

        ) VALUES (
              NULL
            , '713번 게시글 제목'
            , '713번 게시글 내용'
            , '테스터713'
            , 0
            , 0
            , 0
            , NOW()
            , NULL
        )

2023-04-12 12:42:10,976 DEBUG [com.study.domain.post.PostMapper.save] <==    Updates: 1
2023-04-12 12:42:10,976  INFO [jdbc.resultsettable] 
|----------|
|insert_id |
|----------|
|713       |
|----------|

2023-04-12 12:42:10,978 DEBUG [com.study.aop.LoggerAspect] Service ===> com.study.domain.post.PostService.savePost()
2023-04-12 12:42:10,978 DEBUG [com.study.aop.LoggerAspect] Mapper ===> com.study.domain.post.PostMapper.save()
2023-04-12 12:42:10,978 DEBUG [com.study.domain.post.PostMapper.save] ==>  Preparing: INSERT INTO tb_post ( id , title , content , writer , view_cnt , notice_yn , delete_yn , created_date , modified_date ) VALUES ( ? , ? , ? , ? , 0 , ? , 0 , NOW() , NULL )
2023-04-12 12:42:10,978 DEBUG [com.study.domain.post.PostMapper.save] ==> Parameters: null, 714번 게시글 제목(String), 714번 게시글 내용(String), 테스터714(String), false(Boolean)
2023-04-12 12:42:10,978  INFO [jdbc.sqlonly] INSERT INTO tb_post (

          id
        , title
        , content
        , writer
        , view_cnt
        , notice_yn
        , delete_yn
        , created_date
        , modified_date

        ) VALUES (
              NULL
            , '714번 게시글 제목'
            , '714번 게시글 내용'
            , '테스터714'
            , 0
            , 0
            , 0
            , NOW()
            , NULL
        )

2023-04-12 12:42:10,980 DEBUG [com.study.domain.post.PostMapper.save] <==    Updates: 1
2023-04-12 12:42:10,980  INFO [jdbc.resultsettable] 
|----------|
|insert_id |
|----------|
|714       |
|----------|

2023-04-12 12:42:10,986 DEBUG [com.study.aop.LoggerAspect] Service ===> com.study.domain.post.PostService.savePost()
2023-04-12 12:42:10,986 DEBUG [com.study.aop.LoggerAspect] Mapper ===> com.study.domain.post.PostMapper.save()
2023-04-12 12:42:10,986 DEBUG [com.study.domain.post.PostMapper.save] ==>  Preparing: INSERT INTO tb_post ( id , title , content , writer , view_cnt , notice_yn , delete_yn , created_date , modified_date ) VALUES ( ? , ? , ? , ? , 0 , ? , 0 , NOW() , NULL )
2023-04-12 12:42:10,986 DEBUG [com.study.domain.post.PostMapper.save] ==> Parameters: null, 715번 게시글 제목(String), 715번 게시글 내용(String), 테스터715(String), false(Boolean)
2023-04-12 12:42:10,986  INFO [jdbc.sqlonly] INSERT INTO tb_post (

          id
        , title
        , content
        , writer
        , view_cnt
        , notice_yn
        , delete_yn
        , created_date
        , modified_date

        ) VALUES (
              NULL
            , '715번 게시글 제목'
            , '715번 게시글 내용'
            , '테스터715'
            , 0
            , 0
            , 0
            , NOW()
            , NULL
        )

2023-04-12 12:42:10,986 DEBUG [com.study.domain.post.PostMapper.save] <==    Updates: 1
2023-04-12 12:42:10,987  INFO [jdbc.resultsettable] 
|----------|
|insert_id |
|----------|
|715       |
|----------|

2023-04-12 12:42:10,988 DEBUG [com.study.aop.LoggerAspect] Service ===> com.study.domain.post.PostService.savePost()
2023-04-12 12:42:10,988 DEBUG [com.study.aop.LoggerAspect] Mapper ===> com.study.domain.post.PostMapper.save()
2023-04-12 12:42:10,988 DEBUG [com.study.domain.post.PostMapper.save] ==>  Preparing: INSERT INTO tb_post ( id , title , content , writer , view_cnt , notice_yn , delete_yn , created_date , modified_date ) VALUES ( ? , ? , ? , ? , 0 , ? , 0 , NOW() , NULL )
2023-04-12 12:42:10,988 DEBUG [com.study.domain.post.PostMapper.save] ==> Parameters: null, 716번 게시글 제목(String), 716번 게시글 내용(String), 테스터716(String), false(Boolean)
2023-04-12 12:42:10,988  INFO [jdbc.sqlonly] INSERT INTO tb_post (

          id
        , title
        , content
        , writer
        , view_cnt
        , notice_yn
        , delete_yn
        , created_date
        , modified_date

        ) VALUES (
              NULL
            , '716번 게시글 제목'
            , '716번 게시글 내용'
            , '테스터716'
            , 0
            , 0
            , 0
            , NOW()
            , NULL
        )

2023-04-12 12:42:10,989 DEBUG [com.study.domain.post.PostMapper.save] <==    Updates: 1
2023-04-12 12:42:10,989  INFO [jdbc.resultsettable] 
|----------|
|insert_id |
|----------|
|716       |
|----------|

2023-04-12 12:42:10,991 DEBUG [com.study.aop.LoggerAspect] Service ===> com.study.domain.post.PostService.savePost()
2023-04-12 12:42:10,991 DEBUG [com.study.aop.LoggerAspect] Mapper ===> com.study.domain.post.PostMapper.save()
2023-04-12 12:42:10,991 DEBUG [com.study.domain.post.PostMapper.save] ==>  Preparing: INSERT INTO tb_post ( id , title , content , writer , view_cnt , notice_yn , delete_yn , created_date , modified_date ) VALUES ( ? , ? , ? , ? , 0 , ? , 0 , NOW() , NULL )
2023-04-12 12:42:10,991 DEBUG [com.study.domain.post.PostMapper.save] ==> Parameters: null, 717번 게시글 제목(String), 717번 게시글 내용(String), 테스터717(String), false(Boolean)
2023-04-12 12:42:10,991  INFO [jdbc.sqlonly] INSERT INTO tb_post (

          id
        , title
        , content
        , writer
        , view_cnt
        , notice_yn
        , delete_yn
        , created_date
        , modified_date

        ) VALUES (
              NULL
            , '717번 게시글 제목'
            , '717번 게시글 내용'
            , '테스터717'
            , 0
            , 0
            , 0
            , NOW()
            , NULL
        )

2023-04-12 12:42:10,992 DEBUG [com.study.domain.post.PostMapper.save] <==    Updates: 1
2023-04-12 12:42:10,992  INFO [jdbc.resultsettable] 
|----------|
|insert_id |
|----------|
|717       |
|----------|

2023-04-12 12:42:10,993 DEBUG [com.study.aop.LoggerAspect] Service ===> com.study.domain.post.PostService.savePost()
2023-04-12 12:42:10,993 DEBUG [com.study.aop.LoggerAspect] Mapper ===> com.study.domain.post.PostMapper.save()
2023-04-12 12:42:10,993 DEBUG [com.study.domain.post.PostMapper.save] ==>  Preparing: INSERT INTO tb_post ( id , title , content , writer , view_cnt , notice_yn , delete_yn , created_date , modified_date ) VALUES ( ? , ? , ? , ? , 0 , ? , 0 , NOW() , NULL )
2023-04-12 12:42:10,993 DEBUG [com.study.domain.post.PostMapper.save] ==> Parameters: null, 718번 게시글 제목(String), 718번 게시글 내용(String), 테스터718(String), false(Boolean)
2023-04-12 12:42:10,993  INFO [jdbc.sqlonly] INSERT INTO tb_post (

          id
        , title
        , content
        , writer
        , view_cnt
        , notice_yn
        , delete_yn
        , created_date
        , modified_date

        ) VALUES (
              NULL
            , '718번 게시글 제목'
            , '718번 게시글 내용'
            , '테스터718'
            , 0
            , 0
            , 0
            , NOW()
            , NULL
        )

2023-04-12 12:42:10,994 DEBUG [com.study.domain.post.PostMapper.save] <==    Updates: 1
2023-04-12 12:42:10,994  INFO [jdbc.resultsettable] 
|----------|
|insert_id |
|----------|
|718       |
|----------|

2023-04-12 12:42:10,996 DEBUG [com.study.aop.LoggerAspect] Service ===> com.study.domain.post.PostService.savePost()
2023-04-12 12:42:10,996 DEBUG [com.study.aop.LoggerAspect] Mapper ===> com.study.domain.post.PostMapper.save()
2023-04-12 12:42:10,996 DEBUG [com.study.domain.post.PostMapper.save] ==>  Preparing: INSERT INTO tb_post ( id , title , content , writer , view_cnt , notice_yn , delete_yn , created_date , modified_date ) VALUES ( ? , ? , ? , ? , 0 , ? , 0 , NOW() , NULL )
2023-04-12 12:42:10,996 DEBUG [com.study.domain.post.PostMapper.save] ==> Parameters: null, 719번 게시글 제목(String), 719번 게시글 내용(String), 테스터719(String), false(Boolean)
2023-04-12 12:42:10,996  INFO [jdbc.sqlonly] INSERT INTO tb_post (

          id
        , title
        , content
        , writer
        , view_cnt
        , notice_yn
        , delete_yn
        , created_date
        , modified_date

        ) VALUES (
              NULL
            , '719번 게시글 제목'
            , '719번 게시글 내용'
            , '테스터719'
            , 0
            , 0
            , 0
            , NOW()
            , NULL
        )

2023-04-12 12:42:10,996 DEBUG [com.study.domain.post.PostMapper.save] <==    Updates: 1
2023-04-12 12:42:10,996  INFO [jdbc.resultsettable] 
|----------|
|insert_id |
|----------|
|719       |
|----------|

2023-04-12 12:42:10,998 DEBUG [com.study.aop.LoggerAspect] Service ===> com.study.domain.post.PostService.savePost()
2023-04-12 12:42:10,998 DEBUG [com.study.aop.LoggerAspect] Mapper ===> com.study.domain.post.PostMapper.save()
2023-04-12 12:42:10,998 DEBUG [com.study.domain.post.PostMapper.save] ==>  Preparing: INSERT INTO tb_post ( id , title , content , writer , view_cnt , notice_yn , delete_yn , created_date , modified_date ) VALUES ( ? , ? , ? , ? , 0 , ? , 0 , NOW() , NULL )
2023-04-12 12:42:10,998 DEBUG [com.study.domain.post.PostMapper.save] ==> Parameters: null, 720번 게시글 제목(String), 720번 게시글 내용(String), 테스터720(String), false(Boolean)
2023-04-12 12:42:10,998  INFO [jdbc.sqlonly] INSERT INTO tb_post (

          id
        , title
        , content
        , writer
        , view_cnt
        , notice_yn
        , delete_yn
        , created_date
        , modified_date

        ) VALUES (
              NULL
            , '720번 게시글 제목'
            , '720번 게시글 내용'
            , '테스터720'
            , 0
            , 0
            , 0
            , NOW()
            , NULL
        )

2023-04-12 12:42:10,998 DEBUG [com.study.domain.post.PostMapper.save] <==    Updates: 1
2023-04-12 12:42:10,998  INFO [jdbc.resultsettable] 
|----------|
|insert_id |
|----------|
|720       |
|----------|

2023-04-12 12:42:11,000 DEBUG [com.study.aop.LoggerAspect] Service ===> com.study.domain.post.PostService.savePost()
2023-04-12 12:42:11,000 DEBUG [com.study.aop.LoggerAspect] Mapper ===> com.study.domain.post.PostMapper.save()
2023-04-12 12:42:11,000 DEBUG [com.study.domain.post.PostMapper.save] ==>  Preparing: INSERT INTO tb_post ( id , title , content , writer , view_cnt , notice_yn , delete_yn , created_date , modified_date ) VALUES ( ? , ? , ? , ? , 0 , ? , 0 , NOW() , NULL )
2023-04-12 12:42:11,000 DEBUG [com.study.domain.post.PostMapper.save] ==> Parameters: null, 721번 게시글 제목(String), 721번 게시글 내용(String), 테스터721(String), false(Boolean)
2023-04-12 12:42:11,000  INFO [jdbc.sqlonly] INSERT INTO tb_post (

          id
        , title
        , content
        , writer
        , view_cnt
        , notice_yn
        , delete_yn
        , created_date
        , modified_date

        ) VALUES (
              NULL
            , '721번 게시글 제목'
            , '721번 게시글 내용'
            , '테스터721'
            , 0
            , 0
            , 0
            , NOW()
            , NULL
        )

2023-04-12 12:42:11,001 DEBUG [com.study.domain.post.PostMapper.save] <==    Updates: 1
2023-04-12 12:42:11,001  INFO [jdbc.resultsettable] 
|----------|
|insert_id |
|----------|
|721       |
|----------|

2023-04-12 12:42:11,002 DEBUG [com.study.aop.LoggerAspect] Service ===> com.study.domain.post.PostService.savePost()
2023-04-12 12:42:11,002 DEBUG [com.study.aop.LoggerAspect] Mapper ===> com.study.domain.post.PostMapper.save()
2023-04-12 12:42:11,002 DEBUG [com.study.domain.post.PostMapper.save] ==>  Preparing: INSERT INTO tb_post ( id , title , content , writer , view_cnt , notice_yn , delete_yn , created_date , modified_date ) VALUES ( ? , ? , ? , ? , 0 , ? , 0 , NOW() , NULL )
2023-04-12 12:42:11,002 DEBUG [com.study.domain.post.PostMapper.save] ==> Parameters: null, 722번 게시글 제목(String), 722번 게시글 내용(String), 테스터722(String), false(Boolean)
2023-04-12 12:42:11,002  INFO [jdbc.sqlonly] INSERT INTO tb_post (

          id
        , title
        , content
        , writer
        , view_cnt
        , notice_yn
        , delete_yn
        , created_date
        , modified_date

        ) VALUES (
              NULL
            , '722번 게시글 제목'
            , '722번 게시글 내용'
            , '테스터722'
            , 0
            , 0
            , 0
            , NOW()
            , NULL
        )

2023-04-12 12:42:11,003 DEBUG [com.study.domain.post.PostMapper.save] <==    Updates: 1
2023-04-12 12:42:11,003  INFO [jdbc.resultsettable] 
|----------|
|insert_id |
|----------|
|722       |
|----------|

2023-04-12 12:42:11,006 DEBUG [com.study.aop.LoggerAspect] Service ===> com.study.domain.post.PostService.savePost()
2023-04-12 12:42:11,006 DEBUG [com.study.aop.LoggerAspect] Mapper ===> com.study.domain.post.PostMapper.save()
2023-04-12 12:42:11,006 DEBUG [com.study.domain.post.PostMapper.save] ==>  Preparing: INSERT INTO tb_post ( id , title , content , writer , view_cnt , notice_yn , delete_yn , created_date , modified_date ) VALUES ( ? , ? , ? , ? , 0 , ? , 0 , NOW() , NULL )
2023-04-12 12:42:11,006 DEBUG [com.study.domain.post.PostMapper.save] ==> Parameters: null, 723번 게시글 제목(String), 723번 게시글 내용(String), 테스터723(String), false(Boolean)
2023-04-12 12:42:11,006  INFO [jdbc.sqlonly] INSERT INTO tb_post (

          id
        , title
        , content
        , writer
        , view_cnt
        , notice_yn
        , delete_yn
        , created_date
        , modified_date

        ) VALUES (
              NULL
            , '723번 게시글 제목'
            , '723번 게시글 내용'
            , '테스터723'
            , 0
            , 0
            , 0
            , NOW()
            , NULL
        )

2023-04-12 12:42:11,014 DEBUG [com.study.domain.post.PostMapper.save] <==    Updates: 1
2023-04-12 12:42:11,015  INFO [jdbc.resultsettable] 
|----------|
|insert_id |
|----------|
|723       |
|----------|

2023-04-12 12:42:11,016 DEBUG [com.study.aop.LoggerAspect] Service ===> com.study.domain.post.PostService.savePost()
2023-04-12 12:42:11,016 DEBUG [com.study.aop.LoggerAspect] Mapper ===> com.study.domain.post.PostMapper.save()
2023-04-12 12:42:11,016 DEBUG [com.study.domain.post.PostMapper.save] ==>  Preparing: INSERT INTO tb_post ( id , title , content , writer , view_cnt , notice_yn , delete_yn , created_date , modified_date ) VALUES ( ? , ? , ? , ? , 0 , ? , 0 , NOW() , NULL )
2023-04-12 12:42:11,016 DEBUG [com.study.domain.post.PostMapper.save] ==> Parameters: null, 724번 게시글 제목(String), 724번 게시글 내용(String), 테스터724(String), false(Boolean)
2023-04-12 12:42:11,016  INFO [jdbc.sqlonly] INSERT INTO tb_post (

          id
        , title
        , content
        , writer
        , view_cnt
        , notice_yn
        , delete_yn
        , created_date
        , modified_date

        ) VALUES (
              NULL
            , '724번 게시글 제목'
            , '724번 게시글 내용'
            , '테스터724'
            , 0
            , 0
            , 0
            , NOW()
            , NULL
        )

2023-04-12 12:42:11,017 DEBUG [com.study.domain.post.PostMapper.save] <==    Updates: 1
2023-04-12 12:42:11,017  INFO [jdbc.resultsettable] 
|----------|
|insert_id |
|----------|
|724       |
|----------|

2023-04-12 12:42:11,018 DEBUG [com.study.aop.LoggerAspect] Service ===> com.study.domain.post.PostService.savePost()
2023-04-12 12:42:11,018 DEBUG [com.study.aop.LoggerAspect] Mapper ===> com.study.domain.post.PostMapper.save()
2023-04-12 12:42:11,019 DEBUG [com.study.domain.post.PostMapper.save] ==>  Preparing: INSERT INTO tb_post ( id , title , content , writer , view_cnt , notice_yn , delete_yn , created_date , modified_date ) VALUES ( ? , ? , ? , ? , 0 , ? , 0 , NOW() , NULL )
2023-04-12 12:42:11,019 DEBUG [com.study.domain.post.PostMapper.save] ==> Parameters: null, 725번 게시글 제목(String), 725번 게시글 내용(String), 테스터725(String), false(Boolean)
2023-04-12 12:42:11,019  INFO [jdbc.sqlonly] INSERT INTO tb_post (

          id
        , title
        , content
        , writer
        , view_cnt
        , notice_yn
        , delete_yn
        , created_date
        , modified_date

        ) VALUES (
              NULL
            , '725번 게시글 제목'
            , '725번 게시글 내용'
            , '테스터725'
            , 0
            , 0
            , 0
            , NOW()
            , NULL
        )

2023-04-12 12:42:11,019 DEBUG [com.study.domain.post.PostMapper.save] <==    Updates: 1
2023-04-12 12:42:11,019  INFO [jdbc.resultsettable] 
|----------|
|insert_id |
|----------|
|725       |
|----------|

2023-04-12 12:42:11,021 DEBUG [com.study.aop.LoggerAspect] Service ===> com.study.domain.post.PostService.savePost()
2023-04-12 12:42:11,021 DEBUG [com.study.aop.LoggerAspect] Mapper ===> com.study.domain.post.PostMapper.save()
2023-04-12 12:42:11,021 DEBUG [com.study.domain.post.PostMapper.save] ==>  Preparing: INSERT INTO tb_post ( id , title , content , writer , view_cnt , notice_yn , delete_yn , created_date , modified_date ) VALUES ( ? , ? , ? , ? , 0 , ? , 0 , NOW() , NULL )
2023-04-12 12:42:11,021 DEBUG [com.study.domain.post.PostMapper.save] ==> Parameters: null, 726번 게시글 제목(String), 726번 게시글 내용(String), 테스터726(String), false(Boolean)
2023-04-12 12:42:11,021  INFO [jdbc.sqlonly] INSERT INTO tb_post (

          id
        , title
        , content
        , writer
        , view_cnt
        , notice_yn
        , delete_yn
        , created_date
        , modified_date

        ) VALUES (
              NULL
            , '726번 게시글 제목'
            , '726번 게시글 내용'
            , '테스터726'
            , 0
            , 0
            , 0
            , NOW()
            , NULL
        )

2023-04-12 12:42:11,021 DEBUG [com.study.domain.post.PostMapper.save] <==    Updates: 1
2023-04-12 12:42:11,021  INFO [jdbc.resultsettable] 
|----------|
|insert_id |
|----------|
|726       |
|----------|

2023-04-12 12:42:11,023 DEBUG [com.study.aop.LoggerAspect] Service ===> com.study.domain.post.PostService.savePost()
2023-04-12 12:42:11,023 DEBUG [com.study.aop.LoggerAspect] Mapper ===> com.study.domain.post.PostMapper.save()
2023-04-12 12:42:11,023 DEBUG [com.study.domain.post.PostMapper.save] ==>  Preparing: INSERT INTO tb_post ( id , title , content , writer , view_cnt , notice_yn , delete_yn , created_date , modified_date ) VALUES ( ? , ? , ? , ? , 0 , ? , 0 , NOW() , NULL )
2023-04-12 12:42:11,023 DEBUG [com.study.domain.post.PostMapper.save] ==> Parameters: null, 727번 게시글 제목(String), 727번 게시글 내용(String), 테스터727(String), false(Boolean)
2023-04-12 12:42:11,023  INFO [jdbc.sqlonly] INSERT INTO tb_post (

          id
        , title
        , content
        , writer
        , view_cnt
        , notice_yn
        , delete_yn
        , created_date
        , modified_date

        ) VALUES (
              NULL
            , '727번 게시글 제목'
            , '727번 게시글 내용'
            , '테스터727'
            , 0
            , 0
            , 0
            , NOW()
            , NULL
        )

2023-04-12 12:42:11,024 DEBUG [com.study.domain.post.PostMapper.save] <==    Updates: 1
2023-04-12 12:42:11,024  INFO [jdbc.resultsettable] 
|----------|
|insert_id |
|----------|
|727       |
|----------|

2023-04-12 12:42:11,025 DEBUG [com.study.aop.LoggerAspect] Service ===> com.study.domain.post.PostService.savePost()
2023-04-12 12:42:11,025 DEBUG [com.study.aop.LoggerAspect] Mapper ===> com.study.domain.post.PostMapper.save()
2023-04-12 12:42:11,025 DEBUG [com.study.domain.post.PostMapper.save] ==>  Preparing: INSERT INTO tb_post ( id , title , content , writer , view_cnt , notice_yn , delete_yn , created_date , modified_date ) VALUES ( ? , ? , ? , ? , 0 , ? , 0 , NOW() , NULL )
2023-04-12 12:42:11,025 DEBUG [com.study.domain.post.PostMapper.save] ==> Parameters: null, 728번 게시글 제목(String), 728번 게시글 내용(String), 테스터728(String), false(Boolean)
2023-04-12 12:42:11,025  INFO [jdbc.sqlonly] INSERT INTO tb_post (

          id
        , title
        , content
        , writer
        , view_cnt
        , notice_yn
        , delete_yn
        , created_date
        , modified_date

        ) VALUES (
              NULL
            , '728번 게시글 제목'
            , '728번 게시글 내용'
            , '테스터728'
            , 0
            , 0
            , 0
            , NOW()
            , NULL
        )

2023-04-12 12:42:11,026 DEBUG [com.study.domain.post.PostMapper.save] <==    Updates: 1
2023-04-12 12:42:11,026  INFO [jdbc.resultsettable] 
|----------|
|insert_id |
|----------|
|728       |
|----------|

2023-04-12 12:42:11,027 DEBUG [com.study.aop.LoggerAspect] Service ===> com.study.domain.post.PostService.savePost()
2023-04-12 12:42:11,027 DEBUG [com.study.aop.LoggerAspect] Mapper ===> com.study.domain.post.PostMapper.save()
2023-04-12 12:42:11,027 DEBUG [com.study.domain.post.PostMapper.save] ==>  Preparing: INSERT INTO tb_post ( id , title , content , writer , view_cnt , notice_yn , delete_yn , created_date , modified_date ) VALUES ( ? , ? , ? , ? , 0 , ? , 0 , NOW() , NULL )
2023-04-12 12:42:11,027 DEBUG [com.study.domain.post.PostMapper.save] ==> Parameters: null, 729번 게시글 제목(String), 729번 게시글 내용(String), 테스터729(String), false(Boolean)
2023-04-12 12:42:11,027  INFO [jdbc.sqlonly] INSERT INTO tb_post (

          id
        , title
        , content
        , writer
        , view_cnt
        , notice_yn
        , delete_yn
        , created_date
        , modified_date

        ) VALUES (
              NULL
            , '729번 게시글 제목'
            , '729번 게시글 내용'
            , '테스터729'
            , 0
            , 0
            , 0
            , NOW()
            , NULL
        )

2023-04-12 12:42:11,027 DEBUG [com.study.domain.post.PostMapper.save] <==    Updates: 1
2023-04-12 12:42:11,028  INFO [jdbc.resultsettable] 
|----------|
|insert_id |
|----------|
|729       |
|----------|

2023-04-12 12:42:11,029 DEBUG [com.study.aop.LoggerAspect] Service ===> com.study.domain.post.PostService.savePost()
2023-04-12 12:42:11,029 DEBUG [com.study.aop.LoggerAspect] Mapper ===> com.study.domain.post.PostMapper.save()
2023-04-12 12:42:11,029 DEBUG [com.study.domain.post.PostMapper.save] ==>  Preparing: INSERT INTO tb_post ( id , title , content , writer , view_cnt , notice_yn , delete_yn , created_date , modified_date ) VALUES ( ? , ? , ? , ? , 0 , ? , 0 , NOW() , NULL )
2023-04-12 12:42:11,029 DEBUG [com.study.domain.post.PostMapper.save] ==> Parameters: null, 730번 게시글 제목(String), 730번 게시글 내용(String), 테스터730(String), false(Boolean)
2023-04-12 12:42:11,029  INFO [jdbc.sqlonly] INSERT INTO tb_post (

          id
        , title
        , content
        , writer
        , view_cnt
        , notice_yn
        , delete_yn
        , created_date
        , modified_date

        ) VALUES (
              NULL
            , '730번 게시글 제목'
            , '730번 게시글 내용'
            , '테스터730'
            , 0
            , 0
            , 0
            , NOW()
            , NULL
        )

2023-04-12 12:42:11,030 DEBUG [com.study.domain.post.PostMapper.save] <==    Updates: 1
2023-04-12 12:42:11,030  INFO [jdbc.resultsettable] 
|----------|
|insert_id |
|----------|
|730       |
|----------|

2023-04-12 12:42:11,031 DEBUG [com.study.aop.LoggerAspect] Service ===> com.study.domain.post.PostService.savePost()
2023-04-12 12:42:11,031 DEBUG [com.study.aop.LoggerAspect] Mapper ===> com.study.domain.post.PostMapper.save()
2023-04-12 12:42:11,031 DEBUG [com.study.domain.post.PostMapper.save] ==>  Preparing: INSERT INTO tb_post ( id , title , content , writer , view_cnt , notice_yn , delete_yn , created_date , modified_date ) VALUES ( ? , ? , ? , ? , 0 , ? , 0 , NOW() , NULL )
2023-04-12 12:42:11,031 DEBUG [com.study.domain.post.PostMapper.save] ==> Parameters: null, 731번 게시글 제목(String), 731번 게시글 내용(String), 테스터731(String), false(Boolean)
2023-04-12 12:42:11,031  INFO [jdbc.sqlonly] INSERT INTO tb_post (

          id
        , title
        , content
        , writer
        , view_cnt
        , notice_yn
        , delete_yn
        , created_date
        , modified_date

        ) VALUES (
              NULL
            , '731번 게시글 제목'
            , '731번 게시글 내용'
            , '테스터731'
            , 0
            , 0
            , 0
            , NOW()
            , NULL
        )

2023-04-12 12:42:11,032 DEBUG [com.study.domain.post.PostMapper.save] <==    Updates: 1
2023-04-12 12:42:11,032  INFO [jdbc.resultsettable] 
|----------|
|insert_id |
|----------|
|731       |
|----------|

2023-04-12 12:42:11,033 DEBUG [com.study.aop.LoggerAspect] Service ===> com.study.domain.post.PostService.savePost()
2023-04-12 12:42:11,033 DEBUG [com.study.aop.LoggerAspect] Mapper ===> com.study.domain.post.PostMapper.save()
2023-04-12 12:42:11,033 DEBUG [com.study.domain.post.PostMapper.save] ==>  Preparing: INSERT INTO tb_post ( id , title , content , writer , view_cnt , notice_yn , delete_yn , created_date , modified_date ) VALUES ( ? , ? , ? , ? , 0 , ? , 0 , NOW() , NULL )
2023-04-12 12:42:11,033 DEBUG [com.study.domain.post.PostMapper.save] ==> Parameters: null, 732번 게시글 제목(String), 732번 게시글 내용(String), 테스터732(String), false(Boolean)
2023-04-12 12:42:11,033  INFO [jdbc.sqlonly] INSERT INTO tb_post (

          id
        , title
        , content
        , writer
        , view_cnt
        , notice_yn
        , delete_yn
        , created_date
        , modified_date

        ) VALUES (
              NULL
            , '732번 게시글 제목'
            , '732번 게시글 내용'
            , '테스터732'
            , 0
            , 0
            , 0
            , NOW()
            , NULL
        )

2023-04-12 12:42:11,034 DEBUG [com.study.domain.post.PostMapper.save] <==    Updates: 1
2023-04-12 12:42:11,034  INFO [jdbc.resultsettable] 
|----------|
|insert_id |
|----------|
|732       |
|----------|

2023-04-12 12:42:11,035 DEBUG [com.study.aop.LoggerAspect] Service ===> com.study.domain.post.PostService.savePost()
2023-04-12 12:42:11,035 DEBUG [com.study.aop.LoggerAspect] Mapper ===> com.study.domain.post.PostMapper.save()
2023-04-12 12:42:11,035 DEBUG [com.study.domain.post.PostMapper.save] ==>  Preparing: INSERT INTO tb_post ( id , title , content , writer , view_cnt , notice_yn , delete_yn , created_date , modified_date ) VALUES ( ? , ? , ? , ? , 0 , ? , 0 , NOW() , NULL )
2023-04-12 12:42:11,035 DEBUG [com.study.domain.post.PostMapper.save] ==> Parameters: null, 733번 게시글 제목(String), 733번 게시글 내용(String), 테스터733(String), false(Boolean)
2023-04-12 12:42:11,035  INFO [jdbc.sqlonly] INSERT INTO tb_post (

          id
        , title
        , content
        , writer
        , view_cnt
        , notice_yn
        , delete_yn
        , created_date
        , modified_date

        ) VALUES (
              NULL
            , '733번 게시글 제목'
            , '733번 게시글 내용'
            , '테스터733'
            , 0
            , 0
            , 0
            , NOW()
            , NULL
        )

2023-04-12 12:42:11,036 DEBUG [com.study.domain.post.PostMapper.save] <==    Updates: 1
2023-04-12 12:42:11,036  INFO [jdbc.resultsettable] 
|----------|
|insert_id |
|----------|
|733       |
|----------|

2023-04-12 12:42:11,038 DEBUG [com.study.aop.LoggerAspect] Service ===> com.study.domain.post.PostService.savePost()
2023-04-12 12:42:11,038 DEBUG [com.study.aop.LoggerAspect] Mapper ===> com.study.domain.post.PostMapper.save()
2023-04-12 12:42:11,038 DEBUG [com.study.domain.post.PostMapper.save] ==>  Preparing: INSERT INTO tb_post ( id , title , content , writer , view_cnt , notice_yn , delete_yn , created_date , modified_date ) VALUES ( ? , ? , ? , ? , 0 , ? , 0 , NOW() , NULL )
2023-04-12 12:42:11,038 DEBUG [com.study.domain.post.PostMapper.save] ==> Parameters: null, 734번 게시글 제목(String), 734번 게시글 내용(String), 테스터734(String), false(Boolean)
2023-04-12 12:42:11,038  INFO [jdbc.sqlonly] INSERT INTO tb_post (

          id
        , title
        , content
        , writer
        , view_cnt
        , notice_yn
        , delete_yn
        , created_date
        , modified_date

        ) VALUES (
              NULL
            , '734번 게시글 제목'
            , '734번 게시글 내용'
            , '테스터734'
            , 0
            , 0
            , 0
            , NOW()
            , NULL
        )

2023-04-12 12:42:11,039 DEBUG [com.study.domain.post.PostMapper.save] <==    Updates: 1
2023-04-12 12:42:11,039  INFO [jdbc.resultsettable] 
|----------|
|insert_id |
|----------|
|734       |
|----------|

2023-04-12 12:42:11,041 DEBUG [com.study.aop.LoggerAspect] Service ===> com.study.domain.post.PostService.savePost()
2023-04-12 12:42:11,041 DEBUG [com.study.aop.LoggerAspect] Mapper ===> com.study.domain.post.PostMapper.save()
2023-04-12 12:42:11,041 DEBUG [com.study.domain.post.PostMapper.save] ==>  Preparing: INSERT INTO tb_post ( id , title , content , writer , view_cnt , notice_yn , delete_yn , created_date , modified_date ) VALUES ( ? , ? , ? , ? , 0 , ? , 0 , NOW() , NULL )
2023-04-12 12:42:11,041 DEBUG [com.study.domain.post.PostMapper.save] ==> Parameters: null, 735번 게시글 제목(String), 735번 게시글 내용(String), 테스터735(String), false(Boolean)
2023-04-12 12:42:11,041  INFO [jdbc.sqlonly] INSERT INTO tb_post (

          id
        , title
        , content
        , writer
        , view_cnt
        , notice_yn
        , delete_yn
        , created_date
        , modified_date

        ) VALUES (
              NULL
            , '735번 게시글 제목'
            , '735번 게시글 내용'
            , '테스터735'
            , 0
            , 0
            , 0
            , NOW()
            , NULL
        )

2023-04-12 12:42:11,042 DEBUG [com.study.domain.post.PostMapper.save] <==    Updates: 1
2023-04-12 12:42:11,042  INFO [jdbc.resultsettable] 
|----------|
|insert_id |
|----------|
|735       |
|----------|

2023-04-12 12:42:11,043 DEBUG [com.study.aop.LoggerAspect] Service ===> com.study.domain.post.PostService.savePost()
2023-04-12 12:42:11,043 DEBUG [com.study.aop.LoggerAspect] Mapper ===> com.study.domain.post.PostMapper.save()
2023-04-12 12:42:11,043 DEBUG [com.study.domain.post.PostMapper.save] ==>  Preparing: INSERT INTO tb_post ( id , title , content , writer , view_cnt , notice_yn , delete_yn , created_date , modified_date ) VALUES ( ? , ? , ? , ? , 0 , ? , 0 , NOW() , NULL )
2023-04-12 12:42:11,043 DEBUG [com.study.domain.post.PostMapper.save] ==> Parameters: null, 736번 게시글 제목(String), 736번 게시글 내용(String), 테스터736(String), false(Boolean)
2023-04-12 12:42:11,043  INFO [jdbc.sqlonly] INSERT INTO tb_post (

          id
        , title
        , content
        , writer
        , view_cnt
        , notice_yn
        , delete_yn
        , created_date
        , modified_date

        ) VALUES (
              NULL
            , '736번 게시글 제목'
            , '736번 게시글 내용'
            , '테스터736'
            , 0
            , 0
            , 0
            , NOW()
            , NULL
        )

2023-04-12 12:42:11,044 DEBUG [com.study.domain.post.PostMapper.save] <==    Updates: 1
2023-04-12 12:42:11,044  INFO [jdbc.resultsettable] 
|----------|
|insert_id |
|----------|
|736       |
|----------|

2023-04-12 12:42:11,045 DEBUG [com.study.aop.LoggerAspect] Service ===> com.study.domain.post.PostService.savePost()
2023-04-12 12:42:11,045 DEBUG [com.study.aop.LoggerAspect] Mapper ===> com.study.domain.post.PostMapper.save()
2023-04-12 12:42:11,045 DEBUG [com.study.domain.post.PostMapper.save] ==>  Preparing: INSERT INTO tb_post ( id , title , content , writer , view_cnt , notice_yn , delete_yn , created_date , modified_date ) VALUES ( ? , ? , ? , ? , 0 , ? , 0 , NOW() , NULL )
2023-04-12 12:42:11,045 DEBUG [com.study.domain.post.PostMapper.save] ==> Parameters: null, 737번 게시글 제목(String), 737번 게시글 내용(String), 테스터737(String), false(Boolean)
2023-04-12 12:42:11,046  INFO [jdbc.sqlonly] INSERT INTO tb_post (

          id
        , title
        , content
        , writer
        , view_cnt
        , notice_yn
        , delete_yn
        , created_date
        , modified_date

        ) VALUES (
              NULL
            , '737번 게시글 제목'
            , '737번 게시글 내용'
            , '테스터737'
            , 0
            , 0
            , 0
            , NOW()
            , NULL
        )

2023-04-12 12:42:11,046 DEBUG [com.study.domain.post.PostMapper.save] <==    Updates: 1
2023-04-12 12:42:11,046  INFO [jdbc.resultsettable] 
|----------|
|insert_id |
|----------|
|737       |
|----------|

2023-04-12 12:42:11,047 DEBUG [com.study.aop.LoggerAspect] Service ===> com.study.domain.post.PostService.savePost()
2023-04-12 12:42:11,047 DEBUG [com.study.aop.LoggerAspect] Mapper ===> com.study.domain.post.PostMapper.save()
2023-04-12 12:42:11,047 DEBUG [com.study.domain.post.PostMapper.save] ==>  Preparing: INSERT INTO tb_post ( id , title , content , writer , view_cnt , notice_yn , delete_yn , created_date , modified_date ) VALUES ( ? , ? , ? , ? , 0 , ? , 0 , NOW() , NULL )
2023-04-12 12:42:11,047 DEBUG [com.study.domain.post.PostMapper.save] ==> Parameters: null, 738번 게시글 제목(String), 738번 게시글 내용(String), 테스터738(String), false(Boolean)
2023-04-12 12:42:11,047  INFO [jdbc.sqlonly] INSERT INTO tb_post (

          id
        , title
        , content
        , writer
        , view_cnt
        , notice_yn
        , delete_yn
        , created_date
        , modified_date

        ) VALUES (
              NULL
            , '738번 게시글 제목'
            , '738번 게시글 내용'
            , '테스터738'
            , 0
            , 0
            , 0
            , NOW()
            , NULL
        )

2023-04-12 12:42:11,048 DEBUG [com.study.domain.post.PostMapper.save] <==    Updates: 1
2023-04-12 12:42:11,048  INFO [jdbc.resultsettable] 
|----------|
|insert_id |
|----------|
|738       |
|----------|

2023-04-12 12:42:11,049 DEBUG [com.study.aop.LoggerAspect] Service ===> com.study.domain.post.PostService.savePost()
2023-04-12 12:42:11,049 DEBUG [com.study.aop.LoggerAspect] Mapper ===> com.study.domain.post.PostMapper.save()
2023-04-12 12:42:11,049 DEBUG [com.study.domain.post.PostMapper.save] ==>  Preparing: INSERT INTO tb_post ( id , title , content , writer , view_cnt , notice_yn , delete_yn , created_date , modified_date ) VALUES ( ? , ? , ? , ? , 0 , ? , 0 , NOW() , NULL )
2023-04-12 12:42:11,049 DEBUG [com.study.domain.post.PostMapper.save] ==> Parameters: null, 739번 게시글 제목(String), 739번 게시글 내용(String), 테스터739(String), false(Boolean)
2023-04-12 12:42:11,049  INFO [jdbc.sqlonly] INSERT INTO tb_post (

          id
        , title
        , content
        , writer
        , view_cnt
        , notice_yn
        , delete_yn
        , created_date
        , modified_date

        ) VALUES (
              NULL
            , '739번 게시글 제목'
            , '739번 게시글 내용'
            , '테스터739'
            , 0
            , 0
            , 0
            , NOW()
            , NULL
        )

2023-04-12 12:42:11,050 DEBUG [com.study.domain.post.PostMapper.save] <==    Updates: 1
2023-04-12 12:42:11,050  INFO [jdbc.resultsettable] 
|----------|
|insert_id |
|----------|
|739       |
|----------|

2023-04-12 12:42:11,051 DEBUG [com.study.aop.LoggerAspect] Service ===> com.study.domain.post.PostService.savePost()
2023-04-12 12:42:11,051 DEBUG [com.study.aop.LoggerAspect] Mapper ===> com.study.domain.post.PostMapper.save()
2023-04-12 12:42:11,051 DEBUG [com.study.domain.post.PostMapper.save] ==>  Preparing: INSERT INTO tb_post ( id , title , content , writer , view_cnt , notice_yn , delete_yn , created_date , modified_date ) VALUES ( ? , ? , ? , ? , 0 , ? , 0 , NOW() , NULL )
2023-04-12 12:42:11,051 DEBUG [com.study.domain.post.PostMapper.save] ==> Parameters: null, 740번 게시글 제목(String), 740번 게시글 내용(String), 테스터740(String), false(Boolean)
2023-04-12 12:42:11,051  INFO [jdbc.sqlonly] INSERT INTO tb_post (

          id
        , title
        , content
        , writer
        , view_cnt
        , notice_yn
        , delete_yn
        , created_date
        , modified_date

        ) VALUES (
              NULL
            , '740번 게시글 제목'
            , '740번 게시글 내용'
            , '테스터740'
            , 0
            , 0
            , 0
            , NOW()
            , NULL
        )

2023-04-12 12:42:11,051 DEBUG [com.study.domain.post.PostMapper.save] <==    Updates: 1
2023-04-12 12:42:11,052  INFO [jdbc.resultsettable] 
|----------|
|insert_id |
|----------|
|740       |
|----------|

2023-04-12 12:42:11,053 DEBUG [com.study.aop.LoggerAspect] Service ===> com.study.domain.post.PostService.savePost()
2023-04-12 12:42:11,053 DEBUG [com.study.aop.LoggerAspect] Mapper ===> com.study.domain.post.PostMapper.save()
2023-04-12 12:42:11,053 DEBUG [com.study.domain.post.PostMapper.save] ==>  Preparing: INSERT INTO tb_post ( id , title , content , writer , view_cnt , notice_yn , delete_yn , created_date , modified_date ) VALUES ( ? , ? , ? , ? , 0 , ? , 0 , NOW() , NULL )
2023-04-12 12:42:11,053 DEBUG [com.study.domain.post.PostMapper.save] ==> Parameters: null, 741번 게시글 제목(String), 741번 게시글 내용(String), 테스터741(String), false(Boolean)
2023-04-12 12:42:11,053  INFO [jdbc.sqlonly] INSERT INTO tb_post (

          id
        , title
        , content
        , writer
        , view_cnt
        , notice_yn
        , delete_yn
        , created_date
        , modified_date

        ) VALUES (
              NULL
            , '741번 게시글 제목'
            , '741번 게시글 내용'
            , '테스터741'
            , 0
            , 0
            , 0
            , NOW()
            , NULL
        )

2023-04-12 12:42:11,053 DEBUG [com.study.domain.post.PostMapper.save] <==    Updates: 1
2023-04-12 12:42:11,053  INFO [jdbc.resultsettable] 
|----------|
|insert_id |
|----------|
|741       |
|----------|

2023-04-12 12:42:11,054 DEBUG [com.study.aop.LoggerAspect] Service ===> com.study.domain.post.PostService.savePost()
2023-04-12 12:42:11,055 DEBUG [com.study.aop.LoggerAspect] Mapper ===> com.study.domain.post.PostMapper.save()
2023-04-12 12:42:11,055 DEBUG [com.study.domain.post.PostMapper.save] ==>  Preparing: INSERT INTO tb_post ( id , title , content , writer , view_cnt , notice_yn , delete_yn , created_date , modified_date ) VALUES ( ? , ? , ? , ? , 0 , ? , 0 , NOW() , NULL )
2023-04-12 12:42:11,055 DEBUG [com.study.domain.post.PostMapper.save] ==> Parameters: null, 742번 게시글 제목(String), 742번 게시글 내용(String), 테스터742(String), false(Boolean)
2023-04-12 12:42:11,055  INFO [jdbc.sqlonly] INSERT INTO tb_post (

          id
        , title
        , content
        , writer
        , view_cnt
        , notice_yn
        , delete_yn
        , created_date
        , modified_date

        ) VALUES (
              NULL
            , '742번 게시글 제목'
            , '742번 게시글 내용'
            , '테스터742'
            , 0
            , 0
            , 0
            , NOW()
            , NULL
        )

2023-04-12 12:42:11,055 DEBUG [com.study.domain.post.PostMapper.save] <==    Updates: 1
2023-04-12 12:42:11,055  INFO [jdbc.resultsettable] 
|----------|
|insert_id |
|----------|
|742       |
|----------|

2023-04-12 12:42:11,056 DEBUG [com.study.aop.LoggerAspect] Service ===> com.study.domain.post.PostService.savePost()
2023-04-12 12:42:11,056 DEBUG [com.study.aop.LoggerAspect] Mapper ===> com.study.domain.post.PostMapper.save()
2023-04-12 12:42:11,057 DEBUG [com.study.domain.post.PostMapper.save] ==>  Preparing: INSERT INTO tb_post ( id , title , content , writer , view_cnt , notice_yn , delete_yn , created_date , modified_date ) VALUES ( ? , ? , ? , ? , 0 , ? , 0 , NOW() , NULL )
2023-04-12 12:42:11,057 DEBUG [com.study.domain.post.PostMapper.save] ==> Parameters: null, 743번 게시글 제목(String), 743번 게시글 내용(String), 테스터743(String), false(Boolean)
2023-04-12 12:42:11,057  INFO [jdbc.sqlonly] INSERT INTO tb_post (

          id
        , title
        , content
        , writer
        , view_cnt
        , notice_yn
        , delete_yn
        , created_date
        , modified_date

        ) VALUES (
              NULL
            , '743번 게시글 제목'
            , '743번 게시글 내용'
            , '테스터743'
            , 0
            , 0
            , 0
            , NOW()
            , NULL
        )

2023-04-12 12:42:11,057 DEBUG [com.study.domain.post.PostMapper.save] <==    Updates: 1
2023-04-12 12:42:11,057  INFO [jdbc.resultsettable] 
|----------|
|insert_id |
|----------|
|743       |
|----------|

2023-04-12 12:42:11,058 DEBUG [com.study.aop.LoggerAspect] Service ===> com.study.domain.post.PostService.savePost()
2023-04-12 12:42:11,058 DEBUG [com.study.aop.LoggerAspect] Mapper ===> com.study.domain.post.PostMapper.save()
2023-04-12 12:42:11,059 DEBUG [com.study.domain.post.PostMapper.save] ==>  Preparing: INSERT INTO tb_post ( id , title , content , writer , view_cnt , notice_yn , delete_yn , created_date , modified_date ) VALUES ( ? , ? , ? , ? , 0 , ? , 0 , NOW() , NULL )
2023-04-12 12:42:11,059 DEBUG [com.study.domain.post.PostMapper.save] ==> Parameters: null, 744번 게시글 제목(String), 744번 게시글 내용(String), 테스터744(String), false(Boolean)
2023-04-12 12:42:11,059  INFO [jdbc.sqlonly] INSERT INTO tb_post (

          id
        , title
        , content
        , writer
        , view_cnt
        , notice_yn
        , delete_yn
        , created_date
        , modified_date

        ) VALUES (
              NULL
            , '744번 게시글 제목'
            , '744번 게시글 내용'
            , '테스터744'
            , 0
            , 0
            , 0
            , NOW()
            , NULL
        )

2023-04-12 12:42:11,059 DEBUG [com.study.domain.post.PostMapper.save] <==    Updates: 1
2023-04-12 12:42:11,059  INFO [jdbc.resultsettable] 
|----------|
|insert_id |
|----------|
|744       |
|----------|

2023-04-12 12:42:11,061 DEBUG [com.study.aop.LoggerAspect] Service ===> com.study.domain.post.PostService.savePost()
2023-04-12 12:42:11,061 DEBUG [com.study.aop.LoggerAspect] Mapper ===> com.study.domain.post.PostMapper.save()
2023-04-12 12:42:11,061 DEBUG [com.study.domain.post.PostMapper.save] ==>  Preparing: INSERT INTO tb_post ( id , title , content , writer , view_cnt , notice_yn , delete_yn , created_date , modified_date ) VALUES ( ? , ? , ? , ? , 0 , ? , 0 , NOW() , NULL )
2023-04-12 12:42:11,061 DEBUG [com.study.domain.post.PostMapper.save] ==> Parameters: null, 745번 게시글 제목(String), 745번 게시글 내용(String), 테스터745(String), false(Boolean)
2023-04-12 12:42:11,061  INFO [jdbc.sqlonly] INSERT INTO tb_post (

          id
        , title
        , content
        , writer
        , view_cnt
        , notice_yn
        , delete_yn
        , created_date
        , modified_date

        ) VALUES (
              NULL
            , '745번 게시글 제목'
            , '745번 게시글 내용'
            , '테스터745'
            , 0
            , 0
            , 0
            , NOW()
            , NULL
        )

2023-04-12 12:42:11,062 DEBUG [com.study.domain.post.PostMapper.save] <==    Updates: 1
2023-04-12 12:42:11,062  INFO [jdbc.resultsettable] 
|----------|
|insert_id |
|----------|
|745       |
|----------|

2023-04-12 12:42:11,063 DEBUG [com.study.aop.LoggerAspect] Service ===> com.study.domain.post.PostService.savePost()
2023-04-12 12:42:11,063 DEBUG [com.study.aop.LoggerAspect] Mapper ===> com.study.domain.post.PostMapper.save()
2023-04-12 12:42:11,063 DEBUG [com.study.domain.post.PostMapper.save] ==>  Preparing: INSERT INTO tb_post ( id , title , content , writer , view_cnt , notice_yn , delete_yn , created_date , modified_date ) VALUES ( ? , ? , ? , ? , 0 , ? , 0 , NOW() , NULL )
2023-04-12 12:42:11,063 DEBUG [com.study.domain.post.PostMapper.save] ==> Parameters: null, 746번 게시글 제목(String), 746번 게시글 내용(String), 테스터746(String), false(Boolean)
2023-04-12 12:42:11,063  INFO [jdbc.sqlonly] INSERT INTO tb_post (

          id
        , title
        , content
        , writer
        , view_cnt
        , notice_yn
        , delete_yn
        , created_date
        , modified_date

        ) VALUES (
              NULL
            , '746번 게시글 제목'
            , '746번 게시글 내용'
            , '테스터746'
            , 0
            , 0
            , 0
            , NOW()
            , NULL
        )

2023-04-12 12:42:11,063 DEBUG [com.study.domain.post.PostMapper.save] <==    Updates: 1
2023-04-12 12:42:11,064  INFO [jdbc.resultsettable] 
|----------|
|insert_id |
|----------|
|746       |
|----------|

2023-04-12 12:42:11,065 DEBUG [com.study.aop.LoggerAspect] Service ===> com.study.domain.post.PostService.savePost()
2023-04-12 12:42:11,065 DEBUG [com.study.aop.LoggerAspect] Mapper ===> com.study.domain.post.PostMapper.save()
2023-04-12 12:42:11,065 DEBUG [com.study.domain.post.PostMapper.save] ==>  Preparing: INSERT INTO tb_post ( id , title , content , writer , view_cnt , notice_yn , delete_yn , created_date , modified_date ) VALUES ( ? , ? , ? , ? , 0 , ? , 0 , NOW() , NULL )
2023-04-12 12:42:11,065 DEBUG [com.study.domain.post.PostMapper.save] ==> Parameters: null, 747번 게시글 제목(String), 747번 게시글 내용(String), 테스터747(String), false(Boolean)
2023-04-12 12:42:11,065  INFO [jdbc.sqlonly] INSERT INTO tb_post (

          id
        , title
        , content
        , writer
        , view_cnt
        , notice_yn
        , delete_yn
        , created_date
        , modified_date

        ) VALUES (
              NULL
            , '747번 게시글 제목'
            , '747번 게시글 내용'
            , '테스터747'
            , 0
            , 0
            , 0
            , NOW()
            , NULL
        )

2023-04-12 12:42:11,065 DEBUG [com.study.domain.post.PostMapper.save] <==    Updates: 1
2023-04-12 12:42:11,066  INFO [jdbc.resultsettable] 
|----------|
|insert_id |
|----------|
|747       |
|----------|

2023-04-12 12:42:11,067 DEBUG [com.study.aop.LoggerAspect] Service ===> com.study.domain.post.PostService.savePost()
2023-04-12 12:42:11,067 DEBUG [com.study.aop.LoggerAspect] Mapper ===> com.study.domain.post.PostMapper.save()
2023-04-12 12:42:11,067 DEBUG [com.study.domain.post.PostMapper.save] ==>  Preparing: INSERT INTO tb_post ( id , title , content , writer , view_cnt , notice_yn , delete_yn , created_date , modified_date ) VALUES ( ? , ? , ? , ? , 0 , ? , 0 , NOW() , NULL )
2023-04-12 12:42:11,067 DEBUG [com.study.domain.post.PostMapper.save] ==> Parameters: null, 748번 게시글 제목(String), 748번 게시글 내용(String), 테스터748(String), false(Boolean)
2023-04-12 12:42:11,067  INFO [jdbc.sqlonly] INSERT INTO tb_post (

          id
        , title
        , content
        , writer
        , view_cnt
        , notice_yn
        , delete_yn
        , created_date
        , modified_date

        ) VALUES (
              NULL
            , '748번 게시글 제목'
            , '748번 게시글 내용'
            , '테스터748'
            , 0
            , 0
            , 0
            , NOW()
            , NULL
        )

2023-04-12 12:42:11,067 DEBUG [com.study.domain.post.PostMapper.save] <==    Updates: 1
2023-04-12 12:42:11,068  INFO [jdbc.resultsettable] 
|----------|
|insert_id |
|----------|
|748       |
|----------|

2023-04-12 12:42:11,069 DEBUG [com.study.aop.LoggerAspect] Service ===> com.study.domain.post.PostService.savePost()
2023-04-12 12:42:11,069 DEBUG [com.study.aop.LoggerAspect] Mapper ===> com.study.domain.post.PostMapper.save()
2023-04-12 12:42:11,069 DEBUG [com.study.domain.post.PostMapper.save] ==>  Preparing: INSERT INTO tb_post ( id , title , content , writer , view_cnt , notice_yn , delete_yn , created_date , modified_date ) VALUES ( ? , ? , ? , ? , 0 , ? , 0 , NOW() , NULL )
2023-04-12 12:42:11,069 DEBUG [com.study.domain.post.PostMapper.save] ==> Parameters: null, 749번 게시글 제목(String), 749번 게시글 내용(String), 테스터749(String), false(Boolean)
2023-04-12 12:42:11,069  INFO [jdbc.sqlonly] INSERT INTO tb_post (

          id
        , title
        , content
        , writer
        , view_cnt
        , notice_yn
        , delete_yn
        , created_date
        , modified_date

        ) VALUES (
              NULL
            , '749번 게시글 제목'
            , '749번 게시글 내용'
            , '테스터749'
            , 0
            , 0
            , 0
            , NOW()
            , NULL
        )

2023-04-12 12:42:11,070 DEBUG [com.study.domain.post.PostMapper.save] <==    Updates: 1
2023-04-12 12:42:11,071  INFO [jdbc.resultsettable] 
|----------|
|insert_id |
|----------|
|749       |
|----------|

2023-04-12 12:42:11,072 DEBUG [com.study.aop.LoggerAspect] Service ===> com.study.domain.post.PostService.savePost()
2023-04-12 12:42:11,072 DEBUG [com.study.aop.LoggerAspect] Mapper ===> com.study.domain.post.PostMapper.save()
2023-04-12 12:42:11,073 DEBUG [com.study.domain.post.PostMapper.save] ==>  Preparing: INSERT INTO tb_post ( id , title , content , writer , view_cnt , notice_yn , delete_yn , created_date , modified_date ) VALUES ( ? , ? , ? , ? , 0 , ? , 0 , NOW() , NULL )
2023-04-12 12:42:11,073 DEBUG [com.study.domain.post.PostMapper.save] ==> Parameters: null, 750번 게시글 제목(String), 750번 게시글 내용(String), 테스터750(String), false(Boolean)
2023-04-12 12:42:11,073  INFO [jdbc.sqlonly] INSERT INTO tb_post (

          id
        , title
        , content
        , writer
        , view_cnt
        , notice_yn
        , delete_yn
        , created_date
        , modified_date

        ) VALUES (
              NULL
            , '750번 게시글 제목'
            , '750번 게시글 내용'
            , '테스터750'
            , 0
            , 0
            , 0
            , NOW()
            , NULL
        )

2023-04-12 12:42:11,073 DEBUG [com.study.domain.post.PostMapper.save] <==    Updates: 1
2023-04-12 12:42:11,073  INFO [jdbc.resultsettable] 
|----------|
|insert_id |
|----------|
|750       |
|----------|

2023-04-12 12:42:11,075 DEBUG [com.study.aop.LoggerAspect] Service ===> com.study.domain.post.PostService.savePost()
2023-04-12 12:42:11,075 DEBUG [com.study.aop.LoggerAspect] Mapper ===> com.study.domain.post.PostMapper.save()
2023-04-12 12:42:11,075 DEBUG [com.study.domain.post.PostMapper.save] ==>  Preparing: INSERT INTO tb_post ( id , title , content , writer , view_cnt , notice_yn , delete_yn , created_date , modified_date ) VALUES ( ? , ? , ? , ? , 0 , ? , 0 , NOW() , NULL )
2023-04-12 12:42:11,075 DEBUG [com.study.domain.post.PostMapper.save] ==> Parameters: null, 751번 게시글 제목(String), 751번 게시글 내용(String), 테스터751(String), false(Boolean)
2023-04-12 12:42:11,075  INFO [jdbc.sqlonly] INSERT INTO tb_post (

          id
        , title
        , content
        , writer
        , view_cnt
        , notice_yn
        , delete_yn
        , created_date
        , modified_date

        ) VALUES (
              NULL
            , '751번 게시글 제목'
            , '751번 게시글 내용'
            , '테스터751'
            , 0
            , 0
            , 0
            , NOW()
            , NULL
        )

2023-04-12 12:42:11,075 DEBUG [com.study.domain.post.PostMapper.save] <==    Updates: 1
2023-04-12 12:42:11,075  INFO [jdbc.resultsettable] 
|----------|
|insert_id |
|----------|
|751       |
|----------|

2023-04-12 12:42:11,077 DEBUG [com.study.aop.LoggerAspect] Service ===> com.study.domain.post.PostService.savePost()
2023-04-12 12:42:11,077 DEBUG [com.study.aop.LoggerAspect] Mapper ===> com.study.domain.post.PostMapper.save()
2023-04-12 12:42:11,077 DEBUG [com.study.domain.post.PostMapper.save] ==>  Preparing: INSERT INTO tb_post ( id , title , content , writer , view_cnt , notice_yn , delete_yn , created_date , modified_date ) VALUES ( ? , ? , ? , ? , 0 , ? , 0 , NOW() , NULL )
2023-04-12 12:42:11,077 DEBUG [com.study.domain.post.PostMapper.save] ==> Parameters: null, 752번 게시글 제목(String), 752번 게시글 내용(String), 테스터752(String), false(Boolean)
2023-04-12 12:42:11,077  INFO [jdbc.sqlonly] INSERT INTO tb_post (

          id
        , title
        , content
        , writer
        , view_cnt
        , notice_yn
        , delete_yn
        , created_date
        , modified_date

        ) VALUES (
              NULL
            , '752번 게시글 제목'
            , '752번 게시글 내용'
            , '테스터752'
            , 0
            , 0
            , 0
            , NOW()
            , NULL
        )

2023-04-12 12:42:11,078 DEBUG [com.study.domain.post.PostMapper.save] <==    Updates: 1
2023-04-12 12:42:11,078  INFO [jdbc.resultsettable] 
|----------|
|insert_id |
|----------|
|752       |
|----------|

2023-04-12 12:42:11,080 DEBUG [com.study.aop.LoggerAspect] Service ===> com.study.domain.post.PostService.savePost()
2023-04-12 12:42:11,080 DEBUG [com.study.aop.LoggerAspect] Mapper ===> com.study.domain.post.PostMapper.save()
2023-04-12 12:42:11,080 DEBUG [com.study.domain.post.PostMapper.save] ==>  Preparing: INSERT INTO tb_post ( id , title , content , writer , view_cnt , notice_yn , delete_yn , created_date , modified_date ) VALUES ( ? , ? , ? , ? , 0 , ? , 0 , NOW() , NULL )
2023-04-12 12:42:11,080 DEBUG [com.study.domain.post.PostMapper.save] ==> Parameters: null, 753번 게시글 제목(String), 753번 게시글 내용(String), 테스터753(String), false(Boolean)
2023-04-12 12:42:11,080  INFO [jdbc.sqlonly] INSERT INTO tb_post (

          id
        , title
        , content
        , writer
        , view_cnt
        , notice_yn
        , delete_yn
        , created_date
        , modified_date

        ) VALUES (
              NULL
            , '753번 게시글 제목'
            , '753번 게시글 내용'
            , '테스터753'
            , 0
            , 0
            , 0
            , NOW()
            , NULL
        )

2023-04-12 12:42:11,081 DEBUG [com.study.domain.post.PostMapper.save] <==    Updates: 1
2023-04-12 12:42:11,081  INFO [jdbc.resultsettable] 
|----------|
|insert_id |
|----------|
|753       |
|----------|

2023-04-12 12:42:11,083 DEBUG [com.study.aop.LoggerAspect] Service ===> com.study.domain.post.PostService.savePost()
2023-04-12 12:42:11,083 DEBUG [com.study.aop.LoggerAspect] Mapper ===> com.study.domain.post.PostMapper.save()
2023-04-12 12:42:11,083 DEBUG [com.study.domain.post.PostMapper.save] ==>  Preparing: INSERT INTO tb_post ( id , title , content , writer , view_cnt , notice_yn , delete_yn , created_date , modified_date ) VALUES ( ? , ? , ? , ? , 0 , ? , 0 , NOW() , NULL )
2023-04-12 12:42:11,083 DEBUG [com.study.domain.post.PostMapper.save] ==> Parameters: null, 754번 게시글 제목(String), 754번 게시글 내용(String), 테스터754(String), false(Boolean)
2023-04-12 12:42:11,083  INFO [jdbc.sqlonly] INSERT INTO tb_post (

          id
        , title
        , content
        , writer
        , view_cnt
        , notice_yn
        , delete_yn
        , created_date
        , modified_date

        ) VALUES (
              NULL
            , '754번 게시글 제목'
            , '754번 게시글 내용'
            , '테스터754'
            , 0
            , 0
            , 0
            , NOW()
            , NULL
        )

2023-04-12 12:42:11,084 DEBUG [com.study.domain.post.PostMapper.save] <==    Updates: 1
2023-04-12 12:42:11,084  INFO [jdbc.resultsettable] 
|----------|
|insert_id |
|----------|
|754       |
|----------|

2023-04-12 12:42:11,085 DEBUG [com.study.aop.LoggerAspect] Service ===> com.study.domain.post.PostService.savePost()
2023-04-12 12:42:11,085 DEBUG [com.study.aop.LoggerAspect] Mapper ===> com.study.domain.post.PostMapper.save()
2023-04-12 12:42:11,086 DEBUG [com.study.domain.post.PostMapper.save] ==>  Preparing: INSERT INTO tb_post ( id , title , content , writer , view_cnt , notice_yn , delete_yn , created_date , modified_date ) VALUES ( ? , ? , ? , ? , 0 , ? , 0 , NOW() , NULL )
2023-04-12 12:42:11,086 DEBUG [com.study.domain.post.PostMapper.save] ==> Parameters: null, 755번 게시글 제목(String), 755번 게시글 내용(String), 테스터755(String), false(Boolean)
2023-04-12 12:42:11,086  INFO [jdbc.sqlonly] INSERT INTO tb_post (

          id
        , title
        , content
        , writer
        , view_cnt
        , notice_yn
        , delete_yn
        , created_date
        , modified_date

        ) VALUES (
              NULL
            , '755번 게시글 제목'
            , '755번 게시글 내용'
            , '테스터755'
            , 0
            , 0
            , 0
            , NOW()
            , NULL
        )

2023-04-12 12:42:11,086 DEBUG [com.study.domain.post.PostMapper.save] <==    Updates: 1
2023-04-12 12:42:11,086  INFO [jdbc.resultsettable] 
|----------|
|insert_id |
|----------|
|755       |
|----------|

2023-04-12 12:42:11,089 DEBUG [com.study.aop.LoggerAspect] Service ===> com.study.domain.post.PostService.savePost()
2023-04-12 12:42:11,089 DEBUG [com.study.aop.LoggerAspect] Mapper ===> com.study.domain.post.PostMapper.save()
2023-04-12 12:42:11,089 DEBUG [com.study.domain.post.PostMapper.save] ==>  Preparing: INSERT INTO tb_post ( id , title , content , writer , view_cnt , notice_yn , delete_yn , created_date , modified_date ) VALUES ( ? , ? , ? , ? , 0 , ? , 0 , NOW() , NULL )
2023-04-12 12:42:11,089 DEBUG [com.study.domain.post.PostMapper.save] ==> Parameters: null, 756번 게시글 제목(String), 756번 게시글 내용(String), 테스터756(String), false(Boolean)
2023-04-12 12:42:11,089  INFO [jdbc.sqlonly] INSERT INTO tb_post (

          id
        , title
        , content
        , writer
        , view_cnt
        , notice_yn
        , delete_yn
        , created_date
        , modified_date

        ) VALUES (
              NULL
            , '756번 게시글 제목'
            , '756번 게시글 내용'
            , '테스터756'
            , 0
            , 0
            , 0
            , NOW()
            , NULL
        )

2023-04-12 12:42:11,089 DEBUG [com.study.domain.post.PostMapper.save] <==    Updates: 1
2023-04-12 12:42:11,089  INFO [jdbc.resultsettable] 
|----------|
|insert_id |
|----------|
|756       |
|----------|

2023-04-12 12:42:11,091 DEBUG [com.study.aop.LoggerAspect] Service ===> com.study.domain.post.PostService.savePost()
2023-04-12 12:42:11,091 DEBUG [com.study.aop.LoggerAspect] Mapper ===> com.study.domain.post.PostMapper.save()
2023-04-12 12:42:11,091 DEBUG [com.study.domain.post.PostMapper.save] ==>  Preparing: INSERT INTO tb_post ( id , title , content , writer , view_cnt , notice_yn , delete_yn , created_date , modified_date ) VALUES ( ? , ? , ? , ? , 0 , ? , 0 , NOW() , NULL )
2023-04-12 12:42:11,091 DEBUG [com.study.domain.post.PostMapper.save] ==> Parameters: null, 757번 게시글 제목(String), 757번 게시글 내용(String), 테스터757(String), false(Boolean)
2023-04-12 12:42:11,091  INFO [jdbc.sqlonly] INSERT INTO tb_post (

          id
        , title
        , content
        , writer
        , view_cnt
        , notice_yn
        , delete_yn
        , created_date
        , modified_date

        ) VALUES (
              NULL
            , '757번 게시글 제목'
            , '757번 게시글 내용'
            , '테스터757'
            , 0
            , 0
            , 0
            , NOW()
            , NULL
        )

2023-04-12 12:42:11,092 DEBUG [com.study.domain.post.PostMapper.save] <==    Updates: 1
2023-04-12 12:42:11,092  INFO [jdbc.resultsettable] 
|----------|
|insert_id |
|----------|
|757       |
|----------|

2023-04-12 12:42:11,094 DEBUG [com.study.aop.LoggerAspect] Service ===> com.study.domain.post.PostService.savePost()
2023-04-12 12:42:11,094 DEBUG [com.study.aop.LoggerAspect] Mapper ===> com.study.domain.post.PostMapper.save()
2023-04-12 12:42:11,094 DEBUG [com.study.domain.post.PostMapper.save] ==>  Preparing: INSERT INTO tb_post ( id , title , content , writer , view_cnt , notice_yn , delete_yn , created_date , modified_date ) VALUES ( ? , ? , ? , ? , 0 , ? , 0 , NOW() , NULL )
2023-04-12 12:42:11,094 DEBUG [com.study.domain.post.PostMapper.save] ==> Parameters: null, 758번 게시글 제목(String), 758번 게시글 내용(String), 테스터758(String), false(Boolean)
2023-04-12 12:42:11,094  INFO [jdbc.sqlonly] INSERT INTO tb_post (

          id
        , title
        , content
        , writer
        , view_cnt
        , notice_yn
        , delete_yn
        , created_date
        , modified_date

        ) VALUES (
              NULL
            , '758번 게시글 제목'
            , '758번 게시글 내용'
            , '테스터758'
            , 0
            , 0
            , 0
            , NOW()
            , NULL
        )

2023-04-12 12:42:11,095 DEBUG [com.study.domain.post.PostMapper.save] <==    Updates: 1
2023-04-12 12:42:11,095  INFO [jdbc.resultsettable] 
|----------|
|insert_id |
|----------|
|758       |
|----------|

2023-04-12 12:42:11,097 DEBUG [com.study.aop.LoggerAspect] Service ===> com.study.domain.post.PostService.savePost()
2023-04-12 12:42:11,097 DEBUG [com.study.aop.LoggerAspect] Mapper ===> com.study.domain.post.PostMapper.save()
2023-04-12 12:42:11,097 DEBUG [com.study.domain.post.PostMapper.save] ==>  Preparing: INSERT INTO tb_post ( id , title , content , writer , view_cnt , notice_yn , delete_yn , created_date , modified_date ) VALUES ( ? , ? , ? , ? , 0 , ? , 0 , NOW() , NULL )
2023-04-12 12:42:11,097 DEBUG [com.study.domain.post.PostMapper.save] ==> Parameters: null, 759번 게시글 제목(String), 759번 게시글 내용(String), 테스터759(String), false(Boolean)
2023-04-12 12:42:11,097  INFO [jdbc.sqlonly] INSERT INTO tb_post (

          id
        , title
        , content
        , writer
        , view_cnt
        , notice_yn
        , delete_yn
        , created_date
        , modified_date

        ) VALUES (
              NULL
            , '759번 게시글 제목'
            , '759번 게시글 내용'
            , '테스터759'
            , 0
            , 0
            , 0
            , NOW()
            , NULL
        )

2023-04-12 12:42:11,097 DEBUG [com.study.domain.post.PostMapper.save] <==    Updates: 1
2023-04-12 12:42:11,097  INFO [jdbc.resultsettable] 
|----------|
|insert_id |
|----------|
|759       |
|----------|

2023-04-12 12:42:11,099 DEBUG [com.study.aop.LoggerAspect] Service ===> com.study.domain.post.PostService.savePost()
2023-04-12 12:42:11,099 DEBUG [com.study.aop.LoggerAspect] Mapper ===> com.study.domain.post.PostMapper.save()
2023-04-12 12:42:11,099 DEBUG [com.study.domain.post.PostMapper.save] ==>  Preparing: INSERT INTO tb_post ( id , title , content , writer , view_cnt , notice_yn , delete_yn , created_date , modified_date ) VALUES ( ? , ? , ? , ? , 0 , ? , 0 , NOW() , NULL )
2023-04-12 12:42:11,099 DEBUG [com.study.domain.post.PostMapper.save] ==> Parameters: null, 760번 게시글 제목(String), 760번 게시글 내용(String), 테스터760(String), false(Boolean)
2023-04-12 12:42:11,100  INFO [jdbc.sqlonly] INSERT INTO tb_post (

          id
        , title
        , content
        , writer
        , view_cnt
        , notice_yn
        , delete_yn
        , created_date
        , modified_date

        ) VALUES (
              NULL
            , '760번 게시글 제목'
            , '760번 게시글 내용'
            , '테스터760'
            , 0
            , 0
            , 0
            , NOW()
            , NULL
        )

2023-04-12 12:42:11,100 DEBUG [com.study.domain.post.PostMapper.save] <==    Updates: 1
2023-04-12 12:42:11,100  INFO [jdbc.resultsettable] 
|----------|
|insert_id |
|----------|
|760       |
|----------|

2023-04-12 12:42:11,102 DEBUG [com.study.aop.LoggerAspect] Service ===> com.study.domain.post.PostService.savePost()
2023-04-12 12:42:11,102 DEBUG [com.study.aop.LoggerAspect] Mapper ===> com.study.domain.post.PostMapper.save()
2023-04-12 12:42:11,102 DEBUG [com.study.domain.post.PostMapper.save] ==>  Preparing: INSERT INTO tb_post ( id , title , content , writer , view_cnt , notice_yn , delete_yn , created_date , modified_date ) VALUES ( ? , ? , ? , ? , 0 , ? , 0 , NOW() , NULL )
2023-04-12 12:42:11,102 DEBUG [com.study.domain.post.PostMapper.save] ==> Parameters: null, 761번 게시글 제목(String), 761번 게시글 내용(String), 테스터761(String), false(Boolean)
2023-04-12 12:42:11,102  INFO [jdbc.sqlonly] INSERT INTO tb_post (

          id
        , title
        , content
        , writer
        , view_cnt
        , notice_yn
        , delete_yn
        , created_date
        , modified_date

        ) VALUES (
              NULL
            , '761번 게시글 제목'
            , '761번 게시글 내용'
            , '테스터761'
            , 0
            , 0
            , 0
            , NOW()
            , NULL
        )

2023-04-12 12:42:11,102 DEBUG [com.study.domain.post.PostMapper.save] <==    Updates: 1
2023-04-12 12:42:11,102  INFO [jdbc.resultsettable] 
|----------|
|insert_id |
|----------|
|761       |
|----------|

2023-04-12 12:42:11,104 DEBUG [com.study.aop.LoggerAspect] Service ===> com.study.domain.post.PostService.savePost()
2023-04-12 12:42:11,104 DEBUG [com.study.aop.LoggerAspect] Mapper ===> com.study.domain.post.PostMapper.save()
2023-04-12 12:42:11,104 DEBUG [com.study.domain.post.PostMapper.save] ==>  Preparing: INSERT INTO tb_post ( id , title , content , writer , view_cnt , notice_yn , delete_yn , created_date , modified_date ) VALUES ( ? , ? , ? , ? , 0 , ? , 0 , NOW() , NULL )
2023-04-12 12:42:11,105 DEBUG [com.study.domain.post.PostMapper.save] ==> Parameters: null, 762번 게시글 제목(String), 762번 게시글 내용(String), 테스터762(String), false(Boolean)
2023-04-12 12:42:11,105  INFO [jdbc.sqlonly] INSERT INTO tb_post (

          id
        , title
        , content
        , writer
        , view_cnt
        , notice_yn
        , delete_yn
        , created_date
        , modified_date

        ) VALUES (
              NULL
            , '762번 게시글 제목'
            , '762번 게시글 내용'
            , '테스터762'
            , 0
            , 0
            , 0
            , NOW()
            , NULL
        )

2023-04-12 12:42:11,106 DEBUG [com.study.domain.post.PostMapper.save] <==    Updates: 1
2023-04-12 12:42:11,106  INFO [jdbc.resultsettable] 
|----------|
|insert_id |
|----------|
|762       |
|----------|

2023-04-12 12:42:11,109 DEBUG [com.study.aop.LoggerAspect] Service ===> com.study.domain.post.PostService.savePost()
2023-04-12 12:42:11,109 DEBUG [com.study.aop.LoggerAspect] Mapper ===> com.study.domain.post.PostMapper.save()
2023-04-12 12:42:11,110 DEBUG [com.study.domain.post.PostMapper.save] ==>  Preparing: INSERT INTO tb_post ( id , title , content , writer , view_cnt , notice_yn , delete_yn , created_date , modified_date ) VALUES ( ? , ? , ? , ? , 0 , ? , 0 , NOW() , NULL )
2023-04-12 12:42:11,110 DEBUG [com.study.domain.post.PostMapper.save] ==> Parameters: null, 763번 게시글 제목(String), 763번 게시글 내용(String), 테스터763(String), false(Boolean)
2023-04-12 12:42:11,110  INFO [jdbc.sqlonly] INSERT INTO tb_post (

          id
        , title
        , content
        , writer
        , view_cnt
        , notice_yn
        , delete_yn
        , created_date
        , modified_date

        ) VALUES (
              NULL
            , '763번 게시글 제목'
            , '763번 게시글 내용'
            , '테스터763'
            , 0
            , 0
            , 0
            , NOW()
            , NULL
        )

2023-04-12 12:42:11,114 DEBUG [com.study.domain.post.PostMapper.save] <==    Updates: 1
2023-04-12 12:42:11,114  INFO [jdbc.resultsettable] 
|----------|
|insert_id |
|----------|
|763       |
|----------|

2023-04-12 12:42:11,119 DEBUG [com.study.aop.LoggerAspect] Service ===> com.study.domain.post.PostService.savePost()
2023-04-12 12:42:11,119 DEBUG [com.study.aop.LoggerAspect] Mapper ===> com.study.domain.post.PostMapper.save()
2023-04-12 12:42:11,119 DEBUG [com.study.domain.post.PostMapper.save] ==>  Preparing: INSERT INTO tb_post ( id , title , content , writer , view_cnt , notice_yn , delete_yn , created_date , modified_date ) VALUES ( ? , ? , ? , ? , 0 , ? , 0 , NOW() , NULL )
2023-04-12 12:42:11,119 DEBUG [com.study.domain.post.PostMapper.save] ==> Parameters: null, 764번 게시글 제목(String), 764번 게시글 내용(String), 테스터764(String), false(Boolean)
2023-04-12 12:42:11,119  INFO [jdbc.sqlonly] INSERT INTO tb_post (

          id
        , title
        , content
        , writer
        , view_cnt
        , notice_yn
        , delete_yn
        , created_date
        , modified_date

        ) VALUES (
              NULL
            , '764번 게시글 제목'
            , '764번 게시글 내용'
            , '테스터764'
            , 0
            , 0
            , 0
            , NOW()
            , NULL
        )

2023-04-12 12:42:11,120 DEBUG [com.study.domain.post.PostMapper.save] <==    Updates: 1
2023-04-12 12:42:11,120  INFO [jdbc.resultsettable] 
|----------|
|insert_id |
|----------|
|764       |
|----------|

2023-04-12 12:42:11,125 DEBUG [com.study.aop.LoggerAspect] Service ===> com.study.domain.post.PostService.savePost()
2023-04-12 12:42:11,125 DEBUG [com.study.aop.LoggerAspect] Mapper ===> com.study.domain.post.PostMapper.save()
2023-04-12 12:42:11,126 DEBUG [com.study.domain.post.PostMapper.save] ==>  Preparing: INSERT INTO tb_post ( id , title , content , writer , view_cnt , notice_yn , delete_yn , created_date , modified_date ) VALUES ( ? , ? , ? , ? , 0 , ? , 0 , NOW() , NULL )
2023-04-12 12:42:11,126 DEBUG [com.study.domain.post.PostMapper.save] ==> Parameters: null, 765번 게시글 제목(String), 765번 게시글 내용(String), 테스터765(String), false(Boolean)
2023-04-12 12:42:11,126  INFO [jdbc.sqlonly] INSERT INTO tb_post (

          id
        , title
        , content
        , writer
        , view_cnt
        , notice_yn
        , delete_yn
        , created_date
        , modified_date

        ) VALUES (
              NULL
            , '765번 게시글 제목'
            , '765번 게시글 내용'
            , '테스터765'
            , 0
            , 0
            , 0
            , NOW()
            , NULL
        )

2023-04-12 12:42:11,126 DEBUG [com.study.domain.post.PostMapper.save] <==    Updates: 1
2023-04-12 12:42:11,126  INFO [jdbc.resultsettable] 
|----------|
|insert_id |
|----------|
|765       |
|----------|

2023-04-12 12:42:11,128 DEBUG [com.study.aop.LoggerAspect] Service ===> com.study.domain.post.PostService.savePost()
2023-04-12 12:42:11,128 DEBUG [com.study.aop.LoggerAspect] Mapper ===> com.study.domain.post.PostMapper.save()
2023-04-12 12:42:11,129 DEBUG [com.study.domain.post.PostMapper.save] ==>  Preparing: INSERT INTO tb_post ( id , title , content , writer , view_cnt , notice_yn , delete_yn , created_date , modified_date ) VALUES ( ? , ? , ? , ? , 0 , ? , 0 , NOW() , NULL )
2023-04-12 12:42:11,129 DEBUG [com.study.domain.post.PostMapper.save] ==> Parameters: null, 766번 게시글 제목(String), 766번 게시글 내용(String), 테스터766(String), false(Boolean)
2023-04-12 12:42:11,129  INFO [jdbc.sqlonly] INSERT INTO tb_post (

          id
        , title
        , content
        , writer
        , view_cnt
        , notice_yn
        , delete_yn
        , created_date
        , modified_date

        ) VALUES (
              NULL
            , '766번 게시글 제목'
            , '766번 게시글 내용'
            , '테스터766'
            , 0
            , 0
            , 0
            , NOW()
            , NULL
        )

2023-04-12 12:42:11,129 DEBUG [com.study.domain.post.PostMapper.save] <==    Updates: 1
2023-04-12 12:42:11,129  INFO [jdbc.resultsettable] 
|----------|
|insert_id |
|----------|
|766       |
|----------|

2023-04-12 12:42:11,131 DEBUG [com.study.aop.LoggerAspect] Service ===> com.study.domain.post.PostService.savePost()
2023-04-12 12:42:11,131 DEBUG [com.study.aop.LoggerAspect] Mapper ===> com.study.domain.post.PostMapper.save()
2023-04-12 12:42:11,132 DEBUG [com.study.domain.post.PostMapper.save] ==>  Preparing: INSERT INTO tb_post ( id , title , content , writer , view_cnt , notice_yn , delete_yn , created_date , modified_date ) VALUES ( ? , ? , ? , ? , 0 , ? , 0 , NOW() , NULL )
2023-04-12 12:42:11,132 DEBUG [com.study.domain.post.PostMapper.save] ==> Parameters: null, 767번 게시글 제목(String), 767번 게시글 내용(String), 테스터767(String), false(Boolean)
2023-04-12 12:42:11,132  INFO [jdbc.sqlonly] INSERT INTO tb_post (

          id
        , title
        , content
        , writer
        , view_cnt
        , notice_yn
        , delete_yn
        , created_date
        , modified_date

        ) VALUES (
              NULL
            , '767번 게시글 제목'
            , '767번 게시글 내용'
            , '테스터767'
            , 0
            , 0
            , 0
            , NOW()
            , NULL
        )

2023-04-12 12:42:11,132 DEBUG [com.study.domain.post.PostMapper.save] <==    Updates: 1
2023-04-12 12:42:11,133  INFO [jdbc.resultsettable] 
|----------|
|insert_id |
|----------|
|767       |
|----------|

2023-04-12 12:42:11,134 DEBUG [com.study.aop.LoggerAspect] Service ===> com.study.domain.post.PostService.savePost()
2023-04-12 12:42:11,135 DEBUG [com.study.aop.LoggerAspect] Mapper ===> com.study.domain.post.PostMapper.save()
2023-04-12 12:42:11,135 DEBUG [com.study.domain.post.PostMapper.save] ==>  Preparing: INSERT INTO tb_post ( id , title , content , writer , view_cnt , notice_yn , delete_yn , created_date , modified_date ) VALUES ( ? , ? , ? , ? , 0 , ? , 0 , NOW() , NULL )
2023-04-12 12:42:11,135 DEBUG [com.study.domain.post.PostMapper.save] ==> Parameters: null, 768번 게시글 제목(String), 768번 게시글 내용(String), 테스터768(String), false(Boolean)
2023-04-12 12:42:11,135  INFO [jdbc.sqlonly] INSERT INTO tb_post (

          id
        , title
        , content
        , writer
        , view_cnt
        , notice_yn
        , delete_yn
        , created_date
        , modified_date

        ) VALUES (
              NULL
            , '768번 게시글 제목'
            , '768번 게시글 내용'
            , '테스터768'
            , 0
            , 0
            , 0
            , NOW()
            , NULL
        )

2023-04-12 12:42:11,142 DEBUG [com.study.domain.post.PostMapper.save] <==    Updates: 1
2023-04-12 12:42:11,142  INFO [jdbc.resultsettable] 
|----------|
|insert_id |
|----------|
|768       |
|----------|

2023-04-12 12:42:11,147 DEBUG [com.study.aop.LoggerAspect] Service ===> com.study.domain.post.PostService.savePost()
2023-04-12 12:42:11,147 DEBUG [com.study.aop.LoggerAspect] Mapper ===> com.study.domain.post.PostMapper.save()
2023-04-12 12:42:11,147 DEBUG [com.study.domain.post.PostMapper.save] ==>  Preparing: INSERT INTO tb_post ( id , title , content , writer , view_cnt , notice_yn , delete_yn , created_date , modified_date ) VALUES ( ? , ? , ? , ? , 0 , ? , 0 , NOW() , NULL )
2023-04-12 12:42:11,147 DEBUG [com.study.domain.post.PostMapper.save] ==> Parameters: null, 769번 게시글 제목(String), 769번 게시글 내용(String), 테스터769(String), false(Boolean)
2023-04-12 12:42:11,147  INFO [jdbc.sqlonly] INSERT INTO tb_post (

          id
        , title
        , content
        , writer
        , view_cnt
        , notice_yn
        , delete_yn
        , created_date
        , modified_date

        ) VALUES (
              NULL
            , '769번 게시글 제목'
            , '769번 게시글 내용'
            , '테스터769'
            , 0
            , 0
            , 0
            , NOW()
            , NULL
        )

2023-04-12 12:42:11,147 DEBUG [com.study.domain.post.PostMapper.save] <==    Updates: 1
2023-04-12 12:42:11,147  INFO [jdbc.resultsettable] 
|----------|
|insert_id |
|----------|
|769       |
|----------|

2023-04-12 12:42:11,150 DEBUG [com.study.aop.LoggerAspect] Service ===> com.study.domain.post.PostService.savePost()
2023-04-12 12:42:11,150 DEBUG [com.study.aop.LoggerAspect] Mapper ===> com.study.domain.post.PostMapper.save()
2023-04-12 12:42:11,150 DEBUG [com.study.domain.post.PostMapper.save] ==>  Preparing: INSERT INTO tb_post ( id , title , content , writer , view_cnt , notice_yn , delete_yn , created_date , modified_date ) VALUES ( ? , ? , ? , ? , 0 , ? , 0 , NOW() , NULL )
2023-04-12 12:42:11,150 DEBUG [com.study.domain.post.PostMapper.save] ==> Parameters: null, 770번 게시글 제목(String), 770번 게시글 내용(String), 테스터770(String), false(Boolean)
2023-04-12 12:42:11,150  INFO [jdbc.sqlonly] INSERT INTO tb_post (

          id
        , title
        , content
        , writer
        , view_cnt
        , notice_yn
        , delete_yn
        , created_date
        , modified_date

        ) VALUES (
              NULL
            , '770번 게시글 제목'
            , '770번 게시글 내용'
            , '테스터770'
            , 0
            , 0
            , 0
            , NOW()
            , NULL
        )

2023-04-12 12:42:11,151 DEBUG [com.study.domain.post.PostMapper.save] <==    Updates: 1
2023-04-12 12:42:11,151  INFO [jdbc.resultsettable] 
|----------|
|insert_id |
|----------|
|770       |
|----------|

2023-04-12 12:42:11,159 DEBUG [com.study.aop.LoggerAspect] Service ===> com.study.domain.post.PostService.savePost()
2023-04-12 12:42:11,159 DEBUG [com.study.aop.LoggerAspect] Mapper ===> com.study.domain.post.PostMapper.save()
2023-04-12 12:42:11,159 DEBUG [com.study.domain.post.PostMapper.save] ==>  Preparing: INSERT INTO tb_post ( id , title , content , writer , view_cnt , notice_yn , delete_yn , created_date , modified_date ) VALUES ( ? , ? , ? , ? , 0 , ? , 0 , NOW() , NULL )
2023-04-12 12:42:11,159 DEBUG [com.study.domain.post.PostMapper.save] ==> Parameters: null, 771번 게시글 제목(String), 771번 게시글 내용(String), 테스터771(String), false(Boolean)
2023-04-12 12:42:11,159  INFO [jdbc.sqlonly] INSERT INTO tb_post (

          id
        , title
        , content
        , writer
        , view_cnt
        , notice_yn
        , delete_yn
        , created_date
        , modified_date

        ) VALUES (
              NULL
            , '771번 게시글 제목'
            , '771번 게시글 내용'
            , '테스터771'
            , 0
            , 0
            , 0
            , NOW()
            , NULL
        )

2023-04-12 12:42:11,160 DEBUG [com.study.domain.post.PostMapper.save] <==    Updates: 1
2023-04-12 12:42:11,160  INFO [jdbc.resultsettable] 
|----------|
|insert_id |
|----------|
|771       |
|----------|

2023-04-12 12:42:11,162 DEBUG [com.study.aop.LoggerAspect] Service ===> com.study.domain.post.PostService.savePost()
2023-04-12 12:42:11,162 DEBUG [com.study.aop.LoggerAspect] Mapper ===> com.study.domain.post.PostMapper.save()
2023-04-12 12:42:11,162 DEBUG [com.study.domain.post.PostMapper.save] ==>  Preparing: INSERT INTO tb_post ( id , title , content , writer , view_cnt , notice_yn , delete_yn , created_date , modified_date ) VALUES ( ? , ? , ? , ? , 0 , ? , 0 , NOW() , NULL )
2023-04-12 12:42:11,163 DEBUG [com.study.domain.post.PostMapper.save] ==> Parameters: null, 772번 게시글 제목(String), 772번 게시글 내용(String), 테스터772(String), false(Boolean)
2023-04-12 12:42:11,163  INFO [jdbc.sqlonly] INSERT INTO tb_post (

          id
        , title
        , content
        , writer
        , view_cnt
        , notice_yn
        , delete_yn
        , created_date
        , modified_date

        ) VALUES (
              NULL
            , '772번 게시글 제목'
            , '772번 게시글 내용'
            , '테스터772'
            , 0
            , 0
            , 0
            , NOW()
            , NULL
        )

2023-04-12 12:42:11,163 DEBUG [com.study.domain.post.PostMapper.save] <==    Updates: 1
2023-04-12 12:42:11,164  INFO [jdbc.resultsettable] 
|----------|
|insert_id |
|----------|
|772       |
|----------|

2023-04-12 12:42:11,165 DEBUG [com.study.aop.LoggerAspect] Service ===> com.study.domain.post.PostService.savePost()
2023-04-12 12:42:11,165 DEBUG [com.study.aop.LoggerAspect] Mapper ===> com.study.domain.post.PostMapper.save()
2023-04-12 12:42:11,166 DEBUG [com.study.domain.post.PostMapper.save] ==>  Preparing: INSERT INTO tb_post ( id , title , content , writer , view_cnt , notice_yn , delete_yn , created_date , modified_date ) VALUES ( ? , ? , ? , ? , 0 , ? , 0 , NOW() , NULL )
2023-04-12 12:42:11,166 DEBUG [com.study.domain.post.PostMapper.save] ==> Parameters: null, 773번 게시글 제목(String), 773번 게시글 내용(String), 테스터773(String), false(Boolean)
2023-04-12 12:42:11,166  INFO [jdbc.sqlonly] INSERT INTO tb_post (

          id
        , title
        , content
        , writer
        , view_cnt
        , notice_yn
        , delete_yn
        , created_date
        , modified_date

        ) VALUES (
              NULL
            , '773번 게시글 제목'
            , '773번 게시글 내용'
            , '테스터773'
            , 0
            , 0
            , 0
            , NOW()
            , NULL
        )

2023-04-12 12:42:11,166 DEBUG [com.study.domain.post.PostMapper.save] <==    Updates: 1
2023-04-12 12:42:11,167  INFO [jdbc.resultsettable] 
|----------|
|insert_id |
|----------|
|773       |
|----------|

2023-04-12 12:42:11,169 DEBUG [com.study.aop.LoggerAspect] Service ===> com.study.domain.post.PostService.savePost()
2023-04-12 12:42:11,169 DEBUG [com.study.aop.LoggerAspect] Mapper ===> com.study.domain.post.PostMapper.save()
2023-04-12 12:42:11,169 DEBUG [com.study.domain.post.PostMapper.save] ==>  Preparing: INSERT INTO tb_post ( id , title , content , writer , view_cnt , notice_yn , delete_yn , created_date , modified_date ) VALUES ( ? , ? , ? , ? , 0 , ? , 0 , NOW() , NULL )
2023-04-12 12:42:11,170 DEBUG [com.study.domain.post.PostMapper.save] ==> Parameters: null, 774번 게시글 제목(String), 774번 게시글 내용(String), 테스터774(String), false(Boolean)
2023-04-12 12:42:11,170  INFO [jdbc.sqlonly] INSERT INTO tb_post (

          id
        , title
        , content
        , writer
        , view_cnt
        , notice_yn
        , delete_yn
        , created_date
        , modified_date

        ) VALUES (
              NULL
            , '774번 게시글 제목'
            , '774번 게시글 내용'
            , '테스터774'
            , 0
            , 0
            , 0
            , NOW()
            , NULL
        )

2023-04-12 12:42:11,170 DEBUG [com.study.domain.post.PostMapper.save] <==    Updates: 1
2023-04-12 12:42:11,170  INFO [jdbc.resultsettable] 
|----------|
|insert_id |
|----------|
|774       |
|----------|

2023-04-12 12:42:11,173 DEBUG [com.study.aop.LoggerAspect] Service ===> com.study.domain.post.PostService.savePost()
2023-04-12 12:42:11,173 DEBUG [com.study.aop.LoggerAspect] Mapper ===> com.study.domain.post.PostMapper.save()
2023-04-12 12:42:11,173 DEBUG [com.study.domain.post.PostMapper.save] ==>  Preparing: INSERT INTO tb_post ( id , title , content , writer , view_cnt , notice_yn , delete_yn , created_date , modified_date ) VALUES ( ? , ? , ? , ? , 0 , ? , 0 , NOW() , NULL )
2023-04-12 12:42:11,173 DEBUG [com.study.domain.post.PostMapper.save] ==> Parameters: null, 775번 게시글 제목(String), 775번 게시글 내용(String), 테스터775(String), false(Boolean)
2023-04-12 12:42:11,173  INFO [jdbc.sqlonly] INSERT INTO tb_post (

          id
        , title
        , content
        , writer
        , view_cnt
        , notice_yn
        , delete_yn
        , created_date
        , modified_date

        ) VALUES (
              NULL
            , '775번 게시글 제목'
            , '775번 게시글 내용'
            , '테스터775'
            , 0
            , 0
            , 0
            , NOW()
            , NULL
        )

2023-04-12 12:42:11,174 DEBUG [com.study.domain.post.PostMapper.save] <==    Updates: 1
2023-04-12 12:42:11,174  INFO [jdbc.resultsettable] 
|----------|
|insert_id |
|----------|
|775       |
|----------|

2023-04-12 12:42:11,175 DEBUG [com.study.aop.LoggerAspect] Service ===> com.study.domain.post.PostService.savePost()
2023-04-12 12:42:11,175 DEBUG [com.study.aop.LoggerAspect] Mapper ===> com.study.domain.post.PostMapper.save()
2023-04-12 12:42:11,175 DEBUG [com.study.domain.post.PostMapper.save] ==>  Preparing: INSERT INTO tb_post ( id , title , content , writer , view_cnt , notice_yn , delete_yn , created_date , modified_date ) VALUES ( ? , ? , ? , ? , 0 , ? , 0 , NOW() , NULL )
2023-04-12 12:42:11,176 DEBUG [com.study.domain.post.PostMapper.save] ==> Parameters: null, 776번 게시글 제목(String), 776번 게시글 내용(String), 테스터776(String), false(Boolean)
2023-04-12 12:42:11,176  INFO [jdbc.sqlonly] INSERT INTO tb_post (

          id
        , title
        , content
        , writer
        , view_cnt
        , notice_yn
        , delete_yn
        , created_date
        , modified_date

        ) VALUES (
              NULL
            , '776번 게시글 제목'
            , '776번 게시글 내용'
            , '테스터776'
            , 0
            , 0
            , 0
            , NOW()
            , NULL
        )

2023-04-12 12:42:11,176 DEBUG [com.study.domain.post.PostMapper.save] <==    Updates: 1
2023-04-12 12:42:11,176  INFO [jdbc.resultsettable] 
|----------|
|insert_id |
|----------|
|776       |
|----------|

2023-04-12 12:42:11,178 DEBUG [com.study.aop.LoggerAspect] Service ===> com.study.domain.post.PostService.savePost()
2023-04-12 12:42:11,178 DEBUG [com.study.aop.LoggerAspect] Mapper ===> com.study.domain.post.PostMapper.save()
2023-04-12 12:42:11,178 DEBUG [com.study.domain.post.PostMapper.save] ==>  Preparing: INSERT INTO tb_post ( id , title , content , writer , view_cnt , notice_yn , delete_yn , created_date , modified_date ) VALUES ( ? , ? , ? , ? , 0 , ? , 0 , NOW() , NULL )
2023-04-12 12:42:11,178 DEBUG [com.study.domain.post.PostMapper.save] ==> Parameters: null, 777번 게시글 제목(String), 777번 게시글 내용(String), 테스터777(String), false(Boolean)
2023-04-12 12:42:11,178  INFO [jdbc.sqlonly] INSERT INTO tb_post (

          id
        , title
        , content
        , writer
        , view_cnt
        , notice_yn
        , delete_yn
        , created_date
        , modified_date

        ) VALUES (
              NULL
            , '777번 게시글 제목'
            , '777번 게시글 내용'
            , '테스터777'
            , 0
            , 0
            , 0
            , NOW()
            , NULL
        )

2023-04-12 12:42:11,179 DEBUG [com.study.domain.post.PostMapper.save] <==    Updates: 1
2023-04-12 12:42:11,180  INFO [jdbc.resultsettable] 
|----------|
|insert_id |
|----------|
|777       |
|----------|

2023-04-12 12:42:11,181 DEBUG [com.study.aop.LoggerAspect] Service ===> com.study.domain.post.PostService.savePost()
2023-04-12 12:42:11,181 DEBUG [com.study.aop.LoggerAspect] Mapper ===> com.study.domain.post.PostMapper.save()
2023-04-12 12:42:11,181 DEBUG [com.study.domain.post.PostMapper.save] ==>  Preparing: INSERT INTO tb_post ( id , title , content , writer , view_cnt , notice_yn , delete_yn , created_date , modified_date ) VALUES ( ? , ? , ? , ? , 0 , ? , 0 , NOW() , NULL )
2023-04-12 12:42:11,182 DEBUG [com.study.domain.post.PostMapper.save] ==> Parameters: null, 778번 게시글 제목(String), 778번 게시글 내용(String), 테스터778(String), false(Boolean)
2023-04-12 12:42:11,182  INFO [jdbc.sqlonly] INSERT INTO tb_post (

          id
        , title
        , content
        , writer
        , view_cnt
        , notice_yn
        , delete_yn
        , created_date
        , modified_date

        ) VALUES (
              NULL
            , '778번 게시글 제목'
            , '778번 게시글 내용'
            , '테스터778'
            , 0
            , 0
            , 0
            , NOW()
            , NULL
        )

2023-04-12 12:42:11,182 DEBUG [com.study.domain.post.PostMapper.save] <==    Updates: 1
2023-04-12 12:42:11,182  INFO [jdbc.resultsettable] 
|----------|
|insert_id |
|----------|
|778       |
|----------|

2023-04-12 12:42:11,183 DEBUG [com.study.aop.LoggerAspect] Service ===> com.study.domain.post.PostService.savePost()
2023-04-12 12:42:11,183 DEBUG [com.study.aop.LoggerAspect] Mapper ===> com.study.domain.post.PostMapper.save()
2023-04-12 12:42:11,184 DEBUG [com.study.domain.post.PostMapper.save] ==>  Preparing: INSERT INTO tb_post ( id , title , content , writer , view_cnt , notice_yn , delete_yn , created_date , modified_date ) VALUES ( ? , ? , ? , ? , 0 , ? , 0 , NOW() , NULL )
2023-04-12 12:42:11,184 DEBUG [com.study.domain.post.PostMapper.save] ==> Parameters: null, 779번 게시글 제목(String), 779번 게시글 내용(String), 테스터779(String), false(Boolean)
2023-04-12 12:42:11,184  INFO [jdbc.sqlonly] INSERT INTO tb_post (

          id
        , title
        , content
        , writer
        , view_cnt
        , notice_yn
        , delete_yn
        , created_date
        , modified_date

        ) VALUES (
              NULL
            , '779번 게시글 제목'
            , '779번 게시글 내용'
            , '테스터779'
            , 0
            , 0
            , 0
            , NOW()
            , NULL
        )

2023-04-12 12:42:11,184 DEBUG [com.study.domain.post.PostMapper.save] <==    Updates: 1
2023-04-12 12:42:11,184  INFO [jdbc.resultsettable] 
|----------|
|insert_id |
|----------|
|779       |
|----------|

2023-04-12 12:42:11,184 DEBUG [com.study.aop.LoggerAspect] Service ===> com.study.domain.post.PostService.savePost()
2023-04-12 12:42:11,184 DEBUG [com.study.aop.LoggerAspect] Mapper ===> com.study.domain.post.PostMapper.save()
2023-04-12 12:42:11,184 DEBUG [com.study.domain.post.PostMapper.save] ==>  Preparing: INSERT INTO tb_post ( id , title , content , writer , view_cnt , notice_yn , delete_yn , created_date , modified_date ) VALUES ( ? , ? , ? , ? , 0 , ? , 0 , NOW() , NULL )
2023-04-12 12:42:11,184 DEBUG [com.study.domain.post.PostMapper.save] ==> Parameters: null, 780번 게시글 제목(String), 780번 게시글 내용(String), 테스터780(String), false(Boolean)
2023-04-12 12:42:11,184  INFO [jdbc.sqlonly] INSERT INTO tb_post (

          id
        , title
        , content
        , writer
        , view_cnt
        , notice_yn
        , delete_yn
        , created_date
        , modified_date

        ) VALUES (
              NULL
            , '780번 게시글 제목'
            , '780번 게시글 내용'
            , '테스터780'
            , 0
            , 0
            , 0
            , NOW()
            , NULL
        )

2023-04-12 12:42:11,185 DEBUG [com.study.domain.post.PostMapper.save] <==    Updates: 1
2023-04-12 12:42:11,185  INFO [jdbc.resultsettable] 
|----------|
|insert_id |
|----------|
|780       |
|----------|

2023-04-12 12:42:11,186 DEBUG [com.study.aop.LoggerAspect] Service ===> com.study.domain.post.PostService.savePost()
2023-04-12 12:42:11,186 DEBUG [com.study.aop.LoggerAspect] Mapper ===> com.study.domain.post.PostMapper.save()
2023-04-12 12:42:11,186 DEBUG [com.study.domain.post.PostMapper.save] ==>  Preparing: INSERT INTO tb_post ( id , title , content , writer , view_cnt , notice_yn , delete_yn , created_date , modified_date ) VALUES ( ? , ? , ? , ? , 0 , ? , 0 , NOW() , NULL )
2023-04-12 12:42:11,186 DEBUG [com.study.domain.post.PostMapper.save] ==> Parameters: null, 781번 게시글 제목(String), 781번 게시글 내용(String), 테스터781(String), false(Boolean)
2023-04-12 12:42:11,186  INFO [jdbc.sqlonly] INSERT INTO tb_post (

          id
        , title
        , content
        , writer
        , view_cnt
        , notice_yn
        , delete_yn
        , created_date
        , modified_date

        ) VALUES (
              NULL
            , '781번 게시글 제목'
            , '781번 게시글 내용'
            , '테스터781'
            , 0
            , 0
            , 0
            , NOW()
            , NULL
        )

2023-04-12 12:42:11,186 DEBUG [com.study.domain.post.PostMapper.save] <==    Updates: 1
2023-04-12 12:42:11,186  INFO [jdbc.resultsettable] 
|----------|
|insert_id |
|----------|
|781       |
|----------|

2023-04-12 12:42:11,189 DEBUG [com.study.aop.LoggerAspect] Service ===> com.study.domain.post.PostService.savePost()
2023-04-12 12:42:11,189 DEBUG [com.study.aop.LoggerAspect] Mapper ===> com.study.domain.post.PostMapper.save()
2023-04-12 12:42:11,189 DEBUG [com.study.domain.post.PostMapper.save] ==>  Preparing: INSERT INTO tb_post ( id , title , content , writer , view_cnt , notice_yn , delete_yn , created_date , modified_date ) VALUES ( ? , ? , ? , ? , 0 , ? , 0 , NOW() , NULL )
2023-04-12 12:42:11,189 DEBUG [com.study.domain.post.PostMapper.save] ==> Parameters: null, 782번 게시글 제목(String), 782번 게시글 내용(String), 테스터782(String), false(Boolean)
2023-04-12 12:42:11,189  INFO [jdbc.sqlonly] INSERT INTO tb_post (

          id
        , title
        , content
        , writer
        , view_cnt
        , notice_yn
        , delete_yn
        , created_date
        , modified_date

        ) VALUES (
              NULL
            , '782번 게시글 제목'
            , '782번 게시글 내용'
            , '테스터782'
            , 0
            , 0
            , 0
            , NOW()
            , NULL
        )

2023-04-12 12:42:11,189 DEBUG [com.study.domain.post.PostMapper.save] <==    Updates: 1
2023-04-12 12:42:11,190  INFO [jdbc.resultsettable] 
|----------|
|insert_id |
|----------|
|782       |
|----------|

2023-04-12 12:42:11,191 DEBUG [com.study.aop.LoggerAspect] Service ===> com.study.domain.post.PostService.savePost()
2023-04-12 12:42:11,191 DEBUG [com.study.aop.LoggerAspect] Mapper ===> com.study.domain.post.PostMapper.save()
2023-04-12 12:42:11,191 DEBUG [com.study.domain.post.PostMapper.save] ==>  Preparing: INSERT INTO tb_post ( id , title , content , writer , view_cnt , notice_yn , delete_yn , created_date , modified_date ) VALUES ( ? , ? , ? , ? , 0 , ? , 0 , NOW() , NULL )
2023-04-12 12:42:11,191 DEBUG [com.study.domain.post.PostMapper.save] ==> Parameters: null, 783번 게시글 제목(String), 783번 게시글 내용(String), 테스터783(String), false(Boolean)
2023-04-12 12:42:11,191  INFO [jdbc.sqlonly] INSERT INTO tb_post (

          id
        , title
        , content
        , writer
        , view_cnt
        , notice_yn
        , delete_yn
        , created_date
        , modified_date

        ) VALUES (
              NULL
            , '783번 게시글 제목'
            , '783번 게시글 내용'
            , '테스터783'
            , 0
            , 0
            , 0
            , NOW()
            , NULL
        )

2023-04-12 12:42:11,191 DEBUG [com.study.domain.post.PostMapper.save] <==    Updates: 1
2023-04-12 12:42:11,191  INFO [jdbc.resultsettable] 
|----------|
|insert_id |
|----------|
|783       |
|----------|

2023-04-12 12:42:11,191 DEBUG [com.study.aop.LoggerAspect] Service ===> com.study.domain.post.PostService.savePost()
2023-04-12 12:42:11,191 DEBUG [com.study.aop.LoggerAspect] Mapper ===> com.study.domain.post.PostMapper.save()
2023-04-12 12:42:11,192 DEBUG [com.study.domain.post.PostMapper.save] ==>  Preparing: INSERT INTO tb_post ( id , title , content , writer , view_cnt , notice_yn , delete_yn , created_date , modified_date ) VALUES ( ? , ? , ? , ? , 0 , ? , 0 , NOW() , NULL )
2023-04-12 12:42:11,192 DEBUG [com.study.domain.post.PostMapper.save] ==> Parameters: null, 784번 게시글 제목(String), 784번 게시글 내용(String), 테스터784(String), false(Boolean)
2023-04-12 12:42:11,192  INFO [jdbc.sqlonly] INSERT INTO tb_post (

          id
        , title
        , content
        , writer
        , view_cnt
        , notice_yn
        , delete_yn
        , created_date
        , modified_date

        ) VALUES (
              NULL
            , '784번 게시글 제목'
            , '784번 게시글 내용'
            , '테스터784'
            , 0
            , 0
            , 0
            , NOW()
            , NULL
        )

2023-04-12 12:42:11,192 DEBUG [com.study.domain.post.PostMapper.save] <==    Updates: 1
2023-04-12 12:42:11,192  INFO [jdbc.resultsettable] 
|----------|
|insert_id |
|----------|
|784       |
|----------|

2023-04-12 12:42:11,194 DEBUG [com.study.aop.LoggerAspect] Service ===> com.study.domain.post.PostService.savePost()
2023-04-12 12:42:11,194 DEBUG [com.study.aop.LoggerAspect] Mapper ===> com.study.domain.post.PostMapper.save()
2023-04-12 12:42:11,194 DEBUG [com.study.domain.post.PostMapper.save] ==>  Preparing: INSERT INTO tb_post ( id , title , content , writer , view_cnt , notice_yn , delete_yn , created_date , modified_date ) VALUES ( ? , ? , ? , ? , 0 , ? , 0 , NOW() , NULL )
2023-04-12 12:42:11,194 DEBUG [com.study.domain.post.PostMapper.save] ==> Parameters: null, 785번 게시글 제목(String), 785번 게시글 내용(String), 테스터785(String), false(Boolean)
2023-04-12 12:42:11,194  INFO [jdbc.sqlonly] INSERT INTO tb_post (

          id
        , title
        , content
        , writer
        , view_cnt
        , notice_yn
        , delete_yn
        , created_date
        , modified_date

        ) VALUES (
              NULL
            , '785번 게시글 제목'
            , '785번 게시글 내용'
            , '테스터785'
            , 0
            , 0
            , 0
            , NOW()
            , NULL
        )

2023-04-12 12:42:11,194 DEBUG [com.study.domain.post.PostMapper.save] <==    Updates: 1
2023-04-12 12:42:11,194  INFO [jdbc.resultsettable] 
|----------|
|insert_id |
|----------|
|785       |
|----------|

2023-04-12 12:42:11,195 DEBUG [com.study.aop.LoggerAspect] Service ===> com.study.domain.post.PostService.savePost()
2023-04-12 12:42:11,195 DEBUG [com.study.aop.LoggerAspect] Mapper ===> com.study.domain.post.PostMapper.save()
2023-04-12 12:42:11,196 DEBUG [com.study.domain.post.PostMapper.save] ==>  Preparing: INSERT INTO tb_post ( id , title , content , writer , view_cnt , notice_yn , delete_yn , created_date , modified_date ) VALUES ( ? , ? , ? , ? , 0 , ? , 0 , NOW() , NULL )
2023-04-12 12:42:11,196 DEBUG [com.study.domain.post.PostMapper.save] ==> Parameters: null, 786번 게시글 제목(String), 786번 게시글 내용(String), 테스터786(String), false(Boolean)
2023-04-12 12:42:11,196  INFO [jdbc.sqlonly] INSERT INTO tb_post (

          id
        , title
        , content
        , writer
        , view_cnt
        , notice_yn
        , delete_yn
        , created_date
        , modified_date

        ) VALUES (
              NULL
            , '786번 게시글 제목'
            , '786번 게시글 내용'
            , '테스터786'
            , 0
            , 0
            , 0
            , NOW()
            , NULL
        )

2023-04-12 12:42:11,196 DEBUG [com.study.domain.post.PostMapper.save] <==    Updates: 1
2023-04-12 12:42:11,196  INFO [jdbc.resultsettable] 
|----------|
|insert_id |
|----------|
|786       |
|----------|

2023-04-12 12:42:11,198 DEBUG [com.study.aop.LoggerAspect] Service ===> com.study.domain.post.PostService.savePost()
2023-04-12 12:42:11,198 DEBUG [com.study.aop.LoggerAspect] Mapper ===> com.study.domain.post.PostMapper.save()
2023-04-12 12:42:11,198 DEBUG [com.study.domain.post.PostMapper.save] ==>  Preparing: INSERT INTO tb_post ( id , title , content , writer , view_cnt , notice_yn , delete_yn , created_date , modified_date ) VALUES ( ? , ? , ? , ? , 0 , ? , 0 , NOW() , NULL )
2023-04-12 12:42:11,198 DEBUG [com.study.domain.post.PostMapper.save] ==> Parameters: null, 787번 게시글 제목(String), 787번 게시글 내용(String), 테스터787(String), false(Boolean)
2023-04-12 12:42:11,198  INFO [jdbc.sqlonly] INSERT INTO tb_post (

          id
        , title
        , content
        , writer
        , view_cnt
        , notice_yn
        , delete_yn
        , created_date
        , modified_date

        ) VALUES (
              NULL
            , '787번 게시글 제목'
            , '787번 게시글 내용'
            , '테스터787'
            , 0
            , 0
            , 0
            , NOW()
            , NULL
        )

2023-04-12 12:42:11,199 DEBUG [com.study.domain.post.PostMapper.save] <==    Updates: 1
2023-04-12 12:42:11,199  INFO [jdbc.resultsettable] 
|----------|
|insert_id |
|----------|
|787       |
|----------|

2023-04-12 12:42:11,200 DEBUG [com.study.aop.LoggerAspect] Service ===> com.study.domain.post.PostService.savePost()
2023-04-12 12:42:11,200 DEBUG [com.study.aop.LoggerAspect] Mapper ===> com.study.domain.post.PostMapper.save()
2023-04-12 12:42:11,200 DEBUG [com.study.domain.post.PostMapper.save] ==>  Preparing: INSERT INTO tb_post ( id , title , content , writer , view_cnt , notice_yn , delete_yn , created_date , modified_date ) VALUES ( ? , ? , ? , ? , 0 , ? , 0 , NOW() , NULL )
2023-04-12 12:42:11,200 DEBUG [com.study.domain.post.PostMapper.save] ==> Parameters: null, 788번 게시글 제목(String), 788번 게시글 내용(String), 테스터788(String), false(Boolean)
2023-04-12 12:42:11,200  INFO [jdbc.sqlonly] INSERT INTO tb_post (

          id
        , title
        , content
        , writer
        , view_cnt
        , notice_yn
        , delete_yn
        , created_date
        , modified_date

        ) VALUES (
              NULL
            , '788번 게시글 제목'
            , '788번 게시글 내용'
            , '테스터788'
            , 0
            , 0
            , 0
            , NOW()
            , NULL
        )

2023-04-12 12:42:11,201 DEBUG [com.study.domain.post.PostMapper.save] <==    Updates: 1
2023-04-12 12:42:11,201  INFO [jdbc.resultsettable] 
|----------|
|insert_id |
|----------|
|788       |
|----------|

2023-04-12 12:42:11,202 DEBUG [com.study.aop.LoggerAspect] Service ===> com.study.domain.post.PostService.savePost()
2023-04-12 12:42:11,202 DEBUG [com.study.aop.LoggerAspect] Mapper ===> com.study.domain.post.PostMapper.save()
2023-04-12 12:42:11,202 DEBUG [com.study.domain.post.PostMapper.save] ==>  Preparing: INSERT INTO tb_post ( id , title , content , writer , view_cnt , notice_yn , delete_yn , created_date , modified_date ) VALUES ( ? , ? , ? , ? , 0 , ? , 0 , NOW() , NULL )
2023-04-12 12:42:11,202 DEBUG [com.study.domain.post.PostMapper.save] ==> Parameters: null, 789번 게시글 제목(String), 789번 게시글 내용(String), 테스터789(String), false(Boolean)
2023-04-12 12:42:11,202  INFO [jdbc.sqlonly] INSERT INTO tb_post (

          id
        , title
        , content
        , writer
        , view_cnt
        , notice_yn
        , delete_yn
        , created_date
        , modified_date

        ) VALUES (
              NULL
            , '789번 게시글 제목'
            , '789번 게시글 내용'
            , '테스터789'
            , 0
            , 0
            , 0
            , NOW()
            , NULL
        )

2023-04-12 12:42:11,203 DEBUG [com.study.domain.post.PostMapper.save] <==    Updates: 1
2023-04-12 12:42:11,203  INFO [jdbc.resultsettable] 
|----------|
|insert_id |
|----------|
|789       |
|----------|

2023-04-12 12:42:11,204 DEBUG [com.study.aop.LoggerAspect] Service ===> com.study.domain.post.PostService.savePost()
2023-04-12 12:42:11,204 DEBUG [com.study.aop.LoggerAspect] Mapper ===> com.study.domain.post.PostMapper.save()
2023-04-12 12:42:11,204 DEBUG [com.study.domain.post.PostMapper.save] ==>  Preparing: INSERT INTO tb_post ( id , title , content , writer , view_cnt , notice_yn , delete_yn , created_date , modified_date ) VALUES ( ? , ? , ? , ? , 0 , ? , 0 , NOW() , NULL )
2023-04-12 12:42:11,205 DEBUG [com.study.domain.post.PostMapper.save] ==> Parameters: null, 790번 게시글 제목(String), 790번 게시글 내용(String), 테스터790(String), false(Boolean)
2023-04-12 12:42:11,205  INFO [jdbc.sqlonly] INSERT INTO tb_post (

          id
        , title
        , content
        , writer
        , view_cnt
        , notice_yn
        , delete_yn
        , created_date
        , modified_date

        ) VALUES (
              NULL
            , '790번 게시글 제목'
            , '790번 게시글 내용'
            , '테스터790'
            , 0
            , 0
            , 0
            , NOW()
            , NULL
        )

2023-04-12 12:42:11,205 DEBUG [com.study.domain.post.PostMapper.save] <==    Updates: 1
2023-04-12 12:42:11,205  INFO [jdbc.resultsettable] 
|----------|
|insert_id |
|----------|
|790       |
|----------|

2023-04-12 12:42:11,207 DEBUG [com.study.aop.LoggerAspect] Service ===> com.study.domain.post.PostService.savePost()
2023-04-12 12:42:11,207 DEBUG [com.study.aop.LoggerAspect] Mapper ===> com.study.domain.post.PostMapper.save()
2023-04-12 12:42:11,207 DEBUG [com.study.domain.post.PostMapper.save] ==>  Preparing: INSERT INTO tb_post ( id , title , content , writer , view_cnt , notice_yn , delete_yn , created_date , modified_date ) VALUES ( ? , ? , ? , ? , 0 , ? , 0 , NOW() , NULL )
2023-04-12 12:42:11,207 DEBUG [com.study.domain.post.PostMapper.save] ==> Parameters: null, 791번 게시글 제목(String), 791번 게시글 내용(String), 테스터791(String), false(Boolean)
2023-04-12 12:42:11,207  INFO [jdbc.sqlonly] INSERT INTO tb_post (

          id
        , title
        , content
        , writer
        , view_cnt
        , notice_yn
        , delete_yn
        , created_date
        , modified_date

        ) VALUES (
              NULL
            , '791번 게시글 제목'
            , '791번 게시글 내용'
            , '테스터791'
            , 0
            , 0
            , 0
            , NOW()
            , NULL
        )

2023-04-12 12:42:11,208 DEBUG [com.study.domain.post.PostMapper.save] <==    Updates: 1
2023-04-12 12:42:11,208  INFO [jdbc.resultsettable] 
|----------|
|insert_id |
|----------|
|791       |
|----------|

2023-04-12 12:42:11,209 DEBUG [com.study.aop.LoggerAspect] Service ===> com.study.domain.post.PostService.savePost()
2023-04-12 12:42:11,209 DEBUG [com.study.aop.LoggerAspect] Mapper ===> com.study.domain.post.PostMapper.save()
2023-04-12 12:42:11,209 DEBUG [com.study.domain.post.PostMapper.save] ==>  Preparing: INSERT INTO tb_post ( id , title , content , writer , view_cnt , notice_yn , delete_yn , created_date , modified_date ) VALUES ( ? , ? , ? , ? , 0 , ? , 0 , NOW() , NULL )
2023-04-12 12:42:11,209 DEBUG [com.study.domain.post.PostMapper.save] ==> Parameters: null, 792번 게시글 제목(String), 792번 게시글 내용(String), 테스터792(String), false(Boolean)
2023-04-12 12:42:11,209  INFO [jdbc.sqlonly] INSERT INTO tb_post (

          id
        , title
        , content
        , writer
        , view_cnt
        , notice_yn
        , delete_yn
        , created_date
        , modified_date

        ) VALUES (
              NULL
            , '792번 게시글 제목'
            , '792번 게시글 내용'
            , '테스터792'
            , 0
            , 0
            , 0
            , NOW()
            , NULL
        )

2023-04-12 12:42:11,210 DEBUG [com.study.domain.post.PostMapper.save] <==    Updates: 1
2023-04-12 12:42:11,210  INFO [jdbc.resultsettable] 
|----------|
|insert_id |
|----------|
|792       |
|----------|

2023-04-12 12:42:11,211 DEBUG [com.study.aop.LoggerAspect] Service ===> com.study.domain.post.PostService.savePost()
2023-04-12 12:42:11,211 DEBUG [com.study.aop.LoggerAspect] Mapper ===> com.study.domain.post.PostMapper.save()
2023-04-12 12:42:11,212 DEBUG [com.study.domain.post.PostMapper.save] ==>  Preparing: INSERT INTO tb_post ( id , title , content , writer , view_cnt , notice_yn , delete_yn , created_date , modified_date ) VALUES ( ? , ? , ? , ? , 0 , ? , 0 , NOW() , NULL )
2023-04-12 12:42:11,212 DEBUG [com.study.domain.post.PostMapper.save] ==> Parameters: null, 793번 게시글 제목(String), 793번 게시글 내용(String), 테스터793(String), false(Boolean)
2023-04-12 12:42:11,212  INFO [jdbc.sqlonly] INSERT INTO tb_post (

          id
        , title
        , content
        , writer
        , view_cnt
        , notice_yn
        , delete_yn
        , created_date
        , modified_date

        ) VALUES (
              NULL
            , '793번 게시글 제목'
            , '793번 게시글 내용'
            , '테스터793'
            , 0
            , 0
            , 0
            , NOW()
            , NULL
        )

2023-04-12 12:42:11,212 DEBUG [com.study.domain.post.PostMapper.save] <==    Updates: 1
2023-04-12 12:42:11,212  INFO [jdbc.resultsettable] 
|----------|
|insert_id |
|----------|
|793       |
|----------|

2023-04-12 12:42:11,214 DEBUG [com.study.aop.LoggerAspect] Service ===> com.study.domain.post.PostService.savePost()
2023-04-12 12:42:11,214 DEBUG [com.study.aop.LoggerAspect] Mapper ===> com.study.domain.post.PostMapper.save()
2023-04-12 12:42:11,214 DEBUG [com.study.domain.post.PostMapper.save] ==>  Preparing: INSERT INTO tb_post ( id , title , content , writer , view_cnt , notice_yn , delete_yn , created_date , modified_date ) VALUES ( ? , ? , ? , ? , 0 , ? , 0 , NOW() , NULL )
2023-04-12 12:42:11,214 DEBUG [com.study.domain.post.PostMapper.save] ==> Parameters: null, 794번 게시글 제목(String), 794번 게시글 내용(String), 테스터794(String), false(Boolean)
2023-04-12 12:42:11,214  INFO [jdbc.sqlonly] INSERT INTO tb_post (

          id
        , title
        , content
        , writer
        , view_cnt
        , notice_yn
        , delete_yn
        , created_date
        , modified_date

        ) VALUES (
              NULL
            , '794번 게시글 제목'
            , '794번 게시글 내용'
            , '테스터794'
            , 0
            , 0
            , 0
            , NOW()
            , NULL
        )

2023-04-12 12:42:11,214 DEBUG [com.study.domain.post.PostMapper.save] <==    Updates: 1
2023-04-12 12:42:11,214  INFO [jdbc.resultsettable] 
|----------|
|insert_id |
|----------|
|794       |
|----------|

2023-04-12 12:42:11,216 DEBUG [com.study.aop.LoggerAspect] Service ===> com.study.domain.post.PostService.savePost()
2023-04-12 12:42:11,216 DEBUG [com.study.aop.LoggerAspect] Mapper ===> com.study.domain.post.PostMapper.save()
2023-04-12 12:42:11,216 DEBUG [com.study.domain.post.PostMapper.save] ==>  Preparing: INSERT INTO tb_post ( id , title , content , writer , view_cnt , notice_yn , delete_yn , created_date , modified_date ) VALUES ( ? , ? , ? , ? , 0 , ? , 0 , NOW() , NULL )
2023-04-12 12:42:11,216 DEBUG [com.study.domain.post.PostMapper.save] ==> Parameters: null, 795번 게시글 제목(String), 795번 게시글 내용(String), 테스터795(String), false(Boolean)
2023-04-12 12:42:11,216  INFO [jdbc.sqlonly] INSERT INTO tb_post (

          id
        , title
        , content
        , writer
        , view_cnt
        , notice_yn
        , delete_yn
        , created_date
        , modified_date

        ) VALUES (
              NULL
            , '795번 게시글 제목'
            , '795번 게시글 내용'
            , '테스터795'
            , 0
            , 0
            , 0
            , NOW()
            , NULL
        )

2023-04-12 12:42:11,216 DEBUG [com.study.domain.post.PostMapper.save] <==    Updates: 1
2023-04-12 12:42:11,217  INFO [jdbc.resultsettable] 
|----------|
|insert_id |
|----------|
|795       |
|----------|

2023-04-12 12:42:11,218 DEBUG [com.study.aop.LoggerAspect] Service ===> com.study.domain.post.PostService.savePost()
2023-04-12 12:42:11,218 DEBUG [com.study.aop.LoggerAspect] Mapper ===> com.study.domain.post.PostMapper.save()
2023-04-12 12:42:11,218 DEBUG [com.study.domain.post.PostMapper.save] ==>  Preparing: INSERT INTO tb_post ( id , title , content , writer , view_cnt , notice_yn , delete_yn , created_date , modified_date ) VALUES ( ? , ? , ? , ? , 0 , ? , 0 , NOW() , NULL )
2023-04-12 12:42:11,218 DEBUG [com.study.domain.post.PostMapper.save] ==> Parameters: null, 796번 게시글 제목(String), 796번 게시글 내용(String), 테스터796(String), false(Boolean)
2023-04-12 12:42:11,218  INFO [jdbc.sqlonly] INSERT INTO tb_post (

          id
        , title
        , content
        , writer
        , view_cnt
        , notice_yn
        , delete_yn
        , created_date
        , modified_date

        ) VALUES (
              NULL
            , '796번 게시글 제목'
            , '796번 게시글 내용'
            , '테스터796'
            , 0
            , 0
            , 0
            , NOW()
            , NULL
        )

2023-04-12 12:42:11,219 DEBUG [com.study.domain.post.PostMapper.save] <==    Updates: 1
2023-04-12 12:42:11,219  INFO [jdbc.resultsettable] 
|----------|
|insert_id |
|----------|
|796       |
|----------|

2023-04-12 12:42:11,220 DEBUG [com.study.aop.LoggerAspect] Service ===> com.study.domain.post.PostService.savePost()
2023-04-12 12:42:11,220 DEBUG [com.study.aop.LoggerAspect] Mapper ===> com.study.domain.post.PostMapper.save()
2023-04-12 12:42:11,220 DEBUG [com.study.domain.post.PostMapper.save] ==>  Preparing: INSERT INTO tb_post ( id , title , content , writer , view_cnt , notice_yn , delete_yn , created_date , modified_date ) VALUES ( ? , ? , ? , ? , 0 , ? , 0 , NOW() , NULL )
2023-04-12 12:42:11,220 DEBUG [com.study.domain.post.PostMapper.save] ==> Parameters: null, 797번 게시글 제목(String), 797번 게시글 내용(String), 테스터797(String), false(Boolean)
2023-04-12 12:42:11,221  INFO [jdbc.sqlonly] INSERT INTO tb_post (

          id
        , title
        , content
        , writer
        , view_cnt
        , notice_yn
        , delete_yn
        , created_date
        , modified_date

        ) VALUES (
              NULL
            , '797번 게시글 제목'
            , '797번 게시글 내용'
            , '테스터797'
            , 0
            , 0
            , 0
            , NOW()
            , NULL
        )

2023-04-12 12:42:11,221 DEBUG [com.study.domain.post.PostMapper.save] <==    Updates: 1
2023-04-12 12:42:11,221  INFO [jdbc.resultsettable] 
|----------|
|insert_id |
|----------|
|797       |
|----------|

2023-04-12 12:42:11,222 DEBUG [com.study.aop.LoggerAspect] Service ===> com.study.domain.post.PostService.savePost()
2023-04-12 12:42:11,222 DEBUG [com.study.aop.LoggerAspect] Mapper ===> com.study.domain.post.PostMapper.save()
2023-04-12 12:42:11,223 DEBUG [com.study.domain.post.PostMapper.save] ==>  Preparing: INSERT INTO tb_post ( id , title , content , writer , view_cnt , notice_yn , delete_yn , created_date , modified_date ) VALUES ( ? , ? , ? , ? , 0 , ? , 0 , NOW() , NULL )
2023-04-12 12:42:11,223 DEBUG [com.study.domain.post.PostMapper.save] ==> Parameters: null, 798번 게시글 제목(String), 798번 게시글 내용(String), 테스터798(String), false(Boolean)
2023-04-12 12:42:11,223  INFO [jdbc.sqlonly] INSERT INTO tb_post (

          id
        , title
        , content
        , writer
        , view_cnt
        , notice_yn
        , delete_yn
        , created_date
        , modified_date

        ) VALUES (
              NULL
            , '798번 게시글 제목'
            , '798번 게시글 내용'
            , '테스터798'
            , 0
            , 0
            , 0
            , NOW()
            , NULL
        )

2023-04-12 12:42:11,223 DEBUG [com.study.domain.post.PostMapper.save] <==    Updates: 1
2023-04-12 12:42:11,223  INFO [jdbc.resultsettable] 
|----------|
|insert_id |
|----------|
|798       |
|----------|

2023-04-12 12:42:11,224 DEBUG [com.study.aop.LoggerAspect] Service ===> com.study.domain.post.PostService.savePost()
2023-04-12 12:42:11,225 DEBUG [com.study.aop.LoggerAspect] Mapper ===> com.study.domain.post.PostMapper.save()
2023-04-12 12:42:11,225 DEBUG [com.study.domain.post.PostMapper.save] ==>  Preparing: INSERT INTO tb_post ( id , title , content , writer , view_cnt , notice_yn , delete_yn , created_date , modified_date ) VALUES ( ? , ? , ? , ? , 0 , ? , 0 , NOW() , NULL )
2023-04-12 12:42:11,225 DEBUG [com.study.domain.post.PostMapper.save] ==> Parameters: null, 799번 게시글 제목(String), 799번 게시글 내용(String), 테스터799(String), false(Boolean)
2023-04-12 12:42:11,225  INFO [jdbc.sqlonly] INSERT INTO tb_post (

          id
        , title
        , content
        , writer
        , view_cnt
        , notice_yn
        , delete_yn
        , created_date
        , modified_date

        ) VALUES (
              NULL
            , '799번 게시글 제목'
            , '799번 게시글 내용'
            , '테스터799'
            , 0
            , 0
            , 0
            , NOW()
            , NULL
        )

2023-04-12 12:42:11,225 DEBUG [com.study.domain.post.PostMapper.save] <==    Updates: 1
2023-04-12 12:42:11,226  INFO [jdbc.resultsettable] 
|----------|
|insert_id |
|----------|
|799       |
|----------|

2023-04-12 12:42:11,227 DEBUG [com.study.aop.LoggerAspect] Service ===> com.study.domain.post.PostService.savePost()
2023-04-12 12:42:11,227 DEBUG [com.study.aop.LoggerAspect] Mapper ===> com.study.domain.post.PostMapper.save()
2023-04-12 12:42:11,227 DEBUG [com.study.domain.post.PostMapper.save] ==>  Preparing: INSERT INTO tb_post ( id , title , content , writer , view_cnt , notice_yn , delete_yn , created_date , modified_date ) VALUES ( ? , ? , ? , ? , 0 , ? , 0 , NOW() , NULL )
2023-04-12 12:42:11,227 DEBUG [com.study.domain.post.PostMapper.save] ==> Parameters: null, 800번 게시글 제목(String), 800번 게시글 내용(String), 테스터800(String), false(Boolean)
2023-04-12 12:42:11,227  INFO [jdbc.sqlonly] INSERT INTO tb_post (

          id
        , title
        , content
        , writer
        , view_cnt
        , notice_yn
        , delete_yn
        , created_date
        , modified_date

        ) VALUES (
              NULL
            , '800번 게시글 제목'
            , '800번 게시글 내용'
            , '테스터800'
            , 0
            , 0
            , 0
            , NOW()
            , NULL
        )

2023-04-12 12:42:11,228 DEBUG [com.study.domain.post.PostMapper.save] <==    Updates: 1
2023-04-12 12:42:11,228  INFO [jdbc.resultsettable] 
|----------|
|insert_id |
|----------|
|800       |
|----------|

2023-04-12 12:42:11,229 DEBUG [com.study.aop.LoggerAspect] Service ===> com.study.domain.post.PostService.savePost()
2023-04-12 12:42:11,229 DEBUG [com.study.aop.LoggerAspect] Mapper ===> com.study.domain.post.PostMapper.save()
2023-04-12 12:42:11,229 DEBUG [com.study.domain.post.PostMapper.save] ==>  Preparing: INSERT INTO tb_post ( id , title , content , writer , view_cnt , notice_yn , delete_yn , created_date , modified_date ) VALUES ( ? , ? , ? , ? , 0 , ? , 0 , NOW() , NULL )
2023-04-12 12:42:11,229 DEBUG [com.study.domain.post.PostMapper.save] ==> Parameters: null, 801번 게시글 제목(String), 801번 게시글 내용(String), 테스터801(String), false(Boolean)
2023-04-12 12:42:11,229  INFO [jdbc.sqlonly] INSERT INTO tb_post (

          id
        , title
        , content
        , writer
        , view_cnt
        , notice_yn
        , delete_yn
        , created_date
        , modified_date

        ) VALUES (
              NULL
            , '801번 게시글 제목'
            , '801번 게시글 내용'
            , '테스터801'
            , 0
            , 0
            , 0
            , NOW()
            , NULL
        )

2023-04-12 12:42:11,230 DEBUG [com.study.domain.post.PostMapper.save] <==    Updates: 1
2023-04-12 12:42:11,230  INFO [jdbc.resultsettable] 
|----------|
|insert_id |
|----------|
|801       |
|----------|

2023-04-12 12:42:11,231 DEBUG [com.study.aop.LoggerAspect] Service ===> com.study.domain.post.PostService.savePost()
2023-04-12 12:42:11,231 DEBUG [com.study.aop.LoggerAspect] Mapper ===> com.study.domain.post.PostMapper.save()
2023-04-12 12:42:11,231 DEBUG [com.study.domain.post.PostMapper.save] ==>  Preparing: INSERT INTO tb_post ( id , title , content , writer , view_cnt , notice_yn , delete_yn , created_date , modified_date ) VALUES ( ? , ? , ? , ? , 0 , ? , 0 , NOW() , NULL )
2023-04-12 12:42:11,231 DEBUG [com.study.domain.post.PostMapper.save] ==> Parameters: null, 802번 게시글 제목(String), 802번 게시글 내용(String), 테스터802(String), false(Boolean)
2023-04-12 12:42:11,231  INFO [jdbc.sqlonly] INSERT INTO tb_post (

          id
        , title
        , content
        , writer
        , view_cnt
        , notice_yn
        , delete_yn
        , created_date
        , modified_date

        ) VALUES (
              NULL
            , '802번 게시글 제목'
            , '802번 게시글 내용'
            , '테스터802'
            , 0
            , 0
            , 0
            , NOW()
            , NULL
        )

2023-04-12 12:42:11,232 DEBUG [com.study.domain.post.PostMapper.save] <==    Updates: 1
2023-04-12 12:42:11,232  INFO [jdbc.resultsettable] 
|----------|
|insert_id |
|----------|
|802       |
|----------|

2023-04-12 12:42:11,233 DEBUG [com.study.aop.LoggerAspect] Service ===> com.study.domain.post.PostService.savePost()
2023-04-12 12:42:11,233 DEBUG [com.study.aop.LoggerAspect] Mapper ===> com.study.domain.post.PostMapper.save()
2023-04-12 12:42:11,233 DEBUG [com.study.domain.post.PostMapper.save] ==>  Preparing: INSERT INTO tb_post ( id , title , content , writer , view_cnt , notice_yn , delete_yn , created_date , modified_date ) VALUES ( ? , ? , ? , ? , 0 , ? , 0 , NOW() , NULL )
2023-04-12 12:42:11,233 DEBUG [com.study.domain.post.PostMapper.save] ==> Parameters: null, 803번 게시글 제목(String), 803번 게시글 내용(String), 테스터803(String), false(Boolean)
2023-04-12 12:42:11,233  INFO [jdbc.sqlonly] INSERT INTO tb_post (

          id
        , title
        , content
        , writer
        , view_cnt
        , notice_yn
        , delete_yn
        , created_date
        , modified_date

        ) VALUES (
              NULL
            , '803번 게시글 제목'
            , '803번 게시글 내용'
            , '테스터803'
            , 0
            , 0
            , 0
            , NOW()
            , NULL
        )

2023-04-12 12:42:11,234 DEBUG [com.study.domain.post.PostMapper.save] <==    Updates: 1
2023-04-12 12:42:11,234  INFO [jdbc.resultsettable] 
|----------|
|insert_id |
|----------|
|803       |
|----------|

2023-04-12 12:42:11,235 DEBUG [com.study.aop.LoggerAspect] Service ===> com.study.domain.post.PostService.savePost()
2023-04-12 12:42:11,235 DEBUG [com.study.aop.LoggerAspect] Mapper ===> com.study.domain.post.PostMapper.save()
2023-04-12 12:42:11,235 DEBUG [com.study.domain.post.PostMapper.save] ==>  Preparing: INSERT INTO tb_post ( id , title , content , writer , view_cnt , notice_yn , delete_yn , created_date , modified_date ) VALUES ( ? , ? , ? , ? , 0 , ? , 0 , NOW() , NULL )
2023-04-12 12:42:11,235 DEBUG [com.study.domain.post.PostMapper.save] ==> Parameters: null, 804번 게시글 제목(String), 804번 게시글 내용(String), 테스터804(String), false(Boolean)
2023-04-12 12:42:11,235  INFO [jdbc.sqlonly] INSERT INTO tb_post (

          id
        , title
        , content
        , writer
        , view_cnt
        , notice_yn
        , delete_yn
        , created_date
        , modified_date

        ) VALUES (
              NULL
            , '804번 게시글 제목'
            , '804번 게시글 내용'
            , '테스터804'
            , 0
            , 0
            , 0
            , NOW()
            , NULL
        )

2023-04-12 12:42:11,236 DEBUG [com.study.domain.post.PostMapper.save] <==    Updates: 1
2023-04-12 12:42:11,236  INFO [jdbc.resultsettable] 
|----------|
|insert_id |
|----------|
|804       |
|----------|

2023-04-12 12:42:11,238 DEBUG [com.study.aop.LoggerAspect] Service ===> com.study.domain.post.PostService.savePost()
2023-04-12 12:42:11,238 DEBUG [com.study.aop.LoggerAspect] Mapper ===> com.study.domain.post.PostMapper.save()
2023-04-12 12:42:11,238 DEBUG [com.study.domain.post.PostMapper.save] ==>  Preparing: INSERT INTO tb_post ( id , title , content , writer , view_cnt , notice_yn , delete_yn , created_date , modified_date ) VALUES ( ? , ? , ? , ? , 0 , ? , 0 , NOW() , NULL )
2023-04-12 12:42:11,239 DEBUG [com.study.domain.post.PostMapper.save] ==> Parameters: null, 805번 게시글 제목(String), 805번 게시글 내용(String), 테스터805(String), false(Boolean)
2023-04-12 12:42:11,239  INFO [jdbc.sqlonly] INSERT INTO tb_post (

          id
        , title
        , content
        , writer
        , view_cnt
        , notice_yn
        , delete_yn
        , created_date
        , modified_date

        ) VALUES (
              NULL
            , '805번 게시글 제목'
            , '805번 게시글 내용'
            , '테스터805'
            , 0
            , 0
            , 0
            , NOW()
            , NULL
        )

2023-04-12 12:42:11,239 DEBUG [com.study.domain.post.PostMapper.save] <==    Updates: 1
2023-04-12 12:42:11,239  INFO [jdbc.resultsettable] 
|----------|
|insert_id |
|----------|
|805       |
|----------|

2023-04-12 12:42:11,240 DEBUG [com.study.aop.LoggerAspect] Service ===> com.study.domain.post.PostService.savePost()
2023-04-12 12:42:11,240 DEBUG [com.study.aop.LoggerAspect] Mapper ===> com.study.domain.post.PostMapper.save()
2023-04-12 12:42:11,241 DEBUG [com.study.domain.post.PostMapper.save] ==>  Preparing: INSERT INTO tb_post ( id , title , content , writer , view_cnt , notice_yn , delete_yn , created_date , modified_date ) VALUES ( ? , ? , ? , ? , 0 , ? , 0 , NOW() , NULL )
2023-04-12 12:42:11,241 DEBUG [com.study.domain.post.PostMapper.save] ==> Parameters: null, 806번 게시글 제목(String), 806번 게시글 내용(String), 테스터806(String), false(Boolean)
2023-04-12 12:42:11,241  INFO [jdbc.sqlonly] INSERT INTO tb_post (

          id
        , title
        , content
        , writer
        , view_cnt
        , notice_yn
        , delete_yn
        , created_date
        , modified_date

        ) VALUES (
              NULL
            , '806번 게시글 제목'
            , '806번 게시글 내용'
            , '테스터806'
            , 0
            , 0
            , 0
            , NOW()
            , NULL
        )

2023-04-12 12:42:11,241 DEBUG [com.study.domain.post.PostMapper.save] <==    Updates: 1
2023-04-12 12:42:11,241  INFO [jdbc.resultsettable] 
|----------|
|insert_id |
|----------|
|806       |
|----------|

2023-04-12 12:42:11,243 DEBUG [com.study.aop.LoggerAspect] Service ===> com.study.domain.post.PostService.savePost()
2023-04-12 12:42:11,243 DEBUG [com.study.aop.LoggerAspect] Mapper ===> com.study.domain.post.PostMapper.save()
2023-04-12 12:42:11,243 DEBUG [com.study.domain.post.PostMapper.save] ==>  Preparing: INSERT INTO tb_post ( id , title , content , writer , view_cnt , notice_yn , delete_yn , created_date , modified_date ) VALUES ( ? , ? , ? , ? , 0 , ? , 0 , NOW() , NULL )
2023-04-12 12:42:11,243 DEBUG [com.study.domain.post.PostMapper.save] ==> Parameters: null, 807번 게시글 제목(String), 807번 게시글 내용(String), 테스터807(String), false(Boolean)
2023-04-12 12:42:11,243  INFO [jdbc.sqlonly] INSERT INTO tb_post (

          id
        , title
        , content
        , writer
        , view_cnt
        , notice_yn
        , delete_yn
        , created_date
        , modified_date

        ) VALUES (
              NULL
            , '807번 게시글 제목'
            , '807번 게시글 내용'
            , '테스터807'
            , 0
            , 0
            , 0
            , NOW()
            , NULL
        )

2023-04-12 12:42:11,243 DEBUG [com.study.domain.post.PostMapper.save] <==    Updates: 1
2023-04-12 12:42:11,244  INFO [jdbc.resultsettable] 
|----------|
|insert_id |
|----------|
|807       |
|----------|

2023-04-12 12:42:11,245 DEBUG [com.study.aop.LoggerAspect] Service ===> com.study.domain.post.PostService.savePost()
2023-04-12 12:42:11,245 DEBUG [com.study.aop.LoggerAspect] Mapper ===> com.study.domain.post.PostMapper.save()
2023-04-12 12:42:11,245 DEBUG [com.study.domain.post.PostMapper.save] ==>  Preparing: INSERT INTO tb_post ( id , title , content , writer , view_cnt , notice_yn , delete_yn , created_date , modified_date ) VALUES ( ? , ? , ? , ? , 0 , ? , 0 , NOW() , NULL )
2023-04-12 12:42:11,245 DEBUG [com.study.domain.post.PostMapper.save] ==> Parameters: null, 808번 게시글 제목(String), 808번 게시글 내용(String), 테스터808(String), false(Boolean)
2023-04-12 12:42:11,245  INFO [jdbc.sqlonly] INSERT INTO tb_post (

          id
        , title
        , content
        , writer
        , view_cnt
        , notice_yn
        , delete_yn
        , created_date
        , modified_date

        ) VALUES (
              NULL
            , '808번 게시글 제목'
            , '808번 게시글 내용'
            , '테스터808'
            , 0
            , 0
            , 0
            , NOW()
            , NULL
        )

2023-04-12 12:42:11,245 DEBUG [com.study.domain.post.PostMapper.save] <==    Updates: 1
2023-04-12 12:42:11,246  INFO [jdbc.resultsettable] 
|----------|
|insert_id |
|----------|
|808       |
|----------|

2023-04-12 12:42:11,247 DEBUG [com.study.aop.LoggerAspect] Service ===> com.study.domain.post.PostService.savePost()
2023-04-12 12:42:11,247 DEBUG [com.study.aop.LoggerAspect] Mapper ===> com.study.domain.post.PostMapper.save()
2023-04-12 12:42:11,247 DEBUG [com.study.domain.post.PostMapper.save] ==>  Preparing: INSERT INTO tb_post ( id , title , content , writer , view_cnt , notice_yn , delete_yn , created_date , modified_date ) VALUES ( ? , ? , ? , ? , 0 , ? , 0 , NOW() , NULL )
2023-04-12 12:42:11,247 DEBUG [com.study.domain.post.PostMapper.save] ==> Parameters: null, 809번 게시글 제목(String), 809번 게시글 내용(String), 테스터809(String), false(Boolean)
2023-04-12 12:42:11,247  INFO [jdbc.sqlonly] INSERT INTO tb_post (

          id
        , title
        , content
        , writer
        , view_cnt
        , notice_yn
        , delete_yn
        , created_date
        , modified_date

        ) VALUES (
              NULL
            , '809번 게시글 제목'
            , '809번 게시글 내용'
            , '테스터809'
            , 0
            , 0
            , 0
            , NOW()
            , NULL
        )

2023-04-12 12:42:11,247 DEBUG [com.study.domain.post.PostMapper.save] <==    Updates: 1
2023-04-12 12:42:11,247  INFO [jdbc.resultsettable] 
|----------|
|insert_id |
|----------|
|809       |
|----------|

2023-04-12 12:42:11,249 DEBUG [com.study.aop.LoggerAspect] Service ===> com.study.domain.post.PostService.savePost()
2023-04-12 12:42:11,249 DEBUG [com.study.aop.LoggerAspect] Mapper ===> com.study.domain.post.PostMapper.save()
2023-04-12 12:42:11,249 DEBUG [com.study.domain.post.PostMapper.save] ==>  Preparing: INSERT INTO tb_post ( id , title , content , writer , view_cnt , notice_yn , delete_yn , created_date , modified_date ) VALUES ( ? , ? , ? , ? , 0 , ? , 0 , NOW() , NULL )
2023-04-12 12:42:11,249 DEBUG [com.study.domain.post.PostMapper.save] ==> Parameters: null, 810번 게시글 제목(String), 810번 게시글 내용(String), 테스터810(String), false(Boolean)
2023-04-12 12:42:11,249  INFO [jdbc.sqlonly] INSERT INTO tb_post (

          id
        , title
        , content
        , writer
        , view_cnt
        , notice_yn
        , delete_yn
        , created_date
        , modified_date

        ) VALUES (
              NULL
            , '810번 게시글 제목'
            , '810번 게시글 내용'
            , '테스터810'
            , 0
            , 0
            , 0
            , NOW()
            , NULL
        )

2023-04-12 12:42:11,249 DEBUG [com.study.domain.post.PostMapper.save] <==    Updates: 1
2023-04-12 12:42:11,249  INFO [jdbc.resultsettable] 
|----------|
|insert_id |
|----------|
|810       |
|----------|

2023-04-12 12:42:11,251 DEBUG [com.study.aop.LoggerAspect] Service ===> com.study.domain.post.PostService.savePost()
2023-04-12 12:42:11,251 DEBUG [com.study.aop.LoggerAspect] Mapper ===> com.study.domain.post.PostMapper.save()
2023-04-12 12:42:11,251 DEBUG [com.study.domain.post.PostMapper.save] ==>  Preparing: INSERT INTO tb_post ( id , title , content , writer , view_cnt , notice_yn , delete_yn , created_date , modified_date ) VALUES ( ? , ? , ? , ? , 0 , ? , 0 , NOW() , NULL )
2023-04-12 12:42:11,251 DEBUG [com.study.domain.post.PostMapper.save] ==> Parameters: null, 811번 게시글 제목(String), 811번 게시글 내용(String), 테스터811(String), false(Boolean)
2023-04-12 12:42:11,251  INFO [jdbc.sqlonly] INSERT INTO tb_post (

          id
        , title
        , content
        , writer
        , view_cnt
        , notice_yn
        , delete_yn
        , created_date
        , modified_date

        ) VALUES (
              NULL
            , '811번 게시글 제목'
            , '811번 게시글 내용'
            , '테스터811'
            , 0
            , 0
            , 0
            , NOW()
            , NULL
        )

2023-04-12 12:42:11,251 DEBUG [com.study.domain.post.PostMapper.save] <==    Updates: 1
2023-04-12 12:42:11,251  INFO [jdbc.resultsettable] 
|----------|
|insert_id |
|----------|
|811       |
|----------|

2023-04-12 12:42:11,253 DEBUG [com.study.aop.LoggerAspect] Service ===> com.study.domain.post.PostService.savePost()
2023-04-12 12:42:11,253 DEBUG [com.study.aop.LoggerAspect] Mapper ===> com.study.domain.post.PostMapper.save()
2023-04-12 12:42:11,253 DEBUG [com.study.domain.post.PostMapper.save] ==>  Preparing: INSERT INTO tb_post ( id , title , content , writer , view_cnt , notice_yn , delete_yn , created_date , modified_date ) VALUES ( ? , ? , ? , ? , 0 , ? , 0 , NOW() , NULL )
2023-04-12 12:42:11,253 DEBUG [com.study.domain.post.PostMapper.save] ==> Parameters: null, 812번 게시글 제목(String), 812번 게시글 내용(String), 테스터812(String), false(Boolean)
2023-04-12 12:42:11,253  INFO [jdbc.sqlonly] INSERT INTO tb_post (

          id
        , title
        , content
        , writer
        , view_cnt
        , notice_yn
        , delete_yn
        , created_date
        , modified_date

        ) VALUES (
              NULL
            , '812번 게시글 제목'
            , '812번 게시글 내용'
            , '테스터812'
            , 0
            , 0
            , 0
            , NOW()
            , NULL
        )

2023-04-12 12:42:11,253 DEBUG [com.study.domain.post.PostMapper.save] <==    Updates: 1
2023-04-12 12:42:11,254  INFO [jdbc.resultsettable] 
|----------|
|insert_id |
|----------|
|812       |
|----------|

2023-04-12 12:42:11,255 DEBUG [com.study.aop.LoggerAspect] Service ===> com.study.domain.post.PostService.savePost()
2023-04-12 12:42:11,255 DEBUG [com.study.aop.LoggerAspect] Mapper ===> com.study.domain.post.PostMapper.save()
2023-04-12 12:42:11,255 DEBUG [com.study.domain.post.PostMapper.save] ==>  Preparing: INSERT INTO tb_post ( id , title , content , writer , view_cnt , notice_yn , delete_yn , created_date , modified_date ) VALUES ( ? , ? , ? , ? , 0 , ? , 0 , NOW() , NULL )
2023-04-12 12:42:11,255 DEBUG [com.study.domain.post.PostMapper.save] ==> Parameters: null, 813번 게시글 제목(String), 813번 게시글 내용(String), 테스터813(String), false(Boolean)
2023-04-12 12:42:11,255  INFO [jdbc.sqlonly] INSERT INTO tb_post (

          id
        , title
        , content
        , writer
        , view_cnt
        , notice_yn
        , delete_yn
        , created_date
        , modified_date

        ) VALUES (
              NULL
            , '813번 게시글 제목'
            , '813번 게시글 내용'
            , '테스터813'
            , 0
            , 0
            , 0
            , NOW()
            , NULL
        )

2023-04-12 12:42:11,255 DEBUG [com.study.domain.post.PostMapper.save] <==    Updates: 1
2023-04-12 12:42:11,256  INFO [jdbc.resultsettable] 
|----------|
|insert_id |
|----------|
|813       |
|----------|

2023-04-12 12:42:11,257 DEBUG [com.study.aop.LoggerAspect] Service ===> com.study.domain.post.PostService.savePost()
2023-04-12 12:42:11,257 DEBUG [com.study.aop.LoggerAspect] Mapper ===> com.study.domain.post.PostMapper.save()
2023-04-12 12:42:11,258 DEBUG [com.study.domain.post.PostMapper.save] ==>  Preparing: INSERT INTO tb_post ( id , title , content , writer , view_cnt , notice_yn , delete_yn , created_date , modified_date ) VALUES ( ? , ? , ? , ? , 0 , ? , 0 , NOW() , NULL )
2023-04-12 12:42:11,258 DEBUG [com.study.domain.post.PostMapper.save] ==> Parameters: null, 814번 게시글 제목(String), 814번 게시글 내용(String), 테스터814(String), false(Boolean)
2023-04-12 12:42:11,258  INFO [jdbc.sqlonly] INSERT INTO tb_post (

          id
        , title
        , content
        , writer
        , view_cnt
        , notice_yn
        , delete_yn
        , created_date
        , modified_date

        ) VALUES (
              NULL
            , '814번 게시글 제목'
            , '814번 게시글 내용'
            , '테스터814'
            , 0
            , 0
            , 0
            , NOW()
            , NULL
        )

2023-04-12 12:42:11,258 DEBUG [com.study.domain.post.PostMapper.save] <==    Updates: 1
2023-04-12 12:42:11,258  INFO [jdbc.resultsettable] 
|----------|
|insert_id |
|----------|
|814       |
|----------|

2023-04-12 12:42:11,259 DEBUG [com.study.aop.LoggerAspect] Service ===> com.study.domain.post.PostService.savePost()
2023-04-12 12:42:11,259 DEBUG [com.study.aop.LoggerAspect] Mapper ===> com.study.domain.post.PostMapper.save()
2023-04-12 12:42:11,259 DEBUG [com.study.domain.post.PostMapper.save] ==>  Preparing: INSERT INTO tb_post ( id , title , content , writer , view_cnt , notice_yn , delete_yn , created_date , modified_date ) VALUES ( ? , ? , ? , ? , 0 , ? , 0 , NOW() , NULL )
2023-04-12 12:42:11,259 DEBUG [com.study.domain.post.PostMapper.save] ==> Parameters: null, 815번 게시글 제목(String), 815번 게시글 내용(String), 테스터815(String), false(Boolean)
2023-04-12 12:42:11,260  INFO [jdbc.sqlonly] INSERT INTO tb_post (

          id
        , title
        , content
        , writer
        , view_cnt
        , notice_yn
        , delete_yn
        , created_date
        , modified_date

        ) VALUES (
              NULL
            , '815번 게시글 제목'
            , '815번 게시글 내용'
            , '테스터815'
            , 0
            , 0
            , 0
            , NOW()
            , NULL
        )

2023-04-12 12:42:11,260 DEBUG [com.study.domain.post.PostMapper.save] <==    Updates: 1
2023-04-12 12:42:11,260  INFO [jdbc.resultsettable] 
|----------|
|insert_id |
|----------|
|815       |
|----------|

2023-04-12 12:42:11,261 DEBUG [com.study.aop.LoggerAspect] Service ===> com.study.domain.post.PostService.savePost()
2023-04-12 12:42:11,261 DEBUG [com.study.aop.LoggerAspect] Mapper ===> com.study.domain.post.PostMapper.save()
2023-04-12 12:42:11,261 DEBUG [com.study.domain.post.PostMapper.save] ==>  Preparing: INSERT INTO tb_post ( id , title , content , writer , view_cnt , notice_yn , delete_yn , created_date , modified_date ) VALUES ( ? , ? , ? , ? , 0 , ? , 0 , NOW() , NULL )
2023-04-12 12:42:11,261 DEBUG [com.study.domain.post.PostMapper.save] ==> Parameters: null, 816번 게시글 제목(String), 816번 게시글 내용(String), 테스터816(String), false(Boolean)
2023-04-12 12:42:11,261  INFO [jdbc.sqlonly] INSERT INTO tb_post (

          id
        , title
        , content
        , writer
        , view_cnt
        , notice_yn
        , delete_yn
        , created_date
        , modified_date

        ) VALUES (
              NULL
            , '816번 게시글 제목'
            , '816번 게시글 내용'
            , '테스터816'
            , 0
            , 0
            , 0
            , NOW()
            , NULL
        )

2023-04-12 12:42:11,262 DEBUG [com.study.domain.post.PostMapper.save] <==    Updates: 1
2023-04-12 12:42:11,262  INFO [jdbc.resultsettable] 
|----------|
|insert_id |
|----------|
|816       |
|----------|

2023-04-12 12:42:11,263 DEBUG [com.study.aop.LoggerAspect] Service ===> com.study.domain.post.PostService.savePost()
2023-04-12 12:42:11,263 DEBUG [com.study.aop.LoggerAspect] Mapper ===> com.study.domain.post.PostMapper.save()
2023-04-12 12:42:11,263 DEBUG [com.study.domain.post.PostMapper.save] ==>  Preparing: INSERT INTO tb_post ( id , title , content , writer , view_cnt , notice_yn , delete_yn , created_date , modified_date ) VALUES ( ? , ? , ? , ? , 0 , ? , 0 , NOW() , NULL )
2023-04-12 12:42:11,263 DEBUG [com.study.domain.post.PostMapper.save] ==> Parameters: null, 817번 게시글 제목(String), 817번 게시글 내용(String), 테스터817(String), false(Boolean)
2023-04-12 12:42:11,263  INFO [jdbc.sqlonly] INSERT INTO tb_post (

          id
        , title
        , content
        , writer
        , view_cnt
        , notice_yn
        , delete_yn
        , created_date
        , modified_date

        ) VALUES (
              NULL
            , '817번 게시글 제목'
            , '817번 게시글 내용'
            , '테스터817'
            , 0
            , 0
            , 0
            , NOW()
            , NULL
        )

2023-04-12 12:42:11,263 DEBUG [com.study.domain.post.PostMapper.save] <==    Updates: 1
2023-04-12 12:42:11,264  INFO [jdbc.resultsettable] 
|----------|
|insert_id |
|----------|
|817       |
|----------|

2023-04-12 12:42:11,265 DEBUG [com.study.aop.LoggerAspect] Service ===> com.study.domain.post.PostService.savePost()
2023-04-12 12:42:11,265 DEBUG [com.study.aop.LoggerAspect] Mapper ===> com.study.domain.post.PostMapper.save()
2023-04-12 12:42:11,265 DEBUG [com.study.domain.post.PostMapper.save] ==>  Preparing: INSERT INTO tb_post ( id , title , content , writer , view_cnt , notice_yn , delete_yn , created_date , modified_date ) VALUES ( ? , ? , ? , ? , 0 , ? , 0 , NOW() , NULL )
2023-04-12 12:42:11,265 DEBUG [com.study.domain.post.PostMapper.save] ==> Parameters: null, 818번 게시글 제목(String), 818번 게시글 내용(String), 테스터818(String), false(Boolean)
2023-04-12 12:42:11,265  INFO [jdbc.sqlonly] INSERT INTO tb_post (

          id
        , title
        , content
        , writer
        , view_cnt
        , notice_yn
        , delete_yn
        , created_date
        , modified_date

        ) VALUES (
              NULL
            , '818번 게시글 제목'
            , '818번 게시글 내용'
            , '테스터818'
            , 0
            , 0
            , 0
            , NOW()
            , NULL
        )

2023-04-12 12:42:11,265 DEBUG [com.study.domain.post.PostMapper.save] <==    Updates: 1
2023-04-12 12:42:11,265  INFO [jdbc.resultsettable] 
|----------|
|insert_id |
|----------|
|818       |
|----------|

2023-04-12 12:42:11,266 DEBUG [com.study.aop.LoggerAspect] Service ===> com.study.domain.post.PostService.savePost()
2023-04-12 12:42:11,266 DEBUG [com.study.aop.LoggerAspect] Mapper ===> com.study.domain.post.PostMapper.save()
2023-04-12 12:42:11,267 DEBUG [com.study.domain.post.PostMapper.save] ==>  Preparing: INSERT INTO tb_post ( id , title , content , writer , view_cnt , notice_yn , delete_yn , created_date , modified_date ) VALUES ( ? , ? , ? , ? , 0 , ? , 0 , NOW() , NULL )
2023-04-12 12:42:11,267 DEBUG [com.study.domain.post.PostMapper.save] ==> Parameters: null, 819번 게시글 제목(String), 819번 게시글 내용(String), 테스터819(String), false(Boolean)
2023-04-12 12:42:11,267  INFO [jdbc.sqlonly] INSERT INTO tb_post (

          id
        , title
        , content
        , writer
        , view_cnt
        , notice_yn
        , delete_yn
        , created_date
        , modified_date

        ) VALUES (
              NULL
            , '819번 게시글 제목'
            , '819번 게시글 내용'
            , '테스터819'
            , 0
            , 0
            , 0
            , NOW()
            , NULL
        )

2023-04-12 12:42:11,267 DEBUG [com.study.domain.post.PostMapper.save] <==    Updates: 1
2023-04-12 12:42:11,267  INFO [jdbc.resultsettable] 
|----------|
|insert_id |
|----------|
|819       |
|----------|

2023-04-12 12:42:11,268 DEBUG [com.study.aop.LoggerAspect] Service ===> com.study.domain.post.PostService.savePost()
2023-04-12 12:42:11,268 DEBUG [com.study.aop.LoggerAspect] Mapper ===> com.study.domain.post.PostMapper.save()
2023-04-12 12:42:11,268 DEBUG [com.study.domain.post.PostMapper.save] ==>  Preparing: INSERT INTO tb_post ( id , title , content , writer , view_cnt , notice_yn , delete_yn , created_date , modified_date ) VALUES ( ? , ? , ? , ? , 0 , ? , 0 , NOW() , NULL )
2023-04-12 12:42:11,269 DEBUG [com.study.domain.post.PostMapper.save] ==> Parameters: null, 820번 게시글 제목(String), 820번 게시글 내용(String), 테스터820(String), false(Boolean)
2023-04-12 12:42:11,269  INFO [jdbc.sqlonly] INSERT INTO tb_post (

          id
        , title
        , content
        , writer
        , view_cnt
        , notice_yn
        , delete_yn
        , created_date
        , modified_date

        ) VALUES (
              NULL
            , '820번 게시글 제목'
            , '820번 게시글 내용'
            , '테스터820'
            , 0
            , 0
            , 0
            , NOW()
            , NULL
        )

2023-04-12 12:42:11,269 DEBUG [com.study.domain.post.PostMapper.save] <==    Updates: 1
2023-04-12 12:42:11,269  INFO [jdbc.resultsettable] 
|----------|
|insert_id |
|----------|
|820       |
|----------|

2023-04-12 12:42:11,270 DEBUG [com.study.aop.LoggerAspect] Service ===> com.study.domain.post.PostService.savePost()
2023-04-12 12:42:11,270 DEBUG [com.study.aop.LoggerAspect] Mapper ===> com.study.domain.post.PostMapper.save()
2023-04-12 12:42:11,270 DEBUG [com.study.domain.post.PostMapper.save] ==>  Preparing: INSERT INTO tb_post ( id , title , content , writer , view_cnt , notice_yn , delete_yn , created_date , modified_date ) VALUES ( ? , ? , ? , ? , 0 , ? , 0 , NOW() , NULL )
2023-04-12 12:42:11,271 DEBUG [com.study.domain.post.PostMapper.save] ==> Parameters: null, 821번 게시글 제목(String), 821번 게시글 내용(String), 테스터821(String), false(Boolean)
2023-04-12 12:42:11,271  INFO [jdbc.sqlonly] INSERT INTO tb_post (

          id
        , title
        , content
        , writer
        , view_cnt
        , notice_yn
        , delete_yn
        , created_date
        , modified_date

        ) VALUES (
              NULL
            , '821번 게시글 제목'
            , '821번 게시글 내용'
            , '테스터821'
            , 0
            , 0
            , 0
            , NOW()
            , NULL
        )

2023-04-12 12:42:11,271 DEBUG [com.study.domain.post.PostMapper.save] <==    Updates: 1
2023-04-12 12:42:11,271  INFO [jdbc.resultsettable] 
|----------|
|insert_id |
|----------|
|821       |
|----------|

2023-04-12 12:42:11,274 DEBUG [com.study.aop.LoggerAspect] Service ===> com.study.domain.post.PostService.savePost()
2023-04-12 12:42:11,274 DEBUG [com.study.aop.LoggerAspect] Mapper ===> com.study.domain.post.PostMapper.save()
2023-04-12 12:42:11,274 DEBUG [com.study.domain.post.PostMapper.save] ==>  Preparing: INSERT INTO tb_post ( id , title , content , writer , view_cnt , notice_yn , delete_yn , created_date , modified_date ) VALUES ( ? , ? , ? , ? , 0 , ? , 0 , NOW() , NULL )
2023-04-12 12:42:11,274 DEBUG [com.study.domain.post.PostMapper.save] ==> Parameters: null, 822번 게시글 제목(String), 822번 게시글 내용(String), 테스터822(String), false(Boolean)
2023-04-12 12:42:11,274  INFO [jdbc.sqlonly] INSERT INTO tb_post (

          id
        , title
        , content
        , writer
        , view_cnt
        , notice_yn
        , delete_yn
        , created_date
        , modified_date

        ) VALUES (
              NULL
            , '822번 게시글 제목'
            , '822번 게시글 내용'
            , '테스터822'
            , 0
            , 0
            , 0
            , NOW()
            , NULL
        )

2023-04-12 12:42:11,275 DEBUG [com.study.domain.post.PostMapper.save] <==    Updates: 1
2023-04-12 12:42:11,275  INFO [jdbc.resultsettable] 
|----------|
|insert_id |
|----------|
|822       |
|----------|

2023-04-12 12:42:11,276 DEBUG [com.study.aop.LoggerAspect] Service ===> com.study.domain.post.PostService.savePost()
2023-04-12 12:42:11,276 DEBUG [com.study.aop.LoggerAspect] Mapper ===> com.study.domain.post.PostMapper.save()
2023-04-12 12:42:11,276 DEBUG [com.study.domain.post.PostMapper.save] ==>  Preparing: INSERT INTO tb_post ( id , title , content , writer , view_cnt , notice_yn , delete_yn , created_date , modified_date ) VALUES ( ? , ? , ? , ? , 0 , ? , 0 , NOW() , NULL )
2023-04-12 12:42:11,276 DEBUG [com.study.domain.post.PostMapper.save] ==> Parameters: null, 823번 게시글 제목(String), 823번 게시글 내용(String), 테스터823(String), false(Boolean)
2023-04-12 12:42:11,276  INFO [jdbc.sqlonly] INSERT INTO tb_post (

          id
        , title
        , content
        , writer
        , view_cnt
        , notice_yn
        , delete_yn
        , created_date
        , modified_date

        ) VALUES (
              NULL
            , '823번 게시글 제목'
            , '823번 게시글 내용'
            , '테스터823'
            , 0
            , 0
            , 0
            , NOW()
            , NULL
        )

2023-04-12 12:42:11,277 DEBUG [com.study.domain.post.PostMapper.save] <==    Updates: 1
2023-04-12 12:42:11,277  INFO [jdbc.resultsettable] 
|----------|
|insert_id |
|----------|
|823       |
|----------|

2023-04-12 12:42:11,278 DEBUG [com.study.aop.LoggerAspect] Service ===> com.study.domain.post.PostService.savePost()
2023-04-12 12:42:11,278 DEBUG [com.study.aop.LoggerAspect] Mapper ===> com.study.domain.post.PostMapper.save()
2023-04-12 12:42:11,278 DEBUG [com.study.domain.post.PostMapper.save] ==>  Preparing: INSERT INTO tb_post ( id , title , content , writer , view_cnt , notice_yn , delete_yn , created_date , modified_date ) VALUES ( ? , ? , ? , ? , 0 , ? , 0 , NOW() , NULL )
2023-04-12 12:42:11,278 DEBUG [com.study.domain.post.PostMapper.save] ==> Parameters: null, 824번 게시글 제목(String), 824번 게시글 내용(String), 테스터824(String), false(Boolean)
2023-04-12 12:42:11,278  INFO [jdbc.sqlonly] INSERT INTO tb_post (

          id
        , title
        , content
        , writer
        , view_cnt
        , notice_yn
        , delete_yn
        , created_date
        , modified_date

        ) VALUES (
              NULL
            , '824번 게시글 제목'
            , '824번 게시글 내용'
            , '테스터824'
            , 0
            , 0
            , 0
            , NOW()
            , NULL
        )

2023-04-12 12:42:11,279 DEBUG [com.study.domain.post.PostMapper.save] <==    Updates: 1
2023-04-12 12:42:11,279  INFO [jdbc.resultsettable] 
|----------|
|insert_id |
|----------|
|824       |
|----------|

2023-04-12 12:42:11,280 DEBUG [com.study.aop.LoggerAspect] Service ===> com.study.domain.post.PostService.savePost()
2023-04-12 12:42:11,280 DEBUG [com.study.aop.LoggerAspect] Mapper ===> com.study.domain.post.PostMapper.save()
2023-04-12 12:42:11,280 DEBUG [com.study.domain.post.PostMapper.save] ==>  Preparing: INSERT INTO tb_post ( id , title , content , writer , view_cnt , notice_yn , delete_yn , created_date , modified_date ) VALUES ( ? , ? , ? , ? , 0 , ? , 0 , NOW() , NULL )
2023-04-12 12:42:11,280 DEBUG [com.study.domain.post.PostMapper.save] ==> Parameters: null, 825번 게시글 제목(String), 825번 게시글 내용(String), 테스터825(String), false(Boolean)
2023-04-12 12:42:11,280  INFO [jdbc.sqlonly] INSERT INTO tb_post (

          id
        , title
        , content
        , writer
        , view_cnt
        , notice_yn
        , delete_yn
        , created_date
        , modified_date

        ) VALUES (
              NULL
            , '825번 게시글 제목'
            , '825번 게시글 내용'
            , '테스터825'
            , 0
            , 0
            , 0
            , NOW()
            , NULL
        )

2023-04-12 12:42:11,281 DEBUG [com.study.domain.post.PostMapper.save] <==    Updates: 1
2023-04-12 12:42:11,281  INFO [jdbc.resultsettable] 
|----------|
|insert_id |
|----------|
|825       |
|----------|

2023-04-12 12:42:11,282 DEBUG [com.study.aop.LoggerAspect] Service ===> com.study.domain.post.PostService.savePost()
2023-04-12 12:42:11,282 DEBUG [com.study.aop.LoggerAspect] Mapper ===> com.study.domain.post.PostMapper.save()
2023-04-12 12:42:11,282 DEBUG [com.study.domain.post.PostMapper.save] ==>  Preparing: INSERT INTO tb_post ( id , title , content , writer , view_cnt , notice_yn , delete_yn , created_date , modified_date ) VALUES ( ? , ? , ? , ? , 0 , ? , 0 , NOW() , NULL )
2023-04-12 12:42:11,282 DEBUG [com.study.domain.post.PostMapper.save] ==> Parameters: null, 826번 게시글 제목(String), 826번 게시글 내용(String), 테스터826(String), false(Boolean)
2023-04-12 12:42:11,282  INFO [jdbc.sqlonly] INSERT INTO tb_post (

          id
        , title
        , content
        , writer
        , view_cnt
        , notice_yn
        , delete_yn
        , created_date
        , modified_date

        ) VALUES (
              NULL
            , '826번 게시글 제목'
            , '826번 게시글 내용'
            , '테스터826'
            , 0
            , 0
            , 0
            , NOW()
            , NULL
        )

2023-04-12 12:42:11,283 DEBUG [com.study.domain.post.PostMapper.save] <==    Updates: 1
2023-04-12 12:42:11,283  INFO [jdbc.resultsettable] 
|----------|
|insert_id |
|----------|
|826       |
|----------|

2023-04-12 12:42:11,298 DEBUG [com.study.aop.LoggerAspect] Service ===> com.study.domain.post.PostService.savePost()
2023-04-12 12:42:11,298 DEBUG [com.study.aop.LoggerAspect] Mapper ===> com.study.domain.post.PostMapper.save()
2023-04-12 12:42:11,298 DEBUG [com.study.domain.post.PostMapper.save] ==>  Preparing: INSERT INTO tb_post ( id , title , content , writer , view_cnt , notice_yn , delete_yn , created_date , modified_date ) VALUES ( ? , ? , ? , ? , 0 , ? , 0 , NOW() , NULL )
2023-04-12 12:42:11,298 DEBUG [com.study.domain.post.PostMapper.save] ==> Parameters: null, 827번 게시글 제목(String), 827번 게시글 내용(String), 테스터827(String), false(Boolean)
2023-04-12 12:42:11,298  INFO [jdbc.sqlonly] INSERT INTO tb_post (

          id
        , title
        , content
        , writer
        , view_cnt
        , notice_yn
        , delete_yn
        , created_date
        , modified_date

        ) VALUES (
              NULL
            , '827번 게시글 제목'
            , '827번 게시글 내용'
            , '테스터827'
            , 0
            , 0
            , 0
            , NOW()
            , NULL
        )

2023-04-12 12:42:11,299 DEBUG [com.study.domain.post.PostMapper.save] <==    Updates: 1
2023-04-12 12:42:11,299  INFO [jdbc.resultsettable] 
|----------|
|insert_id |
|----------|
|827       |
|----------|

2023-04-12 12:42:11,490 DEBUG [com.study.aop.LoggerAspect] Service ===> com.study.domain.post.PostService.savePost()
2023-04-12 12:42:11,490 DEBUG [com.study.aop.LoggerAspect] Mapper ===> com.study.domain.post.PostMapper.save()
2023-04-12 12:42:11,490 DEBUG [com.study.domain.post.PostMapper.save] ==>  Preparing: INSERT INTO tb_post ( id , title , content , writer , view_cnt , notice_yn , delete_yn , created_date , modified_date ) VALUES ( ? , ? , ? , ? , 0 , ? , 0 , NOW() , NULL )
2023-04-12 12:42:11,490 DEBUG [com.study.domain.post.PostMapper.save] ==> Parameters: null, 828번 게시글 제목(String), 828번 게시글 내용(String), 테스터828(String), false(Boolean)
2023-04-12 12:42:11,490  INFO [jdbc.sqlonly] INSERT INTO tb_post (

          id
        , title
        , content
        , writer
        , view_cnt
        , notice_yn
        , delete_yn
        , created_date
        , modified_date

        ) VALUES (
              NULL
            , '828번 게시글 제목'
            , '828번 게시글 내용'
            , '테스터828'
            , 0
            , 0
            , 0
            , NOW()
            , NULL
        )

2023-04-12 12:42:11,519 DEBUG [com.study.domain.post.PostMapper.save] <==    Updates: 1
2023-04-12 12:42:11,520  INFO [jdbc.resultsettable] 
|----------|
|insert_id |
|----------|
|828       |
|----------|

2023-04-12 12:42:11,558 DEBUG [com.study.aop.LoggerAspect] Service ===> com.study.domain.post.PostService.savePost()
2023-04-12 12:42:11,558 DEBUG [com.study.aop.LoggerAspect] Mapper ===> com.study.domain.post.PostMapper.save()
2023-04-12 12:42:11,559 DEBUG [com.study.domain.post.PostMapper.save] ==>  Preparing: INSERT INTO tb_post ( id , title , content , writer , view_cnt , notice_yn , delete_yn , created_date , modified_date ) VALUES ( ? , ? , ? , ? , 0 , ? , 0 , NOW() , NULL )
2023-04-12 12:42:11,559 DEBUG [com.study.domain.post.PostMapper.save] ==> Parameters: null, 829번 게시글 제목(String), 829번 게시글 내용(String), 테스터829(String), false(Boolean)
2023-04-12 12:42:11,559  INFO [jdbc.sqlonly] INSERT INTO tb_post (

          id
        , title
        , content
        , writer
        , view_cnt
        , notice_yn
        , delete_yn
        , created_date
        , modified_date

        ) VALUES (
              NULL
            , '829번 게시글 제목'
            , '829번 게시글 내용'
            , '테스터829'
            , 0
            , 0
            , 0
            , NOW()
            , NULL
        )

2023-04-12 12:42:11,559 DEBUG [com.study.domain.post.PostMapper.save] <==    Updates: 1
2023-04-12 12:42:11,559  INFO [jdbc.resultsettable] 
|----------|
|insert_id |
|----------|
|829       |
|----------|

2023-04-12 12:42:11,561 DEBUG [com.study.aop.LoggerAspect] Service ===> com.study.domain.post.PostService.savePost()
2023-04-12 12:42:11,561 DEBUG [com.study.aop.LoggerAspect] Mapper ===> com.study.domain.post.PostMapper.save()
2023-04-12 12:42:11,561 DEBUG [com.study.domain.post.PostMapper.save] ==>  Preparing: INSERT INTO tb_post ( id , title , content , writer , view_cnt , notice_yn , delete_yn , created_date , modified_date ) VALUES ( ? , ? , ? , ? , 0 , ? , 0 , NOW() , NULL )
2023-04-12 12:42:11,561 DEBUG [com.study.domain.post.PostMapper.save] ==> Parameters: null, 830번 게시글 제목(String), 830번 게시글 내용(String), 테스터830(String), false(Boolean)
2023-04-12 12:42:11,561  INFO [jdbc.sqlonly] INSERT INTO tb_post (

          id
        , title
        , content
        , writer
        , view_cnt
        , notice_yn
        , delete_yn
        , created_date
        , modified_date

        ) VALUES (
              NULL
            , '830번 게시글 제목'
            , '830번 게시글 내용'
            , '테스터830'
            , 0
            , 0
            , 0
            , NOW()
            , NULL
        )

2023-04-12 12:42:11,561 DEBUG [com.study.domain.post.PostMapper.save] <==    Updates: 1
2023-04-12 12:42:11,562  INFO [jdbc.resultsettable] 
|----------|
|insert_id |
|----------|
|830       |
|----------|

2023-04-12 12:42:11,563 DEBUG [com.study.aop.LoggerAspect] Service ===> com.study.domain.post.PostService.savePost()
2023-04-12 12:42:11,563 DEBUG [com.study.aop.LoggerAspect] Mapper ===> com.study.domain.post.PostMapper.save()
2023-04-12 12:42:11,563 DEBUG [com.study.domain.post.PostMapper.save] ==>  Preparing: INSERT INTO tb_post ( id , title , content , writer , view_cnt , notice_yn , delete_yn , created_date , modified_date ) VALUES ( ? , ? , ? , ? , 0 , ? , 0 , NOW() , NULL )
2023-04-12 12:42:11,563 DEBUG [com.study.domain.post.PostMapper.save] ==> Parameters: null, 831번 게시글 제목(String), 831번 게시글 내용(String), 테스터831(String), false(Boolean)
2023-04-12 12:42:11,563  INFO [jdbc.sqlonly] INSERT INTO tb_post (

          id
        , title
        , content
        , writer
        , view_cnt
        , notice_yn
        , delete_yn
        , created_date
        , modified_date

        ) VALUES (
              NULL
            , '831번 게시글 제목'
            , '831번 게시글 내용'
            , '테스터831'
            , 0
            , 0
            , 0
            , NOW()
            , NULL
        )

2023-04-12 12:42:11,563 DEBUG [com.study.domain.post.PostMapper.save] <==    Updates: 1
2023-04-12 12:42:11,563  INFO [jdbc.resultsettable] 
|----------|
|insert_id |
|----------|
|831       |
|----------|

2023-04-12 12:42:11,565 DEBUG [com.study.aop.LoggerAspect] Service ===> com.study.domain.post.PostService.savePost()
2023-04-12 12:42:11,565 DEBUG [com.study.aop.LoggerAspect] Mapper ===> com.study.domain.post.PostMapper.save()
2023-04-12 12:42:11,565 DEBUG [com.study.domain.post.PostMapper.save] ==>  Preparing: INSERT INTO tb_post ( id , title , content , writer , view_cnt , notice_yn , delete_yn , created_date , modified_date ) VALUES ( ? , ? , ? , ? , 0 , ? , 0 , NOW() , NULL )
2023-04-12 12:42:11,565 DEBUG [com.study.domain.post.PostMapper.save] ==> Parameters: null, 832번 게시글 제목(String), 832번 게시글 내용(String), 테스터832(String), false(Boolean)
2023-04-12 12:42:11,565  INFO [jdbc.sqlonly] INSERT INTO tb_post (

          id
        , title
        , content
        , writer
        , view_cnt
        , notice_yn
        , delete_yn
        , created_date
        , modified_date

        ) VALUES (
              NULL
            , '832번 게시글 제목'
            , '832번 게시글 내용'
            , '테스터832'
            , 0
            , 0
            , 0
            , NOW()
            , NULL
        )

2023-04-12 12:42:11,565 DEBUG [com.study.domain.post.PostMapper.save] <==    Updates: 1
2023-04-12 12:42:11,566  INFO [jdbc.resultsettable] 
|----------|
|insert_id |
|----------|
|832       |
|----------|

2023-04-12 12:42:11,570 DEBUG [com.study.aop.LoggerAspect] Service ===> com.study.domain.post.PostService.savePost()
2023-04-12 12:42:11,570 DEBUG [com.study.aop.LoggerAspect] Mapper ===> com.study.domain.post.PostMapper.save()
2023-04-12 12:42:11,570 DEBUG [com.study.domain.post.PostMapper.save] ==>  Preparing: INSERT INTO tb_post ( id , title , content , writer , view_cnt , notice_yn , delete_yn , created_date , modified_date ) VALUES ( ? , ? , ? , ? , 0 , ? , 0 , NOW() , NULL )
2023-04-12 12:42:11,570 DEBUG [com.study.domain.post.PostMapper.save] ==> Parameters: null, 833번 게시글 제목(String), 833번 게시글 내용(String), 테스터833(String), false(Boolean)
2023-04-12 12:42:11,570  INFO [jdbc.sqlonly] INSERT INTO tb_post (

          id
        , title
        , content
        , writer
        , view_cnt
        , notice_yn
        , delete_yn
        , created_date
        , modified_date

        ) VALUES (
              NULL
            , '833번 게시글 제목'
            , '833번 게시글 내용'
            , '테스터833'
            , 0
            , 0
            , 0
            , NOW()
            , NULL
        )

2023-04-12 12:42:11,652 DEBUG [com.study.domain.post.PostMapper.save] <==    Updates: 1
2023-04-12 12:42:11,653  INFO [jdbc.resultsettable] 
|----------|
|insert_id |
|----------|
|833       |
|----------|

2023-04-12 12:42:11,775 DEBUG [com.study.aop.LoggerAspect] Service ===> com.study.domain.post.PostService.savePost()
2023-04-12 12:42:11,775 DEBUG [com.study.aop.LoggerAspect] Mapper ===> com.study.domain.post.PostMapper.save()
2023-04-12 12:42:11,775 DEBUG [com.study.domain.post.PostMapper.save] ==>  Preparing: INSERT INTO tb_post ( id , title , content , writer , view_cnt , notice_yn , delete_yn , created_date , modified_date ) VALUES ( ? , ? , ? , ? , 0 , ? , 0 , NOW() , NULL )
2023-04-12 12:42:11,776 DEBUG [com.study.domain.post.PostMapper.save] ==> Parameters: null, 834번 게시글 제목(String), 834번 게시글 내용(String), 테스터834(String), false(Boolean)
2023-04-12 12:42:11,776  INFO [jdbc.sqlonly] INSERT INTO tb_post (

          id
        , title
        , content
        , writer
        , view_cnt
        , notice_yn
        , delete_yn
        , created_date
        , modified_date

        ) VALUES (
              NULL
            , '834번 게시글 제목'
            , '834번 게시글 내용'
            , '테스터834'
            , 0
            , 0
            , 0
            , NOW()
            , NULL
        )

2023-04-12 12:42:11,786 DEBUG [com.study.domain.post.PostMapper.save] <==    Updates: 1
2023-04-12 12:42:11,786  INFO [jdbc.resultsettable] 
|----------|
|insert_id |
|----------|
|834       |
|----------|

2023-04-12 12:42:11,881 DEBUG [com.study.aop.LoggerAspect] Service ===> com.study.domain.post.PostService.savePost()
2023-04-12 12:42:11,881 DEBUG [com.study.aop.LoggerAspect] Mapper ===> com.study.domain.post.PostMapper.save()
2023-04-12 12:42:11,881 DEBUG [com.study.domain.post.PostMapper.save] ==>  Preparing: INSERT INTO tb_post ( id , title , content , writer , view_cnt , notice_yn , delete_yn , created_date , modified_date ) VALUES ( ? , ? , ? , ? , 0 , ? , 0 , NOW() , NULL )
2023-04-12 12:42:11,881 DEBUG [com.study.domain.post.PostMapper.save] ==> Parameters: null, 835번 게시글 제목(String), 835번 게시글 내용(String), 테스터835(String), false(Boolean)
2023-04-12 12:42:11,881  INFO [jdbc.sqlonly] INSERT INTO tb_post (

          id
        , title
        , content
        , writer
        , view_cnt
        , notice_yn
        , delete_yn
        , created_date
        , modified_date

        ) VALUES (
              NULL
            , '835번 게시글 제목'
            , '835번 게시글 내용'
            , '테스터835'
            , 0
            , 0
            , 0
            , NOW()
            , NULL
        )

2023-04-12 12:42:11,890 DEBUG [com.study.domain.post.PostMapper.save] <==    Updates: 1
2023-04-12 12:42:11,890  INFO [jdbc.resultsettable] 
|----------|
|insert_id |
|----------|
|835       |
|----------|

2023-04-12 12:42:11,892 DEBUG [com.study.aop.LoggerAspect] Service ===> com.study.domain.post.PostService.savePost()
2023-04-12 12:42:11,892 DEBUG [com.study.aop.LoggerAspect] Mapper ===> com.study.domain.post.PostMapper.save()
2023-04-12 12:42:11,892 DEBUG [com.study.domain.post.PostMapper.save] ==>  Preparing: INSERT INTO tb_post ( id , title , content , writer , view_cnt , notice_yn , delete_yn , created_date , modified_date ) VALUES ( ? , ? , ? , ? , 0 , ? , 0 , NOW() , NULL )
2023-04-12 12:42:11,892 DEBUG [com.study.domain.post.PostMapper.save] ==> Parameters: null, 836번 게시글 제목(String), 836번 게시글 내용(String), 테스터836(String), false(Boolean)
2023-04-12 12:42:11,892  INFO [jdbc.sqlonly] INSERT INTO tb_post (

          id
        , title
        , content
        , writer
        , view_cnt
        , notice_yn
        , delete_yn
        , created_date
        , modified_date

        ) VALUES (
              NULL
            , '836번 게시글 제목'
            , '836번 게시글 내용'
            , '테스터836'
            , 0
            , 0
            , 0
            , NOW()
            , NULL
        )

2023-04-12 12:42:11,893 DEBUG [com.study.domain.post.PostMapper.save] <==    Updates: 1
2023-04-12 12:42:11,893  INFO [jdbc.resultsettable] 
|----------|
|insert_id |
|----------|
|836       |
|----------|

2023-04-12 12:42:11,895 DEBUG [com.study.aop.LoggerAspect] Service ===> com.study.domain.post.PostService.savePost()
2023-04-12 12:42:11,895 DEBUG [com.study.aop.LoggerAspect] Mapper ===> com.study.domain.post.PostMapper.save()
2023-04-12 12:42:11,895 DEBUG [com.study.domain.post.PostMapper.save] ==>  Preparing: INSERT INTO tb_post ( id , title , content , writer , view_cnt , notice_yn , delete_yn , created_date , modified_date ) VALUES ( ? , ? , ? , ? , 0 , ? , 0 , NOW() , NULL )
2023-04-12 12:42:11,895 DEBUG [com.study.domain.post.PostMapper.save] ==> Parameters: null, 837번 게시글 제목(String), 837번 게시글 내용(String), 테스터837(String), false(Boolean)
2023-04-12 12:42:11,895  INFO [jdbc.sqlonly] INSERT INTO tb_post (

          id
        , title
        , content
        , writer
        , view_cnt
        , notice_yn
        , delete_yn
        , created_date
        , modified_date

        ) VALUES (
              NULL
            , '837번 게시글 제목'
            , '837번 게시글 내용'
            , '테스터837'
            , 0
            , 0
            , 0
            , NOW()
            , NULL
        )

2023-04-12 12:42:11,896 DEBUG [com.study.domain.post.PostMapper.save] <==    Updates: 1
2023-04-12 12:42:11,896  INFO [jdbc.resultsettable] 
|----------|
|insert_id |
|----------|
|837       |
|----------|

2023-04-12 12:42:11,898 DEBUG [com.study.aop.LoggerAspect] Service ===> com.study.domain.post.PostService.savePost()
2023-04-12 12:42:11,898 DEBUG [com.study.aop.LoggerAspect] Mapper ===> com.study.domain.post.PostMapper.save()
2023-04-12 12:42:11,898 DEBUG [com.study.domain.post.PostMapper.save] ==>  Preparing: INSERT INTO tb_post ( id , title , content , writer , view_cnt , notice_yn , delete_yn , created_date , modified_date ) VALUES ( ? , ? , ? , ? , 0 , ? , 0 , NOW() , NULL )
2023-04-12 12:42:11,898 DEBUG [com.study.domain.post.PostMapper.save] ==> Parameters: null, 838번 게시글 제목(String), 838번 게시글 내용(String), 테스터838(String), false(Boolean)
2023-04-12 12:42:11,898  INFO [jdbc.sqlonly] INSERT INTO tb_post (

          id
        , title
        , content
        , writer
        , view_cnt
        , notice_yn
        , delete_yn
        , created_date
        , modified_date

        ) VALUES (
              NULL
            , '838번 게시글 제목'
            , '838번 게시글 내용'
            , '테스터838'
            , 0
            , 0
            , 0
            , NOW()
            , NULL
        )

2023-04-12 12:42:11,898 DEBUG [com.study.domain.post.PostMapper.save] <==    Updates: 1
2023-04-12 12:42:11,898  INFO [jdbc.resultsettable] 
|----------|
|insert_id |
|----------|
|838       |
|----------|

2023-04-12 12:42:11,899 DEBUG [com.study.aop.LoggerAspect] Service ===> com.study.domain.post.PostService.savePost()
2023-04-12 12:42:11,900 DEBUG [com.study.aop.LoggerAspect] Mapper ===> com.study.domain.post.PostMapper.save()
2023-04-12 12:42:11,900 DEBUG [com.study.domain.post.PostMapper.save] ==>  Preparing: INSERT INTO tb_post ( id , title , content , writer , view_cnt , notice_yn , delete_yn , created_date , modified_date ) VALUES ( ? , ? , ? , ? , 0 , ? , 0 , NOW() , NULL )
2023-04-12 12:42:11,900 DEBUG [com.study.domain.post.PostMapper.save] ==> Parameters: null, 839번 게시글 제목(String), 839번 게시글 내용(String), 테스터839(String), false(Boolean)
2023-04-12 12:42:11,900  INFO [jdbc.sqlonly] INSERT INTO tb_post (

          id
        , title
        , content
        , writer
        , view_cnt
        , notice_yn
        , delete_yn
        , created_date
        , modified_date

        ) VALUES (
              NULL
            , '839번 게시글 제목'
            , '839번 게시글 내용'
            , '테스터839'
            , 0
            , 0
            , 0
            , NOW()
            , NULL
        )

2023-04-12 12:42:11,900 DEBUG [com.study.domain.post.PostMapper.save] <==    Updates: 1
2023-04-12 12:42:11,900  INFO [jdbc.resultsettable] 
|----------|
|insert_id |
|----------|
|839       |
|----------|

2023-04-12 12:42:11,902 DEBUG [com.study.aop.LoggerAspect] Service ===> com.study.domain.post.PostService.savePost()
2023-04-12 12:42:11,902 DEBUG [com.study.aop.LoggerAspect] Mapper ===> com.study.domain.post.PostMapper.save()
2023-04-12 12:42:11,902 DEBUG [com.study.domain.post.PostMapper.save] ==>  Preparing: INSERT INTO tb_post ( id , title , content , writer , view_cnt , notice_yn , delete_yn , created_date , modified_date ) VALUES ( ? , ? , ? , ? , 0 , ? , 0 , NOW() , NULL )
2023-04-12 12:42:11,902 DEBUG [com.study.domain.post.PostMapper.save] ==> Parameters: null, 840번 게시글 제목(String), 840번 게시글 내용(String), 테스터840(String), false(Boolean)
2023-04-12 12:42:11,902  INFO [jdbc.sqlonly] INSERT INTO tb_post (

          id
        , title
        , content
        , writer
        , view_cnt
        , notice_yn
        , delete_yn
        , created_date
        , modified_date

        ) VALUES (
              NULL
            , '840번 게시글 제목'
            , '840번 게시글 내용'
            , '테스터840'
            , 0
            , 0
            , 0
            , NOW()
            , NULL
        )

2023-04-12 12:42:11,902 DEBUG [com.study.domain.post.PostMapper.save] <==    Updates: 1
2023-04-12 12:42:11,902  INFO [jdbc.resultsettable] 
|----------|
|insert_id |
|----------|
|840       |
|----------|

2023-04-12 12:42:11,904 DEBUG [com.study.aop.LoggerAspect] Service ===> com.study.domain.post.PostService.savePost()
2023-04-12 12:42:11,904 DEBUG [com.study.aop.LoggerAspect] Mapper ===> com.study.domain.post.PostMapper.save()
2023-04-12 12:42:11,905 DEBUG [com.study.domain.post.PostMapper.save] ==>  Preparing: INSERT INTO tb_post ( id , title , content , writer , view_cnt , notice_yn , delete_yn , created_date , modified_date ) VALUES ( ? , ? , ? , ? , 0 , ? , 0 , NOW() , NULL )
2023-04-12 12:42:11,905 DEBUG [com.study.domain.post.PostMapper.save] ==> Parameters: null, 841번 게시글 제목(String), 841번 게시글 내용(String), 테스터841(String), false(Boolean)
2023-04-12 12:42:11,905  INFO [jdbc.sqlonly] INSERT INTO tb_post (

          id
        , title
        , content
        , writer
        , view_cnt
        , notice_yn
        , delete_yn
        , created_date
        , modified_date

        ) VALUES (
              NULL
            , '841번 게시글 제목'
            , '841번 게시글 내용'
            , '테스터841'
            , 0
            , 0
            , 0
            , NOW()
            , NULL
        )

2023-04-12 12:42:11,905 DEBUG [com.study.domain.post.PostMapper.save] <==    Updates: 1
2023-04-12 12:42:11,906  INFO [jdbc.resultsettable] 
|----------|
|insert_id |
|----------|
|841       |
|----------|

2023-04-12 12:42:11,908 DEBUG [com.study.aop.LoggerAspect] Service ===> com.study.domain.post.PostService.savePost()
2023-04-12 12:42:11,908 DEBUG [com.study.aop.LoggerAspect] Mapper ===> com.study.domain.post.PostMapper.save()
2023-04-12 12:42:11,908 DEBUG [com.study.domain.post.PostMapper.save] ==>  Preparing: INSERT INTO tb_post ( id , title , content , writer , view_cnt , notice_yn , delete_yn , created_date , modified_date ) VALUES ( ? , ? , ? , ? , 0 , ? , 0 , NOW() , NULL )
2023-04-12 12:42:11,908 DEBUG [com.study.domain.post.PostMapper.save] ==> Parameters: null, 842번 게시글 제목(String), 842번 게시글 내용(String), 테스터842(String), false(Boolean)
2023-04-12 12:42:11,908  INFO [jdbc.sqlonly] INSERT INTO tb_post (

          id
        , title
        , content
        , writer
        , view_cnt
        , notice_yn
        , delete_yn
        , created_date
        , modified_date

        ) VALUES (
              NULL
            , '842번 게시글 제목'
            , '842번 게시글 내용'
            , '테스터842'
            , 0
            , 0
            , 0
            , NOW()
            , NULL
        )

2023-04-12 12:42:11,908 DEBUG [com.study.domain.post.PostMapper.save] <==    Updates: 1
2023-04-12 12:42:11,908  INFO [jdbc.resultsettable] 
|----------|
|insert_id |
|----------|
|842       |
|----------|

2023-04-12 12:42:11,910 DEBUG [com.study.aop.LoggerAspect] Service ===> com.study.domain.post.PostService.savePost()
2023-04-12 12:42:11,910 DEBUG [com.study.aop.LoggerAspect] Mapper ===> com.study.domain.post.PostMapper.save()
2023-04-12 12:42:11,911 DEBUG [com.study.domain.post.PostMapper.save] ==>  Preparing: INSERT INTO tb_post ( id , title , content , writer , view_cnt , notice_yn , delete_yn , created_date , modified_date ) VALUES ( ? , ? , ? , ? , 0 , ? , 0 , NOW() , NULL )
2023-04-12 12:42:11,911 DEBUG [com.study.domain.post.PostMapper.save] ==> Parameters: null, 843번 게시글 제목(String), 843번 게시글 내용(String), 테스터843(String), false(Boolean)
2023-04-12 12:42:11,911  INFO [jdbc.sqlonly] INSERT INTO tb_post (

          id
        , title
        , content
        , writer
        , view_cnt
        , notice_yn
        , delete_yn
        , created_date
        , modified_date

        ) VALUES (
              NULL
            , '843번 게시글 제목'
            , '843번 게시글 내용'
            , '테스터843'
            , 0
            , 0
            , 0
            , NOW()
            , NULL
        )

2023-04-12 12:42:11,911 DEBUG [com.study.domain.post.PostMapper.save] <==    Updates: 1
2023-04-12 12:42:11,911  INFO [jdbc.resultsettable] 
|----------|
|insert_id |
|----------|
|843       |
|----------|

2023-04-12 12:42:11,927 DEBUG [com.study.aop.LoggerAspect] Service ===> com.study.domain.post.PostService.savePost()
2023-04-12 12:42:11,927 DEBUG [com.study.aop.LoggerAspect] Mapper ===> com.study.domain.post.PostMapper.save()
2023-04-12 12:42:11,928 DEBUG [com.study.domain.post.PostMapper.save] ==>  Preparing: INSERT INTO tb_post ( id , title , content , writer , view_cnt , notice_yn , delete_yn , created_date , modified_date ) VALUES ( ? , ? , ? , ? , 0 , ? , 0 , NOW() , NULL )
2023-04-12 12:42:11,928 DEBUG [com.study.domain.post.PostMapper.save] ==> Parameters: null, 844번 게시글 제목(String), 844번 게시글 내용(String), 테스터844(String), false(Boolean)
2023-04-12 12:42:11,928  INFO [jdbc.sqlonly] INSERT INTO tb_post (

          id
        , title
        , content
        , writer
        , view_cnt
        , notice_yn
        , delete_yn
        , created_date
        , modified_date

        ) VALUES (
              NULL
            , '844번 게시글 제목'
            , '844번 게시글 내용'
            , '테스터844'
            , 0
            , 0
            , 0
            , NOW()
            , NULL
        )

2023-04-12 12:42:11,929 DEBUG [com.study.domain.post.PostMapper.save] <==    Updates: 1
2023-04-12 12:42:11,929  INFO [jdbc.resultsettable] 
|----------|
|insert_id |
|----------|
|844       |
|----------|

2023-04-12 12:42:11,931 DEBUG [com.study.aop.LoggerAspect] Service ===> com.study.domain.post.PostService.savePost()
2023-04-12 12:42:11,931 DEBUG [com.study.aop.LoggerAspect] Mapper ===> com.study.domain.post.PostMapper.save()
2023-04-12 12:42:11,931 DEBUG [com.study.domain.post.PostMapper.save] ==>  Preparing: INSERT INTO tb_post ( id , title , content , writer , view_cnt , notice_yn , delete_yn , created_date , modified_date ) VALUES ( ? , ? , ? , ? , 0 , ? , 0 , NOW() , NULL )
2023-04-12 12:42:11,931 DEBUG [com.study.domain.post.PostMapper.save] ==> Parameters: null, 845번 게시글 제목(String), 845번 게시글 내용(String), 테스터845(String), false(Boolean)
2023-04-12 12:42:11,931  INFO [jdbc.sqlonly] INSERT INTO tb_post (

          id
        , title
        , content
        , writer
        , view_cnt
        , notice_yn
        , delete_yn
        , created_date
        , modified_date

        ) VALUES (
              NULL
            , '845번 게시글 제목'
            , '845번 게시글 내용'
            , '테스터845'
            , 0
            , 0
            , 0
            , NOW()
            , NULL
        )

2023-04-12 12:42:11,931 DEBUG [com.study.domain.post.PostMapper.save] <==    Updates: 1
2023-04-12 12:42:11,931  INFO [jdbc.resultsettable] 
|----------|
|insert_id |
|----------|
|845       |
|----------|

2023-04-12 12:42:11,933 DEBUG [com.study.aop.LoggerAspect] Service ===> com.study.domain.post.PostService.savePost()
2023-04-12 12:42:11,933 DEBUG [com.study.aop.LoggerAspect] Mapper ===> com.study.domain.post.PostMapper.save()
2023-04-12 12:42:11,933 DEBUG [com.study.domain.post.PostMapper.save] ==>  Preparing: INSERT INTO tb_post ( id , title , content , writer , view_cnt , notice_yn , delete_yn , created_date , modified_date ) VALUES ( ? , ? , ? , ? , 0 , ? , 0 , NOW() , NULL )
2023-04-12 12:42:11,933 DEBUG [com.study.domain.post.PostMapper.save] ==> Parameters: null, 846번 게시글 제목(String), 846번 게시글 내용(String), 테스터846(String), false(Boolean)
2023-04-12 12:42:11,933  INFO [jdbc.sqlonly] INSERT INTO tb_post (

          id
        , title
        , content
        , writer
        , view_cnt
        , notice_yn
        , delete_yn
        , created_date
        , modified_date

        ) VALUES (
              NULL
            , '846번 게시글 제목'
            , '846번 게시글 내용'
            , '테스터846'
            , 0
            , 0
            , 0
            , NOW()
            , NULL
        )

2023-04-12 12:42:11,934 DEBUG [com.study.domain.post.PostMapper.save] <==    Updates: 1
2023-04-12 12:42:11,934  INFO [jdbc.resultsettable] 
|----------|
|insert_id |
|----------|
|846       |
|----------|

2023-04-12 12:42:11,935 DEBUG [com.study.aop.LoggerAspect] Service ===> com.study.domain.post.PostService.savePost()
2023-04-12 12:42:11,935 DEBUG [com.study.aop.LoggerAspect] Mapper ===> com.study.domain.post.PostMapper.save()
2023-04-12 12:42:11,935 DEBUG [com.study.domain.post.PostMapper.save] ==>  Preparing: INSERT INTO tb_post ( id , title , content , writer , view_cnt , notice_yn , delete_yn , created_date , modified_date ) VALUES ( ? , ? , ? , ? , 0 , ? , 0 , NOW() , NULL )
2023-04-12 12:42:11,936 DEBUG [com.study.domain.post.PostMapper.save] ==> Parameters: null, 847번 게시글 제목(String), 847번 게시글 내용(String), 테스터847(String), false(Boolean)
2023-04-12 12:42:11,936  INFO [jdbc.sqlonly] INSERT INTO tb_post (

          id
        , title
        , content
        , writer
        , view_cnt
        , notice_yn
        , delete_yn
        , created_date
        , modified_date

        ) VALUES (
              NULL
            , '847번 게시글 제목'
            , '847번 게시글 내용'
            , '테스터847'
            , 0
            , 0
            , 0
            , NOW()
            , NULL
        )

2023-04-12 12:42:11,936 DEBUG [com.study.domain.post.PostMapper.save] <==    Updates: 1
2023-04-12 12:42:11,936  INFO [jdbc.resultsettable] 
|----------|
|insert_id |
|----------|
|847       |
|----------|

2023-04-12 12:42:11,938 DEBUG [com.study.aop.LoggerAspect] Service ===> com.study.domain.post.PostService.savePost()
2023-04-12 12:42:11,938 DEBUG [com.study.aop.LoggerAspect] Mapper ===> com.study.domain.post.PostMapper.save()
2023-04-12 12:42:11,938 DEBUG [com.study.domain.post.PostMapper.save] ==>  Preparing: INSERT INTO tb_post ( id , title , content , writer , view_cnt , notice_yn , delete_yn , created_date , modified_date ) VALUES ( ? , ? , ? , ? , 0 , ? , 0 , NOW() , NULL )
2023-04-12 12:42:11,938 DEBUG [com.study.domain.post.PostMapper.save] ==> Parameters: null, 848번 게시글 제목(String), 848번 게시글 내용(String), 테스터848(String), false(Boolean)
2023-04-12 12:42:11,938  INFO [jdbc.sqlonly] INSERT INTO tb_post (

          id
        , title
        , content
        , writer
        , view_cnt
        , notice_yn
        , delete_yn
        , created_date
        , modified_date

        ) VALUES (
              NULL
            , '848번 게시글 제목'
            , '848번 게시글 내용'
            , '테스터848'
            , 0
            , 0
            , 0
            , NOW()
            , NULL
        )

2023-04-12 12:42:11,938 DEBUG [com.study.domain.post.PostMapper.save] <==    Updates: 1
2023-04-12 12:42:11,939  INFO [jdbc.resultsettable] 
|----------|
|insert_id |
|----------|
|848       |
|----------|

2023-04-12 12:42:11,940 DEBUG [com.study.aop.LoggerAspect] Service ===> com.study.domain.post.PostService.savePost()
2023-04-12 12:42:11,940 DEBUG [com.study.aop.LoggerAspect] Mapper ===> com.study.domain.post.PostMapper.save()
2023-04-12 12:42:11,940 DEBUG [com.study.domain.post.PostMapper.save] ==>  Preparing: INSERT INTO tb_post ( id , title , content , writer , view_cnt , notice_yn , delete_yn , created_date , modified_date ) VALUES ( ? , ? , ? , ? , 0 , ? , 0 , NOW() , NULL )
2023-04-12 12:42:11,940 DEBUG [com.study.domain.post.PostMapper.save] ==> Parameters: null, 849번 게시글 제목(String), 849번 게시글 내용(String), 테스터849(String), false(Boolean)
2023-04-12 12:42:11,940  INFO [jdbc.sqlonly] INSERT INTO tb_post (

          id
        , title
        , content
        , writer
        , view_cnt
        , notice_yn
        , delete_yn
        , created_date
        , modified_date

        ) VALUES (
              NULL
            , '849번 게시글 제목'
            , '849번 게시글 내용'
            , '테스터849'
            , 0
            , 0
            , 0
            , NOW()
            , NULL
        )

2023-04-12 12:42:11,941 DEBUG [com.study.domain.post.PostMapper.save] <==    Updates: 1
2023-04-12 12:42:11,941  INFO [jdbc.resultsettable] 
|----------|
|insert_id |
|----------|
|849       |
|----------|

2023-04-12 12:42:11,942 DEBUG [com.study.aop.LoggerAspect] Service ===> com.study.domain.post.PostService.savePost()
2023-04-12 12:42:11,942 DEBUG [com.study.aop.LoggerAspect] Mapper ===> com.study.domain.post.PostMapper.save()
2023-04-12 12:42:11,942 DEBUG [com.study.domain.post.PostMapper.save] ==>  Preparing: INSERT INTO tb_post ( id , title , content , writer , view_cnt , notice_yn , delete_yn , created_date , modified_date ) VALUES ( ? , ? , ? , ? , 0 , ? , 0 , NOW() , NULL )
2023-04-12 12:42:11,942 DEBUG [com.study.domain.post.PostMapper.save] ==> Parameters: null, 850번 게시글 제목(String), 850번 게시글 내용(String), 테스터850(String), false(Boolean)
2023-04-12 12:42:11,942  INFO [jdbc.sqlonly] INSERT INTO tb_post (

          id
        , title
        , content
        , writer
        , view_cnt
        , notice_yn
        , delete_yn
        , created_date
        , modified_date

        ) VALUES (
              NULL
            , '850번 게시글 제목'
            , '850번 게시글 내용'
            , '테스터850'
            , 0
            , 0
            , 0
            , NOW()
            , NULL
        )

2023-04-12 12:42:11,943 DEBUG [com.study.domain.post.PostMapper.save] <==    Updates: 1
2023-04-12 12:42:11,943  INFO [jdbc.resultsettable] 
|----------|
|insert_id |
|----------|
|850       |
|----------|

2023-04-12 12:42:11,944 DEBUG [com.study.aop.LoggerAspect] Service ===> com.study.domain.post.PostService.savePost()
2023-04-12 12:42:11,944 DEBUG [com.study.aop.LoggerAspect] Mapper ===> com.study.domain.post.PostMapper.save()
2023-04-12 12:42:11,944 DEBUG [com.study.domain.post.PostMapper.save] ==>  Preparing: INSERT INTO tb_post ( id , title , content , writer , view_cnt , notice_yn , delete_yn , created_date , modified_date ) VALUES ( ? , ? , ? , ? , 0 , ? , 0 , NOW() , NULL )
2023-04-12 12:42:11,944 DEBUG [com.study.domain.post.PostMapper.save] ==> Parameters: null, 851번 게시글 제목(String), 851번 게시글 내용(String), 테스터851(String), false(Boolean)
2023-04-12 12:42:11,944  INFO [jdbc.sqlonly] INSERT INTO tb_post (

          id
        , title
        , content
        , writer
        , view_cnt
        , notice_yn
        , delete_yn
        , created_date
        , modified_date

        ) VALUES (
              NULL
            , '851번 게시글 제목'
            , '851번 게시글 내용'
            , '테스터851'
            , 0
            , 0
            , 0
            , NOW()
            , NULL
        )

2023-04-12 12:42:11,945 DEBUG [com.study.domain.post.PostMapper.save] <==    Updates: 1
2023-04-12 12:42:11,945  INFO [jdbc.resultsettable] 
|----------|
|insert_id |
|----------|
|851       |
|----------|

2023-04-12 12:42:11,949 DEBUG [com.study.aop.LoggerAspect] Service ===> com.study.domain.post.PostService.savePost()
2023-04-12 12:42:11,949 DEBUG [com.study.aop.LoggerAspect] Mapper ===> com.study.domain.post.PostMapper.save()
2023-04-12 12:42:11,949 DEBUG [com.study.domain.post.PostMapper.save] ==>  Preparing: INSERT INTO tb_post ( id , title , content , writer , view_cnt , notice_yn , delete_yn , created_date , modified_date ) VALUES ( ? , ? , ? , ? , 0 , ? , 0 , NOW() , NULL )
2023-04-12 12:42:11,949 DEBUG [com.study.domain.post.PostMapper.save] ==> Parameters: null, 852번 게시글 제목(String), 852번 게시글 내용(String), 테스터852(String), false(Boolean)
2023-04-12 12:42:11,949  INFO [jdbc.sqlonly] INSERT INTO tb_post (

          id
        , title
        , content
        , writer
        , view_cnt
        , notice_yn
        , delete_yn
        , created_date
        , modified_date

        ) VALUES (
              NULL
            , '852번 게시글 제목'
            , '852번 게시글 내용'
            , '테스터852'
            , 0
            , 0
            , 0
            , NOW()
            , NULL
        )

2023-04-12 12:42:11,949 DEBUG [com.study.domain.post.PostMapper.save] <==    Updates: 1
2023-04-12 12:42:11,949  INFO [jdbc.resultsettable] 
|----------|
|insert_id |
|----------|
|852       |
|----------|

2023-04-12 12:42:11,951 DEBUG [com.study.aop.LoggerAspect] Service ===> com.study.domain.post.PostService.savePost()
2023-04-12 12:42:11,951 DEBUG [com.study.aop.LoggerAspect] Mapper ===> com.study.domain.post.PostMapper.save()
2023-04-12 12:42:11,951 DEBUG [com.study.domain.post.PostMapper.save] ==>  Preparing: INSERT INTO tb_post ( id , title , content , writer , view_cnt , notice_yn , delete_yn , created_date , modified_date ) VALUES ( ? , ? , ? , ? , 0 , ? , 0 , NOW() , NULL )
2023-04-12 12:42:11,951 DEBUG [com.study.domain.post.PostMapper.save] ==> Parameters: null, 853번 게시글 제목(String), 853번 게시글 내용(String), 테스터853(String), false(Boolean)
2023-04-12 12:42:11,951  INFO [jdbc.sqlonly] INSERT INTO tb_post (

          id
        , title
        , content
        , writer
        , view_cnt
        , notice_yn
        , delete_yn
        , created_date
        , modified_date

        ) VALUES (
              NULL
            , '853번 게시글 제목'
            , '853번 게시글 내용'
            , '테스터853'
            , 0
            , 0
            , 0
            , NOW()
            , NULL
        )

2023-04-12 12:42:11,951 DEBUG [com.study.domain.post.PostMapper.save] <==    Updates: 1
2023-04-12 12:42:11,951  INFO [jdbc.resultsettable] 
|----------|
|insert_id |
|----------|
|853       |
|----------|

2023-04-12 12:42:11,952 DEBUG [com.study.aop.LoggerAspect] Service ===> com.study.domain.post.PostService.savePost()
2023-04-12 12:42:11,952 DEBUG [com.study.aop.LoggerAspect] Mapper ===> com.study.domain.post.PostMapper.save()
2023-04-12 12:42:11,952 DEBUG [com.study.domain.post.PostMapper.save] ==>  Preparing: INSERT INTO tb_post ( id , title , content , writer , view_cnt , notice_yn , delete_yn , created_date , modified_date ) VALUES ( ? , ? , ? , ? , 0 , ? , 0 , NOW() , NULL )
2023-04-12 12:42:11,952 DEBUG [com.study.domain.post.PostMapper.save] ==> Parameters: null, 854번 게시글 제목(String), 854번 게시글 내용(String), 테스터854(String), false(Boolean)
2023-04-12 12:42:11,952  INFO [jdbc.sqlonly] INSERT INTO tb_post (

          id
        , title
        , content
        , writer
        , view_cnt
        , notice_yn
        , delete_yn
        , created_date
        , modified_date

        ) VALUES (
              NULL
            , '854번 게시글 제목'
            , '854번 게시글 내용'
            , '테스터854'
            , 0
            , 0
            , 0
            , NOW()
            , NULL
        )

2023-04-12 12:42:11,953 DEBUG [com.study.domain.post.PostMapper.save] <==    Updates: 1
2023-04-12 12:42:11,953  INFO [jdbc.resultsettable] 
|----------|
|insert_id |
|----------|
|854       |
|----------|

2023-04-12 12:42:11,954 DEBUG [com.study.aop.LoggerAspect] Service ===> com.study.domain.post.PostService.savePost()
2023-04-12 12:42:11,954 DEBUG [com.study.aop.LoggerAspect] Mapper ===> com.study.domain.post.PostMapper.save()
2023-04-12 12:42:11,954 DEBUG [com.study.domain.post.PostMapper.save] ==>  Preparing: INSERT INTO tb_post ( id , title , content , writer , view_cnt , notice_yn , delete_yn , created_date , modified_date ) VALUES ( ? , ? , ? , ? , 0 , ? , 0 , NOW() , NULL )
2023-04-12 12:42:11,954 DEBUG [com.study.domain.post.PostMapper.save] ==> Parameters: null, 855번 게시글 제목(String), 855번 게시글 내용(String), 테스터855(String), false(Boolean)
2023-04-12 12:42:11,954  INFO [jdbc.sqlonly] INSERT INTO tb_post (

          id
        , title
        , content
        , writer
        , view_cnt
        , notice_yn
        , delete_yn
        , created_date
        , modified_date

        ) VALUES (
              NULL
            , '855번 게시글 제목'
            , '855번 게시글 내용'
            , '테스터855'
            , 0
            , 0
            , 0
            , NOW()
            , NULL
        )

2023-04-12 12:42:11,954 DEBUG [com.study.domain.post.PostMapper.save] <==    Updates: 1
2023-04-12 12:42:11,955  INFO [jdbc.resultsettable] 
|----------|
|insert_id |
|----------|
|855       |
|----------|

2023-04-12 12:42:11,956 DEBUG [com.study.aop.LoggerAspect] Service ===> com.study.domain.post.PostService.savePost()
2023-04-12 12:42:11,956 DEBUG [com.study.aop.LoggerAspect] Mapper ===> com.study.domain.post.PostMapper.save()
2023-04-12 12:42:11,956 DEBUG [com.study.domain.post.PostMapper.save] ==>  Preparing: INSERT INTO tb_post ( id , title , content , writer , view_cnt , notice_yn , delete_yn , created_date , modified_date ) VALUES ( ? , ? , ? , ? , 0 , ? , 0 , NOW() , NULL )
2023-04-12 12:42:11,956 DEBUG [com.study.domain.post.PostMapper.save] ==> Parameters: null, 856번 게시글 제목(String), 856번 게시글 내용(String), 테스터856(String), false(Boolean)
2023-04-12 12:42:11,956  INFO [jdbc.sqlonly] INSERT INTO tb_post (

          id
        , title
        , content
        , writer
        , view_cnt
        , notice_yn
        , delete_yn
        , created_date
        , modified_date

        ) VALUES (
              NULL
            , '856번 게시글 제목'
            , '856번 게시글 내용'
            , '테스터856'
            , 0
            , 0
            , 0
            , NOW()
            , NULL
        )

2023-04-12 12:42:11,956 DEBUG [com.study.domain.post.PostMapper.save] <==    Updates: 1
2023-04-12 12:42:11,956  INFO [jdbc.resultsettable] 
|----------|
|insert_id |
|----------|
|856       |
|----------|

2023-04-12 12:42:11,957 DEBUG [com.study.aop.LoggerAspect] Service ===> com.study.domain.post.PostService.savePost()
2023-04-12 12:42:11,957 DEBUG [com.study.aop.LoggerAspect] Mapper ===> com.study.domain.post.PostMapper.save()
2023-04-12 12:42:11,957 DEBUG [com.study.domain.post.PostMapper.save] ==>  Preparing: INSERT INTO tb_post ( id , title , content , writer , view_cnt , notice_yn , delete_yn , created_date , modified_date ) VALUES ( ? , ? , ? , ? , 0 , ? , 0 , NOW() , NULL )
2023-04-12 12:42:11,957 DEBUG [com.study.domain.post.PostMapper.save] ==> Parameters: null, 857번 게시글 제목(String), 857번 게시글 내용(String), 테스터857(String), false(Boolean)
2023-04-12 12:42:11,957  INFO [jdbc.sqlonly] INSERT INTO tb_post (

          id
        , title
        , content
        , writer
        , view_cnt
        , notice_yn
        , delete_yn
        , created_date
        , modified_date

        ) VALUES (
              NULL
            , '857번 게시글 제목'
            , '857번 게시글 내용'
            , '테스터857'
            , 0
            , 0
            , 0
            , NOW()
            , NULL
        )

2023-04-12 12:42:11,958 DEBUG [com.study.domain.post.PostMapper.save] <==    Updates: 1
2023-04-12 12:42:11,958  INFO [jdbc.resultsettable] 
|----------|
|insert_id |
|----------|
|857       |
|----------|

2023-04-12 12:42:11,959 DEBUG [com.study.aop.LoggerAspect] Service ===> com.study.domain.post.PostService.savePost()
2023-04-12 12:42:11,959 DEBUG [com.study.aop.LoggerAspect] Mapper ===> com.study.domain.post.PostMapper.save()
2023-04-12 12:42:11,959 DEBUG [com.study.domain.post.PostMapper.save] ==>  Preparing: INSERT INTO tb_post ( id , title , content , writer , view_cnt , notice_yn , delete_yn , created_date , modified_date ) VALUES ( ? , ? , ? , ? , 0 , ? , 0 , NOW() , NULL )
2023-04-12 12:42:11,959 DEBUG [com.study.domain.post.PostMapper.save] ==> Parameters: null, 858번 게시글 제목(String), 858번 게시글 내용(String), 테스터858(String), false(Boolean)
2023-04-12 12:42:11,959  INFO [jdbc.sqlonly] INSERT INTO tb_post (

          id
        , title
        , content
        , writer
        , view_cnt
        , notice_yn
        , delete_yn
        , created_date
        , modified_date

        ) VALUES (
              NULL
            , '858번 게시글 제목'
            , '858번 게시글 내용'
            , '테스터858'
            , 0
            , 0
            , 0
            , NOW()
            , NULL
        )

2023-04-12 12:42:11,959 DEBUG [com.study.domain.post.PostMapper.save] <==    Updates: 1
2023-04-12 12:42:11,959  INFO [jdbc.resultsettable] 
|----------|
|insert_id |
|----------|
|858       |
|----------|

2023-04-12 12:42:11,960 DEBUG [com.study.aop.LoggerAspect] Service ===> com.study.domain.post.PostService.savePost()
2023-04-12 12:42:11,961 DEBUG [com.study.aop.LoggerAspect] Mapper ===> com.study.domain.post.PostMapper.save()
2023-04-12 12:42:11,961 DEBUG [com.study.domain.post.PostMapper.save] ==>  Preparing: INSERT INTO tb_post ( id , title , content , writer , view_cnt , notice_yn , delete_yn , created_date , modified_date ) VALUES ( ? , ? , ? , ? , 0 , ? , 0 , NOW() , NULL )
2023-04-12 12:42:11,961 DEBUG [com.study.domain.post.PostMapper.save] ==> Parameters: null, 859번 게시글 제목(String), 859번 게시글 내용(String), 테스터859(String), false(Boolean)
2023-04-12 12:42:11,961  INFO [jdbc.sqlonly] INSERT INTO tb_post (

          id
        , title
        , content
        , writer
        , view_cnt
        , notice_yn
        , delete_yn
        , created_date
        , modified_date

        ) VALUES (
              NULL
            , '859번 게시글 제목'
            , '859번 게시글 내용'
            , '테스터859'
            , 0
            , 0
            , 0
            , NOW()
            , NULL
        )

2023-04-12 12:42:11,961 DEBUG [com.study.domain.post.PostMapper.save] <==    Updates: 1
2023-04-12 12:42:11,961  INFO [jdbc.resultsettable] 
|----------|
|insert_id |
|----------|
|859       |
|----------|

2023-04-12 12:42:11,962 DEBUG [com.study.aop.LoggerAspect] Service ===> com.study.domain.post.PostService.savePost()
2023-04-12 12:42:11,962 DEBUG [com.study.aop.LoggerAspect] Mapper ===> com.study.domain.post.PostMapper.save()
2023-04-12 12:42:11,962 DEBUG [com.study.domain.post.PostMapper.save] ==>  Preparing: INSERT INTO tb_post ( id , title , content , writer , view_cnt , notice_yn , delete_yn , created_date , modified_date ) VALUES ( ? , ? , ? , ? , 0 , ? , 0 , NOW() , NULL )
2023-04-12 12:42:11,963 DEBUG [com.study.domain.post.PostMapper.save] ==> Parameters: null, 860번 게시글 제목(String), 860번 게시글 내용(String), 테스터860(String), false(Boolean)
2023-04-12 12:42:11,963  INFO [jdbc.sqlonly] INSERT INTO tb_post (

          id
        , title
        , content
        , writer
        , view_cnt
        , notice_yn
        , delete_yn
        , created_date
        , modified_date

        ) VALUES (
              NULL
            , '860번 게시글 제목'
            , '860번 게시글 내용'
            , '테스터860'
            , 0
            , 0
            , 0
            , NOW()
            , NULL
        )

2023-04-12 12:42:11,963 DEBUG [com.study.domain.post.PostMapper.save] <==    Updates: 1
2023-04-12 12:42:11,963  INFO [jdbc.resultsettable] 
|----------|
|insert_id |
|----------|
|860       |
|----------|

2023-04-12 12:42:11,966 DEBUG [com.study.aop.LoggerAspect] Service ===> com.study.domain.post.PostService.savePost()
2023-04-12 12:42:11,966 DEBUG [com.study.aop.LoggerAspect] Mapper ===> com.study.domain.post.PostMapper.save()
2023-04-12 12:42:11,966 DEBUG [com.study.domain.post.PostMapper.save] ==>  Preparing: INSERT INTO tb_post ( id , title , content , writer , view_cnt , notice_yn , delete_yn , created_date , modified_date ) VALUES ( ? , ? , ? , ? , 0 , ? , 0 , NOW() , NULL )
2023-04-12 12:42:11,966 DEBUG [com.study.domain.post.PostMapper.save] ==> Parameters: null, 861번 게시글 제목(String), 861번 게시글 내용(String), 테스터861(String), false(Boolean)
2023-04-12 12:42:11,966  INFO [jdbc.sqlonly] INSERT INTO tb_post (

          id
        , title
        , content
        , writer
        , view_cnt
        , notice_yn
        , delete_yn
        , created_date
        , modified_date

        ) VALUES (
              NULL
            , '861번 게시글 제목'
            , '861번 게시글 내용'
            , '테스터861'
            , 0
            , 0
            , 0
            , NOW()
            , NULL
        )

2023-04-12 12:42:11,967 DEBUG [com.study.domain.post.PostMapper.save] <==    Updates: 1
2023-04-12 12:42:11,967  INFO [jdbc.resultsettable] 
|----------|
|insert_id |
|----------|
|861       |
|----------|

2023-04-12 12:42:11,968 DEBUG [com.study.aop.LoggerAspect] Service ===> com.study.domain.post.PostService.savePost()
2023-04-12 12:42:11,968 DEBUG [com.study.aop.LoggerAspect] Mapper ===> com.study.domain.post.PostMapper.save()
2023-04-12 12:42:11,968 DEBUG [com.study.domain.post.PostMapper.save] ==>  Preparing: INSERT INTO tb_post ( id , title , content , writer , view_cnt , notice_yn , delete_yn , created_date , modified_date ) VALUES ( ? , ? , ? , ? , 0 , ? , 0 , NOW() , NULL )
2023-04-12 12:42:11,968 DEBUG [com.study.domain.post.PostMapper.save] ==> Parameters: null, 862번 게시글 제목(String), 862번 게시글 내용(String), 테스터862(String), false(Boolean)
2023-04-12 12:42:11,968  INFO [jdbc.sqlonly] INSERT INTO tb_post (

          id
        , title
        , content
        , writer
        , view_cnt
        , notice_yn
        , delete_yn
        , created_date
        , modified_date

        ) VALUES (
              NULL
            , '862번 게시글 제목'
            , '862번 게시글 내용'
            , '테스터862'
            , 0
            , 0
            , 0
            , NOW()
            , NULL
        )

2023-04-12 12:42:11,968 DEBUG [com.study.domain.post.PostMapper.save] <==    Updates: 1
2023-04-12 12:42:11,968  INFO [jdbc.resultsettable] 
|----------|
|insert_id |
|----------|
|862       |
|----------|

2023-04-12 12:42:11,970 DEBUG [com.study.aop.LoggerAspect] Service ===> com.study.domain.post.PostService.savePost()
2023-04-12 12:42:11,970 DEBUG [com.study.aop.LoggerAspect] Mapper ===> com.study.domain.post.PostMapper.save()
2023-04-12 12:42:11,970 DEBUG [com.study.domain.post.PostMapper.save] ==>  Preparing: INSERT INTO tb_post ( id , title , content , writer , view_cnt , notice_yn , delete_yn , created_date , modified_date ) VALUES ( ? , ? , ? , ? , 0 , ? , 0 , NOW() , NULL )
2023-04-12 12:42:11,970 DEBUG [com.study.domain.post.PostMapper.save] ==> Parameters: null, 863번 게시글 제목(String), 863번 게시글 내용(String), 테스터863(String), false(Boolean)
2023-04-12 12:42:11,970  INFO [jdbc.sqlonly] INSERT INTO tb_post (

          id
        , title
        , content
        , writer
        , view_cnt
        , notice_yn
        , delete_yn
        , created_date
        , modified_date

        ) VALUES (
              NULL
            , '863번 게시글 제목'
            , '863번 게시글 내용'
            , '테스터863'
            , 0
            , 0
            , 0
            , NOW()
            , NULL
        )

2023-04-12 12:42:11,970 DEBUG [com.study.domain.post.PostMapper.save] <==    Updates: 1
2023-04-12 12:42:11,970  INFO [jdbc.resultsettable] 
|----------|
|insert_id |
|----------|
|863       |
|----------|

2023-04-12 12:42:11,972 DEBUG [com.study.aop.LoggerAspect] Service ===> com.study.domain.post.PostService.savePost()
2023-04-12 12:42:11,972 DEBUG [com.study.aop.LoggerAspect] Mapper ===> com.study.domain.post.PostMapper.save()
2023-04-12 12:42:11,972 DEBUG [com.study.domain.post.PostMapper.save] ==>  Preparing: INSERT INTO tb_post ( id , title , content , writer , view_cnt , notice_yn , delete_yn , created_date , modified_date ) VALUES ( ? , ? , ? , ? , 0 , ? , 0 , NOW() , NULL )
2023-04-12 12:42:11,972 DEBUG [com.study.domain.post.PostMapper.save] ==> Parameters: null, 864번 게시글 제목(String), 864번 게시글 내용(String), 테스터864(String), false(Boolean)
2023-04-12 12:42:11,972  INFO [jdbc.sqlonly] INSERT INTO tb_post (

          id
        , title
        , content
        , writer
        , view_cnt
        , notice_yn
        , delete_yn
        , created_date
        , modified_date

        ) VALUES (
              NULL
            , '864번 게시글 제목'
            , '864번 게시글 내용'
            , '테스터864'
            , 0
            , 0
            , 0
            , NOW()
            , NULL
        )

2023-04-12 12:42:11,974 DEBUG [com.study.domain.post.PostMapper.save] <==    Updates: 1
2023-04-12 12:42:11,975  INFO [jdbc.resultsettable] 
|----------|
|insert_id |
|----------|
|864       |
|----------|

2023-04-12 12:42:11,976 DEBUG [com.study.aop.LoggerAspect] Service ===> com.study.domain.post.PostService.savePost()
2023-04-12 12:42:11,976 DEBUG [com.study.aop.LoggerAspect] Mapper ===> com.study.domain.post.PostMapper.save()
2023-04-12 12:42:11,976 DEBUG [com.study.domain.post.PostMapper.save] ==>  Preparing: INSERT INTO tb_post ( id , title , content , writer , view_cnt , notice_yn , delete_yn , created_date , modified_date ) VALUES ( ? , ? , ? , ? , 0 , ? , 0 , NOW() , NULL )
2023-04-12 12:42:11,976 DEBUG [com.study.domain.post.PostMapper.save] ==> Parameters: null, 865번 게시글 제목(String), 865번 게시글 내용(String), 테스터865(String), false(Boolean)
2023-04-12 12:42:11,976  INFO [jdbc.sqlonly] INSERT INTO tb_post (

          id
        , title
        , content
        , writer
        , view_cnt
        , notice_yn
        , delete_yn
        , created_date
        , modified_date

        ) VALUES (
              NULL
            , '865번 게시글 제목'
            , '865번 게시글 내용'
            , '테스터865'
            , 0
            , 0
            , 0
            , NOW()
            , NULL
        )

2023-04-12 12:42:11,977 DEBUG [com.study.domain.post.PostMapper.save] <==    Updates: 1
2023-04-12 12:42:11,977  INFO [jdbc.resultsettable] 
|----------|
|insert_id |
|----------|
|865       |
|----------|

2023-04-12 12:42:12,078 DEBUG [com.study.aop.LoggerAspect] Service ===> com.study.domain.post.PostService.savePost()
2023-04-12 12:42:12,078 DEBUG [com.study.aop.LoggerAspect] Mapper ===> com.study.domain.post.PostMapper.save()
2023-04-12 12:42:12,079 DEBUG [com.study.domain.post.PostMapper.save] ==>  Preparing: INSERT INTO tb_post ( id , title , content , writer , view_cnt , notice_yn , delete_yn , created_date , modified_date ) VALUES ( ? , ? , ? , ? , 0 , ? , 0 , NOW() , NULL )
2023-04-12 12:42:12,079 DEBUG [com.study.domain.post.PostMapper.save] ==> Parameters: null, 866번 게시글 제목(String), 866번 게시글 내용(String), 테스터866(String), false(Boolean)
2023-04-12 12:42:12,079  INFO [jdbc.sqlonly] INSERT INTO tb_post (

          id
        , title
        , content
        , writer
        , view_cnt
        , notice_yn
        , delete_yn
        , created_date
        , modified_date

        ) VALUES (
              NULL
            , '866번 게시글 제목'
            , '866번 게시글 내용'
            , '테스터866'
            , 0
            , 0
            , 0
            , NOW()
            , NULL
        )

2023-04-12 12:42:12,094 DEBUG [com.study.domain.post.PostMapper.save] <==    Updates: 1
2023-04-12 12:42:12,094  INFO [jdbc.resultsettable] 
|----------|
|insert_id |
|----------|
|866       |
|----------|

2023-04-12 12:42:12,096 DEBUG [com.study.aop.LoggerAspect] Service ===> com.study.domain.post.PostService.savePost()
2023-04-12 12:42:12,096 DEBUG [com.study.aop.LoggerAspect] Mapper ===> com.study.domain.post.PostMapper.save()
2023-04-12 12:42:12,096 DEBUG [com.study.domain.post.PostMapper.save] ==>  Preparing: INSERT INTO tb_post ( id , title , content , writer , view_cnt , notice_yn , delete_yn , created_date , modified_date ) VALUES ( ? , ? , ? , ? , 0 , ? , 0 , NOW() , NULL )
2023-04-12 12:42:12,096 DEBUG [com.study.domain.post.PostMapper.save] ==> Parameters: null, 867번 게시글 제목(String), 867번 게시글 내용(String), 테스터867(String), false(Boolean)
2023-04-12 12:42:12,096  INFO [jdbc.sqlonly] INSERT INTO tb_post (

          id
        , title
        , content
        , writer
        , view_cnt
        , notice_yn
        , delete_yn
        , created_date
        , modified_date

        ) VALUES (
              NULL
            , '867번 게시글 제목'
            , '867번 게시글 내용'
            , '테스터867'
            , 0
            , 0
            , 0
            , NOW()
            , NULL
        )

2023-04-12 12:42:12,097 DEBUG [com.study.domain.post.PostMapper.save] <==    Updates: 1
2023-04-12 12:42:12,097  INFO [jdbc.resultsettable] 
|----------|
|insert_id |
|----------|
|867       |
|----------|

2023-04-12 12:42:12,098 DEBUG [com.study.aop.LoggerAspect] Service ===> com.study.domain.post.PostService.savePost()
2023-04-12 12:42:12,098 DEBUG [com.study.aop.LoggerAspect] Mapper ===> com.study.domain.post.PostMapper.save()
2023-04-12 12:42:12,098 DEBUG [com.study.domain.post.PostMapper.save] ==>  Preparing: INSERT INTO tb_post ( id , title , content , writer , view_cnt , notice_yn , delete_yn , created_date , modified_date ) VALUES ( ? , ? , ? , ? , 0 , ? , 0 , NOW() , NULL )
2023-04-12 12:42:12,098 DEBUG [com.study.domain.post.PostMapper.save] ==> Parameters: null, 868번 게시글 제목(String), 868번 게시글 내용(String), 테스터868(String), false(Boolean)
2023-04-12 12:42:12,098  INFO [jdbc.sqlonly] INSERT INTO tb_post (

          id
        , title
        , content
        , writer
        , view_cnt
        , notice_yn
        , delete_yn
        , created_date
        , modified_date

        ) VALUES (
              NULL
            , '868번 게시글 제목'
            , '868번 게시글 내용'
            , '테스터868'
            , 0
            , 0
            , 0
            , NOW()
            , NULL
        )

2023-04-12 12:42:12,099 DEBUG [com.study.domain.post.PostMapper.save] <==    Updates: 1
2023-04-12 12:42:12,099  INFO [jdbc.resultsettable] 
|----------|
|insert_id |
|----------|
|868       |
|----------|

2023-04-12 12:42:12,100 DEBUG [com.study.aop.LoggerAspect] Service ===> com.study.domain.post.PostService.savePost()
2023-04-12 12:42:12,100 DEBUG [com.study.aop.LoggerAspect] Mapper ===> com.study.domain.post.PostMapper.save()
2023-04-12 12:42:12,100 DEBUG [com.study.domain.post.PostMapper.save] ==>  Preparing: INSERT INTO tb_post ( id , title , content , writer , view_cnt , notice_yn , delete_yn , created_date , modified_date ) VALUES ( ? , ? , ? , ? , 0 , ? , 0 , NOW() , NULL )
2023-04-12 12:42:12,100 DEBUG [com.study.domain.post.PostMapper.save] ==> Parameters: null, 869번 게시글 제목(String), 869번 게시글 내용(String), 테스터869(String), false(Boolean)
2023-04-12 12:42:12,100  INFO [jdbc.sqlonly] INSERT INTO tb_post (

          id
        , title
        , content
        , writer
        , view_cnt
        , notice_yn
        , delete_yn
        , created_date
        , modified_date

        ) VALUES (
              NULL
            , '869번 게시글 제목'
            , '869번 게시글 내용'
            , '테스터869'
            , 0
            , 0
            , 0
            , NOW()
            , NULL
        )

2023-04-12 12:42:12,100 DEBUG [com.study.domain.post.PostMapper.save] <==    Updates: 1
2023-04-12 12:42:12,101  INFO [jdbc.resultsettable] 
|----------|
|insert_id |
|----------|
|869       |
|----------|

2023-04-12 12:42:12,108 DEBUG [com.study.aop.LoggerAspect] Service ===> com.study.domain.post.PostService.savePost()
2023-04-12 12:42:12,108 DEBUG [com.study.aop.LoggerAspect] Mapper ===> com.study.domain.post.PostMapper.save()
2023-04-12 12:42:12,108 DEBUG [com.study.domain.post.PostMapper.save] ==>  Preparing: INSERT INTO tb_post ( id , title , content , writer , view_cnt , notice_yn , delete_yn , created_date , modified_date ) VALUES ( ? , ? , ? , ? , 0 , ? , 0 , NOW() , NULL )
2023-04-12 12:42:12,108 DEBUG [com.study.domain.post.PostMapper.save] ==> Parameters: null, 870번 게시글 제목(String), 870번 게시글 내용(String), 테스터870(String), false(Boolean)
2023-04-12 12:42:12,108  INFO [jdbc.sqlonly] INSERT INTO tb_post (

          id
        , title
        , content
        , writer
        , view_cnt
        , notice_yn
        , delete_yn
        , created_date
        , modified_date

        ) VALUES (
              NULL
            , '870번 게시글 제목'
            , '870번 게시글 내용'
            , '테스터870'
            , 0
            , 0
            , 0
            , NOW()
            , NULL
        )

2023-04-12 12:42:12,109 DEBUG [com.study.domain.post.PostMapper.save] <==    Updates: 1
2023-04-12 12:42:12,109  INFO [jdbc.resultsettable] 
|----------|
|insert_id |
|----------|
|870       |
|----------|

2023-04-12 12:42:12,110 DEBUG [com.study.aop.LoggerAspect] Service ===> com.study.domain.post.PostService.savePost()
2023-04-12 12:42:12,110 DEBUG [com.study.aop.LoggerAspect] Mapper ===> com.study.domain.post.PostMapper.save()
2023-04-12 12:42:12,110 DEBUG [com.study.domain.post.PostMapper.save] ==>  Preparing: INSERT INTO tb_post ( id , title , content , writer , view_cnt , notice_yn , delete_yn , created_date , modified_date ) VALUES ( ? , ? , ? , ? , 0 , ? , 0 , NOW() , NULL )
2023-04-12 12:42:12,110 DEBUG [com.study.domain.post.PostMapper.save] ==> Parameters: null, 871번 게시글 제목(String), 871번 게시글 내용(String), 테스터871(String), false(Boolean)
2023-04-12 12:42:12,110  INFO [jdbc.sqlonly] INSERT INTO tb_post (

          id
        , title
        , content
        , writer
        , view_cnt
        , notice_yn
        , delete_yn
        , created_date
        , modified_date

        ) VALUES (
              NULL
            , '871번 게시글 제목'
            , '871번 게시글 내용'
            , '테스터871'
            , 0
            , 0
            , 0
            , NOW()
            , NULL
        )

2023-04-12 12:42:12,111 DEBUG [com.study.domain.post.PostMapper.save] <==    Updates: 1
2023-04-12 12:42:12,111  INFO [jdbc.resultsettable] 
|----------|
|insert_id |
|----------|
|871       |
|----------|

2023-04-12 12:42:12,112 DEBUG [com.study.aop.LoggerAspect] Service ===> com.study.domain.post.PostService.savePost()
2023-04-12 12:42:12,112 DEBUG [com.study.aop.LoggerAspect] Mapper ===> com.study.domain.post.PostMapper.save()
2023-04-12 12:42:12,112 DEBUG [com.study.domain.post.PostMapper.save] ==>  Preparing: INSERT INTO tb_post ( id , title , content , writer , view_cnt , notice_yn , delete_yn , created_date , modified_date ) VALUES ( ? , ? , ? , ? , 0 , ? , 0 , NOW() , NULL )
2023-04-12 12:42:12,112 DEBUG [com.study.domain.post.PostMapper.save] ==> Parameters: null, 872번 게시글 제목(String), 872번 게시글 내용(String), 테스터872(String), false(Boolean)
2023-04-12 12:42:12,112  INFO [jdbc.sqlonly] INSERT INTO tb_post (

          id
        , title
        , content
        , writer
        , view_cnt
        , notice_yn
        , delete_yn
        , created_date
        , modified_date

        ) VALUES (
              NULL
            , '872번 게시글 제목'
            , '872번 게시글 내용'
            , '테스터872'
            , 0
            , 0
            , 0
            , NOW()
            , NULL
        )

2023-04-12 12:42:12,113 DEBUG [com.study.domain.post.PostMapper.save] <==    Updates: 1
2023-04-12 12:42:12,113  INFO [jdbc.resultsettable] 
|----------|
|insert_id |
|----------|
|872       |
|----------|

2023-04-12 12:42:12,114 DEBUG [com.study.aop.LoggerAspect] Service ===> com.study.domain.post.PostService.savePost()
2023-04-12 12:42:12,114 DEBUG [com.study.aop.LoggerAspect] Mapper ===> com.study.domain.post.PostMapper.save()
2023-04-12 12:42:12,114 DEBUG [com.study.domain.post.PostMapper.save] ==>  Preparing: INSERT INTO tb_post ( id , title , content , writer , view_cnt , notice_yn , delete_yn , created_date , modified_date ) VALUES ( ? , ? , ? , ? , 0 , ? , 0 , NOW() , NULL )
2023-04-12 12:42:12,114 DEBUG [com.study.domain.post.PostMapper.save] ==> Parameters: null, 873번 게시글 제목(String), 873번 게시글 내용(String), 테스터873(String), false(Boolean)
2023-04-12 12:42:12,114  INFO [jdbc.sqlonly] INSERT INTO tb_post (

          id
        , title
        , content
        , writer
        , view_cnt
        , notice_yn
        , delete_yn
        , created_date
        , modified_date

        ) VALUES (
              NULL
            , '873번 게시글 제목'
            , '873번 게시글 내용'
            , '테스터873'
            , 0
            , 0
            , 0
            , NOW()
            , NULL
        )

2023-04-12 12:42:12,115 DEBUG [com.study.domain.post.PostMapper.save] <==    Updates: 1
2023-04-12 12:42:12,115  INFO [jdbc.resultsettable] 
|----------|
|insert_id |
|----------|
|873       |
|----------|

2023-04-12 12:42:12,122 DEBUG [com.study.aop.LoggerAspect] Service ===> com.study.domain.post.PostService.savePost()
2023-04-12 12:42:12,122 DEBUG [com.study.aop.LoggerAspect] Mapper ===> com.study.domain.post.PostMapper.save()
2023-04-12 12:42:12,122 DEBUG [com.study.domain.post.PostMapper.save] ==>  Preparing: INSERT INTO tb_post ( id , title , content , writer , view_cnt , notice_yn , delete_yn , created_date , modified_date ) VALUES ( ? , ? , ? , ? , 0 , ? , 0 , NOW() , NULL )
2023-04-12 12:42:12,122 DEBUG [com.study.domain.post.PostMapper.save] ==> Parameters: null, 874번 게시글 제목(String), 874번 게시글 내용(String), 테스터874(String), false(Boolean)
2023-04-12 12:42:12,122  INFO [jdbc.sqlonly] INSERT INTO tb_post (

          id
        , title
        , content
        , writer
        , view_cnt
        , notice_yn
        , delete_yn
        , created_date
        , modified_date

        ) VALUES (
              NULL
            , '874번 게시글 제목'
            , '874번 게시글 내용'
            , '테스터874'
            , 0
            , 0
            , 0
            , NOW()
            , NULL
        )

2023-04-12 12:42:12,135 DEBUG [com.study.domain.post.PostMapper.save] <==    Updates: 1
2023-04-12 12:42:12,135  INFO [jdbc.resultsettable] 
|----------|
|insert_id |
|----------|
|874       |
|----------|

2023-04-12 12:42:12,148 DEBUG [com.study.aop.LoggerAspect] Service ===> com.study.domain.post.PostService.savePost()
2023-04-12 12:42:12,148 DEBUG [com.study.aop.LoggerAspect] Mapper ===> com.study.domain.post.PostMapper.save()
2023-04-12 12:42:12,148 DEBUG [com.study.domain.post.PostMapper.save] ==>  Preparing: INSERT INTO tb_post ( id , title , content , writer , view_cnt , notice_yn , delete_yn , created_date , modified_date ) VALUES ( ? , ? , ? , ? , 0 , ? , 0 , NOW() , NULL )
2023-04-12 12:42:12,148 DEBUG [com.study.domain.post.PostMapper.save] ==> Parameters: null, 875번 게시글 제목(String), 875번 게시글 내용(String), 테스터875(String), false(Boolean)
2023-04-12 12:42:12,148  INFO [jdbc.sqlonly] INSERT INTO tb_post (

          id
        , title
        , content
        , writer
        , view_cnt
        , notice_yn
        , delete_yn
        , created_date
        , modified_date

        ) VALUES (
              NULL
            , '875번 게시글 제목'
            , '875번 게시글 내용'
            , '테스터875'
            , 0
            , 0
            , 0
            , NOW()
            , NULL
        )

2023-04-12 12:42:12,148 DEBUG [com.study.domain.post.PostMapper.save] <==    Updates: 1
2023-04-12 12:42:12,149  INFO [jdbc.resultsettable] 
|----------|
|insert_id |
|----------|
|875       |
|----------|

2023-04-12 12:42:12,150 DEBUG [com.study.aop.LoggerAspect] Service ===> com.study.domain.post.PostService.savePost()
2023-04-12 12:42:12,150 DEBUG [com.study.aop.LoggerAspect] Mapper ===> com.study.domain.post.PostMapper.save()
2023-04-12 12:42:12,150 DEBUG [com.study.domain.post.PostMapper.save] ==>  Preparing: INSERT INTO tb_post ( id , title , content , writer , view_cnt , notice_yn , delete_yn , created_date , modified_date ) VALUES ( ? , ? , ? , ? , 0 , ? , 0 , NOW() , NULL )
2023-04-12 12:42:12,150 DEBUG [com.study.domain.post.PostMapper.save] ==> Parameters: null, 876번 게시글 제목(String), 876번 게시글 내용(String), 테스터876(String), false(Boolean)
2023-04-12 12:42:12,150  INFO [jdbc.sqlonly] INSERT INTO tb_post (

          id
        , title
        , content
        , writer
        , view_cnt
        , notice_yn
        , delete_yn
        , created_date
        , modified_date

        ) VALUES (
              NULL
            , '876번 게시글 제목'
            , '876번 게시글 내용'
            , '테스터876'
            , 0
            , 0
            , 0
            , NOW()
            , NULL
        )

2023-04-12 12:42:12,151 DEBUG [com.study.domain.post.PostMapper.save] <==    Updates: 1
2023-04-12 12:42:12,151  INFO [jdbc.resultsettable] 
|----------|
|insert_id |
|----------|
|876       |
|----------|

2023-04-12 12:42:12,152 DEBUG [com.study.aop.LoggerAspect] Service ===> com.study.domain.post.PostService.savePost()
2023-04-12 12:42:12,152 DEBUG [com.study.aop.LoggerAspect] Mapper ===> com.study.domain.post.PostMapper.save()
2023-04-12 12:42:12,152 DEBUG [com.study.domain.post.PostMapper.save] ==>  Preparing: INSERT INTO tb_post ( id , title , content , writer , view_cnt , notice_yn , delete_yn , created_date , modified_date ) VALUES ( ? , ? , ? , ? , 0 , ? , 0 , NOW() , NULL )
2023-04-12 12:42:12,152 DEBUG [com.study.domain.post.PostMapper.save] ==> Parameters: null, 877번 게시글 제목(String), 877번 게시글 내용(String), 테스터877(String), false(Boolean)
2023-04-12 12:42:12,152  INFO [jdbc.sqlonly] INSERT INTO tb_post (

          id
        , title
        , content
        , writer
        , view_cnt
        , notice_yn
        , delete_yn
        , created_date
        , modified_date

        ) VALUES (
              NULL
            , '877번 게시글 제목'
            , '877번 게시글 내용'
            , '테스터877'
            , 0
            , 0
            , 0
            , NOW()
            , NULL
        )

2023-04-12 12:42:12,153 DEBUG [com.study.domain.post.PostMapper.save] <==    Updates: 1
2023-04-12 12:42:12,153  INFO [jdbc.resultsettable] 
|----------|
|insert_id |
|----------|
|877       |
|----------|

2023-04-12 12:42:12,154 DEBUG [com.study.aop.LoggerAspect] Service ===> com.study.domain.post.PostService.savePost()
2023-04-12 12:42:12,154 DEBUG [com.study.aop.LoggerAspect] Mapper ===> com.study.domain.post.PostMapper.save()
2023-04-12 12:42:12,154 DEBUG [com.study.domain.post.PostMapper.save] ==>  Preparing: INSERT INTO tb_post ( id , title , content , writer , view_cnt , notice_yn , delete_yn , created_date , modified_date ) VALUES ( ? , ? , ? , ? , 0 , ? , 0 , NOW() , NULL )
2023-04-12 12:42:12,155 DEBUG [com.study.domain.post.PostMapper.save] ==> Parameters: null, 878번 게시글 제목(String), 878번 게시글 내용(String), 테스터878(String), false(Boolean)
2023-04-12 12:42:12,155  INFO [jdbc.sqlonly] INSERT INTO tb_post (

          id
        , title
        , content
        , writer
        , view_cnt
        , notice_yn
        , delete_yn
        , created_date
        , modified_date

        ) VALUES (
              NULL
            , '878번 게시글 제목'
            , '878번 게시글 내용'
            , '테스터878'
            , 0
            , 0
            , 0
            , NOW()
            , NULL
        )

2023-04-12 12:42:12,155 DEBUG [com.study.domain.post.PostMapper.save] <==    Updates: 1
2023-04-12 12:42:12,155  INFO [jdbc.resultsettable] 
|----------|
|insert_id |
|----------|
|878       |
|----------|

2023-04-12 12:42:12,156 DEBUG [com.study.aop.LoggerAspect] Service ===> com.study.domain.post.PostService.savePost()
2023-04-12 12:42:12,156 DEBUG [com.study.aop.LoggerAspect] Mapper ===> com.study.domain.post.PostMapper.save()
2023-04-12 12:42:12,156 DEBUG [com.study.domain.post.PostMapper.save] ==>  Preparing: INSERT INTO tb_post ( id , title , content , writer , view_cnt , notice_yn , delete_yn , created_date , modified_date ) VALUES ( ? , ? , ? , ? , 0 , ? , 0 , NOW() , NULL )
2023-04-12 12:42:12,157 DEBUG [com.study.domain.post.PostMapper.save] ==> Parameters: null, 879번 게시글 제목(String), 879번 게시글 내용(String), 테스터879(String), false(Boolean)
2023-04-12 12:42:12,157  INFO [jdbc.sqlonly] INSERT INTO tb_post (

          id
        , title
        , content
        , writer
        , view_cnt
        , notice_yn
        , delete_yn
        , created_date
        , modified_date

        ) VALUES (
              NULL
            , '879번 게시글 제목'
            , '879번 게시글 내용'
            , '테스터879'
            , 0
            , 0
            , 0
            , NOW()
            , NULL
        )

2023-04-12 12:42:12,157 DEBUG [com.study.domain.post.PostMapper.save] <==    Updates: 1
2023-04-12 12:42:12,157  INFO [jdbc.resultsettable] 
|----------|
|insert_id |
|----------|
|879       |
|----------|

2023-04-12 12:42:12,158 DEBUG [com.study.aop.LoggerAspect] Service ===> com.study.domain.post.PostService.savePost()
2023-04-12 12:42:12,158 DEBUG [com.study.aop.LoggerAspect] Mapper ===> com.study.domain.post.PostMapper.save()
2023-04-12 12:42:12,159 DEBUG [com.study.domain.post.PostMapper.save] ==>  Preparing: INSERT INTO tb_post ( id , title , content , writer , view_cnt , notice_yn , delete_yn , created_date , modified_date ) VALUES ( ? , ? , ? , ? , 0 , ? , 0 , NOW() , NULL )
2023-04-12 12:42:12,159 DEBUG [com.study.domain.post.PostMapper.save] ==> Parameters: null, 880번 게시글 제목(String), 880번 게시글 내용(String), 테스터880(String), false(Boolean)
2023-04-12 12:42:12,159  INFO [jdbc.sqlonly] INSERT INTO tb_post (

          id
        , title
        , content
        , writer
        , view_cnt
        , notice_yn
        , delete_yn
        , created_date
        , modified_date

        ) VALUES (
              NULL
            , '880번 게시글 제목'
            , '880번 게시글 내용'
            , '테스터880'
            , 0
            , 0
            , 0
            , NOW()
            , NULL
        )

2023-04-12 12:42:12,159 DEBUG [com.study.domain.post.PostMapper.save] <==    Updates: 1
2023-04-12 12:42:12,159  INFO [jdbc.resultsettable] 
|----------|
|insert_id |
|----------|
|880       |
|----------|

2023-04-12 12:42:12,160 DEBUG [com.study.aop.LoggerAspect] Service ===> com.study.domain.post.PostService.savePost()
2023-04-12 12:42:12,160 DEBUG [com.study.aop.LoggerAspect] Mapper ===> com.study.domain.post.PostMapper.save()
2023-04-12 12:42:12,160 DEBUG [com.study.domain.post.PostMapper.save] ==>  Preparing: INSERT INTO tb_post ( id , title , content , writer , view_cnt , notice_yn , delete_yn , created_date , modified_date ) VALUES ( ? , ? , ? , ? , 0 , ? , 0 , NOW() , NULL )
2023-04-12 12:42:12,160 DEBUG [com.study.domain.post.PostMapper.save] ==> Parameters: null, 881번 게시글 제목(String), 881번 게시글 내용(String), 테스터881(String), false(Boolean)
2023-04-12 12:42:12,160  INFO [jdbc.sqlonly] INSERT INTO tb_post (

          id
        , title
        , content
        , writer
        , view_cnt
        , notice_yn
        , delete_yn
        , created_date
        , modified_date

        ) VALUES (
              NULL
            , '881번 게시글 제목'
            , '881번 게시글 내용'
            , '테스터881'
            , 0
            , 0
            , 0
            , NOW()
            , NULL
        )

2023-04-12 12:42:12,161 DEBUG [com.study.domain.post.PostMapper.save] <==    Updates: 1
2023-04-12 12:42:12,161  INFO [jdbc.resultsettable] 
|----------|
|insert_id |
|----------|
|881       |
|----------|

2023-04-12 12:42:12,162 DEBUG [com.study.aop.LoggerAspect] Service ===> com.study.domain.post.PostService.savePost()
2023-04-12 12:42:12,162 DEBUG [com.study.aop.LoggerAspect] Mapper ===> com.study.domain.post.PostMapper.save()
2023-04-12 12:42:12,162 DEBUG [com.study.domain.post.PostMapper.save] ==>  Preparing: INSERT INTO tb_post ( id , title , content , writer , view_cnt , notice_yn , delete_yn , created_date , modified_date ) VALUES ( ? , ? , ? , ? , 0 , ? , 0 , NOW() , NULL )
2023-04-12 12:42:12,162 DEBUG [com.study.domain.post.PostMapper.save] ==> Parameters: null, 882번 게시글 제목(String), 882번 게시글 내용(String), 테스터882(String), false(Boolean)
2023-04-12 12:42:12,162  INFO [jdbc.sqlonly] INSERT INTO tb_post (

          id
        , title
        , content
        , writer
        , view_cnt
        , notice_yn
        , delete_yn
        , created_date
        , modified_date

        ) VALUES (
              NULL
            , '882번 게시글 제목'
            , '882번 게시글 내용'
            , '테스터882'
            , 0
            , 0
            , 0
            , NOW()
            , NULL
        )

2023-04-12 12:42:12,162 DEBUG [com.study.domain.post.PostMapper.save] <==    Updates: 1
2023-04-12 12:42:12,162  INFO [jdbc.resultsettable] 
|----------|
|insert_id |
|----------|
|882       |
|----------|

2023-04-12 12:42:12,164 DEBUG [com.study.aop.LoggerAspect] Service ===> com.study.domain.post.PostService.savePost()
2023-04-12 12:42:12,164 DEBUG [com.study.aop.LoggerAspect] Mapper ===> com.study.domain.post.PostMapper.save()
2023-04-12 12:42:12,164 DEBUG [com.study.domain.post.PostMapper.save] ==>  Preparing: INSERT INTO tb_post ( id , title , content , writer , view_cnt , notice_yn , delete_yn , created_date , modified_date ) VALUES ( ? , ? , ? , ? , 0 , ? , 0 , NOW() , NULL )
2023-04-12 12:42:12,164 DEBUG [com.study.domain.post.PostMapper.save] ==> Parameters: null, 883번 게시글 제목(String), 883번 게시글 내용(String), 테스터883(String), false(Boolean)
2023-04-12 12:42:12,164  INFO [jdbc.sqlonly] INSERT INTO tb_post (

          id
        , title
        , content
        , writer
        , view_cnt
        , notice_yn
        , delete_yn
        , created_date
        , modified_date

        ) VALUES (
              NULL
            , '883번 게시글 제목'
            , '883번 게시글 내용'
            , '테스터883'
            , 0
            , 0
            , 0
            , NOW()
            , NULL
        )

2023-04-12 12:42:12,164 DEBUG [com.study.domain.post.PostMapper.save] <==    Updates: 1
2023-04-12 12:42:12,165  INFO [jdbc.resultsettable] 
|----------|
|insert_id |
|----------|
|883       |
|----------|

2023-04-12 12:42:12,166 DEBUG [com.study.aop.LoggerAspect] Service ===> com.study.domain.post.PostService.savePost()
2023-04-12 12:42:12,166 DEBUG [com.study.aop.LoggerAspect] Mapper ===> com.study.domain.post.PostMapper.save()
2023-04-12 12:42:12,166 DEBUG [com.study.domain.post.PostMapper.save] ==>  Preparing: INSERT INTO tb_post ( id , title , content , writer , view_cnt , notice_yn , delete_yn , created_date , modified_date ) VALUES ( ? , ? , ? , ? , 0 , ? , 0 , NOW() , NULL )
2023-04-12 12:42:12,166 DEBUG [com.study.domain.post.PostMapper.save] ==> Parameters: null, 884번 게시글 제목(String), 884번 게시글 내용(String), 테스터884(String), false(Boolean)
2023-04-12 12:42:12,166  INFO [jdbc.sqlonly] INSERT INTO tb_post (

          id
        , title
        , content
        , writer
        , view_cnt
        , notice_yn
        , delete_yn
        , created_date
        , modified_date

        ) VALUES (
              NULL
            , '884번 게시글 제목'
            , '884번 게시글 내용'
            , '테스터884'
            , 0
            , 0
            , 0
            , NOW()
            , NULL
        )

2023-04-12 12:42:12,166 DEBUG [com.study.domain.post.PostMapper.save] <==    Updates: 1
2023-04-12 12:42:12,166  INFO [jdbc.resultsettable] 
|----------|
|insert_id |
|----------|
|884       |
|----------|

2023-04-12 12:42:12,168 DEBUG [com.study.aop.LoggerAspect] Service ===> com.study.domain.post.PostService.savePost()
2023-04-12 12:42:12,168 DEBUG [com.study.aop.LoggerAspect] Mapper ===> com.study.domain.post.PostMapper.save()
2023-04-12 12:42:12,168 DEBUG [com.study.domain.post.PostMapper.save] ==>  Preparing: INSERT INTO tb_post ( id , title , content , writer , view_cnt , notice_yn , delete_yn , created_date , modified_date ) VALUES ( ? , ? , ? , ? , 0 , ? , 0 , NOW() , NULL )
2023-04-12 12:42:12,168 DEBUG [com.study.domain.post.PostMapper.save] ==> Parameters: null, 885번 게시글 제목(String), 885번 게시글 내용(String), 테스터885(String), false(Boolean)
2023-04-12 12:42:12,168  INFO [jdbc.sqlonly] INSERT INTO tb_post (

          id
        , title
        , content
        , writer
        , view_cnt
        , notice_yn
        , delete_yn
        , created_date
        , modified_date

        ) VALUES (
              NULL
            , '885번 게시글 제목'
            , '885번 게시글 내용'
            , '테스터885'
            , 0
            , 0
            , 0
            , NOW()
            , NULL
        )

2023-04-12 12:42:12,169 DEBUG [com.study.domain.post.PostMapper.save] <==    Updates: 1
2023-04-12 12:42:12,169  INFO [jdbc.resultsettable] 
|----------|
|insert_id |
|----------|
|885       |
|----------|

2023-04-12 12:42:12,170 DEBUG [com.study.aop.LoggerAspect] Service ===> com.study.domain.post.PostService.savePost()
2023-04-12 12:42:12,170 DEBUG [com.study.aop.LoggerAspect] Mapper ===> com.study.domain.post.PostMapper.save()
2023-04-12 12:42:12,170 DEBUG [com.study.domain.post.PostMapper.save] ==>  Preparing: INSERT INTO tb_post ( id , title , content , writer , view_cnt , notice_yn , delete_yn , created_date , modified_date ) VALUES ( ? , ? , ? , ? , 0 , ? , 0 , NOW() , NULL )
2023-04-12 12:42:12,170 DEBUG [com.study.domain.post.PostMapper.save] ==> Parameters: null, 886번 게시글 제목(String), 886번 게시글 내용(String), 테스터886(String), false(Boolean)
2023-04-12 12:42:12,170  INFO [jdbc.sqlonly] INSERT INTO tb_post (

          id
        , title
        , content
        , writer
        , view_cnt
        , notice_yn
        , delete_yn
        , created_date
        , modified_date

        ) VALUES (
              NULL
            , '886번 게시글 제목'
            , '886번 게시글 내용'
            , '테스터886'
            , 0
            , 0
            , 0
            , NOW()
            , NULL
        )

2023-04-12 12:42:12,171 DEBUG [com.study.domain.post.PostMapper.save] <==    Updates: 1
2023-04-12 12:42:12,171  INFO [jdbc.resultsettable] 
|----------|
|insert_id |
|----------|
|886       |
|----------|

2023-04-12 12:42:12,174 DEBUG [com.study.aop.LoggerAspect] Service ===> com.study.domain.post.PostService.savePost()
2023-04-12 12:42:12,174 DEBUG [com.study.aop.LoggerAspect] Mapper ===> com.study.domain.post.PostMapper.save()
2023-04-12 12:42:12,174 DEBUG [com.study.domain.post.PostMapper.save] ==>  Preparing: INSERT INTO tb_post ( id , title , content , writer , view_cnt , notice_yn , delete_yn , created_date , modified_date ) VALUES ( ? , ? , ? , ? , 0 , ? , 0 , NOW() , NULL )
2023-04-12 12:42:12,174 DEBUG [com.study.domain.post.PostMapper.save] ==> Parameters: null, 887번 게시글 제목(String), 887번 게시글 내용(String), 테스터887(String), false(Boolean)
2023-04-12 12:42:12,174  INFO [jdbc.sqlonly] INSERT INTO tb_post (

          id
        , title
        , content
        , writer
        , view_cnt
        , notice_yn
        , delete_yn
        , created_date
        , modified_date

        ) VALUES (
              NULL
            , '887번 게시글 제목'
            , '887번 게시글 내용'
            , '테스터887'
            , 0
            , 0
            , 0
            , NOW()
            , NULL
        )

2023-04-12 12:42:12,174 DEBUG [com.study.domain.post.PostMapper.save] <==    Updates: 1
2023-04-12 12:42:12,175  INFO [jdbc.resultsettable] 
|----------|
|insert_id |
|----------|
|887       |
|----------|

2023-04-12 12:42:12,176 DEBUG [com.study.aop.LoggerAspect] Service ===> com.study.domain.post.PostService.savePost()
2023-04-12 12:42:12,176 DEBUG [com.study.aop.LoggerAspect] Mapper ===> com.study.domain.post.PostMapper.save()
2023-04-12 12:42:12,176 DEBUG [com.study.domain.post.PostMapper.save] ==>  Preparing: INSERT INTO tb_post ( id , title , content , writer , view_cnt , notice_yn , delete_yn , created_date , modified_date ) VALUES ( ? , ? , ? , ? , 0 , ? , 0 , NOW() , NULL )
2023-04-12 12:42:12,176 DEBUG [com.study.domain.post.PostMapper.save] ==> Parameters: null, 888번 게시글 제목(String), 888번 게시글 내용(String), 테스터888(String), false(Boolean)
2023-04-12 12:42:12,176  INFO [jdbc.sqlonly] INSERT INTO tb_post (

          id
        , title
        , content
        , writer
        , view_cnt
        , notice_yn
        , delete_yn
        , created_date
        , modified_date

        ) VALUES (
              NULL
            , '888번 게시글 제목'
            , '888번 게시글 내용'
            , '테스터888'
            , 0
            , 0
            , 0
            , NOW()
            , NULL
        )

2023-04-12 12:42:12,176 DEBUG [com.study.domain.post.PostMapper.save] <==    Updates: 1
2023-04-12 12:42:12,177  INFO [jdbc.resultsettable] 
|----------|
|insert_id |
|----------|
|888       |
|----------|

2023-04-12 12:42:12,178 DEBUG [com.study.aop.LoggerAspect] Service ===> com.study.domain.post.PostService.savePost()
2023-04-12 12:42:12,178 DEBUG [com.study.aop.LoggerAspect] Mapper ===> com.study.domain.post.PostMapper.save()
2023-04-12 12:42:12,178 DEBUG [com.study.domain.post.PostMapper.save] ==>  Preparing: INSERT INTO tb_post ( id , title , content , writer , view_cnt , notice_yn , delete_yn , created_date , modified_date ) VALUES ( ? , ? , ? , ? , 0 , ? , 0 , NOW() , NULL )
2023-04-12 12:42:12,178 DEBUG [com.study.domain.post.PostMapper.save] ==> Parameters: null, 889번 게시글 제목(String), 889번 게시글 내용(String), 테스터889(String), false(Boolean)
2023-04-12 12:42:12,178  INFO [jdbc.sqlonly] INSERT INTO tb_post (

          id
        , title
        , content
        , writer
        , view_cnt
        , notice_yn
        , delete_yn
        , created_date
        , modified_date

        ) VALUES (
              NULL
            , '889번 게시글 제목'
            , '889번 게시글 내용'
            , '테스터889'
            , 0
            , 0
            , 0
            , NOW()
            , NULL
        )

2023-04-12 12:42:12,179 DEBUG [com.study.domain.post.PostMapper.save] <==    Updates: 1
2023-04-12 12:42:12,179  INFO [jdbc.resultsettable] 
|----------|
|insert_id |
|----------|
|889       |
|----------|

2023-04-12 12:42:12,180 DEBUG [com.study.aop.LoggerAspect] Service ===> com.study.domain.post.PostService.savePost()
2023-04-12 12:42:12,180 DEBUG [com.study.aop.LoggerAspect] Mapper ===> com.study.domain.post.PostMapper.save()
2023-04-12 12:42:12,180 DEBUG [com.study.domain.post.PostMapper.save] ==>  Preparing: INSERT INTO tb_post ( id , title , content , writer , view_cnt , notice_yn , delete_yn , created_date , modified_date ) VALUES ( ? , ? , ? , ? , 0 , ? , 0 , NOW() , NULL )
2023-04-12 12:42:12,180 DEBUG [com.study.domain.post.PostMapper.save] ==> Parameters: null, 890번 게시글 제목(String), 890번 게시글 내용(String), 테스터890(String), false(Boolean)
2023-04-12 12:42:12,180  INFO [jdbc.sqlonly] INSERT INTO tb_post (

          id
        , title
        , content
        , writer
        , view_cnt
        , notice_yn
        , delete_yn
        , created_date
        , modified_date

        ) VALUES (
              NULL
            , '890번 게시글 제목'
            , '890번 게시글 내용'
            , '테스터890'
            , 0
            , 0
            , 0
            , NOW()
            , NULL
        )

2023-04-12 12:42:12,180 DEBUG [com.study.domain.post.PostMapper.save] <==    Updates: 1
2023-04-12 12:42:12,180  INFO [jdbc.resultsettable] 
|----------|
|insert_id |
|----------|
|890       |
|----------|

2023-04-12 12:42:12,181 DEBUG [com.study.aop.LoggerAspect] Service ===> com.study.domain.post.PostService.savePost()
2023-04-12 12:42:12,181 DEBUG [com.study.aop.LoggerAspect] Mapper ===> com.study.domain.post.PostMapper.save()
2023-04-12 12:42:12,182 DEBUG [com.study.domain.post.PostMapper.save] ==>  Preparing: INSERT INTO tb_post ( id , title , content , writer , view_cnt , notice_yn , delete_yn , created_date , modified_date ) VALUES ( ? , ? , ? , ? , 0 , ? , 0 , NOW() , NULL )
2023-04-12 12:42:12,182 DEBUG [com.study.domain.post.PostMapper.save] ==> Parameters: null, 891번 게시글 제목(String), 891번 게시글 내용(String), 테스터891(String), false(Boolean)
2023-04-12 12:42:12,182  INFO [jdbc.sqlonly] INSERT INTO tb_post (

          id
        , title
        , content
        , writer
        , view_cnt
        , notice_yn
        , delete_yn
        , created_date
        , modified_date

        ) VALUES (
              NULL
            , '891번 게시글 제목'
            , '891번 게시글 내용'
            , '테스터891'
            , 0
            , 0
            , 0
            , NOW()
            , NULL
        )

2023-04-12 12:42:12,182 DEBUG [com.study.domain.post.PostMapper.save] <==    Updates: 1
2023-04-12 12:42:12,182  INFO [jdbc.resultsettable] 
|----------|
|insert_id |
|----------|
|891       |
|----------|

2023-04-12 12:42:12,183 DEBUG [com.study.aop.LoggerAspect] Service ===> com.study.domain.post.PostService.savePost()
2023-04-12 12:42:12,183 DEBUG [com.study.aop.LoggerAspect] Mapper ===> com.study.domain.post.PostMapper.save()
2023-04-12 12:42:12,183 DEBUG [com.study.domain.post.PostMapper.save] ==>  Preparing: INSERT INTO tb_post ( id , title , content , writer , view_cnt , notice_yn , delete_yn , created_date , modified_date ) VALUES ( ? , ? , ? , ? , 0 , ? , 0 , NOW() , NULL )
2023-04-12 12:42:12,183 DEBUG [com.study.domain.post.PostMapper.save] ==> Parameters: null, 892번 게시글 제목(String), 892번 게시글 내용(String), 테스터892(String), false(Boolean)
2023-04-12 12:42:12,183  INFO [jdbc.sqlonly] INSERT INTO tb_post (

          id
        , title
        , content
        , writer
        , view_cnt
        , notice_yn
        , delete_yn
        , created_date
        , modified_date

        ) VALUES (
              NULL
            , '892번 게시글 제목'
            , '892번 게시글 내용'
            , '테스터892'
            , 0
            , 0
            , 0
            , NOW()
            , NULL
        )

2023-04-12 12:42:12,184 DEBUG [com.study.domain.post.PostMapper.save] <==    Updates: 1
2023-04-12 12:42:12,184  INFO [jdbc.resultsettable] 
|----------|
|insert_id |
|----------|
|892       |
|----------|

2023-04-12 12:42:12,185 DEBUG [com.study.aop.LoggerAspect] Service ===> com.study.domain.post.PostService.savePost()
2023-04-12 12:42:12,185 DEBUG [com.study.aop.LoggerAspect] Mapper ===> com.study.domain.post.PostMapper.save()
2023-04-12 12:42:12,185 DEBUG [com.study.domain.post.PostMapper.save] ==>  Preparing: INSERT INTO tb_post ( id , title , content , writer , view_cnt , notice_yn , delete_yn , created_date , modified_date ) VALUES ( ? , ? , ? , ? , 0 , ? , 0 , NOW() , NULL )
2023-04-12 12:42:12,185 DEBUG [com.study.domain.post.PostMapper.save] ==> Parameters: null, 893번 게시글 제목(String), 893번 게시글 내용(String), 테스터893(String), false(Boolean)
2023-04-12 12:42:12,185  INFO [jdbc.sqlonly] INSERT INTO tb_post (

          id
        , title
        , content
        , writer
        , view_cnt
        , notice_yn
        , delete_yn
        , created_date
        , modified_date

        ) VALUES (
              NULL
            , '893번 게시글 제목'
            , '893번 게시글 내용'
            , '테스터893'
            , 0
            , 0
            , 0
            , NOW()
            , NULL
        )

2023-04-12 12:42:12,186 DEBUG [com.study.domain.post.PostMapper.save] <==    Updates: 1
2023-04-12 12:42:12,186  INFO [jdbc.resultsettable] 
|----------|
|insert_id |
|----------|
|893       |
|----------|

2023-04-12 12:42:12,187 DEBUG [com.study.aop.LoggerAspect] Service ===> com.study.domain.post.PostService.savePost()
2023-04-12 12:42:12,187 DEBUG [com.study.aop.LoggerAspect] Mapper ===> com.study.domain.post.PostMapper.save()
2023-04-12 12:42:12,187 DEBUG [com.study.domain.post.PostMapper.save] ==>  Preparing: INSERT INTO tb_post ( id , title , content , writer , view_cnt , notice_yn , delete_yn , created_date , modified_date ) VALUES ( ? , ? , ? , ? , 0 , ? , 0 , NOW() , NULL )
2023-04-12 12:42:12,187 DEBUG [com.study.domain.post.PostMapper.save] ==> Parameters: null, 894번 게시글 제목(String), 894번 게시글 내용(String), 테스터894(String), false(Boolean)
2023-04-12 12:42:12,187  INFO [jdbc.sqlonly] INSERT INTO tb_post (

          id
        , title
        , content
        , writer
        , view_cnt
        , notice_yn
        , delete_yn
        , created_date
        , modified_date

        ) VALUES (
              NULL
            , '894번 게시글 제목'
            , '894번 게시글 내용'
            , '테스터894'
            , 0
            , 0
            , 0
            , NOW()
            , NULL
        )

2023-04-12 12:42:12,188 DEBUG [com.study.domain.post.PostMapper.save] <==    Updates: 1
2023-04-12 12:42:12,188  INFO [jdbc.resultsettable] 
|----------|
|insert_id |
|----------|
|894       |
|----------|

2023-04-12 12:42:12,189 DEBUG [com.study.aop.LoggerAspect] Service ===> com.study.domain.post.PostService.savePost()
2023-04-12 12:42:12,189 DEBUG [com.study.aop.LoggerAspect] Mapper ===> com.study.domain.post.PostMapper.save()
2023-04-12 12:42:12,189 DEBUG [com.study.domain.post.PostMapper.save] ==>  Preparing: INSERT INTO tb_post ( id , title , content , writer , view_cnt , notice_yn , delete_yn , created_date , modified_date ) VALUES ( ? , ? , ? , ? , 0 , ? , 0 , NOW() , NULL )
2023-04-12 12:42:12,189 DEBUG [com.study.domain.post.PostMapper.save] ==> Parameters: null, 895번 게시글 제목(String), 895번 게시글 내용(String), 테스터895(String), false(Boolean)
2023-04-12 12:42:12,189  INFO [jdbc.sqlonly] INSERT INTO tb_post (

          id
        , title
        , content
        , writer
        , view_cnt
        , notice_yn
        , delete_yn
        , created_date
        , modified_date

        ) VALUES (
              NULL
            , '895번 게시글 제목'
            , '895번 게시글 내용'
            , '테스터895'
            , 0
            , 0
            , 0
            , NOW()
            , NULL
        )

2023-04-12 12:42:12,190 DEBUG [com.study.domain.post.PostMapper.save] <==    Updates: 1
2023-04-12 12:42:12,190  INFO [jdbc.resultsettable] 
|----------|
|insert_id |
|----------|
|895       |
|----------|

2023-04-12 12:42:12,191 DEBUG [com.study.aop.LoggerAspect] Service ===> com.study.domain.post.PostService.savePost()
2023-04-12 12:42:12,191 DEBUG [com.study.aop.LoggerAspect] Mapper ===> com.study.domain.post.PostMapper.save()
2023-04-12 12:42:12,191 DEBUG [com.study.domain.post.PostMapper.save] ==>  Preparing: INSERT INTO tb_post ( id , title , content , writer , view_cnt , notice_yn , delete_yn , created_date , modified_date ) VALUES ( ? , ? , ? , ? , 0 , ? , 0 , NOW() , NULL )
2023-04-12 12:42:12,191 DEBUG [com.study.domain.post.PostMapper.save] ==> Parameters: null, 896번 게시글 제목(String), 896번 게시글 내용(String), 테스터896(String), false(Boolean)
2023-04-12 12:42:12,191  INFO [jdbc.sqlonly] INSERT INTO tb_post (

          id
        , title
        , content
        , writer
        , view_cnt
        , notice_yn
        , delete_yn
        , created_date
        , modified_date

        ) VALUES (
              NULL
            , '896번 게시글 제목'
            , '896번 게시글 내용'
            , '테스터896'
            , 0
            , 0
            , 0
            , NOW()
            , NULL
        )

2023-04-12 12:42:12,192 DEBUG [com.study.domain.post.PostMapper.save] <==    Updates: 1
2023-04-12 12:42:12,192  INFO [jdbc.resultsettable] 
|----------|
|insert_id |
|----------|
|896       |
|----------|

2023-04-12 12:42:12,193 DEBUG [com.study.aop.LoggerAspect] Service ===> com.study.domain.post.PostService.savePost()
2023-04-12 12:42:12,193 DEBUG [com.study.aop.LoggerAspect] Mapper ===> com.study.domain.post.PostMapper.save()
2023-04-12 12:42:12,193 DEBUG [com.study.domain.post.PostMapper.save] ==>  Preparing: INSERT INTO tb_post ( id , title , content , writer , view_cnt , notice_yn , delete_yn , created_date , modified_date ) VALUES ( ? , ? , ? , ? , 0 , ? , 0 , NOW() , NULL )
2023-04-12 12:42:12,194 DEBUG [com.study.domain.post.PostMapper.save] ==> Parameters: null, 897번 게시글 제목(String), 897번 게시글 내용(String), 테스터897(String), false(Boolean)
2023-04-12 12:42:12,194  INFO [jdbc.sqlonly] INSERT INTO tb_post (

          id
        , title
        , content
        , writer
        , view_cnt
        , notice_yn
        , delete_yn
        , created_date
        , modified_date

        ) VALUES (
              NULL
            , '897번 게시글 제목'
            , '897번 게시글 내용'
            , '테스터897'
            , 0
            , 0
            , 0
            , NOW()
            , NULL
        )

2023-04-12 12:42:12,194 DEBUG [com.study.domain.post.PostMapper.save] <==    Updates: 1
2023-04-12 12:42:12,194  INFO [jdbc.resultsettable] 
|----------|
|insert_id |
|----------|
|897       |
|----------|

2023-04-12 12:42:12,196 DEBUG [com.study.aop.LoggerAspect] Service ===> com.study.domain.post.PostService.savePost()
2023-04-12 12:42:12,196 DEBUG [com.study.aop.LoggerAspect] Mapper ===> com.study.domain.post.PostMapper.save()
2023-04-12 12:42:12,196 DEBUG [com.study.domain.post.PostMapper.save] ==>  Preparing: INSERT INTO tb_post ( id , title , content , writer , view_cnt , notice_yn , delete_yn , created_date , modified_date ) VALUES ( ? , ? , ? , ? , 0 , ? , 0 , NOW() , NULL )
2023-04-12 12:42:12,196 DEBUG [com.study.domain.post.PostMapper.save] ==> Parameters: null, 898번 게시글 제목(String), 898번 게시글 내용(String), 테스터898(String), false(Boolean)
2023-04-12 12:42:12,196  INFO [jdbc.sqlonly] INSERT INTO tb_post (

          id
        , title
        , content
        , writer
        , view_cnt
        , notice_yn
        , delete_yn
        , created_date
        , modified_date

        ) VALUES (
              NULL
            , '898번 게시글 제목'
            , '898번 게시글 내용'
            , '테스터898'
            , 0
            , 0
            , 0
            , NOW()
            , NULL
        )

2023-04-12 12:42:12,198 DEBUG [com.study.domain.post.PostMapper.save] <==    Updates: 1
2023-04-12 12:42:12,198  INFO [jdbc.resultsettable] 
|----------|
|insert_id |
|----------|
|898       |
|----------|

2023-04-12 12:42:12,200 DEBUG [com.study.aop.LoggerAspect] Service ===> com.study.domain.post.PostService.savePost()
2023-04-12 12:42:12,200 DEBUG [com.study.aop.LoggerAspect] Mapper ===> com.study.domain.post.PostMapper.save()
2023-04-12 12:42:12,201 DEBUG [com.study.domain.post.PostMapper.save] ==>  Preparing: INSERT INTO tb_post ( id , title , content , writer , view_cnt , notice_yn , delete_yn , created_date , modified_date ) VALUES ( ? , ? , ? , ? , 0 , ? , 0 , NOW() , NULL )
2023-04-12 12:42:12,201 DEBUG [com.study.domain.post.PostMapper.save] ==> Parameters: null, 899번 게시글 제목(String), 899번 게시글 내용(String), 테스터899(String), false(Boolean)
2023-04-12 12:42:12,201  INFO [jdbc.sqlonly] INSERT INTO tb_post (

          id
        , title
        , content
        , writer
        , view_cnt
        , notice_yn
        , delete_yn
        , created_date
        , modified_date

        ) VALUES (
              NULL
            , '899번 게시글 제목'
            , '899번 게시글 내용'
            , '테스터899'
            , 0
            , 0
            , 0
            , NOW()
            , NULL
        )

2023-04-12 12:42:12,201 DEBUG [com.study.domain.post.PostMapper.save] <==    Updates: 1
2023-04-12 12:42:12,201  INFO [jdbc.resultsettable] 
|----------|
|insert_id |
|----------|
|899       |
|----------|

2023-04-12 12:42:12,203 DEBUG [com.study.aop.LoggerAspect] Service ===> com.study.domain.post.PostService.savePost()
2023-04-12 12:42:12,203 DEBUG [com.study.aop.LoggerAspect] Mapper ===> com.study.domain.post.PostMapper.save()
2023-04-12 12:42:12,203 DEBUG [com.study.domain.post.PostMapper.save] ==>  Preparing: INSERT INTO tb_post ( id , title , content , writer , view_cnt , notice_yn , delete_yn , created_date , modified_date ) VALUES ( ? , ? , ? , ? , 0 , ? , 0 , NOW() , NULL )
2023-04-12 12:42:12,203 DEBUG [com.study.domain.post.PostMapper.save] ==> Parameters: null, 900번 게시글 제목(String), 900번 게시글 내용(String), 테스터900(String), false(Boolean)
2023-04-12 12:42:12,203  INFO [jdbc.sqlonly] INSERT INTO tb_post (

          id
        , title
        , content
        , writer
        , view_cnt
        , notice_yn
        , delete_yn
        , created_date
        , modified_date

        ) VALUES (
              NULL
            , '900번 게시글 제목'
            , '900번 게시글 내용'
            , '테스터900'
            , 0
            , 0
            , 0
            , NOW()
            , NULL
        )

2023-04-12 12:42:12,203 DEBUG [com.study.domain.post.PostMapper.save] <==    Updates: 1
2023-04-12 12:42:12,204  INFO [jdbc.resultsettable] 
|----------|
|insert_id |
|----------|
|900       |
|----------|

2023-04-12 12:42:12,206 DEBUG [com.study.aop.LoggerAspect] Service ===> com.study.domain.post.PostService.savePost()
2023-04-12 12:42:12,206 DEBUG [com.study.aop.LoggerAspect] Mapper ===> com.study.domain.post.PostMapper.save()
2023-04-12 12:42:12,206 DEBUG [com.study.domain.post.PostMapper.save] ==>  Preparing: INSERT INTO tb_post ( id , title , content , writer , view_cnt , notice_yn , delete_yn , created_date , modified_date ) VALUES ( ? , ? , ? , ? , 0 , ? , 0 , NOW() , NULL )
2023-04-12 12:42:12,206 DEBUG [com.study.domain.post.PostMapper.save] ==> Parameters: null, 901번 게시글 제목(String), 901번 게시글 내용(String), 테스터901(String), false(Boolean)
2023-04-12 12:42:12,206  INFO [jdbc.sqlonly] INSERT INTO tb_post (

          id
        , title
        , content
        , writer
        , view_cnt
        , notice_yn
        , delete_yn
        , created_date
        , modified_date

        ) VALUES (
              NULL
            , '901번 게시글 제목'
            , '901번 게시글 내용'
            , '테스터901'
            , 0
            , 0
            , 0
            , NOW()
            , NULL
        )

2023-04-12 12:42:12,206 DEBUG [com.study.domain.post.PostMapper.save] <==    Updates: 1
2023-04-12 12:42:12,207  INFO [jdbc.resultsettable] 
|----------|
|insert_id |
|----------|
|901       |
|----------|

2023-04-12 12:42:12,208 DEBUG [com.study.aop.LoggerAspect] Service ===> com.study.domain.post.PostService.savePost()
2023-04-12 12:42:12,208 DEBUG [com.study.aop.LoggerAspect] Mapper ===> com.study.domain.post.PostMapper.save()
2023-04-12 12:42:12,209 DEBUG [com.study.domain.post.PostMapper.save] ==>  Preparing: INSERT INTO tb_post ( id , title , content , writer , view_cnt , notice_yn , delete_yn , created_date , modified_date ) VALUES ( ? , ? , ? , ? , 0 , ? , 0 , NOW() , NULL )
2023-04-12 12:42:12,209 DEBUG [com.study.domain.post.PostMapper.save] ==> Parameters: null, 902번 게시글 제목(String), 902번 게시글 내용(String), 테스터902(String), false(Boolean)
2023-04-12 12:42:12,209  INFO [jdbc.sqlonly] INSERT INTO tb_post (

          id
        , title
        , content
        , writer
        , view_cnt
        , notice_yn
        , delete_yn
        , created_date
        , modified_date

        ) VALUES (
              NULL
            , '902번 게시글 제목'
            , '902번 게시글 내용'
            , '테스터902'
            , 0
            , 0
            , 0
            , NOW()
            , NULL
        )

2023-04-12 12:42:12,209 DEBUG [com.study.domain.post.PostMapper.save] <==    Updates: 1
2023-04-12 12:42:12,209  INFO [jdbc.resultsettable] 
|----------|
|insert_id |
|----------|
|902       |
|----------|

2023-04-12 12:42:12,211 DEBUG [com.study.aop.LoggerAspect] Service ===> com.study.domain.post.PostService.savePost()
2023-04-12 12:42:12,211 DEBUG [com.study.aop.LoggerAspect] Mapper ===> com.study.domain.post.PostMapper.save()
2023-04-12 12:42:12,211 DEBUG [com.study.domain.post.PostMapper.save] ==>  Preparing: INSERT INTO tb_post ( id , title , content , writer , view_cnt , notice_yn , delete_yn , created_date , modified_date ) VALUES ( ? , ? , ? , ? , 0 , ? , 0 , NOW() , NULL )
2023-04-12 12:42:12,211 DEBUG [com.study.domain.post.PostMapper.save] ==> Parameters: null, 903번 게시글 제목(String), 903번 게시글 내용(String), 테스터903(String), false(Boolean)
2023-04-12 12:42:12,211  INFO [jdbc.sqlonly] INSERT INTO tb_post (

          id
        , title
        , content
        , writer
        , view_cnt
        , notice_yn
        , delete_yn
        , created_date
        , modified_date

        ) VALUES (
              NULL
            , '903번 게시글 제목'
            , '903번 게시글 내용'
            , '테스터903'
            , 0
            , 0
            , 0
            , NOW()
            , NULL
        )

2023-04-12 12:42:12,211 DEBUG [com.study.domain.post.PostMapper.save] <==    Updates: 1
2023-04-12 12:42:12,211  INFO [jdbc.resultsettable] 
|----------|
|insert_id |
|----------|
|903       |
|----------|

2023-04-12 12:42:12,213 DEBUG [com.study.aop.LoggerAspect] Service ===> com.study.domain.post.PostService.savePost()
2023-04-12 12:42:12,213 DEBUG [com.study.aop.LoggerAspect] Mapper ===> com.study.domain.post.PostMapper.save()
2023-04-12 12:42:12,213 DEBUG [com.study.domain.post.PostMapper.save] ==>  Preparing: INSERT INTO tb_post ( id , title , content , writer , view_cnt , notice_yn , delete_yn , created_date , modified_date ) VALUES ( ? , ? , ? , ? , 0 , ? , 0 , NOW() , NULL )
2023-04-12 12:42:12,213 DEBUG [com.study.domain.post.PostMapper.save] ==> Parameters: null, 904번 게시글 제목(String), 904번 게시글 내용(String), 테스터904(String), false(Boolean)
2023-04-12 12:42:12,213  INFO [jdbc.sqlonly] INSERT INTO tb_post (

          id
        , title
        , content
        , writer
        , view_cnt
        , notice_yn
        , delete_yn
        , created_date
        , modified_date

        ) VALUES (
              NULL
            , '904번 게시글 제목'
            , '904번 게시글 내용'
            , '테스터904'
            , 0
            , 0
            , 0
            , NOW()
            , NULL
        )

2023-04-12 12:42:12,213 DEBUG [com.study.domain.post.PostMapper.save] <==    Updates: 1
2023-04-12 12:42:12,214  INFO [jdbc.resultsettable] 
|----------|
|insert_id |
|----------|
|904       |
|----------|

2023-04-12 12:42:12,215 DEBUG [com.study.aop.LoggerAspect] Service ===> com.study.domain.post.PostService.savePost()
2023-04-12 12:42:12,215 DEBUG [com.study.aop.LoggerAspect] Mapper ===> com.study.domain.post.PostMapper.save()
2023-04-12 12:42:12,215 DEBUG [com.study.domain.post.PostMapper.save] ==>  Preparing: INSERT INTO tb_post ( id , title , content , writer , view_cnt , notice_yn , delete_yn , created_date , modified_date ) VALUES ( ? , ? , ? , ? , 0 , ? , 0 , NOW() , NULL )
2023-04-12 12:42:12,215 DEBUG [com.study.domain.post.PostMapper.save] ==> Parameters: null, 905번 게시글 제목(String), 905번 게시글 내용(String), 테스터905(String), false(Boolean)
2023-04-12 12:42:12,215  INFO [jdbc.sqlonly] INSERT INTO tb_post (

          id
        , title
        , content
        , writer
        , view_cnt
        , notice_yn
        , delete_yn
        , created_date
        , modified_date

        ) VALUES (
              NULL
            , '905번 게시글 제목'
            , '905번 게시글 내용'
            , '테스터905'
            , 0
            , 0
            , 0
            , NOW()
            , NULL
        )

2023-04-12 12:42:12,215 DEBUG [com.study.domain.post.PostMapper.save] <==    Updates: 1
2023-04-12 12:42:12,215  INFO [jdbc.resultsettable] 
|----------|
|insert_id |
|----------|
|905       |
|----------|

2023-04-12 12:42:12,217 DEBUG [com.study.aop.LoggerAspect] Service ===> com.study.domain.post.PostService.savePost()
2023-04-12 12:42:12,217 DEBUG [com.study.aop.LoggerAspect] Mapper ===> com.study.domain.post.PostMapper.save()
2023-04-12 12:42:12,217 DEBUG [com.study.domain.post.PostMapper.save] ==>  Preparing: INSERT INTO tb_post ( id , title , content , writer , view_cnt , notice_yn , delete_yn , created_date , modified_date ) VALUES ( ? , ? , ? , ? , 0 , ? , 0 , NOW() , NULL )
2023-04-12 12:42:12,217 DEBUG [com.study.domain.post.PostMapper.save] ==> Parameters: null, 906번 게시글 제목(String), 906번 게시글 내용(String), 테스터906(String), false(Boolean)
2023-04-12 12:42:12,217  INFO [jdbc.sqlonly] INSERT INTO tb_post (

          id
        , title
        , content
        , writer
        , view_cnt
        , notice_yn
        , delete_yn
        , created_date
        , modified_date

        ) VALUES (
              NULL
            , '906번 게시글 제목'
            , '906번 게시글 내용'
            , '테스터906'
            , 0
            , 0
            , 0
            , NOW()
            , NULL
        )

2023-04-12 12:42:12,218 DEBUG [com.study.domain.post.PostMapper.save] <==    Updates: 1
2023-04-12 12:42:12,218  INFO [jdbc.resultsettable] 
|----------|
|insert_id |
|----------|
|906       |
|----------|

2023-04-12 12:42:12,219 DEBUG [com.study.aop.LoggerAspect] Service ===> com.study.domain.post.PostService.savePost()
2023-04-12 12:42:12,219 DEBUG [com.study.aop.LoggerAspect] Mapper ===> com.study.domain.post.PostMapper.save()
2023-04-12 12:42:12,219 DEBUG [com.study.domain.post.PostMapper.save] ==>  Preparing: INSERT INTO tb_post ( id , title , content , writer , view_cnt , notice_yn , delete_yn , created_date , modified_date ) VALUES ( ? , ? , ? , ? , 0 , ? , 0 , NOW() , NULL )
2023-04-12 12:42:12,219 DEBUG [com.study.domain.post.PostMapper.save] ==> Parameters: null, 907번 게시글 제목(String), 907번 게시글 내용(String), 테스터907(String), false(Boolean)
2023-04-12 12:42:12,219  INFO [jdbc.sqlonly] INSERT INTO tb_post (

          id
        , title
        , content
        , writer
        , view_cnt
        , notice_yn
        , delete_yn
        , created_date
        , modified_date

        ) VALUES (
              NULL
            , '907번 게시글 제목'
            , '907번 게시글 내용'
            , '테스터907'
            , 0
            , 0
            , 0
            , NOW()
            , NULL
        )

2023-04-12 12:42:12,220 DEBUG [com.study.domain.post.PostMapper.save] <==    Updates: 1
2023-04-12 12:42:12,220  INFO [jdbc.resultsettable] 
|----------|
|insert_id |
|----------|
|907       |
|----------|

2023-04-12 12:42:12,221 DEBUG [com.study.aop.LoggerAspect] Service ===> com.study.domain.post.PostService.savePost()
2023-04-12 12:42:12,221 DEBUG [com.study.aop.LoggerAspect] Mapper ===> com.study.domain.post.PostMapper.save()
2023-04-12 12:42:12,221 DEBUG [com.study.domain.post.PostMapper.save] ==>  Preparing: INSERT INTO tb_post ( id , title , content , writer , view_cnt , notice_yn , delete_yn , created_date , modified_date ) VALUES ( ? , ? , ? , ? , 0 , ? , 0 , NOW() , NULL )
2023-04-12 12:42:12,222 DEBUG [com.study.domain.post.PostMapper.save] ==> Parameters: null, 908번 게시글 제목(String), 908번 게시글 내용(String), 테스터908(String), false(Boolean)
2023-04-12 12:42:12,222  INFO [jdbc.sqlonly] INSERT INTO tb_post (

          id
        , title
        , content
        , writer
        , view_cnt
        , notice_yn
        , delete_yn
        , created_date
        , modified_date

        ) VALUES (
              NULL
            , '908번 게시글 제목'
            , '908번 게시글 내용'
            , '테스터908'
            , 0
            , 0
            , 0
            , NOW()
            , NULL
        )

2023-04-12 12:42:12,222 DEBUG [com.study.domain.post.PostMapper.save] <==    Updates: 1
2023-04-12 12:42:12,222  INFO [jdbc.resultsettable] 
|----------|
|insert_id |
|----------|
|908       |
|----------|

2023-04-12 12:42:12,224 DEBUG [com.study.aop.LoggerAspect] Service ===> com.study.domain.post.PostService.savePost()
2023-04-12 12:42:12,224 DEBUG [com.study.aop.LoggerAspect] Mapper ===> com.study.domain.post.PostMapper.save()
2023-04-12 12:42:12,224 DEBUG [com.study.domain.post.PostMapper.save] ==>  Preparing: INSERT INTO tb_post ( id , title , content , writer , view_cnt , notice_yn , delete_yn , created_date , modified_date ) VALUES ( ? , ? , ? , ? , 0 , ? , 0 , NOW() , NULL )
2023-04-12 12:42:12,224 DEBUG [com.study.domain.post.PostMapper.save] ==> Parameters: null, 909번 게시글 제목(String), 909번 게시글 내용(String), 테스터909(String), false(Boolean)
2023-04-12 12:42:12,224  INFO [jdbc.sqlonly] INSERT INTO tb_post (

          id
        , title
        , content
        , writer
        , view_cnt
        , notice_yn
        , delete_yn
        , created_date
        , modified_date

        ) VALUES (
              NULL
            , '909번 게시글 제목'
            , '909번 게시글 내용'
            , '테스터909'
            , 0
            , 0
            , 0
            , NOW()
            , NULL
        )

2023-04-12 12:42:12,225 DEBUG [com.study.domain.post.PostMapper.save] <==    Updates: 1
2023-04-12 12:42:12,225  INFO [jdbc.resultsettable] 
|----------|
|insert_id |
|----------|
|909       |
|----------|

2023-04-12 12:42:12,226 DEBUG [com.study.aop.LoggerAspect] Service ===> com.study.domain.post.PostService.savePost()
2023-04-12 12:42:12,226 DEBUG [com.study.aop.LoggerAspect] Mapper ===> com.study.domain.post.PostMapper.save()
2023-04-12 12:42:12,226 DEBUG [com.study.domain.post.PostMapper.save] ==>  Preparing: INSERT INTO tb_post ( id , title , content , writer , view_cnt , notice_yn , delete_yn , created_date , modified_date ) VALUES ( ? , ? , ? , ? , 0 , ? , 0 , NOW() , NULL )
2023-04-12 12:42:12,226 DEBUG [com.study.domain.post.PostMapper.save] ==> Parameters: null, 910번 게시글 제목(String), 910번 게시글 내용(String), 테스터910(String), false(Boolean)
2023-04-12 12:42:12,226  INFO [jdbc.sqlonly] INSERT INTO tb_post (

          id
        , title
        , content
        , writer
        , view_cnt
        , notice_yn
        , delete_yn
        , created_date
        , modified_date

        ) VALUES (
              NULL
            , '910번 게시글 제목'
            , '910번 게시글 내용'
            , '테스터910'
            , 0
            , 0
            , 0
            , NOW()
            , NULL
        )

2023-04-12 12:42:12,227 DEBUG [com.study.domain.post.PostMapper.save] <==    Updates: 1
2023-04-12 12:42:12,227  INFO [jdbc.resultsettable] 
|----------|
|insert_id |
|----------|
|910       |
|----------|

2023-04-12 12:42:12,228 DEBUG [com.study.aop.LoggerAspect] Service ===> com.study.domain.post.PostService.savePost()
2023-04-12 12:42:12,229 DEBUG [com.study.aop.LoggerAspect] Mapper ===> com.study.domain.post.PostMapper.save()
2023-04-12 12:42:12,229 DEBUG [com.study.domain.post.PostMapper.save] ==>  Preparing: INSERT INTO tb_post ( id , title , content , writer , view_cnt , notice_yn , delete_yn , created_date , modified_date ) VALUES ( ? , ? , ? , ? , 0 , ? , 0 , NOW() , NULL )
2023-04-12 12:42:12,229 DEBUG [com.study.domain.post.PostMapper.save] ==> Parameters: null, 911번 게시글 제목(String), 911번 게시글 내용(String), 테스터911(String), false(Boolean)
2023-04-12 12:42:12,229  INFO [jdbc.sqlonly] INSERT INTO tb_post (

          id
        , title
        , content
        , writer
        , view_cnt
        , notice_yn
        , delete_yn
        , created_date
        , modified_date

        ) VALUES (
              NULL
            , '911번 게시글 제목'
            , '911번 게시글 내용'
            , '테스터911'
            , 0
            , 0
            , 0
            , NOW()
            , NULL
        )

2023-04-12 12:42:12,229 DEBUG [com.study.domain.post.PostMapper.save] <==    Updates: 1
2023-04-12 12:42:12,229  INFO [jdbc.resultsettable] 
|----------|
|insert_id |
|----------|
|911       |
|----------|

2023-04-12 12:42:12,231 DEBUG [com.study.aop.LoggerAspect] Service ===> com.study.domain.post.PostService.savePost()
2023-04-12 12:42:12,231 DEBUG [com.study.aop.LoggerAspect] Mapper ===> com.study.domain.post.PostMapper.save()
2023-04-12 12:42:12,231 DEBUG [com.study.domain.post.PostMapper.save] ==>  Preparing: INSERT INTO tb_post ( id , title , content , writer , view_cnt , notice_yn , delete_yn , created_date , modified_date ) VALUES ( ? , ? , ? , ? , 0 , ? , 0 , NOW() , NULL )
2023-04-12 12:42:12,231 DEBUG [com.study.domain.post.PostMapper.save] ==> Parameters: null, 912번 게시글 제목(String), 912번 게시글 내용(String), 테스터912(String), false(Boolean)
2023-04-12 12:42:12,231  INFO [jdbc.sqlonly] INSERT INTO tb_post (

          id
        , title
        , content
        , writer
        , view_cnt
        , notice_yn
        , delete_yn
        , created_date
        , modified_date

        ) VALUES (
              NULL
            , '912번 게시글 제목'
            , '912번 게시글 내용'
            , '테스터912'
            , 0
            , 0
            , 0
            , NOW()
            , NULL
        )

2023-04-12 12:42:12,231 DEBUG [com.study.domain.post.PostMapper.save] <==    Updates: 1
2023-04-12 12:42:12,231  INFO [jdbc.resultsettable] 
|----------|
|insert_id |
|----------|
|912       |
|----------|

2023-04-12 12:42:12,233 DEBUG [com.study.aop.LoggerAspect] Service ===> com.study.domain.post.PostService.savePost()
2023-04-12 12:42:12,233 DEBUG [com.study.aop.LoggerAspect] Mapper ===> com.study.domain.post.PostMapper.save()
2023-04-12 12:42:12,233 DEBUG [com.study.domain.post.PostMapper.save] ==>  Preparing: INSERT INTO tb_post ( id , title , content , writer , view_cnt , notice_yn , delete_yn , created_date , modified_date ) VALUES ( ? , ? , ? , ? , 0 , ? , 0 , NOW() , NULL )
2023-04-12 12:42:12,233 DEBUG [com.study.domain.post.PostMapper.save] ==> Parameters: null, 913번 게시글 제목(String), 913번 게시글 내용(String), 테스터913(String), false(Boolean)
2023-04-12 12:42:12,233  INFO [jdbc.sqlonly] INSERT INTO tb_post (

          id
        , title
        , content
        , writer
        , view_cnt
        , notice_yn
        , delete_yn
        , created_date
        , modified_date

        ) VALUES (
              NULL
            , '913번 게시글 제목'
            , '913번 게시글 내용'
            , '테스터913'
            , 0
            , 0
            , 0
            , NOW()
            , NULL
        )

2023-04-12 12:42:12,233 DEBUG [com.study.domain.post.PostMapper.save] <==    Updates: 1
2023-04-12 12:42:12,234  INFO [jdbc.resultsettable] 
|----------|
|insert_id |
|----------|
|913       |
|----------|

2023-04-12 12:42:12,235 DEBUG [com.study.aop.LoggerAspect] Service ===> com.study.domain.post.PostService.savePost()
2023-04-12 12:42:12,235 DEBUG [com.study.aop.LoggerAspect] Mapper ===> com.study.domain.post.PostMapper.save()
2023-04-12 12:42:12,235 DEBUG [com.study.domain.post.PostMapper.save] ==>  Preparing: INSERT INTO tb_post ( id , title , content , writer , view_cnt , notice_yn , delete_yn , created_date , modified_date ) VALUES ( ? , ? , ? , ? , 0 , ? , 0 , NOW() , NULL )
2023-04-12 12:42:12,235 DEBUG [com.study.domain.post.PostMapper.save] ==> Parameters: null, 914번 게시글 제목(String), 914번 게시글 내용(String), 테스터914(String), false(Boolean)
2023-04-12 12:42:12,235  INFO [jdbc.sqlonly] INSERT INTO tb_post (

          id
        , title
        , content
        , writer
        , view_cnt
        , notice_yn
        , delete_yn
        , created_date
        , modified_date

        ) VALUES (
              NULL
            , '914번 게시글 제목'
            , '914번 게시글 내용'
            , '테스터914'
            , 0
            , 0
            , 0
            , NOW()
            , NULL
        )

2023-04-12 12:42:12,235 DEBUG [com.study.domain.post.PostMapper.save] <==    Updates: 1
2023-04-12 12:42:12,236  INFO [jdbc.resultsettable] 
|----------|
|insert_id |
|----------|
|914       |
|----------|

2023-04-12 12:42:12,237 DEBUG [com.study.aop.LoggerAspect] Service ===> com.study.domain.post.PostService.savePost()
2023-04-12 12:42:12,237 DEBUG [com.study.aop.LoggerAspect] Mapper ===> com.study.domain.post.PostMapper.save()
2023-04-12 12:42:12,237 DEBUG [com.study.domain.post.PostMapper.save] ==>  Preparing: INSERT INTO tb_post ( id , title , content , writer , view_cnt , notice_yn , delete_yn , created_date , modified_date ) VALUES ( ? , ? , ? , ? , 0 , ? , 0 , NOW() , NULL )
2023-04-12 12:42:12,237 DEBUG [com.study.domain.post.PostMapper.save] ==> Parameters: null, 915번 게시글 제목(String), 915번 게시글 내용(String), 테스터915(String), false(Boolean)
2023-04-12 12:42:12,237  INFO [jdbc.sqlonly] INSERT INTO tb_post (

          id
        , title
        , content
        , writer
        , view_cnt
        , notice_yn
        , delete_yn
        , created_date
        , modified_date

        ) VALUES (
              NULL
            , '915번 게시글 제목'
            , '915번 게시글 내용'
            , '테스터915'
            , 0
            , 0
            , 0
            , NOW()
            , NULL
        )

2023-04-12 12:42:12,237 DEBUG [com.study.domain.post.PostMapper.save] <==    Updates: 1
2023-04-12 12:42:12,238  INFO [jdbc.resultsettable] 
|----------|
|insert_id |
|----------|
|915       |
|----------|

2023-04-12 12:42:12,239 DEBUG [com.study.aop.LoggerAspect] Service ===> com.study.domain.post.PostService.savePost()
2023-04-12 12:42:12,239 DEBUG [com.study.aop.LoggerAspect] Mapper ===> com.study.domain.post.PostMapper.save()
2023-04-12 12:42:12,239 DEBUG [com.study.domain.post.PostMapper.save] ==>  Preparing: INSERT INTO tb_post ( id , title , content , writer , view_cnt , notice_yn , delete_yn , created_date , modified_date ) VALUES ( ? , ? , ? , ? , 0 , ? , 0 , NOW() , NULL )
2023-04-12 12:42:12,239 DEBUG [com.study.domain.post.PostMapper.save] ==> Parameters: null, 916번 게시글 제목(String), 916번 게시글 내용(String), 테스터916(String), false(Boolean)
2023-04-12 12:42:12,239  INFO [jdbc.sqlonly] INSERT INTO tb_post (

          id
        , title
        , content
        , writer
        , view_cnt
        , notice_yn
        , delete_yn
        , created_date
        , modified_date

        ) VALUES (
              NULL
            , '916번 게시글 제목'
            , '916번 게시글 내용'
            , '테스터916'
            , 0
            , 0
            , 0
            , NOW()
            , NULL
        )

2023-04-12 12:42:12,239 DEBUG [com.study.domain.post.PostMapper.save] <==    Updates: 1
2023-04-12 12:42:12,240  INFO [jdbc.resultsettable] 
|----------|
|insert_id |
|----------|
|916       |
|----------|

2023-04-12 12:42:12,456 DEBUG [com.study.aop.LoggerAspect] Service ===> com.study.domain.post.PostService.savePost()
2023-04-12 12:42:12,456 DEBUG [com.study.aop.LoggerAspect] Mapper ===> com.study.domain.post.PostMapper.save()
2023-04-12 12:42:12,456 DEBUG [com.study.domain.post.PostMapper.save] ==>  Preparing: INSERT INTO tb_post ( id , title , content , writer , view_cnt , notice_yn , delete_yn , created_date , modified_date ) VALUES ( ? , ? , ? , ? , 0 , ? , 0 , NOW() , NULL )
2023-04-12 12:42:12,456 DEBUG [com.study.domain.post.PostMapper.save] ==> Parameters: null, 917번 게시글 제목(String), 917번 게시글 내용(String), 테스터917(String), false(Boolean)
2023-04-12 12:42:12,456  INFO [jdbc.sqlonly] INSERT INTO tb_post (

          id
        , title
        , content
        , writer
        , view_cnt
        , notice_yn
        , delete_yn
        , created_date
        , modified_date

        ) VALUES (
              NULL
            , '917번 게시글 제목'
            , '917번 게시글 내용'
            , '테스터917'
            , 0
            , 0
            , 0
            , NOW()
            , NULL
        )

2023-04-12 12:42:12,477 DEBUG [com.study.domain.post.PostMapper.save] <==    Updates: 1
2023-04-12 12:42:12,477  INFO [jdbc.resultsettable] 
|----------|
|insert_id |
|----------|
|917       |
|----------|

2023-04-12 12:42:12,490 DEBUG [com.study.aop.LoggerAspect] Service ===> com.study.domain.post.PostService.savePost()
2023-04-12 12:42:12,490 DEBUG [com.study.aop.LoggerAspect] Mapper ===> com.study.domain.post.PostMapper.save()
2023-04-12 12:42:12,490 DEBUG [com.study.domain.post.PostMapper.save] ==>  Preparing: INSERT INTO tb_post ( id , title , content , writer , view_cnt , notice_yn , delete_yn , created_date , modified_date ) VALUES ( ? , ? , ? , ? , 0 , ? , 0 , NOW() , NULL )
2023-04-12 12:42:12,490 DEBUG [com.study.domain.post.PostMapper.save] ==> Parameters: null, 918번 게시글 제목(String), 918번 게시글 내용(String), 테스터918(String), false(Boolean)
2023-04-12 12:42:12,490  INFO [jdbc.sqlonly] INSERT INTO tb_post (

          id
        , title
        , content
        , writer
        , view_cnt
        , notice_yn
        , delete_yn
        , created_date
        , modified_date

        ) VALUES (
              NULL
            , '918번 게시글 제목'
            , '918번 게시글 내용'
            , '테스터918'
            , 0
            , 0
            , 0
            , NOW()
            , NULL
        )

2023-04-12 12:42:12,491 DEBUG [com.study.domain.post.PostMapper.save] <==    Updates: 1
2023-04-12 12:42:12,491  INFO [jdbc.resultsettable] 
|----------|
|insert_id |
|----------|
|918       |
|----------|

2023-04-12 12:42:12,492 DEBUG [com.study.aop.LoggerAspect] Service ===> com.study.domain.post.PostService.savePost()
2023-04-12 12:42:12,492 DEBUG [com.study.aop.LoggerAspect] Mapper ===> com.study.domain.post.PostMapper.save()
2023-04-12 12:42:12,492 DEBUG [com.study.domain.post.PostMapper.save] ==>  Preparing: INSERT INTO tb_post ( id , title , content , writer , view_cnt , notice_yn , delete_yn , created_date , modified_date ) VALUES ( ? , ? , ? , ? , 0 , ? , 0 , NOW() , NULL )
2023-04-12 12:42:12,492 DEBUG [com.study.domain.post.PostMapper.save] ==> Parameters: null, 919번 게시글 제목(String), 919번 게시글 내용(String), 테스터919(String), false(Boolean)
2023-04-12 12:42:12,492  INFO [jdbc.sqlonly] INSERT INTO tb_post (

          id
        , title
        , content
        , writer
        , view_cnt
        , notice_yn
        , delete_yn
        , created_date
        , modified_date

        ) VALUES (
              NULL
            , '919번 게시글 제목'
            , '919번 게시글 내용'
            , '테스터919'
            , 0
            , 0
            , 0
            , NOW()
            , NULL
        )

2023-04-12 12:42:12,492 DEBUG [com.study.domain.post.PostMapper.save] <==    Updates: 1
2023-04-12 12:42:12,493  INFO [jdbc.resultsettable] 
|----------|
|insert_id |
|----------|
|919       |
|----------|

2023-04-12 12:42:12,494 DEBUG [com.study.aop.LoggerAspect] Service ===> com.study.domain.post.PostService.savePost()
2023-04-12 12:42:12,494 DEBUG [com.study.aop.LoggerAspect] Mapper ===> com.study.domain.post.PostMapper.save()
2023-04-12 12:42:12,494 DEBUG [com.study.domain.post.PostMapper.save] ==>  Preparing: INSERT INTO tb_post ( id , title , content , writer , view_cnt , notice_yn , delete_yn , created_date , modified_date ) VALUES ( ? , ? , ? , ? , 0 , ? , 0 , NOW() , NULL )
2023-04-12 12:42:12,495 DEBUG [com.study.domain.post.PostMapper.save] ==> Parameters: null, 920번 게시글 제목(String), 920번 게시글 내용(String), 테스터920(String), false(Boolean)
2023-04-12 12:42:12,495  INFO [jdbc.sqlonly] INSERT INTO tb_post (

          id
        , title
        , content
        , writer
        , view_cnt
        , notice_yn
        , delete_yn
        , created_date
        , modified_date

        ) VALUES (
              NULL
            , '920번 게시글 제목'
            , '920번 게시글 내용'
            , '테스터920'
            , 0
            , 0
            , 0
            , NOW()
            , NULL
        )

2023-04-12 12:42:12,495 DEBUG [com.study.domain.post.PostMapper.save] <==    Updates: 1
2023-04-12 12:42:12,495  INFO [jdbc.resultsettable] 
|----------|
|insert_id |
|----------|
|920       |
|----------|

2023-04-12 12:42:12,496 DEBUG [com.study.aop.LoggerAspect] Service ===> com.study.domain.post.PostService.savePost()
2023-04-12 12:42:12,496 DEBUG [com.study.aop.LoggerAspect] Mapper ===> com.study.domain.post.PostMapper.save()
2023-04-12 12:42:12,497 DEBUG [com.study.domain.post.PostMapper.save] ==>  Preparing: INSERT INTO tb_post ( id , title , content , writer , view_cnt , notice_yn , delete_yn , created_date , modified_date ) VALUES ( ? , ? , ? , ? , 0 , ? , 0 , NOW() , NULL )
2023-04-12 12:42:12,497 DEBUG [com.study.domain.post.PostMapper.save] ==> Parameters: null, 921번 게시글 제목(String), 921번 게시글 내용(String), 테스터921(String), false(Boolean)
2023-04-12 12:42:12,497  INFO [jdbc.sqlonly] INSERT INTO tb_post (

          id
        , title
        , content
        , writer
        , view_cnt
        , notice_yn
        , delete_yn
        , created_date
        , modified_date

        ) VALUES (
              NULL
            , '921번 게시글 제목'
            , '921번 게시글 내용'
            , '테스터921'
            , 0
            , 0
            , 0
            , NOW()
            , NULL
        )

2023-04-12 12:42:12,497 DEBUG [com.study.domain.post.PostMapper.save] <==    Updates: 1
2023-04-12 12:42:12,497  INFO [jdbc.resultsettable] 
|----------|
|insert_id |
|----------|
|921       |
|----------|

2023-04-12 12:42:12,498 DEBUG [com.study.aop.LoggerAspect] Service ===> com.study.domain.post.PostService.savePost()
2023-04-12 12:42:12,498 DEBUG [com.study.aop.LoggerAspect] Mapper ===> com.study.domain.post.PostMapper.save()
2023-04-12 12:42:12,499 DEBUG [com.study.domain.post.PostMapper.save] ==>  Preparing: INSERT INTO tb_post ( id , title , content , writer , view_cnt , notice_yn , delete_yn , created_date , modified_date ) VALUES ( ? , ? , ? , ? , 0 , ? , 0 , NOW() , NULL )
2023-04-12 12:42:12,499 DEBUG [com.study.domain.post.PostMapper.save] ==> Parameters: null, 922번 게시글 제목(String), 922번 게시글 내용(String), 테스터922(String), false(Boolean)
2023-04-12 12:42:12,499  INFO [jdbc.sqlonly] INSERT INTO tb_post (

          id
        , title
        , content
        , writer
        , view_cnt
        , notice_yn
        , delete_yn
        , created_date
        , modified_date

        ) VALUES (
              NULL
            , '922번 게시글 제목'
            , '922번 게시글 내용'
            , '테스터922'
            , 0
            , 0
            , 0
            , NOW()
            , NULL
        )

2023-04-12 12:42:12,499 DEBUG [com.study.domain.post.PostMapper.save] <==    Updates: 1
2023-04-12 12:42:12,499  INFO [jdbc.resultsettable] 
|----------|
|insert_id |
|----------|
|922       |
|----------|

2023-04-12 12:42:12,504 DEBUG [com.study.aop.LoggerAspect] Service ===> com.study.domain.post.PostService.savePost()
2023-04-12 12:42:12,504 DEBUG [com.study.aop.LoggerAspect] Mapper ===> com.study.domain.post.PostMapper.save()
2023-04-12 12:42:12,504 DEBUG [com.study.domain.post.PostMapper.save] ==>  Preparing: INSERT INTO tb_post ( id , title , content , writer , view_cnt , notice_yn , delete_yn , created_date , modified_date ) VALUES ( ? , ? , ? , ? , 0 , ? , 0 , NOW() , NULL )
2023-04-12 12:42:12,504 DEBUG [com.study.domain.post.PostMapper.save] ==> Parameters: null, 923번 게시글 제목(String), 923번 게시글 내용(String), 테스터923(String), false(Boolean)
2023-04-12 12:42:12,504  INFO [jdbc.sqlonly] INSERT INTO tb_post (

          id
        , title
        , content
        , writer
        , view_cnt
        , notice_yn
        , delete_yn
        , created_date
        , modified_date

        ) VALUES (
              NULL
            , '923번 게시글 제목'
            , '923번 게시글 내용'
            , '테스터923'
            , 0
            , 0
            , 0
            , NOW()
            , NULL
        )

2023-04-12 12:42:12,505 DEBUG [com.study.domain.post.PostMapper.save] <==    Updates: 1
2023-04-12 12:42:12,505  INFO [jdbc.resultsettable] 
|----------|
|insert_id |
|----------|
|923       |
|----------|

2023-04-12 12:42:12,509 DEBUG [com.study.aop.LoggerAspect] Service ===> com.study.domain.post.PostService.savePost()
2023-04-12 12:42:12,509 DEBUG [com.study.aop.LoggerAspect] Mapper ===> com.study.domain.post.PostMapper.save()
2023-04-12 12:42:12,510 DEBUG [com.study.domain.post.PostMapper.save] ==>  Preparing: INSERT INTO tb_post ( id , title , content , writer , view_cnt , notice_yn , delete_yn , created_date , modified_date ) VALUES ( ? , ? , ? , ? , 0 , ? , 0 , NOW() , NULL )
2023-04-12 12:42:12,510 DEBUG [com.study.domain.post.PostMapper.save] ==> Parameters: null, 924번 게시글 제목(String), 924번 게시글 내용(String), 테스터924(String), false(Boolean)
2023-04-12 12:42:12,510  INFO [jdbc.sqlonly] INSERT INTO tb_post (

          id
        , title
        , content
        , writer
        , view_cnt
        , notice_yn
        , delete_yn
        , created_date
        , modified_date

        ) VALUES (
              NULL
            , '924번 게시글 제목'
            , '924번 게시글 내용'
            , '테스터924'
            , 0
            , 0
            , 0
            , NOW()
            , NULL
        )

2023-04-12 12:42:12,510 DEBUG [com.study.domain.post.PostMapper.save] <==    Updates: 1
2023-04-12 12:42:12,510  INFO [jdbc.resultsettable] 
|----------|
|insert_id |
|----------|
|924       |
|----------|

2023-04-12 12:42:12,512 DEBUG [com.study.aop.LoggerAspect] Service ===> com.study.domain.post.PostService.savePost()
2023-04-12 12:42:12,512 DEBUG [com.study.aop.LoggerAspect] Mapper ===> com.study.domain.post.PostMapper.save()
2023-04-12 12:42:12,512 DEBUG [com.study.domain.post.PostMapper.save] ==>  Preparing: INSERT INTO tb_post ( id , title , content , writer , view_cnt , notice_yn , delete_yn , created_date , modified_date ) VALUES ( ? , ? , ? , ? , 0 , ? , 0 , NOW() , NULL )
2023-04-12 12:42:12,512 DEBUG [com.study.domain.post.PostMapper.save] ==> Parameters: null, 925번 게시글 제목(String), 925번 게시글 내용(String), 테스터925(String), false(Boolean)
2023-04-12 12:42:12,512  INFO [jdbc.sqlonly] INSERT INTO tb_post (

          id
        , title
        , content
        , writer
        , view_cnt
        , notice_yn
        , delete_yn
        , created_date
        , modified_date

        ) VALUES (
              NULL
            , '925번 게시글 제목'
            , '925번 게시글 내용'
            , '테스터925'
            , 0
            , 0
            , 0
            , NOW()
            , NULL
        )

2023-04-12 12:42:12,512 DEBUG [com.study.domain.post.PostMapper.save] <==    Updates: 1
2023-04-12 12:42:12,512  INFO [jdbc.resultsettable] 
|----------|
|insert_id |
|----------|
|925       |
|----------|

2023-04-12 12:42:12,514 DEBUG [com.study.aop.LoggerAspect] Service ===> com.study.domain.post.PostService.savePost()
2023-04-12 12:42:12,514 DEBUG [com.study.aop.LoggerAspect] Mapper ===> com.study.domain.post.PostMapper.save()
2023-04-12 12:42:12,514 DEBUG [com.study.domain.post.PostMapper.save] ==>  Preparing: INSERT INTO tb_post ( id , title , content , writer , view_cnt , notice_yn , delete_yn , created_date , modified_date ) VALUES ( ? , ? , ? , ? , 0 , ? , 0 , NOW() , NULL )
2023-04-12 12:42:12,514 DEBUG [com.study.domain.post.PostMapper.save] ==> Parameters: null, 926번 게시글 제목(String), 926번 게시글 내용(String), 테스터926(String), false(Boolean)
2023-04-12 12:42:12,514  INFO [jdbc.sqlonly] INSERT INTO tb_post (

          id
        , title
        , content
        , writer
        , view_cnt
        , notice_yn
        , delete_yn
        , created_date
        , modified_date

        ) VALUES (
              NULL
            , '926번 게시글 제목'
            , '926번 게시글 내용'
            , '테스터926'
            , 0
            , 0
            , 0
            , NOW()
            , NULL
        )

2023-04-12 12:42:12,514 DEBUG [com.study.domain.post.PostMapper.save] <==    Updates: 1
2023-04-12 12:42:12,514  INFO [jdbc.resultsettable] 
|----------|
|insert_id |
|----------|
|926       |
|----------|

2023-04-12 12:42:12,517 DEBUG [com.study.aop.LoggerAspect] Service ===> com.study.domain.post.PostService.savePost()
2023-04-12 12:42:12,517 DEBUG [com.study.aop.LoggerAspect] Mapper ===> com.study.domain.post.PostMapper.save()
2023-04-12 12:42:12,517 DEBUG [com.study.domain.post.PostMapper.save] ==>  Preparing: INSERT INTO tb_post ( id , title , content , writer , view_cnt , notice_yn , delete_yn , created_date , modified_date ) VALUES ( ? , ? , ? , ? , 0 , ? , 0 , NOW() , NULL )
2023-04-12 12:42:12,517 DEBUG [com.study.domain.post.PostMapper.save] ==> Parameters: null, 927번 게시글 제목(String), 927번 게시글 내용(String), 테스터927(String), false(Boolean)
2023-04-12 12:42:12,517  INFO [jdbc.sqlonly] INSERT INTO tb_post (

          id
        , title
        , content
        , writer
        , view_cnt
        , notice_yn
        , delete_yn
        , created_date
        , modified_date

        ) VALUES (
              NULL
            , '927번 게시글 제목'
            , '927번 게시글 내용'
            , '테스터927'
            , 0
            , 0
            , 0
            , NOW()
            , NULL
        )

2023-04-12 12:42:12,517 DEBUG [com.study.domain.post.PostMapper.save] <==    Updates: 1
2023-04-12 12:42:12,517  INFO [jdbc.resultsettable] 
|----------|
|insert_id |
|----------|
|927       |
|----------|

2023-04-12 12:42:12,519 DEBUG [com.study.aop.LoggerAspect] Service ===> com.study.domain.post.PostService.savePost()
2023-04-12 12:42:12,519 DEBUG [com.study.aop.LoggerAspect] Mapper ===> com.study.domain.post.PostMapper.save()
2023-04-12 12:42:12,519 DEBUG [com.study.domain.post.PostMapper.save] ==>  Preparing: INSERT INTO tb_post ( id , title , content , writer , view_cnt , notice_yn , delete_yn , created_date , modified_date ) VALUES ( ? , ? , ? , ? , 0 , ? , 0 , NOW() , NULL )
2023-04-12 12:42:12,519 DEBUG [com.study.domain.post.PostMapper.save] ==> Parameters: null, 928번 게시글 제목(String), 928번 게시글 내용(String), 테스터928(String), false(Boolean)
2023-04-12 12:42:12,519  INFO [jdbc.sqlonly] INSERT INTO tb_post (

          id
        , title
        , content
        , writer
        , view_cnt
        , notice_yn
        , delete_yn
        , created_date
        , modified_date

        ) VALUES (
              NULL
            , '928번 게시글 제목'
            , '928번 게시글 내용'
            , '테스터928'
            , 0
            , 0
            , 0
            , NOW()
            , NULL
        )

2023-04-12 12:42:12,520 DEBUG [com.study.domain.post.PostMapper.save] <==    Updates: 1
2023-04-12 12:42:12,520  INFO [jdbc.resultsettable] 
|----------|
|insert_id |
|----------|
|928       |
|----------|

2023-04-12 12:42:12,524 DEBUG [com.study.aop.LoggerAspect] Service ===> com.study.domain.post.PostService.savePost()
2023-04-12 12:42:12,524 DEBUG [com.study.aop.LoggerAspect] Mapper ===> com.study.domain.post.PostMapper.save()
2023-04-12 12:42:12,525 DEBUG [com.study.domain.post.PostMapper.save] ==>  Preparing: INSERT INTO tb_post ( id , title , content , writer , view_cnt , notice_yn , delete_yn , created_date , modified_date ) VALUES ( ? , ? , ? , ? , 0 , ? , 0 , NOW() , NULL )
2023-04-12 12:42:12,525 DEBUG [com.study.domain.post.PostMapper.save] ==> Parameters: null, 929번 게시글 제목(String), 929번 게시글 내용(String), 테스터929(String), false(Boolean)
2023-04-12 12:42:12,525  INFO [jdbc.sqlonly] INSERT INTO tb_post (

          id
        , title
        , content
        , writer
        , view_cnt
        , notice_yn
        , delete_yn
        , created_date
        , modified_date

        ) VALUES (
              NULL
            , '929번 게시글 제목'
            , '929번 게시글 내용'
            , '테스터929'
            , 0
            , 0
            , 0
            , NOW()
            , NULL
        )

2023-04-12 12:42:12,525 DEBUG [com.study.domain.post.PostMapper.save] <==    Updates: 1
2023-04-12 12:42:12,525  INFO [jdbc.resultsettable] 
|----------|
|insert_id |
|----------|
|929       |
|----------|

2023-04-12 12:42:12,526 DEBUG [com.study.aop.LoggerAspect] Service ===> com.study.domain.post.PostService.savePost()
2023-04-12 12:42:12,527 DEBUG [com.study.aop.LoggerAspect] Mapper ===> com.study.domain.post.PostMapper.save()
2023-04-12 12:42:12,527 DEBUG [com.study.domain.post.PostMapper.save] ==>  Preparing: INSERT INTO tb_post ( id , title , content , writer , view_cnt , notice_yn , delete_yn , created_date , modified_date ) VALUES ( ? , ? , ? , ? , 0 , ? , 0 , NOW() , NULL )
2023-04-12 12:42:12,527 DEBUG [com.study.domain.post.PostMapper.save] ==> Parameters: null, 930번 게시글 제목(String), 930번 게시글 내용(String), 테스터930(String), false(Boolean)
2023-04-12 12:42:12,527  INFO [jdbc.sqlonly] INSERT INTO tb_post (

          id
        , title
        , content
        , writer
        , view_cnt
        , notice_yn
        , delete_yn
        , created_date
        , modified_date

        ) VALUES (
              NULL
            , '930번 게시글 제목'
            , '930번 게시글 내용'
            , '테스터930'
            , 0
            , 0
            , 0
            , NOW()
            , NULL
        )

2023-04-12 12:42:12,527 DEBUG [com.study.domain.post.PostMapper.save] <==    Updates: 1
2023-04-12 12:42:12,527  INFO [jdbc.resultsettable] 
|----------|
|insert_id |
|----------|
|930       |
|----------|

2023-04-12 12:42:12,529 DEBUG [com.study.aop.LoggerAspect] Service ===> com.study.domain.post.PostService.savePost()
2023-04-12 12:42:12,529 DEBUG [com.study.aop.LoggerAspect] Mapper ===> com.study.domain.post.PostMapper.save()
2023-04-12 12:42:12,529 DEBUG [com.study.domain.post.PostMapper.save] ==>  Preparing: INSERT INTO tb_post ( id , title , content , writer , view_cnt , notice_yn , delete_yn , created_date , modified_date ) VALUES ( ? , ? , ? , ? , 0 , ? , 0 , NOW() , NULL )
2023-04-12 12:42:12,529 DEBUG [com.study.domain.post.PostMapper.save] ==> Parameters: null, 931번 게시글 제목(String), 931번 게시글 내용(String), 테스터931(String), false(Boolean)
2023-04-12 12:42:12,529  INFO [jdbc.sqlonly] INSERT INTO tb_post (

          id
        , title
        , content
        , writer
        , view_cnt
        , notice_yn
        , delete_yn
        , created_date
        , modified_date

        ) VALUES (
              NULL
            , '931번 게시글 제목'
            , '931번 게시글 내용'
            , '테스터931'
            , 0
            , 0
            , 0
            , NOW()
            , NULL
        )

2023-04-12 12:42:12,529 DEBUG [com.study.domain.post.PostMapper.save] <==    Updates: 1
2023-04-12 12:42:12,529  INFO [jdbc.resultsettable] 
|----------|
|insert_id |
|----------|
|931       |
|----------|

2023-04-12 12:42:12,531 DEBUG [com.study.aop.LoggerAspect] Service ===> com.study.domain.post.PostService.savePost()
2023-04-12 12:42:12,531 DEBUG [com.study.aop.LoggerAspect] Mapper ===> com.study.domain.post.PostMapper.save()
2023-04-12 12:42:12,531 DEBUG [com.study.domain.post.PostMapper.save] ==>  Preparing: INSERT INTO tb_post ( id , title , content , writer , view_cnt , notice_yn , delete_yn , created_date , modified_date ) VALUES ( ? , ? , ? , ? , 0 , ? , 0 , NOW() , NULL )
2023-04-12 12:42:12,531 DEBUG [com.study.domain.post.PostMapper.save] ==> Parameters: null, 932번 게시글 제목(String), 932번 게시글 내용(String), 테스터932(String), false(Boolean)
2023-04-12 12:42:12,531  INFO [jdbc.sqlonly] INSERT INTO tb_post (

          id
        , title
        , content
        , writer
        , view_cnt
        , notice_yn
        , delete_yn
        , created_date
        , modified_date

        ) VALUES (
              NULL
            , '932번 게시글 제목'
            , '932번 게시글 내용'
            , '테스터932'
            , 0
            , 0
            , 0
            , NOW()
            , NULL
        )

2023-04-12 12:42:12,531 DEBUG [com.study.domain.post.PostMapper.save] <==    Updates: 1
2023-04-12 12:42:12,532  INFO [jdbc.resultsettable] 
|----------|
|insert_id |
|----------|
|932       |
|----------|

2023-04-12 12:42:12,533 DEBUG [com.study.aop.LoggerAspect] Service ===> com.study.domain.post.PostService.savePost()
2023-04-12 12:42:12,533 DEBUG [com.study.aop.LoggerAspect] Mapper ===> com.study.domain.post.PostMapper.save()
2023-04-12 12:42:12,533 DEBUG [com.study.domain.post.PostMapper.save] ==>  Preparing: INSERT INTO tb_post ( id , title , content , writer , view_cnt , notice_yn , delete_yn , created_date , modified_date ) VALUES ( ? , ? , ? , ? , 0 , ? , 0 , NOW() , NULL )
2023-04-12 12:42:12,533 DEBUG [com.study.domain.post.PostMapper.save] ==> Parameters: null, 933번 게시글 제목(String), 933번 게시글 내용(String), 테스터933(String), false(Boolean)
2023-04-12 12:42:12,533  INFO [jdbc.sqlonly] INSERT INTO tb_post (

          id
        , title
        , content
        , writer
        , view_cnt
        , notice_yn
        , delete_yn
        , created_date
        , modified_date

        ) VALUES (
              NULL
            , '933번 게시글 제목'
            , '933번 게시글 내용'
            , '테스터933'
            , 0
            , 0
            , 0
            , NOW()
            , NULL
        )

2023-04-12 12:42:12,533 DEBUG [com.study.domain.post.PostMapper.save] <==    Updates: 1
2023-04-12 12:42:12,534  INFO [jdbc.resultsettable] 
|----------|
|insert_id |
|----------|
|933       |
|----------|

2023-04-12 12:42:12,535 DEBUG [com.study.aop.LoggerAspect] Service ===> com.study.domain.post.PostService.savePost()
2023-04-12 12:42:12,535 DEBUG [com.study.aop.LoggerAspect] Mapper ===> com.study.domain.post.PostMapper.save()
2023-04-12 12:42:12,535 DEBUG [com.study.domain.post.PostMapper.save] ==>  Preparing: INSERT INTO tb_post ( id , title , content , writer , view_cnt , notice_yn , delete_yn , created_date , modified_date ) VALUES ( ? , ? , ? , ? , 0 , ? , 0 , NOW() , NULL )
2023-04-12 12:42:12,535 DEBUG [com.study.domain.post.PostMapper.save] ==> Parameters: null, 934번 게시글 제목(String), 934번 게시글 내용(String), 테스터934(String), false(Boolean)
2023-04-12 12:42:12,535  INFO [jdbc.sqlonly] INSERT INTO tb_post (

          id
        , title
        , content
        , writer
        , view_cnt
        , notice_yn
        , delete_yn
        , created_date
        , modified_date

        ) VALUES (
              NULL
            , '934번 게시글 제목'
            , '934번 게시글 내용'
            , '테스터934'
            , 0
            , 0
            , 0
            , NOW()
            , NULL
        )

2023-04-12 12:42:12,535 DEBUG [com.study.domain.post.PostMapper.save] <==    Updates: 1
2023-04-12 12:42:12,536  INFO [jdbc.resultsettable] 
|----------|
|insert_id |
|----------|
|934       |
|----------|

2023-04-12 12:42:12,537 DEBUG [com.study.aop.LoggerAspect] Service ===> com.study.domain.post.PostService.savePost()
2023-04-12 12:42:12,537 DEBUG [com.study.aop.LoggerAspect] Mapper ===> com.study.domain.post.PostMapper.save()
2023-04-12 12:42:12,537 DEBUG [com.study.domain.post.PostMapper.save] ==>  Preparing: INSERT INTO tb_post ( id , title , content , writer , view_cnt , notice_yn , delete_yn , created_date , modified_date ) VALUES ( ? , ? , ? , ? , 0 , ? , 0 , NOW() , NULL )
2023-04-12 12:42:12,537 DEBUG [com.study.domain.post.PostMapper.save] ==> Parameters: null, 935번 게시글 제목(String), 935번 게시글 내용(String), 테스터935(String), false(Boolean)
2023-04-12 12:42:12,537  INFO [jdbc.sqlonly] INSERT INTO tb_post (

          id
        , title
        , content
        , writer
        , view_cnt
        , notice_yn
        , delete_yn
        , created_date
        , modified_date

        ) VALUES (
              NULL
            , '935번 게시글 제목'
            , '935번 게시글 내용'
            , '테스터935'
            , 0
            , 0
            , 0
            , NOW()
            , NULL
        )

2023-04-12 12:42:12,537 DEBUG [com.study.domain.post.PostMapper.save] <==    Updates: 1
2023-04-12 12:42:12,537  INFO [jdbc.resultsettable] 
|----------|
|insert_id |
|----------|
|935       |
|----------|

2023-04-12 12:42:12,539 DEBUG [com.study.aop.LoggerAspect] Service ===> com.study.domain.post.PostService.savePost()
2023-04-12 12:42:12,539 DEBUG [com.study.aop.LoggerAspect] Mapper ===> com.study.domain.post.PostMapper.save()
2023-04-12 12:42:12,539 DEBUG [com.study.domain.post.PostMapper.save] ==>  Preparing: INSERT INTO tb_post ( id , title , content , writer , view_cnt , notice_yn , delete_yn , created_date , modified_date ) VALUES ( ? , ? , ? , ? , 0 , ? , 0 , NOW() , NULL )
2023-04-12 12:42:12,539 DEBUG [com.study.domain.post.PostMapper.save] ==> Parameters: null, 936번 게시글 제목(String), 936번 게시글 내용(String), 테스터936(String), false(Boolean)
2023-04-12 12:42:12,539  INFO [jdbc.sqlonly] INSERT INTO tb_post (

          id
        , title
        , content
        , writer
        , view_cnt
        , notice_yn
        , delete_yn
        , created_date
        , modified_date

        ) VALUES (
              NULL
            , '936번 게시글 제목'
            , '936번 게시글 내용'
            , '테스터936'
            , 0
            , 0
            , 0
            , NOW()
            , NULL
        )

2023-04-12 12:42:12,539 DEBUG [com.study.domain.post.PostMapper.save] <==    Updates: 1
2023-04-12 12:42:12,539  INFO [jdbc.resultsettable] 
|----------|
|insert_id |
|----------|
|936       |
|----------|

2023-04-12 12:42:12,540 DEBUG [com.study.aop.LoggerAspect] Service ===> com.study.domain.post.PostService.savePost()
2023-04-12 12:42:12,540 DEBUG [com.study.aop.LoggerAspect] Mapper ===> com.study.domain.post.PostMapper.save()
2023-04-12 12:42:12,540 DEBUG [com.study.domain.post.PostMapper.save] ==>  Preparing: INSERT INTO tb_post ( id , title , content , writer , view_cnt , notice_yn , delete_yn , created_date , modified_date ) VALUES ( ? , ? , ? , ? , 0 , ? , 0 , NOW() , NULL )
2023-04-12 12:42:12,541 DEBUG [com.study.domain.post.PostMapper.save] ==> Parameters: null, 937번 게시글 제목(String), 937번 게시글 내용(String), 테스터937(String), false(Boolean)
2023-04-12 12:42:12,541  INFO [jdbc.sqlonly] INSERT INTO tb_post (

          id
        , title
        , content
        , writer
        , view_cnt
        , notice_yn
        , delete_yn
        , created_date
        , modified_date

        ) VALUES (
              NULL
            , '937번 게시글 제목'
            , '937번 게시글 내용'
            , '테스터937'
            , 0
            , 0
            , 0
            , NOW()
            , NULL
        )

2023-04-12 12:42:12,541 DEBUG [com.study.domain.post.PostMapper.save] <==    Updates: 1
2023-04-12 12:42:12,541  INFO [jdbc.resultsettable] 
|----------|
|insert_id |
|----------|
|937       |
|----------|

2023-04-12 12:42:12,542 DEBUG [com.study.aop.LoggerAspect] Service ===> com.study.domain.post.PostService.savePost()
2023-04-12 12:42:12,542 DEBUG [com.study.aop.LoggerAspect] Mapper ===> com.study.domain.post.PostMapper.save()
2023-04-12 12:42:12,542 DEBUG [com.study.domain.post.PostMapper.save] ==>  Preparing: INSERT INTO tb_post ( id , title , content , writer , view_cnt , notice_yn , delete_yn , created_date , modified_date ) VALUES ( ? , ? , ? , ? , 0 , ? , 0 , NOW() , NULL )
2023-04-12 12:42:12,542 DEBUG [com.study.domain.post.PostMapper.save] ==> Parameters: null, 938번 게시글 제목(String), 938번 게시글 내용(String), 테스터938(String), false(Boolean)
2023-04-12 12:42:12,542  INFO [jdbc.sqlonly] INSERT INTO tb_post (

          id
        , title
        , content
        , writer
        , view_cnt
        , notice_yn
        , delete_yn
        , created_date
        , modified_date

        ) VALUES (
              NULL
            , '938번 게시글 제목'
            , '938번 게시글 내용'
            , '테스터938'
            , 0
            , 0
            , 0
            , NOW()
            , NULL
        )

2023-04-12 12:42:12,543 DEBUG [com.study.domain.post.PostMapper.save] <==    Updates: 1
2023-04-12 12:42:12,543  INFO [jdbc.resultsettable] 
|----------|
|insert_id |
|----------|
|938       |
|----------|

2023-04-12 12:42:12,544 DEBUG [com.study.aop.LoggerAspect] Service ===> com.study.domain.post.PostService.savePost()
2023-04-12 12:42:12,544 DEBUG [com.study.aop.LoggerAspect] Mapper ===> com.study.domain.post.PostMapper.save()
2023-04-12 12:42:12,544 DEBUG [com.study.domain.post.PostMapper.save] ==>  Preparing: INSERT INTO tb_post ( id , title , content , writer , view_cnt , notice_yn , delete_yn , created_date , modified_date ) VALUES ( ? , ? , ? , ? , 0 , ? , 0 , NOW() , NULL )
2023-04-12 12:42:12,544 DEBUG [com.study.domain.post.PostMapper.save] ==> Parameters: null, 939번 게시글 제목(String), 939번 게시글 내용(String), 테스터939(String), false(Boolean)
2023-04-12 12:42:12,544  INFO [jdbc.sqlonly] INSERT INTO tb_post (

          id
        , title
        , content
        , writer
        , view_cnt
        , notice_yn
        , delete_yn
        , created_date
        , modified_date

        ) VALUES (
              NULL
            , '939번 게시글 제목'
            , '939번 게시글 내용'
            , '테스터939'
            , 0
            , 0
            , 0
            , NOW()
            , NULL
        )

2023-04-12 12:42:12,545 DEBUG [com.study.domain.post.PostMapper.save] <==    Updates: 1
2023-04-12 12:42:12,545  INFO [jdbc.resultsettable] 
|----------|
|insert_id |
|----------|
|939       |
|----------|

2023-04-12 12:42:12,546 DEBUG [com.study.aop.LoggerAspect] Service ===> com.study.domain.post.PostService.savePost()
2023-04-12 12:42:12,546 DEBUG [com.study.aop.LoggerAspect] Mapper ===> com.study.domain.post.PostMapper.save()
2023-04-12 12:42:12,546 DEBUG [com.study.domain.post.PostMapper.save] ==>  Preparing: INSERT INTO tb_post ( id , title , content , writer , view_cnt , notice_yn , delete_yn , created_date , modified_date ) VALUES ( ? , ? , ? , ? , 0 , ? , 0 , NOW() , NULL )
2023-04-12 12:42:12,546 DEBUG [com.study.domain.post.PostMapper.save] ==> Parameters: null, 940번 게시글 제목(String), 940번 게시글 내용(String), 테스터940(String), false(Boolean)
2023-04-12 12:42:12,547  INFO [jdbc.sqlonly] INSERT INTO tb_post (

          id
        , title
        , content
        , writer
        , view_cnt
        , notice_yn
        , delete_yn
        , created_date
        , modified_date

        ) VALUES (
              NULL
            , '940번 게시글 제목'
            , '940번 게시글 내용'
            , '테스터940'
            , 0
            , 0
            , 0
            , NOW()
            , NULL
        )

2023-04-12 12:42:12,547 DEBUG [com.study.domain.post.PostMapper.save] <==    Updates: 1
2023-04-12 12:42:12,547  INFO [jdbc.resultsettable] 
|----------|
|insert_id |
|----------|
|940       |
|----------|

2023-04-12 12:42:12,549 DEBUG [com.study.aop.LoggerAspect] Service ===> com.study.domain.post.PostService.savePost()
2023-04-12 12:42:12,549 DEBUG [com.study.aop.LoggerAspect] Mapper ===> com.study.domain.post.PostMapper.save()
2023-04-12 12:42:12,549 DEBUG [com.study.domain.post.PostMapper.save] ==>  Preparing: INSERT INTO tb_post ( id , title , content , writer , view_cnt , notice_yn , delete_yn , created_date , modified_date ) VALUES ( ? , ? , ? , ? , 0 , ? , 0 , NOW() , NULL )
2023-04-12 12:42:12,549 DEBUG [com.study.domain.post.PostMapper.save] ==> Parameters: null, 941번 게시글 제목(String), 941번 게시글 내용(String), 테스터941(String), false(Boolean)
2023-04-12 12:42:12,549  INFO [jdbc.sqlonly] INSERT INTO tb_post (

          id
        , title
        , content
        , writer
        , view_cnt
        , notice_yn
        , delete_yn
        , created_date
        , modified_date

        ) VALUES (
              NULL
            , '941번 게시글 제목'
            , '941번 게시글 내용'
            , '테스터941'
            , 0
            , 0
            , 0
            , NOW()
            , NULL
        )

2023-04-12 12:42:12,550 DEBUG [com.study.domain.post.PostMapper.save] <==    Updates: 1
2023-04-12 12:42:12,550  INFO [jdbc.resultsettable] 
|----------|
|insert_id |
|----------|
|941       |
|----------|

2023-04-12 12:42:12,552 DEBUG [com.study.aop.LoggerAspect] Service ===> com.study.domain.post.PostService.savePost()
2023-04-12 12:42:12,552 DEBUG [com.study.aop.LoggerAspect] Mapper ===> com.study.domain.post.PostMapper.save()
2023-04-12 12:42:12,552 DEBUG [com.study.domain.post.PostMapper.save] ==>  Preparing: INSERT INTO tb_post ( id , title , content , writer , view_cnt , notice_yn , delete_yn , created_date , modified_date ) VALUES ( ? , ? , ? , ? , 0 , ? , 0 , NOW() , NULL )
2023-04-12 12:42:12,552 DEBUG [com.study.domain.post.PostMapper.save] ==> Parameters: null, 942번 게시글 제목(String), 942번 게시글 내용(String), 테스터942(String), false(Boolean)
2023-04-12 12:42:12,552  INFO [jdbc.sqlonly] INSERT INTO tb_post (

          id
        , title
        , content
        , writer
        , view_cnt
        , notice_yn
        , delete_yn
        , created_date
        , modified_date

        ) VALUES (
              NULL
            , '942번 게시글 제목'
            , '942번 게시글 내용'
            , '테스터942'
            , 0
            , 0
            , 0
            , NOW()
            , NULL
        )

2023-04-12 12:42:12,552 DEBUG [com.study.domain.post.PostMapper.save] <==    Updates: 1
2023-04-12 12:42:12,552  INFO [jdbc.resultsettable] 
|----------|
|insert_id |
|----------|
|942       |
|----------|

2023-04-12 12:42:12,554 DEBUG [com.study.aop.LoggerAspect] Service ===> com.study.domain.post.PostService.savePost()
2023-04-12 12:42:12,554 DEBUG [com.study.aop.LoggerAspect] Mapper ===> com.study.domain.post.PostMapper.save()
2023-04-12 12:42:12,554 DEBUG [com.study.domain.post.PostMapper.save] ==>  Preparing: INSERT INTO tb_post ( id , title , content , writer , view_cnt , notice_yn , delete_yn , created_date , modified_date ) VALUES ( ? , ? , ? , ? , 0 , ? , 0 , NOW() , NULL )
2023-04-12 12:42:12,554 DEBUG [com.study.domain.post.PostMapper.save] ==> Parameters: null, 943번 게시글 제목(String), 943번 게시글 내용(String), 테스터943(String), false(Boolean)
2023-04-12 12:42:12,554  INFO [jdbc.sqlonly] INSERT INTO tb_post (

          id
        , title
        , content
        , writer
        , view_cnt
        , notice_yn
        , delete_yn
        , created_date
        , modified_date

        ) VALUES (
              NULL
            , '943번 게시글 제목'
            , '943번 게시글 내용'
            , '테스터943'
            , 0
            , 0
            , 0
            , NOW()
            , NULL
        )

2023-04-12 12:42:12,554 DEBUG [com.study.domain.post.PostMapper.save] <==    Updates: 1
2023-04-12 12:42:12,555  INFO [jdbc.resultsettable] 
|----------|
|insert_id |
|----------|
|943       |
|----------|

2023-04-12 12:42:12,556 DEBUG [com.study.aop.LoggerAspect] Service ===> com.study.domain.post.PostService.savePost()
2023-04-12 12:42:12,556 DEBUG [com.study.aop.LoggerAspect] Mapper ===> com.study.domain.post.PostMapper.save()
2023-04-12 12:42:12,556 DEBUG [com.study.domain.post.PostMapper.save] ==>  Preparing: INSERT INTO tb_post ( id , title , content , writer , view_cnt , notice_yn , delete_yn , created_date , modified_date ) VALUES ( ? , ? , ? , ? , 0 , ? , 0 , NOW() , NULL )
2023-04-12 12:42:12,556 DEBUG [com.study.domain.post.PostMapper.save] ==> Parameters: null, 944번 게시글 제목(String), 944번 게시글 내용(String), 테스터944(String), false(Boolean)
2023-04-12 12:42:12,556  INFO [jdbc.sqlonly] INSERT INTO tb_post (

          id
        , title
        , content
        , writer
        , view_cnt
        , notice_yn
        , delete_yn
        , created_date
        , modified_date

        ) VALUES (
              NULL
            , '944번 게시글 제목'
            , '944번 게시글 내용'
            , '테스터944'
            , 0
            , 0
            , 0
            , NOW()
            , NULL
        )

2023-04-12 12:42:12,557 DEBUG [com.study.domain.post.PostMapper.save] <==    Updates: 1
2023-04-12 12:42:12,557  INFO [jdbc.resultsettable] 
|----------|
|insert_id |
|----------|
|944       |
|----------|

2023-04-12 12:42:12,558 DEBUG [com.study.aop.LoggerAspect] Service ===> com.study.domain.post.PostService.savePost()
2023-04-12 12:42:12,558 DEBUG [com.study.aop.LoggerAspect] Mapper ===> com.study.domain.post.PostMapper.save()
2023-04-12 12:42:12,559 DEBUG [com.study.domain.post.PostMapper.save] ==>  Preparing: INSERT INTO tb_post ( id , title , content , writer , view_cnt , notice_yn , delete_yn , created_date , modified_date ) VALUES ( ? , ? , ? , ? , 0 , ? , 0 , NOW() , NULL )
2023-04-12 12:42:12,559 DEBUG [com.study.domain.post.PostMapper.save] ==> Parameters: null, 945번 게시글 제목(String), 945번 게시글 내용(String), 테스터945(String), false(Boolean)
2023-04-12 12:42:12,559  INFO [jdbc.sqlonly] INSERT INTO tb_post (

          id
        , title
        , content
        , writer
        , view_cnt
        , notice_yn
        , delete_yn
        , created_date
        , modified_date

        ) VALUES (
              NULL
            , '945번 게시글 제목'
            , '945번 게시글 내용'
            , '테스터945'
            , 0
            , 0
            , 0
            , NOW()
            , NULL
        )

2023-04-12 12:42:12,559 DEBUG [com.study.domain.post.PostMapper.save] <==    Updates: 1
2023-04-12 12:42:12,559  INFO [jdbc.resultsettable] 
|----------|
|insert_id |
|----------|
|945       |
|----------|

2023-04-12 12:42:12,562 DEBUG [com.study.aop.LoggerAspect] Service ===> com.study.domain.post.PostService.savePost()
2023-04-12 12:42:12,562 DEBUG [com.study.aop.LoggerAspect] Mapper ===> com.study.domain.post.PostMapper.save()
2023-04-12 12:42:12,562 DEBUG [com.study.domain.post.PostMapper.save] ==>  Preparing: INSERT INTO tb_post ( id , title , content , writer , view_cnt , notice_yn , delete_yn , created_date , modified_date ) VALUES ( ? , ? , ? , ? , 0 , ? , 0 , NOW() , NULL )
2023-04-12 12:42:12,562 DEBUG [com.study.domain.post.PostMapper.save] ==> Parameters: null, 946번 게시글 제목(String), 946번 게시글 내용(String), 테스터946(String), false(Boolean)
2023-04-12 12:42:12,562  INFO [jdbc.sqlonly] INSERT INTO tb_post (

          id
        , title
        , content
        , writer
        , view_cnt
        , notice_yn
        , delete_yn
        , created_date
        , modified_date

        ) VALUES (
              NULL
            , '946번 게시글 제목'
            , '946번 게시글 내용'
            , '테스터946'
            , 0
            , 0
            , 0
            , NOW()
            , NULL
        )

2023-04-12 12:42:12,563 DEBUG [com.study.domain.post.PostMapper.save] <==    Updates: 1
2023-04-12 12:42:12,563  INFO [jdbc.resultsettable] 
|----------|
|insert_id |
|----------|
|946       |
|----------|

2023-04-12 12:42:12,565 DEBUG [com.study.aop.LoggerAspect] Service ===> com.study.domain.post.PostService.savePost()
2023-04-12 12:42:12,565 DEBUG [com.study.aop.LoggerAspect] Mapper ===> com.study.domain.post.PostMapper.save()
2023-04-12 12:42:12,565 DEBUG [com.study.domain.post.PostMapper.save] ==>  Preparing: INSERT INTO tb_post ( id , title , content , writer , view_cnt , notice_yn , delete_yn , created_date , modified_date ) VALUES ( ? , ? , ? , ? , 0 , ? , 0 , NOW() , NULL )
2023-04-12 12:42:12,565 DEBUG [com.study.domain.post.PostMapper.save] ==> Parameters: null, 947번 게시글 제목(String), 947번 게시글 내용(String), 테스터947(String), false(Boolean)
2023-04-12 12:42:12,565  INFO [jdbc.sqlonly] INSERT INTO tb_post (

          id
        , title
        , content
        , writer
        , view_cnt
        , notice_yn
        , delete_yn
        , created_date
        , modified_date

        ) VALUES (
              NULL
            , '947번 게시글 제목'
            , '947번 게시글 내용'
            , '테스터947'
            , 0
            , 0
            , 0
            , NOW()
            , NULL
        )

2023-04-12 12:42:12,565 DEBUG [com.study.domain.post.PostMapper.save] <==    Updates: 1
2023-04-12 12:42:12,565  INFO [jdbc.resultsettable] 
|----------|
|insert_id |
|----------|
|947       |
|----------|

2023-04-12 12:42:12,567 DEBUG [com.study.aop.LoggerAspect] Service ===> com.study.domain.post.PostService.savePost()
2023-04-12 12:42:12,567 DEBUG [com.study.aop.LoggerAspect] Mapper ===> com.study.domain.post.PostMapper.save()
2023-04-12 12:42:12,568 DEBUG [com.study.domain.post.PostMapper.save] ==>  Preparing: INSERT INTO tb_post ( id , title , content , writer , view_cnt , notice_yn , delete_yn , created_date , modified_date ) VALUES ( ? , ? , ? , ? , 0 , ? , 0 , NOW() , NULL )
2023-04-12 12:42:12,568 DEBUG [com.study.domain.post.PostMapper.save] ==> Parameters: null, 948번 게시글 제목(String), 948번 게시글 내용(String), 테스터948(String), false(Boolean)
2023-04-12 12:42:12,568  INFO [jdbc.sqlonly] INSERT INTO tb_post (

          id
        , title
        , content
        , writer
        , view_cnt
        , notice_yn
        , delete_yn
        , created_date
        , modified_date

        ) VALUES (
              NULL
            , '948번 게시글 제목'
            , '948번 게시글 내용'
            , '테스터948'
            , 0
            , 0
            , 0
            , NOW()
            , NULL
        )

2023-04-12 12:42:12,569 DEBUG [com.study.domain.post.PostMapper.save] <==    Updates: 1
2023-04-12 12:42:12,569  INFO [jdbc.resultsettable] 
|----------|
|insert_id |
|----------|
|948       |
|----------|

2023-04-12 12:42:12,571 DEBUG [com.study.aop.LoggerAspect] Service ===> com.study.domain.post.PostService.savePost()
2023-04-12 12:42:12,571 DEBUG [com.study.aop.LoggerAspect] Mapper ===> com.study.domain.post.PostMapper.save()
2023-04-12 12:42:12,572 DEBUG [com.study.domain.post.PostMapper.save] ==>  Preparing: INSERT INTO tb_post ( id , title , content , writer , view_cnt , notice_yn , delete_yn , created_date , modified_date ) VALUES ( ? , ? , ? , ? , 0 , ? , 0 , NOW() , NULL )
2023-04-12 12:42:12,572 DEBUG [com.study.domain.post.PostMapper.save] ==> Parameters: null, 949번 게시글 제목(String), 949번 게시글 내용(String), 테스터949(String), false(Boolean)
2023-04-12 12:42:12,572  INFO [jdbc.sqlonly] INSERT INTO tb_post (

          id
        , title
        , content
        , writer
        , view_cnt
        , notice_yn
        , delete_yn
        , created_date
        , modified_date

        ) VALUES (
              NULL
            , '949번 게시글 제목'
            , '949번 게시글 내용'
            , '테스터949'
            , 0
            , 0
            , 0
            , NOW()
            , NULL
        )

2023-04-12 12:42:12,573 DEBUG [com.study.domain.post.PostMapper.save] <==    Updates: 1
2023-04-12 12:42:12,573  INFO [jdbc.resultsettable] 
|----------|
|insert_id |
|----------|
|949       |
|----------|

2023-04-12 12:42:12,576 DEBUG [com.study.aop.LoggerAspect] Service ===> com.study.domain.post.PostService.savePost()
2023-04-12 12:42:12,576 DEBUG [com.study.aop.LoggerAspect] Mapper ===> com.study.domain.post.PostMapper.save()
2023-04-12 12:42:12,576 DEBUG [com.study.domain.post.PostMapper.save] ==>  Preparing: INSERT INTO tb_post ( id , title , content , writer , view_cnt , notice_yn , delete_yn , created_date , modified_date ) VALUES ( ? , ? , ? , ? , 0 , ? , 0 , NOW() , NULL )
2023-04-12 12:42:12,576 DEBUG [com.study.domain.post.PostMapper.save] ==> Parameters: null, 950번 게시글 제목(String), 950번 게시글 내용(String), 테스터950(String), false(Boolean)
2023-04-12 12:42:12,576  INFO [jdbc.sqlonly] INSERT INTO tb_post (

          id
        , title
        , content
        , writer
        , view_cnt
        , notice_yn
        , delete_yn
        , created_date
        , modified_date

        ) VALUES (
              NULL
            , '950번 게시글 제목'
            , '950번 게시글 내용'
            , '테스터950'
            , 0
            , 0
            , 0
            , NOW()
            , NULL
        )

2023-04-12 12:42:12,577 DEBUG [com.study.domain.post.PostMapper.save] <==    Updates: 1
2023-04-12 12:42:12,577  INFO [jdbc.resultsettable] 
|----------|
|insert_id |
|----------|
|950       |
|----------|

2023-04-12 12:42:12,581 DEBUG [com.study.aop.LoggerAspect] Service ===> com.study.domain.post.PostService.savePost()
2023-04-12 12:42:12,581 DEBUG [com.study.aop.LoggerAspect] Mapper ===> com.study.domain.post.PostMapper.save()
2023-04-12 12:42:12,581 DEBUG [com.study.domain.post.PostMapper.save] ==>  Preparing: INSERT INTO tb_post ( id , title , content , writer , view_cnt , notice_yn , delete_yn , created_date , modified_date ) VALUES ( ? , ? , ? , ? , 0 , ? , 0 , NOW() , NULL )
2023-04-12 12:42:12,581 DEBUG [com.study.domain.post.PostMapper.save] ==> Parameters: null, 951번 게시글 제목(String), 951번 게시글 내용(String), 테스터951(String), false(Boolean)
2023-04-12 12:42:12,581  INFO [jdbc.sqlonly] INSERT INTO tb_post (

          id
        , title
        , content
        , writer
        , view_cnt
        , notice_yn
        , delete_yn
        , created_date
        , modified_date

        ) VALUES (
              NULL
            , '951번 게시글 제목'
            , '951번 게시글 내용'
            , '테스터951'
            , 0
            , 0
            , 0
            , NOW()
            , NULL
        )

2023-04-12 12:42:12,582 DEBUG [com.study.domain.post.PostMapper.save] <==    Updates: 1
2023-04-12 12:42:12,582  INFO [jdbc.resultsettable] 
|----------|
|insert_id |
|----------|
|951       |
|----------|

2023-04-12 12:42:12,584 DEBUG [com.study.aop.LoggerAspect] Service ===> com.study.domain.post.PostService.savePost()
2023-04-12 12:42:12,584 DEBUG [com.study.aop.LoggerAspect] Mapper ===> com.study.domain.post.PostMapper.save()
2023-04-12 12:42:12,584 DEBUG [com.study.domain.post.PostMapper.save] ==>  Preparing: INSERT INTO tb_post ( id , title , content , writer , view_cnt , notice_yn , delete_yn , created_date , modified_date ) VALUES ( ? , ? , ? , ? , 0 , ? , 0 , NOW() , NULL )
2023-04-12 12:42:12,584 DEBUG [com.study.domain.post.PostMapper.save] ==> Parameters: null, 952번 게시글 제목(String), 952번 게시글 내용(String), 테스터952(String), false(Boolean)
2023-04-12 12:42:12,584  INFO [jdbc.sqlonly] INSERT INTO tb_post (

          id
        , title
        , content
        , writer
        , view_cnt
        , notice_yn
        , delete_yn
        , created_date
        , modified_date

        ) VALUES (
              NULL
            , '952번 게시글 제목'
            , '952번 게시글 내용'
            , '테스터952'
            , 0
            , 0
            , 0
            , NOW()
            , NULL
        )

2023-04-12 12:42:12,585 DEBUG [com.study.domain.post.PostMapper.save] <==    Updates: 1
2023-04-12 12:42:12,585  INFO [jdbc.resultsettable] 
|----------|
|insert_id |
|----------|
|952       |
|----------|

2023-04-12 12:42:12,587 DEBUG [com.study.aop.LoggerAspect] Service ===> com.study.domain.post.PostService.savePost()
2023-04-12 12:42:12,587 DEBUG [com.study.aop.LoggerAspect] Mapper ===> com.study.domain.post.PostMapper.save()
2023-04-12 12:42:12,587 DEBUG [com.study.domain.post.PostMapper.save] ==>  Preparing: INSERT INTO tb_post ( id , title , content , writer , view_cnt , notice_yn , delete_yn , created_date , modified_date ) VALUES ( ? , ? , ? , ? , 0 , ? , 0 , NOW() , NULL )
2023-04-12 12:42:12,587 DEBUG [com.study.domain.post.PostMapper.save] ==> Parameters: null, 953번 게시글 제목(String), 953번 게시글 내용(String), 테스터953(String), false(Boolean)
2023-04-12 12:42:12,587  INFO [jdbc.sqlonly] INSERT INTO tb_post (

          id
        , title
        , content
        , writer
        , view_cnt
        , notice_yn
        , delete_yn
        , created_date
        , modified_date

        ) VALUES (
              NULL
            , '953번 게시글 제목'
            , '953번 게시글 내용'
            , '테스터953'
            , 0
            , 0
            , 0
            , NOW()
            , NULL
        )

2023-04-12 12:42:12,588 DEBUG [com.study.domain.post.PostMapper.save] <==    Updates: 1
2023-04-12 12:42:12,589  INFO [jdbc.resultsettable] 
|----------|
|insert_id |
|----------|
|953       |
|----------|

2023-04-12 12:42:12,600 DEBUG [com.study.aop.LoggerAspect] Service ===> com.study.domain.post.PostService.savePost()
2023-04-12 12:42:12,600 DEBUG [com.study.aop.LoggerAspect] Mapper ===> com.study.domain.post.PostMapper.save()
2023-04-12 12:42:12,600 DEBUG [com.study.domain.post.PostMapper.save] ==>  Preparing: INSERT INTO tb_post ( id , title , content , writer , view_cnt , notice_yn , delete_yn , created_date , modified_date ) VALUES ( ? , ? , ? , ? , 0 , ? , 0 , NOW() , NULL )
2023-04-12 12:42:12,600 DEBUG [com.study.domain.post.PostMapper.save] ==> Parameters: null, 954번 게시글 제목(String), 954번 게시글 내용(String), 테스터954(String), false(Boolean)
2023-04-12 12:42:12,600  INFO [jdbc.sqlonly] INSERT INTO tb_post (

          id
        , title
        , content
        , writer
        , view_cnt
        , notice_yn
        , delete_yn
        , created_date
        , modified_date

        ) VALUES (
              NULL
            , '954번 게시글 제목'
            , '954번 게시글 내용'
            , '테스터954'
            , 0
            , 0
            , 0
            , NOW()
            , NULL
        )

2023-04-12 12:42:12,600 DEBUG [com.study.domain.post.PostMapper.save] <==    Updates: 1
2023-04-12 12:42:12,601  INFO [jdbc.resultsettable] 
|----------|
|insert_id |
|----------|
|954       |
|----------|

2023-04-12 12:42:12,604 DEBUG [com.study.aop.LoggerAspect] Service ===> com.study.domain.post.PostService.savePost()
2023-04-12 12:42:12,604 DEBUG [com.study.aop.LoggerAspect] Mapper ===> com.study.domain.post.PostMapper.save()
2023-04-12 12:42:12,605 DEBUG [com.study.domain.post.PostMapper.save] ==>  Preparing: INSERT INTO tb_post ( id , title , content , writer , view_cnt , notice_yn , delete_yn , created_date , modified_date ) VALUES ( ? , ? , ? , ? , 0 , ? , 0 , NOW() , NULL )
2023-04-12 12:42:12,605 DEBUG [com.study.domain.post.PostMapper.save] ==> Parameters: null, 955번 게시글 제목(String), 955번 게시글 내용(String), 테스터955(String), false(Boolean)
2023-04-12 12:42:12,605  INFO [jdbc.sqlonly] INSERT INTO tb_post (

          id
        , title
        , content
        , writer
        , view_cnt
        , notice_yn
        , delete_yn
        , created_date
        , modified_date

        ) VALUES (
              NULL
            , '955번 게시글 제목'
            , '955번 게시글 내용'
            , '테스터955'
            , 0
            , 0
            , 0
            , NOW()
            , NULL
        )

2023-04-12 12:42:12,606 DEBUG [com.study.domain.post.PostMapper.save] <==    Updates: 1
2023-04-12 12:42:12,607  INFO [jdbc.resultsettable] 
|----------|
|insert_id |
|----------|
|955       |
|----------|

2023-04-12 12:42:12,608 DEBUG [com.study.aop.LoggerAspect] Service ===> com.study.domain.post.PostService.savePost()
2023-04-12 12:42:12,608 DEBUG [com.study.aop.LoggerAspect] Mapper ===> com.study.domain.post.PostMapper.save()
2023-04-12 12:42:12,609 DEBUG [com.study.domain.post.PostMapper.save] ==>  Preparing: INSERT INTO tb_post ( id , title , content , writer , view_cnt , notice_yn , delete_yn , created_date , modified_date ) VALUES ( ? , ? , ? , ? , 0 , ? , 0 , NOW() , NULL )
2023-04-12 12:42:12,609 DEBUG [com.study.domain.post.PostMapper.save] ==> Parameters: null, 956번 게시글 제목(String), 956번 게시글 내용(String), 테스터956(String), false(Boolean)
2023-04-12 12:42:12,609  INFO [jdbc.sqlonly] INSERT INTO tb_post (

          id
        , title
        , content
        , writer
        , view_cnt
        , notice_yn
        , delete_yn
        , created_date
        , modified_date

        ) VALUES (
              NULL
            , '956번 게시글 제목'
            , '956번 게시글 내용'
            , '테스터956'
            , 0
            , 0
            , 0
            , NOW()
            , NULL
        )

2023-04-12 12:42:12,609 DEBUG [com.study.domain.post.PostMapper.save] <==    Updates: 1
2023-04-12 12:42:12,610  INFO [jdbc.resultsettable] 
|----------|
|insert_id |
|----------|
|956       |
|----------|

2023-04-12 12:42:12,612 DEBUG [com.study.aop.LoggerAspect] Service ===> com.study.domain.post.PostService.savePost()
2023-04-12 12:42:12,612 DEBUG [com.study.aop.LoggerAspect] Mapper ===> com.study.domain.post.PostMapper.save()
2023-04-12 12:42:12,612 DEBUG [com.study.domain.post.PostMapper.save] ==>  Preparing: INSERT INTO tb_post ( id , title , content , writer , view_cnt , notice_yn , delete_yn , created_date , modified_date ) VALUES ( ? , ? , ? , ? , 0 , ? , 0 , NOW() , NULL )
2023-04-12 12:42:12,612 DEBUG [com.study.domain.post.PostMapper.save] ==> Parameters: null, 957번 게시글 제목(String), 957번 게시글 내용(String), 테스터957(String), false(Boolean)
2023-04-12 12:42:12,612  INFO [jdbc.sqlonly] INSERT INTO tb_post (

          id
        , title
        , content
        , writer
        , view_cnt
        , notice_yn
        , delete_yn
        , created_date
        , modified_date

        ) VALUES (
              NULL
            , '957번 게시글 제목'
            , '957번 게시글 내용'
            , '테스터957'
            , 0
            , 0
            , 0
            , NOW()
            , NULL
        )

2023-04-12 12:42:12,615 DEBUG [com.study.domain.post.PostMapper.save] <==    Updates: 1
2023-04-12 12:42:12,615  INFO [jdbc.resultsettable] 
|----------|
|insert_id |
|----------|
|957       |
|----------|

2023-04-12 12:42:12,617 DEBUG [com.study.aop.LoggerAspect] Service ===> com.study.domain.post.PostService.savePost()
2023-04-12 12:42:12,617 DEBUG [com.study.aop.LoggerAspect] Mapper ===> com.study.domain.post.PostMapper.save()
2023-04-12 12:42:12,617 DEBUG [com.study.domain.post.PostMapper.save] ==>  Preparing: INSERT INTO tb_post ( id , title , content , writer , view_cnt , notice_yn , delete_yn , created_date , modified_date ) VALUES ( ? , ? , ? , ? , 0 , ? , 0 , NOW() , NULL )
2023-04-12 12:42:12,617 DEBUG [com.study.domain.post.PostMapper.save] ==> Parameters: null, 958번 게시글 제목(String), 958번 게시글 내용(String), 테스터958(String), false(Boolean)
2023-04-12 12:42:12,617  INFO [jdbc.sqlonly] INSERT INTO tb_post (

          id
        , title
        , content
        , writer
        , view_cnt
        , notice_yn
        , delete_yn
        , created_date
        , modified_date

        ) VALUES (
              NULL
            , '958번 게시글 제목'
            , '958번 게시글 내용'
            , '테스터958'
            , 0
            , 0
            , 0
            , NOW()
            , NULL
        )

2023-04-12 12:42:12,618 DEBUG [com.study.domain.post.PostMapper.save] <==    Updates: 1
2023-04-12 12:42:12,618  INFO [jdbc.resultsettable] 
|----------|
|insert_id |
|----------|
|958       |
|----------|

2023-04-12 12:42:12,620 DEBUG [com.study.aop.LoggerAspect] Service ===> com.study.domain.post.PostService.savePost()
2023-04-12 12:42:12,620 DEBUG [com.study.aop.LoggerAspect] Mapper ===> com.study.domain.post.PostMapper.save()
2023-04-12 12:42:12,621 DEBUG [com.study.domain.post.PostMapper.save] ==>  Preparing: INSERT INTO tb_post ( id , title , content , writer , view_cnt , notice_yn , delete_yn , created_date , modified_date ) VALUES ( ? , ? , ? , ? , 0 , ? , 0 , NOW() , NULL )
2023-04-12 12:42:12,621 DEBUG [com.study.domain.post.PostMapper.save] ==> Parameters: null, 959번 게시글 제목(String), 959번 게시글 내용(String), 테스터959(String), false(Boolean)
2023-04-12 12:42:12,621  INFO [jdbc.sqlonly] INSERT INTO tb_post (

          id
        , title
        , content
        , writer
        , view_cnt
        , notice_yn
        , delete_yn
        , created_date
        , modified_date

        ) VALUES (
              NULL
            , '959번 게시글 제목'
            , '959번 게시글 내용'
            , '테스터959'
            , 0
            , 0
            , 0
            , NOW()
            , NULL
        )

2023-04-12 12:42:12,622 DEBUG [com.study.domain.post.PostMapper.save] <==    Updates: 1
2023-04-12 12:42:12,623  INFO [jdbc.resultsettable] 
|----------|
|insert_id |
|----------|
|959       |
|----------|

2023-04-12 12:42:12,625 DEBUG [com.study.aop.LoggerAspect] Service ===> com.study.domain.post.PostService.savePost()
2023-04-12 12:42:12,625 DEBUG [com.study.aop.LoggerAspect] Mapper ===> com.study.domain.post.PostMapper.save()
2023-04-12 12:42:12,625 DEBUG [com.study.domain.post.PostMapper.save] ==>  Preparing: INSERT INTO tb_post ( id , title , content , writer , view_cnt , notice_yn , delete_yn , created_date , modified_date ) VALUES ( ? , ? , ? , ? , 0 , ? , 0 , NOW() , NULL )
2023-04-12 12:42:12,625 DEBUG [com.study.domain.post.PostMapper.save] ==> Parameters: null, 960번 게시글 제목(String), 960번 게시글 내용(String), 테스터960(String), false(Boolean)
2023-04-12 12:42:12,625  INFO [jdbc.sqlonly] INSERT INTO tb_post (

          id
        , title
        , content
        , writer
        , view_cnt
        , notice_yn
        , delete_yn
        , created_date
        , modified_date

        ) VALUES (
              NULL
            , '960번 게시글 제목'
            , '960번 게시글 내용'
            , '테스터960'
            , 0
            , 0
            , 0
            , NOW()
            , NULL
        )

2023-04-12 12:42:12,627 DEBUG [com.study.domain.post.PostMapper.save] <==    Updates: 1
2023-04-12 12:42:12,627  INFO [jdbc.resultsettable] 
|----------|
|insert_id |
|----------|
|960       |
|----------|

2023-04-12 12:42:12,630 DEBUG [com.study.aop.LoggerAspect] Service ===> com.study.domain.post.PostService.savePost()
2023-04-12 12:42:12,630 DEBUG [com.study.aop.LoggerAspect] Mapper ===> com.study.domain.post.PostMapper.save()
2023-04-12 12:42:12,630 DEBUG [com.study.domain.post.PostMapper.save] ==>  Preparing: INSERT INTO tb_post ( id , title , content , writer , view_cnt , notice_yn , delete_yn , created_date , modified_date ) VALUES ( ? , ? , ? , ? , 0 , ? , 0 , NOW() , NULL )
2023-04-12 12:42:12,630 DEBUG [com.study.domain.post.PostMapper.save] ==> Parameters: null, 961번 게시글 제목(String), 961번 게시글 내용(String), 테스터961(String), false(Boolean)
2023-04-12 12:42:12,630  INFO [jdbc.sqlonly] INSERT INTO tb_post (

          id
        , title
        , content
        , writer
        , view_cnt
        , notice_yn
        , delete_yn
        , created_date
        , modified_date

        ) VALUES (
              NULL
            , '961번 게시글 제목'
            , '961번 게시글 내용'
            , '테스터961'
            , 0
            , 0
            , 0
            , NOW()
            , NULL
        )

2023-04-12 12:42:12,631 DEBUG [com.study.domain.post.PostMapper.save] <==    Updates: 1
2023-04-12 12:42:12,631  INFO [jdbc.resultsettable] 
|----------|
|insert_id |
|----------|
|961       |
|----------|

2023-04-12 12:42:12,634 DEBUG [com.study.aop.LoggerAspect] Service ===> com.study.domain.post.PostService.savePost()
2023-04-12 12:42:12,634 DEBUG [com.study.aop.LoggerAspect] Mapper ===> com.study.domain.post.PostMapper.save()
2023-04-12 12:42:12,634 DEBUG [com.study.domain.post.PostMapper.save] ==>  Preparing: INSERT INTO tb_post ( id , title , content , writer , view_cnt , notice_yn , delete_yn , created_date , modified_date ) VALUES ( ? , ? , ? , ? , 0 , ? , 0 , NOW() , NULL )
2023-04-12 12:42:12,634 DEBUG [com.study.domain.post.PostMapper.save] ==> Parameters: null, 962번 게시글 제목(String), 962번 게시글 내용(String), 테스터962(String), false(Boolean)
2023-04-12 12:42:12,634  INFO [jdbc.sqlonly] INSERT INTO tb_post (

          id
        , title
        , content
        , writer
        , view_cnt
        , notice_yn
        , delete_yn
        , created_date
        , modified_date

        ) VALUES (
              NULL
            , '962번 게시글 제목'
            , '962번 게시글 내용'
            , '테스터962'
            , 0
            , 0
            , 0
            , NOW()
            , NULL
        )

2023-04-12 12:42:12,635 DEBUG [com.study.domain.post.PostMapper.save] <==    Updates: 1
2023-04-12 12:42:12,635  INFO [jdbc.resultsettable] 
|----------|
|insert_id |
|----------|
|962       |
|----------|

2023-04-12 12:42:12,637 DEBUG [com.study.aop.LoggerAspect] Service ===> com.study.domain.post.PostService.savePost()
2023-04-12 12:42:12,637 DEBUG [com.study.aop.LoggerAspect] Mapper ===> com.study.domain.post.PostMapper.save()
2023-04-12 12:42:12,637 DEBUG [com.study.domain.post.PostMapper.save] ==>  Preparing: INSERT INTO tb_post ( id , title , content , writer , view_cnt , notice_yn , delete_yn , created_date , modified_date ) VALUES ( ? , ? , ? , ? , 0 , ? , 0 , NOW() , NULL )
2023-04-12 12:42:12,637 DEBUG [com.study.domain.post.PostMapper.save] ==> Parameters: null, 963번 게시글 제목(String), 963번 게시글 내용(String), 테스터963(String), false(Boolean)
2023-04-12 12:42:12,637  INFO [jdbc.sqlonly] INSERT INTO tb_post (

          id
        , title
        , content
        , writer
        , view_cnt
        , notice_yn
        , delete_yn
        , created_date
        , modified_date

        ) VALUES (
              NULL
            , '963번 게시글 제목'
            , '963번 게시글 내용'
            , '테스터963'
            , 0
            , 0
            , 0
            , NOW()
            , NULL
        )

2023-04-12 12:42:12,638 DEBUG [com.study.domain.post.PostMapper.save] <==    Updates: 1
2023-04-12 12:42:12,638  INFO [jdbc.resultsettable] 
|----------|
|insert_id |
|----------|
|963       |
|----------|

2023-04-12 12:42:12,641 DEBUG [com.study.aop.LoggerAspect] Service ===> com.study.domain.post.PostService.savePost()
2023-04-12 12:42:12,641 DEBUG [com.study.aop.LoggerAspect] Mapper ===> com.study.domain.post.PostMapper.save()
2023-04-12 12:42:12,642 DEBUG [com.study.domain.post.PostMapper.save] ==>  Preparing: INSERT INTO tb_post ( id , title , content , writer , view_cnt , notice_yn , delete_yn , created_date , modified_date ) VALUES ( ? , ? , ? , ? , 0 , ? , 0 , NOW() , NULL )
2023-04-12 12:42:12,642 DEBUG [com.study.domain.post.PostMapper.save] ==> Parameters: null, 964번 게시글 제목(String), 964번 게시글 내용(String), 테스터964(String), false(Boolean)
2023-04-12 12:42:12,642  INFO [jdbc.sqlonly] INSERT INTO tb_post (

          id
        , title
        , content
        , writer
        , view_cnt
        , notice_yn
        , delete_yn
        , created_date
        , modified_date

        ) VALUES (
              NULL
            , '964번 게시글 제목'
            , '964번 게시글 내용'
            , '테스터964'
            , 0
            , 0
            , 0
            , NOW()
            , NULL
        )

2023-04-12 12:42:12,642 DEBUG [com.study.domain.post.PostMapper.save] <==    Updates: 1
2023-04-12 12:42:12,642  INFO [jdbc.resultsettable] 
|----------|
|insert_id |
|----------|
|964       |
|----------|

2023-04-12 12:42:12,644 DEBUG [com.study.aop.LoggerAspect] Service ===> com.study.domain.post.PostService.savePost()
2023-04-12 12:42:12,644 DEBUG [com.study.aop.LoggerAspect] Mapper ===> com.study.domain.post.PostMapper.save()
2023-04-12 12:42:12,644 DEBUG [com.study.domain.post.PostMapper.save] ==>  Preparing: INSERT INTO tb_post ( id , title , content , writer , view_cnt , notice_yn , delete_yn , created_date , modified_date ) VALUES ( ? , ? , ? , ? , 0 , ? , 0 , NOW() , NULL )
2023-04-12 12:42:12,644 DEBUG [com.study.domain.post.PostMapper.save] ==> Parameters: null, 965번 게시글 제목(String), 965번 게시글 내용(String), 테스터965(String), false(Boolean)
2023-04-12 12:42:12,644  INFO [jdbc.sqlonly] INSERT INTO tb_post (

          id
        , title
        , content
        , writer
        , view_cnt
        , notice_yn
        , delete_yn
        , created_date
        , modified_date

        ) VALUES (
              NULL
            , '965번 게시글 제목'
            , '965번 게시글 내용'
            , '테스터965'
            , 0
            , 0
            , 0
            , NOW()
            , NULL
        )

2023-04-12 12:42:12,645 DEBUG [com.study.domain.post.PostMapper.save] <==    Updates: 1
2023-04-12 12:42:12,645  INFO [jdbc.resultsettable] 
|----------|
|insert_id |
|----------|
|965       |
|----------|

2023-04-12 12:42:12,646 DEBUG [com.study.aop.LoggerAspect] Service ===> com.study.domain.post.PostService.savePost()
2023-04-12 12:42:12,646 DEBUG [com.study.aop.LoggerAspect] Mapper ===> com.study.domain.post.PostMapper.save()
2023-04-12 12:42:12,647 DEBUG [com.study.domain.post.PostMapper.save] ==>  Preparing: INSERT INTO tb_post ( id , title , content , writer , view_cnt , notice_yn , delete_yn , created_date , modified_date ) VALUES ( ? , ? , ? , ? , 0 , ? , 0 , NOW() , NULL )
2023-04-12 12:42:12,647 DEBUG [com.study.domain.post.PostMapper.save] ==> Parameters: null, 966번 게시글 제목(String), 966번 게시글 내용(String), 테스터966(String), false(Boolean)
2023-04-12 12:42:12,647  INFO [jdbc.sqlonly] INSERT INTO tb_post (

          id
        , title
        , content
        , writer
        , view_cnt
        , notice_yn
        , delete_yn
        , created_date
        , modified_date

        ) VALUES (
              NULL
            , '966번 게시글 제목'
            , '966번 게시글 내용'
            , '테스터966'
            , 0
            , 0
            , 0
            , NOW()
            , NULL
        )

2023-04-12 12:42:12,647 DEBUG [com.study.domain.post.PostMapper.save] <==    Updates: 1
2023-04-12 12:42:12,647  INFO [jdbc.resultsettable] 
|----------|
|insert_id |
|----------|
|966       |
|----------|

2023-04-12 12:42:12,649 DEBUG [com.study.aop.LoggerAspect] Service ===> com.study.domain.post.PostService.savePost()
2023-04-12 12:42:12,649 DEBUG [com.study.aop.LoggerAspect] Mapper ===> com.study.domain.post.PostMapper.save()
2023-04-12 12:42:12,649 DEBUG [com.study.domain.post.PostMapper.save] ==>  Preparing: INSERT INTO tb_post ( id , title , content , writer , view_cnt , notice_yn , delete_yn , created_date , modified_date ) VALUES ( ? , ? , ? , ? , 0 , ? , 0 , NOW() , NULL )
2023-04-12 12:42:12,649 DEBUG [com.study.domain.post.PostMapper.save] ==> Parameters: null, 967번 게시글 제목(String), 967번 게시글 내용(String), 테스터967(String), false(Boolean)
2023-04-12 12:42:12,649  INFO [jdbc.sqlonly] INSERT INTO tb_post (

          id
        , title
        , content
        , writer
        , view_cnt
        , notice_yn
        , delete_yn
        , created_date
        , modified_date

        ) VALUES (
              NULL
            , '967번 게시글 제목'
            , '967번 게시글 내용'
            , '테스터967'
            , 0
            , 0
            , 0
            , NOW()
            , NULL
        )

2023-04-12 12:42:12,649 DEBUG [com.study.domain.post.PostMapper.save] <==    Updates: 1
2023-04-12 12:42:12,650  INFO [jdbc.resultsettable] 
|----------|
|insert_id |
|----------|
|967       |
|----------|

2023-04-12 12:42:12,652 DEBUG [com.study.aop.LoggerAspect] Service ===> com.study.domain.post.PostService.savePost()
2023-04-12 12:42:12,652 DEBUG [com.study.aop.LoggerAspect] Mapper ===> com.study.domain.post.PostMapper.save()
2023-04-12 12:42:12,652 DEBUG [com.study.domain.post.PostMapper.save] ==>  Preparing: INSERT INTO tb_post ( id , title , content , writer , view_cnt , notice_yn , delete_yn , created_date , modified_date ) VALUES ( ? , ? , ? , ? , 0 , ? , 0 , NOW() , NULL )
2023-04-12 12:42:12,652 DEBUG [com.study.domain.post.PostMapper.save] ==> Parameters: null, 968번 게시글 제목(String), 968번 게시글 내용(String), 테스터968(String), false(Boolean)
2023-04-12 12:42:12,653  INFO [jdbc.sqlonly] INSERT INTO tb_post (

          id
        , title
        , content
        , writer
        , view_cnt
        , notice_yn
        , delete_yn
        , created_date
        , modified_date

        ) VALUES (
              NULL
            , '968번 게시글 제목'
            , '968번 게시글 내용'
            , '테스터968'
            , 0
            , 0
            , 0
            , NOW()
            , NULL
        )

2023-04-12 12:42:12,653 DEBUG [com.study.domain.post.PostMapper.save] <==    Updates: 1
2023-04-12 12:42:12,653  INFO [jdbc.resultsettable] 
|----------|
|insert_id |
|----------|
|968       |
|----------|

2023-04-12 12:42:12,655 DEBUG [com.study.aop.LoggerAspect] Service ===> com.study.domain.post.PostService.savePost()
2023-04-12 12:42:12,656 DEBUG [com.study.aop.LoggerAspect] Mapper ===> com.study.domain.post.PostMapper.save()
2023-04-12 12:42:12,656 DEBUG [com.study.domain.post.PostMapper.save] ==>  Preparing: INSERT INTO tb_post ( id , title , content , writer , view_cnt , notice_yn , delete_yn , created_date , modified_date ) VALUES ( ? , ? , ? , ? , 0 , ? , 0 , NOW() , NULL )
2023-04-12 12:42:12,656 DEBUG [com.study.domain.post.PostMapper.save] ==> Parameters: null, 969번 게시글 제목(String), 969번 게시글 내용(String), 테스터969(String), false(Boolean)
2023-04-12 12:42:12,656  INFO [jdbc.sqlonly] INSERT INTO tb_post (

          id
        , title
        , content
        , writer
        , view_cnt
        , notice_yn
        , delete_yn
        , created_date
        , modified_date

        ) VALUES (
              NULL
            , '969번 게시글 제목'
            , '969번 게시글 내용'
            , '테스터969'
            , 0
            , 0
            , 0
            , NOW()
            , NULL
        )

2023-04-12 12:42:12,656 DEBUG [com.study.domain.post.PostMapper.save] <==    Updates: 1
2023-04-12 12:42:12,656  INFO [jdbc.resultsettable] 
|----------|
|insert_id |
|----------|
|969       |
|----------|

2023-04-12 12:42:12,658 DEBUG [com.study.aop.LoggerAspect] Service ===> com.study.domain.post.PostService.savePost()
2023-04-12 12:42:12,658 DEBUG [com.study.aop.LoggerAspect] Mapper ===> com.study.domain.post.PostMapper.save()
2023-04-12 12:42:12,658 DEBUG [com.study.domain.post.PostMapper.save] ==>  Preparing: INSERT INTO tb_post ( id , title , content , writer , view_cnt , notice_yn , delete_yn , created_date , modified_date ) VALUES ( ? , ? , ? , ? , 0 , ? , 0 , NOW() , NULL )
2023-04-12 12:42:12,659 DEBUG [com.study.domain.post.PostMapper.save] ==> Parameters: null, 970번 게시글 제목(String), 970번 게시글 내용(String), 테스터970(String), false(Boolean)
2023-04-12 12:42:12,659  INFO [jdbc.sqlonly] INSERT INTO tb_post (

          id
        , title
        , content
        , writer
        , view_cnt
        , notice_yn
        , delete_yn
        , created_date
        , modified_date

        ) VALUES (
              NULL
            , '970번 게시글 제목'
            , '970번 게시글 내용'
            , '테스터970'
            , 0
            , 0
            , 0
            , NOW()
            , NULL
        )

2023-04-12 12:42:12,659 DEBUG [com.study.domain.post.PostMapper.save] <==    Updates: 1
2023-04-12 12:42:12,659  INFO [jdbc.resultsettable] 
|----------|
|insert_id |
|----------|
|970       |
|----------|

2023-04-12 12:42:12,661 DEBUG [com.study.aop.LoggerAspect] Service ===> com.study.domain.post.PostService.savePost()
2023-04-12 12:42:12,661 DEBUG [com.study.aop.LoggerAspect] Mapper ===> com.study.domain.post.PostMapper.save()
2023-04-12 12:42:12,661 DEBUG [com.study.domain.post.PostMapper.save] ==>  Preparing: INSERT INTO tb_post ( id , title , content , writer , view_cnt , notice_yn , delete_yn , created_date , modified_date ) VALUES ( ? , ? , ? , ? , 0 , ? , 0 , NOW() , NULL )
2023-04-12 12:42:12,662 DEBUG [com.study.domain.post.PostMapper.save] ==> Parameters: null, 971번 게시글 제목(String), 971번 게시글 내용(String), 테스터971(String), false(Boolean)
2023-04-12 12:42:12,662  INFO [jdbc.sqlonly] INSERT INTO tb_post (

          id
        , title
        , content
        , writer
        , view_cnt
        , notice_yn
        , delete_yn
        , created_date
        , modified_date

        ) VALUES (
              NULL
            , '971번 게시글 제목'
            , '971번 게시글 내용'
            , '테스터971'
            , 0
            , 0
            , 0
            , NOW()
            , NULL
        )

2023-04-12 12:42:12,662 DEBUG [com.study.domain.post.PostMapper.save] <==    Updates: 1
2023-04-12 12:42:12,662  INFO [jdbc.resultsettable] 
|----------|
|insert_id |
|----------|
|971       |
|----------|

2023-04-12 12:42:12,664 DEBUG [com.study.aop.LoggerAspect] Service ===> com.study.domain.post.PostService.savePost()
2023-04-12 12:42:12,664 DEBUG [com.study.aop.LoggerAspect] Mapper ===> com.study.domain.post.PostMapper.save()
2023-04-12 12:42:12,664 DEBUG [com.study.domain.post.PostMapper.save] ==>  Preparing: INSERT INTO tb_post ( id , title , content , writer , view_cnt , notice_yn , delete_yn , created_date , modified_date ) VALUES ( ? , ? , ? , ? , 0 , ? , 0 , NOW() , NULL )
2023-04-12 12:42:12,664 DEBUG [com.study.domain.post.PostMapper.save] ==> Parameters: null, 972번 게시글 제목(String), 972번 게시글 내용(String), 테스터972(String), false(Boolean)
2023-04-12 12:42:12,664  INFO [jdbc.sqlonly] INSERT INTO tb_post (

          id
        , title
        , content
        , writer
        , view_cnt
        , notice_yn
        , delete_yn
        , created_date
        , modified_date

        ) VALUES (
              NULL
            , '972번 게시글 제목'
            , '972번 게시글 내용'
            , '테스터972'
            , 0
            , 0
            , 0
            , NOW()
            , NULL
        )

2023-04-12 12:42:12,665 DEBUG [com.study.domain.post.PostMapper.save] <==    Updates: 1
2023-04-12 12:42:12,665  INFO [jdbc.resultsettable] 
|----------|
|insert_id |
|----------|
|972       |
|----------|

2023-04-12 12:42:12,667 DEBUG [com.study.aop.LoggerAspect] Service ===> com.study.domain.post.PostService.savePost()
2023-04-12 12:42:12,667 DEBUG [com.study.aop.LoggerAspect] Mapper ===> com.study.domain.post.PostMapper.save()
2023-04-12 12:42:12,667 DEBUG [com.study.domain.post.PostMapper.save] ==>  Preparing: INSERT INTO tb_post ( id , title , content , writer , view_cnt , notice_yn , delete_yn , created_date , modified_date ) VALUES ( ? , ? , ? , ? , 0 , ? , 0 , NOW() , NULL )
2023-04-12 12:42:12,667 DEBUG [com.study.domain.post.PostMapper.save] ==> Parameters: null, 973번 게시글 제목(String), 973번 게시글 내용(String), 테스터973(String), false(Boolean)
2023-04-12 12:42:12,667  INFO [jdbc.sqlonly] INSERT INTO tb_post (

          id
        , title
        , content
        , writer
        , view_cnt
        , notice_yn
        , delete_yn
        , created_date
        , modified_date

        ) VALUES (
              NULL
            , '973번 게시글 제목'
            , '973번 게시글 내용'
            , '테스터973'
            , 0
            , 0
            , 0
            , NOW()
            , NULL
        )

2023-04-12 12:42:12,667 DEBUG [com.study.domain.post.PostMapper.save] <==    Updates: 1
2023-04-12 12:42:12,668  INFO [jdbc.resultsettable] 
|----------|
|insert_id |
|----------|
|973       |
|----------|

2023-04-12 12:42:12,669 DEBUG [com.study.aop.LoggerAspect] Service ===> com.study.domain.post.PostService.savePost()
2023-04-12 12:42:12,669 DEBUG [com.study.aop.LoggerAspect] Mapper ===> com.study.domain.post.PostMapper.save()
2023-04-12 12:42:12,670 DEBUG [com.study.domain.post.PostMapper.save] ==>  Preparing: INSERT INTO tb_post ( id , title , content , writer , view_cnt , notice_yn , delete_yn , created_date , modified_date ) VALUES ( ? , ? , ? , ? , 0 , ? , 0 , NOW() , NULL )
2023-04-12 12:42:12,670 DEBUG [com.study.domain.post.PostMapper.save] ==> Parameters: null, 974번 게시글 제목(String), 974번 게시글 내용(String), 테스터974(String), false(Boolean)
2023-04-12 12:42:12,670  INFO [jdbc.sqlonly] INSERT INTO tb_post (

          id
        , title
        , content
        , writer
        , view_cnt
        , notice_yn
        , delete_yn
        , created_date
        , modified_date

        ) VALUES (
              NULL
            , '974번 게시글 제목'
            , '974번 게시글 내용'
            , '테스터974'
            , 0
            , 0
            , 0
            , NOW()
            , NULL
        )

2023-04-12 12:42:12,670 DEBUG [com.study.domain.post.PostMapper.save] <==    Updates: 1
2023-04-12 12:42:12,670  INFO [jdbc.resultsettable] 
|----------|
|insert_id |
|----------|
|974       |
|----------|

2023-04-12 12:42:12,672 DEBUG [com.study.aop.LoggerAspect] Service ===> com.study.domain.post.PostService.savePost()
2023-04-12 12:42:12,672 DEBUG [com.study.aop.LoggerAspect] Mapper ===> com.study.domain.post.PostMapper.save()
2023-04-12 12:42:12,672 DEBUG [com.study.domain.post.PostMapper.save] ==>  Preparing: INSERT INTO tb_post ( id , title , content , writer , view_cnt , notice_yn , delete_yn , created_date , modified_date ) VALUES ( ? , ? , ? , ? , 0 , ? , 0 , NOW() , NULL )
2023-04-12 12:42:12,673 DEBUG [com.study.domain.post.PostMapper.save] ==> Parameters: null, 975번 게시글 제목(String), 975번 게시글 내용(String), 테스터975(String), false(Boolean)
2023-04-12 12:42:12,673  INFO [jdbc.sqlonly] INSERT INTO tb_post (

          id
        , title
        , content
        , writer
        , view_cnt
        , notice_yn
        , delete_yn
        , created_date
        , modified_date

        ) VALUES (
              NULL
            , '975번 게시글 제목'
            , '975번 게시글 내용'
            , '테스터975'
            , 0
            , 0
            , 0
            , NOW()
            , NULL
        )

2023-04-12 12:42:12,673 DEBUG [com.study.domain.post.PostMapper.save] <==    Updates: 1
2023-04-12 12:42:12,673  INFO [jdbc.resultsettable] 
|----------|
|insert_id |
|----------|
|975       |
|----------|

2023-04-12 12:42:12,674 DEBUG [com.study.aop.LoggerAspect] Service ===> com.study.domain.post.PostService.savePost()
2023-04-12 12:42:12,674 DEBUG [com.study.aop.LoggerAspect] Mapper ===> com.study.domain.post.PostMapper.save()
2023-04-12 12:42:12,675 DEBUG [com.study.domain.post.PostMapper.save] ==>  Preparing: INSERT INTO tb_post ( id , title , content , writer , view_cnt , notice_yn , delete_yn , created_date , modified_date ) VALUES ( ? , ? , ? , ? , 0 , ? , 0 , NOW() , NULL )
2023-04-12 12:42:12,675 DEBUG [com.study.domain.post.PostMapper.save] ==> Parameters: null, 976번 게시글 제목(String), 976번 게시글 내용(String), 테스터976(String), false(Boolean)
2023-04-12 12:42:12,675  INFO [jdbc.sqlonly] INSERT INTO tb_post (

          id
        , title
        , content
        , writer
        , view_cnt
        , notice_yn
        , delete_yn
        , created_date
        , modified_date

        ) VALUES (
              NULL
            , '976번 게시글 제목'
            , '976번 게시글 내용'
            , '테스터976'
            , 0
            , 0
            , 0
            , NOW()
            , NULL
        )

2023-04-12 12:42:12,675 DEBUG [com.study.domain.post.PostMapper.save] <==    Updates: 1
2023-04-12 12:42:12,675  INFO [jdbc.resultsettable] 
|----------|
|insert_id |
|----------|
|976       |
|----------|

2023-04-12 12:42:12,676 DEBUG [com.study.aop.LoggerAspect] Service ===> com.study.domain.post.PostService.savePost()
2023-04-12 12:42:12,676 DEBUG [com.study.aop.LoggerAspect] Mapper ===> com.study.domain.post.PostMapper.save()
2023-04-12 12:42:12,676 DEBUG [com.study.domain.post.PostMapper.save] ==>  Preparing: INSERT INTO tb_post ( id , title , content , writer , view_cnt , notice_yn , delete_yn , created_date , modified_date ) VALUES ( ? , ? , ? , ? , 0 , ? , 0 , NOW() , NULL )
2023-04-12 12:42:12,676 DEBUG [com.study.domain.post.PostMapper.save] ==> Parameters: null, 977번 게시글 제목(String), 977번 게시글 내용(String), 테스터977(String), false(Boolean)
2023-04-12 12:42:12,676  INFO [jdbc.sqlonly] INSERT INTO tb_post (

          id
        , title
        , content
        , writer
        , view_cnt
        , notice_yn
        , delete_yn
        , created_date
        , modified_date

        ) VALUES (
              NULL
            , '977번 게시글 제목'
            , '977번 게시글 내용'
            , '테스터977'
            , 0
            , 0
            , 0
            , NOW()
            , NULL
        )

2023-04-12 12:42:12,676 DEBUG [com.study.domain.post.PostMapper.save] <==    Updates: 1
2023-04-12 12:42:12,677  INFO [jdbc.resultsettable] 
|----------|
|insert_id |
|----------|
|977       |
|----------|

2023-04-12 12:42:12,678 DEBUG [com.study.aop.LoggerAspect] Service ===> com.study.domain.post.PostService.savePost()
2023-04-12 12:42:12,678 DEBUG [com.study.aop.LoggerAspect] Mapper ===> com.study.domain.post.PostMapper.save()
2023-04-12 12:42:12,678 DEBUG [com.study.domain.post.PostMapper.save] ==>  Preparing: INSERT INTO tb_post ( id , title , content , writer , view_cnt , notice_yn , delete_yn , created_date , modified_date ) VALUES ( ? , ? , ? , ? , 0 , ? , 0 , NOW() , NULL )
2023-04-12 12:42:12,678 DEBUG [com.study.domain.post.PostMapper.save] ==> Parameters: null, 978번 게시글 제목(String), 978번 게시글 내용(String), 테스터978(String), false(Boolean)
2023-04-12 12:42:12,678  INFO [jdbc.sqlonly] INSERT INTO tb_post (

          id
        , title
        , content
        , writer
        , view_cnt
        , notice_yn
        , delete_yn
        , created_date
        , modified_date

        ) VALUES (
              NULL
            , '978번 게시글 제목'
            , '978번 게시글 내용'
            , '테스터978'
            , 0
            , 0
            , 0
            , NOW()
            , NULL
        )

2023-04-12 12:42:12,678 DEBUG [com.study.domain.post.PostMapper.save] <==    Updates: 1
2023-04-12 12:42:12,678  INFO [jdbc.resultsettable] 
|----------|
|insert_id |
|----------|
|978       |
|----------|

2023-04-12 12:42:12,679 DEBUG [com.study.aop.LoggerAspect] Service ===> com.study.domain.post.PostService.savePost()
2023-04-12 12:42:12,679 DEBUG [com.study.aop.LoggerAspect] Mapper ===> com.study.domain.post.PostMapper.save()
2023-04-12 12:42:12,679 DEBUG [com.study.domain.post.PostMapper.save] ==>  Preparing: INSERT INTO tb_post ( id , title , content , writer , view_cnt , notice_yn , delete_yn , created_date , modified_date ) VALUES ( ? , ? , ? , ? , 0 , ? , 0 , NOW() , NULL )
2023-04-12 12:42:12,679 DEBUG [com.study.domain.post.PostMapper.save] ==> Parameters: null, 979번 게시글 제목(String), 979번 게시글 내용(String), 테스터979(String), false(Boolean)
2023-04-12 12:42:12,679  INFO [jdbc.sqlonly] INSERT INTO tb_post (

          id
        , title
        , content
        , writer
        , view_cnt
        , notice_yn
        , delete_yn
        , created_date
        , modified_date

        ) VALUES (
              NULL
            , '979번 게시글 제목'
            , '979번 게시글 내용'
            , '테스터979'
            , 0
            , 0
            , 0
            , NOW()
            , NULL
        )

2023-04-12 12:42:12,679 DEBUG [com.study.domain.post.PostMapper.save] <==    Updates: 1
2023-04-12 12:42:12,680  INFO [jdbc.resultsettable] 
|----------|
|insert_id |
|----------|
|979       |
|----------|

2023-04-12 12:42:12,681 DEBUG [com.study.aop.LoggerAspect] Service ===> com.study.domain.post.PostService.savePost()
2023-04-12 12:42:12,681 DEBUG [com.study.aop.LoggerAspect] Mapper ===> com.study.domain.post.PostMapper.save()
2023-04-12 12:42:12,681 DEBUG [com.study.domain.post.PostMapper.save] ==>  Preparing: INSERT INTO tb_post ( id , title , content , writer , view_cnt , notice_yn , delete_yn , created_date , modified_date ) VALUES ( ? , ? , ? , ? , 0 , ? , 0 , NOW() , NULL )
2023-04-12 12:42:12,681 DEBUG [com.study.domain.post.PostMapper.save] ==> Parameters: null, 980번 게시글 제목(String), 980번 게시글 내용(String), 테스터980(String), false(Boolean)
2023-04-12 12:42:12,681  INFO [jdbc.sqlonly] INSERT INTO tb_post (

          id
        , title
        , content
        , writer
        , view_cnt
        , notice_yn
        , delete_yn
        , created_date
        , modified_date

        ) VALUES (
              NULL
            , '980번 게시글 제목'
            , '980번 게시글 내용'
            , '테스터980'
            , 0
            , 0
            , 0
            , NOW()
            , NULL
        )

2023-04-12 12:42:12,681 DEBUG [com.study.domain.post.PostMapper.save] <==    Updates: 1
2023-04-12 12:42:12,681  INFO [jdbc.resultsettable] 
|----------|
|insert_id |
|----------|
|980       |
|----------|

2023-04-12 12:42:12,682 DEBUG [com.study.aop.LoggerAspect] Service ===> com.study.domain.post.PostService.savePost()
2023-04-12 12:42:12,682 DEBUG [com.study.aop.LoggerAspect] Mapper ===> com.study.domain.post.PostMapper.save()
2023-04-12 12:42:12,682 DEBUG [com.study.domain.post.PostMapper.save] ==>  Preparing: INSERT INTO tb_post ( id , title , content , writer , view_cnt , notice_yn , delete_yn , created_date , modified_date ) VALUES ( ? , ? , ? , ? , 0 , ? , 0 , NOW() , NULL )
2023-04-12 12:42:12,682 DEBUG [com.study.domain.post.PostMapper.save] ==> Parameters: null, 981번 게시글 제목(String), 981번 게시글 내용(String), 테스터981(String), false(Boolean)
2023-04-12 12:42:12,682  INFO [jdbc.sqlonly] INSERT INTO tb_post (

          id
        , title
        , content
        , writer
        , view_cnt
        , notice_yn
        , delete_yn
        , created_date
        , modified_date

        ) VALUES (
              NULL
            , '981번 게시글 제목'
            , '981번 게시글 내용'
            , '테스터981'
            , 0
            , 0
            , 0
            , NOW()
            , NULL
        )

2023-04-12 12:42:12,682 DEBUG [com.study.domain.post.PostMapper.save] <==    Updates: 1
2023-04-12 12:42:12,682  INFO [jdbc.resultsettable] 
|----------|
|insert_id |
|----------|
|981       |
|----------|

2023-04-12 12:42:12,683 DEBUG [com.study.aop.LoggerAspect] Service ===> com.study.domain.post.PostService.savePost()
2023-04-12 12:42:12,683 DEBUG [com.study.aop.LoggerAspect] Mapper ===> com.study.domain.post.PostMapper.save()
2023-04-12 12:42:12,684 DEBUG [com.study.domain.post.PostMapper.save] ==>  Preparing: INSERT INTO tb_post ( id , title , content , writer , view_cnt , notice_yn , delete_yn , created_date , modified_date ) VALUES ( ? , ? , ? , ? , 0 , ? , 0 , NOW() , NULL )
2023-04-12 12:42:12,684 DEBUG [com.study.domain.post.PostMapper.save] ==> Parameters: null, 982번 게시글 제목(String), 982번 게시글 내용(String), 테스터982(String), false(Boolean)
2023-04-12 12:42:12,684  INFO [jdbc.sqlonly] INSERT INTO tb_post (

          id
        , title
        , content
        , writer
        , view_cnt
        , notice_yn
        , delete_yn
        , created_date
        , modified_date

        ) VALUES (
              NULL
            , '982번 게시글 제목'
            , '982번 게시글 내용'
            , '테스터982'
            , 0
            , 0
            , 0
            , NOW()
            , NULL
        )

2023-04-12 12:42:12,684 DEBUG [com.study.domain.post.PostMapper.save] <==    Updates: 1
2023-04-12 12:42:12,684  INFO [jdbc.resultsettable] 
|----------|
|insert_id |
|----------|
|982       |
|----------|

2023-04-12 12:42:12,685 DEBUG [com.study.aop.LoggerAspect] Service ===> com.study.domain.post.PostService.savePost()
2023-04-12 12:42:12,685 DEBUG [com.study.aop.LoggerAspect] Mapper ===> com.study.domain.post.PostMapper.save()
2023-04-12 12:42:12,685 DEBUG [com.study.domain.post.PostMapper.save] ==>  Preparing: INSERT INTO tb_post ( id , title , content , writer , view_cnt , notice_yn , delete_yn , created_date , modified_date ) VALUES ( ? , ? , ? , ? , 0 , ? , 0 , NOW() , NULL )
2023-04-12 12:42:12,685 DEBUG [com.study.domain.post.PostMapper.save] ==> Parameters: null, 983번 게시글 제목(String), 983번 게시글 내용(String), 테스터983(String), false(Boolean)
2023-04-12 12:42:12,685  INFO [jdbc.sqlonly] INSERT INTO tb_post (

          id
        , title
        , content
        , writer
        , view_cnt
        , notice_yn
        , delete_yn
        , created_date
        , modified_date

        ) VALUES (
              NULL
            , '983번 게시글 제목'
            , '983번 게시글 내용'
            , '테스터983'
            , 0
            , 0
            , 0
            , NOW()
            , NULL
        )

2023-04-12 12:42:12,685 DEBUG [com.study.domain.post.PostMapper.save] <==    Updates: 1
2023-04-12 12:42:12,685  INFO [jdbc.resultsettable] 
|----------|
|insert_id |
|----------|
|983       |
|----------|

2023-04-12 12:42:12,686 DEBUG [com.study.aop.LoggerAspect] Service ===> com.study.domain.post.PostService.savePost()
2023-04-12 12:42:12,686 DEBUG [com.study.aop.LoggerAspect] Mapper ===> com.study.domain.post.PostMapper.save()
2023-04-12 12:42:12,686 DEBUG [com.study.domain.post.PostMapper.save] ==>  Preparing: INSERT INTO tb_post ( id , title , content , writer , view_cnt , notice_yn , delete_yn , created_date , modified_date ) VALUES ( ? , ? , ? , ? , 0 , ? , 0 , NOW() , NULL )
2023-04-12 12:42:12,687 DEBUG [com.study.domain.post.PostMapper.save] ==> Parameters: null, 984번 게시글 제목(String), 984번 게시글 내용(String), 테스터984(String), false(Boolean)
2023-04-12 12:42:12,687  INFO [jdbc.sqlonly] INSERT INTO tb_post (

          id
        , title
        , content
        , writer
        , view_cnt
        , notice_yn
        , delete_yn
        , created_date
        , modified_date

        ) VALUES (
              NULL
            , '984번 게시글 제목'
            , '984번 게시글 내용'
            , '테스터984'
            , 0
            , 0
            , 0
            , NOW()
            , NULL
        )

2023-04-12 12:42:12,687 DEBUG [com.study.domain.post.PostMapper.save] <==    Updates: 1
2023-04-12 12:42:12,687  INFO [jdbc.resultsettable] 
|----------|
|insert_id |
|----------|
|984       |
|----------|

2023-04-12 12:42:12,688 DEBUG [com.study.aop.LoggerAspect] Service ===> com.study.domain.post.PostService.savePost()
2023-04-12 12:42:12,688 DEBUG [com.study.aop.LoggerAspect] Mapper ===> com.study.domain.post.PostMapper.save()
2023-04-12 12:42:12,688 DEBUG [com.study.domain.post.PostMapper.save] ==>  Preparing: INSERT INTO tb_post ( id , title , content , writer , view_cnt , notice_yn , delete_yn , created_date , modified_date ) VALUES ( ? , ? , ? , ? , 0 , ? , 0 , NOW() , NULL )
2023-04-12 12:42:12,689 DEBUG [com.study.domain.post.PostMapper.save] ==> Parameters: null, 985번 게시글 제목(String), 985번 게시글 내용(String), 테스터985(String), false(Boolean)
2023-04-12 12:42:12,689  INFO [jdbc.sqlonly] INSERT INTO tb_post (

          id
        , title
        , content
        , writer
        , view_cnt
        , notice_yn
        , delete_yn
        , created_date
        , modified_date

        ) VALUES (
              NULL
            , '985번 게시글 제목'
            , '985번 게시글 내용'
            , '테스터985'
            , 0
            , 0
            , 0
            , NOW()
            , NULL
        )

2023-04-12 12:42:12,689 DEBUG [com.study.domain.post.PostMapper.save] <==    Updates: 1
2023-04-12 12:42:12,689  INFO [jdbc.resultsettable] 
|----------|
|insert_id |
|----------|
|985       |
|----------|

2023-04-12 12:42:12,690 DEBUG [com.study.aop.LoggerAspect] Service ===> com.study.domain.post.PostService.savePost()
2023-04-12 12:42:12,690 DEBUG [com.study.aop.LoggerAspect] Mapper ===> com.study.domain.post.PostMapper.save()
2023-04-12 12:42:12,690 DEBUG [com.study.domain.post.PostMapper.save] ==>  Preparing: INSERT INTO tb_post ( id , title , content , writer , view_cnt , notice_yn , delete_yn , created_date , modified_date ) VALUES ( ? , ? , ? , ? , 0 , ? , 0 , NOW() , NULL )
2023-04-12 12:42:12,690 DEBUG [com.study.domain.post.PostMapper.save] ==> Parameters: null, 986번 게시글 제목(String), 986번 게시글 내용(String), 테스터986(String), false(Boolean)
2023-04-12 12:42:12,690  INFO [jdbc.sqlonly] INSERT INTO tb_post (

          id
        , title
        , content
        , writer
        , view_cnt
        , notice_yn
        , delete_yn
        , created_date
        , modified_date

        ) VALUES (
              NULL
            , '986번 게시글 제목'
            , '986번 게시글 내용'
            , '테스터986'
            , 0
            , 0
            , 0
            , NOW()
            , NULL
        )

2023-04-12 12:42:12,691 DEBUG [com.study.domain.post.PostMapper.save] <==    Updates: 1
2023-04-12 12:42:12,691  INFO [jdbc.resultsettable] 
|----------|
|insert_id |
|----------|
|986       |
|----------|

2023-04-12 12:42:12,692 DEBUG [com.study.aop.LoggerAspect] Service ===> com.study.domain.post.PostService.savePost()
2023-04-12 12:42:12,692 DEBUG [com.study.aop.LoggerAspect] Mapper ===> com.study.domain.post.PostMapper.save()
2023-04-12 12:42:12,692 DEBUG [com.study.domain.post.PostMapper.save] ==>  Preparing: INSERT INTO tb_post ( id , title , content , writer , view_cnt , notice_yn , delete_yn , created_date , modified_date ) VALUES ( ? , ? , ? , ? , 0 , ? , 0 , NOW() , NULL )
2023-04-12 12:42:12,692 DEBUG [com.study.domain.post.PostMapper.save] ==> Parameters: null, 987번 게시글 제목(String), 987번 게시글 내용(String), 테스터987(String), false(Boolean)
2023-04-12 12:42:12,692  INFO [jdbc.sqlonly] INSERT INTO tb_post (

          id
        , title
        , content
        , writer
        , view_cnt
        , notice_yn
        , delete_yn
        , created_date
        , modified_date

        ) VALUES (
              NULL
            , '987번 게시글 제목'
            , '987번 게시글 내용'
            , '테스터987'
            , 0
            , 0
            , 0
            , NOW()
            , NULL
        )

2023-04-12 12:42:12,692 DEBUG [com.study.domain.post.PostMapper.save] <==    Updates: 1
2023-04-12 12:42:12,692  INFO [jdbc.resultsettable] 
|----------|
|insert_id |
|----------|
|987       |
|----------|

2023-04-12 12:42:12,693 DEBUG [com.study.aop.LoggerAspect] Service ===> com.study.domain.post.PostService.savePost()
2023-04-12 12:42:12,693 DEBUG [com.study.aop.LoggerAspect] Mapper ===> com.study.domain.post.PostMapper.save()
2023-04-12 12:42:12,693 DEBUG [com.study.domain.post.PostMapper.save] ==>  Preparing: INSERT INTO tb_post ( id , title , content , writer , view_cnt , notice_yn , delete_yn , created_date , modified_date ) VALUES ( ? , ? , ? , ? , 0 , ? , 0 , NOW() , NULL )
2023-04-12 12:42:12,693 DEBUG [com.study.domain.post.PostMapper.save] ==> Parameters: null, 988번 게시글 제목(String), 988번 게시글 내용(String), 테스터988(String), false(Boolean)
2023-04-12 12:42:12,693  INFO [jdbc.sqlonly] INSERT INTO tb_post (

          id
        , title
        , content
        , writer
        , view_cnt
        , notice_yn
        , delete_yn
        , created_date
        , modified_date

        ) VALUES (
              NULL
            , '988번 게시글 제목'
            , '988번 게시글 내용'
            , '테스터988'
            , 0
            , 0
            , 0
            , NOW()
            , NULL
        )

2023-04-12 12:42:12,693 DEBUG [com.study.domain.post.PostMapper.save] <==    Updates: 1
2023-04-12 12:42:12,694  INFO [jdbc.resultsettable] 
|----------|
|insert_id |
|----------|
|988       |
|----------|

2023-04-12 12:42:12,695 DEBUG [com.study.aop.LoggerAspect] Service ===> com.study.domain.post.PostService.savePost()
2023-04-12 12:42:12,695 DEBUG [com.study.aop.LoggerAspect] Mapper ===> com.study.domain.post.PostMapper.save()
2023-04-12 12:42:12,695 DEBUG [com.study.domain.post.PostMapper.save] ==>  Preparing: INSERT INTO tb_post ( id , title , content , writer , view_cnt , notice_yn , delete_yn , created_date , modified_date ) VALUES ( ? , ? , ? , ? , 0 , ? , 0 , NOW() , NULL )
2023-04-12 12:42:12,695 DEBUG [com.study.domain.post.PostMapper.save] ==> Parameters: null, 989번 게시글 제목(String), 989번 게시글 내용(String), 테스터989(String), false(Boolean)
2023-04-12 12:42:12,695  INFO [jdbc.sqlonly] INSERT INTO tb_post (

          id
        , title
        , content
        , writer
        , view_cnt
        , notice_yn
        , delete_yn
        , created_date
        , modified_date

        ) VALUES (
              NULL
            , '989번 게시글 제목'
            , '989번 게시글 내용'
            , '테스터989'
            , 0
            , 0
            , 0
            , NOW()
            , NULL
        )

2023-04-12 12:42:12,695 DEBUG [com.study.domain.post.PostMapper.save] <==    Updates: 1
2023-04-12 12:42:12,695  INFO [jdbc.resultsettable] 
|----------|
|insert_id |
|----------|
|989       |
|----------|

2023-04-12 12:42:12,696 DEBUG [com.study.aop.LoggerAspect] Service ===> com.study.domain.post.PostService.savePost()
2023-04-12 12:42:12,696 DEBUG [com.study.aop.LoggerAspect] Mapper ===> com.study.domain.post.PostMapper.save()
2023-04-12 12:42:12,696 DEBUG [com.study.domain.post.PostMapper.save] ==>  Preparing: INSERT INTO tb_post ( id , title , content , writer , view_cnt , notice_yn , delete_yn , created_date , modified_date ) VALUES ( ? , ? , ? , ? , 0 , ? , 0 , NOW() , NULL )
2023-04-12 12:42:12,696 DEBUG [com.study.domain.post.PostMapper.save] ==> Parameters: null, 990번 게시글 제목(String), 990번 게시글 내용(String), 테스터990(String), false(Boolean)
2023-04-12 12:42:12,696  INFO [jdbc.sqlonly] INSERT INTO tb_post (

          id
        , title
        , content
        , writer
        , view_cnt
        , notice_yn
        , delete_yn
        , created_date
        , modified_date

        ) VALUES (
              NULL
            , '990번 게시글 제목'
            , '990번 게시글 내용'
            , '테스터990'
            , 0
            , 0
            , 0
            , NOW()
            , NULL
        )

2023-04-12 12:42:12,696 DEBUG [com.study.domain.post.PostMapper.save] <==    Updates: 1
2023-04-12 12:42:12,697  INFO [jdbc.resultsettable] 
|----------|
|insert_id |
|----------|
|990       |
|----------|

2023-04-12 12:42:12,698 DEBUG [com.study.aop.LoggerAspect] Service ===> com.study.domain.post.PostService.savePost()
2023-04-12 12:42:12,698 DEBUG [com.study.aop.LoggerAspect] Mapper ===> com.study.domain.post.PostMapper.save()
2023-04-12 12:42:12,698 DEBUG [com.study.domain.post.PostMapper.save] ==>  Preparing: INSERT INTO tb_post ( id , title , content , writer , view_cnt , notice_yn , delete_yn , created_date , modified_date ) VALUES ( ? , ? , ? , ? , 0 , ? , 0 , NOW() , NULL )
2023-04-12 12:42:12,698 DEBUG [com.study.domain.post.PostMapper.save] ==> Parameters: null, 991번 게시글 제목(String), 991번 게시글 내용(String), 테스터991(String), false(Boolean)
2023-04-12 12:42:12,698  INFO [jdbc.sqlonly] INSERT INTO tb_post (

          id
        , title
        , content
        , writer
        , view_cnt
        , notice_yn
        , delete_yn
        , created_date
        , modified_date

        ) VALUES (
              NULL
            , '991번 게시글 제목'
            , '991번 게시글 내용'
            , '테스터991'
            , 0
            , 0
            , 0
            , NOW()
            , NULL
        )

2023-04-12 12:42:12,698 DEBUG [com.study.domain.post.PostMapper.save] <==    Updates: 1
2023-04-12 12:42:12,698  INFO [jdbc.resultsettable] 
|----------|
|insert_id |
|----------|
|991       |
|----------|

2023-04-12 12:42:12,699 DEBUG [com.study.aop.LoggerAspect] Service ===> com.study.domain.post.PostService.savePost()
2023-04-12 12:42:12,699 DEBUG [com.study.aop.LoggerAspect] Mapper ===> com.study.domain.post.PostMapper.save()
2023-04-12 12:42:12,699 DEBUG [com.study.domain.post.PostMapper.save] ==>  Preparing: INSERT INTO tb_post ( id , title , content , writer , view_cnt , notice_yn , delete_yn , created_date , modified_date ) VALUES ( ? , ? , ? , ? , 0 , ? , 0 , NOW() , NULL )
2023-04-12 12:42:12,699 DEBUG [com.study.domain.post.PostMapper.save] ==> Parameters: null, 992번 게시글 제목(String), 992번 게시글 내용(String), 테스터992(String), false(Boolean)
2023-04-12 12:42:12,699  INFO [jdbc.sqlonly] INSERT INTO tb_post (

          id
        , title
        , content
        , writer
        , view_cnt
        , notice_yn
        , delete_yn
        , created_date
        , modified_date

        ) VALUES (
              NULL
            , '992번 게시글 제목'
            , '992번 게시글 내용'
            , '테스터992'
            , 0
            , 0
            , 0
            , NOW()
            , NULL
        )

2023-04-12 12:42:12,699 DEBUG [com.study.domain.post.PostMapper.save] <==    Updates: 1
2023-04-12 12:42:12,699  INFO [jdbc.resultsettable] 
|----------|
|insert_id |
|----------|
|992       |
|----------|

2023-04-12 12:42:12,700 DEBUG [com.study.aop.LoggerAspect] Service ===> com.study.domain.post.PostService.savePost()
2023-04-12 12:42:12,700 DEBUG [com.study.aop.LoggerAspect] Mapper ===> com.study.domain.post.PostMapper.save()
2023-04-12 12:42:12,701 DEBUG [com.study.domain.post.PostMapper.save] ==>  Preparing: INSERT INTO tb_post ( id , title , content , writer , view_cnt , notice_yn , delete_yn , created_date , modified_date ) VALUES ( ? , ? , ? , ? , 0 , ? , 0 , NOW() , NULL )
2023-04-12 12:42:12,701 DEBUG [com.study.domain.post.PostMapper.save] ==> Parameters: null, 993번 게시글 제목(String), 993번 게시글 내용(String), 테스터993(String), false(Boolean)
2023-04-12 12:42:12,701  INFO [jdbc.sqlonly] INSERT INTO tb_post (

          id
        , title
        , content
        , writer
        , view_cnt
        , notice_yn
        , delete_yn
        , created_date
        , modified_date

        ) VALUES (
              NULL
            , '993번 게시글 제목'
            , '993번 게시글 내용'
            , '테스터993'
            , 0
            , 0
            , 0
            , NOW()
            , NULL
        )

2023-04-12 12:42:12,701 DEBUG [com.study.domain.post.PostMapper.save] <==    Updates: 1
2023-04-12 12:42:12,701  INFO [jdbc.resultsettable] 
|----------|
|insert_id |
|----------|
|993       |
|----------|

2023-04-12 12:42:12,702 DEBUG [com.study.aop.LoggerAspect] Service ===> com.study.domain.post.PostService.savePost()
2023-04-12 12:42:12,702 DEBUG [com.study.aop.LoggerAspect] Mapper ===> com.study.domain.post.PostMapper.save()
2023-04-12 12:42:12,702 DEBUG [com.study.domain.post.PostMapper.save] ==>  Preparing: INSERT INTO tb_post ( id , title , content , writer , view_cnt , notice_yn , delete_yn , created_date , modified_date ) VALUES ( ? , ? , ? , ? , 0 , ? , 0 , NOW() , NULL )
2023-04-12 12:42:12,702 DEBUG [com.study.domain.post.PostMapper.save] ==> Parameters: null, 994번 게시글 제목(String), 994번 게시글 내용(String), 테스터994(String), false(Boolean)
2023-04-12 12:42:12,702  INFO [jdbc.sqlonly] INSERT INTO tb_post (

          id
        , title
        , content
        , writer
        , view_cnt
        , notice_yn
        , delete_yn
        , created_date
        , modified_date

        ) VALUES (
              NULL
            , '994번 게시글 제목'
            , '994번 게시글 내용'
            , '테스터994'
            , 0
            , 0
            , 0
            , NOW()
            , NULL
        )

2023-04-12 12:42:12,703 DEBUG [com.study.domain.post.PostMapper.save] <==    Updates: 1
2023-04-12 12:42:12,703  INFO [jdbc.resultsettable] 
|----------|
|insert_id |
|----------|
|994       |
|----------|

2023-04-12 12:42:12,704 DEBUG [com.study.aop.LoggerAspect] Service ===> com.study.domain.post.PostService.savePost()
2023-04-12 12:42:12,704 DEBUG [com.study.aop.LoggerAspect] Mapper ===> com.study.domain.post.PostMapper.save()
2023-04-12 12:42:12,704 DEBUG [com.study.domain.post.PostMapper.save] ==>  Preparing: INSERT INTO tb_post ( id , title , content , writer , view_cnt , notice_yn , delete_yn , created_date , modified_date ) VALUES ( ? , ? , ? , ? , 0 , ? , 0 , NOW() , NULL )
2023-04-12 12:42:12,704 DEBUG [com.study.domain.post.PostMapper.save] ==> Parameters: null, 995번 게시글 제목(String), 995번 게시글 내용(String), 테스터995(String), false(Boolean)
2023-04-12 12:42:12,705  INFO [jdbc.sqlonly] INSERT INTO tb_post (

          id
        , title
        , content
        , writer
        , view_cnt
        , notice_yn
        , delete_yn
        , created_date
        , modified_date

        ) VALUES (
              NULL
            , '995번 게시글 제목'
            , '995번 게시글 내용'
            , '테스터995'
            , 0
            , 0
            , 0
            , NOW()
            , NULL
        )

2023-04-12 12:42:12,705 DEBUG [com.study.domain.post.PostMapper.save] <==    Updates: 1
2023-04-12 12:42:12,705  INFO [jdbc.resultsettable] 
|----------|
|insert_id |
|----------|
|995       |
|----------|

2023-04-12 12:42:12,706 DEBUG [com.study.aop.LoggerAspect] Service ===> com.study.domain.post.PostService.savePost()
2023-04-12 12:42:12,706 DEBUG [com.study.aop.LoggerAspect] Mapper ===> com.study.domain.post.PostMapper.save()
2023-04-12 12:42:12,706 DEBUG [com.study.domain.post.PostMapper.save] ==>  Preparing: INSERT INTO tb_post ( id , title , content , writer , view_cnt , notice_yn , delete_yn , created_date , modified_date ) VALUES ( ? , ? , ? , ? , 0 , ? , 0 , NOW() , NULL )
2023-04-12 12:42:12,707 DEBUG [com.study.domain.post.PostMapper.save] ==> Parameters: null, 996번 게시글 제목(String), 996번 게시글 내용(String), 테스터996(String), false(Boolean)
2023-04-12 12:42:12,707  INFO [jdbc.sqlonly] INSERT INTO tb_post (

          id
        , title
        , content
        , writer
        , view_cnt
        , notice_yn
        , delete_yn
        , created_date
        , modified_date

        ) VALUES (
              NULL
            , '996번 게시글 제목'
            , '996번 게시글 내용'
            , '테스터996'
            , 0
            , 0
            , 0
            , NOW()
            , NULL
        )

2023-04-12 12:42:12,707 DEBUG [com.study.domain.post.PostMapper.save] <==    Updates: 1
2023-04-12 12:42:12,707  INFO [jdbc.resultsettable] 
|----------|
|insert_id |
|----------|
|996       |
|----------|

2023-04-12 12:42:12,708 DEBUG [com.study.aop.LoggerAspect] Service ===> com.study.domain.post.PostService.savePost()
2023-04-12 12:42:12,708 DEBUG [com.study.aop.LoggerAspect] Mapper ===> com.study.domain.post.PostMapper.save()
2023-04-12 12:42:12,708 DEBUG [com.study.domain.post.PostMapper.save] ==>  Preparing: INSERT INTO tb_post ( id , title , content , writer , view_cnt , notice_yn , delete_yn , created_date , modified_date ) VALUES ( ? , ? , ? , ? , 0 , ? , 0 , NOW() , NULL )
2023-04-12 12:42:12,709 DEBUG [com.study.domain.post.PostMapper.save] ==> Parameters: null, 997번 게시글 제목(String), 997번 게시글 내용(String), 테스터997(String), false(Boolean)
2023-04-12 12:42:12,709  INFO [jdbc.sqlonly] INSERT INTO tb_post (

          id
        , title
        , content
        , writer
        , view_cnt
        , notice_yn
        , delete_yn
        , created_date
        , modified_date

        ) VALUES (
              NULL
            , '997번 게시글 제목'
            , '997번 게시글 내용'
            , '테스터997'
            , 0
            , 0
            , 0
            , NOW()
            , NULL
        )

2023-04-12 12:42:12,710 DEBUG [com.study.domain.post.PostMapper.save] <==    Updates: 1
2023-04-12 12:42:12,710  INFO [jdbc.resultsettable] 
|----------|
|insert_id |
|----------|
|997       |
|----------|

2023-04-12 12:42:12,712 DEBUG [com.study.aop.LoggerAspect] Service ===> com.study.domain.post.PostService.savePost()
2023-04-12 12:42:12,712 DEBUG [com.study.aop.LoggerAspect] Mapper ===> com.study.domain.post.PostMapper.save()
2023-04-12 12:42:12,712 DEBUG [com.study.domain.post.PostMapper.save] ==>  Preparing: INSERT INTO tb_post ( id , title , content , writer , view_cnt , notice_yn , delete_yn , created_date , modified_date ) VALUES ( ? , ? , ? , ? , 0 , ? , 0 , NOW() , NULL )
2023-04-12 12:42:12,712 DEBUG [com.study.domain.post.PostMapper.save] ==> Parameters: null, 998번 게시글 제목(String), 998번 게시글 내용(String), 테스터998(String), false(Boolean)
2023-04-12 12:42:12,712  INFO [jdbc.sqlonly] INSERT INTO tb_post (

          id
        , title
        , content
        , writer
        , view_cnt
        , notice_yn
        , delete_yn
        , created_date
        , modified_date

        ) VALUES (
              NULL
            , '998번 게시글 제목'
            , '998번 게시글 내용'
            , '테스터998'
            , 0
            , 0
            , 0
            , NOW()
            , NULL
        )

2023-04-12 12:42:12,712 DEBUG [com.study.domain.post.PostMapper.save] <==    Updates: 1
2023-04-12 12:42:12,712  INFO [jdbc.resultsettable] 
|----------|
|insert_id |
|----------|
|998       |
|----------|

2023-04-12 12:42:12,714 DEBUG [com.study.aop.LoggerAspect] Service ===> com.study.domain.post.PostService.savePost()
2023-04-12 12:42:12,714 DEBUG [com.study.aop.LoggerAspect] Mapper ===> com.study.domain.post.PostMapper.save()
2023-04-12 12:42:12,714 DEBUG [com.study.domain.post.PostMapper.save] ==>  Preparing: INSERT INTO tb_post ( id , title , content , writer , view_cnt , notice_yn , delete_yn , created_date , modified_date ) VALUES ( ? , ? , ? , ? , 0 , ? , 0 , NOW() , NULL )
2023-04-12 12:42:12,714 DEBUG [com.study.domain.post.PostMapper.save] ==> Parameters: null, 999번 게시글 제목(String), 999번 게시글 내용(String), 테스터999(String), false(Boolean)
2023-04-12 12:42:12,714  INFO [jdbc.sqlonly] INSERT INTO tb_post (

          id
        , title
        , content
        , writer
        , view_cnt
        , notice_yn
        , delete_yn
        , created_date
        , modified_date

        ) VALUES (
              NULL
            , '999번 게시글 제목'
            , '999번 게시글 내용'
            , '테스터999'
            , 0
            , 0
            , 0
            , NOW()
            , NULL
        )

2023-04-12 12:42:12,714 DEBUG [com.study.domain.post.PostMapper.save] <==    Updates: 1
2023-04-12 12:42:12,714  INFO [jdbc.resultsettable] 
|----------|
|insert_id |
|----------|
|999       |
|----------|

2023-04-12 12:42:12,715 DEBUG [com.study.aop.LoggerAspect] Service ===> com.study.domain.post.PostService.savePost()
2023-04-12 12:42:12,715 DEBUG [com.study.aop.LoggerAspect] Mapper ===> com.study.domain.post.PostMapper.save()
2023-04-12 12:42:12,716 DEBUG [com.study.domain.post.PostMapper.save] ==>  Preparing: INSERT INTO tb_post ( id , title , content , writer , view_cnt , notice_yn , delete_yn , created_date , modified_date ) VALUES ( ? , ? , ? , ? , 0 , ? , 0 , NOW() , NULL )
2023-04-12 12:42:12,716 DEBUG [com.study.domain.post.PostMapper.save] ==> Parameters: null, 1000번 게시글 제목(String), 1000번 게시글 내용(String), 테스터1000(String), false(Boolean)
2023-04-12 12:42:12,716  INFO [jdbc.sqlonly] INSERT INTO tb_post (

          id
        , title
        , content
        , writer
        , view_cnt
        , notice_yn
        , delete_yn
        , created_date
        , modified_date

        ) VALUES (
              NULL
            , '1000번 게시글 제목'
            , '1000번 게시글 내용'
            , '테스터1000'
            , 0
            , 0
            , 0
            , NOW()
            , NULL
        )

2023-04-12 12:42:12,716 DEBUG [com.study.domain.post.PostMapper.save] <==    Updates: 1
2023-04-12 12:42:12,716  INFO [jdbc.resultsettable] 
|----------|
|insert_id |
|----------|
|1000      |
|----------|

]]></system-out>
  <system-err><![CDATA[]]></system-err>
</testsuite>
